Log file open, 08/11/20 09:07:10
LogWindows: Failed to load 'aqProf.dll' (GetLastError=126)
LogWindows: File 'aqProf.dll' does not exist
LogWindows: Failed to load 'VtuneApi.dll' (GetLastError=126)
LogWindows: File 'VtuneApi.dll' does not exist
LogWindows: Failed to load 'VtuneApi32e.dll' (GetLastError=126)
LogWindows: File 'VtuneApi32e.dll' does not exist
LogConsoleResponse: Display: Failed to find resolution value strings in scalability ini. Falling back to default.
LogInit: Display: Running engine for game: GhoulsAndGoodies
LogPlatformFile: Not using cached read wrapper
LogTaskGraph: Started task graph with 5 named threads and 23 total threads with 3 sets of task threads.
LogStats: Stats thread started at 0.067983
LogD3D11RHI: Loaded GFSDK_Aftermath_Lib.x64.dll
LogICUInternationalization: ICU TimeZone Detection - Raw Offset: +10:00, Platform Override: ''
LogPluginManager: Mounting plugin Paper2D
LogPluginManager: Mounting plugin AISupport
LogPluginManager: Mounting plugin LightPropagationVolume
LogPluginManager: Mounting plugin ActorLayerUtilities
LogPluginManager: Mounting plugin AnimationSharing
LogPluginManager: Mounting plugin CLionSourceCodeAccess
LogPluginManager: Mounting plugin CodeLiteSourceCodeAccess
LogPluginManager: Mounting plugin GitSourceControl
LogPluginManager: Mounting plugin KDevelopSourceCodeAccess
LogPluginManager: Mounting plugin NullSourceCodeAccess
LogPluginManager: Mounting plugin PerforceSourceControl
LogPluginManager: Mounting plugin SubversionSourceControl
LogPluginManager: Mounting plugin UObjectPlugin
LogPluginManager: Mounting plugin VisualStudioCodeSourceCodeAccess
LogPluginManager: Mounting plugin VisualStudioSourceCodeAccess
LogPluginManager: Mounting plugin XCodeSourceCodeAccess
LogPluginManager: Mounting plugin AssetManagerEditor
LogPluginManager: Mounting plugin CryptoKeys
LogPluginManager: Mounting plugin CurveEditorTools
LogPluginManager: Mounting plugin DataValidation
LogPluginManager: Mounting plugin FacialAnimation
LogPluginManager: Mounting plugin GameplayTagsEditor
LogPluginManager: Mounting plugin MacGraphicsSwitching
LogPluginManager: Mounting plugin MaterialAnalyzer
LogPluginManager: Mounting plugin MobileLauncherProfileWizard
LogPluginManager: Mounting plugin PluginBrowser
LogPluginManager: Mounting plugin SpeedTreeImporter
LogPluginManager: Mounting plugin DatasmithContent
LogPluginManager: Mounting plugin VariantManagerContent
LogPluginManager: Mounting plugin AlembicImporter
LogPluginManager: Mounting plugin AutomationUtils
LogPluginManager: Mounting plugin BackChannel
LogPluginManager: Mounting plugin CharacterAI
LogPluginManager: Mounting plugin GeometryCache
LogPluginManager: Mounting plugin HTML5Networking
LogPluginManager: Mounting plugin PlatformCrypto
LogPluginManager: Mounting plugin ProxyLODPlugin
LogPluginManager: Mounting plugin SkeletalReduction
LogPluginManager: Mounting plugin MagicLeap
LogPluginManager: Mounting plugin MagicLeapMedia
LogPluginManager: Mounting plugin AndroidMedia
LogPluginManager: Mounting plugin AvfMedia
LogPluginManager: Mounting plugin ImgMedia
LogPluginManager: Mounting plugin MediaCompositing
LogPluginManager: Mounting plugin MediaPlayerEditor
LogPluginManager: Mounting plugin WebMMedia
LogPluginManager: Mounting plugin WmfMedia
LogPluginManager: Mounting plugin TcpMessaging
LogPluginManager: Mounting plugin UdpMessaging
LogPluginManager: Mounting plugin ActorSequence
LogPluginManager: Mounting plugin LevelSequenceEditor
LogPluginManager: Mounting plugin MatineeToLevelSequence
LogPluginManager: Mounting plugin NetcodeUnitTest
LogPluginManager: Mounting plugin NUTUnrealEngine4
LogPluginManager: Mounting plugin OnlineSubsystemGooglePlay
LogPluginManager: Mounting plugin OnlineSubsystemIOS
LogPluginManager: Mounting plugin OnlineSubsystem
LogPluginManager: Mounting plugin OnlineSubsystemNull
LogPluginManager: Mounting plugin OnlineSubsystemUtils
LogPluginManager: Mounting plugin LauncherChunkInstaller
LogPluginManager: Mounting plugin AndroidDeviceProfileSelector
LogPluginManager: Mounting plugin AndroidMoviePlayer
LogPluginManager: Mounting plugin AndroidPermission
LogPluginManager: Mounting plugin AppleImageUtils
LogPluginManager: Mounting plugin AppleMoviePlayer
LogPluginManager: Mounting plugin ArchVisCharacter
LogPluginManager: Mounting plugin AudioCapture
LogPluginManager: Mounting plugin CableComponent
LogPluginManager: Mounting plugin CustomMeshComponent
LogPluginManager: Mounting plugin EditableMesh
LogPluginManager: Mounting plugin ExampleDeviceProfileSelector
LogPluginManager: Mounting plugin GoogleCloudMessaging
LogPluginManager: Mounting plugin IOSDeviceProfileSelector
LogPluginManager: Mounting plugin LinuxDeviceProfileSelector
LogPluginManager: Mounting plugin LocationServicesBPLibrary
LogPluginManager: Mounting plugin MobilePatchingUtils
LogPluginManager: Mounting plugin OculusVR
LogPluginManager: Mounting plugin PhysXVehicles
LogPluginManager: Mounting plugin ProceduralMeshComponent
LogPluginManager: Mounting plugin RuntimePhysXCooking
LogPluginManager: Mounting plugin SignificanceManager
LogPluginManager: Mounting plugin SteamVR
LogPluginManager: Mounting plugin WebMMoviePlayer
LogPluginManager: Mounting plugin WindowsMoviePlayer
LogPluginManager: Mounting plugin ScreenshotTools
LogInit: Using libcurl 7.55.1-DEV
LogInit:  - built for x86_64-pc-win32
LogInit:  - supports SSL with OpenSSL/1.1.1
LogInit:  - supports HTTP deflate (compression) using libz 1.2.8
LogInit:  - other features:
LogInit:      CURL_VERSION_SSL
LogInit:      CURL_VERSION_LIBZ
LogInit:      CURL_VERSION_IPV6
LogInit:      CURL_VERSION_ASYNCHDNS
LogInit:      CURL_VERSION_LARGEFILE
LogInit:      CURL_VERSION_IDN
LogInit:  CurlRequestOptions (configurable via config and command line):
LogInit:  - bVerifyPeer = true  - Libcurl will verify peer certificate
LogInit:  - bUseHttpProxy = false  - Libcurl will NOT use HTTP proxy
LogInit:  - bDontReuseConnections = false  - Libcurl will reuse connections
LogInit:  - MaxHostConnections = 16  - Libcurl will limit the number of connections to a host
LogInit:  - LocalHostAddr = Default
LogInit:  - BufferSize = 65536
LogOnline: OSS: Creating online subsystem instance for: NULL
LogInit: WinSock: version 1.1 (2.2), MaxSocks=32767, MaxUdp=65467
LogInit: Build: ++UE4+Release-4.23-CL-9631420
LogInit: Engine Version: 4.23.1-9631420+++UE4+Release-4.23
LogInit: Compatible Engine Version: 4.23.0-8386587+++UE4+Release-4.23
LogInit: Net CL: 8386587
LogInit: OS: Windows 10 (Release 1909) (), CPU: Intel(R) Core(TM) i7-4770 CPU @ 3.40GHz, GPU: NVIDIA GeForce GTX 770
LogInit: Compiled (64-bit): Oct 18 2019 02:07:44
LogInit: Compiled with Visual C++: 19.16.27030.01
LogInit: Build Configuration: Development
LogInit: Branch Name: ++UE4+Release-4.23
LogInit: Command Line: 
LogInit: Base Directory: C:/Program Files/Epic Games/UE_4.23/Engine/Binaries/Win64/
LogInit: Installed Engine Build: 1
LogDevObjectVersion: Number of dev versions registered: 23
LogDevObjectVersion:   Dev-Blueprints (B0D832E4-1F89-4F0D-ACCF-7EB736FD4AA2): 10
LogDevObjectVersion:   Dev-Build (E1C64328-A22C-4D53-A36C-8E866417BD8C): 0
LogDevObjectVersion:   Dev-Core (375EC13C-06E4-48FB-B500-84F0262A717E): 3
LogDevObjectVersion:   Dev-Editor (E4B068ED-F494-42E9-A231-DA0B2E46BB41): 34
LogDevObjectVersion:   Dev-Framework (CFFC743F-43B0-4480-9391-14DF171D2073): 35
LogDevObjectVersion:   Dev-Mobile (B02B49B5-BB20-44E9-A304-32B752E40360): 2
LogDevObjectVersion:   Dev-Networking (A4E4105C-59A1-49B5-A7C5-40C4547EDFEE): 0
LogDevObjectVersion:   Dev-Online (39C831C9-5AE6-47DC-9A44-9C173E1C8E7C): 0
LogDevObjectVersion:   Dev-Physics (78F01B33-EBEA-4F98-B9B4-84EACCB95AA2): 0
LogDevObjectVersion:   Dev-Platform (6631380F-2D4D-43E0-8009-CF276956A95A): 0
LogDevObjectVersion:   Dev-Rendering (12F88B9F-8875-4AFC-A67C-D90C383ABD29): 31
LogDevObjectVersion:   Dev-Sequencer (7B5AE74C-D270-4C10-A958-57980B212A5A): 11
LogDevObjectVersion:   Dev-VR (D7296918-1DD6-4BDD-9DE2-64A83CC13884): 2
LogDevObjectVersion:   Dev-LoadTimes (C2A15278-BFE7-4AFE-6C17-90FF531DF755): 1
LogDevObjectVersion:   Private-Geometry (6EACA3D4-40EC-4CC1-B786-8BED09428FC5): 3
LogDevObjectVersion:   Dev-AnimPhys (29E575DD-E0A3-4627-9D10-D276232CDCEA): 17
LogDevObjectVersion:   Dev-Anim (AF43A65D-7FD3-4947-9873-3E8ED9C1BB05): 2
LogDevObjectVersion:   Dev-ReflectionCapture (6B266CEC-1EC7-4B8F-A30B-E4D90942FC07): 1
LogDevObjectVersion:   Dev-Automation (0DF73D61-A23F-47EA-B727-89E90C41499A): 1
LogDevObjectVersion:   FortniteMain (601D1886-AC64-4F84-AA16-D3DE0DEAC7D6): 27
LogDevObjectVersion:   Dev-Enterprise (9DFFBCD6-494F-0158-E221-12823C92A888): 6
LogDevObjectVersion:   Dev-Niagara (F2AED0AC-9AFE-416F-8664-AA7FFA26D6FC): 1
LogDevObjectVersion:   Dev-Destruction (174F1F0B-B4C6-45A5-B13F-2EE8D0FB917D): 9
LogInit: Presizing for max 16777216 objects, including 0 objects not considered by GC, pre-allocating 0 bytes for permanent pool.
LogInit: Object subsystem initialized
LogConfig: Setting CVar [[con.DebugEarlyDefault:1]]
LogConfig: Setting CVar [[r.setres:1280x720]]
[2020.08.10-23.07.10:552][  0]LogConfig: Setting CVar [[r.VSync:0]]
[2020.08.10-23.07.10:552][  0]LogConfig: Setting CVar [[r.RHICmdBypass:0]]
[2020.08.10-23.07.10:552][  0]LogConfig: Applying CVar settings from Section [/Script/Engine.RendererSettings] File [C:/Users/s181813/Documents/GitHub/GhoulsAndGoblins/GhoulsAndGoodies/Saved/Config/Windows/Engine.ini]
[2020.08.10-23.07.10:552][  0]LogConfig: Setting CVar [[r.GPUCrashDebugging:0]]
[2020.08.10-23.07.10:552][  0]LogConfig: Applying CVar settings from Section [/Script/Engine.RendererOverrideSettings] File [C:/Users/s181813/Documents/GitHub/GhoulsAndGoblins/GhoulsAndGoodies/Saved/Config/Windows/Engine.ini]
[2020.08.10-23.07.10:552][  0]LogConfig: Applying CVar settings from Section [/Script/Engine.StreamingSettings] File [C:/Users/s181813/Documents/GitHub/GhoulsAndGoblins/GhoulsAndGoodies/Saved/Config/Windows/Engine.ini]
[2020.08.10-23.07.10:552][  0]LogConfig: Setting CVar [[s.MinBulkDataSizeForAsyncLoading:131072]]
[2020.08.10-23.07.10:552][  0]LogConfig: Setting CVar [[s.AsyncLoadingThreadEnabled:0]]
[2020.08.10-23.07.10:552][  0]LogConfig: Setting CVar [[s.EventDrivenLoaderEnabled:1]]
[2020.08.10-23.07.10:552][  0]LogConfig: Setting CVar [[s.WarnIfTimeLimitExceeded:0]]
[2020.08.10-23.07.10:552][  0]LogConfig: Setting CVar [[s.TimeLimitExceededMultiplier:1.5]]
[2020.08.10-23.07.10:552][  0]LogConfig: Setting CVar [[s.TimeLimitExceededMinTime:0.005]]
[2020.08.10-23.07.10:552][  0]LogConfig: Setting CVar [[s.UseBackgroundLevelStreaming:1]]
[2020.08.10-23.07.10:552][  0]LogConfig: Setting CVar [[s.PriorityAsyncLoadingExtraTime:15.0]]
[2020.08.10-23.07.10:552][  0]LogConfig: Setting CVar [[s.LevelStreamingActorsUpdateTimeLimit:5.0]]
[2020.08.10-23.07.10:552][  0]LogConfig: Setting CVar [[s.PriorityLevelStreamingActorsUpdateExtraTime:5.0]]
[2020.08.10-23.07.10:552][  0]LogConfig: Setting CVar [[s.LevelStreamingComponentsRegistrationGranularity:10]]
[2020.08.10-23.07.10:552][  0]LogConfig: Setting CVar [[s.UnregisterComponentsTimeLimit:1.0]]
[2020.08.10-23.07.10:552][  0]LogConfig: Setting CVar [[s.LevelStreamingComponentsUnregistrationGranularity:5]]
[2020.08.10-23.07.10:552][  0]LogConfig: Applying CVar settings from Section [/Script/Engine.GarbageCollectionSettings] File [C:/Users/s181813/Documents/GitHub/GhoulsAndGoblins/GhoulsAndGoodies/Saved/Config/Windows/Engine.ini]
[2020.08.10-23.07.10:552][  0]LogConfig: Setting CVar [[gc.MaxObjectsNotConsideredByGC:1]]
[2020.08.10-23.07.10:552][  0]LogConfig: Setting CVar [[gc.SizeOfPermanentObjectPool:0]]
[2020.08.10-23.07.10:552][  0]LogConfig: Setting CVar [[gc.FlushStreamingOnGC:0]]
[2020.08.10-23.07.10:552][  0]LogConfig: Setting CVar [[gc.NumRetriesBeforeForcingGC:10]]
[2020.08.10-23.07.10:552][  0]LogConfig: Setting CVar [[gc.AllowParallelGC:1]]
[2020.08.10-23.07.10:552][  0]LogConfig: Setting CVar [[gc.TimeBetweenPurgingPendingKillObjects:61.1]]
[2020.08.10-23.07.10:552][  0]LogConfig: Setting CVar [[gc.MaxObjectsInEditor:16777216]]
[2020.08.10-23.07.10:552][  0]LogConfig: Setting CVar [[gc.IncrementalBeginDestroyEnabled:1]]
[2020.08.10-23.07.10:552][  0]LogConfig: Setting CVar [[gc.CreateGCClusters:1]]
[2020.08.10-23.07.10:552][  0]LogConfig: Setting CVar [[gc.MinGCClusterSize:5]]
[2020.08.10-23.07.10:552][  0]LogConfig: Setting CVar [[gc.ActorClusteringEnabled:0]]
[2020.08.10-23.07.10:552][  0]LogConfig: Setting CVar [[gc.BlueprintClusteringEnabled:0]]
[2020.08.10-23.07.10:552][  0]LogConfig: Setting CVar [[gc.UseDisregardForGCOnDedicatedServers:0]]
[2020.08.10-23.07.10:552][  0]LogConfig: Applying CVar settings from Section [/Script/Engine.NetworkSettings] File [C:/Users/s181813/Documents/GitHub/GhoulsAndGoblins/GhoulsAndGoodies/Saved/Config/Windows/Engine.ini]
[2020.08.10-23.07.10:552][  0]LogConfig: Applying CVar settings from Section [/Script/UnrealEd.CookerSettings] File [C:/Users/s181813/Documents/GitHub/GhoulsAndGoblins/GhoulsAndGoodies/Saved/Config/Windows/Engine.ini]
[2020.08.10-23.07.10:568][  0]LogConfig: Applying CVar settings from Section [ViewDistanceQuality@3] File [C:/Users/s181813/Documents/GitHub/GhoulsAndGoblins/GhoulsAndGoodies/Saved/Config/Windows/Scalability.ini]
[2020.08.10-23.07.10:568][  0]LogConfig: Setting CVar [[r.SkeletalMeshLODBias:0]]
[2020.08.10-23.07.10:568][  0]LogConfig: Setting CVar [[r.ViewDistanceScale:1.0]]
[2020.08.10-23.07.10:568][  0]LogConfig: Applying CVar settings from Section [AntiAliasingQuality@3] File [C:/Users/s181813/Documents/GitHub/GhoulsAndGoblins/GhoulsAndGoodies/Saved/Config/Windows/Scalability.ini]
[2020.08.10-23.07.10:568][  0]LogConfig: Setting CVar [[r.PostProcessAAQuality:4]]
[2020.08.10-23.07.10:568][  0]LogConfig: Applying CVar settings from Section [ShadowQuality@3] File [C:/Users/s181813/Documents/GitHub/GhoulsAndGoblins/GhoulsAndGoodies/Saved/Config/Windows/Scalability.ini]
[2020.08.10-23.07.10:568][  0]LogConfig: Setting CVar [[r.LightFunctionQuality:1]]
[2020.08.10-23.07.10:568][  0]LogConfig: Setting CVar [[r.ShadowQuality:5]]
[2020.08.10-23.07.10:568][  0]LogConfig: Setting CVar [[r.Shadow.CSM.MaxCascades:10]]
[2020.08.10-23.07.10:568][  0]LogConfig: Setting CVar [[r.Shadow.MaxResolution:2048]]
[2020.08.10-23.07.10:568][  0]LogConfig: Setting CVar [[r.Shadow.MaxCSMResolution:2048]]
[2020.08.10-23.07.10:568][  0]LogConfig: Setting CVar [[r.Shadow.RadiusThreshold:0.01]]
[2020.08.10-23.07.10:568][  0]LogConfig: Setting CVar [[r.Shadow.DistanceScale:1.0]]
[2020.08.10-23.07.10:568][  0]LogConfig: Setting CVar [[r.Shadow.CSM.TransitionScale:1.0]]
[2020.08.10-23.07.10:568][  0]LogConfig: Setting CVar [[r.Shadow.PreShadowResolutionFactor:1.0]]
[2020.08.10-23.07.10:568][  0]LogConfig: Setting CVar [[r.DistanceFieldShadowing:1]]
[2020.08.10-23.07.10:568][  0]LogConfig: Setting CVar [[r.DistanceFieldAO:1]]
[2020.08.10-23.07.10:568][  0]LogConfig: Setting CVar [[r.AOQuality:2]]
[2020.08.10-23.07.10:568][  0]LogConfig: Setting CVar [[r.VolumetricFog:1]]
[2020.08.10-23.07.10:568][  0]LogConfig: Setting CVar [[r.VolumetricFog.GridPixelSize:8]]
[2020.08.10-23.07.10:568][  0]LogConfig: Setting CVar [[r.VolumetricFog.GridSizeZ:128]]
[2020.08.10-23.07.10:568][  0]LogConfig: Setting CVar [[r.VolumetricFog.HistoryMissSupersampleCount:4]]
[2020.08.10-23.07.10:568][  0]LogConfig: Setting CVar [[r.LightMaxDrawDistanceScale:1]]
[2020.08.10-23.07.10:568][  0]LogConfig: Setting CVar [[r.CapsuleShadows:1]]
[2020.08.10-23.07.10:568][  0]LogConfig: Applying CVar settings from Section [PostProcessQuality@3] File [C:/Users/s181813/Documents/GitHub/GhoulsAndGoblins/GhoulsAndGoodies/Saved/Config/Windows/Scalability.ini]
[2020.08.10-23.07.10:568][  0]LogConfig: Setting CVar [[r.MotionBlurQuality:4]]
[2020.08.10-23.07.10:568][  0]LogConfig: Setting CVar [[r.AmbientOcclusionMipLevelFactor:0.4]]
[2020.08.10-23.07.10:568][  0]LogConfig: Setting CVar [[r.AmbientOcclusionMaxQuality:100]]
[2020.08.10-23.07.10:568][  0]LogConfig: Setting CVar [[r.AmbientOcclusionLevels:-1]]
[2020.08.10-23.07.10:568][  0]LogConfig: Setting CVar [[r.AmbientOcclusionRadiusScale:1.0]]
[2020.08.10-23.07.10:568][  0]LogConfig: Setting CVar [[r.DepthOfFieldQuality:2]]
[2020.08.10-23.07.10:568][  0]LogConfig: Setting CVar [[r.RenderTargetPoolMin:400]]
[2020.08.10-23.07.10:568][  0]LogConfig: Setting CVar [[r.LensFlareQuality:2]]
[2020.08.10-23.07.10:568][  0]LogConfig: Setting CVar [[r.SceneColorFringeQuality:1]]
[2020.08.10-23.07.10:568][  0]LogConfig: Setting CVar [[r.EyeAdaptationQuality:2]]
[2020.08.10-23.07.10:568][  0]LogConfig: Setting CVar [[r.BloomQuality:5]]
[2020.08.10-23.07.10:568][  0]LogConfig: Setting CVar [[r.FastBlurThreshold:100]]
[2020.08.10-23.07.10:568][  0]LogConfig: Setting CVar [[r.Upscale.Quality:3]]
[2020.08.10-23.07.10:568][  0]LogConfig: Setting CVar [[r.Tonemapper.GrainQuantization:1]]
[2020.08.10-23.07.10:568][  0]LogConfig: Setting CVar [[r.LightShaftQuality:1]]
[2020.08.10-23.07.10:568][  0]LogConfig: Setting CVar [[r.Filter.SizeScale:1]]
[2020.08.10-23.07.10:568][  0]LogConfig: Setting CVar [[r.Tonemapper.Quality:5]]
[2020.08.10-23.07.10:568][  0]LogConfig: Setting CVar [[r.DOF.Gather.AccumulatorQuality:1        ; higher gathering accumulator quality]]
[2020.08.10-23.07.10:568][  0]LogConfig: Setting CVar [[r.DOF.Gather.PostfilterMethod:1          ; Median3x3 postfilering method]]
[2020.08.10-23.07.10:568][  0]LogConfig: Setting CVar [[r.DOF.Gather.EnableBokehSettings:0       ; no bokeh simulation when gathering]]
[2020.08.10-23.07.10:568][  0]LogConfig: Setting CVar [[r.DOF.Gather.RingCount:4                 ; medium number of samples when gathering]]
[2020.08.10-23.07.10:568][  0]LogConfig: Setting CVar [[r.DOF.Scatter.ForegroundCompositing:1    ; additive foreground scattering]]
[2020.08.10-23.07.10:568][  0]LogConfig: Setting CVar [[r.DOF.Scatter.BackgroundCompositing:2    ; additive background scattering]]
[2020.08.10-23.07.10:568][  0]LogConfig: Setting CVar [[r.DOF.Scatter.EnableBokehSettings:1      ; bokeh simulation when scattering]]
[2020.08.10-23.07.10:568][  0]LogConfig: Setting CVar [[r.DOF.Scatter.MaxSpriteRatio:0.1         ; only a maximum of 10% of scattered bokeh]]
[2020.08.10-23.07.10:568][  0]LogConfig: Setting CVar [[r.DOF.Recombine.Quality:1                ; cheap slight out of focus]]
[2020.08.10-23.07.10:568][  0]LogConfig: Setting CVar [[r.DOF.Recombine.EnableBokehSettings:0    ; no bokeh simulation on slight out of focus]]
[2020.08.10-23.07.10:568][  0]LogConfig: Setting CVar [[r.DOF.TemporalAAQuality:1                ; more stable temporal accumulation]]
[2020.08.10-23.07.10:568][  0]LogConfig: Setting CVar [[r.DOF.Kernel.MaxForegroundRadius:0.025]]
[2020.08.10-23.07.10:568][  0]LogConfig: Setting CVar [[r.DOF.Kernel.MaxBackgroundRadius:0.025]]
[2020.08.10-23.07.10:568][  0]LogConfig: Applying CVar settings from Section [TextureQuality@3] File [C:/Users/s181813/Documents/GitHub/GhoulsAndGoblins/GhoulsAndGoodies/Saved/Config/Windows/Scalability.ini]
[2020.08.10-23.07.10:568][  0]LogConfig: Setting CVar [[r.Streaming.MipBias:0]]
[2020.08.10-23.07.10:568][  0]LogConfig: Setting CVar [[r.Streaming.AmortizeCPUToGPUCopy:0]]
[2020.08.10-23.07.10:568][  0]LogConfig: Setting CVar [[r.Streaming.MaxNumTexturesToStreamPerFrame:0]]
[2020.08.10-23.07.10:568][  0]LogConfig: Setting CVar [[r.Streaming.Boost:1]]
[2020.08.10-23.07.10:568][  0]LogConfig: Setting CVar [[r.MaxAnisotropy:8]]
[2020.08.10-23.07.10:568][  0]LogConfig: Setting CVar [[r.Streaming.LimitPoolSizeToVRAM:0]]
[2020.08.10-23.07.10:568][  0]LogConfig: Setting CVar [[r.Streaming.PoolSize:1000]]
[2020.08.10-23.07.10:568][  0]LogConfig: Setting CVar [[r.Streaming.MaxEffectiveScreenSize:0]]
[2020.08.10-23.07.10:568][  0]LogConfig: Applying CVar settings from Section [EffectsQuality@3] File [C:/Users/s181813/Documents/GitHub/GhoulsAndGoblins/GhoulsAndGoodies/Saved/Config/Windows/Scalability.ini]
[2020.08.10-23.07.10:568][  0]LogConfig: Setting CVar [[r.TranslucencyLightingVolumeDim:64]]
[2020.08.10-23.07.10:568][  0]LogConfig: Setting CVar [[r.RefractionQuality:2]]
[2020.08.10-23.07.10:568][  0]LogConfig: Setting CVar [[r.SSR.Quality:3]]
[2020.08.10-23.07.10:568][  0]LogConfig: Setting CVar [[r.SceneColorFormat:4]]
[2020.08.10-23.07.10:568][  0]LogConfig: Setting CVar [[r.DetailMode:2]]
[2020.08.10-23.07.10:568][  0]LogConfig: Setting CVar [[r.TranslucencyVolumeBlur:1]]
[2020.08.10-23.07.10:568][  0]LogConfig: Setting CVar [[r.MaterialQualityLevel:1 ; High quality]]
[2020.08.10-23.07.10:568][  0]LogConfig: Setting CVar [[r.SSS.Scale:1]]
[2020.08.10-23.07.10:568][  0]LogConfig: Setting CVar [[r.SSS.SampleSet:2]]
[2020.08.10-23.07.10:568][  0]LogConfig: Setting CVar [[r.SSS.Quality:1]]
[2020.08.10-23.07.10:568][  0]LogConfig: Setting CVar [[r.SSS.HalfRes:1]]
[2020.08.10-23.07.10:568][  0]LogConfig: Setting CVar [[r.EmitterSpawnRateScale:1.0]]
[2020.08.10-23.07.10:568][  0]LogConfig: Setting CVar [[r.ParticleLightQuality:2]]
[2020.08.10-23.07.10:568][  0]LogConfig: Applying CVar settings from Section [FoliageQuality@3] File [C:/Users/s181813/Documents/GitHub/GhoulsAndGoblins/GhoulsAndGoodies/Saved/Config/Windows/Scalability.ini]
[2020.08.10-23.07.10:568][  0]LogConfig: Setting CVar [[foliage.DensityScale:1.0]]
[2020.08.10-23.07.10:568][  0]LogConfig: Setting CVar [[grass.DensityScale:1.0]]
[2020.08.10-23.07.10:568][  0]LogInit: Selected Device Profile: [Windows]
[2020.08.10-23.07.10:568][  0]LogInit: Applying CVar settings loaded from the selected device profile: [Windows]
[2020.08.10-23.07.10:568][  0]LogHAL: Display: Platform has ~ 32 GB [34241372160 / 34359738368 / 32], which maps to Largest [LargestMinGB=32, LargerMinGB=12, DefaultMinGB=8, SmallerMinGB=6, SmallestMinGB=0)
[2020.08.10-23.07.10:568][  0]LogInit: Going up to parent DeviceProfile []
[2020.08.10-23.07.10:568][  0]LogConfig: Applying CVar settings from Section [ViewDistanceQuality@3] File [C:/Users/s181813/Documents/GitHub/GhoulsAndGoblins/GhoulsAndGoodies/Saved/Config/Windows/Scalability.ini]
[2020.08.10-23.07.10:568][  0]LogConfig: Setting CVar [[r.SkeletalMeshLODBias:0]]
[2020.08.10-23.07.10:568][  0]LogConfig: Setting CVar [[r.ViewDistanceScale:1.0]]
[2020.08.10-23.07.10:568][  0]LogConfig: Applying CVar settings from Section [AntiAliasingQuality@3] File [C:/Users/s181813/Documents/GitHub/GhoulsAndGoblins/GhoulsAndGoodies/Saved/Config/Windows/Scalability.ini]
[2020.08.10-23.07.10:568][  0]LogConfig: Setting CVar [[r.PostProcessAAQuality:4]]
[2020.08.10-23.07.10:568][  0]LogConfig: Applying CVar settings from Section [ShadowQuality@3] File [C:/Users/s181813/Documents/GitHub/GhoulsAndGoblins/GhoulsAndGoodies/Saved/Config/Windows/Scalability.ini]
[2020.08.10-23.07.10:568][  0]LogConfig: Setting CVar [[r.LightFunctionQuality:1]]
[2020.08.10-23.07.10:568][  0]LogConfig: Setting CVar [[r.ShadowQuality:5]]
[2020.08.10-23.07.10:568][  0]LogConfig: Setting CVar [[r.Shadow.CSM.MaxCascades:10]]
[2020.08.10-23.07.10:568][  0]LogConfig: Setting CVar [[r.Shadow.MaxResolution:2048]]
[2020.08.10-23.07.10:568][  0]LogConfig: Setting CVar [[r.Shadow.MaxCSMResolution:2048]]
[2020.08.10-23.07.10:568][  0]LogConfig: Setting CVar [[r.Shadow.RadiusThreshold:0.01]]
[2020.08.10-23.07.10:568][  0]LogConfig: Setting CVar [[r.Shadow.DistanceScale:1.0]]
[2020.08.10-23.07.10:568][  0]LogConfig: Setting CVar [[r.Shadow.CSM.TransitionScale:1.0]]
[2020.08.10-23.07.10:568][  0]LogConfig: Setting CVar [[r.Shadow.PreShadowResolutionFactor:1.0]]
[2020.08.10-23.07.10:568][  0]LogConfig: Setting CVar [[r.DistanceFieldShadowing:1]]
[2020.08.10-23.07.10:568][  0]LogConfig: Setting CVar [[r.DistanceFieldAO:1]]
[2020.08.10-23.07.10:568][  0]LogConfig: Setting CVar [[r.AOQuality:2]]
[2020.08.10-23.07.10:568][  0]LogConfig: Setting CVar [[r.VolumetricFog:1]]
[2020.08.10-23.07.10:568][  0]LogConfig: Setting CVar [[r.VolumetricFog.GridPixelSize:8]]
[2020.08.10-23.07.10:568][  0]LogConfig: Setting CVar [[r.VolumetricFog.GridSizeZ:128]]
[2020.08.10-23.07.10:568][  0]LogConfig: Setting CVar [[r.VolumetricFog.HistoryMissSupersampleCount:4]]
[2020.08.10-23.07.10:568][  0]LogConfig: Setting CVar [[r.LightMaxDrawDistanceScale:1]]
[2020.08.10-23.07.10:568][  0]LogConfig: Setting CVar [[r.CapsuleShadows:1]]
[2020.08.10-23.07.10:568][  0]LogConfig: Applying CVar settings from Section [PostProcessQuality@3] File [C:/Users/s181813/Documents/GitHub/GhoulsAndGoblins/GhoulsAndGoodies/Saved/Config/Windows/Scalability.ini]
[2020.08.10-23.07.10:568][  0]LogConfig: Setting CVar [[r.MotionBlurQuality:4]]
[2020.08.10-23.07.10:568][  0]LogConfig: Setting CVar [[r.AmbientOcclusionMipLevelFactor:0.4]]
[2020.08.10-23.07.10:568][  0]LogConfig: Setting CVar [[r.AmbientOcclusionMaxQuality:100]]
[2020.08.10-23.07.10:568][  0]LogConfig: Setting CVar [[r.AmbientOcclusionLevels:-1]]
[2020.08.10-23.07.10:568][  0]LogConfig: Setting CVar [[r.AmbientOcclusionRadiusScale:1.0]]
[2020.08.10-23.07.10:568][  0]LogConfig: Setting CVar [[r.DepthOfFieldQuality:2]]
[2020.08.10-23.07.10:568][  0]LogConfig: Setting CVar [[r.RenderTargetPoolMin:400]]
[2020.08.10-23.07.10:568][  0]LogConfig: Setting CVar [[r.LensFlareQuality:2]]
[2020.08.10-23.07.10:568][  0]LogConfig: Setting CVar [[r.SceneColorFringeQuality:1]]
[2020.08.10-23.07.10:568][  0]LogConfig: Setting CVar [[r.EyeAdaptationQuality:2]]
[2020.08.10-23.07.10:568][  0]LogConfig: Setting CVar [[r.BloomQuality:5]]
[2020.08.10-23.07.10:568][  0]LogConfig: Setting CVar [[r.FastBlurThreshold:100]]
[2020.08.10-23.07.10:568][  0]LogConfig: Setting CVar [[r.Upscale.Quality:3]]
[2020.08.10-23.07.10:568][  0]LogConfig: Setting CVar [[r.Tonemapper.GrainQuantization:1]]
[2020.08.10-23.07.10:568][  0]LogConfig: Setting CVar [[r.LightShaftQuality:1]]
[2020.08.10-23.07.10:568][  0]LogConfig: Setting CVar [[r.Filter.SizeScale:1]]
[2020.08.10-23.07.10:568][  0]LogConfig: Setting CVar [[r.Tonemapper.Quality:5]]
[2020.08.10-23.07.10:568][  0]LogConfig: Setting CVar [[r.DOF.Gather.AccumulatorQuality:1        ; higher gathering accumulator quality]]
[2020.08.10-23.07.10:568][  0]LogConfig: Setting CVar [[r.DOF.Gather.PostfilterMethod:1          ; Median3x3 postfilering method]]
[2020.08.10-23.07.10:568][  0]LogConfig: Setting CVar [[r.DOF.Gather.EnableBokehSettings:0       ; no bokeh simulation when gathering]]
[2020.08.10-23.07.10:568][  0]LogConfig: Setting CVar [[r.DOF.Gather.RingCount:4                 ; medium number of samples when gathering]]
[2020.08.10-23.07.10:568][  0]LogConfig: Setting CVar [[r.DOF.Scatter.ForegroundCompositing:1    ; additive foreground scattering]]
[2020.08.10-23.07.10:568][  0]LogConfig: Setting CVar [[r.DOF.Scatter.BackgroundCompositing:2    ; additive background scattering]]
[2020.08.10-23.07.10:568][  0]LogConfig: Setting CVar [[r.DOF.Scatter.EnableBokehSettings:1      ; bokeh simulation when scattering]]
[2020.08.10-23.07.10:568][  0]LogConfig: Setting CVar [[r.DOF.Scatter.MaxSpriteRatio:0.1         ; only a maximum of 10% of scattered bokeh]]
[2020.08.10-23.07.10:568][  0]LogConfig: Setting CVar [[r.DOF.Recombine.Quality:1                ; cheap slight out of focus]]
[2020.08.10-23.07.10:568][  0]LogConfig: Setting CVar [[r.DOF.Recombine.EnableBokehSettings:0    ; no bokeh simulation on slight out of focus]]
[2020.08.10-23.07.10:568][  0]LogConfig: Setting CVar [[r.DOF.TemporalAAQuality:1                ; more stable temporal accumulation]]
[2020.08.10-23.07.10:568][  0]LogConfig: Setting CVar [[r.DOF.Kernel.MaxForegroundRadius:0.025]]
[2020.08.10-23.07.10:568][  0]LogConfig: Setting CVar [[r.DOF.Kernel.MaxBackgroundRadius:0.025]]
[2020.08.10-23.07.10:568][  0]LogConfig: Applying CVar settings from Section [TextureQuality@3] File [C:/Users/s181813/Documents/GitHub/GhoulsAndGoblins/GhoulsAndGoodies/Saved/Config/Windows/Scalability.ini]
[2020.08.10-23.07.10:568][  0]LogConfig: Setting CVar [[r.Streaming.MipBias:0]]
[2020.08.10-23.07.10:568][  0]LogConfig: Setting CVar [[r.Streaming.AmortizeCPUToGPUCopy:0]]
[2020.08.10-23.07.10:568][  0]LogConfig: Setting CVar [[r.Streaming.MaxNumTexturesToStreamPerFrame:0]]
[2020.08.10-23.07.10:568][  0]LogConfig: Setting CVar [[r.Streaming.Boost:1]]
[2020.08.10-23.07.10:568][  0]LogConfig: Setting CVar [[r.MaxAnisotropy:8]]
[2020.08.10-23.07.10:568][  0]LogConfig: Setting CVar [[r.Streaming.LimitPoolSizeToVRAM:0]]
[2020.08.10-23.07.10:568][  0]LogConfig: Setting CVar [[r.Streaming.PoolSize:1000]]
[2020.08.10-23.07.10:568][  0]LogConfig: Setting CVar [[r.Streaming.MaxEffectiveScreenSize:0]]
[2020.08.10-23.07.10:568][  0]LogConfig: Applying CVar settings from Section [EffectsQuality@3] File [C:/Users/s181813/Documents/GitHub/GhoulsAndGoblins/GhoulsAndGoodies/Saved/Config/Windows/Scalability.ini]
[2020.08.10-23.07.10:568][  0]LogConfig: Setting CVar [[r.TranslucencyLightingVolumeDim:64]]
[2020.08.10-23.07.10:568][  0]LogConfig: Setting CVar [[r.RefractionQuality:2]]
[2020.08.10-23.07.10:568][  0]LogConfig: Setting CVar [[r.SSR.Quality:3]]
[2020.08.10-23.07.10:568][  0]LogConfig: Setting CVar [[r.SceneColorFormat:4]]
[2020.08.10-23.07.10:568][  0]LogConfig: Setting CVar [[r.DetailMode:2]]
[2020.08.10-23.07.10:568][  0]LogConfig: Setting CVar [[r.TranslucencyVolumeBlur:1]]
[2020.08.10-23.07.10:568][  0]LogConfig: Setting CVar [[r.MaterialQualityLevel:1 ; High quality]]
[2020.08.10-23.07.10:568][  0]LogConfig: Setting CVar [[r.SSS.Scale:1]]
[2020.08.10-23.07.10:568][  0]LogConfig: Setting CVar [[r.SSS.SampleSet:2]]
[2020.08.10-23.07.10:568][  0]LogConfig: Setting CVar [[r.SSS.Quality:1]]
[2020.08.10-23.07.10:568][  0]LogConfig: Setting CVar [[r.SSS.HalfRes:1]]
[2020.08.10-23.07.10:568][  0]LogConfig: Setting CVar [[r.EmitterSpawnRateScale:1.0]]
[2020.08.10-23.07.10:568][  0]LogConfig: Setting CVar [[r.ParticleLightQuality:2]]
[2020.08.10-23.07.10:568][  0]LogConfig: Applying CVar settings from Section [FoliageQuality@3] File [C:/Users/s181813/Documents/GitHub/GhoulsAndGoblins/GhoulsAndGoodies/Saved/Config/Windows/Scalability.ini]
[2020.08.10-23.07.10:568][  0]LogConfig: Setting CVar [[foliage.DensityScale:1.0]]
[2020.08.10-23.07.10:568][  0]LogConfig: Setting CVar [[grass.DensityScale:1.0]]
[2020.08.10-23.07.10:568][  0]LogConfig: Applying CVar settings from Section [Startup] File [../../../Engine/Config/ConsoleVariables.ini]
[2020.08.10-23.07.10:568][  0]LogConfig: Setting CVar [[net.UseAdaptiveNetUpdateFrequency:0]]
[2020.08.10-23.07.10:568][  0]LogConfig: Setting CVar [[p.chaos.AllowCreatePhysxBodies:1]]
[2020.08.10-23.07.10:568][  0]LogConfig: Applying CVar settings from Section [ConsoleVariables] File [C:/Users/s181813/Documents/GitHub/GhoulsAndGoblins/GhoulsAndGoodies/Saved/Config/Windows/Engine.ini]
[2020.08.10-23.07.10:578][  0]LogInit: Computer: SYD-19EF44
[2020.08.10-23.07.10:578][  0]LogInit: User: s181813
[2020.08.10-23.07.10:578][  0]LogInit: CPU Page size=4096, Cores=4
[2020.08.10-23.07.10:578][  0]LogInit: High frequency timer resolution =10.000000 MHz
[2020.08.10-23.07.10:578][  0]LogMemory: Memory total: Physical=31.9GB (32GB approx)
[2020.08.10-23.07.10:578][  0]LogMemory: Platform Memory Stats for Windows
[2020.08.10-23.07.10:578][  0]LogMemory: Process Physical Memory: 100.84 MB used, 100.84 MB peak
[2020.08.10-23.07.10:578][  0]LogMemory: Process Virtual Memory: 100.57 MB used, 100.57 MB peak
[2020.08.10-23.07.10:578][  0]LogMemory: Physical Memory: 4156.01 MB used,  28499.11 MB free, 32655.12 MB total
[2020.08.10-23.07.10:578][  0]LogMemory: Virtual Memory: 4668.43 MB used,  134213056.00 MB free, 134217728.00 MB total
[2020.08.10-23.07.10:581][  0]LogWindows: WindowsPlatformFeatures enabled
[2020.08.10-23.07.10:604][  0]LogInit: Using OS detected language (en-US).
[2020.08.10-23.07.10:604][  0]LogInit: Using OS detected locale (en-AU).
[2020.08.10-23.07.10:604][  0]LogTextLocalizationManager: No specific localization for 'en-US' exists, so the 'en' localization will be used.
[2020.08.10-23.07.10:780][  0]LogInit: Setting process to per monitor DPI aware
[2020.08.10-23.07.10:829][  0]LogSlate: New Slate User Created.  User Index 0, Is Virtual User: 0
[2020.08.10-23.07.10:829][  0]LogSlate: Slate User Registered.  User Index 0, Is Virtual User: 0
[2020.08.10-23.07.10:980][  0]LogHMD: Failed to initialize OpenVR with code 110
[2020.08.10-23.07.10:980][  0]LogD3D11RHI: D3D11 adapters:
[2020.08.10-23.07.11:043][  0]LogD3D11RHI:    0. 'NVIDIA GeForce GTX 770' (Feature Level 11_0)
[2020.08.10-23.07.11:043][  0]LogD3D11RHI:       2007/0/16327 MB DedicatedVideo/DedicatedSystem/SharedSystem, Outputs:2, VendorId:0x10de
[2020.08.10-23.07.11:050][  0]LogD3D11RHI:    1. 'Intel(R) HD Graphics 4600' (Feature Level 11_0)
[2020.08.10-23.07.11:050][  0]LogD3D11RHI:       112/0/2048 MB DedicatedVideo/DedicatedSystem/SharedSystem, Outputs:0, VendorId:0x8086
[2020.08.10-23.07.11:052][  0]LogD3D11RHI:    2. 'Microsoft Basic Render Driver' (Feature Level 11_0)
[2020.08.10-23.07.11:052][  0]LogD3D11RHI:       0/0/16327 MB DedicatedVideo/DedicatedSystem/SharedSystem, Outputs:0, VendorId:0x1414
[2020.08.10-23.07.11:052][  0]LogD3D11RHI: Chosen D3D11 Adapter: 0
[2020.08.10-23.07.11:057][  0]LogD3D11RHI: Creating new Direct3DDevice
[2020.08.10-23.07.11:057][  0]LogD3D11RHI:     GPU DeviceId: 0x1184 (for the marketing name, search the web for "GPU Device Id")
[2020.08.10-23.07.11:057][  0]LogWindows: EnumDisplayDevices:
[2020.08.10-23.07.11:058][  0]LogWindows:    0. 'NVIDIA GeForce GTX 770' (P:1 D:1)
[2020.08.10-23.07.11:058][  0]LogWindows:    1. 'NVIDIA GeForce GTX 770' (P:0 D:1)
[2020.08.10-23.07.11:058][  0]LogWindows:    2. 'NVIDIA GeForce GTX 770' (P:0 D:0)
[2020.08.10-23.07.11:058][  0]LogWindows:    3. 'NVIDIA GeForce GTX 770' (P:0 D:0)
[2020.08.10-23.07.11:058][  0]LogWindows:    4. 'Intel(R) HD Graphics 4600' (P:0 D:0)
[2020.08.10-23.07.11:059][  0]LogWindows:    5. 'Intel(R) HD Graphics 4600' (P:0 D:0)
[2020.08.10-23.07.11:059][  0]LogWindows:    6. 'Intel(R) HD Graphics 4600' (P:0 D:0)
[2020.08.10-23.07.11:059][  0]LogWindows: DebugString: PrimaryIsNotTheChoosenAdapter PrimaryIsNotTheChoosenAdapter PrimaryIsNotTheChoosenAdapter FoundDriverCount:4 
[2020.08.10-23.07.11:059][  0]LogD3D11RHI:     Adapter Name: NVIDIA GeForce GTX 770
[2020.08.10-23.07.11:059][  0]LogD3D11RHI:   Driver Version: 432.00 (internal:26.21.14.3200, unified:432.00)
[2020.08.10-23.07.11:059][  0]LogD3D11RHI:      Driver Date: 7-24-2019
[2020.08.10-23.07.11:059][  0]LogRHI: Texture pool is 1404 MB (70% of 2007 MB)
[2020.08.10-23.07.11:097][  0]LogD3D11RHI: Async texture creation enabled
[2020.08.10-23.07.11:116][  0]LogD3D11RHI: GPU Timing Frequency: 1000.000000 (Debug: 2 2)
[2020.08.10-23.07.11:384][  0]LogTemp: Display: Module 'AllDesktopTargetPlatform' loaded TargetPlatform 'AllDesktop'
[2020.08.10-23.07.11:393][  0]LogTemp: Display: Module 'MacClientTargetPlatform' loaded TargetPlatform 'MacClient'
[2020.08.10-23.07.11:403][  0]LogTemp: Display: Module 'MacNoEditorTargetPlatform' loaded TargetPlatform 'MacNoEditor'
[2020.08.10-23.07.11:411][  0]LogTemp: Display: Module 'MacServerTargetPlatform' loaded TargetPlatform 'MacServer'
[2020.08.10-23.07.11:419][  0]LogTemp: Display: Module 'MacTargetPlatform' loaded TargetPlatform 'Mac'
[2020.08.10-23.07.11:427][  0]LogTemp: Display: Module 'WindowsClientTargetPlatform' loaded TargetPlatform 'WindowsClient'
[2020.08.10-23.07.11:435][  0]LogTemp: Display: Module 'WindowsNoEditorTargetPlatform' loaded TargetPlatform 'WindowsNoEditor'
[2020.08.10-23.07.11:443][  0]LogTemp: Display: Module 'WindowsServerTargetPlatform' loaded TargetPlatform 'WindowsServer'
[2020.08.10-23.07.11:448][  0]LogTemp: Display: Module 'WindowsTargetPlatform' loaded TargetPlatform 'Windows'
[2020.08.10-23.07.11:479][  0]LogTemp: Display: Module 'AndroidTargetPlatform' loaded TargetPlatform 'Android'
[2020.08.10-23.07.11:479][  0]LogTemp: Display: Module 'AndroidTargetPlatform' loaded TargetPlatform 'Android_ASTC'
[2020.08.10-23.07.11:479][  0]LogTemp: Display: Module 'AndroidTargetPlatform' loaded TargetPlatform 'Android_ATC'
[2020.08.10-23.07.11:479][  0]LogTemp: Display: Module 'AndroidTargetPlatform' loaded TargetPlatform 'Android_DXT'
[2020.08.10-23.07.11:479][  0]LogTemp: Display: Module 'AndroidTargetPlatform' loaded TargetPlatform 'Android_ETC1'
[2020.08.10-23.07.11:479][  0]LogTemp: Display: Module 'AndroidTargetPlatform' loaded TargetPlatform 'Android_ETC1a'
[2020.08.10-23.07.11:479][  0]LogTemp: Display: Module 'AndroidTargetPlatform' loaded TargetPlatform 'Android_ETC2'
[2020.08.10-23.07.11:479][  0]LogTemp: Display: Module 'AndroidTargetPlatform' loaded TargetPlatform 'Android_PVRTC'
[2020.08.10-23.07.11:479][  0]LogTemp: Display: Module 'AndroidTargetPlatform' loaded TargetPlatform 'AndroidClient'
[2020.08.10-23.07.11:479][  0]LogTemp: Display: Module 'AndroidTargetPlatform' loaded TargetPlatform 'Android_ASTCClient'
[2020.08.10-23.07.11:479][  0]LogTemp: Display: Module 'AndroidTargetPlatform' loaded TargetPlatform 'Android_ATCClient'
[2020.08.10-23.07.11:479][  0]LogTemp: Display: Module 'AndroidTargetPlatform' loaded TargetPlatform 'Android_DXTClient'
[2020.08.10-23.07.11:479][  0]LogTemp: Display: Module 'AndroidTargetPlatform' loaded TargetPlatform 'Android_ETC1Client'
[2020.08.10-23.07.11:479][  0]LogTemp: Display: Module 'AndroidTargetPlatform' loaded TargetPlatform 'Android_ETC1aClient'
[2020.08.10-23.07.11:480][  0]LogTemp: Display: Module 'AndroidTargetPlatform' loaded TargetPlatform 'Android_ETC2Client'
[2020.08.10-23.07.11:480][  0]LogTemp: Display: Module 'AndroidTargetPlatform' loaded TargetPlatform 'Android_PVRTCClient'
[2020.08.10-23.07.11:480][  0]LogTemp: Display: Module 'AndroidTargetPlatform' loaded TargetPlatform 'Android_Multi'
[2020.08.10-23.07.11:480][  0]LogTemp: Display: Module 'AndroidTargetPlatform' loaded TargetPlatform 'Android_MultiClient'
[2020.08.10-23.07.11:481][  0]LogTemp: Display: Module 'HTML5TargetPlatform' loaded TargetPlatform 'HTML5'
[2020.08.10-23.07.11:498][  0]LogTemp: Display: Module 'IOSTargetPlatform' loaded TargetPlatform 'IOSClient'
[2020.08.10-23.07.11:498][  0]LogTemp: Display: Module 'IOSTargetPlatform' loaded TargetPlatform 'IOS'
[2020.08.10-23.07.11:511][  0]LogTemp: Display: Module 'TVOSTargetPlatform' loaded TargetPlatform 'TVOSClient'
[2020.08.10-23.07.11:511][  0]LogTemp: Display: Module 'TVOSTargetPlatform' loaded TargetPlatform 'TVOS'
[2020.08.10-23.07.11:518][  0]LogTemp: Display: Module 'LinuxClientTargetPlatform' loaded TargetPlatform 'LinuxClient'
[2020.08.10-23.07.11:524][  0]LogTemp: Display: Module 'LinuxNoEditorTargetPlatform' loaded TargetPlatform 'LinuxNoEditor'
[2020.08.10-23.07.11:531][  0]LogTemp: Display: Module 'LinuxServerTargetPlatform' loaded TargetPlatform 'LinuxServer'
[2020.08.10-23.07.11:538][  0]LogTemp: Display: Module 'LinuxTargetPlatform' loaded TargetPlatform 'Linux'
[2020.08.10-23.07.11:561][  0]LogTemp: Display: Module 'LuminTargetPlatform' loaded TargetPlatform 'Lumin'
[2020.08.10-23.07.11:561][  0]LogTemp: Display: Module 'LuminTargetPlatform' loaded TargetPlatform 'LuminClient'
[2020.08.10-23.07.11:561][  0]LogTargetPlatformManager: Display: Building Assets For Windows
[2020.08.10-23.07.11:570][  0]LogAudioDebug: Display: Lib vorbis DLL was dynamically loaded.
[2020.08.10-23.07.11:617][  0]LogShaderCompilers: Guid format shader working directory is -35 characters bigger than the processId version (../../../../../../Users/s181813/Documents/GitHub/GhoulsAndGoblins/GhoulsAndGoodies/Intermediate/Shaders/WorkingDirectory/12040/).
[2020.08.10-23.07.11:617][  0]LogShaderCompilers: Cleaned the shader compiler working directory 'C:/Users/s181813/AppData/Local/Temp/UnrealShaderWorkingDir/C90FB95F4D88176AE7A7A1843C6EF48D/'.
[2020.08.10-23.07.11:619][  0]LogXGEController: Cleaning working directory: C:/Users/s181813/AppData/Local/Temp/UnrealXGEWorkingDir/
[2020.08.10-23.07.11:620][  0]LogXGEController: Cannot use XGE Controller as Incredibuild is not installed on this machine.
[2020.08.10-23.07.11:620][  0]LogShaderCompilers: Cannot use XGE Shader Compiler as Incredibuild is not installed on this machine.
[2020.08.10-23.07.11:620][  0]LogShaderCompilers: Display: Using Local Shader Compiler.
[2020.08.10-23.07.12:195][  0]LogDerivedDataCache: Display: Max Cache Size: 512 MB
[2020.08.10-23.07.12:247][  0]LogDerivedDataCache: Loaded boot cache 0.05s 77MB C:/Users/s181813/AppData/Local/UnrealEngine/4.23/DerivedDataCache/Boot.ddc.
[2020.08.10-23.07.12:247][  0]LogDerivedDataCache: Display: Loaded Boot cache: C:/Users/s181813/AppData/Local/UnrealEngine/4.23/DerivedDataCache/Boot.ddc
[2020.08.10-23.07.12:247][  0]LogDerivedDataCache: FDerivedDataBackendGraph:  Pak pak cache file ../../../../../../Users/s181813/Documents/GitHub/GhoulsAndGoblins/GhoulsAndGoodies/DerivedDataCache/DDC.ddp not found, will not use a pak cache.
[2020.08.10-23.07.12:247][  0]LogDerivedDataCache: Unable to find inner node Pak for hierarchical cache Hierarchy.
[2020.08.10-23.07.12:247][  0]LogDerivedDataCache: FDerivedDataBackendGraph:  CompressedPak pak cache file ../../../../../../Users/s181813/Documents/GitHub/GhoulsAndGoblins/GhoulsAndGoodies/DerivedDataCache/Compressed.ddp not found, will not use a pak cache.
[2020.08.10-23.07.12:247][  0]LogDerivedDataCache: Unable to find inner node CompressedPak for hierarchical cache Hierarchy.
[2020.08.10-23.07.12:258][  0]LogDerivedDataCache: Display: Pak cache opened for reading ../../../Engine/DerivedDataCache/Compressed.ddp.
[2020.08.10-23.07.12:258][  0]LogDerivedDataCache: FDerivedDataBackendGraph:  EnterprisePak pak cache file ../../../Enterprise/DerivedDataCache/Compressed.ddp not found, will not use a pak cache.
[2020.08.10-23.07.12:258][  0]LogDerivedDataCache: Unable to find inner node EnterprisePak for hierarchical cache Hierarchy.
[2020.08.10-23.07.12:259][  0]LogDerivedDataCache: Using Local data cache path C:/Users/s181813/AppData/Local/UnrealEngine/Common/DerivedDataCache: Writable
[2020.08.10-23.07.12:259][  0]LogDerivedDataCache: Shared data cache path not found in *engine.ini, will not use an Shared cache.
[2020.08.10-23.07.12:259][  0]LogDerivedDataCache: Unable to find inner node Shared for hierarchical cache Hierarchy.
[2020.08.10-23.07.12:280][  0]LogMaterial: Verifying Global Shaders for PCD3D_SM5
[2020.08.10-23.07.12:283][  0]LogSlate: Using FreeType 2.6.0
[2020.08.10-23.07.12:283][  0]LogSlate: SlateFontServices - WITH_FREETYPE: 1, WITH_HARFBUZZ: 1
[2020.08.10-23.07.12:334][  0]LogAssetRegistry: FAssetRegistry took 0.0025 seconds to start up
[2020.08.10-23.07.12:597][  0]LogInit: Selected Device Profile: [Windows]
[2020.08.10-23.07.12:743][  0]LogMeshReduction: Using QuadricMeshReduction for automatic static mesh reduction
[2020.08.10-23.07.12:743][  0]LogMeshReduction: Using SimplygonMeshReduction for automatic skeletal mesh reduction
[2020.08.10-23.07.12:743][  0]LogMeshReduction: Using ProxyLODMeshReduction for automatic mesh merging
[2020.08.10-23.07.12:743][  0]LogMeshReduction: No distributed automatic mesh merging module available
[2020.08.10-23.07.12:743][  0]LogMeshMerging: No distributed automatic mesh merging module available
[2020.08.10-23.07.12:752][  0]LogNetVersion: GhoulsAndGoodies 1.0.0, NetCL: 8386587, EngineNetVer: 11, GameNetVer: 0 (Checksum: 1842056771)
[2020.08.10-23.07.13:150][  0]LogPackageLocalizationCache: Processed 12 localized package path(s) for 1 prioritized culture(s) in 0.062062 seconds
[2020.08.10-23.07.13:156][  0]LogUObjectArray: 43444 objects as part of root set at end of initial load.
[2020.08.10-23.07.13:156][  0]LogUObjectAllocator: 7548648 out of 0 bytes used by permanent object pool.
[2020.08.10-23.07.13:156][  0]LogUObjectArray: CloseDisregardForGC: 0/0 objects in disregard for GC pool
[2020.08.10-23.07.13:908][  0]LogTcpMessaging: Initializing TcpMessaging bridge
[2020.08.10-23.07.13:912][  0]LogUdpMessaging: Initializing bridge on interface 0.0.0.0:0 to multicast group 230.0.0.1:6666.
[2020.08.10-23.07.14:281][  0]LogLinker: Warning: Failed to load '/Game/TopDownCPP/AI/EnemyController': Can't find file.
[2020.08.10-23.07.14:281][  0]LogLinker: Warning: Failed to load '/Game/TopDownCPP/AI/EnemyController': Can't find file.
[2020.08.10-23.07.14:281][  0]LogUObjectGlobals: Warning: Failed to find object 'Class /Game/TopDownCPP/AI/EnemyController.EnemyController'
[2020.08.10-23.07.14:281][  0]Error: CDO Constructor (AICharacter): Failed to find /Game/TopDownCPP/AI/EnemyController.EnemyController

[2020.08.10-23.07.14:321][  0]LogUObjectBase: Warning: -------------- Default Property warnings and errors:
[2020.08.10-23.07.14:321][  0]LogUObjectBase: Warning: Error: CDO Constructor (AICharacter): Failed to find /Game/TopDownCPP/AI/EnemyController.EnemyController

[2020.08.10-23.07.18:050][  0]LogWindowsTextInputMethodSystem: Display: IME system now deactivated.
[2020.08.10-23.07.18:054][  0]LogWindowsTextInputMethodSystem: Display: IME system now deactivated.
[2020.08.10-23.07.18:086][  0]SourceControl: Source control is disabled
[2020.08.10-23.07.18:086][  0]SourceControl: Source control is disabled
[2020.08.10-23.07.18:087][  0]SourceControl: Source control is disabled
[2020.08.10-23.07.18:088][  0]SourceControl: Source control is disabled
[2020.08.10-23.07.18:168][  0]LogAndroidPermission: UAndroidPermissionCallbackProxy::GetInstance
[2020.08.10-23.07.18:256][  0]LogOcInput: OculusInput pre-init called
[2020.08.10-23.07.18:262][  0]LogWindows: Failed to load 'OVRPlugin.dll' (GetLastError=126)
[2020.08.10-23.07.18:262][  0]LogWindows: File 'OVRPlugin.dll' does not exist
[2020.08.10-23.07.18:325][  0]LogEngine: Initializing Engine...
[2020.08.10-23.07.18:326][  0]LogHMD: Failed to initialize OpenVR with code 110
[2020.08.10-23.07.18:327][  0]LogStats: UGameplayTagsManager::InitializeManager -  0.000 s
[2020.08.10-23.07.18:522][  0]LogInit: Initializing FReadOnlyCVARCache
[2020.08.10-23.07.18:538][  0]LogAIModule: Creating AISystem for world Untitled
[2020.08.10-23.07.18:551][  0]LogInit: XAudio2 using 'Realtek Digital Output (Realtek High Definition Audio)' : 2 channels at 48 kHz using 16 bits per sample (channel mask 0x3)
[2020.08.10-23.07.18:594][  0]LogInit: FAudioDevice initialized.
[2020.08.10-23.07.18:594][  0]LogNetVersion: Set ProjectVersion to 1.0.0.0. Version Checksum will be recalculated on next use.
[2020.08.10-23.07.18:686][  0]LogDerivedDataCache: Saved boot cache 0.09s 77MB C:/Users/s181813/AppData/Local/UnrealEngine/4.23/DerivedDataCache/Boot.ddc.
[2020.08.10-23.07.18:693][  0]LogInit: Texture streaming: Enabled
[2020.08.10-23.07.18:710][  0]LogEngineSessionManager: EngineSessionManager initialized
[2020.08.10-23.07.18:710][  0]LogEditorSessionSummary: Verbose: Initializing EditorSessionSummaryWriter for editor session tracking
[2020.08.10-23.07.18:710][  0]LogEditorSessionSummary: EditorSessionSummaryWriter initialized
[2020.08.10-23.07.18:766][  0]LogInit: Transaction tracking system initialized
[2020.08.10-23.07.18:795][  0]BlueprintLog: New page: Editor Load
[2020.08.10-23.07.18:861][  0]LocalizationService: Localization service is disabled
[2020.08.10-23.07.19:081][  0]LogFileCache: Scanning file cache for directory 'C:/Users/s181813/Documents/GitHub/GhoulsAndGoblins/GhoulsAndGoodies/Content/' took 0.00s
[2020.08.10-23.07.19:081][  0]LogCook: Display: Max memory allowance for cook 16384mb min free memory 0mb
[2020.08.10-23.07.19:081][  0]LogCook: Display: Mobile HDR setting 1
[2020.08.10-23.07.19:263][  0]SourceControl: Source control is disabled
[2020.08.10-23.07.19:263][  0]Cmd: MAP LOAD FILE="../../../../../../Users/s181813/Documents/GitHub/GhoulsAndGoblins/GhoulsAndGoodies/Content/TopDownCPP/Maps/TopDownExampleMap.umap" TEMPLATE=0 SHOWPROGRESS=1 FEATURELEVEL=3
[2020.08.10-23.07.19:263][  0]LightingResults: New page: Lighting Build
[2020.08.10-23.07.19:265][  0]LogWorld: UWorld::CleanupWorld for Untitled, bSessionEnded=true, bCleanupResources=true
[2020.08.10-23.07.19:266][  0]MapCheck: New page: Map Check
[2020.08.10-23.07.19:266][  0]LightingResults: New page: Lighting Build
[2020.08.10-23.07.19:291][  0]LogUObjectHash: Compacting FUObjectHashTables data took   2.09ms
[2020.08.10-23.07.19:352][  0]Error: CDO Constructor (AICharacter): Failed to find /Game/TopDownCPP/AI/EnemyController.EnemyController

[2020.08.10-23.07.19:441][  0]LogAIModule: Creating AISystem for world TopDownExampleMap
[2020.08.10-23.07.19:456][  0]LogEditorServer: Finished looking for orphan Actors (0.000 secs)
[2020.08.10-23.07.19:479][  0]LogUObjectHash: Compacting FUObjectHashTables data took   2.46ms
[2020.08.10-23.07.19:479][  0]Cmd: MAP CHECKDEP NOCLEARLOG
[2020.08.10-23.07.19:479][  0]MapCheck: Map check complete: 0 Error(s), 0 Warning(s), took 0.128ms to complete.
[2020.08.10-23.07.19:479][  0]LogFileHelpers: Loading map 'TopDownExampleMap' took 0.217
[2020.08.10-23.07.19:617][  0]LogSlate: Updating window title bar state: overlay mode, drag disabled, window buttons hidden, title bar hidden
[2020.08.10-23.07.19:625][  0]LogSlate: Updating window title bar state: overlay mode, drag disabled, window buttons hidden, title bar hidden
[2020.08.10-23.07.19:631][  0]LogSlate: Updating window title bar state: overlay mode, drag disabled, window buttons hidden, title bar hidden
[2020.08.10-23.07.19:638][  0]LogSlate: Updating window title bar state: overlay mode, drag disabled, window buttons hidden, title bar hidden
[2020.08.10-23.07.19:657][  0]LogCollectionManager: Loaded 0 collections in 0.001506 seconds
[2020.08.10-23.07.19:675][  0]LogFileCache: Scanning file cache for directory 'C:/Users/s181813/Documents/GitHub/GhoulsAndGoblins/GhoulsAndGoodies/Saved/Collections/' took 0.00s
[2020.08.10-23.07.19:675][  0]LogFileCache: Scanning file cache for directory 'C:/Users/s181813/Documents/GitHub/GhoulsAndGoblins/GhoulsAndGoodies/Content/Developers/s181813/Collections/' took 0.00s
[2020.08.10-23.07.19:675][  0]LogFileCache: Scanning file cache for directory 'C:/Users/s181813/Documents/GitHub/GhoulsAndGoblins/GhoulsAndGoodies/Content/Collections/' took 0.00s
[2020.08.10-23.07.19:675][  0]LogCollectionManager: Rebuilt the GUID cache for 0 collections in 0.000001 seconds
[2020.08.10-23.07.19:685][  0]LogContentBrowser: Native class hierarchy populated in 0.0086 seconds. Added 2868 classes and 682 folders.
[2020.08.10-23.07.19:696][  0]LogContentBrowser: Native class hierarchy updated for 'WidgetCarousel' in 0.0003 seconds. Added 0 classes and 0 folders.
[2020.08.10-23.07.20:007][  0]LogContentBrowser: Native class hierarchy updated for 'AddContentDialog' in 0.0003 seconds. Added 0 classes and 0 folders.
[2020.08.10-23.07.20:013][  0]LogUObjectBase: Warning: -------------- Default Property warnings and errors:
[2020.08.10-23.07.20:013][  0]LogUObjectBase: Warning: Error: CDO Constructor (AICharacter): Failed to find /Game/TopDownCPP/AI/EnemyController.EnemyController

[2020.08.10-23.07.20:022][  0]LogSlate: Took 0.000154 seconds to synchronously load lazily loaded font '../../../Engine/Content/Slate/Fonts/Roboto-Regular.ttf' (155K)
[2020.08.10-23.07.31:589][  0]LogSlate: Window 'Message' being destroyed
[2020.08.10-23.07.31:589][  0]LogWindowsTextInputMethodSystem: Display: IME system now deactivated.
[2020.08.10-23.07.31:607][  0]LogContentBrowser: Native class hierarchy updated for 'SceneOutliner' in 0.0004 seconds. Added 1 classes and 2 folders.
[2020.08.10-23.07.32:858][  0]LogSlate: Only BGRA pngs, bmps or icos are supported in by External Image Picker
[2020.08.10-23.07.32:891][  0]LogWindowsTextInputMethodSystem: Display: IME system now deactivated.
[2020.08.10-23.07.32:898][  0]LogSlate: Took 0.000146 seconds to synchronously load lazily loaded font '../../../Engine/Content/Slate/Fonts/Roboto-Bold.ttf' (160K)
[2020.08.10-23.07.32:912][  0]LogSlate: Took 0.007396 seconds to synchronously load lazily loaded font '../../../Engine/Content/Editor/Slate/Fonts/FontAwesome.ttf' (139K)
[2020.08.10-23.07.33:016][  0]LogRenderer: Reallocating scene render targets to support 1056x532 Format 10 NumSamples 1 (Frame:1).
[2020.08.10-23.07.33:154][  0]LogContentBrowser: Native class hierarchy updated for 'HierarchicalLODOutliner' in 0.0006 seconds. Added 0 classes and 0 folders.
[2020.08.10-23.07.33:155][  0]LogLoad: (Engine Initialization) Total time: 23.54 seconds
[2020.08.10-23.07.33:155][  0]LogLoad: (Engine Initialization) Total Blueprint compile time: 0.00 seconds
[2020.08.10-23.07.33:278][  0]LogContentStreaming: Texture pool size now 1000 MB
[2020.08.10-23.07.33:410][  2]LogAssetRegistry: Asset discovery search completed in 21.0770 seconds
[2020.08.10-23.07.33:414][  2]LogCollectionManager: Rebuilt the object cache for 0 collections in 0.000004 seconds (found 0 objects)
[2020.08.10-23.07.33:414][  2]LogCollectionManager: Fixed up redirectors for 0 collections in 0.000041 seconds (updated 0 objects)
[2020.08.10-23.07.35:200][213]LogSlate: FSceneViewport::OnFocusLost() reason 0
[2020.08.10-23.07.35:318][225]LogSlate: Took 0.006283 seconds to synchronously load lazily loaded font '../../../Engine/Content/Slate/Fonts/Roboto-Light.ttf' (167K)
[2020.08.10-23.07.55:737][637]Error: CDO Constructor (AICharacter): Failed to find /Game/TopDownCPP/AI/EnemyController.EnemyController

[2020.08.10-23.08.01:918][377]LogSlate: Took 0.000201 seconds to synchronously load lazily loaded font '../../../Engine/Content/Slate/Fonts/Roboto-Light.ttf' (167K)
[2020.08.10-23.08.01:930][377]LogAssetEditorManager: Opening Asset editor for Class /Script/GhoulsAndGoodies.EnemyAIController
[2020.08.10-23.08.10:163][394]LogAssetEditorManager: Opening Asset editor for Class /Script/GhoulsAndGoodies.AICharacter
[2020.08.10-23.08.33:366][212]LogEditorSessionSummary: EditorSessionSummary sent report. Type=Shutdown, SessionId={F4365CC6-424C-58C1-3D87-148273481026}
[2020.08.10-23.17.34:294][824]LogEditorSessionSummary: EditorSessionSummary sent report. Type=Shutdown, SessionId={48BC84A7-45C4-0CC2-C9DB-6396DAD7883A}
[2020.08.10-23.20.20:044][318]LogInit: XAudio2 using 'Speakers (Realtek High Definition Audio)' : 2 channels at 48 kHz using 32 bits per sample (channel mask 0x3)
[2020.08.10-23.20.32:736][356]LogAudio: Warning: Current Audio Device with ID {0.0.0.00000000}.{0c3929e1-ba91-4f5a-a5b8-8b02d630270b} was removed. Shutting down audio device.
[2020.08.10-23.20.32:736][356]LogInit: XAudio2 using 'Realtek Digital Output (Realtek High Definition Audio)' : 2 channels at 48 kHz using 16 bits per sample (channel mask 0x3)
[2020.08.10-23.20.36:088][366]LogInit: XAudio2 using 'Speakers (Realtek High Definition Audio)' : 2 channels at 48 kHz using 32 bits per sample (channel mask 0x3)
[2020.08.10-23.27.44:969][693]LogAssetEditorManager: Opening Asset editor for BlackboardData /Game/TopDownCPP/AI/EnemyBlackBoard.EnemyBlackBoard
[2020.08.10-23.37.58:239][776]LogSlate: Window 'EnemyBlackBoard' being destroyed
[2020.08.10-23.37.58:245][776]LogSlate: Window 'EnemyBlackBoard' being destroyed
[2020.08.10-23.38.51:597][976]Candidate modules for hot reload:
[2020.08.10-23.38.51:597][976]  GhoulsAndGoodies
[2020.08.10-23.38.51:597][976]Launching UnrealBuildTool... [C:/Program Files/Epic Games/UE_4.23/Engine/Binaries/DotNET/UnrealBuildTool.exe  -ModuleWithSuffix=GhoulsAndGoodies,8114 Win64 Development -TargetType=Editor -Project="C:/Users/s181813/Documents/GitHub/GhoulsAndGoblins/GhoulsAndGoodies/GhoulsAndGoodies.uproject" "C:/Users/s181813/Documents/GitHub/GhoulsAndGoblins/GhoulsAndGoodies/GhoulsAndGoodies.uproject"  -IgnoreJunk]
[2020.08.10-23.38.51:599][976]Warning: Starting HotReload took  0.0s.
[2020.08.10-23.39.17:837][104]LogAssetEditorManager: Opening Asset editor for BlackboardData /Game/TopDownCPP/AI/EnemyBlackBoard.EnemyBlackBoard
[2020.08.10-23.39.20:549][418]LogSlate: Window 'EnemyBlackBoard' being destroyed
[2020.08.10-23.39.22:696][676]CompilerResultsLog: New page: Compilation - 11 Aug 2020 7:39:22 pm
[2020.08.10-23.39.22:696][676]CompilerResultsLog: Using 'git status' to determine working set for adaptive non-unity build (C:\Users\s181813\Documents\GitHub\GhoulsAndGoblins).
[2020.08.10-23.39.22:696][676]CompilerResultsLog: Parsing headers for GhoulsAndGoodiesEditor
[2020.08.10-23.39.22:696][676]CompilerResultsLog:   Running UnrealHeaderTool "C:\Users\s181813\Documents\GitHub\GhoulsAndGoblins\GhoulsAndGoodies\GhoulsAndGoodies.uproject" "C:\Users\s181813\Documents\GitHub\GhoulsAndGoblins\GhoulsAndGoodies\Intermediate\Build\Win64\GhoulsAndGoodiesEditor\Development\GhoulsAndGoodiesEditor.uhtmanifest" -LogCmds="loginit warning, logexit warning, logdatabase error" -Unattended -WarningsAsErrors -installed
[2020.08.10-23.39.22:696][676]CompilerResultsLog: Reflection code generated for GhoulsAndGoodiesEditor in 24.2064649 seconds
[2020.08.10-23.39.22:697][676]CompilerResultsLog: Using Visual Studio 2019 14.24.28314 toolchain (C:\Program Files (x86)\Microsoft Visual Studio\2019\Enterprise\VC\Tools\MSVC\14.24.28314) and Windows 10.0.18362.0 SDK (C:\Program Files (x86)\Windows Kits\10).
[2020.08.10-23.39.22:697][676]CompilerResultsLog: Building 6 actions with 8 processes...
[2020.08.10-23.39.22:697][676]CompilerResultsLog:   [1/6] AICharacter.cpp
[2020.08.10-23.39.22:697][676]CompilerResultsLog:   [2/6] EnemyAIController.gen.cpp
[2020.08.10-23.39.22:697][676]CompilerResultsLog:   [3/6] EnemyAIController.cpp
[2020.08.10-23.39.22:697][676]CompilerResultsLog:    C:\Program Files\Epic Games\UE_4.23\Engine\Source\Runtime\CoreUObject\Public\Templates/Casts.h(195) : error C2664: 'To *TCastImpl<From,To,ECastType::UObjectToUObject>::DoCast(UObject *)': cannot convert argument 1 from 'From *' to 'UObject *'
[2020.08.10-23.39.22:697][676]CompilerResultsLog:           with
[2020.08.10-23.39.22:697][676]CompilerResultsLog:           [
[2020.08.10-23.39.22:697][676]CompilerResultsLog:               To=UObject,
[2020.08.10-23.39.22:697][676]CompilerResultsLog:               From=ACharacter
[2020.08.10-23.39.22:697][676]CompilerResultsLog:           ]
[2020.08.10-23.39.22:697][676]CompilerResultsLog:           and
[2020.08.10-23.39.22:697][676]CompilerResultsLog:           [
[2020.08.10-23.39.22:697][676]CompilerResultsLog:               From=ACharacter
[2020.08.10-23.39.22:697][676]CompilerResultsLog:           ]
[2020.08.10-23.39.22:697][676]CompilerResultsLog:   C:\Program Files\Epic Games\UE_4.23\Engine\Source\Runtime\CoreUObject\Public\Templates/Casts.h(195): note: Types pointed to are unrelated; conversion requires reinterpret_cast, C-style cast or function-style cast
[2020.08.10-23.39.22:697][676]CompilerResultsLog:   C:\Program Files\Epic Games\UE_4.23\Engine\Source\Runtime\CoreUObject\Public\Templates/Casts.h(129): note: see declaration of 'TCastImpl<From,To,ECastType::UObjectToUObject>::DoCast'
[2020.08.10-23.39.22:697][676]CompilerResultsLog:           with
[2020.08.10-23.39.22:697][676]CompilerResultsLog:           [
[2020.08.10-23.39.22:697][676]CompilerResultsLog:               From=ACharacter,
[2020.08.10-23.39.22:697][676]CompilerResultsLog:               To=UObject
[2020.08.10-23.39.22:697][676]CompilerResultsLog:           ]
[2020.08.10-23.39.22:697][676]CompilerResultsLog:   C:\Users\s181813\Documents\GitHub\GhoulsAndGoblins\GhoulsAndGoodies\Source\GhoulsAndGoodies\EnemyAIController.cpp(28): note: see reference to function template instantiation 'To *Cast<UObject,ACharacter>(From *)' being compiled
[2020.08.10-23.39.22:697][676]CompilerResultsLog:           with
[2020.08.10-23.39.22:697][676]CompilerResultsLog:           [
[2020.08.10-23.39.22:697][676]CompilerResultsLog:               To=UObject,
[2020.08.10-23.39.22:697][676]CompilerResultsLog:               From=ACharacter
[2020.08.10-23.39.22:697][676]CompilerResultsLog:           ]
[2020.08.10-23.39.22:697][676]LogMainFrame: MainFrame: Module compiling took 31.109 seconds
[2020.08.10-23.39.22:697][676]Warning: HotReload failed, recompile failed
[2020.08.10-23.42.03:229][455]Candidate modules for hot reload:
[2020.08.10-23.42.03:229][455]  GhoulsAndGoodies
[2020.08.10-23.42.03:229][455]Launching UnrealBuildTool... [C:/Program Files/Epic Games/UE_4.23/Engine/Binaries/DotNET/UnrealBuildTool.exe  -ModuleWithSuffix=GhoulsAndGoodies,9795 Win64 Development -TargetType=Editor -Project="C:/Users/s181813/Documents/GitHub/GhoulsAndGoblins/GhoulsAndGoodies/GhoulsAndGoodies.uproject" "C:/Users/s181813/Documents/GitHub/GhoulsAndGoblins/GhoulsAndGoodies/GhoulsAndGoodies.uproject"  -IgnoreJunk]
[2020.08.10-23.42.03:231][455]Warning: Starting HotReload took  0.0s.
[2020.08.10-23.42.13:323][652]CompilerResultsLog: New page: Compilation - 11 Aug 2020 7:42:13 pm
[2020.08.10-23.42.13:323][652]CompilerResultsLog: Using 'git status' to determine working set for adaptive non-unity build (C:\Users\s181813\Documents\GitHub\GhoulsAndGoblins).
[2020.08.10-23.42.13:323][652]CompilerResultsLog: Parsing headers for GhoulsAndGoodiesEditor
[2020.08.10-23.42.13:323][652]CompilerResultsLog:   Running UnrealHeaderTool "C:\Users\s181813\Documents\GitHub\GhoulsAndGoblins\GhoulsAndGoodies\GhoulsAndGoodies.uproject" "C:\Users\s181813\Documents\GitHub\GhoulsAndGoblins\GhoulsAndGoodies\Intermediate\Build\Win64\GhoulsAndGoodiesEditor\Development\GhoulsAndGoodiesEditor.uhtmanifest" -LogCmds="loginit warning, logexit warning, logdatabase error" -Unattended -WarningsAsErrors -installed
[2020.08.10-23.42.13:323][652]CompilerResultsLog: Reflection code generated for GhoulsAndGoodiesEditor in 5.9453537 seconds
[2020.08.10-23.42.13:323][652]CompilerResultsLog: Using Visual Studio 2019 14.24.28314 toolchain (C:\Program Files (x86)\Microsoft Visual Studio\2019\Enterprise\VC\Tools\MSVC\14.24.28314) and Windows 10.0.18362.0 SDK (C:\Program Files (x86)\Windows Kits\10).
[2020.08.10-23.42.13:323][652]CompilerResultsLog: Building 4 actions with 8 processes...
[2020.08.10-23.42.13:324][652]CompilerResultsLog:   [1/4] EnemyAIController.cpp
[2020.08.10-23.42.13:324][652]CompilerResultsLog:   [2/4] UE4Editor-GhoulsAndGoodies-9795.lib
[2020.08.10-23.42.13:324][652]CompilerResultsLog:      Creating library C:\Users\s181813\Documents\GitHub\GhoulsAndGoblins\GhoulsAndGoodies\Intermediate\Build\Win64\UE4Editor\Development\GhoulsAndGoodies\UE4Editor-GhoulsAndGoodies-9795.lib and object C:\Users\s181813\Documents\GitHub\GhoulsAndGoblins\GhoulsAndGoodies\Intermediate\Build\Win64\UE4Editor\Development\GhoulsAndGoodies\UE4Editor-GhoulsAndGoodies-9795.exp
[2020.08.10-23.42.13:324][652]CompilerResultsLog:   [3/4] UE4Editor-GhoulsAndGoodies-9795.dll
[2020.08.10-23.42.13:324][652]CompilerResultsLog:      Creating library C:\Users\s181813\Documents\GitHub\GhoulsAndGoblins\GhoulsAndGoodies\Intermediate\Build\Win64\UE4Editor\Development\GhoulsAndGoodies\UE4Editor-GhoulsAndGoodies-9795.suppressed.lib and object C:\Users\s181813\Documents\GitHub\GhoulsAndGoblins\GhoulsAndGoodies\Intermediate\Build\Win64\UE4Editor\Development\GhoulsAndGoodies\UE4Editor-GhoulsAndGoodies-9795.suppressed.exp
[2020.08.10-23.42.13:324][652]CompilerResultsLog:   [4/4] GhoulsAndGoodiesEditor.target
[2020.08.10-23.42.13:324][652]CompilerResultsLog: Total time in Parallel executor: 2.93 seconds
[2020.08.10-23.42.13:324][652]CompilerResultsLog: Total execution time: 10.00 seconds
[2020.08.10-23.42.13:324][652]LogMainFrame: MainFrame: Module compiling took 10.100 seconds
[2020.08.10-23.42.13:348][652]LogUObjectHash: Compacting FUObjectHashTables data took   1.00ms
[2020.08.10-23.42.13:366][652]LogClass: Could not find existing class EnemyAIController in package /Script/GhoulsAndGoodies for HotReload, assuming new class
[2020.08.10-23.42.13:370][652]LogUObjectGlobals: Warning: Failed to find object 'BlackboardComponent /Game/TopDownCPP/AI/EnemyBlackBoard.EnemyBlackBoard'
[2020.08.10-23.42.13:370][652]Error: CDO Constructor (EnemyAIController): Failed to find BlackboardData'/Game/TopDownCPP/AI/EnemyBlackBoard.EnemyBlackBoard'

[2020.08.10-23.42.14:648][652]LogWindows: Error: === Critical error: ===
[2020.08.10-23.42.14:648][652]LogWindows: Error: 
[2020.08.10-23.42.14:648][652]LogWindows: Error: Fatal error!
[2020.08.10-23.42.14:648][652]LogWindows: Error: 
[2020.08.10-23.42.14:648][652]LogWindows: Error: Unhandled Exception: EXCEPTION_ACCESS_VIOLATION reading address 0x000000f0
[2020.08.10-23.42.14:648][652]LogWindows: Error: 
[2020.08.10-23.42.14:648][652]LogWindows: Error: [Callstack] 0x00007ffae2bf3c40 UE4Editor-AIModule.dll!UnknownFunction []
[2020.08.10-23.42.14:648][652]LogWindows: Error: [Callstack] 0x00007ffb25ea398b UE4Editor-GhoulsAndGoodies-9795.dll!AEnemyAIController::AEnemyAIController() [C:\Users\s181813\Documents\GitHub\GhoulsAndGoblins\GhoulsAndGoodies\Source\GhoulsAndGoodies\EnemyAIController.cpp:19]
[2020.08.10-23.42.14:648][652]LogWindows: Error: [Callstack] 0x00007ffb139e09a5 UE4Editor-CoreUObject.dll!UnknownFunction []
[2020.08.10-23.42.14:648][652]LogWindows: Error: [Callstack] 0x00007ffb13c53e5a UE4Editor-CoreUObject.dll!UnknownFunction []
[2020.08.10-23.42.14:648][652]LogWindows: Error: [Callstack] 0x00007ffb13c32246 UE4Editor-CoreUObject.dll!UnknownFunction []
[2020.08.10-23.42.14:648][652]LogWindows: Error: [Callstack] 0x00007ffb13b64fd5 UE4Editor-CoreUObject.dll!UnknownFunction []
[2020.08.10-23.42.14:648][652]LogWindows: Error: [Callstack] 0x00007ffb1a1c83d7 UE4Editor-Core.dll!UnknownFunction []
[2020.08.10-23.42.14:648][652]LogWindows: Error: [Callstack] 0x00007ffb1a1e0ccb UE4Editor-Core.dll!UnknownFunction []
[2020.08.10-23.42.14:648][652]LogWindows: Error: [Callstack] 0x00007ffb1a1dfe63 UE4Editor-Core.dll!UnknownFunction []
[2020.08.10-23.42.14:648][652]LogWindows: Error: [Callstack] 0x00007ffad280d5c3 UE4Editor-HotReload.dll!UnknownFunction []
[2020.08.10-23.42.14:648][652]LogWindows: Error: [Callstack] 0x00007ffad280b267 UE4Editor-HotReload.dll!UnknownFunction []
[2020.08.10-23.42.14:648][652]LogWindows: Error: [Callstack] 0x00007ffad280bc86 UE4Editor-HotReload.dll!UnknownFunction []
[2020.08.10-23.42.14:648][652]LogWindows: Error: [Callstack] 0x00007ffad281c48f UE4Editor-HotReload.dll!UnknownFunction []
[2020.08.10-23.42.14:648][652]LogWindows: Error: [Callstack] 0x00007ffb19f7382d UE4Editor-Core.dll!UnknownFunction []
[2020.08.10-23.42.14:648][652]LogWindows: Error: [Callstack] 0x00007ff620a7a93e UE4Editor.exe!UnknownFunction []
[2020.08.10-23.42.14:648][652]LogWindows: Error: [Callstack] 0x00007ff620a8a91c UE4Editor.exe!UnknownFunction []
[2020.08.10-23.42.14:648][652]LogWindows: Error: [Callstack] 0x00007ff620a8a9fa UE4Editor.exe!UnknownFunction []
[2020.08.10-23.42.14:648][652]LogWindows: Error: [Callstack] 0x00007ff620a9b92c UE4Editor.exe!UnknownFunction []
[2020.08.10-23.42.14:648][652]LogWindows: Error: [Callstack] 0x00007ff620a9e60e UE4Editor.exe!UnknownFunction []
[2020.08.10-23.42.14:648][652]LogWindows: Error: [Callstack] 0x00007ffb331c7bd4 KERNEL32.DLL!UnknownFunction []
[2020.08.10-23.42.14:648][652]LogWindows: Error: [Callstack] 0x00007ffb3472ced1 ntdll.dll!UnknownFunction []
[2020.08.10-23.42.14:648][652]LogWindows: Error: 
[2020.08.10-23.42.14:670][652]LogExit: Executing StaticShutdownAfterError
[2020.08.10-23.42.14:673][652]LogWindows: FPlatformMisc::RequestExit(1)
[2020.08.10-23.42.14:683][652]Log file closed, 08/11/20 09:42:14
