Log file open, 10/14/20 06:39:15
LogWindows: Failed to load 'aqProf.dll' (GetLastError=126)
LogWindows: File 'aqProf.dll' does not exist
LogWindows: Failed to load 'VtuneApi.dll' (GetLastError=126)
LogWindows: File 'VtuneApi.dll' does not exist
LogWindows: Failed to load 'VtuneApi32e.dll' (GetLastError=126)
LogWindows: File 'VtuneApi32e.dll' does not exist
LogConsoleResponse: Display: Failed to find resolution value strings in scalability ini. Falling back to default.
LogInit: Display: Running engine for game: GhoulsAndGoodies
LogPlatformFile: Not using cached read wrapper
LogTaskGraph: Started task graph with 5 named threads and 23 total threads with 3 sets of task threads.
LogStats: Stats thread started at 0.097221
LogD3D11RHI: Loaded GFSDK_Aftermath_Lib.x64.dll
LogICUInternationalization: ICU TimeZone Detection - Raw Offset: +10:00, Platform Override: ''
LogPluginManager: Mounting plugin Paper2D
LogPluginManager: Mounting plugin AISupport
LogPluginManager: Mounting plugin LightPropagationVolume
LogPluginManager: Mounting plugin ActorLayerUtilities
LogPluginManager: Mounting plugin AnimationSharing
LogPluginManager: Mounting plugin CLionSourceCodeAccess
LogPluginManager: Mounting plugin CodeLiteSourceCodeAccess
LogPluginManager: Mounting plugin GitSourceControl
LogPluginManager: Mounting plugin KDevelopSourceCodeAccess
LogPluginManager: Mounting plugin NullSourceCodeAccess
LogPluginManager: Mounting plugin PerforceSourceControl
LogPluginManager: Mounting plugin SubversionSourceControl
LogPluginManager: Mounting plugin UObjectPlugin
LogPluginManager: Mounting plugin VisualStudioCodeSourceCodeAccess
LogPluginManager: Mounting plugin VisualStudioSourceCodeAccess
LogPluginManager: Mounting plugin XCodeSourceCodeAccess
LogPluginManager: Mounting plugin AssetManagerEditor
LogPluginManager: Mounting plugin CryptoKeys
LogPluginManager: Mounting plugin CurveEditorTools
LogPluginManager: Mounting plugin DataValidation
LogPluginManager: Mounting plugin FacialAnimation
LogPluginManager: Mounting plugin GameplayTagsEditor
LogPluginManager: Mounting plugin MacGraphicsSwitching
LogPluginManager: Mounting plugin MaterialAnalyzer
LogPluginManager: Mounting plugin MobileLauncherProfileWizard
LogPluginManager: Mounting plugin PluginBrowser
LogPluginManager: Mounting plugin SpeedTreeImporter
LogPluginManager: Mounting plugin DatasmithContent
LogPluginManager: Mounting plugin VariantManagerContent
LogPluginManager: Mounting plugin AlembicImporter
LogPluginManager: Mounting plugin AutomationUtils
LogPluginManager: Mounting plugin BackChannel
LogPluginManager: Mounting plugin CharacterAI
LogPluginManager: Mounting plugin GeometryCache
LogPluginManager: Mounting plugin HTML5Networking
LogPluginManager: Mounting plugin PlatformCrypto
LogPluginManager: Mounting plugin ProxyLODPlugin
LogPluginManager: Mounting plugin SkeletalReduction
LogPluginManager: Mounting plugin MagicLeap
LogPluginManager: Mounting plugin MagicLeapMedia
LogPluginManager: Mounting plugin AndroidMedia
LogPluginManager: Mounting plugin AvfMedia
LogPluginManager: Mounting plugin ImgMedia
LogPluginManager: Mounting plugin MediaCompositing
LogPluginManager: Mounting plugin MediaPlayerEditor
LogPluginManager: Mounting plugin WebMMedia
LogPluginManager: Mounting plugin WmfMedia
LogPluginManager: Mounting plugin TcpMessaging
LogPluginManager: Mounting plugin UdpMessaging
LogPluginManager: Mounting plugin ActorSequence
LogPluginManager: Mounting plugin LevelSequenceEditor
LogPluginManager: Mounting plugin MatineeToLevelSequence
LogPluginManager: Mounting plugin NetcodeUnitTest
LogPluginManager: Mounting plugin NUTUnrealEngine4
LogPluginManager: Mounting plugin OnlineSubsystemGooglePlay
LogPluginManager: Mounting plugin OnlineSubsystemIOS
LogPluginManager: Mounting plugin OnlineSubsystem
LogPluginManager: Mounting plugin OnlineSubsystemNull
LogPluginManager: Mounting plugin OnlineSubsystemUtils
LogPluginManager: Mounting plugin LauncherChunkInstaller
LogPluginManager: Mounting plugin AndroidDeviceProfileSelector
LogPluginManager: Mounting plugin AndroidMoviePlayer
LogPluginManager: Mounting plugin AndroidPermission
LogPluginManager: Mounting plugin AppleImageUtils
LogPluginManager: Mounting plugin AppleMoviePlayer
LogPluginManager: Mounting plugin ArchVisCharacter
LogPluginManager: Mounting plugin AudioCapture
LogPluginManager: Mounting plugin CableComponent
LogPluginManager: Mounting plugin CustomMeshComponent
LogPluginManager: Mounting plugin EditableMesh
LogPluginManager: Mounting plugin ExampleDeviceProfileSelector
LogPluginManager: Mounting plugin GoogleCloudMessaging
LogPluginManager: Mounting plugin IOSDeviceProfileSelector
LogPluginManager: Mounting plugin LinuxDeviceProfileSelector
LogPluginManager: Mounting plugin LocationServicesBPLibrary
LogPluginManager: Mounting plugin MobilePatchingUtils
LogPluginManager: Mounting plugin OculusVR
LogPluginManager: Mounting plugin PhysXVehicles
LogPluginManager: Mounting plugin ProceduralMeshComponent
LogPluginManager: Mounting plugin RuntimePhysXCooking
LogPluginManager: Mounting plugin SignificanceManager
LogPluginManager: Mounting plugin SteamVR
LogPluginManager: Mounting plugin WebMMoviePlayer
LogPluginManager: Mounting plugin WindowsMoviePlayer
LogPluginManager: Mounting plugin ScreenshotTools
LogInit: Using libcurl 7.55.1-DEV
LogInit:  - built for x86_64-pc-win32
LogInit:  - supports SSL with OpenSSL/1.1.1
LogInit:  - supports HTTP deflate (compression) using libz 1.2.8
LogInit:  - other features:
LogInit:      CURL_VERSION_SSL
LogInit:      CURL_VERSION_LIBZ
LogInit:      CURL_VERSION_IPV6
LogInit:      CURL_VERSION_ASYNCHDNS
LogInit:      CURL_VERSION_LARGEFILE
LogInit:      CURL_VERSION_IDN
LogInit:  CurlRequestOptions (configurable via config and command line):
LogInit:  - bVerifyPeer = true  - Libcurl will verify peer certificate
LogInit:  - bUseHttpProxy = false  - Libcurl will NOT use HTTP proxy
LogInit:  - bDontReuseConnections = false  - Libcurl will reuse connections
LogInit:  - MaxHostConnections = 16  - Libcurl will limit the number of connections to a host
LogInit:  - LocalHostAddr = Default
LogInit:  - BufferSize = 65536
LogOnline: OSS: Creating online subsystem instance for: NULL
LogInit: WinSock: version 1.1 (2.2), MaxSocks=32767, MaxUdp=65467
LogInit: Build: ++UE4+Release-4.23-CL-9631420
LogInit: Engine Version: 4.23.1-9631420+++UE4+Release-4.23
LogInit: Compatible Engine Version: 4.23.0-8386587+++UE4+Release-4.23
LogInit: Net CL: 8386587
LogInit: OS: Windows 10 (Release 1909) (), CPU: Intel(R) Core(TM) i7-7700HQ CPU @ 2.80GHz, GPU: Intel(R) HD Graphics 630
LogInit: Compiled (64-bit): Oct 18 2019 02:07:44
LogInit: Compiled with Visual C++: 19.16.27030.01
LogInit: Build Configuration: Development
LogInit: Branch Name: ++UE4+Release-4.23
LogInit: Command Line: 
LogInit: Base Directory: D:/Program Files (x86)/UE_4.23/Engine/Binaries/Win64/
LogInit: Installed Engine Build: 1
LogDevObjectVersion: Number of dev versions registered: 23
LogDevObjectVersion:   Dev-Blueprints (B0D832E4-1F89-4F0D-ACCF-7EB736FD4AA2): 10
LogDevObjectVersion:   Dev-Build (E1C64328-A22C-4D53-A36C-8E866417BD8C): 0
LogDevObjectVersion:   Dev-Core (375EC13C-06E4-48FB-B500-84F0262A717E): 3
LogDevObjectVersion:   Dev-Editor (E4B068ED-F494-42E9-A231-DA0B2E46BB41): 34
LogDevObjectVersion:   Dev-Framework (CFFC743F-43B0-4480-9391-14DF171D2073): 35
LogDevObjectVersion:   Dev-Mobile (B02B49B5-BB20-44E9-A304-32B752E40360): 2
LogDevObjectVersion:   Dev-Networking (A4E4105C-59A1-49B5-A7C5-40C4547EDFEE): 0
LogDevObjectVersion:   Dev-Online (39C831C9-5AE6-47DC-9A44-9C173E1C8E7C): 0
LogDevObjectVersion:   Dev-Physics (78F01B33-EBEA-4F98-B9B4-84EACCB95AA2): 0
LogDevObjectVersion:   Dev-Platform (6631380F-2D4D-43E0-8009-CF276956A95A): 0
LogDevObjectVersion:   Dev-Rendering (12F88B9F-8875-4AFC-A67C-D90C383ABD29): 31
LogDevObjectVersion:   Dev-Sequencer (7B5AE74C-D270-4C10-A958-57980B212A5A): 11
LogDevObjectVersion:   Dev-VR (D7296918-1DD6-4BDD-9DE2-64A83CC13884): 2
LogDevObjectVersion:   Dev-LoadTimes (C2A15278-BFE7-4AFE-6C17-90FF531DF755): 1
LogDevObjectVersion:   Private-Geometry (6EACA3D4-40EC-4CC1-B786-8BED09428FC5): 3
LogDevObjectVersion:   Dev-AnimPhys (29E575DD-E0A3-4627-9D10-D276232CDCEA): 17
LogDevObjectVersion:   Dev-Anim (AF43A65D-7FD3-4947-9873-3E8ED9C1BB05): 2
LogDevObjectVersion:   Dev-ReflectionCapture (6B266CEC-1EC7-4B8F-A30B-E4D90942FC07): 1
LogDevObjectVersion:   Dev-Automation (0DF73D61-A23F-47EA-B727-89E90C41499A): 1
LogDevObjectVersion:   FortniteMain (601D1886-AC64-4F84-AA16-D3DE0DEAC7D6): 27
LogDevObjectVersion:   Dev-Enterprise (9DFFBCD6-494F-0158-E221-12823C92A888): 6
LogDevObjectVersion:   Dev-Niagara (F2AED0AC-9AFE-416F-8664-AA7FFA26D6FC): 1
LogDevObjectVersion:   Dev-Destruction (174F1F0B-B4C6-45A5-B13F-2EE8D0FB917D): 9
LogInit: Presizing for max 16777216 objects, including 0 objects not considered by GC, pre-allocating 0 bytes for permanent pool.
LogInit: Object subsystem initialized
LogConfig: Setting CVar [[con.DebugEarlyDefault:1]]
LogConfig: Setting CVar [[r.setres:1280x720]]
[2020.10.13-19.39.15:615][  0]LogConfig: Setting CVar [[r.VSync:0]]
[2020.10.13-19.39.15:615][  0]LogConfig: Setting CVar [[r.RHICmdBypass:0]]
[2020.10.13-19.39.15:615][  0]LogConfig: Applying CVar settings from Section [/Script/Engine.RendererSettings] File [D:/Documents/GitHub/GhoulsAndGoblins/GhoulsAndGoodies/Saved/Config/Windows/Engine.ini]
[2020.10.13-19.39.15:615][  0]LogConfig: Setting CVar [[r.GPUCrashDebugging:0]]
[2020.10.13-19.39.15:615][  0]LogConfig: Setting CVar [[r.AllowStaticLighting:0]]
[2020.10.13-19.39.15:615][  0]LogConfig: Applying CVar settings from Section [/Script/Engine.RendererOverrideSettings] File [D:/Documents/GitHub/GhoulsAndGoblins/GhoulsAndGoodies/Saved/Config/Windows/Engine.ini]
[2020.10.13-19.39.15:615][  0]LogConfig: Applying CVar settings from Section [/Script/Engine.StreamingSettings] File [D:/Documents/GitHub/GhoulsAndGoblins/GhoulsAndGoodies/Saved/Config/Windows/Engine.ini]
[2020.10.13-19.39.15:615][  0]LogConfig: Setting CVar [[s.MinBulkDataSizeForAsyncLoading:131072]]
[2020.10.13-19.39.15:615][  0]LogConfig: Setting CVar [[s.AsyncLoadingThreadEnabled:0]]
[2020.10.13-19.39.15:615][  0]LogConfig: Setting CVar [[s.EventDrivenLoaderEnabled:1]]
[2020.10.13-19.39.15:615][  0]LogConfig: Setting CVar [[s.WarnIfTimeLimitExceeded:0]]
[2020.10.13-19.39.15:615][  0]LogConfig: Setting CVar [[s.TimeLimitExceededMultiplier:1.5]]
[2020.10.13-19.39.15:615][  0]LogConfig: Setting CVar [[s.TimeLimitExceededMinTime:0.005]]
[2020.10.13-19.39.15:615][  0]LogConfig: Setting CVar [[s.UseBackgroundLevelStreaming:1]]
[2020.10.13-19.39.15:615][  0]LogConfig: Setting CVar [[s.PriorityAsyncLoadingExtraTime:15.0]]
[2020.10.13-19.39.15:615][  0]LogConfig: Setting CVar [[s.LevelStreamingActorsUpdateTimeLimit:5.0]]
[2020.10.13-19.39.15:616][  0]LogConfig: Setting CVar [[s.PriorityLevelStreamingActorsUpdateExtraTime:5.0]]
[2020.10.13-19.39.15:616][  0]LogConfig: Setting CVar [[s.LevelStreamingComponentsRegistrationGranularity:10]]
[2020.10.13-19.39.15:616][  0]LogConfig: Setting CVar [[s.UnregisterComponentsTimeLimit:1.0]]
[2020.10.13-19.39.15:616][  0]LogConfig: Setting CVar [[s.LevelStreamingComponentsUnregistrationGranularity:5]]
[2020.10.13-19.39.15:616][  0]LogConfig: Applying CVar settings from Section [/Script/Engine.GarbageCollectionSettings] File [D:/Documents/GitHub/GhoulsAndGoblins/GhoulsAndGoodies/Saved/Config/Windows/Engine.ini]
[2020.10.13-19.39.15:616][  0]LogConfig: Setting CVar [[gc.MaxObjectsNotConsideredByGC:1]]
[2020.10.13-19.39.15:616][  0]LogConfig: Setting CVar [[gc.SizeOfPermanentObjectPool:0]]
[2020.10.13-19.39.15:616][  0]LogConfig: Setting CVar [[gc.FlushStreamingOnGC:0]]
[2020.10.13-19.39.15:616][  0]LogConfig: Setting CVar [[gc.NumRetriesBeforeForcingGC:10]]
[2020.10.13-19.39.15:616][  0]LogConfig: Setting CVar [[gc.AllowParallelGC:1]]
[2020.10.13-19.39.15:616][  0]LogConfig: Setting CVar [[gc.TimeBetweenPurgingPendingKillObjects:61.1]]
[2020.10.13-19.39.15:616][  0]LogConfig: Setting CVar [[gc.MaxObjectsInEditor:16777216]]
[2020.10.13-19.39.15:616][  0]LogConfig: Setting CVar [[gc.IncrementalBeginDestroyEnabled:1]]
[2020.10.13-19.39.15:616][  0]LogConfig: Setting CVar [[gc.CreateGCClusters:1]]
[2020.10.13-19.39.15:616][  0]LogConfig: Setting CVar [[gc.MinGCClusterSize:5]]
[2020.10.13-19.39.15:616][  0]LogConfig: Setting CVar [[gc.ActorClusteringEnabled:0]]
[2020.10.13-19.39.15:616][  0]LogConfig: Setting CVar [[gc.BlueprintClusteringEnabled:0]]
[2020.10.13-19.39.15:616][  0]LogConfig: Setting CVar [[gc.UseDisregardForGCOnDedicatedServers:0]]
[2020.10.13-19.39.15:616][  0]LogConfig: Applying CVar settings from Section [/Script/Engine.NetworkSettings] File [D:/Documents/GitHub/GhoulsAndGoblins/GhoulsAndGoodies/Saved/Config/Windows/Engine.ini]
[2020.10.13-19.39.15:616][  0]LogConfig: Applying CVar settings from Section [/Script/UnrealEd.CookerSettings] File [D:/Documents/GitHub/GhoulsAndGoblins/GhoulsAndGoodies/Saved/Config/Windows/Engine.ini]
[2020.10.13-19.39.15:618][  0]LogConfig: Applying CVar settings from Section [ViewDistanceQuality@3] File [D:/Documents/GitHub/GhoulsAndGoblins/GhoulsAndGoodies/Saved/Config/Windows/Scalability.ini]
[2020.10.13-19.39.15:618][  0]LogConfig: Setting CVar [[r.SkeletalMeshLODBias:0]]
[2020.10.13-19.39.15:618][  0]LogConfig: Setting CVar [[r.ViewDistanceScale:1.0]]
[2020.10.13-19.39.15:619][  0]LogConfig: Applying CVar settings from Section [AntiAliasingQuality@3] File [D:/Documents/GitHub/GhoulsAndGoblins/GhoulsAndGoodies/Saved/Config/Windows/Scalability.ini]
[2020.10.13-19.39.15:619][  0]LogConfig: Setting CVar [[r.PostProcessAAQuality:4]]
[2020.10.13-19.39.15:619][  0]LogConfig: Applying CVar settings from Section [ShadowQuality@3] File [D:/Documents/GitHub/GhoulsAndGoblins/GhoulsAndGoodies/Saved/Config/Windows/Scalability.ini]
[2020.10.13-19.39.15:619][  0]LogConfig: Setting CVar [[r.LightFunctionQuality:1]]
[2020.10.13-19.39.15:619][  0]LogConfig: Setting CVar [[r.ShadowQuality:5]]
[2020.10.13-19.39.15:619][  0]LogConfig: Setting CVar [[r.Shadow.CSM.MaxCascades:10]]
[2020.10.13-19.39.15:619][  0]LogConfig: Setting CVar [[r.Shadow.MaxResolution:2048]]
[2020.10.13-19.39.15:619][  0]LogConfig: Setting CVar [[r.Shadow.MaxCSMResolution:2048]]
[2020.10.13-19.39.15:619][  0]LogConfig: Setting CVar [[r.Shadow.RadiusThreshold:0.01]]
[2020.10.13-19.39.15:619][  0]LogConfig: Setting CVar [[r.Shadow.DistanceScale:1.0]]
[2020.10.13-19.39.15:619][  0]LogConfig: Setting CVar [[r.Shadow.CSM.TransitionScale:1.0]]
[2020.10.13-19.39.15:619][  0]LogConfig: Setting CVar [[r.Shadow.PreShadowResolutionFactor:1.0]]
[2020.10.13-19.39.15:619][  0]LogConfig: Setting CVar [[r.DistanceFieldShadowing:1]]
[2020.10.13-19.39.15:619][  0]LogConfig: Setting CVar [[r.DistanceFieldAO:1]]
[2020.10.13-19.39.15:619][  0]LogConfig: Setting CVar [[r.AOQuality:2]]
[2020.10.13-19.39.15:619][  0]LogConfig: Setting CVar [[r.VolumetricFog:1]]
[2020.10.13-19.39.15:619][  0]LogConfig: Setting CVar [[r.VolumetricFog.GridPixelSize:8]]
[2020.10.13-19.39.15:619][  0]LogConfig: Setting CVar [[r.VolumetricFog.GridSizeZ:128]]
[2020.10.13-19.39.15:619][  0]LogConfig: Setting CVar [[r.VolumetricFog.HistoryMissSupersampleCount:4]]
[2020.10.13-19.39.15:619][  0]LogConfig: Setting CVar [[r.LightMaxDrawDistanceScale:1]]
[2020.10.13-19.39.15:619][  0]LogConfig: Setting CVar [[r.CapsuleShadows:1]]
[2020.10.13-19.39.15:619][  0]LogConfig: Applying CVar settings from Section [PostProcessQuality@3] File [D:/Documents/GitHub/GhoulsAndGoblins/GhoulsAndGoodies/Saved/Config/Windows/Scalability.ini]
[2020.10.13-19.39.15:619][  0]LogConfig: Setting CVar [[r.MotionBlurQuality:4]]
[2020.10.13-19.39.15:619][  0]LogConfig: Setting CVar [[r.AmbientOcclusionMipLevelFactor:0.4]]
[2020.10.13-19.39.15:619][  0]LogConfig: Setting CVar [[r.AmbientOcclusionMaxQuality:100]]
[2020.10.13-19.39.15:619][  0]LogConfig: Setting CVar [[r.AmbientOcclusionLevels:-1]]
[2020.10.13-19.39.15:619][  0]LogConfig: Setting CVar [[r.AmbientOcclusionRadiusScale:1.0]]
[2020.10.13-19.39.15:619][  0]LogConfig: Setting CVar [[r.DepthOfFieldQuality:2]]
[2020.10.13-19.39.15:619][  0]LogConfig: Setting CVar [[r.RenderTargetPoolMin:400]]
[2020.10.13-19.39.15:619][  0]LogConfig: Setting CVar [[r.LensFlareQuality:2]]
[2020.10.13-19.39.15:619][  0]LogConfig: Setting CVar [[r.SceneColorFringeQuality:1]]
[2020.10.13-19.39.15:619][  0]LogConfig: Setting CVar [[r.EyeAdaptationQuality:2]]
[2020.10.13-19.39.15:619][  0]LogConfig: Setting CVar [[r.BloomQuality:5]]
[2020.10.13-19.39.15:619][  0]LogConfig: Setting CVar [[r.FastBlurThreshold:100]]
[2020.10.13-19.39.15:619][  0]LogConfig: Setting CVar [[r.Upscale.Quality:3]]
[2020.10.13-19.39.15:619][  0]LogConfig: Setting CVar [[r.Tonemapper.GrainQuantization:1]]
[2020.10.13-19.39.15:619][  0]LogConfig: Setting CVar [[r.LightShaftQuality:1]]
[2020.10.13-19.39.15:619][  0]LogConfig: Setting CVar [[r.Filter.SizeScale:1]]
[2020.10.13-19.39.15:619][  0]LogConfig: Setting CVar [[r.Tonemapper.Quality:5]]
[2020.10.13-19.39.15:619][  0]LogConfig: Setting CVar [[r.DOF.Gather.AccumulatorQuality:1        ; higher gathering accumulator quality]]
[2020.10.13-19.39.15:619][  0]LogConfig: Setting CVar [[r.DOF.Gather.PostfilterMethod:1          ; Median3x3 postfilering method]]
[2020.10.13-19.39.15:619][  0]LogConfig: Setting CVar [[r.DOF.Gather.EnableBokehSettings:0       ; no bokeh simulation when gathering]]
[2020.10.13-19.39.15:619][  0]LogConfig: Setting CVar [[r.DOF.Gather.RingCount:4                 ; medium number of samples when gathering]]
[2020.10.13-19.39.15:619][  0]LogConfig: Setting CVar [[r.DOF.Scatter.ForegroundCompositing:1    ; additive foreground scattering]]
[2020.10.13-19.39.15:619][  0]LogConfig: Setting CVar [[r.DOF.Scatter.BackgroundCompositing:2    ; additive background scattering]]
[2020.10.13-19.39.15:619][  0]LogConfig: Setting CVar [[r.DOF.Scatter.EnableBokehSettings:1      ; bokeh simulation when scattering]]
[2020.10.13-19.39.15:619][  0]LogConfig: Setting CVar [[r.DOF.Scatter.MaxSpriteRatio:0.1         ; only a maximum of 10% of scattered bokeh]]
[2020.10.13-19.39.15:619][  0]LogConfig: Setting CVar [[r.DOF.Recombine.Quality:1                ; cheap slight out of focus]]
[2020.10.13-19.39.15:619][  0]LogConfig: Setting CVar [[r.DOF.Recombine.EnableBokehSettings:0    ; no bokeh simulation on slight out of focus]]
[2020.10.13-19.39.15:619][  0]LogConfig: Setting CVar [[r.DOF.TemporalAAQuality:1                ; more stable temporal accumulation]]
[2020.10.13-19.39.15:619][  0]LogConfig: Setting CVar [[r.DOF.Kernel.MaxForegroundRadius:0.025]]
[2020.10.13-19.39.15:619][  0]LogConfig: Setting CVar [[r.DOF.Kernel.MaxBackgroundRadius:0.025]]
[2020.10.13-19.39.15:619][  0]LogConfig: Applying CVar settings from Section [TextureQuality@3] File [D:/Documents/GitHub/GhoulsAndGoblins/GhoulsAndGoodies/Saved/Config/Windows/Scalability.ini]
[2020.10.13-19.39.15:619][  0]LogConfig: Setting CVar [[r.Streaming.MipBias:0]]
[2020.10.13-19.39.15:619][  0]LogConfig: Setting CVar [[r.Streaming.AmortizeCPUToGPUCopy:0]]
[2020.10.13-19.39.15:619][  0]LogConfig: Setting CVar [[r.Streaming.MaxNumTexturesToStreamPerFrame:0]]
[2020.10.13-19.39.15:619][  0]LogConfig: Setting CVar [[r.Streaming.Boost:1]]
[2020.10.13-19.39.15:619][  0]LogConfig: Setting CVar [[r.MaxAnisotropy:8]]
[2020.10.13-19.39.15:619][  0]LogConfig: Setting CVar [[r.Streaming.LimitPoolSizeToVRAM:0]]
[2020.10.13-19.39.15:619][  0]LogConfig: Setting CVar [[r.Streaming.PoolSize:1000]]
[2020.10.13-19.39.15:619][  0]LogConfig: Setting CVar [[r.Streaming.MaxEffectiveScreenSize:0]]
[2020.10.13-19.39.15:619][  0]LogConfig: Applying CVar settings from Section [EffectsQuality@3] File [D:/Documents/GitHub/GhoulsAndGoblins/GhoulsAndGoodies/Saved/Config/Windows/Scalability.ini]
[2020.10.13-19.39.15:619][  0]LogConfig: Setting CVar [[r.TranslucencyLightingVolumeDim:64]]
[2020.10.13-19.39.15:619][  0]LogConfig: Setting CVar [[r.RefractionQuality:2]]
[2020.10.13-19.39.15:619][  0]LogConfig: Setting CVar [[r.SSR.Quality:3]]
[2020.10.13-19.39.15:620][  0]LogConfig: Setting CVar [[r.SceneColorFormat:4]]
[2020.10.13-19.39.15:620][  0]LogConfig: Setting CVar [[r.DetailMode:2]]
[2020.10.13-19.39.15:620][  0]LogConfig: Setting CVar [[r.TranslucencyVolumeBlur:1]]
[2020.10.13-19.39.15:620][  0]LogConfig: Setting CVar [[r.MaterialQualityLevel:1 ; High quality]]
[2020.10.13-19.39.15:620][  0]LogConfig: Setting CVar [[r.SSS.Scale:1]]
[2020.10.13-19.39.15:620][  0]LogConfig: Setting CVar [[r.SSS.SampleSet:2]]
[2020.10.13-19.39.15:620][  0]LogConfig: Setting CVar [[r.SSS.Quality:1]]
[2020.10.13-19.39.15:620][  0]LogConfig: Setting CVar [[r.SSS.HalfRes:1]]
[2020.10.13-19.39.15:620][  0]LogConfig: Setting CVar [[r.EmitterSpawnRateScale:1.0]]
[2020.10.13-19.39.15:620][  0]LogConfig: Setting CVar [[r.ParticleLightQuality:2]]
[2020.10.13-19.39.15:620][  0]LogConfig: Applying CVar settings from Section [FoliageQuality@3] File [D:/Documents/GitHub/GhoulsAndGoblins/GhoulsAndGoodies/Saved/Config/Windows/Scalability.ini]
[2020.10.13-19.39.15:620][  0]LogConfig: Setting CVar [[foliage.DensityScale:1.0]]
[2020.10.13-19.39.15:620][  0]LogConfig: Setting CVar [[grass.DensityScale:1.0]]
[2020.10.13-19.39.15:620][  0]LogInit: Selected Device Profile: [Windows]
[2020.10.13-19.39.15:620][  0]LogInit: Applying CVar settings loaded from the selected device profile: [Windows]
[2020.10.13-19.39.15:622][  0]LogHAL: Display: Platform has ~ 16 GB [17095811072 / 17179869184 / 16], which maps to Larger [LargestMinGB=32, LargerMinGB=12, DefaultMinGB=8, SmallerMinGB=6, SmallestMinGB=0)
[2020.10.13-19.39.15:622][  0]LogInit: Going up to parent DeviceProfile []
[2020.10.13-19.39.15:622][  0]LogConfig: Applying CVar settings from Section [ViewDistanceQuality@3] File [D:/Documents/GitHub/GhoulsAndGoblins/GhoulsAndGoodies/Saved/Config/Windows/Scalability.ini]
[2020.10.13-19.39.15:622][  0]LogConfig: Setting CVar [[r.SkeletalMeshLODBias:0]]
[2020.10.13-19.39.15:622][  0]LogConfig: Setting CVar [[r.ViewDistanceScale:1.0]]
[2020.10.13-19.39.15:622][  0]LogConfig: Applying CVar settings from Section [AntiAliasingQuality@3] File [D:/Documents/GitHub/GhoulsAndGoblins/GhoulsAndGoodies/Saved/Config/Windows/Scalability.ini]
[2020.10.13-19.39.15:622][  0]LogConfig: Setting CVar [[r.PostProcessAAQuality:4]]
[2020.10.13-19.39.15:622][  0]LogConfig: Applying CVar settings from Section [ShadowQuality@3] File [D:/Documents/GitHub/GhoulsAndGoblins/GhoulsAndGoodies/Saved/Config/Windows/Scalability.ini]
[2020.10.13-19.39.15:622][  0]LogConfig: Setting CVar [[r.LightFunctionQuality:1]]
[2020.10.13-19.39.15:622][  0]LogConfig: Setting CVar [[r.ShadowQuality:5]]
[2020.10.13-19.39.15:623][  0]LogConfig: Setting CVar [[r.Shadow.CSM.MaxCascades:10]]
[2020.10.13-19.39.15:623][  0]LogConfig: Setting CVar [[r.Shadow.MaxResolution:2048]]
[2020.10.13-19.39.15:623][  0]LogConfig: Setting CVar [[r.Shadow.MaxCSMResolution:2048]]
[2020.10.13-19.39.15:623][  0]LogConfig: Setting CVar [[r.Shadow.RadiusThreshold:0.01]]
[2020.10.13-19.39.15:623][  0]LogConfig: Setting CVar [[r.Shadow.DistanceScale:1.0]]
[2020.10.13-19.39.15:623][  0]LogConfig: Setting CVar [[r.Shadow.CSM.TransitionScale:1.0]]
[2020.10.13-19.39.15:623][  0]LogConfig: Setting CVar [[r.Shadow.PreShadowResolutionFactor:1.0]]
[2020.10.13-19.39.15:623][  0]LogConfig: Setting CVar [[r.DistanceFieldShadowing:1]]
[2020.10.13-19.39.15:623][  0]LogConfig: Setting CVar [[r.DistanceFieldAO:1]]
[2020.10.13-19.39.15:623][  0]LogConfig: Setting CVar [[r.AOQuality:2]]
[2020.10.13-19.39.15:623][  0]LogConfig: Setting CVar [[r.VolumetricFog:1]]
[2020.10.13-19.39.15:623][  0]LogConfig: Setting CVar [[r.VolumetricFog.GridPixelSize:8]]
[2020.10.13-19.39.15:623][  0]LogConfig: Setting CVar [[r.VolumetricFog.GridSizeZ:128]]
[2020.10.13-19.39.15:623][  0]LogConfig: Setting CVar [[r.VolumetricFog.HistoryMissSupersampleCount:4]]
[2020.10.13-19.39.15:623][  0]LogConfig: Setting CVar [[r.LightMaxDrawDistanceScale:1]]
[2020.10.13-19.39.15:623][  0]LogConfig: Setting CVar [[r.CapsuleShadows:1]]
[2020.10.13-19.39.15:623][  0]LogConfig: Applying CVar settings from Section [PostProcessQuality@3] File [D:/Documents/GitHub/GhoulsAndGoblins/GhoulsAndGoodies/Saved/Config/Windows/Scalability.ini]
[2020.10.13-19.39.15:623][  0]LogConfig: Setting CVar [[r.MotionBlurQuality:4]]
[2020.10.13-19.39.15:623][  0]LogConfig: Setting CVar [[r.AmbientOcclusionMipLevelFactor:0.4]]
[2020.10.13-19.39.15:623][  0]LogConfig: Setting CVar [[r.AmbientOcclusionMaxQuality:100]]
[2020.10.13-19.39.15:623][  0]LogConfig: Setting CVar [[r.AmbientOcclusionLevels:-1]]
[2020.10.13-19.39.15:623][  0]LogConfig: Setting CVar [[r.AmbientOcclusionRadiusScale:1.0]]
[2020.10.13-19.39.15:623][  0]LogConfig: Setting CVar [[r.DepthOfFieldQuality:2]]
[2020.10.13-19.39.15:623][  0]LogConfig: Setting CVar [[r.RenderTargetPoolMin:400]]
[2020.10.13-19.39.15:623][  0]LogConfig: Setting CVar [[r.LensFlareQuality:2]]
[2020.10.13-19.39.15:623][  0]LogConfig: Setting CVar [[r.SceneColorFringeQuality:1]]
[2020.10.13-19.39.15:623][  0]LogConfig: Setting CVar [[r.EyeAdaptationQuality:2]]
[2020.10.13-19.39.15:623][  0]LogConfig: Setting CVar [[r.BloomQuality:5]]
[2020.10.13-19.39.15:623][  0]LogConfig: Setting CVar [[r.FastBlurThreshold:100]]
[2020.10.13-19.39.15:623][  0]LogConfig: Setting CVar [[r.Upscale.Quality:3]]
[2020.10.13-19.39.15:623][  0]LogConfig: Setting CVar [[r.Tonemapper.GrainQuantization:1]]
[2020.10.13-19.39.15:623][  0]LogConfig: Setting CVar [[r.LightShaftQuality:1]]
[2020.10.13-19.39.15:623][  0]LogConfig: Setting CVar [[r.Filter.SizeScale:1]]
[2020.10.13-19.39.15:623][  0]LogConfig: Setting CVar [[r.Tonemapper.Quality:5]]
[2020.10.13-19.39.15:623][  0]LogConfig: Setting CVar [[r.DOF.Gather.AccumulatorQuality:1        ; higher gathering accumulator quality]]
[2020.10.13-19.39.15:623][  0]LogConfig: Setting CVar [[r.DOF.Gather.PostfilterMethod:1          ; Median3x3 postfilering method]]
[2020.10.13-19.39.15:623][  0]LogConfig: Setting CVar [[r.DOF.Gather.EnableBokehSettings:0       ; no bokeh simulation when gathering]]
[2020.10.13-19.39.15:623][  0]LogConfig: Setting CVar [[r.DOF.Gather.RingCount:4                 ; medium number of samples when gathering]]
[2020.10.13-19.39.15:623][  0]LogConfig: Setting CVar [[r.DOF.Scatter.ForegroundCompositing:1    ; additive foreground scattering]]
[2020.10.13-19.39.15:623][  0]LogConfig: Setting CVar [[r.DOF.Scatter.BackgroundCompositing:2    ; additive background scattering]]
[2020.10.13-19.39.15:623][  0]LogConfig: Setting CVar [[r.DOF.Scatter.EnableBokehSettings:1      ; bokeh simulation when scattering]]
[2020.10.13-19.39.15:623][  0]LogConfig: Setting CVar [[r.DOF.Scatter.MaxSpriteRatio:0.1         ; only a maximum of 10% of scattered bokeh]]
[2020.10.13-19.39.15:623][  0]LogConfig: Setting CVar [[r.DOF.Recombine.Quality:1                ; cheap slight out of focus]]
[2020.10.13-19.39.15:623][  0]LogConfig: Setting CVar [[r.DOF.Recombine.EnableBokehSettings:0    ; no bokeh simulation on slight out of focus]]
[2020.10.13-19.39.15:623][  0]LogConfig: Setting CVar [[r.DOF.TemporalAAQuality:1                ; more stable temporal accumulation]]
[2020.10.13-19.39.15:623][  0]LogConfig: Setting CVar [[r.DOF.Kernel.MaxForegroundRadius:0.025]]
[2020.10.13-19.39.15:623][  0]LogConfig: Setting CVar [[r.DOF.Kernel.MaxBackgroundRadius:0.025]]
[2020.10.13-19.39.15:623][  0]LogConfig: Applying CVar settings from Section [TextureQuality@3] File [D:/Documents/GitHub/GhoulsAndGoblins/GhoulsAndGoodies/Saved/Config/Windows/Scalability.ini]
[2020.10.13-19.39.15:623][  0]LogConfig: Setting CVar [[r.Streaming.MipBias:0]]
[2020.10.13-19.39.15:623][  0]LogConfig: Setting CVar [[r.Streaming.AmortizeCPUToGPUCopy:0]]
[2020.10.13-19.39.15:623][  0]LogConfig: Setting CVar [[r.Streaming.MaxNumTexturesToStreamPerFrame:0]]
[2020.10.13-19.39.15:623][  0]LogConfig: Setting CVar [[r.Streaming.Boost:1]]
[2020.10.13-19.39.15:623][  0]LogConfig: Setting CVar [[r.MaxAnisotropy:8]]
[2020.10.13-19.39.15:623][  0]LogConfig: Setting CVar [[r.Streaming.LimitPoolSizeToVRAM:0]]
[2020.10.13-19.39.15:623][  0]LogConfig: Setting CVar [[r.Streaming.PoolSize:1000]]
[2020.10.13-19.39.15:623][  0]LogConfig: Setting CVar [[r.Streaming.MaxEffectiveScreenSize:0]]
[2020.10.13-19.39.15:623][  0]LogConfig: Applying CVar settings from Section [EffectsQuality@3] File [D:/Documents/GitHub/GhoulsAndGoblins/GhoulsAndGoodies/Saved/Config/Windows/Scalability.ini]
[2020.10.13-19.39.15:623][  0]LogConfig: Setting CVar [[r.TranslucencyLightingVolumeDim:64]]
[2020.10.13-19.39.15:623][  0]LogConfig: Setting CVar [[r.RefractionQuality:2]]
[2020.10.13-19.39.15:623][  0]LogConfig: Setting CVar [[r.SSR.Quality:3]]
[2020.10.13-19.39.15:623][  0]LogConfig: Setting CVar [[r.SceneColorFormat:4]]
[2020.10.13-19.39.15:623][  0]LogConfig: Setting CVar [[r.DetailMode:2]]
[2020.10.13-19.39.15:623][  0]LogConfig: Setting CVar [[r.TranslucencyVolumeBlur:1]]
[2020.10.13-19.39.15:623][  0]LogConfig: Setting CVar [[r.MaterialQualityLevel:1 ; High quality]]
[2020.10.13-19.39.15:623][  0]LogConfig: Setting CVar [[r.SSS.Scale:1]]
[2020.10.13-19.39.15:623][  0]LogConfig: Setting CVar [[r.SSS.SampleSet:2]]
[2020.10.13-19.39.15:624][  0]LogConfig: Setting CVar [[r.SSS.Quality:1]]
[2020.10.13-19.39.15:624][  0]LogConfig: Setting CVar [[r.SSS.HalfRes:1]]
[2020.10.13-19.39.15:624][  0]LogConfig: Setting CVar [[r.EmitterSpawnRateScale:1.0]]
[2020.10.13-19.39.15:624][  0]LogConfig: Setting CVar [[r.ParticleLightQuality:2]]
[2020.10.13-19.39.15:624][  0]LogConfig: Applying CVar settings from Section [FoliageQuality@3] File [D:/Documents/GitHub/GhoulsAndGoblins/GhoulsAndGoodies/Saved/Config/Windows/Scalability.ini]
[2020.10.13-19.39.15:624][  0]LogConfig: Setting CVar [[foliage.DensityScale:1.0]]
[2020.10.13-19.39.15:624][  0]LogConfig: Setting CVar [[grass.DensityScale:1.0]]
[2020.10.13-19.39.15:624][  0]LogConfig: Applying CVar settings from Section [Startup] File [../../../Engine/Config/ConsoleVariables.ini]
[2020.10.13-19.39.15:624][  0]LogConfig: Setting CVar [[net.UseAdaptiveNetUpdateFrequency:0]]
[2020.10.13-19.39.15:624][  0]LogConfig: Setting CVar [[p.chaos.AllowCreatePhysxBodies:1]]
[2020.10.13-19.39.15:624][  0]LogConfig: Applying CVar settings from Section [ConsoleVariables] File [D:/Documents/GitHub/GhoulsAndGoblins/GhoulsAndGoodies/Saved/Config/Windows/Engine.ini]
[2020.10.13-19.39.15:624][  0]LogInit: Computer: MSI
[2020.10.13-19.39.15:624][  0]LogInit: User: hiit
[2020.10.13-19.39.15:624][  0]LogInit: CPU Page size=4096, Cores=4
[2020.10.13-19.39.15:624][  0]LogInit: High frequency timer resolution =10.000000 MHz
[2020.10.13-19.39.15:624][  0]LogMemory: Memory total: Physical=15.9GB (16GB approx)
[2020.10.13-19.39.15:624][  0]LogMemory: Platform Memory Stats for Windows
[2020.10.13-19.39.15:624][  0]LogMemory: Process Physical Memory: 101.05 MB used, 101.06 MB peak
[2020.10.13-19.39.15:624][  0]LogMemory: Process Virtual Memory: 101.25 MB used, 101.25 MB peak
[2020.10.13-19.39.15:624][  0]LogMemory: Physical Memory: 9760.03 MB used,  6543.81 MB free, 16303.84 MB total
[2020.10.13-19.39.15:624][  0]LogMemory: Virtual Memory: 4668.54 MB used,  134213056.00 MB free, 134217728.00 MB total
[2020.10.13-19.39.16:122][  0]LogWindows: WindowsPlatformFeatures enabled
[2020.10.13-19.39.16:156][  0]LogInit: Using OS detected language (en-US).
[2020.10.13-19.39.16:156][  0]LogInit: Using OS detected locale (en-AU).
[2020.10.13-19.39.16:157][  0]LogTextLocalizationManager: No specific localization for 'en-US' exists, so the 'en' localization will be used.
[2020.10.13-19.39.16:385][  0]LogInit: Setting process to per monitor DPI aware
[2020.10.13-19.39.16:439][  0]LogSlate: New Slate User Created.  User Index 0, Is Virtual User: 0
[2020.10.13-19.39.16:439][  0]LogSlate: Slate User Registered.  User Index 0, Is Virtual User: 0
[2020.10.13-19.39.16:763][  0]LogHMD: Failed to initialize OpenVR with code 110
[2020.10.13-19.39.16:763][  0]LogD3D11RHI: D3D11 adapters:
[2020.10.13-19.39.17:884][  0]LogD3D11RHI:    0. 'NVIDIA GeForce GTX 1050' (Feature Level 11_0)
[2020.10.13-19.39.17:884][  0]LogD3D11RHI:       4021/0/8151 MB DedicatedVideo/DedicatedSystem/SharedSystem, Outputs:1, VendorId:0x10de
[2020.10.13-19.39.17:902][  0]LogD3D11RHI:    1. 'Intel(R) HD Graphics 630' (Feature Level 11_0)
[2020.10.13-19.39.17:902][  0]LogD3D11RHI:       128/0/8151 MB DedicatedVideo/DedicatedSystem/SharedSystem, Outputs:0, VendorId:0x8086
[2020.10.13-19.39.17:905][  0]LogD3D11RHI:    2. 'Microsoft Basic Render Driver' (Feature Level 11_0)
[2020.10.13-19.39.17:905][  0]LogD3D11RHI:       0/0/8151 MB DedicatedVideo/DedicatedSystem/SharedSystem, Outputs:0, VendorId:0x1414
[2020.10.13-19.39.17:905][  0]LogD3D11RHI: Chosen D3D11 Adapter: 0
[2020.10.13-19.39.17:956][  0]LogD3D11RHI: Creating new Direct3DDevice
[2020.10.13-19.39.17:956][  0]LogD3D11RHI:     GPU DeviceId: 0x1c8d (for the marketing name, search the web for "GPU Device Id")
[2020.10.13-19.39.17:956][  0]LogWindows: EnumDisplayDevices:
[2020.10.13-19.39.17:957][  0]LogWindows:    0. 'Intel(R) HD Graphics 630' (P:1 D:1)
[2020.10.13-19.39.17:957][  0]LogWindows:    1. 'Intel(R) HD Graphics 630' (P:0 D:0)
[2020.10.13-19.39.17:957][  0]LogWindows:    2. 'Intel(R) HD Graphics 630' (P:0 D:0)
[2020.10.13-19.39.17:958][  0]LogWindows: DebugString: PrimaryIsNotTheChoosenAdapter PrimaryIsNotTheChoosenAdapter PrimaryIsNotTheChoosenAdapter FoundDriverCount:0 
[2020.10.13-19.39.17:958][  0]LogD3D11RHI:     Adapter Name: NVIDIA GeForce GTX 1050
[2020.10.13-19.39.17:958][  0]LogD3D11RHI:   Driver Version: Unknown (internal:Unknown, unified:Unknown)
[2020.10.13-19.39.17:958][  0]LogD3D11RHI:      Driver Date: Unknown
[2020.10.13-19.39.17:958][  0]LogRHI: Texture pool is 2814 MB (70% of 4021 MB)
[2020.10.13-19.39.18:009][  0]LogD3D11RHI: Async texture creation enabled
[2020.10.13-19.39.18:041][  0]LogD3D11RHI: GPU Timing Frequency: 1000.000000 (Debug: 2 1)
[2020.10.13-19.39.18:386][  0]LogTemp: Display: Module 'AllDesktopTargetPlatform' loaded TargetPlatform 'AllDesktop'
[2020.10.13-19.39.18:396][  0]LogTemp: Display: Module 'MacClientTargetPlatform' loaded TargetPlatform 'MacClient'
[2020.10.13-19.39.18:405][  0]LogTemp: Display: Module 'MacNoEditorTargetPlatform' loaded TargetPlatform 'MacNoEditor'
[2020.10.13-19.39.18:415][  0]LogTemp: Display: Module 'MacServerTargetPlatform' loaded TargetPlatform 'MacServer'
[2020.10.13-19.39.18:424][  0]LogTemp: Display: Module 'MacTargetPlatform' loaded TargetPlatform 'Mac'
[2020.10.13-19.39.18:434][  0]LogTemp: Display: Module 'WindowsClientTargetPlatform' loaded TargetPlatform 'WindowsClient'
[2020.10.13-19.39.18:444][  0]LogTemp: Display: Module 'WindowsNoEditorTargetPlatform' loaded TargetPlatform 'WindowsNoEditor'
[2020.10.13-19.39.18:453][  0]LogTemp: Display: Module 'WindowsServerTargetPlatform' loaded TargetPlatform 'WindowsServer'
[2020.10.13-19.39.18:458][  0]LogTemp: Display: Module 'WindowsTargetPlatform' loaded TargetPlatform 'Windows'
[2020.10.13-19.39.18:497][  0]LogTemp: Display: Module 'AndroidTargetPlatform' loaded TargetPlatform 'Android'
[2020.10.13-19.39.18:497][  0]LogTemp: Display: Module 'AndroidTargetPlatform' loaded TargetPlatform 'Android_ASTC'
[2020.10.13-19.39.18:497][  0]LogTemp: Display: Module 'AndroidTargetPlatform' loaded TargetPlatform 'Android_ATC'
[2020.10.13-19.39.18:497][  0]LogTemp: Display: Module 'AndroidTargetPlatform' loaded TargetPlatform 'Android_DXT'
[2020.10.13-19.39.18:497][  0]LogTemp: Display: Module 'AndroidTargetPlatform' loaded TargetPlatform 'Android_ETC1'
[2020.10.13-19.39.18:497][  0]LogTemp: Display: Module 'AndroidTargetPlatform' loaded TargetPlatform 'Android_ETC1a'
[2020.10.13-19.39.18:497][  0]LogTemp: Display: Module 'AndroidTargetPlatform' loaded TargetPlatform 'Android_ETC2'
[2020.10.13-19.39.18:497][  0]LogTemp: Display: Module 'AndroidTargetPlatform' loaded TargetPlatform 'Android_PVRTC'
[2020.10.13-19.39.18:497][  0]LogTemp: Display: Module 'AndroidTargetPlatform' loaded TargetPlatform 'AndroidClient'
[2020.10.13-19.39.18:497][  0]LogTemp: Display: Module 'AndroidTargetPlatform' loaded TargetPlatform 'Android_ASTCClient'
[2020.10.13-19.39.18:497][  0]LogTemp: Display: Module 'AndroidTargetPlatform' loaded TargetPlatform 'Android_ATCClient'
[2020.10.13-19.39.18:497][  0]LogTemp: Display: Module 'AndroidTargetPlatform' loaded TargetPlatform 'Android_DXTClient'
[2020.10.13-19.39.18:497][  0]LogTemp: Display: Module 'AndroidTargetPlatform' loaded TargetPlatform 'Android_ETC1Client'
[2020.10.13-19.39.18:497][  0]LogTemp: Display: Module 'AndroidTargetPlatform' loaded TargetPlatform 'Android_ETC1aClient'
[2020.10.13-19.39.18:497][  0]LogTemp: Display: Module 'AndroidTargetPlatform' loaded TargetPlatform 'Android_ETC2Client'
[2020.10.13-19.39.18:497][  0]LogTemp: Display: Module 'AndroidTargetPlatform' loaded TargetPlatform 'Android_PVRTCClient'
[2020.10.13-19.39.18:497][  0]LogTemp: Display: Module 'AndroidTargetPlatform' loaded TargetPlatform 'Android_Multi'
[2020.10.13-19.39.18:497][  0]LogTemp: Display: Module 'AndroidTargetPlatform' loaded TargetPlatform 'Android_MultiClient'
[2020.10.13-19.39.18:500][  0]LogTemp: Display: Module 'HTML5TargetPlatform' loaded TargetPlatform 'HTML5'
[2020.10.13-19.39.18:522][  0]LogTemp: Display: Module 'IOSTargetPlatform' loaded TargetPlatform 'IOSClient'
[2020.10.13-19.39.18:522][  0]LogTemp: Display: Module 'IOSTargetPlatform' loaded TargetPlatform 'IOS'
[2020.10.13-19.39.18:540][  0]LogTemp: Display: Module 'TVOSTargetPlatform' loaded TargetPlatform 'TVOSClient'
[2020.10.13-19.39.18:540][  0]LogTemp: Display: Module 'TVOSTargetPlatform' loaded TargetPlatform 'TVOS'
[2020.10.13-19.39.18:549][  0]LogTemp: Display: Module 'LinuxClientTargetPlatform' loaded TargetPlatform 'LinuxClient'
[2020.10.13-19.39.18:559][  0]LogTemp: Display: Module 'LinuxNoEditorTargetPlatform' loaded TargetPlatform 'LinuxNoEditor'
[2020.10.13-19.39.18:568][  0]LogTemp: Display: Module 'LinuxServerTargetPlatform' loaded TargetPlatform 'LinuxServer'
[2020.10.13-19.39.18:577][  0]LogTemp: Display: Module 'LinuxTargetPlatform' loaded TargetPlatform 'Linux'
[2020.10.13-19.39.18:608][  0]LogTemp: Display: Module 'LuminTargetPlatform' loaded TargetPlatform 'Lumin'
[2020.10.13-19.39.18:608][  0]LogTemp: Display: Module 'LuminTargetPlatform' loaded TargetPlatform 'LuminClient'
[2020.10.13-19.39.18:608][  0]LogTargetPlatformManager: Display: Building Assets For Windows
[2020.10.13-19.39.18:618][  0]LogAudioDebug: Display: Lib vorbis DLL was dynamically loaded.
[2020.10.13-19.39.18:672][  0]LogShaderCompilers: Guid format shader working directory is -20 characters bigger than the processId version (../../../../../Documents/GitHub/GhoulsAndGoblins/GhoulsAndGoodies/Intermediate/Shaders/WorkingDirectory/26476/).
[2020.10.13-19.39.18:672][  0]LogShaderCompilers: Cleaned the shader compiler working directory 'C:/Users/hi_it/AppData/Local/Temp/UnrealShaderWorkingDir/9AC3A1EB4A323E7A2EF669B5B95016DC/'.
[2020.10.13-19.39.18:674][  0]LogXGEController: Cleaning working directory: C:/Users/hi_it/AppData/Local/Temp/UnrealXGEWorkingDir/
[2020.10.13-19.39.18:674][  0]LogXGEController: Cannot use XGE Controller as Incredibuild is not installed on this machine.
[2020.10.13-19.39.18:674][  0]LogShaderCompilers: Cannot use XGE Shader Compiler as Incredibuild is not installed on this machine.
[2020.10.13-19.39.18:674][  0]LogShaderCompilers: Display: Using Local Shader Compiler.
[2020.10.13-19.39.19:394][  0]LogDerivedDataCache: Display: Max Cache Size: 512 MB
[2020.10.13-19.39.19:468][  0]LogDerivedDataCache: Loaded boot cache 0.07s 95MB C:/Users/hi_it/AppData/Local/UnrealEngine/4.23/DerivedDataCache/Boot.ddc.
[2020.10.13-19.39.19:468][  0]LogDerivedDataCache: Display: Loaded Boot cache: C:/Users/hi_it/AppData/Local/UnrealEngine/4.23/DerivedDataCache/Boot.ddc
[2020.10.13-19.39.19:468][  0]LogDerivedDataCache: FDerivedDataBackendGraph:  Pak pak cache file ../../../../../Documents/GitHub/GhoulsAndGoblins/GhoulsAndGoodies/DerivedDataCache/DDC.ddp not found, will not use a pak cache.
[2020.10.13-19.39.19:468][  0]LogDerivedDataCache: Unable to find inner node Pak for hierarchical cache Hierarchy.
[2020.10.13-19.39.19:468][  0]LogDerivedDataCache: FDerivedDataBackendGraph:  CompressedPak pak cache file ../../../../../Documents/GitHub/GhoulsAndGoblins/GhoulsAndGoodies/DerivedDataCache/Compressed.ddp not found, will not use a pak cache.
[2020.10.13-19.39.19:468][  0]LogDerivedDataCache: Unable to find inner node CompressedPak for hierarchical cache Hierarchy.
[2020.10.13-19.39.19:483][  0]LogDerivedDataCache: Display: Pak cache opened for reading ../../../Engine/DerivedDataCache/Compressed.ddp.
[2020.10.13-19.39.19:483][  0]LogDerivedDataCache: FDerivedDataBackendGraph:  EnterprisePak pak cache file ../../../Enterprise/DerivedDataCache/Compressed.ddp not found, will not use a pak cache.
[2020.10.13-19.39.19:483][  0]LogDerivedDataCache: Unable to find inner node EnterprisePak for hierarchical cache Hierarchy.
[2020.10.13-19.39.19:485][  0]LogDerivedDataCache: Using Local data cache path C:/Users/hi_it/AppData/Local/UnrealEngine/Common/DerivedDataCache: Writable
[2020.10.13-19.39.19:485][  0]LogDerivedDataCache: Shared data cache path not found in *engine.ini, will not use an Shared cache.
[2020.10.13-19.39.19:485][  0]LogDerivedDataCache: Unable to find inner node Shared for hierarchical cache Hierarchy.
[2020.10.13-19.39.19:513][  0]LogMaterial: Verifying Global Shaders for PCD3D_SM5
[2020.10.13-19.39.19:516][  0]LogSlate: Using FreeType 2.6.0
[2020.10.13-19.39.19:516][  0]LogSlate: SlateFontServices - WITH_FREETYPE: 1, WITH_HARFBUZZ: 1
[2020.10.13-19.39.19:591][  0]LogAssetRegistry: FAssetRegistry took 0.0025 seconds to start up
[2020.10.13-19.39.19:918][  0]LogInit: Selected Device Profile: [Windows]
[2020.10.13-19.39.20:078][  0]LogMeshReduction: Using QuadricMeshReduction for automatic static mesh reduction
[2020.10.13-19.39.20:078][  0]LogMeshReduction: Using SimplygonMeshReduction for automatic skeletal mesh reduction
[2020.10.13-19.39.20:078][  0]LogMeshReduction: Using ProxyLODMeshReduction for automatic mesh merging
[2020.10.13-19.39.20:078][  0]LogMeshReduction: No distributed automatic mesh merging module available
[2020.10.13-19.39.20:078][  0]LogMeshMerging: No distributed automatic mesh merging module available
[2020.10.13-19.39.20:089][  0]LogNetVersion: GhoulsAndGoodies 1.0.0, NetCL: 8386587, EngineNetVer: 11, GameNetVer: 0 (Checksum: 1842056771)
[2020.10.13-19.39.20:583][  0]LogPackageLocalizationCache: Processed 12 localized package path(s) for 1 prioritized culture(s) in 0.056991 seconds
[2020.10.13-19.39.20:590][  0]LogUObjectArray: 43444 objects as part of root set at end of initial load.
[2020.10.13-19.39.20:590][  0]LogUObjectAllocator: 7548648 out of 0 bytes used by permanent object pool.
[2020.10.13-19.39.20:590][  0]LogUObjectArray: CloseDisregardForGC: 0/0 objects in disregard for GC pool
[2020.10.13-19.39.21:697][  0]LogTcpMessaging: Initializing TcpMessaging bridge
[2020.10.13-19.39.21:701][  0]LogUdpMessaging: Initializing bridge on interface 0.0.0.0:0 to multicast group 230.0.0.1:6666.
[2020.10.13-19.39.21:883][  0]LogScript: Warning: Script Msg: No world was found for object (/Script/GhoulsAndGoodies.Default__GhoulsAndGoodiesGameMode) passed in to UEngine::GetWorldFromContextObject().
[2020.10.13-19.39.22:090][  0]SourceControl: Source control is disabled
[2020.10.13-19.39.22:090][  0]SourceControl: Source control is disabled
[2020.10.13-19.39.22:092][  0]SourceControl: Source control is disabled
[2020.10.13-19.39.22:095][  0]SourceControl: Source control is disabled
[2020.10.13-19.39.22:205][  0]LogAndroidPermission: UAndroidPermissionCallbackProxy::GetInstance
[2020.10.13-19.39.22:612][  0]LogOcInput: OculusInput pre-init called
[2020.10.13-19.39.22:619][  0]LogWindows: Failed to load 'OVRPlugin.dll' (GetLastError=126)
[2020.10.13-19.39.22:619][  0]LogWindows: File 'OVRPlugin.dll' does not exist
[2020.10.13-19.39.22:695][  0]LogEngine: Initializing Engine...
[2020.10.13-19.39.22:696][  0]LogHMD: Failed to initialize OpenVR with code 110
[2020.10.13-19.39.22:697][  0]LogStats: UGameplayTagsManager::InitializeManager -  0.000 s
[2020.10.13-19.39.22:939][  0]LogInit: Initializing FReadOnlyCVARCache
[2020.10.13-19.39.22:952][  0]LogAIModule: Creating AISystem for world Untitled
[2020.10.13-19.39.23:056][  0]LogInit: XAudio2 using 'Speakers (Realtek High Definition Audio)' : 6 channels at 48 kHz using 32 bits per sample (channel mask 0x3f)
[2020.10.13-19.39.23:301][  0]LogInit: FAudioDevice initialized.
[2020.10.13-19.39.23:301][  0]LogNetVersion: Set ProjectVersion to 1.0.0.0. Version Checksum will be recalculated on next use.
[2020.10.13-19.39.23:484][  0]LogDerivedDataCache: Saved boot cache 0.18s 77MB C:/Users/hi_it/AppData/Local/UnrealEngine/4.23/DerivedDataCache/Boot.ddc.
[2020.10.13-19.39.23:493][  0]LogInit: Texture streaming: Enabled
[2020.10.13-19.39.23:514][  0]LogEngineSessionManager: EngineSessionManager initialized
[2020.10.13-19.39.23:514][  0]LogEngineSessionManager: EngineSessionManager sent abnormal shutdown report. Type=Crashed, SessionId={2D777E41-4477-A71E-9FB2-06ACC311E027}
[2020.10.13-19.39.23:514][  0]LogEditorSessionSummary: Verbose: Initializing EditorSessionSummaryWriter for editor session tracking
[2020.10.13-19.39.23:515][  0]LogEditorSessionSummary: EditorSessionSummaryWriter initialized
[2020.10.13-19.39.23:582][  0]LogInit: Transaction tracking system initialized
[2020.10.13-19.39.23:615][  0]BlueprintLog: New page: Editor Load
[2020.10.13-19.39.23:691][  0]LocalizationService: Localization service is disabled
[2020.10.13-19.39.23:947][  0]LogFileCache: Scanning file cache for directory 'D:/Documents/GitHub/GhoulsAndGoblins/GhoulsAndGoodies/Content/' took 0.01s
[2020.10.13-19.39.23:947][  0]LogCook: Display: Max memory allowance for cook 16384mb min free memory 0mb
[2020.10.13-19.39.23:947][  0]LogCook: Display: Mobile HDR setting 1
[2020.10.13-19.39.24:159][  0]SourceControl: Source control is disabled
[2020.10.13-19.39.24:159][  0]Cmd: MAP LOAD FILE="../../../../../Documents/GitHub/GhoulsAndGoblins/GhoulsAndGoodies/Content/TopDownCPP/Maps/TopDownExampleMap.umap" TEMPLATE=0 SHOWPROGRESS=1 FEATURELEVEL=3
[2020.10.13-19.39.24:160][  0]LightingResults: New page: Lighting Build
[2020.10.13-19.39.24:162][  0]LogWorld: UWorld::CleanupWorld for Untitled, bSessionEnded=true, bCleanupResources=true
[2020.10.13-19.39.24:162][  0]MapCheck: New page: Map Check
[2020.10.13-19.39.24:162][  0]LightingResults: New page: Lighting Build
[2020.10.13-19.39.24:190][  0]LogUObjectHash: Compacting FUObjectHashTables data took   2.17ms
[2020.10.13-19.39.24:359][  0]LogAIModule: Creating AISystem for world TopDownExampleMap
[2020.10.13-19.39.24:375][  0]LogEditorServer: Finished looking for orphan Actors (0.000 secs)
[2020.10.13-19.39.24:407][  0]LogUObjectHash: Compacting FUObjectHashTables data took   2.70ms
[2020.10.13-19.39.24:407][  0]Cmd: MAP CHECKDEP NOCLEARLOG
[2020.10.13-19.39.24:407][  0]MapCheck: Map check complete: 0 Error(s), 0 Warning(s), took 0.096ms to complete.
[2020.10.13-19.39.24:407][  0]LogFileHelpers: Loading map 'TopDownExampleMap' took 0.247
[2020.10.13-19.39.24:540][  0]LogSlate: Updating window title bar state: overlay mode, drag disabled, window buttons hidden, title bar hidden
[2020.10.13-19.39.24:551][  0]LogSlate: Updating window title bar state: overlay mode, drag disabled, window buttons hidden, title bar hidden
[2020.10.13-19.39.24:561][  0]LogSlate: Updating window title bar state: overlay mode, drag disabled, window buttons hidden, title bar hidden
[2020.10.13-19.39.24:570][  0]LogSlate: Updating window title bar state: overlay mode, drag disabled, window buttons hidden, title bar hidden
[2020.10.13-19.39.24:575][  0]LogCollectionManager: Loaded 0 collections in 0.001323 seconds
[2020.10.13-19.39.24:583][  0]LogFileCache: Scanning file cache for directory 'D:/Documents/GitHub/GhoulsAndGoblins/GhoulsAndGoodies/Saved/Collections/' took 0.00s
[2020.10.13-19.39.24:583][  0]LogFileCache: Scanning file cache for directory 'D:/Documents/GitHub/GhoulsAndGoblins/GhoulsAndGoodies/Content/Developers/hiit/Collections/' took 0.00s
[2020.10.13-19.39.24:583][  0]LogFileCache: Scanning file cache for directory 'D:/Documents/GitHub/GhoulsAndGoblins/GhoulsAndGoodies/Content/Collections/' took 0.00s
[2020.10.13-19.39.24:583][  0]LogCollectionManager: Rebuilt the GUID cache for 0 collections in 0.000002 seconds
[2020.10.13-19.39.24:593][  0]LogContentBrowser: Native class hierarchy populated in 0.0097 seconds. Added 2887 classes and 683 folders.
[2020.10.13-19.39.24:598][  0]LogContentBrowser: Native class hierarchy updated for 'WidgetCarousel' in 0.0004 seconds. Added 0 classes and 0 folders.
[2020.10.13-19.39.24:664][  0]LogContentBrowser: Native class hierarchy updated for 'AddContentDialog' in 0.0004 seconds. Added 0 classes and 0 folders.
[2020.10.13-19.39.24:669][  0]LogContentBrowser: Native class hierarchy updated for 'SceneOutliner' in 0.0004 seconds. Added 1 classes and 2 folders.
[2020.10.13-19.39.24:707][  0]LogSlate: Took 0.000290 seconds to synchronously load lazily loaded font '../../../Engine/Content/Slate/Fonts/Roboto-Regular.ttf' (155K)
[2020.10.13-19.39.24:710][  0]LogSlate: Took 0.000343 seconds to synchronously load lazily loaded font '../../../Engine/Content/Slate/Fonts/Roboto-Bold.ttf' (160K)
[2020.10.13-19.39.24:716][  0]LogSlate: Took 0.000280 seconds to synchronously load lazily loaded font '../../../Engine/Content/Editor/Slate/Fonts/FontAwesome.ttf' (139K)
[2020.10.13-19.39.24:805][  0]LogRenderer: Reallocating scene render targets to support 1208x572 Format 10 NumSamples 1 (Frame:1).
[2020.10.13-19.39.24:963][  0]LogContentBrowser: Native class hierarchy updated for 'HierarchicalLODOutliner' in 0.0005 seconds. Added 0 classes and 0 folders.
[2020.10.13-19.39.24:963][  0]LogLoad: (Engine Initialization) Total time: 11.10 seconds
[2020.10.13-19.39.24:963][  0]LogLoad: (Engine Initialization) Total Blueprint compile time: 0.00 seconds
[2020.10.13-19.39.25:033][  0]LogContentStreaming: Texture pool size now 1000 MB
[2020.10.13-19.39.25:059][  0]LogSlate: Took 0.000232 seconds to synchronously load lazily loaded font '../../../Engine/Content/Slate/Fonts/Roboto-Light.ttf' (167K)
[2020.10.13-19.39.25:081][  1]LogAssetRegistry: Asset discovery search completed in 5.4912 seconds
[2020.10.13-19.39.25:085][  1]LogCollectionManager: Rebuilt the object cache for 0 collections in 0.000004 seconds (found 0 objects)
[2020.10.13-19.39.25:085][  1]LogCollectionManager: Fixed up redirectors for 0 collections in 0.000066 seconds (updated 0 objects)
[2020.10.13-19.39.29:237][242]LogSlate: FSceneViewport::OnFocusLost() reason 0
[2020.10.13-19.39.29:460][253]LogScript: Warning: Accessed None trying to read property CallFunc_TryGetPawnOwner_ReturnValue
	Grace_AnimBP_C /Engine/Transient.World_3:PersistentLevel.SkeletalMeshActor_0.SkeletalMeshComponent0.Grace_AnimBP_C_0
	Function /Game/TopDownCPP/Blueprints/Grace_AnimBP.Grace_AnimBP_C:ExecuteUbergraph_Grace_AnimBP:0036
[2020.10.13-19.39.33:210][465]LogSlate: Took 0.000235 seconds to synchronously load lazily loaded font '../../../Engine/Content/Slate/Fonts/Roboto-Light.ttf' (167K)
[2020.10.13-19.39.33:225][465]LogAssetEditorManager: Opening Asset editor for WidgetBlueprint /Game/TopDownCPP/Blueprints/Widgets/GNGHUD_WBP.GNGHUD_WBP
[2020.10.13-19.39.33:547][465]LogContentBrowser: Native class hierarchy updated for 'BlueprintGraph' in 0.0007 seconds. Added 121 classes and 0 folders.
[2020.10.13-19.39.34:836][465]LogSlate: Took 0.000212 seconds to synchronously load lazily loaded font '../../../Engine/Content/Slate/Fonts/Roboto-BoldCondensed.ttf' (158K)
[2020.10.13-19.39.37:276][598]LogSlate: Window 'GNGHUD_WBP' being destroyed
[2020.10.13-19.42.50:757][ 94]Candidate modules for hot reload:
[2020.10.13-19.42.50:757][ 94]  GhoulsAndGoodies
[2020.10.13-19.42.50:757][ 94]Launching UnrealBuildTool... [D:/Program Files (x86)/UE_4.23/Engine/Binaries/DotNET/UnrealBuildTool.exe  -ModuleWithSuffix=GhoulsAndGoodies,8779 Win64 Development -TargetType=Editor -Project="D:/Documents/GitHub/GhoulsAndGoblins/GhoulsAndGoodies/GhoulsAndGoodies.uproject" "D:/Documents/GitHub/GhoulsAndGoblins/GhoulsAndGoodies/GhoulsAndGoodies.uproject"  -IgnoreJunk]
[2020.10.13-19.42.50:759][ 94]Warning: Starting HotReload took  0.0s.
[2020.10.13-19.42.58:799][536]LogSlate: Took 0.000262 seconds to synchronously load lazily loaded font '../../../Engine/Content/Slate/Fonts/Roboto-Italic.ttf' (157K)
[2020.10.13-19.43.05:785][951]CompilerResultsLog: New page: Compilation - 14 Oct 2020 5:43:05 pm
[2020.10.13-19.43.05:785][951]CompilerResultsLog: Using 'git status' to determine working set for adaptive non-unity build (D:\Documents\GitHub\GhoulsAndGoblins).
[2020.10.13-19.43.05:785][951]CompilerResultsLog: Parsing headers for GhoulsAndGoodiesEditor
[2020.10.13-19.43.05:785][951]CompilerResultsLog:   Running UnrealHeaderTool "D:\Documents\GitHub\GhoulsAndGoblins\GhoulsAndGoodies\GhoulsAndGoodies.uproject" "D:\Documents\GitHub\GhoulsAndGoblins\GhoulsAndGoodies\Intermediate\Build\Win64\GhoulsAndGoodiesEditor\Development\GhoulsAndGoodiesEditor.uhtmanifest" -LogCmds="loginit warning, logexit warning, logdatabase error" -Unattended -WarningsAsErrors -installed
[2020.10.13-19.43.05:785][951]CompilerResultsLog: Reflection code generated for GhoulsAndGoodiesEditor in 9.1251721 seconds
[2020.10.13-19.43.05:785][951]CompilerResultsLog: Using Visual Studio 2017 14.16.27023 toolchain (C:\Program Files (x86)\Microsoft Visual Studio\2017\Community\VC\Tools\MSVC\14.16.27023) and Windows 10.0.18362.0 SDK (C:\Program Files (x86)\Windows Kits\10).
[2020.10.13-19.43.05:785][951]CompilerResultsLog: Building 4 actions with 8 processes...
[2020.10.13-19.43.05:785][951]CompilerResultsLog:   [1/4] Tile.cpp
[2020.10.13-19.43.05:785][951]CompilerResultsLog:   [2/4] UE4Editor-GhoulsAndGoodies-8779.lib
[2020.10.13-19.43.05:785][951]CompilerResultsLog:      Creating library D:\Documents\GitHub\GhoulsAndGoblins\GhoulsAndGoodies\Intermediate\Build\Win64\UE4Editor\Development\GhoulsAndGoodies\UE4Editor-GhoulsAndGoodies-8779.lib and object D:\Documents\GitHub\GhoulsAndGoblins\GhoulsAndGoodies\Intermediate\Build\Win64\UE4Editor\Development\GhoulsAndGoodies\UE4Editor-GhoulsAndGoodies-8779.exp
[2020.10.13-19.43.05:786][951]CompilerResultsLog:   [3/4] UE4Editor-GhoulsAndGoodies-8779.dll
[2020.10.13-19.43.05:786][951]CompilerResultsLog:      Creating library D:\Documents\GitHub\GhoulsAndGoblins\GhoulsAndGoodies\Intermediate\Build\Win64\UE4Editor\Development\GhoulsAndGoodies\UE4Editor-GhoulsAndGoodies-8779.suppressed.lib and object D:\Documents\GitHub\GhoulsAndGoblins\GhoulsAndGoodies\Intermediate\Build\Win64\UE4Editor\Development\GhoulsAndGoodies\UE4Editor-GhoulsAndGoodies-8779.suppressed.exp
[2020.10.13-19.43.05:786][951]CompilerResultsLog:   [4/4] GhoulsAndGoodiesEditor.target
[2020.10.13-19.43.05:786][951]CompilerResultsLog: Total time in Parallel executor: 4.23 seconds
[2020.10.13-19.43.05:786][951]CompilerResultsLog: Total execution time: 14.82 seconds
[2020.10.13-19.43.05:786][951]LogMainFrame: MainFrame: Module compiling took 15.044 seconds
[2020.10.13-19.43.05:852][951]LogUObjectHash: Compacting FUObjectHashTables data took   5.63ms
[2020.10.13-19.43.05:932][951]LogClass: EEnemyState HotReload.
[2020.10.13-19.43.05:932][951]LogClass: EEnemyUnitType HotReload.
[2020.10.13-19.43.05:932][951]LogClass: EGNGGameState HotReload.
[2020.10.13-19.43.05:932][951]LogClass: ETileDefenceType HotReload.
[2020.10.13-19.43.05:953][951]LogScript: Warning: Script Msg: No world was found for object (/Script/GhoulsAndGoodies.Default__GhoulsAndGoodiesGameMode) passed in to UEngine::GetWorldFromContextObject().
[2020.10.13-19.43.05:965][951]LogContentBrowser: Native class hierarchy updated for 'GhoulsAndGoodies' in 0.0004 seconds. Added 24 classes and 3 folders.
[2020.10.13-19.43.05:972][951]Display: HotReload successful (33 functions remapped  0 scriptstructs remapped)
[2020.10.13-19.43.06:074][951]LogUObjectHash: Compacting FUObjectHashTables data took   3.82ms
[2020.10.13-19.43.06:109][951]LogContentBrowser: Native class hierarchy populated in 0.0089 seconds. Added 2888 classes and 685 folders.
[2020.10.13-19.43.06:109][951]Display: HotReload took 15.4s.
[2020.10.13-19.43.21:393][811]BlueprintLog: New page: Compile GNGHUD_WBP
[2020.10.13-19.43.21:516][811]LogUObjectHash: Compacting FUObjectHashTables data took   6.04ms
[2020.10.13-19.43.21:687][811]LogSavePackage: Moving '../../../../../Documents/GitHub/GhoulsAndGoblins/GhoulsAndGoodies/Saved/GNGHUD_WBP31C98DFD4A18A38ECE009586CA2498BB.tmp' to '../../../../../Documents/GitHub/GhoulsAndGoblins/GhoulsAndGoodies/Content/TopDownCPP/Blueprints/Widgets/GNGHUD_WBP.uasset'
[2020.10.13-19.43.22:016][821]LogSavePackage: Moving '../../../../../Documents/GitHub/GhoulsAndGoblins/GhoulsAndGoodies/Saved/GNGHUD_WBP7E379E58484400C6607859947A7B0B2B.tmp' to '../../../../../Documents/GitHub/GhoulsAndGoblins/GhoulsAndGoodies/Content/TopDownCPP/Blueprints/Widgets/GNGHUD_WBP.uasset'
[2020.10.13-19.43.24:516][955]LogTemp: Repeating last play command: Selected Viewport
[2020.10.13-19.43.24:546][955]LogBlueprintUserMessages: Early PlayInEditor Detection: Level '/Game/TopDownCPP/Maps/TopDownExampleMap.TopDownExampleMap:PersistentLevel' has LevelScriptBlueprint '/Game/TopDownCPP/Maps/TopDownExampleMap.TopDownExampleMap:PersistentLevel.TopDownExampleMap' with GeneratedClass '/Game/TopDownCPP/Maps/TopDownExampleMap.TopDownExampleMap_C' with ClassGeneratedBy '/Game/TopDownCPP/Maps/TopDownExampleMap.TopDownExampleMap:PersistentLevel.TopDownExampleMap'
[2020.10.13-19.43.24:546][955]LogPlayLevel: PlayLevel: No blueprints needed recompiling
[2020.10.13-19.43.24:546][955]PIE: New page: PIE session: TopDownExampleMap (14 Oct 2020 5:43:24 pm)
[2020.10.13-19.43.24:547][955]LogOnline: OSS: Creating online subsystem instance for: NULL
[2020.10.13-19.43.24:548][955]LogPlayLevel: Creating play world package: /Game/TopDownCPP/Maps/UEDPIE_0_TopDownExampleMap
[2020.10.13-19.43.24:561][955]LogPlayLevel: PIE: StaticDuplicateObject took: (0.012613s)
[2020.10.13-19.43.24:562][955]LogAIModule: Creating AISystem for world TopDownExampleMap
[2020.10.13-19.43.24:563][955]LogPlayLevel: PIE: World Init took: (0.001581s)
[2020.10.13-19.43.24:563][955]LogPlayLevel: PIE: Created PIE world by copying editor world from /Game/TopDownCPP/Maps/TopDownExampleMap.TopDownExampleMap to /Game/TopDownCPP/Maps/UEDPIE_0_TopDownExampleMap.TopDownExampleMap (0.014477s)
[2020.10.13-19.43.24:628][955]LogUObjectHash: Compacting FUObjectHashTables data took   5.08ms
[2020.10.13-19.43.24:676][955]LogInit: XAudio2 using 'Speakers (Realtek High Definition Audio)' : 6 channels at 48 kHz using 32 bits per sample (channel mask 0x3f)
[2020.10.13-19.43.24:777][955]LogInit: FAudioDevice initialized.
[2020.10.13-19.43.24:789][955]LogLoad: Game class is 'GhoulsAndGoodiesGameMode'
[2020.10.13-19.43.24:791][955]LogWorld: Bringing World /Game/TopDownCPP/Maps/UEDPIE_0_TopDownExampleMap.TopDownExampleMap up for play (max tick rate 60) at 2020.10.14-06.43.24
[2020.10.13-19.43.24:792][955]LogWorld: Bringing up level for play took: 0.001197
[2020.10.13-19.43.24:792][955]LogOnline: OSS: Creating online subsystem instance for: :Context_10
[2020.10.13-19.43.24:839][955]LogContentBrowser: Native class hierarchy updated for 'MovieSceneCapture' in 0.0005 seconds. Added 20 classes and 0 folders.
[2020.10.13-19.43.24:840][955]LogActor: Warning: GNGPawn /Game/TopDownCPP/Maps/UEDPIE_0_TopDownExampleMap.TopDownExampleMap:PersistentLevel.GNGPawn_0 has natively added scene component(s), but none of them were set as the actor's RootComponent - picking one arbitrarily
[2020.10.13-19.43.24:853][955]PIE: Play in editor start time for /Game/TopDownCPP/Maps/UEDPIE_0_TopDownExampleMap -0.51
[2020.10.13-19.43.24:854][955]LogBlueprintUserMessages: Late PlayInEditor Detection: Level '/Game/TopDownCPP/Maps/TopDownExampleMap.TopDownExampleMap:PersistentLevel' has LevelScriptBlueprint '/Game/TopDownCPP/Maps/TopDownExampleMap.TopDownExampleMap:PersistentLevel.TopDownExampleMap' with GeneratedClass '/Game/TopDownCPP/Maps/TopDownExampleMap.TopDownExampleMap_C' with ClassGeneratedBy '/Game/TopDownCPP/Maps/TopDownExampleMap.TopDownExampleMap:PersistentLevel.TopDownExampleMap'
[2020.10.13-19.43.24:854][955]LogTemp: Current Game State: 297828352
[2020.10.13-19.43.25:218][956]LogTemp: Current Game State: -791152640
[2020.10.13-19.43.25:228][957]LogTemp: Current Game State: -1392077568
[2020.10.13-19.43.25:246][958]LogTemp: Current Game State: -1392077568
[2020.10.13-19.43.25:262][959]LogTemp: Current Game State: -1392077568
[2020.10.13-19.43.25:294][960]LogTemp: Current Game State: -1392077568
[2020.10.13-19.43.25:314][961]LogTemp: Current Game State: -1392077568
[2020.10.13-19.43.25:331][962]LogTemp: Current Game State: -1392077568
[2020.10.13-19.43.25:348][963]LogTemp: Current Game State: -1392077568
[2020.10.13-19.43.25:362][964]LogTemp: Current Game State: -1392077568
[2020.10.13-19.43.25:378][965]LogTemp: Current Game State: -1392077568
[2020.10.13-19.43.25:395][966]LogTemp: Current Game State: -1392077568
[2020.10.13-19.43.25:412][967]LogTemp: Current Game State: -1392077568
[2020.10.13-19.43.25:430][968]LogTemp: Current Game State: -1392077568
[2020.10.13-19.43.25:446][969]LogTemp: Current Game State: -1392077568
[2020.10.13-19.43.25:463][970]LogTemp: Current Game State: -1392077568
[2020.10.13-19.43.25:479][971]LogTemp: Current Game State: -1392077568
[2020.10.13-19.43.25:500][972]LogTemp: Current Game State: -1392077568
[2020.10.13-19.43.25:513][973]LogTemp: Current Game State: -1392077568
[2020.10.13-19.43.25:530][974]LogTemp: Current Game State: -1392077568
[2020.10.13-19.43.25:546][975]LogTemp: Current Game State: -1392077568
[2020.10.13-19.43.25:564][976]LogTemp: Current Game State: -1392077568
[2020.10.13-19.43.25:579][977]LogTemp: Current Game State: -1392077568
[2020.10.13-19.43.25:596][978]LogTemp: Current Game State: -1392077568
[2020.10.13-19.43.25:613][979]LogTemp: Current Game State: -1392077568
[2020.10.13-19.43.25:630][980]LogTemp: Current Game State: -1392077568
[2020.10.13-19.43.25:646][981]LogTemp: Current Game State: -1392077568
[2020.10.13-19.43.25:663][982]LogTemp: Current Game State: -1392077568
[2020.10.13-19.43.25:680][983]LogTemp: Current Game State: -1392077568
[2020.10.13-19.43.25:697][984]LogTemp: Current Game State: -1392077568
[2020.10.13-19.43.25:713][985]LogTemp: Current Game State: -1392077568
[2020.10.13-19.43.25:729][986]LogTemp: Current Game State: -1392077568
[2020.10.13-19.43.25:746][987]LogTemp: Current Game State: -1392077568
[2020.10.13-19.43.25:763][988]LogTemp: Current Game State: -1392077568
[2020.10.13-19.43.25:778][989]LogTemp: Current Game State: -1392077568
[2020.10.13-19.43.25:798][990]LogTemp: Current Game State: -1392077568
[2020.10.13-19.43.25:814][991]LogTemp: Current Game State: -1392077568
[2020.10.13-19.43.25:830][992]LogTemp: Current Game State: -1392077568
[2020.10.13-19.43.25:846][993]LogTemp: Current Game State: -1392077568
[2020.10.13-19.43.25:863][994]LogTemp: Current Game State: -1392077568
[2020.10.13-19.43.25:879][995]LogTemp: Current Game State: -1392077568
[2020.10.13-19.43.25:896][996]LogTemp: Current Game State: -1392077568
[2020.10.13-19.43.25:914][997]LogTemp: Current Game State: -1392077568
[2020.10.13-19.43.25:931][998]LogTemp: Current Game State: -1392077568
[2020.10.13-19.43.25:947][999]LogTemp: Current Game State: -1392077568
[2020.10.13-19.43.25:964][  0]LogTemp: Current Game State: -1392077568
[2020.10.13-19.43.25:980][  1]LogTemp: Current Game State: -1392077568
[2020.10.13-19.43.25:996][  2]LogTemp: Current Game State: -1392077568
[2020.10.13-19.43.26:014][  3]LogTemp: Current Game State: -1392077568
[2020.10.13-19.43.26:030][  4]LogTemp: Current Game State: -1392077568
[2020.10.13-19.43.26:046][  5]LogTemp: Current Game State: -1392077568
[2020.10.13-19.43.26:063][  6]LogTemp: Current Game State: -1392077568
[2020.10.13-19.43.26:080][  7]LogTemp: Current Game State: -1392077568
[2020.10.13-19.43.26:096][  8]LogTemp: Current Game State: -1392077568
[2020.10.13-19.43.26:113][  9]LogTemp: Current Game State: -1392077568
[2020.10.13-19.43.26:129][ 10]LogTemp: Current Game State: -1392077568
[2020.10.13-19.43.26:146][ 11]LogTemp: Current Game State: -1392077568
[2020.10.13-19.43.26:162][ 12]LogTemp: Current Game State: -1392077568
[2020.10.13-19.43.26:179][ 13]LogTemp: Current Game State: -1392077568
[2020.10.13-19.43.26:196][ 14]LogTemp: Current Game State: -1392077568
[2020.10.13-19.43.26:213][ 15]LogTemp: Current Game State: -1392077568
[2020.10.13-19.43.26:230][ 16]LogTemp: Current Game State: -1392077568
[2020.10.13-19.43.26:247][ 17]LogTemp: Current Game State: -1392077568
[2020.10.13-19.43.26:263][ 18]LogTemp: Current Game State: -1392077568
[2020.10.13-19.43.26:281][ 19]LogTemp: Current Game State: -1392077568
[2020.10.13-19.43.26:297][ 20]LogTemp: Current Game State: -1392077568
[2020.10.13-19.43.26:314][ 21]LogTemp: Current Game State: -1392077568
[2020.10.13-19.43.26:330][ 22]LogTemp: Current Game State: -1392077568
[2020.10.13-19.43.26:347][ 23]LogTemp: Current Game State: -1392077568
[2020.10.13-19.43.26:363][ 24]LogTemp: Current Game State: -1392077568
[2020.10.13-19.43.26:380][ 25]LogTemp: Current Game State: -1392077568
[2020.10.13-19.43.26:396][ 26]LogTemp: Current Game State: -1392077568
[2020.10.13-19.43.26:412][ 27]LogTemp: Current Game State: -1392077568
[2020.10.13-19.43.26:429][ 28]LogTemp: Current Game State: -1392077568
[2020.10.13-19.43.26:445][ 29]LogTemp: Current Game State: -1392077568
[2020.10.13-19.43.26:462][ 30]LogTemp: Current Game State: -1392077568
[2020.10.13-19.43.26:480][ 31]LogTemp: Current Game State: -1392077568
[2020.10.13-19.43.26:496][ 32]LogTemp: Current Game State: -1392077568
[2020.10.13-19.43.26:513][ 33]LogTemp: Current Game State: -1392077568
[2020.10.13-19.43.26:531][ 34]LogTemp: Current Game State: -1392077568
[2020.10.13-19.43.26:547][ 35]LogTemp: Current Game State: -1392077568
[2020.10.13-19.43.26:562][ 36]LogTemp: Current Game State: -1392077568
[2020.10.13-19.43.26:579][ 37]LogTemp: Current Game State: -1392077568
[2020.10.13-19.43.26:596][ 38]LogTemp: Current Game State: -1392077568
[2020.10.13-19.43.26:612][ 39]LogTemp: Current Game State: -1392077568
[2020.10.13-19.43.26:629][ 40]LogTemp: Current Game State: -1392077568
[2020.10.13-19.43.26:646][ 41]LogTemp: Current Game State: -1392077568
[2020.10.13-19.43.26:663][ 42]LogTemp: Current Game State: -1392077568
[2020.10.13-19.43.26:680][ 43]LogTemp: Current Game State: -1392077568
[2020.10.13-19.43.26:696][ 44]LogTemp: Current Game State: -1392077568
[2020.10.13-19.43.26:713][ 45]LogTemp: Current Game State: -1392077568
[2020.10.13-19.43.26:730][ 46]LogTemp: Current Game State: -1392077568
[2020.10.13-19.43.26:747][ 47]LogTemp: Current Game State: -1392077568
[2020.10.13-19.43.26:763][ 48]LogTemp: Current Game State: -1392077568
[2020.10.13-19.43.26:779][ 49]LogTemp: Current Game State: -1392077568
[2020.10.13-19.43.26:795][ 50]LogTemp: Current Game State: -1392077568
[2020.10.13-19.43.26:812][ 51]LogTemp: Current Game State: -1392077568
[2020.10.13-19.43.26:829][ 52]LogTemp: Current Game State: -1392077568
[2020.10.13-19.43.26:845][ 53]LogTemp: Current Game State: -1392077568
[2020.10.13-19.43.26:862][ 54]LogTemp: Current Game State: -1392077568
[2020.10.13-19.43.26:879][ 55]LogTemp: Current Game State: -1392077568
[2020.10.13-19.43.26:896][ 56]LogTemp: Current Game State: -1392077568
[2020.10.13-19.43.26:912][ 57]LogTemp: Current Game State: -1392077568
[2020.10.13-19.43.26:929][ 58]LogTemp: Current Game State: -1392077568
[2020.10.13-19.43.26:945][ 59]LogTemp: Current Game State: -1392077568
[2020.10.13-19.43.26:962][ 60]LogTemp: Current Game State: -1392077568
[2020.10.13-19.43.26:979][ 61]LogTemp: Current Game State: -1392077568
[2020.10.13-19.43.26:996][ 62]LogTemp: Current Game State: -1392077568
[2020.10.13-19.43.27:013][ 63]LogTemp: Current Game State: -1392077568
[2020.10.13-19.43.27:029][ 64]LogTemp: Current Game State: -1392077568
[2020.10.13-19.43.27:046][ 65]LogTemp: Current Game State: -1392077568
[2020.10.13-19.43.27:063][ 66]LogTemp: Current Game State: -1392077568
[2020.10.13-19.43.27:079][ 67]LogTemp: Current Game State: -1392077568
[2020.10.13-19.43.27:096][ 68]LogTemp: Current Game State: -1392077568
[2020.10.13-19.43.27:113][ 69]LogTemp: Current Game State: -1392077568
[2020.10.13-19.43.27:130][ 70]LogTemp: Current Game State: -1392077568
[2020.10.13-19.43.27:147][ 71]LogTemp: Current Game State: -1392077568
[2020.10.13-19.43.27:162][ 72]LogTemp: Current Game State: -1392077568
[2020.10.13-19.43.27:179][ 73]LogTemp: Current Game State: -1392077568
[2020.10.13-19.43.27:195][ 74]LogTemp: Current Game State: -1392077568
[2020.10.13-19.43.27:212][ 75]LogTemp: Current Game State: -1392077568
[2020.10.13-19.43.27:229][ 76]LogTemp: Current Game State: -1392077568
[2020.10.13-19.43.27:245][ 77]LogTemp: Current Game State: -1392077568
[2020.10.13-19.43.27:262][ 78]LogTemp: Current Game State: -1392077568
[2020.10.13-19.43.27:279][ 79]LogTemp: Current Game State: -1392077568
[2020.10.13-19.43.27:296][ 80]LogTemp: Current Game State: -1392077568
[2020.10.13-19.43.27:312][ 81]LogTemp: Current Game State: -1392077568
[2020.10.13-19.43.27:329][ 82]LogTemp: Current Game State: -1392077568
[2020.10.13-19.43.27:346][ 83]LogTemp: Current Game State: -1392077568
[2020.10.13-19.43.27:362][ 84]LogTemp: Current Game State: -1392077568
[2020.10.13-19.43.27:379][ 85]LogTemp: Current Game State: -1392077568
[2020.10.13-19.43.27:396][ 86]LogTemp: Current Game State: -1392077568
[2020.10.13-19.43.27:412][ 87]LogSlate: FSceneViewport::OnFocusLost() reason 0
[2020.10.13-19.43.27:413][ 87]LogTemp: Current Game State: -1392077568
[2020.10.13-19.43.27:429][ 88]LogTemp: Current Game State: -1392077568
[2020.10.13-19.43.27:446][ 89]LogTemp: Current Game State: -1392077568
[2020.10.13-19.43.27:463][ 90]LogTemp: Current Game State: -1392077568
[2020.10.13-19.43.27:479][ 91]LogTemp: Current Game State: -1392077568
[2020.10.13-19.43.27:496][ 92]LogTemp: Current Game State: -1392077568
[2020.10.13-19.43.27:513][ 93]LogTemp: Current Game State: -1392077568
[2020.10.13-19.43.27:532][ 94]LogTemp: Current Game State: -1392077567
[2020.10.13-19.43.27:546][ 95]LogTemp: Current Game State: -1392077567
[2020.10.13-19.43.27:562][ 96]LogTemp: Current Game State: -1392077567
[2020.10.13-19.43.27:579][ 97]LogTemp: Current Game State: -1392077567
[2020.10.13-19.43.27:596][ 98]LogTemp: Current Game State: -1392077567
[2020.10.13-19.43.27:613][ 99]LogTemp: Current Game State: -1392077567
[2020.10.13-19.43.27:630][100]LogTemp: Current Game State: -1392077567
[2020.10.13-19.43.27:646][101]LogTemp: Current Game State: -1392077567
[2020.10.13-19.43.27:663][102]LogTemp: Current Game State: -1392077567
[2020.10.13-19.43.27:680][103]LogTemp: Current Game State: -1392077567
[2020.10.13-19.43.27:696][104]LogTemp: Current Game State: -1392077567
[2020.10.13-19.43.27:713][105]LogTemp: Current Game State: -1392077567
[2020.10.13-19.43.27:729][106]LogTemp: Current Game State: -1392077567
[2020.10.13-19.43.27:746][107]LogTemp: Current Game State: -1392077567
[2020.10.13-19.43.27:763][108]LogTemp: Current Game State: -1392077567
[2020.10.13-19.43.27:780][109]LogTemp: Current Game State: -1392077567
[2020.10.13-19.43.27:796][110]LogTemp: Current Game State: -1392077567
[2020.10.13-19.43.27:813][111]LogTemp: Current Game State: -1392077567
[2020.10.13-19.43.27:830][112]LogTemp: Current Game State: -1392077567
[2020.10.13-19.43.27:847][113]LogTemp: Current Game State: -1392077567
[2020.10.13-19.43.27:863][114]LogTemp: Current Game State: -1392077567
[2020.10.13-19.43.27:880][115]LogTemp: Current Game State: -1392077567
[2020.10.13-19.43.27:896][116]LogTemp: Current Game State: -1392077567
[2020.10.13-19.43.27:914][117]LogTemp: Current Game State: -1392077567
[2020.10.13-19.43.27:930][118]LogTemp: Current Game State: -1392077567
[2020.10.13-19.43.27:946][119]LogTemp: Current Game State: -1392077567
[2020.10.13-19.43.27:963][120]LogTemp: Current Game State: -1392077567
[2020.10.13-19.43.27:980][121]LogTemp: Current Game State: -1392077567
[2020.10.13-19.43.27:996][122]LogTemp: Current Game State: -1392077567
[2020.10.13-19.43.28:014][123]LogTemp: Current Game State: -1392077567
[2020.10.13-19.43.28:030][124]LogTemp: Current Game State: -1392077567
[2020.10.13-19.43.28:047][125]LogTemp: Current Game State: -1392077567
[2020.10.13-19.43.28:063][126]LogTemp: Current Game State: -1392077567
[2020.10.13-19.43.28:080][127]LogTemp: Current Game State: -1392077567
[2020.10.13-19.43.28:097][128]LogTemp: Current Game State: -1392077567
[2020.10.13-19.43.28:113][129]LogTemp: Current Game State: -1392077567
[2020.10.13-19.43.28:130][130]LogTemp: Current Game State: -1392077567
[2020.10.13-19.43.28:146][131]LogTemp: Current Game State: -1392077567
[2020.10.13-19.43.28:162][132]LogTemp: Current Game State: -1392077567
[2020.10.13-19.43.28:179][133]LogTemp: Current Game State: -1392077567
[2020.10.13-19.43.28:196][134]LogTemp: Current Game State: -1392077567
[2020.10.13-19.43.28:212][135]LogTemp: Current Game State: -1392077567
[2020.10.13-19.43.28:229][136]LogTemp: Current Game State: -1392077567
[2020.10.13-19.43.28:246][137]LogTemp: Current Game State: -1392077567
[2020.10.13-19.43.28:264][138]LogTemp: Current Game State: -1392077567
[2020.10.13-19.43.28:281][139]LogTemp: Current Game State: -1392077567
[2020.10.13-19.43.28:298][140]LogTemp: Current Game State: -1392077567
[2020.10.13-19.43.28:313][141]LogTemp: Current Game State: -1392077567
[2020.10.13-19.43.28:330][142]LogTemp: Current Game State: -1392077567
[2020.10.13-19.43.28:347][143]LogTemp: Current Game State: -1392077567
[2020.10.13-19.43.28:363][144]LogTemp: Current Game State: -1392077567
[2020.10.13-19.43.28:381][145]LogTemp: Current Game State: -1392077567
[2020.10.13-19.43.28:397][146]LogTemp: Current Game State: -1392077567
[2020.10.13-19.43.28:414][147]LogTemp: Current Game State: -1392077567
[2020.10.13-19.43.28:430][148]LogTemp: Current Game State: -1392077567
[2020.10.13-19.43.28:446][149]LogTemp: Current Game State: -1392077567
[2020.10.13-19.43.28:463][150]LogTemp: Current Game State: -1392077567
[2020.10.13-19.43.28:479][151]LogTemp: Current Game State: -1392077567
[2020.10.13-19.43.28:496][152]LogTemp: Current Game State: -1392077567
[2020.10.13-19.43.28:513][153]LogTemp: Current Game State: -1392077567
[2020.10.13-19.43.28:530][154]LogTemp: Current Game State: -1392077567
[2020.10.13-19.43.28:546][155]LogTemp: Current Game State: -1392077567
[2020.10.13-19.43.28:563][156]LogTemp: Current Game State: -1392077567
[2020.10.13-19.43.28:580][157]LogTemp: Current Game State: -1392077567
[2020.10.13-19.43.28:597][158]LogTemp: Current Game State: -1392077567
[2020.10.13-19.43.28:612][159]LogTemp: Current Game State: -1392077567
[2020.10.13-19.43.28:630][160]LogTemp: Current Game State: -1392077567
[2020.10.13-19.43.28:646][161]LogTemp: Current Game State: -1392077567
[2020.10.13-19.43.28:663][162]LogTemp: Current Game State: -1392077567
[2020.10.13-19.43.28:680][163]LogTemp: Current Game State: -1392077567
[2020.10.13-19.43.28:697][164]LogTemp: Current Game State: -1392077567
[2020.10.13-19.43.28:713][165]LogTemp: Current Game State: -1392077567
[2020.10.13-19.43.28:730][166]LogTemp: Current Game State: -1392077567
[2020.10.13-19.43.28:747][167]LogTemp: Current Game State: -1392077567
[2020.10.13-19.43.28:763][168]LogTemp: Current Game State: -1392077567
[2020.10.13-19.43.28:780][169]LogTemp: Current Game State: -1392077567
[2020.10.13-19.43.28:799][170]LogTemp: Current Game State: -1392077567
[2020.10.13-19.43.28:812][171]LogTemp: Current Game State: -1392077567
[2020.10.13-19.43.28:829][172]LogTemp: Current Game State: -1392077567
[2020.10.13-19.43.28:846][173]LogTemp: Current Game State: -1392077567
[2020.10.13-19.43.28:864][174]LogTemp: Current Game State: -1392077567
[2020.10.13-19.43.28:879][175]LogTemp: Current Game State: -1392077567
[2020.10.13-19.43.28:896][176]LogTemp: Current Game State: -1392077567
[2020.10.13-19.43.28:913][177]LogTemp: Current Game State: -1392077567
[2020.10.13-19.43.28:929][178]LogTemp: Current Game State: -1392077567
[2020.10.13-19.43.28:946][179]LogTemp: Current Game State: -1392077567
[2020.10.13-19.43.28:964][180]LogTemp: Current Game State: -1392077567
[2020.10.13-19.43.28:979][181]LogTemp: Current Game State: -1392077567
[2020.10.13-19.43.28:996][182]LogTemp: Current Game State: -1392077567
[2020.10.13-19.43.29:013][183]LogTemp: Current Game State: -1392077567
[2020.10.13-19.43.29:029][184]LogTemp: Current Game State: -1392077567
[2020.10.13-19.43.29:046][185]LogSlate: FSceneViewport::OnFocusLost() reason 0
[2020.10.13-19.43.29:046][185]LogTemp: Current Game State: -1392077567
[2020.10.13-19.43.29:063][186]LogTemp: Current Game State: -1392077567
[2020.10.13-19.43.29:080][187]LogTemp: Current Game State: -1392077567
[2020.10.13-19.43.29:097][188]LogTemp: Current Game State: -1392077567
[2020.10.13-19.43.29:113][189]LogTemp: Current Game State: -1392077567
[2020.10.13-19.43.29:130][190]LogTemp: Current Game State: -1392077567
[2020.10.13-19.43.29:146][191]LogTemp: Current Game State: -1392077567
[2020.10.13-19.43.31:293][192]LogWindows: Error: === Critical error: ===
[2020.10.13-19.43.31:293][192]LogWindows: Error: 
[2020.10.13-19.43.31:293][192]LogWindows: Error: Fatal error!
[2020.10.13-19.43.31:293][192]LogWindows: Error: 
[2020.10.13-19.43.31:293][192]LogWindows: Error: Unhandled Exception: EXCEPTION_ACCESS_VIOLATION reading address 0x00000000
[2020.10.13-19.43.31:293][192]LogWindows: Error: 
[2020.10.13-19.43.31:293][192]LogWindows: Error: [Callstack] 0x00007ffd11bea18d UE4Editor-GhoulsAndGoodies-8779.dll!ATile::SellUnit() [d:\documents\github\ghoulsandgoblins\ghoulsandgoodies\source\ghoulsandgoodies\tile.cpp:244]
[2020.10.13-19.43.31:293][192]LogWindows: Error: [Callstack] 0x00007ffcd08a84b8 UE4Editor-CoreUObject.dll!UnknownFunction []
[2020.10.13-19.43.31:293][192]LogWindows: Error: [Callstack] 0x00007ffcd0abd50e UE4Editor-CoreUObject.dll!UnknownFunction []
[2020.10.13-19.43.31:293][192]LogWindows: Error: [Callstack] 0x00007ffcd0adfdc1 UE4Editor-CoreUObject.dll!UnknownFunction []
[2020.10.13-19.43.31:293][192]LogWindows: Error: [Callstack] 0x00007ffcd0ae1e62 UE4Editor-CoreUObject.dll!UnknownFunction []
[2020.10.13-19.43.31:293][192]LogWindows: Error: [Callstack] 0x00007ffcd0ab163b UE4Editor-CoreUObject.dll!UnknownFunction []
[2020.10.13-19.43.31:293][192]LogWindows: Error: [Callstack] 0x00007ffcd0ae1b73 UE4Editor-CoreUObject.dll!UnknownFunction []
[2020.10.13-19.43.31:293][192]LogWindows: Error: [Callstack] 0x00007ffcd0ae1e62 UE4Editor-CoreUObject.dll!UnknownFunction []
[2020.10.13-19.43.31:293][192]LogWindows: Error: [Callstack] 0x00007ffcd0ab163b UE4Editor-CoreUObject.dll!UnknownFunction []
[2020.10.13-19.43.31:293][192]LogWindows: Error: [Callstack] 0x00007ffcd0ae1b73 UE4Editor-CoreUObject.dll!UnknownFunction []
[2020.10.13-19.43.31:293][192]LogWindows: Error: [Callstack] 0x00007ffcd0ae1e62 UE4Editor-CoreUObject.dll!UnknownFunction []
[2020.10.13-19.43.31:293][192]LogWindows: Error: [Callstack] 0x00007ffcd0ae17b4 UE4Editor-CoreUObject.dll!UnknownFunction []
[2020.10.13-19.43.31:293][192]LogWindows: Error: [Callstack] 0x00007ffcd08a84b8 UE4Editor-CoreUObject.dll!UnknownFunction []
[2020.10.13-19.43.31:293][192]LogWindows: Error: [Callstack] 0x00007ffcd0ae12b7 UE4Editor-CoreUObject.dll!UnknownFunction []
[2020.10.13-19.43.31:293][192]LogWindows: Error: [Callstack] 0x00007ffcc93703d2 UE4Editor-UMG.dll!UnknownFunction []
[2020.10.13-19.43.31:293][192]LogWindows: Error: [Callstack] 0x00007ffcc93fefdf UE4Editor-UMG.dll!UnknownFunction []
[2020.10.13-19.43.31:293][192]LogWindows: Error: [Callstack] 0x00007ffccf5d13f5 UE4Editor-Slate.dll!UnknownFunction []
[2020.10.13-19.43.31:293][192]LogWindows: Error: [Callstack] 0x00007ffccf415231 UE4Editor-Slate.dll!UnknownFunction []
[2020.10.13-19.43.31:293][192]LogWindows: Error: [Callstack] 0x00007ffccf49b4f1 UE4Editor-Slate.dll!UnknownFunction []
[2020.10.13-19.43.31:293][192]LogWindows: Error: [Callstack] 0x00007ffccf4852e8 UE4Editor-Slate.dll!UnknownFunction []
[2020.10.13-19.43.31:293][192]LogWindows: Error: [Callstack] 0x00007ffccf479c91 UE4Editor-Slate.dll!UnknownFunction []
[2020.10.13-19.43.31:293][192]LogWindows: Error: [Callstack] 0x00007ffd13904e02 UE4Editor-ApplicationCore.dll!UnknownFunction []
[2020.10.13-19.43.31:293][192]LogWindows: Error: [Callstack] 0x00007ffd138f26df UE4Editor-ApplicationCore.dll!UnknownFunction []
[2020.10.13-19.43.31:293][192]LogWindows: Error: [Callstack] 0x00007ffd13907340 UE4Editor-ApplicationCore.dll!UnknownFunction []
[2020.10.13-19.43.31:293][192]LogWindows: Error: [Callstack] 0x00007ffd138eedd0 UE4Editor-ApplicationCore.dll!UnknownFunction []
[2020.10.13-19.43.31:293][192]LogWindows: Error: [Callstack] 0x00007ffd559b5c7d USER32.dll!UnknownFunction []
[2020.10.13-19.43.31:293][192]LogWindows: Error: [Callstack] 0x00007ffd559b5672 USER32.dll!UnknownFunction []
[2020.10.13-19.43.31:293][192]LogWindows: Error: [Callstack] 0x00007ffd139088e9 UE4Editor-ApplicationCore.dll!UnknownFunction []
[2020.10.13-19.43.31:293][192]LogWindows: Error: [Callstack] 0x00007ff636156980 UE4Editor.exe!UnknownFunction []
[2020.10.13-19.43.31:293][192]LogWindows: Error: [Callstack] 0x00007ff63616a91c UE4Editor.exe!UnknownFunction []
[2020.10.13-19.43.31:293][192]LogWindows: Error: [Callstack] 0x00007ff63616a9fa UE4Editor.exe!UnknownFunction []
[2020.10.13-19.43.31:293][192]LogWindows: Error: [Callstack] 0x00007ff63617b92c UE4Editor.exe!UnknownFunction []
[2020.10.13-19.43.31:293][192]LogWindows: Error: [Callstack] 0x00007ff63617e60e UE4Editor.exe!UnknownFunction []
[2020.10.13-19.43.31:293][192]LogWindows: Error: [Callstack] 0x00007ffd54017bd4 KERNEL32.DLL!UnknownFunction []
[2020.10.13-19.43.31:293][192]LogWindows: Error: [Callstack] 0x00007ffd55d6ce51 ntdll.dll!UnknownFunction []
[2020.10.13-19.43.31:293][192]LogWindows: Error: 
[2020.10.13-19.43.31:315][192]LogExit: Executing StaticShutdownAfterError
[2020.10.13-19.43.31:322][192]LogWindows: FPlatformMisc::RequestExit(1)
[2020.10.13-19.43.31:361][192]Log file closed, 10/14/20 06:43:31
