Log file open, 09/07/20 15:08:59
LogWindows: Failed to load 'aqProf.dll' (GetLastError=126)
LogWindows: File 'aqProf.dll' does not exist
LogWindows: Failed to load 'VtuneApi.dll' (GetLastError=126)
LogWindows: File 'VtuneApi.dll' does not exist
LogWindows: Failed to load 'VtuneApi32e.dll' (GetLastError=126)
LogWindows: File 'VtuneApi32e.dll' does not exist
LogConsoleResponse: Display: Failed to find resolution value strings in scalability ini. Falling back to default.
LogInit: Display: Running engine for game: GhoulsAndGoodies
LogPlatformFile: Not using cached read wrapper
LogTaskGraph: Started task graph with 5 named threads and 23 total threads with 3 sets of task threads.
LogStats: Stats thread started at 0.276945
LogD3D11RHI: Loaded GFSDK_Aftermath_Lib.x64.dll
LogICUInternationalization: ICU TimeZone Detection - Raw Offset: +10:00, Platform Override: ''
LogPluginManager: Mounting plugin Paper2D
LogPluginManager: Mounting plugin AISupport
LogPluginManager: Mounting plugin LightPropagationVolume
LogPluginManager: Mounting plugin ActorLayerUtilities
LogPluginManager: Mounting plugin AnimationSharing
LogPluginManager: Mounting plugin CLionSourceCodeAccess
LogPluginManager: Mounting plugin CodeLiteSourceCodeAccess
LogPluginManager: Mounting plugin GitSourceControl
LogPluginManager: Mounting plugin KDevelopSourceCodeAccess
LogPluginManager: Mounting plugin NullSourceCodeAccess
LogPluginManager: Mounting plugin PerforceSourceControl
LogPluginManager: Mounting plugin SubversionSourceControl
LogPluginManager: Mounting plugin UObjectPlugin
LogPluginManager: Mounting plugin VisualStudioCodeSourceCodeAccess
LogPluginManager: Mounting plugin VisualStudioSourceCodeAccess
LogPluginManager: Mounting plugin XCodeSourceCodeAccess
LogPluginManager: Mounting plugin AssetManagerEditor
LogPluginManager: Mounting plugin CryptoKeys
LogPluginManager: Mounting plugin CurveEditorTools
LogPluginManager: Mounting plugin DataValidation
LogPluginManager: Mounting plugin FacialAnimation
LogPluginManager: Mounting plugin GameplayTagsEditor
LogPluginManager: Mounting plugin MacGraphicsSwitching
LogPluginManager: Mounting plugin MaterialAnalyzer
LogPluginManager: Mounting plugin MobileLauncherProfileWizard
LogPluginManager: Mounting plugin PluginBrowser
LogPluginManager: Mounting plugin SpeedTreeImporter
LogPluginManager: Mounting plugin DatasmithContent
LogPluginManager: Mounting plugin VariantManagerContent
LogPluginManager: Mounting plugin AlembicImporter
LogPluginManager: Mounting plugin AutomationUtils
LogPluginManager: Mounting plugin BackChannel
LogPluginManager: Mounting plugin CharacterAI
LogPluginManager: Mounting plugin GeometryCache
LogPluginManager: Mounting plugin HTML5Networking
LogPluginManager: Mounting plugin PlatformCrypto
LogPluginManager: Mounting plugin ProxyLODPlugin
LogPluginManager: Mounting plugin SkeletalReduction
LogPluginManager: Mounting plugin MagicLeap
LogPluginManager: Mounting plugin MagicLeapMedia
LogPluginManager: Mounting plugin AndroidMedia
LogPluginManager: Mounting plugin AvfMedia
LogPluginManager: Mounting plugin ImgMedia
LogPluginManager: Mounting plugin MediaCompositing
LogPluginManager: Mounting plugin MediaPlayerEditor
LogPluginManager: Mounting plugin WebMMedia
LogPluginManager: Mounting plugin WmfMedia
LogPluginManager: Mounting plugin TcpMessaging
LogPluginManager: Mounting plugin UdpMessaging
LogPluginManager: Mounting plugin ActorSequence
LogPluginManager: Mounting plugin LevelSequenceEditor
LogPluginManager: Mounting plugin MatineeToLevelSequence
LogPluginManager: Mounting plugin NetcodeUnitTest
LogPluginManager: Mounting plugin NUTUnrealEngine4
LogPluginManager: Mounting plugin OnlineSubsystemGooglePlay
LogPluginManager: Mounting plugin OnlineSubsystemIOS
LogPluginManager: Mounting plugin OnlineSubsystem
LogPluginManager: Mounting plugin OnlineSubsystemNull
LogPluginManager: Mounting plugin OnlineSubsystemUtils
LogPluginManager: Mounting plugin LauncherChunkInstaller
LogPluginManager: Mounting plugin AndroidDeviceProfileSelector
LogPluginManager: Mounting plugin AndroidMoviePlayer
LogPluginManager: Mounting plugin AndroidPermission
LogPluginManager: Mounting plugin AppleImageUtils
LogPluginManager: Mounting plugin AppleMoviePlayer
LogPluginManager: Mounting plugin ArchVisCharacter
LogPluginManager: Mounting plugin AudioCapture
LogPluginManager: Mounting plugin CableComponent
LogPluginManager: Mounting plugin CustomMeshComponent
LogPluginManager: Mounting plugin EditableMesh
LogPluginManager: Mounting plugin ExampleDeviceProfileSelector
LogPluginManager: Mounting plugin GoogleCloudMessaging
LogPluginManager: Mounting plugin IOSDeviceProfileSelector
LogPluginManager: Mounting plugin LinuxDeviceProfileSelector
LogPluginManager: Mounting plugin LocationServicesBPLibrary
LogPluginManager: Mounting plugin MobilePatchingUtils
LogPluginManager: Mounting plugin OculusVR
LogPluginManager: Mounting plugin PhysXVehicles
LogPluginManager: Mounting plugin ProceduralMeshComponent
LogPluginManager: Mounting plugin RuntimePhysXCooking
LogPluginManager: Mounting plugin SignificanceManager
LogPluginManager: Mounting plugin SteamVR
LogPluginManager: Mounting plugin WebMMoviePlayer
LogPluginManager: Mounting plugin WindowsMoviePlayer
LogPluginManager: Mounting plugin ScreenshotTools
LogInit: Using libcurl 7.55.1-DEV
LogInit:  - built for x86_64-pc-win32
LogInit:  - supports SSL with OpenSSL/1.1.1
LogInit:  - supports HTTP deflate (compression) using libz 1.2.8
LogInit:  - other features:
LogInit:      CURL_VERSION_SSL
LogInit:      CURL_VERSION_LIBZ
LogInit:      CURL_VERSION_IPV6
LogInit:      CURL_VERSION_ASYNCHDNS
LogInit:      CURL_VERSION_LARGEFILE
LogInit:      CURL_VERSION_IDN
LogInit:  CurlRequestOptions (configurable via config and command line):
LogInit:  - bVerifyPeer = true  - Libcurl will verify peer certificate
LogInit:  - bUseHttpProxy = false  - Libcurl will NOT use HTTP proxy
LogInit:  - bDontReuseConnections = false  - Libcurl will reuse connections
LogInit:  - MaxHostConnections = 16  - Libcurl will limit the number of connections to a host
LogInit:  - LocalHostAddr = Default
LogInit:  - BufferSize = 65536
LogOnline: OSS: Creating online subsystem instance for: NULL
LogInit: WinSock: version 1.1 (2.2), MaxSocks=32767, MaxUdp=65467
LogInit: Build: ++UE4+Release-4.23-CL-9631420
LogInit: Engine Version: 4.23.1-9631420+++UE4+Release-4.23
LogInit: Compatible Engine Version: 4.23.0-8386587+++UE4+Release-4.23
LogInit: Net CL: 8386587
LogInit: OS: Windows 10 (Release 1909) (), CPU: Intel(R) Core(TM) i7-4770 CPU @ 3.40GHz, GPU: NVIDIA GeForce GTX 770
LogInit: Compiled (64-bit): Oct 18 2019 02:07:44
LogInit: Compiled with Visual C++: 19.16.27030.01
LogInit: Build Configuration: Development
LogInit: Branch Name: ++UE4+Release-4.23
LogInit: Command Line:  -skipcompile
LogInit: Base Directory: C:/Program Files/Epic Games/UE_4.23/Engine/Binaries/Win64/
LogInit: Installed Engine Build: 1
LogDevObjectVersion: Number of dev versions registered: 23
LogDevObjectVersion:   Dev-Blueprints (B0D832E4-1F89-4F0D-ACCF-7EB736FD4AA2): 10
LogDevObjectVersion:   Dev-Build (E1C64328-A22C-4D53-A36C-8E866417BD8C): 0
LogDevObjectVersion:   Dev-Core (375EC13C-06E4-48FB-B500-84F0262A717E): 3
LogDevObjectVersion:   Dev-Editor (E4B068ED-F494-42E9-A231-DA0B2E46BB41): 34
LogDevObjectVersion:   Dev-Framework (CFFC743F-43B0-4480-9391-14DF171D2073): 35
LogDevObjectVersion:   Dev-Mobile (B02B49B5-BB20-44E9-A304-32B752E40360): 2
LogDevObjectVersion:   Dev-Networking (A4E4105C-59A1-49B5-A7C5-40C4547EDFEE): 0
LogDevObjectVersion:   Dev-Online (39C831C9-5AE6-47DC-9A44-9C173E1C8E7C): 0
LogDevObjectVersion:   Dev-Physics (78F01B33-EBEA-4F98-B9B4-84EACCB95AA2): 0
LogDevObjectVersion:   Dev-Platform (6631380F-2D4D-43E0-8009-CF276956A95A): 0
LogDevObjectVersion:   Dev-Rendering (12F88B9F-8875-4AFC-A67C-D90C383ABD29): 31
LogDevObjectVersion:   Dev-Sequencer (7B5AE74C-D270-4C10-A958-57980B212A5A): 11
LogDevObjectVersion:   Dev-VR (D7296918-1DD6-4BDD-9DE2-64A83CC13884): 2
LogDevObjectVersion:   Dev-LoadTimes (C2A15278-BFE7-4AFE-6C17-90FF531DF755): 1
LogDevObjectVersion:   Private-Geometry (6EACA3D4-40EC-4CC1-B786-8BED09428FC5): 3
LogDevObjectVersion:   Dev-AnimPhys (29E575DD-E0A3-4627-9D10-D276232CDCEA): 17
LogDevObjectVersion:   Dev-Anim (AF43A65D-7FD3-4947-9873-3E8ED9C1BB05): 2
LogDevObjectVersion:   Dev-ReflectionCapture (6B266CEC-1EC7-4B8F-A30B-E4D90942FC07): 1
LogDevObjectVersion:   Dev-Automation (0DF73D61-A23F-47EA-B727-89E90C41499A): 1
LogDevObjectVersion:   FortniteMain (601D1886-AC64-4F84-AA16-D3DE0DEAC7D6): 27
LogDevObjectVersion:   Dev-Enterprise (9DFFBCD6-494F-0158-E221-12823C92A888): 6
LogDevObjectVersion:   Dev-Niagara (F2AED0AC-9AFE-416F-8664-AA7FFA26D6FC): 1
LogDevObjectVersion:   Dev-Destruction (174F1F0B-B4C6-45A5-B13F-2EE8D0FB917D): 9
LogInit: Presizing for max 16777216 objects, including 0 objects not considered by GC, pre-allocating 0 bytes for permanent pool.
LogInit: Object subsystem initialized
LogConfig: Setting CVar [[con.DebugEarlyDefault:1]]
LogConfig: Setting CVar [[r.setres:1280x720]]
[2020.09.07-05.08.59:346][  0]LogConfig: Setting CVar [[r.VSync:0]]
[2020.09.07-05.08.59:346][  0]LogConfig: Setting CVar [[r.RHICmdBypass:0]]
[2020.09.07-05.08.59:346][  0]LogConfig: Applying CVar settings from Section [/Script/Engine.RendererSettings] File [C:/Users/s181813/Documents/GitHub/GhoulsAndGoblins/GhoulsAndGoodies/Saved/Config/Windows/Engine.ini]
[2020.09.07-05.08.59:347][  0]LogConfig: Setting CVar [[r.GPUCrashDebugging:0]]
[2020.09.07-05.08.59:347][  0]LogConfig: Setting CVar [[r.AllowStaticLighting:0]]
[2020.09.07-05.08.59:347][  0]LogConfig: Applying CVar settings from Section [/Script/Engine.RendererOverrideSettings] File [C:/Users/s181813/Documents/GitHub/GhoulsAndGoblins/GhoulsAndGoodies/Saved/Config/Windows/Engine.ini]
[2020.09.07-05.08.59:347][  0]LogConfig: Applying CVar settings from Section [/Script/Engine.StreamingSettings] File [C:/Users/s181813/Documents/GitHub/GhoulsAndGoblins/GhoulsAndGoodies/Saved/Config/Windows/Engine.ini]
[2020.09.07-05.08.59:347][  0]LogConfig: Setting CVar [[s.MinBulkDataSizeForAsyncLoading:131072]]
[2020.09.07-05.08.59:347][  0]LogConfig: Setting CVar [[s.AsyncLoadingThreadEnabled:0]]
[2020.09.07-05.08.59:347][  0]LogConfig: Setting CVar [[s.EventDrivenLoaderEnabled:1]]
[2020.09.07-05.08.59:347][  0]LogConfig: Setting CVar [[s.WarnIfTimeLimitExceeded:0]]
[2020.09.07-05.08.59:347][  0]LogConfig: Setting CVar [[s.TimeLimitExceededMultiplier:1.5]]
[2020.09.07-05.08.59:347][  0]LogConfig: Setting CVar [[s.TimeLimitExceededMinTime:0.005]]
[2020.09.07-05.08.59:347][  0]LogConfig: Setting CVar [[s.UseBackgroundLevelStreaming:1]]
[2020.09.07-05.08.59:347][  0]LogConfig: Setting CVar [[s.PriorityAsyncLoadingExtraTime:15.0]]
[2020.09.07-05.08.59:347][  0]LogConfig: Setting CVar [[s.LevelStreamingActorsUpdateTimeLimit:5.0]]
[2020.09.07-05.08.59:347][  0]LogConfig: Setting CVar [[s.PriorityLevelStreamingActorsUpdateExtraTime:5.0]]
[2020.09.07-05.08.59:347][  0]LogConfig: Setting CVar [[s.LevelStreamingComponentsRegistrationGranularity:10]]
[2020.09.07-05.08.59:348][  0]LogConfig: Setting CVar [[s.UnregisterComponentsTimeLimit:1.0]]
[2020.09.07-05.08.59:348][  0]LogConfig: Setting CVar [[s.LevelStreamingComponentsUnregistrationGranularity:5]]
[2020.09.07-05.08.59:348][  0]LogConfig: Applying CVar settings from Section [/Script/Engine.GarbageCollectionSettings] File [C:/Users/s181813/Documents/GitHub/GhoulsAndGoblins/GhoulsAndGoodies/Saved/Config/Windows/Engine.ini]
[2020.09.07-05.08.59:348][  0]LogConfig: Setting CVar [[gc.MaxObjectsNotConsideredByGC:1]]
[2020.09.07-05.08.59:348][  0]LogConfig: Setting CVar [[gc.SizeOfPermanentObjectPool:0]]
[2020.09.07-05.08.59:348][  0]LogConfig: Setting CVar [[gc.FlushStreamingOnGC:0]]
[2020.09.07-05.08.59:348][  0]LogConfig: Setting CVar [[gc.NumRetriesBeforeForcingGC:10]]
[2020.09.07-05.08.59:348][  0]LogConfig: Setting CVar [[gc.AllowParallelGC:1]]
[2020.09.07-05.08.59:348][  0]LogConfig: Setting CVar [[gc.TimeBetweenPurgingPendingKillObjects:61.1]]
[2020.09.07-05.08.59:348][  0]LogConfig: Setting CVar [[gc.MaxObjectsInEditor:16777216]]
[2020.09.07-05.08.59:348][  0]LogConfig: Setting CVar [[gc.IncrementalBeginDestroyEnabled:1]]
[2020.09.07-05.08.59:348][  0]LogConfig: Setting CVar [[gc.CreateGCClusters:1]]
[2020.09.07-05.08.59:348][  0]LogConfig: Setting CVar [[gc.MinGCClusterSize:5]]
[2020.09.07-05.08.59:348][  0]LogConfig: Setting CVar [[gc.ActorClusteringEnabled:0]]
[2020.09.07-05.08.59:348][  0]LogConfig: Setting CVar [[gc.BlueprintClusteringEnabled:0]]
[2020.09.07-05.08.59:349][  0]LogConfig: Setting CVar [[gc.UseDisregardForGCOnDedicatedServers:0]]
[2020.09.07-05.08.59:349][  0]LogConfig: Applying CVar settings from Section [/Script/Engine.NetworkSettings] File [C:/Users/s181813/Documents/GitHub/GhoulsAndGoblins/GhoulsAndGoodies/Saved/Config/Windows/Engine.ini]
[2020.09.07-05.08.59:349][  0]LogConfig: Applying CVar settings from Section [/Script/UnrealEd.CookerSettings] File [C:/Users/s181813/Documents/GitHub/GhoulsAndGoblins/GhoulsAndGoodies/Saved/Config/Windows/Engine.ini]
[2020.09.07-05.08.59:358][  0]LogConfig: Applying CVar settings from Section [ViewDistanceQuality@3] File [C:/Users/s181813/Documents/GitHub/GhoulsAndGoblins/GhoulsAndGoodies/Saved/Config/Windows/Scalability.ini]
[2020.09.07-05.08.59:358][  0]LogConfig: Setting CVar [[r.SkeletalMeshLODBias:0]]
[2020.09.07-05.08.59:358][  0]LogConfig: Setting CVar [[r.ViewDistanceScale:1.0]]
[2020.09.07-05.08.59:358][  0]LogConfig: Applying CVar settings from Section [AntiAliasingQuality@3] File [C:/Users/s181813/Documents/GitHub/GhoulsAndGoblins/GhoulsAndGoodies/Saved/Config/Windows/Scalability.ini]
[2020.09.07-05.08.59:358][  0]LogConfig: Setting CVar [[r.PostProcessAAQuality:4]]
[2020.09.07-05.08.59:358][  0]LogConfig: Applying CVar settings from Section [ShadowQuality@3] File [C:/Users/s181813/Documents/GitHub/GhoulsAndGoblins/GhoulsAndGoodies/Saved/Config/Windows/Scalability.ini]
[2020.09.07-05.08.59:358][  0]LogConfig: Setting CVar [[r.LightFunctionQuality:1]]
[2020.09.07-05.08.59:358][  0]LogConfig: Setting CVar [[r.ShadowQuality:5]]
[2020.09.07-05.08.59:358][  0]LogConfig: Setting CVar [[r.Shadow.CSM.MaxCascades:10]]
[2020.09.07-05.08.59:358][  0]LogConfig: Setting CVar [[r.Shadow.MaxResolution:2048]]
[2020.09.07-05.08.59:358][  0]LogConfig: Setting CVar [[r.Shadow.MaxCSMResolution:2048]]
[2020.09.07-05.08.59:359][  0]LogConfig: Setting CVar [[r.Shadow.RadiusThreshold:0.01]]
[2020.09.07-05.08.59:359][  0]LogConfig: Setting CVar [[r.Shadow.DistanceScale:1.0]]
[2020.09.07-05.08.59:359][  0]LogConfig: Setting CVar [[r.Shadow.CSM.TransitionScale:1.0]]
[2020.09.07-05.08.59:359][  0]LogConfig: Setting CVar [[r.Shadow.PreShadowResolutionFactor:1.0]]
[2020.09.07-05.08.59:359][  0]LogConfig: Setting CVar [[r.DistanceFieldShadowing:1]]
[2020.09.07-05.08.59:359][  0]LogConfig: Setting CVar [[r.DistanceFieldAO:1]]
[2020.09.07-05.08.59:359][  0]LogConfig: Setting CVar [[r.AOQuality:2]]
[2020.09.07-05.08.59:359][  0]LogConfig: Setting CVar [[r.VolumetricFog:1]]
[2020.09.07-05.08.59:359][  0]LogConfig: Setting CVar [[r.VolumetricFog.GridPixelSize:8]]
[2020.09.07-05.08.59:359][  0]LogConfig: Setting CVar [[r.VolumetricFog.GridSizeZ:128]]
[2020.09.07-05.08.59:359][  0]LogConfig: Setting CVar [[r.VolumetricFog.HistoryMissSupersampleCount:4]]
[2020.09.07-05.08.59:359][  0]LogConfig: Setting CVar [[r.LightMaxDrawDistanceScale:1]]
[2020.09.07-05.08.59:359][  0]LogConfig: Setting CVar [[r.CapsuleShadows:1]]
[2020.09.07-05.08.59:359][  0]LogConfig: Applying CVar settings from Section [PostProcessQuality@3] File [C:/Users/s181813/Documents/GitHub/GhoulsAndGoblins/GhoulsAndGoodies/Saved/Config/Windows/Scalability.ini]
[2020.09.07-05.08.59:359][  0]LogConfig: Setting CVar [[r.MotionBlurQuality:4]]
[2020.09.07-05.08.59:359][  0]LogConfig: Setting CVar [[r.AmbientOcclusionMipLevelFactor:0.4]]
[2020.09.07-05.08.59:359][  0]LogConfig: Setting CVar [[r.AmbientOcclusionMaxQuality:100]]
[2020.09.07-05.08.59:360][  0]LogConfig: Setting CVar [[r.AmbientOcclusionLevels:-1]]
[2020.09.07-05.08.59:360][  0]LogConfig: Setting CVar [[r.AmbientOcclusionRadiusScale:1.0]]
[2020.09.07-05.08.59:360][  0]LogConfig: Setting CVar [[r.DepthOfFieldQuality:2]]
[2020.09.07-05.08.59:360][  0]LogConfig: Setting CVar [[r.RenderTargetPoolMin:400]]
[2020.09.07-05.08.59:360][  0]LogConfig: Setting CVar [[r.LensFlareQuality:2]]
[2020.09.07-05.08.59:360][  0]LogConfig: Setting CVar [[r.SceneColorFringeQuality:1]]
[2020.09.07-05.08.59:360][  0]LogConfig: Setting CVar [[r.EyeAdaptationQuality:2]]
[2020.09.07-05.08.59:360][  0]LogConfig: Setting CVar [[r.BloomQuality:5]]
[2020.09.07-05.08.59:360][  0]LogConfig: Setting CVar [[r.FastBlurThreshold:100]]
[2020.09.07-05.08.59:360][  0]LogConfig: Setting CVar [[r.Upscale.Quality:3]]
[2020.09.07-05.08.59:360][  0]LogConfig: Setting CVar [[r.Tonemapper.GrainQuantization:1]]
[2020.09.07-05.08.59:360][  0]LogConfig: Setting CVar [[r.LightShaftQuality:1]]
[2020.09.07-05.08.59:360][  0]LogConfig: Setting CVar [[r.Filter.SizeScale:1]]
[2020.09.07-05.08.59:360][  0]LogConfig: Setting CVar [[r.Tonemapper.Quality:5]]
[2020.09.07-05.08.59:360][  0]LogConfig: Setting CVar [[r.DOF.Gather.AccumulatorQuality:1        ; higher gathering accumulator quality]]
[2020.09.07-05.08.59:360][  0]LogConfig: Setting CVar [[r.DOF.Gather.PostfilterMethod:1          ; Median3x3 postfilering method]]
[2020.09.07-05.08.59:360][  0]LogConfig: Setting CVar [[r.DOF.Gather.EnableBokehSettings:0       ; no bokeh simulation when gathering]]
[2020.09.07-05.08.59:360][  0]LogConfig: Setting CVar [[r.DOF.Gather.RingCount:4                 ; medium number of samples when gathering]]
[2020.09.07-05.08.59:361][  0]LogConfig: Setting CVar [[r.DOF.Scatter.ForegroundCompositing:1    ; additive foreground scattering]]
[2020.09.07-05.08.59:361][  0]LogConfig: Setting CVar [[r.DOF.Scatter.BackgroundCompositing:2    ; additive background scattering]]
[2020.09.07-05.08.59:361][  0]LogConfig: Setting CVar [[r.DOF.Scatter.EnableBokehSettings:1      ; bokeh simulation when scattering]]
[2020.09.07-05.08.59:361][  0]LogConfig: Setting CVar [[r.DOF.Scatter.MaxSpriteRatio:0.1         ; only a maximum of 10% of scattered bokeh]]
[2020.09.07-05.08.59:361][  0]LogConfig: Setting CVar [[r.DOF.Recombine.Quality:1                ; cheap slight out of focus]]
[2020.09.07-05.08.59:361][  0]LogConfig: Setting CVar [[r.DOF.Recombine.EnableBokehSettings:0    ; no bokeh simulation on slight out of focus]]
[2020.09.07-05.08.59:361][  0]LogConfig: Setting CVar [[r.DOF.TemporalAAQuality:1                ; more stable temporal accumulation]]
[2020.09.07-05.08.59:361][  0]LogConfig: Setting CVar [[r.DOF.Kernel.MaxForegroundRadius:0.025]]
[2020.09.07-05.08.59:361][  0]LogConfig: Setting CVar [[r.DOF.Kernel.MaxBackgroundRadius:0.025]]
[2020.09.07-05.08.59:361][  0]LogConfig: Applying CVar settings from Section [TextureQuality@3] File [C:/Users/s181813/Documents/GitHub/GhoulsAndGoblins/GhoulsAndGoodies/Saved/Config/Windows/Scalability.ini]
[2020.09.07-05.08.59:361][  0]LogConfig: Setting CVar [[r.Streaming.MipBias:0]]
[2020.09.07-05.08.59:361][  0]LogConfig: Setting CVar [[r.Streaming.AmortizeCPUToGPUCopy:0]]
[2020.09.07-05.08.59:361][  0]LogConfig: Setting CVar [[r.Streaming.MaxNumTexturesToStreamPerFrame:0]]
[2020.09.07-05.08.59:361][  0]LogConfig: Setting CVar [[r.Streaming.Boost:1]]
[2020.09.07-05.08.59:361][  0]LogConfig: Setting CVar [[r.MaxAnisotropy:8]]
[2020.09.07-05.08.59:361][  0]LogConfig: Setting CVar [[r.Streaming.LimitPoolSizeToVRAM:0]]
[2020.09.07-05.08.59:361][  0]LogConfig: Setting CVar [[r.Streaming.PoolSize:1000]]
[2020.09.07-05.08.59:362][  0]LogConfig: Setting CVar [[r.Streaming.MaxEffectiveScreenSize:0]]
[2020.09.07-05.08.59:362][  0]LogConfig: Applying CVar settings from Section [EffectsQuality@3] File [C:/Users/s181813/Documents/GitHub/GhoulsAndGoblins/GhoulsAndGoodies/Saved/Config/Windows/Scalability.ini]
[2020.09.07-05.08.59:362][  0]LogConfig: Setting CVar [[r.TranslucencyLightingVolumeDim:64]]
[2020.09.07-05.08.59:362][  0]LogConfig: Setting CVar [[r.RefractionQuality:2]]
[2020.09.07-05.08.59:362][  0]LogConfig: Setting CVar [[r.SSR.Quality:3]]
[2020.09.07-05.08.59:362][  0]LogConfig: Setting CVar [[r.SceneColorFormat:4]]
[2020.09.07-05.08.59:362][  0]LogConfig: Setting CVar [[r.DetailMode:2]]
[2020.09.07-05.08.59:362][  0]LogConfig: Setting CVar [[r.TranslucencyVolumeBlur:1]]
[2020.09.07-05.08.59:362][  0]LogConfig: Setting CVar [[r.MaterialQualityLevel:1 ; High quality]]
[2020.09.07-05.08.59:362][  0]LogConfig: Setting CVar [[r.SSS.Scale:1]]
[2020.09.07-05.08.59:362][  0]LogConfig: Setting CVar [[r.SSS.SampleSet:2]]
[2020.09.07-05.08.59:362][  0]LogConfig: Setting CVar [[r.SSS.Quality:1]]
[2020.09.07-05.08.59:362][  0]LogConfig: Setting CVar [[r.SSS.HalfRes:1]]
[2020.09.07-05.08.59:362][  0]LogConfig: Setting CVar [[r.EmitterSpawnRateScale:1.0]]
[2020.09.07-05.08.59:362][  0]LogConfig: Setting CVar [[r.ParticleLightQuality:2]]
[2020.09.07-05.08.59:362][  0]LogConfig: Applying CVar settings from Section [FoliageQuality@3] File [C:/Users/s181813/Documents/GitHub/GhoulsAndGoblins/GhoulsAndGoodies/Saved/Config/Windows/Scalability.ini]
[2020.09.07-05.08.59:362][  0]LogConfig: Setting CVar [[foliage.DensityScale:1.0]]
[2020.09.07-05.08.59:363][  0]LogConfig: Setting CVar [[grass.DensityScale:1.0]]
[2020.09.07-05.08.59:363][  0]LogInit: Selected Device Profile: [Windows]
[2020.09.07-05.08.59:363][  0]LogInit: Applying CVar settings loaded from the selected device profile: [Windows]
[2020.09.07-05.08.59:367][  0]LogHAL: Display: Platform has ~ 32 GB [34241372160 / 34359738368 / 32], which maps to Largest [LargestMinGB=32, LargerMinGB=12, DefaultMinGB=8, SmallerMinGB=6, SmallestMinGB=0)
[2020.09.07-05.08.59:367][  0]LogInit: Going up to parent DeviceProfile []
[2020.09.07-05.08.59:367][  0]LogConfig: Applying CVar settings from Section [ViewDistanceQuality@3] File [C:/Users/s181813/Documents/GitHub/GhoulsAndGoblins/GhoulsAndGoodies/Saved/Config/Windows/Scalability.ini]
[2020.09.07-05.08.59:367][  0]LogConfig: Setting CVar [[r.SkeletalMeshLODBias:0]]
[2020.09.07-05.08.59:367][  0]LogConfig: Setting CVar [[r.ViewDistanceScale:1.0]]
[2020.09.07-05.08.59:367][  0]LogConfig: Applying CVar settings from Section [AntiAliasingQuality@3] File [C:/Users/s181813/Documents/GitHub/GhoulsAndGoblins/GhoulsAndGoodies/Saved/Config/Windows/Scalability.ini]
[2020.09.07-05.08.59:368][  0]LogConfig: Setting CVar [[r.PostProcessAAQuality:4]]
[2020.09.07-05.08.59:368][  0]LogConfig: Applying CVar settings from Section [ShadowQuality@3] File [C:/Users/s181813/Documents/GitHub/GhoulsAndGoblins/GhoulsAndGoodies/Saved/Config/Windows/Scalability.ini]
[2020.09.07-05.08.59:368][  0]LogConfig: Setting CVar [[r.LightFunctionQuality:1]]
[2020.09.07-05.08.59:368][  0]LogConfig: Setting CVar [[r.ShadowQuality:5]]
[2020.09.07-05.08.59:368][  0]LogConfig: Setting CVar [[r.Shadow.CSM.MaxCascades:10]]
[2020.09.07-05.08.59:368][  0]LogConfig: Setting CVar [[r.Shadow.MaxResolution:2048]]
[2020.09.07-05.08.59:368][  0]LogConfig: Setting CVar [[r.Shadow.MaxCSMResolution:2048]]
[2020.09.07-05.08.59:368][  0]LogConfig: Setting CVar [[r.Shadow.RadiusThreshold:0.01]]
[2020.09.07-05.08.59:368][  0]LogConfig: Setting CVar [[r.Shadow.DistanceScale:1.0]]
[2020.09.07-05.08.59:368][  0]LogConfig: Setting CVar [[r.Shadow.CSM.TransitionScale:1.0]]
[2020.09.07-05.08.59:368][  0]LogConfig: Setting CVar [[r.Shadow.PreShadowResolutionFactor:1.0]]
[2020.09.07-05.08.59:368][  0]LogConfig: Setting CVar [[r.DistanceFieldShadowing:1]]
[2020.09.07-05.08.59:368][  0]LogConfig: Setting CVar [[r.DistanceFieldAO:1]]
[2020.09.07-05.08.59:368][  0]LogConfig: Setting CVar [[r.AOQuality:2]]
[2020.09.07-05.08.59:369][  0]LogConfig: Setting CVar [[r.VolumetricFog:1]]
[2020.09.07-05.08.59:369][  0]LogConfig: Setting CVar [[r.VolumetricFog.GridPixelSize:8]]
[2020.09.07-05.08.59:369][  0]LogConfig: Setting CVar [[r.VolumetricFog.GridSizeZ:128]]
[2020.09.07-05.08.59:369][  0]LogConfig: Setting CVar [[r.VolumetricFog.HistoryMissSupersampleCount:4]]
[2020.09.07-05.08.59:369][  0]LogConfig: Setting CVar [[r.LightMaxDrawDistanceScale:1]]
[2020.09.07-05.08.59:369][  0]LogConfig: Setting CVar [[r.CapsuleShadows:1]]
[2020.09.07-05.08.59:369][  0]LogConfig: Applying CVar settings from Section [PostProcessQuality@3] File [C:/Users/s181813/Documents/GitHub/GhoulsAndGoblins/GhoulsAndGoodies/Saved/Config/Windows/Scalability.ini]
[2020.09.07-05.08.59:369][  0]LogConfig: Setting CVar [[r.MotionBlurQuality:4]]
[2020.09.07-05.08.59:369][  0]LogConfig: Setting CVar [[r.AmbientOcclusionMipLevelFactor:0.4]]
[2020.09.07-05.08.59:369][  0]LogConfig: Setting CVar [[r.AmbientOcclusionMaxQuality:100]]
[2020.09.07-05.08.59:369][  0]LogConfig: Setting CVar [[r.AmbientOcclusionLevels:-1]]
[2020.09.07-05.08.59:369][  0]LogConfig: Setting CVar [[r.AmbientOcclusionRadiusScale:1.0]]
[2020.09.07-05.08.59:370][  0]LogConfig: Setting CVar [[r.DepthOfFieldQuality:2]]
[2020.09.07-05.08.59:370][  0]LogConfig: Setting CVar [[r.RenderTargetPoolMin:400]]
[2020.09.07-05.08.59:370][  0]LogConfig: Setting CVar [[r.LensFlareQuality:2]]
[2020.09.07-05.08.59:370][  0]LogConfig: Setting CVar [[r.SceneColorFringeQuality:1]]
[2020.09.07-05.08.59:370][  0]LogConfig: Setting CVar [[r.EyeAdaptationQuality:2]]
[2020.09.07-05.08.59:370][  0]LogConfig: Setting CVar [[r.BloomQuality:5]]
[2020.09.07-05.08.59:370][  0]LogConfig: Setting CVar [[r.FastBlurThreshold:100]]
[2020.09.07-05.08.59:370][  0]LogConfig: Setting CVar [[r.Upscale.Quality:3]]
[2020.09.07-05.08.59:370][  0]LogConfig: Setting CVar [[r.Tonemapper.GrainQuantization:1]]
[2020.09.07-05.08.59:370][  0]LogConfig: Setting CVar [[r.LightShaftQuality:1]]
[2020.09.07-05.08.59:370][  0]LogConfig: Setting CVar [[r.Filter.SizeScale:1]]
[2020.09.07-05.08.59:370][  0]LogConfig: Setting CVar [[r.Tonemapper.Quality:5]]
[2020.09.07-05.08.59:370][  0]LogConfig: Setting CVar [[r.DOF.Gather.AccumulatorQuality:1        ; higher gathering accumulator quality]]
[2020.09.07-05.08.59:370][  0]LogConfig: Setting CVar [[r.DOF.Gather.PostfilterMethod:1          ; Median3x3 postfilering method]]
[2020.09.07-05.08.59:370][  0]LogConfig: Setting CVar [[r.DOF.Gather.EnableBokehSettings:0       ; no bokeh simulation when gathering]]
[2020.09.07-05.08.59:371][  0]LogConfig: Setting CVar [[r.DOF.Gather.RingCount:4                 ; medium number of samples when gathering]]
[2020.09.07-05.08.59:371][  0]LogConfig: Setting CVar [[r.DOF.Scatter.ForegroundCompositing:1    ; additive foreground scattering]]
[2020.09.07-05.08.59:371][  0]LogConfig: Setting CVar [[r.DOF.Scatter.BackgroundCompositing:2    ; additive background scattering]]
[2020.09.07-05.08.59:371][  0]LogConfig: Setting CVar [[r.DOF.Scatter.EnableBokehSettings:1      ; bokeh simulation when scattering]]
[2020.09.07-05.08.59:371][  0]LogConfig: Setting CVar [[r.DOF.Scatter.MaxSpriteRatio:0.1         ; only a maximum of 10% of scattered bokeh]]
[2020.09.07-05.08.59:371][  0]LogConfig: Setting CVar [[r.DOF.Recombine.Quality:1                ; cheap slight out of focus]]
[2020.09.07-05.08.59:371][  0]LogConfig: Setting CVar [[r.DOF.Recombine.EnableBokehSettings:0    ; no bokeh simulation on slight out of focus]]
[2020.09.07-05.08.59:371][  0]LogConfig: Setting CVar [[r.DOF.TemporalAAQuality:1                ; more stable temporal accumulation]]
[2020.09.07-05.08.59:371][  0]LogConfig: Setting CVar [[r.DOF.Kernel.MaxForegroundRadius:0.025]]
[2020.09.07-05.08.59:371][  0]LogConfig: Setting CVar [[r.DOF.Kernel.MaxBackgroundRadius:0.025]]
[2020.09.07-05.08.59:371][  0]LogConfig: Applying CVar settings from Section [TextureQuality@3] File [C:/Users/s181813/Documents/GitHub/GhoulsAndGoblins/GhoulsAndGoodies/Saved/Config/Windows/Scalability.ini]
[2020.09.07-05.08.59:371][  0]LogConfig: Setting CVar [[r.Streaming.MipBias:0]]
[2020.09.07-05.08.59:371][  0]LogConfig: Setting CVar [[r.Streaming.AmortizeCPUToGPUCopy:0]]
[2020.09.07-05.08.59:371][  0]LogConfig: Setting CVar [[r.Streaming.MaxNumTexturesToStreamPerFrame:0]]
[2020.09.07-05.08.59:371][  0]LogConfig: Setting CVar [[r.Streaming.Boost:1]]
[2020.09.07-05.08.59:371][  0]LogConfig: Setting CVar [[r.MaxAnisotropy:8]]
[2020.09.07-05.08.59:372][  0]LogConfig: Setting CVar [[r.Streaming.LimitPoolSizeToVRAM:0]]
[2020.09.07-05.08.59:372][  0]LogConfig: Setting CVar [[r.Streaming.PoolSize:1000]]
[2020.09.07-05.08.59:372][  0]LogConfig: Setting CVar [[r.Streaming.MaxEffectiveScreenSize:0]]
[2020.09.07-05.08.59:372][  0]LogConfig: Applying CVar settings from Section [EffectsQuality@3] File [C:/Users/s181813/Documents/GitHub/GhoulsAndGoblins/GhoulsAndGoodies/Saved/Config/Windows/Scalability.ini]
[2020.09.07-05.08.59:372][  0]LogConfig: Setting CVar [[r.TranslucencyLightingVolumeDim:64]]
[2020.09.07-05.08.59:372][  0]LogConfig: Setting CVar [[r.RefractionQuality:2]]
[2020.09.07-05.08.59:372][  0]LogConfig: Setting CVar [[r.SSR.Quality:3]]
[2020.09.07-05.08.59:372][  0]LogConfig: Setting CVar [[r.SceneColorFormat:4]]
[2020.09.07-05.08.59:372][  0]LogConfig: Setting CVar [[r.DetailMode:2]]
[2020.09.07-05.08.59:372][  0]LogConfig: Setting CVar [[r.TranslucencyVolumeBlur:1]]
[2020.09.07-05.08.59:372][  0]LogConfig: Setting CVar [[r.MaterialQualityLevel:1 ; High quality]]
[2020.09.07-05.08.59:372][  0]LogConfig: Setting CVar [[r.SSS.Scale:1]]
[2020.09.07-05.08.59:372][  0]LogConfig: Setting CVar [[r.SSS.SampleSet:2]]
[2020.09.07-05.08.59:372][  0]LogConfig: Setting CVar [[r.SSS.Quality:1]]
[2020.09.07-05.08.59:372][  0]LogConfig: Setting CVar [[r.SSS.HalfRes:1]]
[2020.09.07-05.08.59:372][  0]LogConfig: Setting CVar [[r.EmitterSpawnRateScale:1.0]]
[2020.09.07-05.08.59:372][  0]LogConfig: Setting CVar [[r.ParticleLightQuality:2]]
[2020.09.07-05.08.59:373][  0]LogConfig: Applying CVar settings from Section [FoliageQuality@3] File [C:/Users/s181813/Documents/GitHub/GhoulsAndGoblins/GhoulsAndGoodies/Saved/Config/Windows/Scalability.ini]
[2020.09.07-05.08.59:373][  0]LogConfig: Setting CVar [[foliage.DensityScale:1.0]]
[2020.09.07-05.08.59:373][  0]LogConfig: Setting CVar [[grass.DensityScale:1.0]]
[2020.09.07-05.08.59:373][  0]LogConfig: Applying CVar settings from Section [Startup] File [../../../Engine/Config/ConsoleVariables.ini]
[2020.09.07-05.08.59:373][  0]LogConfig: Setting CVar [[net.UseAdaptiveNetUpdateFrequency:0]]
[2020.09.07-05.08.59:373][  0]LogConfig: Setting CVar [[p.chaos.AllowCreatePhysxBodies:1]]
[2020.09.07-05.08.59:373][  0]LogConfig: Applying CVar settings from Section [ConsoleVariables] File [C:/Users/s181813/Documents/GitHub/GhoulsAndGoblins/GhoulsAndGoodies/Saved/Config/Windows/Engine.ini]
[2020.09.07-05.08.59:373][  0]LogInit: Computer: SYD-19EF44
[2020.09.07-05.08.59:373][  0]LogInit: User: s181813
[2020.09.07-05.08.59:373][  0]LogInit: CPU Page size=4096, Cores=4
[2020.09.07-05.08.59:374][  0]LogInit: High frequency timer resolution =10.000000 MHz
[2020.09.07-05.08.59:374][  0]LogMemory: Memory total: Physical=31.9GB (32GB approx)
[2020.09.07-05.08.59:374][  0]LogMemory: Platform Memory Stats for Windows
[2020.09.07-05.08.59:374][  0]LogMemory: Process Physical Memory: 102.00 MB used, 102.00 MB peak
[2020.09.07-05.08.59:374][  0]LogMemory: Process Virtual Memory: 99.07 MB used, 99.07 MB peak
[2020.09.07-05.08.59:374][  0]LogMemory: Physical Memory: 8073.80 MB used,  24581.32 MB free, 32655.12 MB total
[2020.09.07-05.08.59:374][  0]LogMemory: Virtual Memory: 4666.87 MB used,  134213064.00 MB free, 134217728.00 MB total
[2020.09.07-05.08.59:380][  0]LogWindows: WindowsPlatformFeatures enabled
[2020.09.07-05.08.59:635][  0]LogInit: Using OS detected language (en-US).
[2020.09.07-05.08.59:635][  0]LogInit: Using OS detected locale (en-AU).
[2020.09.07-05.08.59:636][  0]LogTextLocalizationManager: No specific localization for 'en-US' exists, so the 'en' localization will be used.
[2020.09.07-05.08.59:851][  0]LogInit: Setting process to per monitor DPI aware
[2020.09.07-05.08.59:908][  0]LogSlate: New Slate User Created.  User Index 0, Is Virtual User: 0
[2020.09.07-05.08.59:909][  0]LogSlate: Slate User Registered.  User Index 0, Is Virtual User: 0
[2020.09.07-05.09.00:105][  0]LogHMD: Failed to initialize OpenVR with code 110
[2020.09.07-05.09.00:105][  0]LogD3D11RHI: D3D11 adapters:
[2020.09.07-05.09.00:187][  0]LogD3D11RHI:    0. 'NVIDIA GeForce GTX 770' (Feature Level 11_0)
[2020.09.07-05.09.00:187][  0]LogD3D11RHI:       2007/0/16327 MB DedicatedVideo/DedicatedSystem/SharedSystem, Outputs:2, VendorId:0x10de
[2020.09.07-05.09.00:207][  0]LogD3D11RHI:    1. 'Intel(R) HD Graphics 4600' (Feature Level 11_0)
[2020.09.07-05.09.00:207][  0]LogD3D11RHI:       112/0/2048 MB DedicatedVideo/DedicatedSystem/SharedSystem, Outputs:0, VendorId:0x8086
[2020.09.07-05.09.00:223][  0]LogD3D11RHI:    2. 'Microsoft Basic Render Driver' (Feature Level 11_0)
[2020.09.07-05.09.00:223][  0]LogD3D11RHI:       0/0/16327 MB DedicatedVideo/DedicatedSystem/SharedSystem, Outputs:0, VendorId:0x1414
[2020.09.07-05.09.00:223][  0]LogD3D11RHI: Chosen D3D11 Adapter: 0
[2020.09.07-05.09.00:234][  0]LogD3D11RHI: Creating new Direct3DDevice
[2020.09.07-05.09.00:234][  0]LogD3D11RHI:     GPU DeviceId: 0x1184 (for the marketing name, search the web for "GPU Device Id")
[2020.09.07-05.09.00:234][  0]LogWindows: EnumDisplayDevices:
[2020.09.07-05.09.00:234][  0]LogWindows:    0. 'NVIDIA GeForce GTX 770' (P:1 D:1)
[2020.09.07-05.09.00:235][  0]LogWindows:    1. 'NVIDIA GeForce GTX 770' (P:0 D:1)
[2020.09.07-05.09.00:235][  0]LogWindows:    2. 'NVIDIA GeForce GTX 770' (P:0 D:0)
[2020.09.07-05.09.00:235][  0]LogWindows:    3. 'NVIDIA GeForce GTX 770' (P:0 D:0)
[2020.09.07-05.09.00:236][  0]LogWindows:    4. 'Intel(R) HD Graphics 4600' (P:0 D:0)
[2020.09.07-05.09.00:236][  0]LogWindows:    5. 'Intel(R) HD Graphics 4600' (P:0 D:0)
[2020.09.07-05.09.00:236][  0]LogWindows:    6. 'Intel(R) HD Graphics 4600' (P:0 D:0)
[2020.09.07-05.09.00:237][  0]LogWindows: DebugString: PrimaryIsNotTheChoosenAdapter PrimaryIsNotTheChoosenAdapter PrimaryIsNotTheChoosenAdapter FoundDriverCount:4 
[2020.09.07-05.09.00:237][  0]LogD3D11RHI:     Adapter Name: NVIDIA GeForce GTX 770
[2020.09.07-05.09.00:237][  0]LogD3D11RHI:   Driver Version: 451.67 (internal:27.21.14.5167, unified:451.67)
[2020.09.07-05.09.00:237][  0]LogD3D11RHI:      Driver Date: 7-5-2020
[2020.09.07-05.09.00:238][  0]LogRHI: Texture pool is 1404 MB (70% of 2007 MB)
[2020.09.07-05.09.00:289][  0]LogD3D11RHI: Async texture creation enabled
[2020.09.07-05.09.00:304][  0]LogD3D11RHI: GPU Timing Frequency: 1000.000000 (Debug: 2 1)
[2020.09.07-05.09.00:590][  0]LogTemp: Display: Module 'AllDesktopTargetPlatform' loaded TargetPlatform 'AllDesktop'
[2020.09.07-05.09.00:602][  0]LogTemp: Display: Module 'MacClientTargetPlatform' loaded TargetPlatform 'MacClient'
[2020.09.07-05.09.00:613][  0]LogTemp: Display: Module 'MacNoEditorTargetPlatform' loaded TargetPlatform 'MacNoEditor'
[2020.09.07-05.09.00:627][  0]LogTemp: Display: Module 'MacServerTargetPlatform' loaded TargetPlatform 'MacServer'
[2020.09.07-05.09.00:638][  0]LogTemp: Display: Module 'MacTargetPlatform' loaded TargetPlatform 'Mac'
[2020.09.07-05.09.00:656][  0]LogTemp: Display: Module 'WindowsClientTargetPlatform' loaded TargetPlatform 'WindowsClient'
[2020.09.07-05.09.00:671][  0]LogTemp: Display: Module 'WindowsNoEditorTargetPlatform' loaded TargetPlatform 'WindowsNoEditor'
[2020.09.07-05.09.00:684][  0]LogTemp: Display: Module 'WindowsServerTargetPlatform' loaded TargetPlatform 'WindowsServer'
[2020.09.07-05.09.00:691][  0]LogTemp: Display: Module 'WindowsTargetPlatform' loaded TargetPlatform 'Windows'
[2020.09.07-05.09.00:731][  0]LogTemp: Display: Module 'AndroidTargetPlatform' loaded TargetPlatform 'Android'
[2020.09.07-05.09.00:731][  0]LogTemp: Display: Module 'AndroidTargetPlatform' loaded TargetPlatform 'Android_ASTC'
[2020.09.07-05.09.00:731][  0]LogTemp: Display: Module 'AndroidTargetPlatform' loaded TargetPlatform 'Android_ATC'
[2020.09.07-05.09.00:731][  0]LogTemp: Display: Module 'AndroidTargetPlatform' loaded TargetPlatform 'Android_DXT'
[2020.09.07-05.09.00:731][  0]LogTemp: Display: Module 'AndroidTargetPlatform' loaded TargetPlatform 'Android_ETC1'
[2020.09.07-05.09.00:732][  0]LogTemp: Display: Module 'AndroidTargetPlatform' loaded TargetPlatform 'Android_ETC1a'
[2020.09.07-05.09.00:732][  0]LogTemp: Display: Module 'AndroidTargetPlatform' loaded TargetPlatform 'Android_ETC2'
[2020.09.07-05.09.00:732][  0]LogTemp: Display: Module 'AndroidTargetPlatform' loaded TargetPlatform 'Android_PVRTC'
[2020.09.07-05.09.00:732][  0]LogTemp: Display: Module 'AndroidTargetPlatform' loaded TargetPlatform 'AndroidClient'
[2020.09.07-05.09.00:732][  0]LogTemp: Display: Module 'AndroidTargetPlatform' loaded TargetPlatform 'Android_ASTCClient'
[2020.09.07-05.09.00:732][  0]LogTemp: Display: Module 'AndroidTargetPlatform' loaded TargetPlatform 'Android_ATCClient'
[2020.09.07-05.09.00:732][  0]LogTemp: Display: Module 'AndroidTargetPlatform' loaded TargetPlatform 'Android_DXTClient'
[2020.09.07-05.09.00:732][  0]LogTemp: Display: Module 'AndroidTargetPlatform' loaded TargetPlatform 'Android_ETC1Client'
[2020.09.07-05.09.00:732][  0]LogTemp: Display: Module 'AndroidTargetPlatform' loaded TargetPlatform 'Android_ETC1aClient'
[2020.09.07-05.09.00:732][  0]LogTemp: Display: Module 'AndroidTargetPlatform' loaded TargetPlatform 'Android_ETC2Client'
[2020.09.07-05.09.00:732][  0]LogTemp: Display: Module 'AndroidTargetPlatform' loaded TargetPlatform 'Android_PVRTCClient'
[2020.09.07-05.09.00:732][  0]LogTemp: Display: Module 'AndroidTargetPlatform' loaded TargetPlatform 'Android_Multi'
[2020.09.07-05.09.00:732][  0]LogTemp: Display: Module 'AndroidTargetPlatform' loaded TargetPlatform 'Android_MultiClient'
[2020.09.07-05.09.00:736][  0]LogTemp: Display: Module 'HTML5TargetPlatform' loaded TargetPlatform 'HTML5'
[2020.09.07-05.09.00:772][  0]LogTemp: Display: Module 'IOSTargetPlatform' loaded TargetPlatform 'IOSClient'
[2020.09.07-05.09.00:772][  0]LogTemp: Display: Module 'IOSTargetPlatform' loaded TargetPlatform 'IOS'
[2020.09.07-05.09.00:793][  0]LogTemp: Display: Module 'TVOSTargetPlatform' loaded TargetPlatform 'TVOSClient'
[2020.09.07-05.09.00:793][  0]LogTemp: Display: Module 'TVOSTargetPlatform' loaded TargetPlatform 'TVOS'
[2020.09.07-05.09.00:807][  0]LogTemp: Display: Module 'LinuxClientTargetPlatform' loaded TargetPlatform 'LinuxClient'
[2020.09.07-05.09.00:818][  0]LogTemp: Display: Module 'LinuxNoEditorTargetPlatform' loaded TargetPlatform 'LinuxNoEditor'
[2020.09.07-05.09.00:831][  0]LogTemp: Display: Module 'LinuxServerTargetPlatform' loaded TargetPlatform 'LinuxServer'
[2020.09.07-05.09.00:844][  0]LogTemp: Display: Module 'LinuxTargetPlatform' loaded TargetPlatform 'Linux'
[2020.09.07-05.09.00:877][  0]LogTemp: Display: Module 'LuminTargetPlatform' loaded TargetPlatform 'Lumin'
[2020.09.07-05.09.00:877][  0]LogTemp: Display: Module 'LuminTargetPlatform' loaded TargetPlatform 'LuminClient'
[2020.09.07-05.09.00:877][  0]LogTargetPlatformManager: Display: Building Assets For Windows
[2020.09.07-05.09.00:900][  0]LogAudioDebug: Display: Lib vorbis DLL was dynamically loaded.
[2020.09.07-05.09.00:993][  0]LogShaderCompilers: Guid format shader working directory is -34 characters bigger than the processId version (../../../../../../Users/s181813/Documents/GitHub/GhoulsAndGoblins/GhoulsAndGoodies/Intermediate/Shaders/WorkingDirectory/4512/).
[2020.09.07-05.09.00:994][  0]LogShaderCompilers: Cleaned the shader compiler working directory 'C:/Users/s181813/AppData/Local/Temp/UnrealShaderWorkingDir/D5B0011C469E9C3C20BC249FA3D4F971/'.
[2020.09.07-05.09.00:996][  0]LogXGEController: Cleaning working directory: C:/Users/s181813/AppData/Local/Temp/UnrealXGEWorkingDir/
[2020.09.07-05.09.00:996][  0]LogXGEController: Cannot use XGE Controller as Incredibuild is not installed on this machine.
[2020.09.07-05.09.00:996][  0]LogShaderCompilers: Cannot use XGE Shader Compiler as Incredibuild is not installed on this machine.
[2020.09.07-05.09.00:996][  0]LogShaderCompilers: Display: Using Local Shader Compiler.
[2020.09.07-05.09.01:623][  0]LogDerivedDataCache: Display: Max Cache Size: 512 MB
[2020.09.07-05.09.01:688][  0]LogDerivedDataCache: Loaded boot cache 0.06s 76MB C:/Users/s181813/AppData/Local/UnrealEngine/4.23/DerivedDataCache/Boot.ddc.
[2020.09.07-05.09.01:688][  0]LogDerivedDataCache: Display: Loaded Boot cache: C:/Users/s181813/AppData/Local/UnrealEngine/4.23/DerivedDataCache/Boot.ddc
[2020.09.07-05.09.01:688][  0]LogDerivedDataCache: FDerivedDataBackendGraph:  Pak pak cache file ../../../../../../Users/s181813/Documents/GitHub/GhoulsAndGoblins/GhoulsAndGoodies/DerivedDataCache/DDC.ddp not found, will not use a pak cache.
[2020.09.07-05.09.01:689][  0]LogDerivedDataCache: Unable to find inner node Pak for hierarchical cache Hierarchy.
[2020.09.07-05.09.01:689][  0]LogDerivedDataCache: FDerivedDataBackendGraph:  CompressedPak pak cache file ../../../../../../Users/s181813/Documents/GitHub/GhoulsAndGoblins/GhoulsAndGoodies/DerivedDataCache/Compressed.ddp not found, will not use a pak cache.
[2020.09.07-05.09.01:689][  0]LogDerivedDataCache: Unable to find inner node CompressedPak for hierarchical cache Hierarchy.
[2020.09.07-05.09.01:700][  0]LogDerivedDataCache: Display: Pak cache opened for reading ../../../Engine/DerivedDataCache/Compressed.ddp.
[2020.09.07-05.09.01:700][  0]LogDerivedDataCache: FDerivedDataBackendGraph:  EnterprisePak pak cache file ../../../Enterprise/DerivedDataCache/Compressed.ddp not found, will not use a pak cache.
[2020.09.07-05.09.01:700][  0]LogDerivedDataCache: Unable to find inner node EnterprisePak for hierarchical cache Hierarchy.
[2020.09.07-05.09.01:703][  0]LogDerivedDataCache: Using Local data cache path C:/Users/s181813/AppData/Local/UnrealEngine/Common/DerivedDataCache: Writable
[2020.09.07-05.09.01:703][  0]LogDerivedDataCache: Shared data cache path not found in *engine.ini, will not use an Shared cache.
[2020.09.07-05.09.01:703][  0]LogDerivedDataCache: Unable to find inner node Shared for hierarchical cache Hierarchy.
[2020.09.07-05.09.01:728][  0]LogMaterial: Verifying Global Shaders for PCD3D_SM5
[2020.09.07-05.09.01:731][  0]LogSlate: Using FreeType 2.6.0
[2020.09.07-05.09.01:732][  0]LogSlate: SlateFontServices - WITH_FREETYPE: 1, WITH_HARFBUZZ: 1
[2020.09.07-05.09.01:790][  0]LogAssetRegistry: FAssetRegistry took 0.0049 seconds to start up
[2020.09.07-05.09.02:051][  0]LogInit: Selected Device Profile: [Windows]
[2020.09.07-05.09.02:208][  0]LogMeshReduction: Using QuadricMeshReduction for automatic static mesh reduction
[2020.09.07-05.09.02:208][  0]LogMeshReduction: Using SimplygonMeshReduction for automatic skeletal mesh reduction
[2020.09.07-05.09.02:208][  0]LogMeshReduction: Using ProxyLODMeshReduction for automatic mesh merging
[2020.09.07-05.09.02:208][  0]LogMeshReduction: No distributed automatic mesh merging module available
[2020.09.07-05.09.02:209][  0]LogMeshMerging: No distributed automatic mesh merging module available
[2020.09.07-05.09.02:219][  0]LogNetVersion: GhoulsAndGoodies 1.0.0, NetCL: 8386587, EngineNetVer: 11, GameNetVer: 0 (Checksum: 1842056771)
[2020.09.07-05.09.02:640][  0]LogPackageLocalizationCache: Processed 12 localized package path(s) for 1 prioritized culture(s) in 0.051563 seconds
[2020.09.07-05.09.02:647][  0]LogUObjectArray: 43444 objects as part of root set at end of initial load.
[2020.09.07-05.09.02:647][  0]LogUObjectAllocator: 7548648 out of 0 bytes used by permanent object pool.
[2020.09.07-05.09.02:647][  0]LogUObjectArray: CloseDisregardForGC: 0/0 objects in disregard for GC pool
[2020.09.07-05.09.03:568][  0]LogTcpMessaging: Initializing TcpMessaging bridge
[2020.09.07-05.09.03:574][  0]LogUdpMessaging: Initializing bridge on interface 0.0.0.0:0 to multicast group 230.0.0.1:6666.
[2020.09.07-05.09.03:971][  0]LogScript: Warning: Script Msg: No world was found for object (/Script/GhoulsAndGoodies.Default__GhoulsAndGoodiesGameMode) passed in to UEngine::GetWorldFromContextObject().
[2020.09.07-05.09.04:078][  0]SourceControl: Source control is disabled
[2020.09.07-05.09.04:078][  0]SourceControl: Source control is disabled
[2020.09.07-05.09.04:081][  0]SourceControl: Source control is disabled
[2020.09.07-05.09.04:085][  0]SourceControl: Source control is disabled
[2020.09.07-05.09.04:226][  0]LogAndroidPermission: UAndroidPermissionCallbackProxy::GetInstance
[2020.09.07-05.09.04:388][  0]LogOcInput: OculusInput pre-init called
[2020.09.07-05.09.04:398][  0]LogWindows: Failed to load 'OVRPlugin.dll' (GetLastError=126)
[2020.09.07-05.09.04:398][  0]LogWindows: File 'OVRPlugin.dll' does not exist
[2020.09.07-05.09.04:478][  0]LogEngine: Initializing Engine...
[2020.09.07-05.09.04:479][  0]LogHMD: Failed to initialize OpenVR with code 110
[2020.09.07-05.09.04:480][  0]LogStats: UGameplayTagsManager::InitializeManager -  0.000 s
[2020.09.07-05.09.04:681][  0]LogInit: Initializing FReadOnlyCVARCache
[2020.09.07-05.09.04:706][  0]LogAIModule: Creating AISystem for world Untitled
[2020.09.07-05.09.04:727][  0]LogInit: XAudio2 using 'Speakers (Realtek High Definition Audio)' : 2 channels at 48 kHz using 32 bits per sample (channel mask 0x3)
[2020.09.07-05.09.04:757][  0]LogInit: FAudioDevice initialized.
[2020.09.07-05.09.04:758][  0]LogNetVersion: Set ProjectVersion to 1.0.0.0. Version Checksum will be recalculated on next use.
[2020.09.07-05.09.04:848][  0]LogDerivedDataCache: Saved boot cache 0.09s 76MB C:/Users/s181813/AppData/Local/UnrealEngine/4.23/DerivedDataCache/Boot.ddc.
[2020.09.07-05.09.04:855][  0]LogInit: Texture streaming: Enabled
[2020.09.07-05.09.04:878][  0]LogEngineSessionManager: EngineSessionManager initialized
[2020.09.07-05.09.04:879][  0]LogEngineSessionManager: EngineSessionManager sent abnormal shutdown report. Type=Crashed, SessionId={DB6DDD0E-42EF-0874-92B5-9DBDF1DA1D49}
[2020.09.07-05.09.04:879][  0]LogEditorSessionSummary: Verbose: Initializing EditorSessionSummaryWriter for editor session tracking
[2020.09.07-05.09.04:880][  0]LogEditorSessionSummary: EditorSessionSummaryWriter initialized
[2020.09.07-05.09.04:942][  0]LogInit: Transaction tracking system initialized
[2020.09.07-05.09.04:984][  0]BlueprintLog: New page: Editor Load
[2020.09.07-05.09.05:082][  0]LocalizationService: Localization service is disabled
[2020.09.07-05.09.05:338][  0]LogFileCache: Scanning file cache for directory 'C:/Users/s181813/Documents/GitHub/GhoulsAndGoblins/GhoulsAndGoodies/Content/' took 0.01s
[2020.09.07-05.09.05:338][  0]LogCook: Display: Max memory allowance for cook 16384mb min free memory 0mb
[2020.09.07-05.09.05:338][  0]LogCook: Display: Mobile HDR setting 1
[2020.09.07-05.09.05:561][  0]SourceControl: Source control is disabled
[2020.09.07-05.09.05:561][  0]Cmd: MAP LOAD FILE="../../../../../../Users/s181813/Documents/GitHub/GhoulsAndGoblins/GhoulsAndGoodies/Content/TopDownCPP/Maps/TopDownExampleMap.umap" TEMPLATE=0 SHOWPROGRESS=1 FEATURELEVEL=3
[2020.09.07-05.09.05:562][  0]LightingResults: New page: Lighting Build
[2020.09.07-05.09.05:565][  0]LogWorld: UWorld::CleanupWorld for Untitled, bSessionEnded=true, bCleanupResources=true
[2020.09.07-05.09.05:566][  0]MapCheck: New page: Map Check
[2020.09.07-05.09.05:566][  0]LightingResults: New page: Lighting Build
[2020.09.07-05.09.05:590][  0]LogUObjectHash: Compacting FUObjectHashTables data took   2.06ms
[2020.09.07-05.09.05:652][  0]LogLinker: Warning: While loading '../../../../../../Users/s181813/Documents/GitHub/GhoulsAndGoblins/GhoulsAndGoodies/Content/TopDownCPP/Maps/TopDownExampleMap.umap' failed to load '/Game/TopDownCPP/UI/UI': Can't find file.
[2020.09.07-05.09.05:653][  0]LogLinker: Warning: While loading '../../../../../../Users/s181813/Documents/GitHub/GhoulsAndGoblins/GhoulsAndGoodies/Content/TopDownCPP/Maps/TopDownExampleMap.umap' failed to load '/Game/TopDownCPP/UI/UI': Can't find file.
[2020.09.07-05.09.05:654][  0]LogLinker: Warning: While loading '../../../../../../Users/s181813/Documents/GitHub/GhoulsAndGoblins/GhoulsAndGoodies/Content/TopDownCPP/Maps/TopDownExampleMap.umap' failed to load '/Game/TopDownCPP/UI/UI': Can't find file.
[2020.09.07-05.09.05:654][  0]LogLinker: Warning: While loading '../../../../../../Users/s181813/Documents/GitHub/GhoulsAndGoblins/GhoulsAndGoodies/Content/TopDownCPP/Maps/TopDownExampleMap.umap' failed to load '/Game/TopDownCPP/UI/UI': Can't find file.
[2020.09.07-05.09.05:655][  0]LogLinker: Warning: Failed to load '/Game/TopDownCPP/UI/UI': Can't find file.
[2020.09.07-05.09.05:655][  0]LogLinker: Warning: Failed to load '/Game/TopDownCPP/UI/UI': Can't find file.
[2020.09.07-05.09.05:656][  0]LogLinker: Warning: Failed to load '/Game/TopDownCPP/UI/UI': Can't find file.
[2020.09.07-05.09.05:656][  0]LogLinker: Warning: Failed to load '/Game/TopDownCPP/UI/UI': Can't find file.
[2020.09.07-05.09.05:656][  0]LogLinker: Warning: Failed to load '/Game/TopDownCPP/UI/UI': Can't find file.
[2020.09.07-05.09.05:656][  0]LogLinker: Warning: Failed to load '/Game/TopDownCPP/UI/UI': Can't find file.
[2020.09.07-05.09.05:657][  0]LogLinker: Warning: While loading '../../../../../../Users/s181813/Documents/GitHub/GhoulsAndGoblins/GhoulsAndGoodies/Content/TopDownCPP/Maps/TopDownExampleMap.umap' failed to load '/Game/TopDownCPP/UI/UI': Can't find file.
[2020.09.07-05.09.05:657][  0]LoadErrors: Failed to load /Game/TopDownCPP/UI/UI.UI_C Referenced by TopDownExampleMap
[2020.09.07-05.09.05:657][  0]LogLinker: Warning: While loading '../../../../../../Users/s181813/Documents/GitHub/GhoulsAndGoblins/GhoulsAndGoodies/Content/TopDownCPP/Maps/TopDownExampleMap.umap' failed to load '/Game/TopDownCPP/UI/UI': Can't find file.
[2020.09.07-05.09.05:657][  0]LoadErrors: Failed to load /Game/TopDownCPP/UI/UI.UI_C Referenced by TopDownExampleMap
[2020.09.07-05.09.05:683][  0]LogAIModule: Creating AISystem for world TopDownExampleMap
[2020.09.07-05.09.05:707][  0]LogEditorServer: Finished looking for orphan Actors (0.000 secs)
[2020.09.07-05.09.05:735][  0]LogUObjectHash: Compacting FUObjectHashTables data took   2.40ms
[2020.09.07-05.09.05:736][  0]Cmd: MAP CHECKDEP NOCLEARLOG
[2020.09.07-05.09.05:736][  0]MapCheck: Map check complete: 0 Error(s), 0 Warning(s), took 0.206ms to complete.
[2020.09.07-05.09.05:736][  0]LogFileHelpers: Loading map 'TopDownExampleMap' took 0.175
[2020.09.07-05.09.06:826][  0]LogSlate: Only BGRA pngs, bmps or icos are supported in by External Image Picker
[2020.09.07-05.09.06:871][  0]LogSlate: Updating window title bar state: overlay mode, drag disabled, window buttons hidden, title bar hidden
[2020.09.07-05.09.06:878][  0]LogSlate: Updating window title bar state: overlay mode, drag disabled, window buttons hidden, title bar hidden
[2020.09.07-05.09.06:886][  0]LogSlate: Updating window title bar state: overlay mode, drag disabled, window buttons hidden, title bar hidden
[2020.09.07-05.09.06:893][  0]LogSlate: Updating window title bar state: overlay mode, drag disabled, window buttons hidden, title bar hidden
[2020.09.07-05.09.06:917][  0]LogCollectionManager: Loaded 0 collections in 0.002056 seconds
[2020.09.07-05.09.06:929][  0]LogFileCache: Scanning file cache for directory 'C:/Users/s181813/Documents/GitHub/GhoulsAndGoblins/GhoulsAndGoodies/Saved/Collections/' took 0.00s
[2020.09.07-05.09.06:929][  0]LogFileCache: Scanning file cache for directory 'C:/Users/s181813/Documents/GitHub/GhoulsAndGoblins/GhoulsAndGoodies/Content/Developers/s181813/Collections/' took 0.00s
[2020.09.07-05.09.06:929][  0]LogFileCache: Scanning file cache for directory 'C:/Users/s181813/Documents/GitHub/GhoulsAndGoblins/GhoulsAndGoodies/Content/Collections/' took 0.00s
[2020.09.07-05.09.06:929][  0]LogCollectionManager: Rebuilt the GUID cache for 0 collections in 0.000002 seconds
[2020.09.07-05.09.06:940][  0]LogContentBrowser: Native class hierarchy populated in 0.0104 seconds. Added 2880 classes and 684 folders.
[2020.09.07-05.09.06:948][  0]LogContentBrowser: Native class hierarchy updated for 'WidgetCarousel' in 0.0005 seconds. Added 0 classes and 0 folders.
[2020.09.07-05.09.06:987][  0]LogContentBrowser: Native class hierarchy updated for 'AddContentDialog' in 0.0003 seconds. Added 0 classes and 0 folders.
[2020.09.07-05.09.06:999][  0]LogSlate: Took 0.000238 seconds to synchronously load lazily loaded font '../../../Engine/Content/Slate/Fonts/Roboto-Regular.ttf' (155K)
[2020.09.07-05.09.07:004][  0]LogSlate: Took 0.000350 seconds to synchronously load lazily loaded font '../../../Engine/Content/Slate/Fonts/Roboto-Bold.ttf' (160K)
[2020.09.07-05.09.07:011][  0]LogSlate: Took 0.000211 seconds to synchronously load lazily loaded font '../../../Engine/Content/Editor/Slate/Fonts/FontAwesome.ttf' (139K)
[2020.09.07-05.09.07:080][  0]LogRenderer: Reallocating scene render targets to support 1056x612 Format 10 NumSamples 1 (Frame:1).
[2020.09.07-05.09.07:172][  0]LogContentBrowser: Native class hierarchy updated for 'HierarchicalLODOutliner' in 0.0003 seconds. Added 0 classes and 0 folders.
[2020.09.07-05.09.07:173][  0]LogLoad: (Engine Initialization) Total time: 9.23 seconds
[2020.09.07-05.09.07:173][  0]LogLoad: (Engine Initialization) Total Blueprint compile time: 0.00 seconds
[2020.09.07-05.09.07:261][  0]LogAssetRegistry: Asset discovery search completed in 5.4747 seconds
[2020.09.07-05.09.07:265][  0]LogCollectionManager: Rebuilt the object cache for 0 collections in 0.000004 seconds (found 0 objects)
[2020.09.07-05.09.07:265][  0]LogCollectionManager: Fixed up redirectors for 0 collections in 0.000146 seconds (updated 0 objects)
[2020.09.07-05.09.07:270][  0]LogContentStreaming: Texture pool size now 1000 MB
[2020.09.07-05.09.54:696][684]LogSlate: FSceneViewport::OnFocusLost() reason 0
[2020.09.07-05.09.54:714][684]LogSlate: Took 0.000140 seconds to synchronously load lazily loaded font '../../../Engine/Content/Slate/Fonts/Roboto-Light.ttf' (167K)
[2020.09.07-05.09.56:344][879]LogTemp: Repeating last play command: Selected Viewport
[2020.09.07-05.09.56:362][879]LogBlueprintUserMessages: Early PlayInEditor Detection: Level '/Game/TopDownCPP/Maps/TopDownExampleMap.TopDownExampleMap:PersistentLevel' has LevelScriptBlueprint '/Game/TopDownCPP/Maps/TopDownExampleMap.TopDownExampleMap:PersistentLevel.TopDownExampleMap' with GeneratedClass '/Game/TopDownCPP/Maps/TopDownExampleMap.TopDownExampleMap_C' with ClassGeneratedBy '/Game/TopDownCPP/Maps/TopDownExampleMap.TopDownExampleMap:PersistentLevel.TopDownExampleMap'
[2020.09.07-05.09.56:362][879]LogPlayLevel: PlayLevel: No blueprints needed recompiling
[2020.09.07-05.09.56:363][879]PIE: New page: PIE session: TopDownExampleMap (8 Sep 2020 1:09:56 am)
[2020.09.07-05.09.56:365][879]LogOnline: OSS: Creating online subsystem instance for: NULL
[2020.09.07-05.09.56:367][879]LogPlayLevel: Creating play world package: /Game/TopDownCPP/Maps/UEDPIE_0_TopDownExampleMap
[2020.09.07-05.09.56:382][879]LogPlayLevel: PIE: StaticDuplicateObject took: (0.014408s)
[2020.09.07-05.09.56:384][879]LogAIModule: Creating AISystem for world TopDownExampleMap
[2020.09.07-05.09.56:384][879]LogPlayLevel: PIE: World Init took: (0.001758s)
[2020.09.07-05.09.56:384][879]LogPlayLevel: PIE: Created PIE world by copying editor world from /Game/TopDownCPP/Maps/TopDownExampleMap.TopDownExampleMap to /Game/TopDownCPP/Maps/UEDPIE_0_TopDownExampleMap.TopDownExampleMap (0.016988s)
[2020.09.07-05.09.56:409][879]LogUObjectHash: Compacting FUObjectHashTables data took   1.38ms
[2020.09.07-05.09.56:416][879]LogInit: XAudio2 using 'Speakers (Realtek High Definition Audio)' : 2 channels at 48 kHz using 32 bits per sample (channel mask 0x3)
[2020.09.07-05.09.56:438][879]LogInit: FAudioDevice initialized.
[2020.09.07-05.09.56:453][879]LogLoad: Game class is 'GhoulsAndGoodiesGameMode'
[2020.09.07-05.09.56:455][879]LogWorld: Bringing World /Game/TopDownCPP/Maps/UEDPIE_0_TopDownExampleMap.TopDownExampleMap up for play (max tick rate 0) at 2020.09.07-15.09.56
[2020.09.07-05.09.56:456][879]LogWorld: Bringing up level for play took: 0.001521
[2020.09.07-05.09.56:456][879]LogOnline: OSS: Creating online subsystem instance for: :Context_2
[2020.09.07-05.09.56:464][879]LogContentBrowser: Native class hierarchy updated for 'MovieSceneCapture' in 0.0004 seconds. Added 20 classes and 0 folders.
[2020.09.07-05.09.56:465][879]LogActor: Warning: GNGPawn /Game/TopDownCPP/Maps/UEDPIE_0_TopDownExampleMap.TopDownExampleMap:PersistentLevel.GNGPawn_0 has natively added scene component(s), but none of them were set as the actor's RootComponent - picking one arbitrarily
[2020.09.07-05.09.56:477][879]PIE: Play in editor start time for /Game/TopDownCPP/Maps/UEDPIE_0_TopDownExampleMap 0.301
[2020.09.07-05.09.56:477][879]LogBlueprintUserMessages: Late PlayInEditor Detection: Level '/Game/TopDownCPP/Maps/TopDownExampleMap.TopDownExampleMap:PersistentLevel' has LevelScriptBlueprint '/Game/TopDownCPP/Maps/TopDownExampleMap.TopDownExampleMap:PersistentLevel.TopDownExampleMap' with GeneratedClass '/Game/TopDownCPP/Maps/TopDownExampleMap.TopDownExampleMap_C' with ClassGeneratedBy '/Game/TopDownCPP/Maps/TopDownExampleMap.TopDownExampleMap:PersistentLevel.TopDownExampleMap'
[2020.09.07-05.10.01:219][311]LogSlate: FSceneViewport::OnFocusLost() reason 0
[2020.09.07-05.10.05:669][845]LogSlate: FSceneViewport::OnFocusLost() reason 0
