Log file open, 09/21/20 11:55:48
LogWindows: Failed to load 'aqProf.dll' (GetLastError=126)
LogWindows: File 'aqProf.dll' does not exist
LogWindows: Failed to load 'VtuneApi.dll' (GetLastError=126)
LogWindows: File 'VtuneApi.dll' does not exist
LogWindows: Failed to load 'VtuneApi32e.dll' (GetLastError=126)
LogWindows: File 'VtuneApi32e.dll' does not exist
LogConsoleResponse: Display: Failed to find resolution value strings in scalability ini. Falling back to default.
LogInit: Display: Running engine for game: GhoulsAndGoodies
LogPlatformFile: Not using cached read wrapper
LogTaskGraph: Started task graph with 5 named threads and 23 total threads with 3 sets of task threads.
LogStats: Stats thread started at 0.157374
LogD3D11RHI: Loaded GFSDK_Aftermath_Lib.x64.dll
LogICUInternationalization: ICU TimeZone Detection - Raw Offset: +10:00, Platform Override: ''
LogPluginManager: Mounting plugin Paper2D
LogPluginManager: Mounting plugin AISupport
LogPluginManager: Mounting plugin LightPropagationVolume
LogPluginManager: Mounting plugin ActorLayerUtilities
LogPluginManager: Mounting plugin AnimationSharing
LogPluginManager: Mounting plugin CLionSourceCodeAccess
LogPluginManager: Mounting plugin CodeLiteSourceCodeAccess
LogPluginManager: Mounting plugin GitSourceControl
LogPluginManager: Mounting plugin KDevelopSourceCodeAccess
LogPluginManager: Mounting plugin NullSourceCodeAccess
LogPluginManager: Mounting plugin PerforceSourceControl
LogPluginManager: Mounting plugin SubversionSourceControl
LogPluginManager: Mounting plugin UObjectPlugin
LogPluginManager: Mounting plugin VisualStudioCodeSourceCodeAccess
LogPluginManager: Mounting plugin VisualStudioSourceCodeAccess
LogPluginManager: Mounting plugin XCodeSourceCodeAccess
LogPluginManager: Mounting plugin AssetManagerEditor
LogPluginManager: Mounting plugin CryptoKeys
LogPluginManager: Mounting plugin CurveEditorTools
LogPluginManager: Mounting plugin DataValidation
LogPluginManager: Mounting plugin FacialAnimation
LogPluginManager: Mounting plugin GameplayTagsEditor
LogPluginManager: Mounting plugin MacGraphicsSwitching
LogPluginManager: Mounting plugin MaterialAnalyzer
LogPluginManager: Mounting plugin MobileLauncherProfileWizard
LogPluginManager: Mounting plugin PluginBrowser
LogPluginManager: Mounting plugin SpeedTreeImporter
LogPluginManager: Mounting plugin DatasmithContent
LogPluginManager: Mounting plugin VariantManagerContent
LogPluginManager: Mounting plugin AlembicImporter
LogPluginManager: Mounting plugin AutomationUtils
LogPluginManager: Mounting plugin BackChannel
LogPluginManager: Mounting plugin CharacterAI
LogPluginManager: Mounting plugin GeometryCache
LogPluginManager: Mounting plugin HTML5Networking
LogPluginManager: Mounting plugin PlatformCrypto
LogPluginManager: Mounting plugin ProxyLODPlugin
LogPluginManager: Mounting plugin SkeletalReduction
LogPluginManager: Mounting plugin MagicLeap
LogPluginManager: Mounting plugin MagicLeapMedia
LogPluginManager: Mounting plugin AndroidMedia
LogPluginManager: Mounting plugin AvfMedia
LogPluginManager: Mounting plugin ImgMedia
LogPluginManager: Mounting plugin MediaCompositing
LogPluginManager: Mounting plugin MediaPlayerEditor
LogPluginManager: Mounting plugin WebMMedia
LogPluginManager: Mounting plugin WmfMedia
LogPluginManager: Mounting plugin TcpMessaging
LogPluginManager: Mounting plugin UdpMessaging
LogPluginManager: Mounting plugin ActorSequence
LogPluginManager: Mounting plugin LevelSequenceEditor
LogPluginManager: Mounting plugin MatineeToLevelSequence
LogPluginManager: Mounting plugin NetcodeUnitTest
LogPluginManager: Mounting plugin NUTUnrealEngine4
LogPluginManager: Mounting plugin OnlineSubsystemGooglePlay
LogPluginManager: Mounting plugin OnlineSubsystemIOS
LogPluginManager: Mounting plugin OnlineSubsystem
LogPluginManager: Mounting plugin OnlineSubsystemNull
LogPluginManager: Mounting plugin OnlineSubsystemUtils
LogPluginManager: Mounting plugin LauncherChunkInstaller
LogPluginManager: Mounting plugin AndroidDeviceProfileSelector
LogPluginManager: Mounting plugin AndroidMoviePlayer
LogPluginManager: Mounting plugin AndroidPermission
LogPluginManager: Mounting plugin AppleImageUtils
LogPluginManager: Mounting plugin AppleMoviePlayer
LogPluginManager: Mounting plugin ArchVisCharacter
LogPluginManager: Mounting plugin AudioCapture
LogPluginManager: Mounting plugin CableComponent
LogPluginManager: Mounting plugin CustomMeshComponent
LogPluginManager: Mounting plugin EditableMesh
LogPluginManager: Mounting plugin ExampleDeviceProfileSelector
LogPluginManager: Mounting plugin GoogleCloudMessaging
LogPluginManager: Mounting plugin IOSDeviceProfileSelector
LogPluginManager: Mounting plugin LinuxDeviceProfileSelector
LogPluginManager: Mounting plugin LocationServicesBPLibrary
LogPluginManager: Mounting plugin MobilePatchingUtils
LogPluginManager: Mounting plugin OculusVR
LogPluginManager: Mounting plugin PhysXVehicles
LogPluginManager: Mounting plugin ProceduralMeshComponent
LogPluginManager: Mounting plugin RuntimePhysXCooking
LogPluginManager: Mounting plugin SignificanceManager
LogPluginManager: Mounting plugin SteamVR
LogPluginManager: Mounting plugin WebMMoviePlayer
LogPluginManager: Mounting plugin WindowsMoviePlayer
LogPluginManager: Mounting plugin ScreenshotTools
LogInit: Using libcurl 7.55.1-DEV
LogInit:  - built for x86_64-pc-win32
LogInit:  - supports SSL with OpenSSL/1.1.1
LogInit:  - supports HTTP deflate (compression) using libz 1.2.8
LogInit:  - other features:
LogInit:      CURL_VERSION_SSL
LogInit:      CURL_VERSION_LIBZ
LogInit:      CURL_VERSION_IPV6
LogInit:      CURL_VERSION_ASYNCHDNS
LogInit:      CURL_VERSION_LARGEFILE
LogInit:      CURL_VERSION_IDN
LogInit:  CurlRequestOptions (configurable via config and command line):
LogInit:  - bVerifyPeer = true  - Libcurl will verify peer certificate
LogInit:  - bUseHttpProxy = false  - Libcurl will NOT use HTTP proxy
LogInit:  - bDontReuseConnections = false  - Libcurl will reuse connections
LogInit:  - MaxHostConnections = 16  - Libcurl will limit the number of connections to a host
LogInit:  - LocalHostAddr = Default
LogInit:  - BufferSize = 65536
LogOnline: OSS: Creating online subsystem instance for: NULL
LogInit: WinSock: version 1.1 (2.2), MaxSocks=32767, MaxUdp=65467
LogInit: Build: ++UE4+Release-4.23-CL-9631420
LogInit: Engine Version: 4.23.1-9631420+++UE4+Release-4.23
LogInit: Compatible Engine Version: 4.23.0-8386587+++UE4+Release-4.23
LogInit: Net CL: 8386587
LogInit: OS: Windows 10 (Release 1909) (), CPU: Intel(R) Core(TM) i7-4770 CPU @ 3.40GHz, GPU: NVIDIA GeForce GTX 770
LogInit: Compiled (64-bit): Oct 18 2019 02:07:44
LogInit: Compiled with Visual C++: 19.16.27030.01
LogInit: Build Configuration: Development
LogInit: Branch Name: ++UE4+Release-4.23
LogInit: Command Line:  -skipcompile
LogInit: Base Directory: C:/Program Files/Epic Games/UE_4.23/Engine/Binaries/Win64/
LogInit: Installed Engine Build: 1
LogDevObjectVersion: Number of dev versions registered: 23
LogDevObjectVersion:   Dev-Blueprints (B0D832E4-1F89-4F0D-ACCF-7EB736FD4AA2): 10
LogDevObjectVersion:   Dev-Build (E1C64328-A22C-4D53-A36C-8E866417BD8C): 0
LogDevObjectVersion:   Dev-Core (375EC13C-06E4-48FB-B500-84F0262A717E): 3
LogDevObjectVersion:   Dev-Editor (E4B068ED-F494-42E9-A231-DA0B2E46BB41): 34
LogDevObjectVersion:   Dev-Framework (CFFC743F-43B0-4480-9391-14DF171D2073): 35
LogDevObjectVersion:   Dev-Mobile (B02B49B5-BB20-44E9-A304-32B752E40360): 2
LogDevObjectVersion:   Dev-Networking (A4E4105C-59A1-49B5-A7C5-40C4547EDFEE): 0
LogDevObjectVersion:   Dev-Online (39C831C9-5AE6-47DC-9A44-9C173E1C8E7C): 0
LogDevObjectVersion:   Dev-Physics (78F01B33-EBEA-4F98-B9B4-84EACCB95AA2): 0
LogDevObjectVersion:   Dev-Platform (6631380F-2D4D-43E0-8009-CF276956A95A): 0
LogDevObjectVersion:   Dev-Rendering (12F88B9F-8875-4AFC-A67C-D90C383ABD29): 31
LogDevObjectVersion:   Dev-Sequencer (7B5AE74C-D270-4C10-A958-57980B212A5A): 11
LogDevObjectVersion:   Dev-VR (D7296918-1DD6-4BDD-9DE2-64A83CC13884): 2
LogDevObjectVersion:   Dev-LoadTimes (C2A15278-BFE7-4AFE-6C17-90FF531DF755): 1
LogDevObjectVersion:   Private-Geometry (6EACA3D4-40EC-4CC1-B786-8BED09428FC5): 3
LogDevObjectVersion:   Dev-AnimPhys (29E575DD-E0A3-4627-9D10-D276232CDCEA): 17
LogDevObjectVersion:   Dev-Anim (AF43A65D-7FD3-4947-9873-3E8ED9C1BB05): 2
LogDevObjectVersion:   Dev-ReflectionCapture (6B266CEC-1EC7-4B8F-A30B-E4D90942FC07): 1
LogDevObjectVersion:   Dev-Automation (0DF73D61-A23F-47EA-B727-89E90C41499A): 1
LogDevObjectVersion:   FortniteMain (601D1886-AC64-4F84-AA16-D3DE0DEAC7D6): 27
LogDevObjectVersion:   Dev-Enterprise (9DFFBCD6-494F-0158-E221-12823C92A888): 6
LogDevObjectVersion:   Dev-Niagara (F2AED0AC-9AFE-416F-8664-AA7FFA26D6FC): 1
LogDevObjectVersion:   Dev-Destruction (174F1F0B-B4C6-45A5-B13F-2EE8D0FB917D): 9
LogInit: Presizing for max 16777216 objects, including 0 objects not considered by GC, pre-allocating 0 bytes for permanent pool.
LogInit: Object subsystem initialized
LogConfig: Setting CVar [[con.DebugEarlyDefault:1]]
LogConfig: Setting CVar [[r.setres:1280x720]]
[2020.09.21-01.55.48:842][  0]LogConfig: Setting CVar [[r.VSync:0]]
[2020.09.21-01.55.48:842][  0]LogConfig: Setting CVar [[r.RHICmdBypass:0]]
[2020.09.21-01.55.48:842][  0]LogConfig: Applying CVar settings from Section [/Script/Engine.RendererSettings] File [C:/Users/s181813/Documents/GitHub/GhoulsAndGoblins/GhoulsAndGoodies/Saved/Config/Windows/Engine.ini]
[2020.09.21-01.55.48:842][  0]LogConfig: Setting CVar [[r.GPUCrashDebugging:0]]
[2020.09.21-01.55.48:842][  0]LogConfig: Setting CVar [[r.AllowStaticLighting:0]]
[2020.09.21-01.55.48:842][  0]LogConfig: Applying CVar settings from Section [/Script/Engine.RendererOverrideSettings] File [C:/Users/s181813/Documents/GitHub/GhoulsAndGoblins/GhoulsAndGoodies/Saved/Config/Windows/Engine.ini]
[2020.09.21-01.55.48:842][  0]LogConfig: Applying CVar settings from Section [/Script/Engine.StreamingSettings] File [C:/Users/s181813/Documents/GitHub/GhoulsAndGoblins/GhoulsAndGoodies/Saved/Config/Windows/Engine.ini]
[2020.09.21-01.55.48:842][  0]LogConfig: Setting CVar [[s.MinBulkDataSizeForAsyncLoading:131072]]
[2020.09.21-01.55.48:842][  0]LogConfig: Setting CVar [[s.AsyncLoadingThreadEnabled:0]]
[2020.09.21-01.55.48:842][  0]LogConfig: Setting CVar [[s.EventDrivenLoaderEnabled:1]]
[2020.09.21-01.55.48:842][  0]LogConfig: Setting CVar [[s.WarnIfTimeLimitExceeded:0]]
[2020.09.21-01.55.48:842][  0]LogConfig: Setting CVar [[s.TimeLimitExceededMultiplier:1.5]]
[2020.09.21-01.55.48:842][  0]LogConfig: Setting CVar [[s.TimeLimitExceededMinTime:0.005]]
[2020.09.21-01.55.48:842][  0]LogConfig: Setting CVar [[s.UseBackgroundLevelStreaming:1]]
[2020.09.21-01.55.48:842][  0]LogConfig: Setting CVar [[s.PriorityAsyncLoadingExtraTime:15.0]]
[2020.09.21-01.55.48:842][  0]LogConfig: Setting CVar [[s.LevelStreamingActorsUpdateTimeLimit:5.0]]
[2020.09.21-01.55.48:842][  0]LogConfig: Setting CVar [[s.PriorityLevelStreamingActorsUpdateExtraTime:5.0]]
[2020.09.21-01.55.48:842][  0]LogConfig: Setting CVar [[s.LevelStreamingComponentsRegistrationGranularity:10]]
[2020.09.21-01.55.48:842][  0]LogConfig: Setting CVar [[s.UnregisterComponentsTimeLimit:1.0]]
[2020.09.21-01.55.48:842][  0]LogConfig: Setting CVar [[s.LevelStreamingComponentsUnregistrationGranularity:5]]
[2020.09.21-01.55.48:842][  0]LogConfig: Applying CVar settings from Section [/Script/Engine.GarbageCollectionSettings] File [C:/Users/s181813/Documents/GitHub/GhoulsAndGoblins/GhoulsAndGoodies/Saved/Config/Windows/Engine.ini]
[2020.09.21-01.55.48:842][  0]LogConfig: Setting CVar [[gc.MaxObjectsNotConsideredByGC:1]]
[2020.09.21-01.55.48:842][  0]LogConfig: Setting CVar [[gc.SizeOfPermanentObjectPool:0]]
[2020.09.21-01.55.48:842][  0]LogConfig: Setting CVar [[gc.FlushStreamingOnGC:0]]
[2020.09.21-01.55.48:842][  0]LogConfig: Setting CVar [[gc.NumRetriesBeforeForcingGC:10]]
[2020.09.21-01.55.48:842][  0]LogConfig: Setting CVar [[gc.AllowParallelGC:1]]
[2020.09.21-01.55.48:842][  0]LogConfig: Setting CVar [[gc.TimeBetweenPurgingPendingKillObjects:61.1]]
[2020.09.21-01.55.48:842][  0]LogConfig: Setting CVar [[gc.MaxObjectsInEditor:16777216]]
[2020.09.21-01.55.48:842][  0]LogConfig: Setting CVar [[gc.IncrementalBeginDestroyEnabled:1]]
[2020.09.21-01.55.48:842][  0]LogConfig: Setting CVar [[gc.CreateGCClusters:1]]
[2020.09.21-01.55.48:842][  0]LogConfig: Setting CVar [[gc.MinGCClusterSize:5]]
[2020.09.21-01.55.48:842][  0]LogConfig: Setting CVar [[gc.ActorClusteringEnabled:0]]
[2020.09.21-01.55.48:842][  0]LogConfig: Setting CVar [[gc.BlueprintClusteringEnabled:0]]
[2020.09.21-01.55.48:842][  0]LogConfig: Setting CVar [[gc.UseDisregardForGCOnDedicatedServers:0]]
[2020.09.21-01.55.48:842][  0]LogConfig: Applying CVar settings from Section [/Script/Engine.NetworkSettings] File [C:/Users/s181813/Documents/GitHub/GhoulsAndGoblins/GhoulsAndGoodies/Saved/Config/Windows/Engine.ini]
[2020.09.21-01.55.48:842][  0]LogConfig: Applying CVar settings from Section [/Script/UnrealEd.CookerSettings] File [C:/Users/s181813/Documents/GitHub/GhoulsAndGoblins/GhoulsAndGoodies/Saved/Config/Windows/Engine.ini]
[2020.09.21-01.55.48:858][  0]LogConfig: Applying CVar settings from Section [ViewDistanceQuality@3] File [C:/Users/s181813/Documents/GitHub/GhoulsAndGoblins/GhoulsAndGoodies/Saved/Config/Windows/Scalability.ini]
[2020.09.21-01.55.48:858][  0]LogConfig: Setting CVar [[r.SkeletalMeshLODBias:0]]
[2020.09.21-01.55.48:858][  0]LogConfig: Setting CVar [[r.ViewDistanceScale:1.0]]
[2020.09.21-01.55.48:858][  0]LogConfig: Applying CVar settings from Section [AntiAliasingQuality@3] File [C:/Users/s181813/Documents/GitHub/GhoulsAndGoblins/GhoulsAndGoodies/Saved/Config/Windows/Scalability.ini]
[2020.09.21-01.55.48:858][  0]LogConfig: Setting CVar [[r.PostProcessAAQuality:4]]
[2020.09.21-01.55.48:858][  0]LogConfig: Applying CVar settings from Section [ShadowQuality@3] File [C:/Users/s181813/Documents/GitHub/GhoulsAndGoblins/GhoulsAndGoodies/Saved/Config/Windows/Scalability.ini]
[2020.09.21-01.55.48:858][  0]LogConfig: Setting CVar [[r.LightFunctionQuality:1]]
[2020.09.21-01.55.48:858][  0]LogConfig: Setting CVar [[r.ShadowQuality:5]]
[2020.09.21-01.55.48:858][  0]LogConfig: Setting CVar [[r.Shadow.CSM.MaxCascades:10]]
[2020.09.21-01.55.48:858][  0]LogConfig: Setting CVar [[r.Shadow.MaxResolution:2048]]
[2020.09.21-01.55.48:858][  0]LogConfig: Setting CVar [[r.Shadow.MaxCSMResolution:2048]]
[2020.09.21-01.55.48:858][  0]LogConfig: Setting CVar [[r.Shadow.RadiusThreshold:0.01]]
[2020.09.21-01.55.48:858][  0]LogConfig: Setting CVar [[r.Shadow.DistanceScale:1.0]]
[2020.09.21-01.55.48:858][  0]LogConfig: Setting CVar [[r.Shadow.CSM.TransitionScale:1.0]]
[2020.09.21-01.55.48:858][  0]LogConfig: Setting CVar [[r.Shadow.PreShadowResolutionFactor:1.0]]
[2020.09.21-01.55.48:858][  0]LogConfig: Setting CVar [[r.DistanceFieldShadowing:1]]
[2020.09.21-01.55.48:858][  0]LogConfig: Setting CVar [[r.DistanceFieldAO:1]]
[2020.09.21-01.55.48:858][  0]LogConfig: Setting CVar [[r.AOQuality:2]]
[2020.09.21-01.55.48:858][  0]LogConfig: Setting CVar [[r.VolumetricFog:1]]
[2020.09.21-01.55.48:858][  0]LogConfig: Setting CVar [[r.VolumetricFog.GridPixelSize:8]]
[2020.09.21-01.55.48:858][  0]LogConfig: Setting CVar [[r.VolumetricFog.GridSizeZ:128]]
[2020.09.21-01.55.48:858][  0]LogConfig: Setting CVar [[r.VolumetricFog.HistoryMissSupersampleCount:4]]
[2020.09.21-01.55.48:858][  0]LogConfig: Setting CVar [[r.LightMaxDrawDistanceScale:1]]
[2020.09.21-01.55.48:858][  0]LogConfig: Setting CVar [[r.CapsuleShadows:1]]
[2020.09.21-01.55.48:858][  0]LogConfig: Applying CVar settings from Section [PostProcessQuality@3] File [C:/Users/s181813/Documents/GitHub/GhoulsAndGoblins/GhoulsAndGoodies/Saved/Config/Windows/Scalability.ini]
[2020.09.21-01.55.48:858][  0]LogConfig: Setting CVar [[r.MotionBlurQuality:4]]
[2020.09.21-01.55.48:858][  0]LogConfig: Setting CVar [[r.AmbientOcclusionMipLevelFactor:0.4]]
[2020.09.21-01.55.48:858][  0]LogConfig: Setting CVar [[r.AmbientOcclusionMaxQuality:100]]
[2020.09.21-01.55.48:858][  0]LogConfig: Setting CVar [[r.AmbientOcclusionLevels:-1]]
[2020.09.21-01.55.48:858][  0]LogConfig: Setting CVar [[r.AmbientOcclusionRadiusScale:1.0]]
[2020.09.21-01.55.48:858][  0]LogConfig: Setting CVar [[r.DepthOfFieldQuality:2]]
[2020.09.21-01.55.48:858][  0]LogConfig: Setting CVar [[r.RenderTargetPoolMin:400]]
[2020.09.21-01.55.48:858][  0]LogConfig: Setting CVar [[r.LensFlareQuality:2]]
[2020.09.21-01.55.48:858][  0]LogConfig: Setting CVar [[r.SceneColorFringeQuality:1]]
[2020.09.21-01.55.48:858][  0]LogConfig: Setting CVar [[r.EyeAdaptationQuality:2]]
[2020.09.21-01.55.48:858][  0]LogConfig: Setting CVar [[r.BloomQuality:5]]
[2020.09.21-01.55.48:858][  0]LogConfig: Setting CVar [[r.FastBlurThreshold:100]]
[2020.09.21-01.55.48:858][  0]LogConfig: Setting CVar [[r.Upscale.Quality:3]]
[2020.09.21-01.55.48:858][  0]LogConfig: Setting CVar [[r.Tonemapper.GrainQuantization:1]]
[2020.09.21-01.55.48:858][  0]LogConfig: Setting CVar [[r.LightShaftQuality:1]]
[2020.09.21-01.55.48:858][  0]LogConfig: Setting CVar [[r.Filter.SizeScale:1]]
[2020.09.21-01.55.48:858][  0]LogConfig: Setting CVar [[r.Tonemapper.Quality:5]]
[2020.09.21-01.55.48:858][  0]LogConfig: Setting CVar [[r.DOF.Gather.AccumulatorQuality:1        ; higher gathering accumulator quality]]
[2020.09.21-01.55.48:858][  0]LogConfig: Setting CVar [[r.DOF.Gather.PostfilterMethod:1          ; Median3x3 postfilering method]]
[2020.09.21-01.55.48:858][  0]LogConfig: Setting CVar [[r.DOF.Gather.EnableBokehSettings:0       ; no bokeh simulation when gathering]]
[2020.09.21-01.55.48:858][  0]LogConfig: Setting CVar [[r.DOF.Gather.RingCount:4                 ; medium number of samples when gathering]]
[2020.09.21-01.55.48:858][  0]LogConfig: Setting CVar [[r.DOF.Scatter.ForegroundCompositing:1    ; additive foreground scattering]]
[2020.09.21-01.55.48:858][  0]LogConfig: Setting CVar [[r.DOF.Scatter.BackgroundCompositing:2    ; additive background scattering]]
[2020.09.21-01.55.48:858][  0]LogConfig: Setting CVar [[r.DOF.Scatter.EnableBokehSettings:1      ; bokeh simulation when scattering]]
[2020.09.21-01.55.48:858][  0]LogConfig: Setting CVar [[r.DOF.Scatter.MaxSpriteRatio:0.1         ; only a maximum of 10% of scattered bokeh]]
[2020.09.21-01.55.48:858][  0]LogConfig: Setting CVar [[r.DOF.Recombine.Quality:1                ; cheap slight out of focus]]
[2020.09.21-01.55.48:858][  0]LogConfig: Setting CVar [[r.DOF.Recombine.EnableBokehSettings:0    ; no bokeh simulation on slight out of focus]]
[2020.09.21-01.55.48:858][  0]LogConfig: Setting CVar [[r.DOF.TemporalAAQuality:1                ; more stable temporal accumulation]]
[2020.09.21-01.55.48:858][  0]LogConfig: Setting CVar [[r.DOF.Kernel.MaxForegroundRadius:0.025]]
[2020.09.21-01.55.48:858][  0]LogConfig: Setting CVar [[r.DOF.Kernel.MaxBackgroundRadius:0.025]]
[2020.09.21-01.55.48:858][  0]LogConfig: Applying CVar settings from Section [TextureQuality@3] File [C:/Users/s181813/Documents/GitHub/GhoulsAndGoblins/GhoulsAndGoodies/Saved/Config/Windows/Scalability.ini]
[2020.09.21-01.55.48:858][  0]LogConfig: Setting CVar [[r.Streaming.MipBias:0]]
[2020.09.21-01.55.48:858][  0]LogConfig: Setting CVar [[r.Streaming.AmortizeCPUToGPUCopy:0]]
[2020.09.21-01.55.48:858][  0]LogConfig: Setting CVar [[r.Streaming.MaxNumTexturesToStreamPerFrame:0]]
[2020.09.21-01.55.48:858][  0]LogConfig: Setting CVar [[r.Streaming.Boost:1]]
[2020.09.21-01.55.48:858][  0]LogConfig: Setting CVar [[r.MaxAnisotropy:8]]
[2020.09.21-01.55.48:858][  0]LogConfig: Setting CVar [[r.Streaming.LimitPoolSizeToVRAM:0]]
[2020.09.21-01.55.48:858][  0]LogConfig: Setting CVar [[r.Streaming.PoolSize:1000]]
[2020.09.21-01.55.48:858][  0]LogConfig: Setting CVar [[r.Streaming.MaxEffectiveScreenSize:0]]
[2020.09.21-01.55.48:858][  0]LogConfig: Applying CVar settings from Section [EffectsQuality@3] File [C:/Users/s181813/Documents/GitHub/GhoulsAndGoblins/GhoulsAndGoodies/Saved/Config/Windows/Scalability.ini]
[2020.09.21-01.55.48:858][  0]LogConfig: Setting CVar [[r.TranslucencyLightingVolumeDim:64]]
[2020.09.21-01.55.48:858][  0]LogConfig: Setting CVar [[r.RefractionQuality:2]]
[2020.09.21-01.55.48:858][  0]LogConfig: Setting CVar [[r.SSR.Quality:3]]
[2020.09.21-01.55.48:858][  0]LogConfig: Setting CVar [[r.SceneColorFormat:4]]
[2020.09.21-01.55.48:858][  0]LogConfig: Setting CVar [[r.DetailMode:2]]
[2020.09.21-01.55.48:858][  0]LogConfig: Setting CVar [[r.TranslucencyVolumeBlur:1]]
[2020.09.21-01.55.48:858][  0]LogConfig: Setting CVar [[r.MaterialQualityLevel:1 ; High quality]]
[2020.09.21-01.55.48:858][  0]LogConfig: Setting CVar [[r.SSS.Scale:1]]
[2020.09.21-01.55.48:858][  0]LogConfig: Setting CVar [[r.SSS.SampleSet:2]]
[2020.09.21-01.55.48:858][  0]LogConfig: Setting CVar [[r.SSS.Quality:1]]
[2020.09.21-01.55.48:858][  0]LogConfig: Setting CVar [[r.SSS.HalfRes:1]]
[2020.09.21-01.55.48:858][  0]LogConfig: Setting CVar [[r.EmitterSpawnRateScale:1.0]]
[2020.09.21-01.55.48:858][  0]LogConfig: Setting CVar [[r.ParticleLightQuality:2]]
[2020.09.21-01.55.48:858][  0]LogConfig: Applying CVar settings from Section [FoliageQuality@3] File [C:/Users/s181813/Documents/GitHub/GhoulsAndGoblins/GhoulsAndGoodies/Saved/Config/Windows/Scalability.ini]
[2020.09.21-01.55.48:858][  0]LogConfig: Setting CVar [[foliage.DensityScale:1.0]]
[2020.09.21-01.55.48:858][  0]LogConfig: Setting CVar [[grass.DensityScale:1.0]]
[2020.09.21-01.55.48:858][  0]LogInit: Selected Device Profile: [Windows]
[2020.09.21-01.55.48:858][  0]LogInit: Applying CVar settings loaded from the selected device profile: [Windows]
[2020.09.21-01.55.48:871][  0]LogHAL: Display: Platform has ~ 32 GB [34241372160 / 34359738368 / 32], which maps to Largest [LargestMinGB=32, LargerMinGB=12, DefaultMinGB=8, SmallerMinGB=6, SmallestMinGB=0)
[2020.09.21-01.55.48:871][  0]LogInit: Going up to parent DeviceProfile []
[2020.09.21-01.55.48:871][  0]LogConfig: Applying CVar settings from Section [ViewDistanceQuality@3] File [C:/Users/s181813/Documents/GitHub/GhoulsAndGoblins/GhoulsAndGoodies/Saved/Config/Windows/Scalability.ini]
[2020.09.21-01.55.48:871][  0]LogConfig: Setting CVar [[r.SkeletalMeshLODBias:0]]
[2020.09.21-01.55.48:871][  0]LogConfig: Setting CVar [[r.ViewDistanceScale:1.0]]
[2020.09.21-01.55.48:871][  0]LogConfig: Applying CVar settings from Section [AntiAliasingQuality@3] File [C:/Users/s181813/Documents/GitHub/GhoulsAndGoblins/GhoulsAndGoodies/Saved/Config/Windows/Scalability.ini]
[2020.09.21-01.55.48:871][  0]LogConfig: Setting CVar [[r.PostProcessAAQuality:4]]
[2020.09.21-01.55.48:871][  0]LogConfig: Applying CVar settings from Section [ShadowQuality@3] File [C:/Users/s181813/Documents/GitHub/GhoulsAndGoblins/GhoulsAndGoodies/Saved/Config/Windows/Scalability.ini]
[2020.09.21-01.55.48:871][  0]LogConfig: Setting CVar [[r.LightFunctionQuality:1]]
[2020.09.21-01.55.48:871][  0]LogConfig: Setting CVar [[r.ShadowQuality:5]]
[2020.09.21-01.55.48:871][  0]LogConfig: Setting CVar [[r.Shadow.CSM.MaxCascades:10]]
[2020.09.21-01.55.48:871][  0]LogConfig: Setting CVar [[r.Shadow.MaxResolution:2048]]
[2020.09.21-01.55.48:871][  0]LogConfig: Setting CVar [[r.Shadow.MaxCSMResolution:2048]]
[2020.09.21-01.55.48:871][  0]LogConfig: Setting CVar [[r.Shadow.RadiusThreshold:0.01]]
[2020.09.21-01.55.48:871][  0]LogConfig: Setting CVar [[r.Shadow.DistanceScale:1.0]]
[2020.09.21-01.55.48:871][  0]LogConfig: Setting CVar [[r.Shadow.CSM.TransitionScale:1.0]]
[2020.09.21-01.55.48:871][  0]LogConfig: Setting CVar [[r.Shadow.PreShadowResolutionFactor:1.0]]
[2020.09.21-01.55.48:871][  0]LogConfig: Setting CVar [[r.DistanceFieldShadowing:1]]
[2020.09.21-01.55.48:871][  0]LogConfig: Setting CVar [[r.DistanceFieldAO:1]]
[2020.09.21-01.55.48:871][  0]LogConfig: Setting CVar [[r.AOQuality:2]]
[2020.09.21-01.55.48:871][  0]LogConfig: Setting CVar [[r.VolumetricFog:1]]
[2020.09.21-01.55.48:871][  0]LogConfig: Setting CVar [[r.VolumetricFog.GridPixelSize:8]]
[2020.09.21-01.55.48:871][  0]LogConfig: Setting CVar [[r.VolumetricFog.GridSizeZ:128]]
[2020.09.21-01.55.48:871][  0]LogConfig: Setting CVar [[r.VolumetricFog.HistoryMissSupersampleCount:4]]
[2020.09.21-01.55.48:871][  0]LogConfig: Setting CVar [[r.LightMaxDrawDistanceScale:1]]
[2020.09.21-01.55.48:871][  0]LogConfig: Setting CVar [[r.CapsuleShadows:1]]
[2020.09.21-01.55.48:871][  0]LogConfig: Applying CVar settings from Section [PostProcessQuality@3] File [C:/Users/s181813/Documents/GitHub/GhoulsAndGoblins/GhoulsAndGoodies/Saved/Config/Windows/Scalability.ini]
[2020.09.21-01.55.48:871][  0]LogConfig: Setting CVar [[r.MotionBlurQuality:4]]
[2020.09.21-01.55.48:871][  0]LogConfig: Setting CVar [[r.AmbientOcclusionMipLevelFactor:0.4]]
[2020.09.21-01.55.48:871][  0]LogConfig: Setting CVar [[r.AmbientOcclusionMaxQuality:100]]
[2020.09.21-01.55.48:871][  0]LogConfig: Setting CVar [[r.AmbientOcclusionLevels:-1]]
[2020.09.21-01.55.48:871][  0]LogConfig: Setting CVar [[r.AmbientOcclusionRadiusScale:1.0]]
[2020.09.21-01.55.48:871][  0]LogConfig: Setting CVar [[r.DepthOfFieldQuality:2]]
[2020.09.21-01.55.48:871][  0]LogConfig: Setting CVar [[r.RenderTargetPoolMin:400]]
[2020.09.21-01.55.48:871][  0]LogConfig: Setting CVar [[r.LensFlareQuality:2]]
[2020.09.21-01.55.48:871][  0]LogConfig: Setting CVar [[r.SceneColorFringeQuality:1]]
[2020.09.21-01.55.48:871][  0]LogConfig: Setting CVar [[r.EyeAdaptationQuality:2]]
[2020.09.21-01.55.48:871][  0]LogConfig: Setting CVar [[r.BloomQuality:5]]
[2020.09.21-01.55.48:871][  0]LogConfig: Setting CVar [[r.FastBlurThreshold:100]]
[2020.09.21-01.55.48:871][  0]LogConfig: Setting CVar [[r.Upscale.Quality:3]]
[2020.09.21-01.55.48:871][  0]LogConfig: Setting CVar [[r.Tonemapper.GrainQuantization:1]]
[2020.09.21-01.55.48:871][  0]LogConfig: Setting CVar [[r.LightShaftQuality:1]]
[2020.09.21-01.55.48:871][  0]LogConfig: Setting CVar [[r.Filter.SizeScale:1]]
[2020.09.21-01.55.48:871][  0]LogConfig: Setting CVar [[r.Tonemapper.Quality:5]]
[2020.09.21-01.55.48:871][  0]LogConfig: Setting CVar [[r.DOF.Gather.AccumulatorQuality:1        ; higher gathering accumulator quality]]
[2020.09.21-01.55.48:871][  0]LogConfig: Setting CVar [[r.DOF.Gather.PostfilterMethod:1          ; Median3x3 postfilering method]]
[2020.09.21-01.55.48:871][  0]LogConfig: Setting CVar [[r.DOF.Gather.EnableBokehSettings:0       ; no bokeh simulation when gathering]]
[2020.09.21-01.55.48:871][  0]LogConfig: Setting CVar [[r.DOF.Gather.RingCount:4                 ; medium number of samples when gathering]]
[2020.09.21-01.55.48:871][  0]LogConfig: Setting CVar [[r.DOF.Scatter.ForegroundCompositing:1    ; additive foreground scattering]]
[2020.09.21-01.55.48:871][  0]LogConfig: Setting CVar [[r.DOF.Scatter.BackgroundCompositing:2    ; additive background scattering]]
[2020.09.21-01.55.48:871][  0]LogConfig: Setting CVar [[r.DOF.Scatter.EnableBokehSettings:1      ; bokeh simulation when scattering]]
[2020.09.21-01.55.48:871][  0]LogConfig: Setting CVar [[r.DOF.Scatter.MaxSpriteRatio:0.1         ; only a maximum of 10% of scattered bokeh]]
[2020.09.21-01.55.48:871][  0]LogConfig: Setting CVar [[r.DOF.Recombine.Quality:1                ; cheap slight out of focus]]
[2020.09.21-01.55.48:871][  0]LogConfig: Setting CVar [[r.DOF.Recombine.EnableBokehSettings:0    ; no bokeh simulation on slight out of focus]]
[2020.09.21-01.55.48:871][  0]LogConfig: Setting CVar [[r.DOF.TemporalAAQuality:1                ; more stable temporal accumulation]]
[2020.09.21-01.55.48:871][  0]LogConfig: Setting CVar [[r.DOF.Kernel.MaxForegroundRadius:0.025]]
[2020.09.21-01.55.48:871][  0]LogConfig: Setting CVar [[r.DOF.Kernel.MaxBackgroundRadius:0.025]]
[2020.09.21-01.55.48:871][  0]LogConfig: Applying CVar settings from Section [TextureQuality@3] File [C:/Users/s181813/Documents/GitHub/GhoulsAndGoblins/GhoulsAndGoodies/Saved/Config/Windows/Scalability.ini]
[2020.09.21-01.55.48:871][  0]LogConfig: Setting CVar [[r.Streaming.MipBias:0]]
[2020.09.21-01.55.48:871][  0]LogConfig: Setting CVar [[r.Streaming.AmortizeCPUToGPUCopy:0]]
[2020.09.21-01.55.48:871][  0]LogConfig: Setting CVar [[r.Streaming.MaxNumTexturesToStreamPerFrame:0]]
[2020.09.21-01.55.48:871][  0]LogConfig: Setting CVar [[r.Streaming.Boost:1]]
[2020.09.21-01.55.48:871][  0]LogConfig: Setting CVar [[r.MaxAnisotropy:8]]
[2020.09.21-01.55.48:871][  0]LogConfig: Setting CVar [[r.Streaming.LimitPoolSizeToVRAM:0]]
[2020.09.21-01.55.48:871][  0]LogConfig: Setting CVar [[r.Streaming.PoolSize:1000]]
[2020.09.21-01.55.48:871][  0]LogConfig: Setting CVar [[r.Streaming.MaxEffectiveScreenSize:0]]
[2020.09.21-01.55.48:871][  0]LogConfig: Applying CVar settings from Section [EffectsQuality@3] File [C:/Users/s181813/Documents/GitHub/GhoulsAndGoblins/GhoulsAndGoodies/Saved/Config/Windows/Scalability.ini]
[2020.09.21-01.55.48:871][  0]LogConfig: Setting CVar [[r.TranslucencyLightingVolumeDim:64]]
[2020.09.21-01.55.48:871][  0]LogConfig: Setting CVar [[r.RefractionQuality:2]]
[2020.09.21-01.55.48:871][  0]LogConfig: Setting CVar [[r.SSR.Quality:3]]
[2020.09.21-01.55.48:871][  0]LogConfig: Setting CVar [[r.SceneColorFormat:4]]
[2020.09.21-01.55.48:871][  0]LogConfig: Setting CVar [[r.DetailMode:2]]
[2020.09.21-01.55.48:871][  0]LogConfig: Setting CVar [[r.TranslucencyVolumeBlur:1]]
[2020.09.21-01.55.48:871][  0]LogConfig: Setting CVar [[r.MaterialQualityLevel:1 ; High quality]]
[2020.09.21-01.55.48:871][  0]LogConfig: Setting CVar [[r.SSS.Scale:1]]
[2020.09.21-01.55.48:871][  0]LogConfig: Setting CVar [[r.SSS.SampleSet:2]]
[2020.09.21-01.55.48:871][  0]LogConfig: Setting CVar [[r.SSS.Quality:1]]
[2020.09.21-01.55.48:871][  0]LogConfig: Setting CVar [[r.SSS.HalfRes:1]]
[2020.09.21-01.55.48:871][  0]LogConfig: Setting CVar [[r.EmitterSpawnRateScale:1.0]]
[2020.09.21-01.55.48:871][  0]LogConfig: Setting CVar [[r.ParticleLightQuality:2]]
[2020.09.21-01.55.48:871][  0]LogConfig: Applying CVar settings from Section [FoliageQuality@3] File [C:/Users/s181813/Documents/GitHub/GhoulsAndGoblins/GhoulsAndGoodies/Saved/Config/Windows/Scalability.ini]
[2020.09.21-01.55.48:871][  0]LogConfig: Setting CVar [[foliage.DensityScale:1.0]]
[2020.09.21-01.55.48:871][  0]LogConfig: Setting CVar [[grass.DensityScale:1.0]]
[2020.09.21-01.55.48:871][  0]LogConfig: Applying CVar settings from Section [Startup] File [../../../Engine/Config/ConsoleVariables.ini]
[2020.09.21-01.55.48:871][  0]LogConfig: Setting CVar [[net.UseAdaptiveNetUpdateFrequency:0]]
[2020.09.21-01.55.48:871][  0]LogConfig: Setting CVar [[p.chaos.AllowCreatePhysxBodies:1]]
[2020.09.21-01.55.48:871][  0]LogConfig: Applying CVar settings from Section [ConsoleVariables] File [C:/Users/s181813/Documents/GitHub/GhoulsAndGoblins/GhoulsAndGoodies/Saved/Config/Windows/Engine.ini]
[2020.09.21-01.55.48:886][  0]LogInit: Computer: SYD-19EF44
[2020.09.21-01.55.48:886][  0]LogInit: User: s181813
[2020.09.21-01.55.48:886][  0]LogInit: CPU Page size=4096, Cores=4
[2020.09.21-01.55.48:886][  0]LogInit: High frequency timer resolution =10.000000 MHz
[2020.09.21-01.55.48:886][  0]LogMemory: Memory total: Physical=31.9GB (32GB approx)
[2020.09.21-01.55.48:886][  0]LogMemory: Platform Memory Stats for Windows
[2020.09.21-01.55.48:886][  0]LogMemory: Process Physical Memory: 101.07 MB used, 101.07 MB peak
[2020.09.21-01.55.48:886][  0]LogMemory: Process Virtual Memory: 100.62 MB used, 100.62 MB peak
[2020.09.21-01.55.48:886][  0]LogMemory: Physical Memory: 11501.46 MB used,  21153.66 MB free, 32655.12 MB total
[2020.09.21-01.55.48:887][  0]LogMemory: Virtual Memory: 4668.43 MB used,  134213056.00 MB free, 134217728.00 MB total
[2020.09.21-01.55.48:895][  0]LogWindows: WindowsPlatformFeatures enabled
[2020.09.21-01.55.49:272][  0]LogInit: Using OS detected language (en-US).
[2020.09.21-01.55.49:272][  0]LogInit: Using OS detected locale (en-AU).
[2020.09.21-01.55.49:273][  0]LogTextLocalizationManager: No specific localization for 'en-US' exists, so the 'en' localization will be used.
[2020.09.21-01.55.49:502][  0]LogInit: Setting process to per monitor DPI aware
[2020.09.21-01.55.49:617][  0]LogSlate: New Slate User Created.  User Index 0, Is Virtual User: 0
[2020.09.21-01.55.49:617][  0]LogSlate: Slate User Registered.  User Index 0, Is Virtual User: 0
[2020.09.21-01.55.51:739][  0]LogHMD: Failed to initialize OpenVR with code 110
[2020.09.21-01.55.51:739][  0]LogD3D11RHI: D3D11 adapters:
[2020.09.21-01.55.51:821][  0]LogD3D11RHI:    0. 'NVIDIA GeForce GTX 770' (Feature Level 11_0)
[2020.09.21-01.55.51:821][  0]LogD3D11RHI:       2007/0/16327 MB DedicatedVideo/DedicatedSystem/SharedSystem, Outputs:2, VendorId:0x10de
[2020.09.21-01.55.51:836][  0]LogD3D11RHI:    1. 'Intel(R) HD Graphics 4600' (Feature Level 11_0)
[2020.09.21-01.55.51:836][  0]LogD3D11RHI:       112/0/2048 MB DedicatedVideo/DedicatedSystem/SharedSystem, Outputs:0, VendorId:0x8086
[2020.09.21-01.55.51:841][  0]LogD3D11RHI:    2. 'Microsoft Basic Render Driver' (Feature Level 11_0)
[2020.09.21-01.55.51:841][  0]LogD3D11RHI:       0/0/16327 MB DedicatedVideo/DedicatedSystem/SharedSystem, Outputs:0, VendorId:0x1414
[2020.09.21-01.55.51:842][  0]LogD3D11RHI: Chosen D3D11 Adapter: 0
[2020.09.21-01.55.51:850][  0]LogD3D11RHI: Creating new Direct3DDevice
[2020.09.21-01.55.51:850][  0]LogD3D11RHI:     GPU DeviceId: 0x1184 (for the marketing name, search the web for "GPU Device Id")
[2020.09.21-01.55.51:850][  0]LogWindows: EnumDisplayDevices:
[2020.09.21-01.55.51:850][  0]LogWindows:    0. 'NVIDIA GeForce GTX 770' (P:1 D:1)
[2020.09.21-01.55.51:851][  0]LogWindows:    1. 'NVIDIA GeForce GTX 770' (P:0 D:1)
[2020.09.21-01.55.51:851][  0]LogWindows:    2. 'NVIDIA GeForce GTX 770' (P:0 D:0)
[2020.09.21-01.55.51:851][  0]LogWindows:    3. 'NVIDIA GeForce GTX 770' (P:0 D:0)
[2020.09.21-01.55.51:852][  0]LogWindows:    4. 'Intel(R) HD Graphics 4600' (P:0 D:0)
[2020.09.21-01.55.51:852][  0]LogWindows:    5. 'Intel(R) HD Graphics 4600' (P:0 D:0)
[2020.09.21-01.55.51:853][  0]LogWindows:    6. 'Intel(R) HD Graphics 4600' (P:0 D:0)
[2020.09.21-01.55.51:853][  0]LogWindows: DebugString: PrimaryIsNotTheChoosenAdapter PrimaryIsNotTheChoosenAdapter PrimaryIsNotTheChoosenAdapter FoundDriverCount:4 
[2020.09.21-01.55.51:853][  0]LogD3D11RHI:     Adapter Name: NVIDIA GeForce GTX 770
[2020.09.21-01.55.51:853][  0]LogD3D11RHI:   Driver Version: 451.67 (internal:27.21.14.5167, unified:451.67)
[2020.09.21-01.55.51:853][  0]LogD3D11RHI:      Driver Date: 7-5-2020
[2020.09.21-01.55.51:853][  0]LogRHI: Texture pool is 1404 MB (70% of 2007 MB)
[2020.09.21-01.55.51:904][  0]LogD3D11RHI: Async texture creation enabled
[2020.09.21-01.55.51:919][  0]LogD3D11RHI: GPU Timing Frequency: 1000.000000 (Debug: 2 1)
[2020.09.21-01.55.52:160][  0]LogTemp: Display: Module 'AllDesktopTargetPlatform' loaded TargetPlatform 'AllDesktop'
[2020.09.21-01.55.52:170][  0]LogTemp: Display: Module 'MacClientTargetPlatform' loaded TargetPlatform 'MacClient'
[2020.09.21-01.55.52:180][  0]LogTemp: Display: Module 'MacNoEditorTargetPlatform' loaded TargetPlatform 'MacNoEditor'
[2020.09.21-01.55.52:191][  0]LogTemp: Display: Module 'MacServerTargetPlatform' loaded TargetPlatform 'MacServer'
[2020.09.21-01.55.52:206][  0]LogTemp: Display: Module 'MacTargetPlatform' loaded TargetPlatform 'Mac'
[2020.09.21-01.55.52:217][  0]LogTemp: Display: Module 'WindowsClientTargetPlatform' loaded TargetPlatform 'WindowsClient'
[2020.09.21-01.55.52:227][  0]LogTemp: Display: Module 'WindowsNoEditorTargetPlatform' loaded TargetPlatform 'WindowsNoEditor'
[2020.09.21-01.55.52:236][  0]LogTemp: Display: Module 'WindowsServerTargetPlatform' loaded TargetPlatform 'WindowsServer'
[2020.09.21-01.55.52:242][  0]LogTemp: Display: Module 'WindowsTargetPlatform' loaded TargetPlatform 'Windows'
[2020.09.21-01.55.52:282][  0]LogTemp: Display: Module 'AndroidTargetPlatform' loaded TargetPlatform 'Android'
[2020.09.21-01.55.52:282][  0]LogTemp: Display: Module 'AndroidTargetPlatform' loaded TargetPlatform 'Android_ASTC'
[2020.09.21-01.55.52:282][  0]LogTemp: Display: Module 'AndroidTargetPlatform' loaded TargetPlatform 'Android_ATC'
[2020.09.21-01.55.52:282][  0]LogTemp: Display: Module 'AndroidTargetPlatform' loaded TargetPlatform 'Android_DXT'
[2020.09.21-01.55.52:283][  0]LogTemp: Display: Module 'AndroidTargetPlatform' loaded TargetPlatform 'Android_ETC1'
[2020.09.21-01.55.52:283][  0]LogTemp: Display: Module 'AndroidTargetPlatform' loaded TargetPlatform 'Android_ETC1a'
[2020.09.21-01.55.52:283][  0]LogTemp: Display: Module 'AndroidTargetPlatform' loaded TargetPlatform 'Android_ETC2'
[2020.09.21-01.55.52:283][  0]LogTemp: Display: Module 'AndroidTargetPlatform' loaded TargetPlatform 'Android_PVRTC'
[2020.09.21-01.55.52:283][  0]LogTemp: Display: Module 'AndroidTargetPlatform' loaded TargetPlatform 'AndroidClient'
[2020.09.21-01.55.52:283][  0]LogTemp: Display: Module 'AndroidTargetPlatform' loaded TargetPlatform 'Android_ASTCClient'
[2020.09.21-01.55.52:283][  0]LogTemp: Display: Module 'AndroidTargetPlatform' loaded TargetPlatform 'Android_ATCClient'
[2020.09.21-01.55.52:283][  0]LogTemp: Display: Module 'AndroidTargetPlatform' loaded TargetPlatform 'Android_DXTClient'
[2020.09.21-01.55.52:283][  0]LogTemp: Display: Module 'AndroidTargetPlatform' loaded TargetPlatform 'Android_ETC1Client'
[2020.09.21-01.55.52:283][  0]LogTemp: Display: Module 'AndroidTargetPlatform' loaded TargetPlatform 'Android_ETC1aClient'
[2020.09.21-01.55.52:283][  0]LogTemp: Display: Module 'AndroidTargetPlatform' loaded TargetPlatform 'Android_ETC2Client'
[2020.09.21-01.55.52:284][  0]LogTemp: Display: Module 'AndroidTargetPlatform' loaded TargetPlatform 'Android_PVRTCClient'
[2020.09.21-01.55.52:284][  0]LogTemp: Display: Module 'AndroidTargetPlatform' loaded TargetPlatform 'Android_Multi'
[2020.09.21-01.55.52:284][  0]LogTemp: Display: Module 'AndroidTargetPlatform' loaded TargetPlatform 'Android_MultiClient'
[2020.09.21-01.55.52:287][  0]LogTemp: Display: Module 'HTML5TargetPlatform' loaded TargetPlatform 'HTML5'
[2020.09.21-01.55.52:318][  0]LogTemp: Display: Module 'IOSTargetPlatform' loaded TargetPlatform 'IOSClient'
[2020.09.21-01.55.52:319][  0]LogTemp: Display: Module 'IOSTargetPlatform' loaded TargetPlatform 'IOS'
[2020.09.21-01.55.52:334][  0]LogTemp: Display: Module 'TVOSTargetPlatform' loaded TargetPlatform 'TVOSClient'
[2020.09.21-01.55.52:334][  0]LogTemp: Display: Module 'TVOSTargetPlatform' loaded TargetPlatform 'TVOS'
[2020.09.21-01.55.52:343][  0]LogTemp: Display: Module 'LinuxClientTargetPlatform' loaded TargetPlatform 'LinuxClient'
[2020.09.21-01.55.52:351][  0]LogTemp: Display: Module 'LinuxNoEditorTargetPlatform' loaded TargetPlatform 'LinuxNoEditor'
[2020.09.21-01.55.52:359][  0]LogTemp: Display: Module 'LinuxServerTargetPlatform' loaded TargetPlatform 'LinuxServer'
[2020.09.21-01.55.52:376][  0]LogTemp: Display: Module 'LinuxTargetPlatform' loaded TargetPlatform 'Linux'
[2020.09.21-01.55.52:408][  0]LogTemp: Display: Module 'LuminTargetPlatform' loaded TargetPlatform 'Lumin'
[2020.09.21-01.55.52:408][  0]LogTemp: Display: Module 'LuminTargetPlatform' loaded TargetPlatform 'LuminClient'
[2020.09.21-01.55.52:408][  0]LogTargetPlatformManager: Display: Building Assets For Windows
[2020.09.21-01.55.52:460][  0]LogAudioDebug: Display: Lib vorbis DLL was dynamically loaded.
[2020.09.21-01.55.52:568][  0]LogShaderCompilers: Guid format shader working directory is -35 characters bigger than the processId version (../../../../../../Users/s181813/Documents/GitHub/GhoulsAndGoblins/GhoulsAndGoodies/Intermediate/Shaders/WorkingDirectory/14772/).
[2020.09.21-01.55.52:568][  0]LogShaderCompilers: Cleaned the shader compiler working directory 'C:/Users/s181813/AppData/Local/Temp/UnrealShaderWorkingDir/2BFA4E6C407413FC04D777A052DBAB30/'.
[2020.09.21-01.55.52:570][  0]LogXGEController: Cleaning working directory: C:/Users/s181813/AppData/Local/Temp/UnrealXGEWorkingDir/
[2020.09.21-01.55.52:570][  0]LogXGEController: Cannot use XGE Controller as Incredibuild is not installed on this machine.
[2020.09.21-01.55.52:572][  0]LogShaderCompilers: Cannot use XGE Shader Compiler as Incredibuild is not installed on this machine.
[2020.09.21-01.55.52:572][  0]LogShaderCompilers: Display: Using Local Shader Compiler.
[2020.09.21-01.55.54:476][  0]LogDerivedDataCache: Display: Max Cache Size: 512 MB
[2020.09.21-01.55.54:545][  0]LogDerivedDataCache: Loaded boot cache 0.07s 89MB C:/Users/s181813/AppData/Local/UnrealEngine/4.23/DerivedDataCache/Boot.ddc.
[2020.09.21-01.55.54:545][  0]LogDerivedDataCache: Display: Loaded Boot cache: C:/Users/s181813/AppData/Local/UnrealEngine/4.23/DerivedDataCache/Boot.ddc
[2020.09.21-01.55.54:545][  0]LogDerivedDataCache: FDerivedDataBackendGraph:  Pak pak cache file ../../../../../../Users/s181813/Documents/GitHub/GhoulsAndGoblins/GhoulsAndGoodies/DerivedDataCache/DDC.ddp not found, will not use a pak cache.
[2020.09.21-01.55.54:545][  0]LogDerivedDataCache: Unable to find inner node Pak for hierarchical cache Hierarchy.
[2020.09.21-01.55.54:546][  0]LogDerivedDataCache: FDerivedDataBackendGraph:  CompressedPak pak cache file ../../../../../../Users/s181813/Documents/GitHub/GhoulsAndGoblins/GhoulsAndGoodies/DerivedDataCache/Compressed.ddp not found, will not use a pak cache.
[2020.09.21-01.55.54:546][  0]LogDerivedDataCache: Unable to find inner node CompressedPak for hierarchical cache Hierarchy.
[2020.09.21-01.55.54:564][  0]LogDerivedDataCache: Display: Pak cache opened for reading ../../../Engine/DerivedDataCache/Compressed.ddp.
[2020.09.21-01.55.54:564][  0]LogDerivedDataCache: FDerivedDataBackendGraph:  EnterprisePak pak cache file ../../../Enterprise/DerivedDataCache/Compressed.ddp not found, will not use a pak cache.
[2020.09.21-01.55.54:564][  0]LogDerivedDataCache: Unable to find inner node EnterprisePak for hierarchical cache Hierarchy.
[2020.09.21-01.55.54:567][  0]LogDerivedDataCache: Using Local data cache path C:/Users/s181813/AppData/Local/UnrealEngine/Common/DerivedDataCache: Writable
[2020.09.21-01.55.54:567][  0]LogDerivedDataCache: Shared data cache path not found in *engine.ini, will not use an Shared cache.
[2020.09.21-01.55.54:568][  0]LogDerivedDataCache: Unable to find inner node Shared for hierarchical cache Hierarchy.
[2020.09.21-01.55.54:590][  0]LogMaterial: Verifying Global Shaders for PCD3D_SM5
[2020.09.21-01.55.54:593][  0]LogSlate: Using FreeType 2.6.0
[2020.09.21-01.55.54:608][  0]LogSlate: SlateFontServices - WITH_FREETYPE: 1, WITH_HARFBUZZ: 1
[2020.09.21-01.55.54:700][  0]LogAssetRegistry: FAssetRegistry took 0.0072 seconds to start up
[2020.09.21-01.55.54:984][  0]LogInit: Selected Device Profile: [Windows]
[2020.09.21-01.55.55:238][  0]LogMeshReduction: Using QuadricMeshReduction for automatic static mesh reduction
[2020.09.21-01.55.55:238][  0]LogMeshReduction: Using SimplygonMeshReduction for automatic skeletal mesh reduction
[2020.09.21-01.55.55:238][  0]LogMeshReduction: Using ProxyLODMeshReduction for automatic mesh merging
[2020.09.21-01.55.55:239][  0]LogMeshReduction: No distributed automatic mesh merging module available
[2020.09.21-01.55.55:239][  0]LogMeshMerging: No distributed automatic mesh merging module available
[2020.09.21-01.55.55:270][  0]LogNetVersion: GhoulsAndGoodies 1.0.0, NetCL: 8386587, EngineNetVer: 11, GameNetVer: 0 (Checksum: 1842056771)
[2020.09.21-01.55.56:267][  0]LogPackageLocalizationCache: Processed 12 localized package path(s) for 1 prioritized culture(s) in 0.057517 seconds
[2020.09.21-01.55.56:274][  0]LogUObjectArray: 43444 objects as part of root set at end of initial load.
[2020.09.21-01.55.56:274][  0]LogUObjectAllocator: 7548648 out of 0 bytes used by permanent object pool.
[2020.09.21-01.55.56:274][  0]LogUObjectArray: CloseDisregardForGC: 0/0 objects in disregard for GC pool
[2020.09.21-01.55.57:709][  0]LogTcpMessaging: Initializing TcpMessaging bridge
[2020.09.21-01.55.57:715][  0]LogUdpMessaging: Initializing bridge on interface 0.0.0.0:0 to multicast group 230.0.0.1:6666.
[2020.09.21-01.55.58:359][  0]LogScript: Warning: Script Msg: No world was found for object (/Script/GhoulsAndGoodies.Default__GhoulsAndGoodiesGameMode) passed in to UEngine::GetWorldFromContextObject().
[2020.09.21-01.55.58:638][  0]SourceControl: Source control is disabled
[2020.09.21-01.55.58:638][  0]SourceControl: Source control is disabled
[2020.09.21-01.55.58:641][  0]SourceControl: Source control is disabled
[2020.09.21-01.55.58:644][  0]SourceControl: Source control is disabled
[2020.09.21-01.55.58:814][  0]LogAndroidPermission: UAndroidPermissionCallbackProxy::GetInstance
[2020.09.21-01.55.59:006][  0]LogOcInput: OculusInput pre-init called
[2020.09.21-01.55.59:017][  0]LogWindows: Failed to load 'OVRPlugin.dll' (GetLastError=126)
[2020.09.21-01.55.59:017][  0]LogWindows: File 'OVRPlugin.dll' does not exist
[2020.09.21-01.55.59:130][  0]LogEngine: Initializing Engine...
[2020.09.21-01.55.59:131][  0]LogHMD: Failed to initialize OpenVR with code 110
[2020.09.21-01.55.59:132][  0]LogStats: UGameplayTagsManager::InitializeManager -  0.000 s
[2020.09.21-01.55.59:540][  0]LogInit: Initializing FReadOnlyCVARCache
[2020.09.21-01.55.59:557][  0]LogAIModule: Creating AISystem for world Untitled
[2020.09.21-01.55.59:571][  0]LogInit: XAudio2 using 'Speakers (Realtek High Definition Audio)' : 2 channels at 48 kHz using 32 bits per sample (channel mask 0x3)
[2020.09.21-01.55.59:626][  0]LogInit: FAudioDevice initialized.
[2020.09.21-01.55.59:626][  0]LogNetVersion: Set ProjectVersion to 1.0.0.0. Version Checksum will be recalculated on next use.
[2020.09.21-01.55.59:726][  0]LogDerivedDataCache: Saved boot cache 0.10s 89MB C:/Users/s181813/AppData/Local/UnrealEngine/4.23/DerivedDataCache/Boot.ddc.
[2020.09.21-01.55.59:731][  0]LogInit: Texture streaming: Enabled
[2020.09.21-01.55.59:760][  0]LogEngineSessionManager: EngineSessionManager initialized
[2020.09.21-01.55.59:760][  0]LogEditorSessionSummary: Verbose: Initializing EditorSessionSummaryWriter for editor session tracking
[2020.09.21-01.55.59:762][  0]LogEditorSessionSummary: EditorSessionSummaryWriter initialized
[2020.09.21-01.55.59:829][  0]LogInit: Transaction tracking system initialized
[2020.09.21-01.55.59:881][  0]BlueprintLog: New page: Editor Load
[2020.09.21-01.55.59:993][  0]LocalizationService: Localization service is disabled
[2020.09.21-01.56.00:621][  0]LogFileCache: Scanning file cache for directory 'C:/Users/s181813/Documents/GitHub/GhoulsAndGoblins/GhoulsAndGoodies/Content/' took 0.01s
[2020.09.21-01.56.00:621][  0]LogCook: Display: Max memory allowance for cook 16384mb min free memory 0mb
[2020.09.21-01.56.00:622][  0]LogCook: Display: Mobile HDR setting 1
[2020.09.21-01.56.00:959][  0]SourceControl: Source control is disabled
[2020.09.21-01.56.00:960][  0]Cmd: MAP LOAD FILE="../../../../../../Users/s181813/Documents/GitHub/GhoulsAndGoblins/GhoulsAndGoodies/Content/TopDownCPP/Maps/TopDownExampleMap.umap" TEMPLATE=0 SHOWPROGRESS=1 FEATURELEVEL=3
[2020.09.21-01.56.00:960][  0]LightingResults: New page: Lighting Build
[2020.09.21-01.56.00:963][  0]LogWorld: UWorld::CleanupWorld for Untitled, bSessionEnded=true, bCleanupResources=true
[2020.09.21-01.56.00:964][  0]MapCheck: New page: Map Check
[2020.09.21-01.56.00:964][  0]LightingResults: New page: Lighting Build
[2020.09.21-01.56.00:990][  0]LogUObjectHash: Compacting FUObjectHashTables data took   3.17ms
[2020.09.21-01.56.01:152][  0]LogAIModule: Creating AISystem for world TopDownExampleMap
[2020.09.21-01.56.01:165][  0]LogEditorServer: Finished looking for orphan Actors (0.000 secs)
[2020.09.21-01.56.01:190][  0]LogUObjectHash: Compacting FUObjectHashTables data took   2.23ms
[2020.09.21-01.56.01:191][  0]Cmd: MAP CHECKDEP NOCLEARLOG
[2020.09.21-01.56.01:191][  0]MapCheck: Map check complete: 0 Error(s), 0 Warning(s), took 0.184ms to complete.
[2020.09.21-01.56.01:191][  0]LogFileHelpers: Loading map 'TopDownExampleMap' took 0.232
[2020.09.21-01.56.02:337][  0]LogSlate: Only BGRA pngs, bmps or icos are supported in by External Image Picker
[2020.09.21-01.56.02:396][  0]LogSlate: Updating window title bar state: overlay mode, drag disabled, window buttons hidden, title bar hidden
[2020.09.21-01.56.02:403][  0]LogSlate: Updating window title bar state: overlay mode, drag disabled, window buttons hidden, title bar hidden
[2020.09.21-01.56.02:409][  0]LogSlate: Updating window title bar state: overlay mode, drag disabled, window buttons hidden, title bar hidden
[2020.09.21-01.56.02:416][  0]LogSlate: Updating window title bar state: overlay mode, drag disabled, window buttons hidden, title bar hidden
[2020.09.21-01.56.02:442][  0]LogCollectionManager: Loaded 0 collections in 0.002391 seconds
[2020.09.21-01.56.02:459][  0]LogFileCache: Scanning file cache for directory 'C:/Users/s181813/Documents/GitHub/GhoulsAndGoblins/GhoulsAndGoodies/Saved/Collections/' took 0.00s
[2020.09.21-01.56.02:459][  0]LogFileCache: Scanning file cache for directory 'C:/Users/s181813/Documents/GitHub/GhoulsAndGoblins/GhoulsAndGoodies/Content/Developers/s181813/Collections/' took 0.00s
[2020.09.21-01.56.02:459][  0]LogFileCache: Scanning file cache for directory 'C:/Users/s181813/Documents/GitHub/GhoulsAndGoblins/GhoulsAndGoodies/Content/Collections/' took 0.00s
[2020.09.21-01.56.02:459][  0]LogCollectionManager: Rebuilt the GUID cache for 0 collections in 0.000001 seconds
[2020.09.21-01.56.02:468][  0]LogContentBrowser: Native class hierarchy populated in 0.0084 seconds. Added 2886 classes and 685 folders.
[2020.09.21-01.56.02:474][  0]LogContentBrowser: Native class hierarchy updated for 'WidgetCarousel' in 0.0003 seconds. Added 0 classes and 0 folders.
[2020.09.21-01.56.02:708][  0]LogContentBrowser: Native class hierarchy updated for 'AddContentDialog' in 0.0003 seconds. Added 0 classes and 0 folders.
[2020.09.21-01.56.02:731][  0]LogSlate: Took 0.007342 seconds to synchronously load lazily loaded font '../../../Engine/Content/Slate/Fonts/Roboto-Regular.ttf' (155K)
[2020.09.21-01.56.02:740][  0]LogSlate: Took 0.006481 seconds to synchronously load lazily loaded font '../../../Engine/Content/Slate/Fonts/Roboto-Bold.ttf' (160K)
[2020.09.21-01.56.02:750][  0]LogSlate: Took 0.005441 seconds to synchronously load lazily loaded font '../../../Engine/Content/Editor/Slate/Fonts/FontAwesome.ttf' (139K)
[2020.09.21-01.56.02:884][  0]LogRenderer: Reallocating scene render targets to support 1056x612 Format 10 NumSamples 1 (Frame:1).
[2020.09.21-01.56.02:993][  0]LogContentBrowser: Native class hierarchy updated for 'HierarchicalLODOutliner' in 0.0004 seconds. Added 0 classes and 0 folders.
[2020.09.21-01.56.02:993][  0]LogLoad: (Engine Initialization) Total time: 15.68 seconds
[2020.09.21-01.56.02:993][  0]LogLoad: (Engine Initialization) Total Blueprint compile time: 0.00 seconds
[2020.09.21-01.56.03:222][  0]LogContentStreaming: Texture pool size now 1000 MB
[2020.09.21-01.56.03:252][  0]LogSlate: Took 0.005455 seconds to synchronously load lazily loaded font '../../../Engine/Content/Slate/Fonts/Roboto-Light.ttf' (167K)
[2020.09.21-01.56.03:784][ 11]LogAssetRegistry: Asset discovery search completed in 9.0871 seconds
[2020.09.21-01.56.03:787][ 11]LogCollectionManager: Rebuilt the object cache for 0 collections in 0.000003 seconds (found 0 objects)
[2020.09.21-01.56.03:787][ 11]LogCollectionManager: Fixed up redirectors for 0 collections in 0.000123 seconds (updated 0 objects)
[2020.09.21-01.57.35:806][ 47]LogSlate: FSceneViewport::OnFocusLost() reason 0
[2020.09.21-01.57.35:905][ 59]LogTemp: Repeating last play command: Selected Viewport
[2020.09.21-01.57.35:917][ 59]LogBlueprintUserMessages: Early PlayInEditor Detection: Level '/Game/TopDownCPP/Maps/TopDownExampleMap.TopDownExampleMap:PersistentLevel' has LevelScriptBlueprint '/Game/TopDownCPP/Maps/TopDownExampleMap.TopDownExampleMap:PersistentLevel.TopDownExampleMap' with GeneratedClass '/Game/TopDownCPP/Maps/TopDownExampleMap.TopDownExampleMap_C' with ClassGeneratedBy '/Game/TopDownCPP/Maps/TopDownExampleMap.TopDownExampleMap:PersistentLevel.TopDownExampleMap'
[2020.09.21-01.57.35:917][ 59]LogPlayLevel: PlayLevel: No blueprints needed recompiling
[2020.09.21-01.57.35:918][ 59]PIE: New page: PIE session: TopDownExampleMap (21 Sep 2020 9:57:35 pm)
[2020.09.21-01.57.35:920][ 59]LogOnline: OSS: Creating online subsystem instance for: NULL
[2020.09.21-01.57.35:923][ 59]LogPlayLevel: Creating play world package: /Game/TopDownCPP/Maps/UEDPIE_0_TopDownExampleMap
[2020.09.21-01.57.35:941][ 59]LogPlayLevel: PIE: StaticDuplicateObject took: (0.017591s)
[2020.09.21-01.57.35:942][ 59]LogAIModule: Creating AISystem for world TopDownExampleMap
[2020.09.21-01.57.35:943][ 59]LogPlayLevel: PIE: World Init took: (0.001736s)
[2020.09.21-01.57.35:943][ 59]LogPlayLevel: PIE: Created PIE world by copying editor world from /Game/TopDownCPP/Maps/TopDownExampleMap.TopDownExampleMap to /Game/TopDownCPP/Maps/UEDPIE_0_TopDownExampleMap.TopDownExampleMap (0.020039s)
[2020.09.21-01.57.35:967][ 59]LogUObjectHash: Compacting FUObjectHashTables data took   1.39ms
[2020.09.21-01.57.35:976][ 59]LogInit: XAudio2 using 'Speakers (Realtek High Definition Audio)' : 2 channels at 48 kHz using 32 bits per sample (channel mask 0x3)
[2020.09.21-01.57.36:002][ 59]LogInit: FAudioDevice initialized.
[2020.09.21-01.57.36:019][ 59]LogLoad: Game class is 'GhoulsAndGoodiesGameMode'
[2020.09.21-01.57.36:021][ 59]LogWorld: Bringing World /Game/TopDownCPP/Maps/UEDPIE_0_TopDownExampleMap.TopDownExampleMap up for play (max tick rate 0) at 2020.09.21-11.57.36
[2020.09.21-01.57.36:022][ 59]LogWorld: Bringing up level for play took: 0.001615
[2020.09.21-01.57.36:023][ 59]LogOnline: OSS: Creating online subsystem instance for: :Context_2
[2020.09.21-01.57.36:032][ 59]LogContentBrowser: Native class hierarchy updated for 'MovieSceneCapture' in 0.0007 seconds. Added 20 classes and 0 folders.
[2020.09.21-01.57.36:032][ 59]LogActor: Warning: GNGPawn /Game/TopDownCPP/Maps/UEDPIE_0_TopDownExampleMap.TopDownExampleMap:PersistentLevel.GNGPawn_0 has natively added scene component(s), but none of them were set as the actor's RootComponent - picking one arbitrarily
[2020.09.21-01.57.36:046][ 59]PIE: Play in editor start time for /Game/TopDownCPP/Maps/UEDPIE_0_TopDownExampleMap -0.394
[2020.09.21-01.57.36:046][ 59]LogBlueprintUserMessages: Late PlayInEditor Detection: Level '/Game/TopDownCPP/Maps/TopDownExampleMap.TopDownExampleMap:PersistentLevel' has LevelScriptBlueprint '/Game/TopDownCPP/Maps/TopDownExampleMap.TopDownExampleMap:PersistentLevel.TopDownExampleMap' with GeneratedClass '/Game/TopDownCPP/Maps/TopDownExampleMap.TopDownExampleMap_C' with ClassGeneratedBy '/Game/TopDownCPP/Maps/TopDownExampleMap.TopDownExampleMap:PersistentLevel.TopDownExampleMap'
[2020.09.21-01.57.37:859][272]LogSlate: FSceneViewport::OnFocusLost() reason 0
[2020.09.21-01.57.37:909][278]LogCore: Error: Invalid input P=-80540785000239726289667188926185472.000000 Y=0.000000 R=0.000000 to FRotator::Quaternion - generated NaN output: X=-nan(ind) Y=-inf Z=-nan(ind) W=inf
[2020.09.21-01.57.43:907][996]LogBlueprintUserMessages: Early EndPlayMap Detection: Level '/Game/TopDownCPP/Maps/TopDownExampleMap.TopDownExampleMap:PersistentLevel' has LevelScriptBlueprint '/Game/TopDownCPP/Maps/TopDownExampleMap.TopDownExampleMap:PersistentLevel.TopDownExampleMap' with GeneratedClass '/Game/TopDownCPP/Maps/TopDownExampleMap.TopDownExampleMap_C' with ClassGeneratedBy '/Game/TopDownCPP/Maps/TopDownExampleMap.TopDownExampleMap:PersistentLevel.TopDownExampleMap'
[2020.09.21-01.57.43:907][996]LogSlate: Updating window title bar state: overlay mode, drag disabled, window buttons hidden, title bar hidden
[2020.09.21-01.57.43:908][996]LogWorld: BeginTearingDown for /Game/TopDownCPP/Maps/UEDPIE_0_TopDownExampleMap
[2020.09.21-01.57.43:908][996]LogWorld: UWorld::CleanupWorld for TopDownExampleMap, bSessionEnded=true, bCleanupResources=true
[2020.09.21-01.57.43:922][996]LogPlayLevel: Display: Shutting down PIE online subsystems
[2020.09.21-01.57.43:922][996]LogBlueprintUserMessages: Late EndPlayMap Detection: Level '/Game/TopDownCPP/Maps/TopDownExampleMap.TopDownExampleMap:PersistentLevel' has LevelScriptBlueprint '/Game/TopDownCPP/Maps/TopDownExampleMap.TopDownExampleMap:PersistentLevel.TopDownExampleMap' with GeneratedClass '/Game/TopDownCPP/Maps/TopDownExampleMap.TopDownExampleMap_C' with ClassGeneratedBy '/Game/TopDownCPP/Maps/TopDownExampleMap.TopDownExampleMap:PersistentLevel.TopDownExampleMap'
[2020.09.21-01.57.43:950][996]LogSlate: Updating window title bar state: overlay mode, drag disabled, window buttons hidden, title bar hidden
[2020.09.21-01.57.43:954][996]LogUObjectHash: Compacting FUObjectHashTables data took   1.75ms
[2020.09.21-01.57.44:013][  2]LogPlayLevel: Display: Destroying online subsystem :Context_2
[2020.09.21-01.58.01:462][ 70]Candidate modules for hot reload:
[2020.09.21-01.58.01:463][ 70]  GhoulsAndGoodies
[2020.09.21-01.58.01:463][ 70]Launching UnrealBuildTool... [C:/Program Files/Epic Games/UE_4.23/Engine/Binaries/DotNET/UnrealBuildTool.exe  -ModuleWithSuffix=GhoulsAndGoodies,1746 Win64 Development -TargetType=Editor -Project="C:/Users/s181813/Documents/GitHub/GhoulsAndGoblins/GhoulsAndGoodies/GhoulsAndGoodies.uproject" "C:/Users/s181813/Documents/GitHub/GhoulsAndGoblins/GhoulsAndGoodies/GhoulsAndGoodies.uproject"  -IgnoreJunk]
[2020.09.21-01.58.01:465][ 70]Warning: Starting HotReload took  0.0s.
[2020.09.21-01.58.15:510][234]CompilerResultsLog: New page: Compilation - 21 Sep 2020 9:58:15 pm
[2020.09.21-01.58.15:511][234]CompilerResultsLog: Using 'git status' to determine working set for adaptive non-unity build (C:\Users\s181813\Documents\GitHub\GhoulsAndGoblins).
[2020.09.21-01.58.15:511][234]CompilerResultsLog: Parsing headers for GhoulsAndGoodiesEditor
[2020.09.21-01.58.15:511][234]CompilerResultsLog:   Running UnrealHeaderTool "C:\Users\s181813\Documents\GitHub\GhoulsAndGoblins\GhoulsAndGoodies\GhoulsAndGoodies.uproject" "C:\Users\s181813\Documents\GitHub\GhoulsAndGoblins\GhoulsAndGoodies\Intermediate\Build\Win64\GhoulsAndGoodiesEditor\Development\GhoulsAndGoodiesEditor.uhtmanifest" -LogCmds="loginit warning, logexit warning, logdatabase error" -Unattended -WarningsAsErrors -installed
[2020.09.21-01.58.15:511][234]CompilerResultsLog: Reflection code generated for GhoulsAndGoodiesEditor in 6.7134319 seconds
[2020.09.21-01.58.15:511][234]CompilerResultsLog: Failed to delete file 'C:\Users\s181813\Documents\GitHub\GhoulsAndGoblins\GhoulsAndGoodies\Binaries\Win64\UE4Editor-GhoulsAndGoodies.pdb'
[2020.09.21-01.58.15:511][234]CompilerResultsLog:     Exception: Access to the path 'C:\Users\s181813\Documents\GitHub\GhoulsAndGoblins\GhoulsAndGoodies\Binaries\Win64\UE4Editor-GhoulsAndGoodies.pdb' is denied.
[2020.09.21-01.58.15:511][234]CompilerResultsLog: Attempting to retry...
[2020.09.21-01.58.15:512][234]CompilerResultsLog: Failed to delete file 'C:\Users\s181813\Documents\GitHub\GhoulsAndGoblins\GhoulsAndGoodies\Binaries\Win64\UE4Editor-GhoulsAndGoodies.pdb'
[2020.09.21-01.58.15:512][234]CompilerResultsLog:     Exception: Access to the path 'C:\Users\s181813\Documents\GitHub\GhoulsAndGoblins\GhoulsAndGoodies\Binaries\Win64\UE4Editor-GhoulsAndGoodies.pdb' is denied.
[2020.09.21-01.58.15:512][234]CompilerResultsLog: Attempting to retry...
[2020.09.21-01.58.15:512][234]CompilerResultsLog: Failed to delete file 'C:\Users\s181813\Documents\GitHub\GhoulsAndGoblins\GhoulsAndGoodies\Binaries\Win64\UE4Editor-GhoulsAndGoodies.pdb'
[2020.09.21-01.58.15:512][234]CompilerResultsLog:     Exception: Access to the path 'C:\Users\s181813\Documents\GitHub\GhoulsAndGoblins\GhoulsAndGoodies\Binaries\Win64\UE4Editor-GhoulsAndGoodies.pdb' is denied.
[2020.09.21-01.58.15:512][234]CompilerResultsLog: ERROR: Exhausted all retries!
[2020.09.21-01.58.15:512][234]CompilerResultsLog: Using Visual Studio 2019 14.24.28314 toolchain (C:\Program Files (x86)\Microsoft Visual Studio\2019\Enterprise\VC\Tools\MSVC\14.24.28314) and Windows 10.0.18362.0 SDK (C:\Program Files (x86)\Windows Kits\10).
[2020.09.21-01.58.15:512][234]CompilerResultsLog: Building 4 actions with 8 processes...
[2020.09.21-01.58.15:513][234]CompilerResultsLog:   [1/4] Base.cpp
[2020.09.21-01.58.15:513][234]CompilerResultsLog:   [2/4] UE4Editor-GhoulsAndGoodies-1746.lib
[2020.09.21-01.58.15:513][234]CompilerResultsLog:      Creating library C:\Users\s181813\Documents\GitHub\GhoulsAndGoblins\GhoulsAndGoodies\Intermediate\Build\Win64\UE4Editor\Development\GhoulsAndGoodies\UE4Editor-GhoulsAndGoodies-1746.lib and object C:\Users\s181813\Documents\GitHub\GhoulsAndGoblins\GhoulsAndGoodies\Intermediate\Build\Win64\UE4Editor\Development\GhoulsAndGoodies\UE4Editor-GhoulsAndGoodies-1746.exp
[2020.09.21-01.58.15:513][234]CompilerResultsLog:   [3/4] UE4Editor-GhoulsAndGoodies-1746.dll
[2020.09.21-01.58.15:513][234]CompilerResultsLog:      Creating library C:\Users\s181813\Documents\GitHub\GhoulsAndGoblins\GhoulsAndGoodies\Intermediate\Build\Win64\UE4Editor\Development\GhoulsAndGoodies\UE4Editor-GhoulsAndGoodies-1746.suppressed.lib and object C:\Users\s181813\Documents\GitHub\GhoulsAndGoblins\GhoulsAndGoodies\Intermediate\Build\Win64\UE4Editor\Development\GhoulsAndGoodies\UE4Editor-GhoulsAndGoodies-1746.suppressed.exp
[2020.09.21-01.58.15:513][234]CompilerResultsLog:   [4/4] GhoulsAndGoodiesEditor.target
[2020.09.21-01.58.15:513][234]CompilerResultsLog: Total time in Parallel executor: 4.12 seconds
[2020.09.21-01.58.15:513][234]CompilerResultsLog: Total execution time: 13.93 seconds
[2020.09.21-01.58.15:513][234]LogMainFrame: MainFrame: Module compiling took 14.056 seconds
[2020.09.21-01.58.15:536][234]LogUObjectHash: Compacting FUObjectHashTables data took   0.69ms
[2020.09.21-01.58.15:597][234]LogClass: EEnemyUnitType HotReload.
[2020.09.21-01.58.15:597][234]LogClass: EGNGGameState HotReload.
[2020.09.21-01.58.15:597][234]LogClass: ETileDefenceType HotReload.
[2020.09.21-01.58.15:607][234]LogHotReload: Re-instancing AICharacter after hot-reload.
[2020.09.21-01.58.15:710][234]LogHotReload: Re-instancing Base after hot-reload.
[2020.09.21-01.58.15:801][234]LogHotReload: Re-instancing Esqueleto after hot-reload.
[2020.09.21-01.58.15:908][234]LogScript: Warning: Script Msg: No world was found for object (/Script/GhoulsAndGoodies.Default__GhoulsAndGoodiesGameMode) passed in to UEngine::GetWorldFromContextObject().
[2020.09.21-01.58.15:917][234]LogContentBrowser: Native class hierarchy updated for 'GhoulsAndGoodies' in 0.0004 seconds. Added 22 classes and 3 folders.
[2020.09.21-01.58.15:922][234]Display: HotReload successful (19 functions remapped  0 scriptstructs remapped)
[2020.09.21-01.58.15:997][234]LogUObjectHash: Compacting FUObjectHashTables data took   1.76ms
[2020.09.21-01.58.16:006][234]LogContentBrowser: Native class hierarchy populated in 0.0089 seconds. Added 2886 classes and 685 folders.
[2020.09.21-01.58.16:011][234]Display: HotReload took 14.6s.
[2020.09.21-01.58.55:885][396]LogTemp: Repeating last play command: Selected Viewport
[2020.09.21-01.58.55:899][396]LogBlueprintUserMessages: Early PlayInEditor Detection: Level '/Game/TopDownCPP/Maps/TopDownExampleMap.TopDownExampleMap:PersistentLevel' has LevelScriptBlueprint '/Game/TopDownCPP/Maps/TopDownExampleMap.TopDownExampleMap:PersistentLevel.TopDownExampleMap' with GeneratedClass '/Game/TopDownCPP/Maps/TopDownExampleMap.TopDownExampleMap_C' with ClassGeneratedBy '/Game/TopDownCPP/Maps/TopDownExampleMap.TopDownExampleMap:PersistentLevel.TopDownExampleMap'
[2020.09.21-01.58.55:899][396]LogPlayLevel: PlayLevel: No blueprints needed recompiling
[2020.09.21-01.58.55:899][396]PIE: New page: PIE session: TopDownExampleMap (21 Sep 2020 9:58:55 pm)
[2020.09.21-01.58.55:900][396]LogPlayLevel: Creating play world package: /Game/TopDownCPP/Maps/UEDPIE_0_TopDownExampleMap
[2020.09.21-01.58.55:912][396]LogPlayLevel: PIE: StaticDuplicateObject took: (0.012528s)
[2020.09.21-01.58.55:914][396]LogAIModule: Creating AISystem for world TopDownExampleMap
[2020.09.21-01.58.55:914][396]LogPlayLevel: PIE: World Init took: (0.001400s)
[2020.09.21-01.58.55:914][396]LogPlayLevel: PIE: Created PIE world by copying editor world from /Game/TopDownCPP/Maps/TopDownExampleMap.TopDownExampleMap to /Game/TopDownCPP/Maps/UEDPIE_0_TopDownExampleMap.TopDownExampleMap (0.014508s)
[2020.09.21-01.58.55:944][396]LogUObjectHash: Compacting FUObjectHashTables data took   1.40ms
[2020.09.21-01.58.55:953][396]LogInit: XAudio2 using 'Speakers (Realtek High Definition Audio)' : 2 channels at 48 kHz using 32 bits per sample (channel mask 0x3)
[2020.09.21-01.58.55:978][396]LogInit: FAudioDevice initialized.
[2020.09.21-01.58.55:993][396]LogLoad: Game class is 'GhoulsAndGoodiesGameMode'
[2020.09.21-01.58.55:994][396]LogWorld: Bringing World /Game/TopDownCPP/Maps/UEDPIE_0_TopDownExampleMap.TopDownExampleMap up for play (max tick rate 0) at 2020.09.21-11.58.55
[2020.09.21-01.58.55:995][396]LogWorld: Bringing up level for play took: 0.001067
[2020.09.21-01.58.55:995][396]LogOnline: OSS: Creating online subsystem instance for: :Context_3
[2020.09.21-01.58.55:998][396]LogActor: Warning: GNGPawn /Game/TopDownCPP/Maps/UEDPIE_0_TopDownExampleMap.TopDownExampleMap:PersistentLevel.GNGPawn_0 has natively added scene component(s), but none of them were set as the actor's RootComponent - picking one arbitrarily
[2020.09.21-01.58.56:009][396]PIE: Play in editor start time for /Game/TopDownCPP/Maps/UEDPIE_0_TopDownExampleMap -0.428
[2020.09.21-01.58.56:009][396]LogBlueprintUserMessages: Late PlayInEditor Detection: Level '/Game/TopDownCPP/Maps/TopDownExampleMap.TopDownExampleMap:PersistentLevel' has LevelScriptBlueprint '/Game/TopDownCPP/Maps/TopDownExampleMap.TopDownExampleMap:PersistentLevel.TopDownExampleMap' with GeneratedClass '/Game/TopDownCPP/Maps/TopDownExampleMap.TopDownExampleMap_C' with ClassGeneratedBy '/Game/TopDownCPP/Maps/TopDownExampleMap.TopDownExampleMap:PersistentLevel.TopDownExampleMap'
[2020.09.21-01.58.57:923][622]LogSlate: FSceneViewport::OnFocusLost() reason 0
[2020.09.21-01.59.05:383][516]LogBlueprintUserMessages: Early EndPlayMap Detection: Level '/Game/TopDownCPP/Maps/TopDownExampleMap.TopDownExampleMap:PersistentLevel' has LevelScriptBlueprint '/Game/TopDownCPP/Maps/TopDownExampleMap.TopDownExampleMap:PersistentLevel.TopDownExampleMap' with GeneratedClass '/Game/TopDownCPP/Maps/TopDownExampleMap.TopDownExampleMap_C' with ClassGeneratedBy '/Game/TopDownCPP/Maps/TopDownExampleMap.TopDownExampleMap:PersistentLevel.TopDownExampleMap'
[2020.09.21-01.59.05:384][516]LogSlate: Updating window title bar state: overlay mode, drag disabled, window buttons hidden, title bar hidden
[2020.09.21-01.59.05:384][516]LogWorld: BeginTearingDown for /Game/TopDownCPP/Maps/UEDPIE_0_TopDownExampleMap
[2020.09.21-01.59.05:385][516]LogWorld: UWorld::CleanupWorld for TopDownExampleMap, bSessionEnded=true, bCleanupResources=true
[2020.09.21-01.59.05:396][516]LogPlayLevel: Display: Shutting down PIE online subsystems
[2020.09.21-01.59.05:396][516]LogBlueprintUserMessages: Late EndPlayMap Detection: Level '/Game/TopDownCPP/Maps/TopDownExampleMap.TopDownExampleMap:PersistentLevel' has LevelScriptBlueprint '/Game/TopDownCPP/Maps/TopDownExampleMap.TopDownExampleMap:PersistentLevel.TopDownExampleMap' with GeneratedClass '/Game/TopDownCPP/Maps/TopDownExampleMap.TopDownExampleMap_C' with ClassGeneratedBy '/Game/TopDownCPP/Maps/TopDownExampleMap.TopDownExampleMap:PersistentLevel.TopDownExampleMap'
[2020.09.21-01.59.05:424][516]LogSlate: Updating window title bar state: overlay mode, drag disabled, window buttons hidden, title bar hidden
[2020.09.21-01.59.05:427][516]LogUObjectHash: Compacting FUObjectHashTables data took   1.73ms
[2020.09.21-01.59.05:484][522]LogPlayLevel: Display: Destroying online subsystem :Context_3
[2020.09.21-01.59.11:595][240]LogEditorViewport: Clicking on Actor (LMB): CameraActor (GNGViewTarget)
[2020.09.21-01.59.18:296][ 26]Cmd: TRANSACTION UNDO
[2020.09.21-01.59.18:297][ 26]LogEditorTransaction: Undo Rotate Actors
[2020.09.21-01.59.18:307][ 26]LogSlate: Took 0.000334 seconds to synchronously load lazily loaded font '../../../Engine/Content/Slate/Fonts/Roboto-Light.ttf' (167K)
[2020.09.21-01.59.20:581][282]LogSlate: FSceneViewport::OnFocusLost() reason 0
[2020.09.21-01.59.35:105][ 11]LogEditorViewport: Clicking on Actor (LMB): CameraActor (GNGViewTarget)
[2020.09.21-01.59.41:023][704]LogSlate: FSceneViewport::OnFocusLost() reason 0
[2020.09.21-02.00.40:209][669]LogSlate: FSceneViewport::OnFocusLost() reason 0
[2020.09.21-02.00.40:325][683]LogTemp: Repeating last play command: Selected Viewport
[2020.09.21-02.00.40:338][683]LogBlueprintUserMessages: Early PlayInEditor Detection: Level '/Game/TopDownCPP/Maps/TopDownExampleMap.TopDownExampleMap:PersistentLevel' has LevelScriptBlueprint '/Game/TopDownCPP/Maps/TopDownExampleMap.TopDownExampleMap:PersistentLevel.TopDownExampleMap' with GeneratedClass '/Game/TopDownCPP/Maps/TopDownExampleMap.TopDownExampleMap_C' with ClassGeneratedBy '/Game/TopDownCPP/Maps/TopDownExampleMap.TopDownExampleMap:PersistentLevel.TopDownExampleMap'
[2020.09.21-02.00.40:338][683]LogPlayLevel: PlayLevel: No blueprints needed recompiling
[2020.09.21-02.00.40:338][683]PIE: New page: PIE session: TopDownExampleMap (21 Sep 2020 10:00:40 pm)
[2020.09.21-02.00.40:338][683]LogPlayLevel: Creating play world package: /Game/TopDownCPP/Maps/UEDPIE_0_TopDownExampleMap
[2020.09.21-02.00.40:351][683]LogPlayLevel: PIE: StaticDuplicateObject took: (0.012360s)
[2020.09.21-02.00.40:354][683]LogAIModule: Creating AISystem for world TopDownExampleMap
[2020.09.21-02.00.40:354][683]LogPlayLevel: PIE: World Init took: (0.003240s)
[2020.09.21-02.00.40:355][683]LogPlayLevel: PIE: Created PIE world by copying editor world from /Game/TopDownCPP/Maps/TopDownExampleMap.TopDownExampleMap to /Game/TopDownCPP/Maps/UEDPIE_0_TopDownExampleMap.TopDownExampleMap (0.016144s)
[2020.09.21-02.00.40:381][683]LogUObjectHash: Compacting FUObjectHashTables data took   1.85ms
[2020.09.21-02.00.40:389][683]LogInit: XAudio2 using 'Speakers (Realtek High Definition Audio)' : 2 channels at 48 kHz using 32 bits per sample (channel mask 0x3)
[2020.09.21-02.00.40:411][683]LogInit: FAudioDevice initialized.
[2020.09.21-02.00.40:423][683]LogLoad: Game class is 'GhoulsAndGoodiesGameMode'
[2020.09.21-02.00.40:424][683]LogWorld: Bringing World /Game/TopDownCPP/Maps/UEDPIE_0_TopDownExampleMap.TopDownExampleMap up for play (max tick rate 0) at 2020.09.21-12.00.40
[2020.09.21-02.00.40:425][683]LogWorld: Bringing up level for play took: 0.001188
[2020.09.21-02.00.40:425][683]LogOnline: OSS: Creating online subsystem instance for: :Context_4
[2020.09.21-02.00.40:428][683]LogActor: Warning: GNGPawn /Game/TopDownCPP/Maps/UEDPIE_0_TopDownExampleMap.TopDownExampleMap:PersistentLevel.GNGPawn_0 has natively added scene component(s), but none of them were set as the actor's RootComponent - picking one arbitrarily
[2020.09.21-02.00.40:441][683]PIE: Play in editor start time for /Game/TopDownCPP/Maps/UEDPIE_0_TopDownExampleMap 0.006
[2020.09.21-02.00.40:441][683]LogBlueprintUserMessages: Late PlayInEditor Detection: Level '/Game/TopDownCPP/Maps/TopDownExampleMap.TopDownExampleMap:PersistentLevel' has LevelScriptBlueprint '/Game/TopDownCPP/Maps/TopDownExampleMap.TopDownExampleMap:PersistentLevel.TopDownExampleMap' with GeneratedClass '/Game/TopDownCPP/Maps/TopDownExampleMap.TopDownExampleMap_C' with ClassGeneratedBy '/Game/TopDownCPP/Maps/TopDownExampleMap.TopDownExampleMap:PersistentLevel.TopDownExampleMap'
[2020.09.21-02.00.43:744][ 74]LogSlate: FSceneViewport::OnFocusLost() reason 0
[2020.09.21-02.00.51:970][ 58]LogSlate: FSceneViewport::OnFocusLost() reason 0
[2020.09.21-02.00.59:397][949]LogBlueprintUserMessages: Early EndPlayMap Detection: Level '/Game/TopDownCPP/Maps/TopDownExampleMap.TopDownExampleMap:PersistentLevel' has LevelScriptBlueprint '/Game/TopDownCPP/Maps/TopDownExampleMap.TopDownExampleMap:PersistentLevel.TopDownExampleMap' with GeneratedClass '/Game/TopDownCPP/Maps/TopDownExampleMap.TopDownExampleMap_C' with ClassGeneratedBy '/Game/TopDownCPP/Maps/TopDownExampleMap.TopDownExampleMap:PersistentLevel.TopDownExampleMap'
[2020.09.21-02.00.59:398][949]LogSlate: Updating window title bar state: overlay mode, drag disabled, window buttons hidden, title bar hidden
[2020.09.21-02.00.59:398][949]LogWorld: BeginTearingDown for /Game/TopDownCPP/Maps/UEDPIE_0_TopDownExampleMap
[2020.09.21-02.00.59:399][949]LogWorld: UWorld::CleanupWorld for TopDownExampleMap, bSessionEnded=true, bCleanupResources=true
[2020.09.21-02.00.59:414][949]LogPlayLevel: Display: Shutting down PIE online subsystems
[2020.09.21-02.00.59:415][949]LogBlueprintUserMessages: Late EndPlayMap Detection: Level '/Game/TopDownCPP/Maps/TopDownExampleMap.TopDownExampleMap:PersistentLevel' has LevelScriptBlueprint '/Game/TopDownCPP/Maps/TopDownExampleMap.TopDownExampleMap:PersistentLevel.TopDownExampleMap' with GeneratedClass '/Game/TopDownCPP/Maps/TopDownExampleMap.TopDownExampleMap_C' with ClassGeneratedBy '/Game/TopDownCPP/Maps/TopDownExampleMap.TopDownExampleMap:PersistentLevel.TopDownExampleMap'
[2020.09.21-02.00.59:443][949]LogSlate: Updating window title bar state: overlay mode, drag disabled, window buttons hidden, title bar hidden
[2020.09.21-02.00.59:447][949]LogUObjectHash: Compacting FUObjectHashTables data took   1.74ms
[2020.09.21-02.00.59:500][954]LogPlayLevel: Display: Destroying online subsystem :Context_4
[2020.09.21-02.03.28:441][133]LogSlate: Took 0.000266 seconds to synchronously load lazily loaded font '../../../Engine/Content/Slate/Fonts/Roboto-BoldCondensed.ttf' (158K)
[2020.09.21-02.04.18:234][973]Candidate modules for hot reload:
[2020.09.21-02.04.18:234][973]  GhoulsAndGoodies
[2020.09.21-02.04.18:234][973]Launching UnrealBuildTool... [C:/Program Files/Epic Games/UE_4.23/Engine/Binaries/DotNET/UnrealBuildTool.exe  -ModuleWithSuffix=GhoulsAndGoodies,7007 Win64 Development -TargetType=Editor -Project="C:/Users/s181813/Documents/GitHub/GhoulsAndGoblins/GhoulsAndGoodies/GhoulsAndGoodies.uproject" "C:/Users/s181813/Documents/GitHub/GhoulsAndGoblins/GhoulsAndGoodies/GhoulsAndGoodies.uproject"  -IgnoreJunk]
[2020.09.21-02.04.30:908][973]CompilerResultsLog: New page: Compilation - 21 Sep 2020 10:04:30 pm
[2020.09.21-02.04.30:908][973]CompilerResultsLog: Using 'git status' to determine working set for adaptive non-unity build (C:\Users\s181813\Documents\GitHub\GhoulsAndGoblins).
[2020.09.21-02.04.30:908][973]CompilerResultsLog: Invalidating makefile for GhoulsAndGoodiesEditor (source file added)
[2020.09.21-02.04.30:908][973]CompilerResultsLog: Parsing headers for GhoulsAndGoodiesEditor
[2020.09.21-02.04.30:909][973]CompilerResultsLog:   Running UnrealHeaderTool "C:\Users\s181813\Documents\GitHub\GhoulsAndGoblins\GhoulsAndGoodies\GhoulsAndGoodies.uproject" "C:\Users\s181813\Documents\GitHub\GhoulsAndGoblins\GhoulsAndGoodies\Intermediate\Build\Win64\GhoulsAndGoodiesEditor\Development\GhoulsAndGoodiesEditor.uhtmanifest" -LogCmds="loginit warning, logexit warning, logdatabase error" -Unattended -WarningsAsErrors -installed
[2020.09.21-02.04.30:909][973]CompilerResultsLog: Reflection code generated for GhoulsAndGoodiesEditor in 6.3158469 seconds
[2020.09.21-02.04.30:909][973]CompilerResultsLog: Failed to delete file 'C:\Users\s181813\Documents\GitHub\GhoulsAndGoblins\GhoulsAndGoodies\Binaries\Win64\UE4Editor-GhoulsAndGoodies.pdb'
[2020.09.21-02.04.30:909][973]CompilerResultsLog:     Exception: Access to the path 'C:\Users\s181813\Documents\GitHub\GhoulsAndGoblins\GhoulsAndGoodies\Binaries\Win64\UE4Editor-GhoulsAndGoodies.pdb' is denied.
[2020.09.21-02.04.30:909][973]CompilerResultsLog: Attempting to retry...
[2020.09.21-02.04.30:909][973]CompilerResultsLog: Failed to delete file 'C:\Users\s181813\Documents\GitHub\GhoulsAndGoblins\GhoulsAndGoodies\Binaries\Win64\UE4Editor-GhoulsAndGoodies.pdb'
[2020.09.21-02.04.30:909][973]CompilerResultsLog:     Exception: Access to the path 'C:\Users\s181813\Documents\GitHub\GhoulsAndGoblins\GhoulsAndGoodies\Binaries\Win64\UE4Editor-GhoulsAndGoodies.pdb' is denied.
[2020.09.21-02.04.30:910][973]CompilerResultsLog: Attempting to retry...
[2020.09.21-02.04.30:910][973]CompilerResultsLog: Failed to delete file 'C:\Users\s181813\Documents\GitHub\GhoulsAndGoblins\GhoulsAndGoodies\Binaries\Win64\UE4Editor-GhoulsAndGoodies.pdb'
[2020.09.21-02.04.30:910][973]CompilerResultsLog:     Exception: Access to the path 'C:\Users\s181813\Documents\GitHub\GhoulsAndGoblins\GhoulsAndGoodies\Binaries\Win64\UE4Editor-GhoulsAndGoodies.pdb' is denied.
[2020.09.21-02.04.30:910][973]CompilerResultsLog: ERROR: Exhausted all retries!
[2020.09.21-02.04.30:911][973]CompilerResultsLog: Using Visual Studio 2019 14.24.28314 toolchain (C:\Program Files (x86)\Microsoft Visual Studio\2019\Enterprise\VC\Tools\MSVC\14.24.28314) and Windows 10.0.18362.0 SDK (C:\Program Files (x86)\Windows Kits\10).
[2020.09.21-02.04.30:911][973]CompilerResultsLog: Building 6 actions with 8 processes...
[2020.09.21-02.04.30:911][973]CompilerResultsLog:   [1/6] GhoulsAndGoodies.init.gen.cpp
[2020.09.21-02.04.30:911][973]CompilerResultsLog:   [2/6] EnemyState.cpp
[2020.09.21-02.04.30:911][973]CompilerResultsLog:   [3/6] EnemyState.gen.cpp
[2020.09.21-02.04.30:912][973]CompilerResultsLog:   [4/6] UE4Editor-GhoulsAndGoodies-7007.lib
[2020.09.21-02.04.30:912][973]CompilerResultsLog:      Creating library C:\Users\s181813\Documents\GitHub\GhoulsAndGoblins\GhoulsAndGoodies\Intermediate\Build\Win64\UE4Editor\Development\GhoulsAndGoodies\UE4Editor-GhoulsAndGoodies-7007.lib and object C:\Users\s181813\Documents\GitHub\GhoulsAndGoblins\GhoulsAndGoodies\Intermediate\Build\Win64\UE4Editor\Development\GhoulsAndGoodies\UE4Editor-GhoulsAndGoodies-7007.exp
[2020.09.21-02.04.30:912][973]CompilerResultsLog:   [5/6] UE4Editor-GhoulsAndGoodies-7007.dll
[2020.09.21-02.04.30:912][973]CompilerResultsLog:      Creating library C:\Users\s181813\Documents\GitHub\GhoulsAndGoblins\GhoulsAndGoodies\Intermediate\Build\Win64\UE4Editor\Development\GhoulsAndGoodies\UE4Editor-GhoulsAndGoodies-7007.suppressed.lib and object C:\Users\s181813\Documents\GitHub\GhoulsAndGoblins\GhoulsAndGoodies\Intermediate\Build\Win64\UE4Editor\Development\GhoulsAndGoodies\UE4Editor-GhoulsAndGoodies-7007.suppressed.exp
[2020.09.21-02.04.30:912][973]CompilerResultsLog:   [6/6] GhoulsAndGoodiesEditor.target
[2020.09.21-02.04.30:912][973]CompilerResultsLog: Total time in Parallel executor: 1.63 seconds
[2020.09.21-02.04.30:912][973]CompilerResultsLog: Total execution time: 12.60 seconds
[2020.09.21-02.04.30:912][973]LogMainFrame: MainFrame: Module compiling took 12.683 seconds
[2020.09.21-02.04.30:937][973]LogUObjectHash: Compacting FUObjectHashTables data took   0.75ms
[2020.09.21-02.04.30:981][973]LogClass: Could not find existing class EnemyState in package /Script/GhoulsAndGoodies for HotReload, assuming new class
[2020.09.21-02.04.30:997][973]LogClass: EEnemyUnitType HotReload.
[2020.09.21-02.04.30:997][973]LogClass: EGNGGameState HotReload.
[2020.09.21-02.04.30:998][973]LogClass: ETileDefenceType HotReload.
[2020.09.21-02.04.31:001][973]LogHotReload: Re-instancing AICharacter after hot-reload.
[2020.09.21-02.04.31:096][973]LogHotReload: Re-instancing Esqueleto after hot-reload.
[2020.09.21-02.04.31:186][973]LogHotReload: Re-instancing Garry after hot-reload.
[2020.09.21-02.04.31:277][973]LogScript: Warning: Script Msg: No world was found for object (/Script/GhoulsAndGoodies.Default__GhoulsAndGoodiesGameMode) passed in to UEngine::GetWorldFromContextObject().
[2020.09.21-02.04.31:281][973]LogHotReload: Re-instancing Grace after hot-reload.
[2020.09.21-02.04.31:376][973]LogContentBrowser: Native class hierarchy updated for 'GhoulsAndGoodies' in 0.0006 seconds. Added 23 classes and 3 folders.
[2020.09.21-02.04.31:380][973]Display: HotReload successful (19 functions remapped  0 scriptstructs remapped)
[2020.09.21-02.04.31:436][973]LogUObjectHash: Compacting FUObjectHashTables data took   1.68ms
[2020.09.21-02.04.31:444][973]LogContentBrowser: Native class hierarchy populated in 0.0085 seconds. Added 2887 classes and 685 folders.
[2020.09.21-02.04.31:449][973]Display: HotReload took 13.2s.
[2020.09.21-02.04.31:451][973]Warning: HotReload operation took 13.2s.
[2020.09.21-02.04.31:812][973]LogVSAccessor: Warning: Couldn't goto line number '1' in 'C:/Users/s181813/Documents/GitHub/GhoulsAndGoblins/GhoulsAndGoodies/Source/GhoulsAndGoodies/Public/EnemyState.h'
[2020.09.21-02.04.32:080][973]LogSlate: Window 'Add C++ Class' being destroyed
[2020.09.21-02.04.32:092][973]LogHotReload: New module detected: UE4Editor-GhoulsAndGoodies-7007.dll
[2020.09.21-02.04.32:149][974]LogHotReload: Starting Hot-Reload from IDE
[2020.09.21-02.04.32:201][974]LogUObjectHash: Compacting FUObjectHashTables data took   0.70ms
[2020.09.21-02.04.32:205][974]LogContentBrowser: Native class hierarchy updated for 'GhoulsAndGoodies' in 0.0005 seconds. Added 23 classes and 3 folders.
[2020.09.21-02.04.32:209][974]Display: HotReload successful (0 functions remapped  0 scriptstructs remapped)
[2020.09.21-02.04.32:235][974]LogUObjectHash: Compacting FUObjectHashTables data took   0.98ms
[2020.09.21-02.04.32:254][974]LogContentBrowser: Native class hierarchy populated in 0.0187 seconds. Added 2887 classes and 685 folders.
[2020.09.21-02.04.32:267][974]Display: HotReload took  0.1s.
[2020.09.21-02.05.03:347][ 67]LogEditorSessionSummary: EditorSessionSummary sent report. Type=Debugger, SessionId={21408F36-4E22-CB55-6F24-B88DC623046B}
[2020.09.21-02.06.54:462][399]LogUObjectHash: Compacting FUObjectHashTables data took   0.96ms
[2020.09.21-02.06.54:622][399]LogSavePackage: Moving '../../../../../../Users/s181813/Documents/GitHub/GhoulsAndGoblins/GhoulsAndGoodies/Saved/TopDownExampleMap_Auto1CD9991744FC32E2D174B67B9CF973FF9.tmp' to '../../../../../../Users/s181813/Documents/GitHub/GhoulsAndGoblins/GhoulsAndGoodies/Saved/Autosaves/Game/TopDownCPP/Maps/TopDownExampleMap_Auto1.umap'
[2020.09.21-02.06.54:629][399]LogFileHelpers: Editor autosave (incl. sublevels) for '/Game/TopDownCPP/Maps/TopDownExampleMap' took 0.189
[2020.09.21-02.06.54:629][399]LogFileHelpers: Editor autosave (incl. sublevels) for all levels took 0.189
[2020.09.21-02.11.11:715][701]LogAssetEditorManager: Opening Asset editor for BlackboardData /Game/TopDownCPP/AI/EnemyBlackBoard.EnemyBlackBoard
[2020.09.21-02.11.19:143][580]LogAssetEditorManager: Opening Asset editor for BehaviorTree /Game/TopDownCPP/AI/EnemyBehTree.EnemyBehTree
[2020.09.21-02.19.37:330][192]Candidate modules for hot reload:
[2020.09.21-02.19.37:330][192]  GhoulsAndGoodies
[2020.09.21-02.19.37:331][192]Launching UnrealBuildTool... [C:/Program Files/Epic Games/UE_4.23/Engine/Binaries/DotNET/UnrealBuildTool.exe  -ModuleWithSuffix=GhoulsAndGoodies,541 Win64 Development -TargetType=Editor -Project="C:/Users/s181813/Documents/GitHub/GhoulsAndGoblins/GhoulsAndGoodies/GhoulsAndGoodies.uproject" "C:/Users/s181813/Documents/GitHub/GhoulsAndGoblins/GhoulsAndGoodies/GhoulsAndGoodies.uproject"  -IgnoreJunk]
[2020.09.21-02.19.37:479][192]Warning: Starting HotReload took  0.2s.
[2020.09.21-02.20.17:510][889]CompilerResultsLog: New page: Compilation - 21 Sep 2020 10:20:17 pm
[2020.09.21-02.20.17:510][889]CompilerResultsLog: Using 'git status' to determine working set for adaptive non-unity build (C:\Users\s181813\Documents\GitHub\GhoulsAndGoblins).
[2020.09.21-02.20.17:510][889]CompilerResultsLog: Parsing headers for GhoulsAndGoodiesEditor
[2020.09.21-02.20.17:511][889]CompilerResultsLog:   Running UnrealHeaderTool "C:\Users\s181813\Documents\GitHub\GhoulsAndGoblins\GhoulsAndGoodies\GhoulsAndGoodies.uproject" "C:\Users\s181813\Documents\GitHub\GhoulsAndGoblins\GhoulsAndGoodies\Intermediate\Build\Win64\GhoulsAndGoodiesEditor\Development\GhoulsAndGoodiesEditor.uhtmanifest" -LogCmds="loginit warning, logexit warning, logdatabase error" -Unattended -WarningsAsErrors -installed
[2020.09.21-02.20.17:511][889]CompilerResultsLog: Reflection code generated for GhoulsAndGoodiesEditor in 25.2269648 seconds
[2020.09.21-02.20.17:511][889]CompilerResultsLog: Failed to delete file 'C:\Users\s181813\Documents\GitHub\GhoulsAndGoblins\GhoulsAndGoodies\Binaries\Win64\UE4Editor-GhoulsAndGoodies.pdb'
[2020.09.21-02.20.17:511][889]CompilerResultsLog:     Exception: Access to the path 'C:\Users\s181813\Documents\GitHub\GhoulsAndGoblins\GhoulsAndGoodies\Binaries\Win64\UE4Editor-GhoulsAndGoodies.pdb' is denied.
[2020.09.21-02.20.17:511][889]CompilerResultsLog: Attempting to retry...
[2020.09.21-02.20.17:512][889]CompilerResultsLog: Failed to delete file 'C:\Users\s181813\Documents\GitHub\GhoulsAndGoblins\GhoulsAndGoodies\Binaries\Win64\UE4Editor-GhoulsAndGoodies.pdb'
[2020.09.21-02.20.17:512][889]CompilerResultsLog:     Exception: Access to the path 'C:\Users\s181813\Documents\GitHub\GhoulsAndGoblins\GhoulsAndGoodies\Binaries\Win64\UE4Editor-GhoulsAndGoodies.pdb' is denied.
[2020.09.21-02.20.17:512][889]CompilerResultsLog: Attempting to retry...
[2020.09.21-02.20.17:512][889]CompilerResultsLog: Failed to delete file 'C:\Users\s181813\Documents\GitHub\GhoulsAndGoblins\GhoulsAndGoodies\Binaries\Win64\UE4Editor-GhoulsAndGoodies.pdb'
[2020.09.21-02.20.17:512][889]CompilerResultsLog:     Exception: Access to the path 'C:\Users\s181813\Documents\GitHub\GhoulsAndGoblins\GhoulsAndGoodies\Binaries\Win64\UE4Editor-GhoulsAndGoodies.pdb' is denied.
[2020.09.21-02.20.17:513][889]CompilerResultsLog: ERROR: Exhausted all retries!
[2020.09.21-02.20.17:513][889]CompilerResultsLog: Using Visual Studio 2019 14.24.28314 toolchain (C:\Program Files (x86)\Microsoft Visual Studio\2019\Enterprise\VC\Tools\MSVC\14.24.28314) and Windows 10.0.18362.0 SDK (C:\Program Files (x86)\Windows Kits\10).
[2020.09.21-02.20.17:513][889]CompilerResultsLog: Building 16 actions with 8 processes...
[2020.09.21-02.20.17:513][889]CompilerResultsLog:   [1/16] EnemyState.cpp
[2020.09.21-02.20.17:513][889]CompilerResultsLog:   [2/16] GhoulsAndGoodies.init.gen.cpp
[2020.09.21-02.20.17:513][889]CompilerResultsLog:   [3/16] EnemyState.gen.cpp
[2020.09.21-02.20.17:513][889]CompilerResultsLog:   [4/16] Marvin.gen.cpp
[2020.09.21-02.20.17:513][889]CompilerResultsLog:   [5/16] Grace.gen.cpp
[2020.09.21-02.20.17:513][889]CompilerResultsLog:   [6/16] Esqueleto.gen.cpp
[2020.09.21-02.20.17:513][889]CompilerResultsLog:   [7/16] EnemyUnit.gen.cpp
[2020.09.21-02.20.17:513][889]CompilerResultsLog:   [8/16] Esqueleto.cpp
[2020.09.21-02.20.17:514][889]CompilerResultsLog:   [9/16] Grace.cpp
[2020.09.21-02.20.17:514][889]CompilerResultsLog:   [10/16] EnemySpawn.cpp
[2020.09.21-02.20.17:514][889]CompilerResultsLog:   [11/16] Marvin.cpp
[2020.09.21-02.20.17:514][889]CompilerResultsLog:   [12/16] EnemyAIController.cpp
[2020.09.21-02.20.17:514][889]CompilerResultsLog:   [13/16] EnemyUnit.cpp
[2020.09.21-02.20.17:514][889]CompilerResultsLog:   [14/16] UE4Editor-GhoulsAndGoodies-0541.lib
[2020.09.21-02.20.17:514][889]CompilerResultsLog:      Creating library C:\Users\s181813\Documents\GitHub\GhoulsAndGoblins\GhoulsAndGoodies\Intermediate\Build\Win64\UE4Editor\Development\GhoulsAndGoodies\UE4Editor-GhoulsAndGoodies-0541.lib and object C:\Users\s181813\Documents\GitHub\GhoulsAndGoblins\GhoulsAndGoodies\Intermediate\Build\Win64\UE4Editor\Development\GhoulsAndGoodies\UE4Editor-GhoulsAndGoodies-0541.exp
[2020.09.21-02.20.17:514][889]CompilerResultsLog:   [15/16] UE4Editor-GhoulsAndGoodies-0541.dll
[2020.09.21-02.20.17:514][889]CompilerResultsLog:      Creating library C:\Users\s181813\Documents\GitHub\GhoulsAndGoblins\GhoulsAndGoodies\Intermediate\Build\Win64\UE4Editor\Development\GhoulsAndGoodies\UE4Editor-GhoulsAndGoodies-0541.suppressed.lib and object C:\Users\s181813\Documents\GitHub\GhoulsAndGoblins\GhoulsAndGoodies\Intermediate\Build\Win64\UE4Editor\Development\GhoulsAndGoodies\UE4Editor-GhoulsAndGoodies-0541.suppressed.exp
[2020.09.21-02.20.17:514][889]CompilerResultsLog:   [16/16] GhoulsAndGoodiesEditor.target
[2020.09.21-02.20.17:514][889]CompilerResultsLog: Total time in Parallel executor: 9.73 seconds
[2020.09.21-02.20.17:515][889]CompilerResultsLog: Total execution time: 39.88 seconds
[2020.09.21-02.20.17:515][889]LogMainFrame: MainFrame: Module compiling took 40.190 seconds
[2020.09.21-02.20.17:542][889]LogUObjectHash: Compacting FUObjectHashTables data took   2.62ms
[2020.09.21-02.20.17:557][889]LogContentBrowser: Native class hierarchy populated in 0.0107 seconds. Added 2887 classes and 685 folders.
[2020.09.21-02.20.17:563][889]Display: HotReload took 40.3s.
[2020.09.21-02.28.01:615][435]LogUObjectHash: Compacting FUObjectHashTables data took   1.56ms
[2020.09.21-02.28.01:615][435]LogFileHelpers: Editor autosave (incl. sublevels) for '/Game/TopDownCPP/Maps/TopDownExampleMap' took 0.024
[2020.09.21-02.28.01:618][435]OBJ SavePackage: Generating thumbnails for [0] asset(s) in package [/Game/TopDownCPP/AI/EnemyBehTree] ([1] browsable assets)...
[2020.09.21-02.28.01:618][435]OBJ SavePackage: Finished generating thumbnails for package [/Game/TopDownCPP/AI/EnemyBehTree]
[2020.09.21-02.28.01:627][435]LogSavePackage: Moving '../../../../../../Users/s181813/Documents/GitHub/GhoulsAndGoblins/GhoulsAndGoodies/Saved/EnemyBehTree_Auto25646E14B45E8A5DF78161E9CC5A8E8CE.tmp' to '../../../../../../Users/s181813/Documents/GitHub/GhoulsAndGoblins/GhoulsAndGoodies/Saved/Autosaves/Game/TopDownCPP/AI/EnemyBehTree_Auto2.uasset'
[2020.09.21-02.28.01:628][435]LogFileHelpers: Auto-saving content packages took 0.012
[2020.09.21-02.28.06:450][  8]LogSlate: Prevented a slow task dialog from being summoned while a context menu was open
[2020.09.21-02.30.08:374][527]LogBehaviorTree: Warning: Blackboard Based Condition[1]> Failed to find key 'EnumKey' in BB asset BlackboardData /Game/TopDownCPP/AI/EnemyBlackBoard.EnemyBlackBoard. BB Key Selector will be set to 'Invalid'
[2020.09.21-02.30.08:408][527]LogSavePackage: Moving '../../../../../../Users/s181813/Documents/GitHub/GhoulsAndGoblins/GhoulsAndGoodies/Saved/EnemyBlackBoard1C03EC4542D7A91F2A95B4A696DB4B85.tmp' to '../../../../../../Users/s181813/Documents/GitHub/GhoulsAndGoblins/GhoulsAndGoodies/Content/TopDownCPP/AI/EnemyBlackBoard.uasset'
[2020.09.21-02.30.08:430][527]LogSavePackage: Moving '../../../../../../Users/s181813/Documents/GitHub/GhoulsAndGoblins/GhoulsAndGoodies/Saved/EnemyBehTree2DA067EC4DADFDA831AB0384A90C27F0.tmp' to '../../../../../../Users/s181813/Documents/GitHub/GhoulsAndGoblins/GhoulsAndGoodies/Content/TopDownCPP/AI/EnemyBehTree.uasset'
[2020.09.21-02.30.09:642][668]LogBehaviorTree: Warning: Blackboard Based Condition[1]> Failed to find key 'EnumKey' in BB asset BlackboardData /Game/TopDownCPP/AI/EnemyBlackBoard.EnemyBlackBoard. BB Key Selector will be set to 'Invalid'
[2020.09.21-02.38.01:928][183]LogUObjectHash: Compacting FUObjectHashTables data took   1.61ms
[2020.09.21-02.38.01:929][183]LogFileHelpers: Editor autosave (incl. sublevels) for '/Game/TopDownCPP/Maps/TopDownExampleMap' took 0.024
[2020.09.21-02.38.01:931][183]OBJ SavePackage: Generating thumbnails for [0] asset(s) in package [/Game/TopDownCPP/AI/EnemyBehTree] ([1] browsable assets)...
[2020.09.21-02.38.01:931][183]OBJ SavePackage: Finished generating thumbnails for package [/Game/TopDownCPP/AI/EnemyBehTree]
[2020.09.21-02.38.01:942][183]LogSavePackage: Moving '../../../../../../Users/s181813/Documents/GitHub/GhoulsAndGoblins/GhoulsAndGoodies/Saved/EnemyBehTree_Auto3B7E778164CDDDF2C1B25DEB339E5529D.tmp' to '../../../../../../Users/s181813/Documents/GitHub/GhoulsAndGoblins/GhoulsAndGoodies/Saved/Autosaves/Game/TopDownCPP/AI/EnemyBehTree_Auto3.uasset'
[2020.09.21-02.38.01:943][183]LogFileHelpers: Auto-saving content packages took 0.012
[2020.09.21-03.46.35:018][558]LogBehaviorTree: Warning: Blackboard Based Condition[1]> Failed to find key 'AttackState' in BB asset BlackboardData /Game/TopDownCPP/AI/EnemyBlackBoard.EnemyBlackBoard. BB Key Selector will be set to 'Invalid'
[2020.09.21-03.47.01:295][671]LogSavePackage: Moving '../../../../../../Users/s181813/Documents/GitHub/GhoulsAndGoblins/GhoulsAndGoodies/Saved/EnemyBlackBoard477DBF5E41A9E2FEC72DC8859F675502.tmp' to '../../../../../../Users/s181813/Documents/GitHub/GhoulsAndGoblins/GhoulsAndGoodies/Content/TopDownCPP/AI/EnemyBlackBoard.uasset'
[2020.09.21-03.47.01:320][671]LogSavePackage: Moving '../../../../../../Users/s181813/Documents/GitHub/GhoulsAndGoblins/GhoulsAndGoodies/Saved/EnemyBehTree6D48C40D46282850D832B3AC7BA080BE.tmp' to '../../../../../../Users/s181813/Documents/GitHub/GhoulsAndGoblins/GhoulsAndGoodies/Content/TopDownCPP/AI/EnemyBehTree.uasset'
[2020.09.21-03.48.36:190][636]LogEditor: Attempting to add actor of class 'Marvin' to level at -2920.00,1340.00,1378.00
[2020.09.21-03.48.37:331][760]LogEditor: Attempting to add actor of class 'Marvin' to level at -1980.00,720.00,388.00
[2020.09.21-03.48.40:081][ 25]Cmd: TRANSACTION UNDO
[2020.09.21-03.48.40:081][ 25]LogEditorTransaction: Undo Create Actors
[2020.09.21-03.48.44:036][476]LogSlate: FSceneViewport::OnFocusLost() reason 0
[2020.09.21-03.48.44:157][490]LogSlate: Window 'EnemyBehTree' being destroyed
[2020.09.21-03.49.08:318][866]LogUObjectHash: Compacting FUObjectHashTables data took   1.54ms
[2020.09.21-03.49.08:477][866]LogSavePackage: Moving '../../../../../../Users/s181813/Documents/GitHub/GhoulsAndGoblins/GhoulsAndGoodies/Saved/TopDownExampleMap_Auto4A78DE5A94084403D1CAC0F95C29F5C73.tmp' to '../../../../../../Users/s181813/Documents/GitHub/GhoulsAndGoblins/GhoulsAndGoodies/Saved/Autosaves/Game/TopDownCPP/Maps/TopDownExampleMap_Auto4.umap'
[2020.09.21-03.49.08:485][866]LogFileHelpers: Editor autosave (incl. sublevels) for '/Game/TopDownCPP/Maps/TopDownExampleMap' took 0.191
[2020.09.21-03.49.08:485][866]LogFileHelpers: Editor autosave (incl. sublevels) for all levels took 0.191
[2020.09.21-03.50.01:172][ 24]LogTemp: Repeating last play command: Selected Viewport
[2020.09.21-03.50.01:187][ 24]LogBlueprintUserMessages: Early PlayInEditor Detection: Level '/Game/TopDownCPP/Maps/TopDownExampleMap.TopDownExampleMap:PersistentLevel' has LevelScriptBlueprint '/Game/TopDownCPP/Maps/TopDownExampleMap.TopDownExampleMap:PersistentLevel.TopDownExampleMap' with GeneratedClass '/Game/TopDownCPP/Maps/TopDownExampleMap.TopDownExampleMap_C' with ClassGeneratedBy '/Game/TopDownCPP/Maps/TopDownExampleMap.TopDownExampleMap:PersistentLevel.TopDownExampleMap'
[2020.09.21-03.50.01:187][ 24]LogPlayLevel: PlayLevel: No blueprints needed recompiling
[2020.09.21-03.50.01:187][ 24]PIE: New page: PIE session: TopDownExampleMap (21 Sep 2020 11:50:01 pm)
[2020.09.21-03.50.01:187][ 24]LogPlayLevel: Creating play world package: /Game/TopDownCPP/Maps/UEDPIE_0_TopDownExampleMap
[2020.09.21-03.50.01:220][ 24]LogPlayLevel: PIE: StaticDuplicateObject took: (0.032702s)
[2020.09.21-03.50.01:222][ 24]LogAIModule: Creating AISystem for world TopDownExampleMap
[2020.09.21-03.50.01:222][ 24]LogPlayLevel: PIE: World Init took: (0.001383s)
[2020.09.21-03.50.01:222][ 24]LogPlayLevel: PIE: Created PIE world by copying editor world from /Game/TopDownCPP/Maps/TopDownExampleMap.TopDownExampleMap to /Game/TopDownCPP/Maps/UEDPIE_0_TopDownExampleMap.TopDownExampleMap (0.034629s)
[2020.09.21-03.50.01:253][ 24]LogUObjectHash: Compacting FUObjectHashTables data took   3.49ms
[2020.09.21-03.50.01:264][ 24]LogInit: XAudio2 using 'Speakers (Realtek High Definition Audio)' : 2 channels at 48 kHz using 32 bits per sample (channel mask 0x3)
[2020.09.21-03.50.01:289][ 24]LogInit: FAudioDevice initialized.
[2020.09.21-03.50.01:297][ 24]LogLoad: Game class is 'GhoulsAndGoodiesGameMode'
[2020.09.21-03.50.01:298][ 24]LogWorld: Bringing World /Game/TopDownCPP/Maps/UEDPIE_0_TopDownExampleMap.TopDownExampleMap up for play (max tick rate 0) at 2020.09.21-13.50.01
[2020.09.21-03.50.01:299][ 24]LogWorld: Bringing up level for play took: 0.001304
[2020.09.21-03.50.01:299][ 24]LogOnline: OSS: Creating online subsystem instance for: :Context_13
[2020.09.21-03.50.01:302][ 24]LogActor: Warning: GNGPawn /Game/TopDownCPP/Maps/UEDPIE_0_TopDownExampleMap.TopDownExampleMap:PersistentLevel.GNGPawn_0 has natively added scene component(s), but none of them were set as the actor's RootComponent - picking one arbitrarily
[2020.09.21-03.50.01:313][ 24]PIE: Play in editor start time for /Game/TopDownCPP/Maps/UEDPIE_0_TopDownExampleMap 0.997
[2020.09.21-03.50.01:313][ 24]LogBlueprintUserMessages: Late PlayInEditor Detection: Level '/Game/TopDownCPP/Maps/TopDownExampleMap.TopDownExampleMap:PersistentLevel' has LevelScriptBlueprint '/Game/TopDownCPP/Maps/TopDownExampleMap.TopDownExampleMap:PersistentLevel.TopDownExampleMap' with GeneratedClass '/Game/TopDownCPP/Maps/TopDownExampleMap.TopDownExampleMap_C' with ClassGeneratedBy '/Game/TopDownCPP/Maps/TopDownExampleMap.TopDownExampleMap:PersistentLevel.TopDownExampleMap'
[2020.09.21-03.50.04:361][357]LogSlate: FSceneViewport::OnFocusLost() reason 0
[2020.09.21-03.50.12:766][365]LogBlueprintUserMessages: Early EndPlayMap Detection: Level '/Game/TopDownCPP/Maps/TopDownExampleMap.TopDownExampleMap:PersistentLevel' has LevelScriptBlueprint '/Game/TopDownCPP/Maps/TopDownExampleMap.TopDownExampleMap:PersistentLevel.TopDownExampleMap' with GeneratedClass '/Game/TopDownCPP/Maps/TopDownExampleMap.TopDownExampleMap_C' with ClassGeneratedBy '/Game/TopDownCPP/Maps/TopDownExampleMap.TopDownExampleMap:PersistentLevel.TopDownExampleMap'
[2020.09.21-03.50.12:767][365]LogSlate: Updating window title bar state: overlay mode, drag disabled, window buttons hidden, title bar hidden
[2020.09.21-03.50.12:767][365]LogWorld: BeginTearingDown for /Game/TopDownCPP/Maps/UEDPIE_0_TopDownExampleMap
[2020.09.21-03.50.12:768][365]LogWorld: UWorld::CleanupWorld for TopDownExampleMap, bSessionEnded=true, bCleanupResources=true
[2020.09.21-03.50.12:786][365]LogPlayLevel: Display: Shutting down PIE online subsystems
[2020.09.21-03.50.12:786][365]LogBlueprintUserMessages: Late EndPlayMap Detection: Level '/Game/TopDownCPP/Maps/TopDownExampleMap.TopDownExampleMap:PersistentLevel' has LevelScriptBlueprint '/Game/TopDownCPP/Maps/TopDownExampleMap.TopDownExampleMap:PersistentLevel.TopDownExampleMap' with GeneratedClass '/Game/TopDownCPP/Maps/TopDownExampleMap.TopDownExampleMap_C' with ClassGeneratedBy '/Game/TopDownCPP/Maps/TopDownExampleMap.TopDownExampleMap:PersistentLevel.TopDownExampleMap'
[2020.09.21-03.50.12:813][365]LogSlate: Updating window title bar state: overlay mode, drag disabled, window buttons hidden, title bar hidden
[2020.09.21-03.50.12:817][365]LogUObjectHash: Compacting FUObjectHashTables data took   1.82ms
[2020.09.21-03.50.12:869][370]LogPlayLevel: Display: Destroying online subsystem :Context_13
