Log file open, 09/02/20 11:52:33
LogWindows: Failed to load 'aqProf.dll' (GetLastError=126)
LogWindows: File 'aqProf.dll' does not exist
LogWindows: Failed to load 'VtuneApi.dll' (GetLastError=126)
LogWindows: File 'VtuneApi.dll' does not exist
LogWindows: Failed to load 'VtuneApi32e.dll' (GetLastError=126)
LogWindows: File 'VtuneApi32e.dll' does not exist
LogConsoleResponse: Display: Failed to find resolution value strings in scalability ini. Falling back to default.
LogInit: Display: Running engine for game: GhoulsAndGoodies
LogPlatformFile: Not using cached read wrapper
LogTaskGraph: Started task graph with 5 named threads and 23 total threads with 3 sets of task threads.
LogStats: Stats thread started at 0.209308
LogD3D11RHI: Loaded GFSDK_Aftermath_Lib.x64.dll
LogICUInternationalization: ICU TimeZone Detection - Raw Offset: +10:00, Platform Override: ''
LogPluginManager: Mounting plugin Paper2D
LogPluginManager: Mounting plugin AISupport
LogPluginManager: Mounting plugin LightPropagationVolume
LogPluginManager: Mounting plugin ActorLayerUtilities
LogPluginManager: Mounting plugin AnimationSharing
LogPluginManager: Mounting plugin CLionSourceCodeAccess
LogPluginManager: Mounting plugin CodeLiteSourceCodeAccess
LogPluginManager: Mounting plugin GitSourceControl
LogPluginManager: Mounting plugin KDevelopSourceCodeAccess
LogPluginManager: Mounting plugin NullSourceCodeAccess
LogPluginManager: Mounting plugin PerforceSourceControl
LogPluginManager: Mounting plugin SubversionSourceControl
LogPluginManager: Mounting plugin UObjectPlugin
LogPluginManager: Mounting plugin VisualStudioCodeSourceCodeAccess
LogPluginManager: Mounting plugin VisualStudioSourceCodeAccess
LogPluginManager: Mounting plugin XCodeSourceCodeAccess
LogPluginManager: Mounting plugin AssetManagerEditor
LogPluginManager: Mounting plugin CryptoKeys
LogPluginManager: Mounting plugin CurveEditorTools
LogPluginManager: Mounting plugin DataValidation
LogPluginManager: Mounting plugin FacialAnimation
LogPluginManager: Mounting plugin GameplayTagsEditor
LogPluginManager: Mounting plugin MacGraphicsSwitching
LogPluginManager: Mounting plugin MaterialAnalyzer
LogPluginManager: Mounting plugin MobileLauncherProfileWizard
LogPluginManager: Mounting plugin PluginBrowser
LogPluginManager: Mounting plugin SpeedTreeImporter
LogPluginManager: Mounting plugin DatasmithContent
LogPluginManager: Mounting plugin VariantManagerContent
LogPluginManager: Mounting plugin AlembicImporter
LogPluginManager: Mounting plugin AutomationUtils
LogPluginManager: Mounting plugin BackChannel
LogPluginManager: Mounting plugin CharacterAI
LogPluginManager: Mounting plugin GeometryCache
LogPluginManager: Mounting plugin HTML5Networking
LogPluginManager: Mounting plugin PlatformCrypto
LogPluginManager: Mounting plugin ProxyLODPlugin
LogPluginManager: Mounting plugin SkeletalReduction
LogPluginManager: Mounting plugin MagicLeap
LogPluginManager: Mounting plugin MagicLeapMedia
LogPluginManager: Mounting plugin AndroidMedia
LogPluginManager: Mounting plugin AvfMedia
LogPluginManager: Mounting plugin ImgMedia
LogPluginManager: Mounting plugin MediaCompositing
LogPluginManager: Mounting plugin MediaPlayerEditor
LogPluginManager: Mounting plugin WebMMedia
LogPluginManager: Mounting plugin WmfMedia
LogPluginManager: Mounting plugin TcpMessaging
LogPluginManager: Mounting plugin UdpMessaging
LogPluginManager: Mounting plugin ActorSequence
LogPluginManager: Mounting plugin LevelSequenceEditor
LogPluginManager: Mounting plugin MatineeToLevelSequence
LogPluginManager: Mounting plugin NetcodeUnitTest
LogPluginManager: Mounting plugin NUTUnrealEngine4
LogPluginManager: Mounting plugin OnlineSubsystemGooglePlay
LogPluginManager: Mounting plugin OnlineSubsystemIOS
LogPluginManager: Mounting plugin OnlineSubsystem
LogPluginManager: Mounting plugin OnlineSubsystemNull
LogPluginManager: Mounting plugin OnlineSubsystemUtils
LogPluginManager: Mounting plugin LauncherChunkInstaller
LogPluginManager: Mounting plugin AndroidDeviceProfileSelector
LogPluginManager: Mounting plugin AndroidMoviePlayer
LogPluginManager: Mounting plugin AndroidPermission
LogPluginManager: Mounting plugin AppleImageUtils
LogPluginManager: Mounting plugin AppleMoviePlayer
LogPluginManager: Mounting plugin ArchVisCharacter
LogPluginManager: Mounting plugin AudioCapture
LogPluginManager: Mounting plugin CableComponent
LogPluginManager: Mounting plugin CustomMeshComponent
LogPluginManager: Mounting plugin EditableMesh
LogPluginManager: Mounting plugin ExampleDeviceProfileSelector
LogPluginManager: Mounting plugin GoogleCloudMessaging
LogPluginManager: Mounting plugin IOSDeviceProfileSelector
LogPluginManager: Mounting plugin LinuxDeviceProfileSelector
LogPluginManager: Mounting plugin LocationServicesBPLibrary
LogPluginManager: Mounting plugin MobilePatchingUtils
LogPluginManager: Mounting plugin OculusVR
LogPluginManager: Mounting plugin PhysXVehicles
LogPluginManager: Mounting plugin ProceduralMeshComponent
LogPluginManager: Mounting plugin RuntimePhysXCooking
LogPluginManager: Mounting plugin SignificanceManager
LogPluginManager: Mounting plugin SteamVR
LogPluginManager: Mounting plugin WebMMoviePlayer
LogPluginManager: Mounting plugin WindowsMoviePlayer
LogPluginManager: Mounting plugin ScreenshotTools
LogInit: Using libcurl 7.55.1-DEV
LogInit:  - built for x86_64-pc-win32
LogInit:  - supports SSL with OpenSSL/1.1.1
LogInit:  - supports HTTP deflate (compression) using libz 1.2.8
LogInit:  - other features:
LogInit:      CURL_VERSION_SSL
LogInit:      CURL_VERSION_LIBZ
LogInit:      CURL_VERSION_IPV6
LogInit:      CURL_VERSION_ASYNCHDNS
LogInit:      CURL_VERSION_LARGEFILE
LogInit:      CURL_VERSION_IDN
LogInit:  CurlRequestOptions (configurable via config and command line):
LogInit:  - bVerifyPeer = true  - Libcurl will verify peer certificate
LogInit:  - bUseHttpProxy = false  - Libcurl will NOT use HTTP proxy
LogInit:  - bDontReuseConnections = false  - Libcurl will reuse connections
LogInit:  - MaxHostConnections = 16  - Libcurl will limit the number of connections to a host
LogInit:  - LocalHostAddr = Default
LogInit:  - BufferSize = 65536
LogOnline: OSS: Creating online subsystem instance for: NULL
LogInit: WinSock: version 1.1 (2.2), MaxSocks=32767, MaxUdp=65467
LogInit: Build: ++UE4+Release-4.23-CL-9631420
LogInit: Engine Version: 4.23.1-9631420+++UE4+Release-4.23
LogInit: Compatible Engine Version: 4.23.0-8386587+++UE4+Release-4.23
LogInit: Net CL: 8386587
LogInit: OS: Windows 10 (Release 1909) (), CPU: Intel(R) Core(TM) i7-4770 CPU @ 3.40GHz, GPU: NVIDIA GeForce GTX 770
LogInit: Compiled (64-bit): Oct 18 2019 02:07:44
LogInit: Compiled with Visual C++: 19.16.27030.01
LogInit: Build Configuration: Development
LogInit: Branch Name: ++UE4+Release-4.23
LogInit: Command Line:  -skipcompile
LogInit: Base Directory: C:/Program Files/Epic Games/UE_4.23/Engine/Binaries/Win64/
LogInit: Installed Engine Build: 1
LogDevObjectVersion: Number of dev versions registered: 23
LogDevObjectVersion:   Dev-Blueprints (B0D832E4-1F89-4F0D-ACCF-7EB736FD4AA2): 10
LogDevObjectVersion:   Dev-Build (E1C64328-A22C-4D53-A36C-8E866417BD8C): 0
LogDevObjectVersion:   Dev-Core (375EC13C-06E4-48FB-B500-84F0262A717E): 3
LogDevObjectVersion:   Dev-Editor (E4B068ED-F494-42E9-A231-DA0B2E46BB41): 34
LogDevObjectVersion:   Dev-Framework (CFFC743F-43B0-4480-9391-14DF171D2073): 35
LogDevObjectVersion:   Dev-Mobile (B02B49B5-BB20-44E9-A304-32B752E40360): 2
LogDevObjectVersion:   Dev-Networking (A4E4105C-59A1-49B5-A7C5-40C4547EDFEE): 0
LogDevObjectVersion:   Dev-Online (39C831C9-5AE6-47DC-9A44-9C173E1C8E7C): 0
LogDevObjectVersion:   Dev-Physics (78F01B33-EBEA-4F98-B9B4-84EACCB95AA2): 0
LogDevObjectVersion:   Dev-Platform (6631380F-2D4D-43E0-8009-CF276956A95A): 0
LogDevObjectVersion:   Dev-Rendering (12F88B9F-8875-4AFC-A67C-D90C383ABD29): 31
LogDevObjectVersion:   Dev-Sequencer (7B5AE74C-D270-4C10-A958-57980B212A5A): 11
LogDevObjectVersion:   Dev-VR (D7296918-1DD6-4BDD-9DE2-64A83CC13884): 2
LogDevObjectVersion:   Dev-LoadTimes (C2A15278-BFE7-4AFE-6C17-90FF531DF755): 1
LogDevObjectVersion:   Private-Geometry (6EACA3D4-40EC-4CC1-B786-8BED09428FC5): 3
LogDevObjectVersion:   Dev-AnimPhys (29E575DD-E0A3-4627-9D10-D276232CDCEA): 17
LogDevObjectVersion:   Dev-Anim (AF43A65D-7FD3-4947-9873-3E8ED9C1BB05): 2
LogDevObjectVersion:   Dev-ReflectionCapture (6B266CEC-1EC7-4B8F-A30B-E4D90942FC07): 1
LogDevObjectVersion:   Dev-Automation (0DF73D61-A23F-47EA-B727-89E90C41499A): 1
LogDevObjectVersion:   FortniteMain (601D1886-AC64-4F84-AA16-D3DE0DEAC7D6): 27
LogDevObjectVersion:   Dev-Enterprise (9DFFBCD6-494F-0158-E221-12823C92A888): 6
LogDevObjectVersion:   Dev-Niagara (F2AED0AC-9AFE-416F-8664-AA7FFA26D6FC): 1
LogDevObjectVersion:   Dev-Destruction (174F1F0B-B4C6-45A5-B13F-2EE8D0FB917D): 9
LogInit: Presizing for max 16777216 objects, including 0 objects not considered by GC, pre-allocating 0 bytes for permanent pool.
LogInit: Object subsystem initialized
LogConfig: Setting CVar [[con.DebugEarlyDefault:1]]
LogConfig: Setting CVar [[r.setres:1280x720]]
[2020.09.02-01.52.34:260][  0]LogConfig: Setting CVar [[r.VSync:0]]
[2020.09.02-01.52.34:260][  0]LogConfig: Setting CVar [[r.RHICmdBypass:0]]
[2020.09.02-01.52.34:260][  0]LogConfig: Applying CVar settings from Section [/Script/Engine.RendererSettings] File [C:/Users/s181813/Documents/GitHub/GhoulsAndGoblins/GhoulsAndGoodies/Saved/Config/Windows/Engine.ini]
[2020.09.02-01.52.34:260][  0]LogConfig: Setting CVar [[r.GPUCrashDebugging:0]]
[2020.09.02-01.52.34:260][  0]LogConfig: Setting CVar [[r.AllowStaticLighting:0]]
[2020.09.02-01.52.34:260][  0]LogConfig: Applying CVar settings from Section [/Script/Engine.RendererOverrideSettings] File [C:/Users/s181813/Documents/GitHub/GhoulsAndGoblins/GhoulsAndGoodies/Saved/Config/Windows/Engine.ini]
[2020.09.02-01.52.34:260][  0]LogConfig: Applying CVar settings from Section [/Script/Engine.StreamingSettings] File [C:/Users/s181813/Documents/GitHub/GhoulsAndGoblins/GhoulsAndGoodies/Saved/Config/Windows/Engine.ini]
[2020.09.02-01.52.34:260][  0]LogConfig: Setting CVar [[s.MinBulkDataSizeForAsyncLoading:131072]]
[2020.09.02-01.52.34:260][  0]LogConfig: Setting CVar [[s.AsyncLoadingThreadEnabled:0]]
[2020.09.02-01.52.34:260][  0]LogConfig: Setting CVar [[s.EventDrivenLoaderEnabled:1]]
[2020.09.02-01.52.34:260][  0]LogConfig: Setting CVar [[s.WarnIfTimeLimitExceeded:0]]
[2020.09.02-01.52.34:260][  0]LogConfig: Setting CVar [[s.TimeLimitExceededMultiplier:1.5]]
[2020.09.02-01.52.34:260][  0]LogConfig: Setting CVar [[s.TimeLimitExceededMinTime:0.005]]
[2020.09.02-01.52.34:260][  0]LogConfig: Setting CVar [[s.UseBackgroundLevelStreaming:1]]
[2020.09.02-01.52.34:260][  0]LogConfig: Setting CVar [[s.PriorityAsyncLoadingExtraTime:15.0]]
[2020.09.02-01.52.34:260][  0]LogConfig: Setting CVar [[s.LevelStreamingActorsUpdateTimeLimit:5.0]]
[2020.09.02-01.52.34:260][  0]LogConfig: Setting CVar [[s.PriorityLevelStreamingActorsUpdateExtraTime:5.0]]
[2020.09.02-01.52.34:260][  0]LogConfig: Setting CVar [[s.LevelStreamingComponentsRegistrationGranularity:10]]
[2020.09.02-01.52.34:260][  0]LogConfig: Setting CVar [[s.UnregisterComponentsTimeLimit:1.0]]
[2020.09.02-01.52.34:260][  0]LogConfig: Setting CVar [[s.LevelStreamingComponentsUnregistrationGranularity:5]]
[2020.09.02-01.52.34:260][  0]LogConfig: Applying CVar settings from Section [/Script/Engine.GarbageCollectionSettings] File [C:/Users/s181813/Documents/GitHub/GhoulsAndGoblins/GhoulsAndGoodies/Saved/Config/Windows/Engine.ini]
[2020.09.02-01.52.34:260][  0]LogConfig: Setting CVar [[gc.MaxObjectsNotConsideredByGC:1]]
[2020.09.02-01.52.34:260][  0]LogConfig: Setting CVar [[gc.SizeOfPermanentObjectPool:0]]
[2020.09.02-01.52.34:260][  0]LogConfig: Setting CVar [[gc.FlushStreamingOnGC:0]]
[2020.09.02-01.52.34:260][  0]LogConfig: Setting CVar [[gc.NumRetriesBeforeForcingGC:10]]
[2020.09.02-01.52.34:260][  0]LogConfig: Setting CVar [[gc.AllowParallelGC:1]]
[2020.09.02-01.52.34:260][  0]LogConfig: Setting CVar [[gc.TimeBetweenPurgingPendingKillObjects:61.1]]
[2020.09.02-01.52.34:260][  0]LogConfig: Setting CVar [[gc.MaxObjectsInEditor:16777216]]
[2020.09.02-01.52.34:260][  0]LogConfig: Setting CVar [[gc.IncrementalBeginDestroyEnabled:1]]
[2020.09.02-01.52.34:260][  0]LogConfig: Setting CVar [[gc.CreateGCClusters:1]]
[2020.09.02-01.52.34:260][  0]LogConfig: Setting CVar [[gc.MinGCClusterSize:5]]
[2020.09.02-01.52.34:260][  0]LogConfig: Setting CVar [[gc.ActorClusteringEnabled:0]]
[2020.09.02-01.52.34:260][  0]LogConfig: Setting CVar [[gc.BlueprintClusteringEnabled:0]]
[2020.09.02-01.52.34:260][  0]LogConfig: Setting CVar [[gc.UseDisregardForGCOnDedicatedServers:0]]
[2020.09.02-01.52.34:260][  0]LogConfig: Applying CVar settings from Section [/Script/Engine.NetworkSettings] File [C:/Users/s181813/Documents/GitHub/GhoulsAndGoblins/GhoulsAndGoodies/Saved/Config/Windows/Engine.ini]
[2020.09.02-01.52.34:260][  0]LogConfig: Applying CVar settings from Section [/Script/UnrealEd.CookerSettings] File [C:/Users/s181813/Documents/GitHub/GhoulsAndGoblins/GhoulsAndGoodies/Saved/Config/Windows/Engine.ini]
[2020.09.02-01.52.34:275][  0]LogConfig: Applying CVar settings from Section [ViewDistanceQuality@3] File [C:/Users/s181813/Documents/GitHub/GhoulsAndGoblins/GhoulsAndGoodies/Saved/Config/Windows/Scalability.ini]
[2020.09.02-01.52.34:275][  0]LogConfig: Setting CVar [[r.SkeletalMeshLODBias:0]]
[2020.09.02-01.52.34:275][  0]LogConfig: Setting CVar [[r.ViewDistanceScale:1.0]]
[2020.09.02-01.52.34:275][  0]LogConfig: Applying CVar settings from Section [AntiAliasingQuality@3] File [C:/Users/s181813/Documents/GitHub/GhoulsAndGoblins/GhoulsAndGoodies/Saved/Config/Windows/Scalability.ini]
[2020.09.02-01.52.34:275][  0]LogConfig: Setting CVar [[r.PostProcessAAQuality:4]]
[2020.09.02-01.52.34:275][  0]LogConfig: Applying CVar settings from Section [ShadowQuality@3] File [C:/Users/s181813/Documents/GitHub/GhoulsAndGoblins/GhoulsAndGoodies/Saved/Config/Windows/Scalability.ini]
[2020.09.02-01.52.34:275][  0]LogConfig: Setting CVar [[r.LightFunctionQuality:1]]
[2020.09.02-01.52.34:275][  0]LogConfig: Setting CVar [[r.ShadowQuality:5]]
[2020.09.02-01.52.34:275][  0]LogConfig: Setting CVar [[r.Shadow.CSM.MaxCascades:10]]
[2020.09.02-01.52.34:275][  0]LogConfig: Setting CVar [[r.Shadow.MaxResolution:2048]]
[2020.09.02-01.52.34:275][  0]LogConfig: Setting CVar [[r.Shadow.MaxCSMResolution:2048]]
[2020.09.02-01.52.34:275][  0]LogConfig: Setting CVar [[r.Shadow.RadiusThreshold:0.01]]
[2020.09.02-01.52.34:275][  0]LogConfig: Setting CVar [[r.Shadow.DistanceScale:1.0]]
[2020.09.02-01.52.34:275][  0]LogConfig: Setting CVar [[r.Shadow.CSM.TransitionScale:1.0]]
[2020.09.02-01.52.34:275][  0]LogConfig: Setting CVar [[r.Shadow.PreShadowResolutionFactor:1.0]]
[2020.09.02-01.52.34:275][  0]LogConfig: Setting CVar [[r.DistanceFieldShadowing:1]]
[2020.09.02-01.52.34:275][  0]LogConfig: Setting CVar [[r.DistanceFieldAO:1]]
[2020.09.02-01.52.34:275][  0]LogConfig: Setting CVar [[r.AOQuality:2]]
[2020.09.02-01.52.34:275][  0]LogConfig: Setting CVar [[r.VolumetricFog:1]]
[2020.09.02-01.52.34:275][  0]LogConfig: Setting CVar [[r.VolumetricFog.GridPixelSize:8]]
[2020.09.02-01.52.34:275][  0]LogConfig: Setting CVar [[r.VolumetricFog.GridSizeZ:128]]
[2020.09.02-01.52.34:275][  0]LogConfig: Setting CVar [[r.VolumetricFog.HistoryMissSupersampleCount:4]]
[2020.09.02-01.52.34:275][  0]LogConfig: Setting CVar [[r.LightMaxDrawDistanceScale:1]]
[2020.09.02-01.52.34:275][  0]LogConfig: Setting CVar [[r.CapsuleShadows:1]]
[2020.09.02-01.52.34:275][  0]LogConfig: Applying CVar settings from Section [PostProcessQuality@3] File [C:/Users/s181813/Documents/GitHub/GhoulsAndGoblins/GhoulsAndGoodies/Saved/Config/Windows/Scalability.ini]
[2020.09.02-01.52.34:275][  0]LogConfig: Setting CVar [[r.MotionBlurQuality:4]]
[2020.09.02-01.52.34:275][  0]LogConfig: Setting CVar [[r.AmbientOcclusionMipLevelFactor:0.4]]
[2020.09.02-01.52.34:275][  0]LogConfig: Setting CVar [[r.AmbientOcclusionMaxQuality:100]]
[2020.09.02-01.52.34:275][  0]LogConfig: Setting CVar [[r.AmbientOcclusionLevels:-1]]
[2020.09.02-01.52.34:275][  0]LogConfig: Setting CVar [[r.AmbientOcclusionRadiusScale:1.0]]
[2020.09.02-01.52.34:275][  0]LogConfig: Setting CVar [[r.DepthOfFieldQuality:2]]
[2020.09.02-01.52.34:275][  0]LogConfig: Setting CVar [[r.RenderTargetPoolMin:400]]
[2020.09.02-01.52.34:275][  0]LogConfig: Setting CVar [[r.LensFlareQuality:2]]
[2020.09.02-01.52.34:275][  0]LogConfig: Setting CVar [[r.SceneColorFringeQuality:1]]
[2020.09.02-01.52.34:275][  0]LogConfig: Setting CVar [[r.EyeAdaptationQuality:2]]
[2020.09.02-01.52.34:275][  0]LogConfig: Setting CVar [[r.BloomQuality:5]]
[2020.09.02-01.52.34:275][  0]LogConfig: Setting CVar [[r.FastBlurThreshold:100]]
[2020.09.02-01.52.34:275][  0]LogConfig: Setting CVar [[r.Upscale.Quality:3]]
[2020.09.02-01.52.34:275][  0]LogConfig: Setting CVar [[r.Tonemapper.GrainQuantization:1]]
[2020.09.02-01.52.34:275][  0]LogConfig: Setting CVar [[r.LightShaftQuality:1]]
[2020.09.02-01.52.34:275][  0]LogConfig: Setting CVar [[r.Filter.SizeScale:1]]
[2020.09.02-01.52.34:275][  0]LogConfig: Setting CVar [[r.Tonemapper.Quality:5]]
[2020.09.02-01.52.34:275][  0]LogConfig: Setting CVar [[r.DOF.Gather.AccumulatorQuality:1        ; higher gathering accumulator quality]]
[2020.09.02-01.52.34:275][  0]LogConfig: Setting CVar [[r.DOF.Gather.PostfilterMethod:1          ; Median3x3 postfilering method]]
[2020.09.02-01.52.34:275][  0]LogConfig: Setting CVar [[r.DOF.Gather.EnableBokehSettings:0       ; no bokeh simulation when gathering]]
[2020.09.02-01.52.34:275][  0]LogConfig: Setting CVar [[r.DOF.Gather.RingCount:4                 ; medium number of samples when gathering]]
[2020.09.02-01.52.34:275][  0]LogConfig: Setting CVar [[r.DOF.Scatter.ForegroundCompositing:1    ; additive foreground scattering]]
[2020.09.02-01.52.34:275][  0]LogConfig: Setting CVar [[r.DOF.Scatter.BackgroundCompositing:2    ; additive background scattering]]
[2020.09.02-01.52.34:275][  0]LogConfig: Setting CVar [[r.DOF.Scatter.EnableBokehSettings:1      ; bokeh simulation when scattering]]
[2020.09.02-01.52.34:275][  0]LogConfig: Setting CVar [[r.DOF.Scatter.MaxSpriteRatio:0.1         ; only a maximum of 10% of scattered bokeh]]
[2020.09.02-01.52.34:275][  0]LogConfig: Setting CVar [[r.DOF.Recombine.Quality:1                ; cheap slight out of focus]]
[2020.09.02-01.52.34:275][  0]LogConfig: Setting CVar [[r.DOF.Recombine.EnableBokehSettings:0    ; no bokeh simulation on slight out of focus]]
[2020.09.02-01.52.34:275][  0]LogConfig: Setting CVar [[r.DOF.TemporalAAQuality:1                ; more stable temporal accumulation]]
[2020.09.02-01.52.34:275][  0]LogConfig: Setting CVar [[r.DOF.Kernel.MaxForegroundRadius:0.025]]
[2020.09.02-01.52.34:275][  0]LogConfig: Setting CVar [[r.DOF.Kernel.MaxBackgroundRadius:0.025]]
[2020.09.02-01.52.34:275][  0]LogConfig: Applying CVar settings from Section [TextureQuality@3] File [C:/Users/s181813/Documents/GitHub/GhoulsAndGoblins/GhoulsAndGoodies/Saved/Config/Windows/Scalability.ini]
[2020.09.02-01.52.34:275][  0]LogConfig: Setting CVar [[r.Streaming.MipBias:0]]
[2020.09.02-01.52.34:275][  0]LogConfig: Setting CVar [[r.Streaming.AmortizeCPUToGPUCopy:0]]
[2020.09.02-01.52.34:275][  0]LogConfig: Setting CVar [[r.Streaming.MaxNumTexturesToStreamPerFrame:0]]
[2020.09.02-01.52.34:275][  0]LogConfig: Setting CVar [[r.Streaming.Boost:1]]
[2020.09.02-01.52.34:275][  0]LogConfig: Setting CVar [[r.MaxAnisotropy:8]]
[2020.09.02-01.52.34:275][  0]LogConfig: Setting CVar [[r.Streaming.LimitPoolSizeToVRAM:0]]
[2020.09.02-01.52.34:275][  0]LogConfig: Setting CVar [[r.Streaming.PoolSize:1000]]
[2020.09.02-01.52.34:275][  0]LogConfig: Setting CVar [[r.Streaming.MaxEffectiveScreenSize:0]]
[2020.09.02-01.52.34:275][  0]LogConfig: Applying CVar settings from Section [EffectsQuality@3] File [C:/Users/s181813/Documents/GitHub/GhoulsAndGoblins/GhoulsAndGoodies/Saved/Config/Windows/Scalability.ini]
[2020.09.02-01.52.34:275][  0]LogConfig: Setting CVar [[r.TranslucencyLightingVolumeDim:64]]
[2020.09.02-01.52.34:275][  0]LogConfig: Setting CVar [[r.RefractionQuality:2]]
[2020.09.02-01.52.34:275][  0]LogConfig: Setting CVar [[r.SSR.Quality:3]]
[2020.09.02-01.52.34:275][  0]LogConfig: Setting CVar [[r.SceneColorFormat:4]]
[2020.09.02-01.52.34:275][  0]LogConfig: Setting CVar [[r.DetailMode:2]]
[2020.09.02-01.52.34:275][  0]LogConfig: Setting CVar [[r.TranslucencyVolumeBlur:1]]
[2020.09.02-01.52.34:275][  0]LogConfig: Setting CVar [[r.MaterialQualityLevel:1 ; High quality]]
[2020.09.02-01.52.34:275][  0]LogConfig: Setting CVar [[r.SSS.Scale:1]]
[2020.09.02-01.52.34:275][  0]LogConfig: Setting CVar [[r.SSS.SampleSet:2]]
[2020.09.02-01.52.34:275][  0]LogConfig: Setting CVar [[r.SSS.Quality:1]]
[2020.09.02-01.52.34:275][  0]LogConfig: Setting CVar [[r.SSS.HalfRes:1]]
[2020.09.02-01.52.34:275][  0]LogConfig: Setting CVar [[r.EmitterSpawnRateScale:1.0]]
[2020.09.02-01.52.34:275][  0]LogConfig: Setting CVar [[r.ParticleLightQuality:2]]
[2020.09.02-01.52.34:275][  0]LogConfig: Applying CVar settings from Section [FoliageQuality@3] File [C:/Users/s181813/Documents/GitHub/GhoulsAndGoblins/GhoulsAndGoodies/Saved/Config/Windows/Scalability.ini]
[2020.09.02-01.52.34:275][  0]LogConfig: Setting CVar [[foliage.DensityScale:1.0]]
[2020.09.02-01.52.34:275][  0]LogConfig: Setting CVar [[grass.DensityScale:1.0]]
[2020.09.02-01.52.34:275][  0]LogInit: Selected Device Profile: [Windows]
[2020.09.02-01.52.34:275][  0]LogInit: Applying CVar settings loaded from the selected device profile: [Windows]
[2020.09.02-01.52.34:275][  0]LogHAL: Display: Platform has ~ 32 GB [34241372160 / 34359738368 / 32], which maps to Largest [LargestMinGB=32, LargerMinGB=12, DefaultMinGB=8, SmallerMinGB=6, SmallestMinGB=0)
[2020.09.02-01.52.34:275][  0]LogInit: Going up to parent DeviceProfile []
[2020.09.02-01.52.34:275][  0]LogConfig: Applying CVar settings from Section [ViewDistanceQuality@3] File [C:/Users/s181813/Documents/GitHub/GhoulsAndGoblins/GhoulsAndGoodies/Saved/Config/Windows/Scalability.ini]
[2020.09.02-01.52.34:275][  0]LogConfig: Setting CVar [[r.SkeletalMeshLODBias:0]]
[2020.09.02-01.52.34:275][  0]LogConfig: Setting CVar [[r.ViewDistanceScale:1.0]]
[2020.09.02-01.52.34:275][  0]LogConfig: Applying CVar settings from Section [AntiAliasingQuality@3] File [C:/Users/s181813/Documents/GitHub/GhoulsAndGoblins/GhoulsAndGoodies/Saved/Config/Windows/Scalability.ini]
[2020.09.02-01.52.34:275][  0]LogConfig: Setting CVar [[r.PostProcessAAQuality:4]]
[2020.09.02-01.52.34:275][  0]LogConfig: Applying CVar settings from Section [ShadowQuality@3] File [C:/Users/s181813/Documents/GitHub/GhoulsAndGoblins/GhoulsAndGoodies/Saved/Config/Windows/Scalability.ini]
[2020.09.02-01.52.34:275][  0]LogConfig: Setting CVar [[r.LightFunctionQuality:1]]
[2020.09.02-01.52.34:275][  0]LogConfig: Setting CVar [[r.ShadowQuality:5]]
[2020.09.02-01.52.34:275][  0]LogConfig: Setting CVar [[r.Shadow.CSM.MaxCascades:10]]
[2020.09.02-01.52.34:275][  0]LogConfig: Setting CVar [[r.Shadow.MaxResolution:2048]]
[2020.09.02-01.52.34:275][  0]LogConfig: Setting CVar [[r.Shadow.MaxCSMResolution:2048]]
[2020.09.02-01.52.34:275][  0]LogConfig: Setting CVar [[r.Shadow.RadiusThreshold:0.01]]
[2020.09.02-01.52.34:275][  0]LogConfig: Setting CVar [[r.Shadow.DistanceScale:1.0]]
[2020.09.02-01.52.34:275][  0]LogConfig: Setting CVar [[r.Shadow.CSM.TransitionScale:1.0]]
[2020.09.02-01.52.34:275][  0]LogConfig: Setting CVar [[r.Shadow.PreShadowResolutionFactor:1.0]]
[2020.09.02-01.52.34:275][  0]LogConfig: Setting CVar [[r.DistanceFieldShadowing:1]]
[2020.09.02-01.52.34:275][  0]LogConfig: Setting CVar [[r.DistanceFieldAO:1]]
[2020.09.02-01.52.34:275][  0]LogConfig: Setting CVar [[r.AOQuality:2]]
[2020.09.02-01.52.34:275][  0]LogConfig: Setting CVar [[r.VolumetricFog:1]]
[2020.09.02-01.52.34:275][  0]LogConfig: Setting CVar [[r.VolumetricFog.GridPixelSize:8]]
[2020.09.02-01.52.34:275][  0]LogConfig: Setting CVar [[r.VolumetricFog.GridSizeZ:128]]
[2020.09.02-01.52.34:275][  0]LogConfig: Setting CVar [[r.VolumetricFog.HistoryMissSupersampleCount:4]]
[2020.09.02-01.52.34:275][  0]LogConfig: Setting CVar [[r.LightMaxDrawDistanceScale:1]]
[2020.09.02-01.52.34:275][  0]LogConfig: Setting CVar [[r.CapsuleShadows:1]]
[2020.09.02-01.52.34:275][  0]LogConfig: Applying CVar settings from Section [PostProcessQuality@3] File [C:/Users/s181813/Documents/GitHub/GhoulsAndGoblins/GhoulsAndGoodies/Saved/Config/Windows/Scalability.ini]
[2020.09.02-01.52.34:275][  0]LogConfig: Setting CVar [[r.MotionBlurQuality:4]]
[2020.09.02-01.52.34:275][  0]LogConfig: Setting CVar [[r.AmbientOcclusionMipLevelFactor:0.4]]
[2020.09.02-01.52.34:275][  0]LogConfig: Setting CVar [[r.AmbientOcclusionMaxQuality:100]]
[2020.09.02-01.52.34:275][  0]LogConfig: Setting CVar [[r.AmbientOcclusionLevels:-1]]
[2020.09.02-01.52.34:275][  0]LogConfig: Setting CVar [[r.AmbientOcclusionRadiusScale:1.0]]
[2020.09.02-01.52.34:275][  0]LogConfig: Setting CVar [[r.DepthOfFieldQuality:2]]
[2020.09.02-01.52.34:275][  0]LogConfig: Setting CVar [[r.RenderTargetPoolMin:400]]
[2020.09.02-01.52.34:275][  0]LogConfig: Setting CVar [[r.LensFlareQuality:2]]
[2020.09.02-01.52.34:275][  0]LogConfig: Setting CVar [[r.SceneColorFringeQuality:1]]
[2020.09.02-01.52.34:275][  0]LogConfig: Setting CVar [[r.EyeAdaptationQuality:2]]
[2020.09.02-01.52.34:275][  0]LogConfig: Setting CVar [[r.BloomQuality:5]]
[2020.09.02-01.52.34:275][  0]LogConfig: Setting CVar [[r.FastBlurThreshold:100]]
[2020.09.02-01.52.34:275][  0]LogConfig: Setting CVar [[r.Upscale.Quality:3]]
[2020.09.02-01.52.34:275][  0]LogConfig: Setting CVar [[r.Tonemapper.GrainQuantization:1]]
[2020.09.02-01.52.34:275][  0]LogConfig: Setting CVar [[r.LightShaftQuality:1]]
[2020.09.02-01.52.34:275][  0]LogConfig: Setting CVar [[r.Filter.SizeScale:1]]
[2020.09.02-01.52.34:275][  0]LogConfig: Setting CVar [[r.Tonemapper.Quality:5]]
[2020.09.02-01.52.34:275][  0]LogConfig: Setting CVar [[r.DOF.Gather.AccumulatorQuality:1        ; higher gathering accumulator quality]]
[2020.09.02-01.52.34:275][  0]LogConfig: Setting CVar [[r.DOF.Gather.PostfilterMethod:1          ; Median3x3 postfilering method]]
[2020.09.02-01.52.34:275][  0]LogConfig: Setting CVar [[r.DOF.Gather.EnableBokehSettings:0       ; no bokeh simulation when gathering]]
[2020.09.02-01.52.34:275][  0]LogConfig: Setting CVar [[r.DOF.Gather.RingCount:4                 ; medium number of samples when gathering]]
[2020.09.02-01.52.34:275][  0]LogConfig: Setting CVar [[r.DOF.Scatter.ForegroundCompositing:1    ; additive foreground scattering]]
[2020.09.02-01.52.34:275][  0]LogConfig: Setting CVar [[r.DOF.Scatter.BackgroundCompositing:2    ; additive background scattering]]
[2020.09.02-01.52.34:275][  0]LogConfig: Setting CVar [[r.DOF.Scatter.EnableBokehSettings:1      ; bokeh simulation when scattering]]
[2020.09.02-01.52.34:275][  0]LogConfig: Setting CVar [[r.DOF.Scatter.MaxSpriteRatio:0.1         ; only a maximum of 10% of scattered bokeh]]
[2020.09.02-01.52.34:275][  0]LogConfig: Setting CVar [[r.DOF.Recombine.Quality:1                ; cheap slight out of focus]]
[2020.09.02-01.52.34:275][  0]LogConfig: Setting CVar [[r.DOF.Recombine.EnableBokehSettings:0    ; no bokeh simulation on slight out of focus]]
[2020.09.02-01.52.34:275][  0]LogConfig: Setting CVar [[r.DOF.TemporalAAQuality:1                ; more stable temporal accumulation]]
[2020.09.02-01.52.34:275][  0]LogConfig: Setting CVar [[r.DOF.Kernel.MaxForegroundRadius:0.025]]
[2020.09.02-01.52.34:275][  0]LogConfig: Setting CVar [[r.DOF.Kernel.MaxBackgroundRadius:0.025]]
[2020.09.02-01.52.34:275][  0]LogConfig: Applying CVar settings from Section [TextureQuality@3] File [C:/Users/s181813/Documents/GitHub/GhoulsAndGoblins/GhoulsAndGoodies/Saved/Config/Windows/Scalability.ini]
[2020.09.02-01.52.34:291][  0]LogConfig: Setting CVar [[r.Streaming.MipBias:0]]
[2020.09.02-01.52.34:291][  0]LogConfig: Setting CVar [[r.Streaming.AmortizeCPUToGPUCopy:0]]
[2020.09.02-01.52.34:291][  0]LogConfig: Setting CVar [[r.Streaming.MaxNumTexturesToStreamPerFrame:0]]
[2020.09.02-01.52.34:291][  0]LogConfig: Setting CVar [[r.Streaming.Boost:1]]
[2020.09.02-01.52.34:291][  0]LogConfig: Setting CVar [[r.MaxAnisotropy:8]]
[2020.09.02-01.52.34:291][  0]LogConfig: Setting CVar [[r.Streaming.LimitPoolSizeToVRAM:0]]
[2020.09.02-01.52.34:291][  0]LogConfig: Setting CVar [[r.Streaming.PoolSize:1000]]
[2020.09.02-01.52.34:291][  0]LogConfig: Setting CVar [[r.Streaming.MaxEffectiveScreenSize:0]]
[2020.09.02-01.52.34:291][  0]LogConfig: Applying CVar settings from Section [EffectsQuality@3] File [C:/Users/s181813/Documents/GitHub/GhoulsAndGoblins/GhoulsAndGoodies/Saved/Config/Windows/Scalability.ini]
[2020.09.02-01.52.34:291][  0]LogConfig: Setting CVar [[r.TranslucencyLightingVolumeDim:64]]
[2020.09.02-01.52.34:291][  0]LogConfig: Setting CVar [[r.RefractionQuality:2]]
[2020.09.02-01.52.34:291][  0]LogConfig: Setting CVar [[r.SSR.Quality:3]]
[2020.09.02-01.52.34:291][  0]LogConfig: Setting CVar [[r.SceneColorFormat:4]]
[2020.09.02-01.52.34:291][  0]LogConfig: Setting CVar [[r.DetailMode:2]]
[2020.09.02-01.52.34:291][  0]LogConfig: Setting CVar [[r.TranslucencyVolumeBlur:1]]
[2020.09.02-01.52.34:291][  0]LogConfig: Setting CVar [[r.MaterialQualityLevel:1 ; High quality]]
[2020.09.02-01.52.34:291][  0]LogConfig: Setting CVar [[r.SSS.Scale:1]]
[2020.09.02-01.52.34:291][  0]LogConfig: Setting CVar [[r.SSS.SampleSet:2]]
[2020.09.02-01.52.34:291][  0]LogConfig: Setting CVar [[r.SSS.Quality:1]]
[2020.09.02-01.52.34:291][  0]LogConfig: Setting CVar [[r.SSS.HalfRes:1]]
[2020.09.02-01.52.34:291][  0]LogConfig: Setting CVar [[r.EmitterSpawnRateScale:1.0]]
[2020.09.02-01.52.34:291][  0]LogConfig: Setting CVar [[r.ParticleLightQuality:2]]
[2020.09.02-01.52.34:291][  0]LogConfig: Applying CVar settings from Section [FoliageQuality@3] File [C:/Users/s181813/Documents/GitHub/GhoulsAndGoblins/GhoulsAndGoodies/Saved/Config/Windows/Scalability.ini]
[2020.09.02-01.52.34:291][  0]LogConfig: Setting CVar [[foliage.DensityScale:1.0]]
[2020.09.02-01.52.34:291][  0]LogConfig: Setting CVar [[grass.DensityScale:1.0]]
[2020.09.02-01.52.34:291][  0]LogConfig: Applying CVar settings from Section [Startup] File [../../../Engine/Config/ConsoleVariables.ini]
[2020.09.02-01.52.34:291][  0]LogConfig: Setting CVar [[net.UseAdaptiveNetUpdateFrequency:0]]
[2020.09.02-01.52.34:291][  0]LogConfig: Setting CVar [[p.chaos.AllowCreatePhysxBodies:1]]
[2020.09.02-01.52.34:291][  0]LogConfig: Applying CVar settings from Section [ConsoleVariables] File [C:/Users/s181813/Documents/GitHub/GhoulsAndGoblins/GhoulsAndGoodies/Saved/Config/Windows/Engine.ini]
[2020.09.02-01.52.34:293][  0]LogInit: Computer: SYD-19EF44
[2020.09.02-01.52.34:293][  0]LogInit: User: S181813
[2020.09.02-01.52.34:293][  0]LogInit: CPU Page size=4096, Cores=4
[2020.09.02-01.52.34:293][  0]LogInit: High frequency timer resolution =10.000000 MHz
[2020.09.02-01.52.34:293][  0]LogMemory: Memory total: Physical=31.9GB (32GB approx)
[2020.09.02-01.52.34:293][  0]LogMemory: Platform Memory Stats for Windows
[2020.09.02-01.52.34:293][  0]LogMemory: Process Physical Memory: 101.33 MB used, 101.33 MB peak
[2020.09.02-01.52.34:293][  0]LogMemory: Process Virtual Memory: 100.55 MB used, 100.55 MB peak
[2020.09.02-01.52.34:293][  0]LogMemory: Physical Memory: 9745.04 MB used,  22910.07 MB free, 32655.12 MB total
[2020.09.02-01.52.34:293][  0]LogMemory: Virtual Memory: 4668.43 MB used,  134213056.00 MB free, 134217728.00 MB total
[2020.09.02-01.52.34:300][  0]LogWindows: WindowsPlatformFeatures enabled
[2020.09.02-01.52.34:473][  0]LogInit: Using OS detected language (en-US).
[2020.09.02-01.52.34:474][  0]LogInit: Using OS detected locale (en-AU).
[2020.09.02-01.52.34:474][  0]LogTextLocalizationManager: No specific localization for 'en-US' exists, so the 'en' localization will be used.
[2020.09.02-01.52.34:665][  0]LogInit: Setting process to per monitor DPI aware
[2020.09.02-01.52.34:722][  0]LogSlate: New Slate User Created.  User Index 0, Is Virtual User: 0
[2020.09.02-01.52.34:722][  0]LogSlate: Slate User Registered.  User Index 0, Is Virtual User: 0
[2020.09.02-01.52.34:879][  0]LogHMD: Failed to initialize OpenVR with code 110
[2020.09.02-01.52.34:879][  0]LogD3D11RHI: D3D11 adapters:
[2020.09.02-01.52.34:955][  0]LogD3D11RHI:    0. 'NVIDIA GeForce GTX 770' (Feature Level 11_0)
[2020.09.02-01.52.34:955][  0]LogD3D11RHI:       2007/0/16327 MB DedicatedVideo/DedicatedSystem/SharedSystem, Outputs:2, VendorId:0x10de
[2020.09.02-01.52.34:968][  0]LogD3D11RHI:    1. 'Intel(R) HD Graphics 4600' (Feature Level 11_0)
[2020.09.02-01.52.34:968][  0]LogD3D11RHI:       112/0/2048 MB DedicatedVideo/DedicatedSystem/SharedSystem, Outputs:0, VendorId:0x8086
[2020.09.02-01.52.34:973][  0]LogD3D11RHI:    2. 'Microsoft Basic Render Driver' (Feature Level 11_0)
[2020.09.02-01.52.34:973][  0]LogD3D11RHI:       0/0/16327 MB DedicatedVideo/DedicatedSystem/SharedSystem, Outputs:0, VendorId:0x1414
[2020.09.02-01.52.34:973][  0]LogD3D11RHI: Chosen D3D11 Adapter: 0
[2020.09.02-01.52.34:981][  0]LogD3D11RHI: Creating new Direct3DDevice
[2020.09.02-01.52.34:981][  0]LogD3D11RHI:     GPU DeviceId: 0x1184 (for the marketing name, search the web for "GPU Device Id")
[2020.09.02-01.52.34:981][  0]LogWindows: EnumDisplayDevices:
[2020.09.02-01.52.34:981][  0]LogWindows:    0. 'NVIDIA GeForce GTX 770' (P:1 D:1)
[2020.09.02-01.52.34:982][  0]LogWindows:    1. 'NVIDIA GeForce GTX 770' (P:0 D:1)
[2020.09.02-01.52.34:982][  0]LogWindows:    2. 'NVIDIA GeForce GTX 770' (P:0 D:0)
[2020.09.02-01.52.34:982][  0]LogWindows:    3. 'NVIDIA GeForce GTX 770' (P:0 D:0)
[2020.09.02-01.52.34:983][  0]LogWindows:    4. 'Intel(R) HD Graphics 4600' (P:0 D:0)
[2020.09.02-01.52.34:983][  0]LogWindows:    5. 'Intel(R) HD Graphics 4600' (P:0 D:0)
[2020.09.02-01.52.34:983][  0]LogWindows:    6. 'Intel(R) HD Graphics 4600' (P:0 D:0)
[2020.09.02-01.52.34:983][  0]LogWindows: DebugString: PrimaryIsNotTheChoosenAdapter PrimaryIsNotTheChoosenAdapter PrimaryIsNotTheChoosenAdapter FoundDriverCount:4 
[2020.09.02-01.52.34:983][  0]LogD3D11RHI:     Adapter Name: NVIDIA GeForce GTX 770
[2020.09.02-01.52.34:984][  0]LogD3D11RHI:   Driver Version: 451.67 (internal:27.21.14.5167, unified:451.67)
[2020.09.02-01.52.34:984][  0]LogD3D11RHI:      Driver Date: 7-5-2020
[2020.09.02-01.52.34:984][  0]LogRHI: Texture pool is 1404 MB (70% of 2007 MB)
[2020.09.02-01.52.35:030][  0]LogD3D11RHI: Async texture creation enabled
[2020.09.02-01.52.35:050][  0]LogD3D11RHI: GPU Timing Frequency: 1000.000000 (Debug: 2 2)
[2020.09.02-01.52.35:333][  0]LogTemp: Display: Module 'AllDesktopTargetPlatform' loaded TargetPlatform 'AllDesktop'
[2020.09.02-01.52.35:344][  0]LogTemp: Display: Module 'MacClientTargetPlatform' loaded TargetPlatform 'MacClient'
[2020.09.02-01.52.35:355][  0]LogTemp: Display: Module 'MacNoEditorTargetPlatform' loaded TargetPlatform 'MacNoEditor'
[2020.09.02-01.52.35:365][  0]LogTemp: Display: Module 'MacServerTargetPlatform' loaded TargetPlatform 'MacServer'
[2020.09.02-01.52.35:379][  0]LogTemp: Display: Module 'MacTargetPlatform' loaded TargetPlatform 'Mac'
[2020.09.02-01.52.35:391][  0]LogTemp: Display: Module 'WindowsClientTargetPlatform' loaded TargetPlatform 'WindowsClient'
[2020.09.02-01.52.35:402][  0]LogTemp: Display: Module 'WindowsNoEditorTargetPlatform' loaded TargetPlatform 'WindowsNoEditor'
[2020.09.02-01.52.35:414][  0]LogTemp: Display: Module 'WindowsServerTargetPlatform' loaded TargetPlatform 'WindowsServer'
[2020.09.02-01.52.35:422][  0]LogTemp: Display: Module 'WindowsTargetPlatform' loaded TargetPlatform 'Windows'
[2020.09.02-01.52.35:456][  0]LogTemp: Display: Module 'AndroidTargetPlatform' loaded TargetPlatform 'Android'
[2020.09.02-01.52.35:456][  0]LogTemp: Display: Module 'AndroidTargetPlatform' loaded TargetPlatform 'Android_ASTC'
[2020.09.02-01.52.35:456][  0]LogTemp: Display: Module 'AndroidTargetPlatform' loaded TargetPlatform 'Android_ATC'
[2020.09.02-01.52.35:456][  0]LogTemp: Display: Module 'AndroidTargetPlatform' loaded TargetPlatform 'Android_DXT'
[2020.09.02-01.52.35:457][  0]LogTemp: Display: Module 'AndroidTargetPlatform' loaded TargetPlatform 'Android_ETC1'
[2020.09.02-01.52.35:457][  0]LogTemp: Display: Module 'AndroidTargetPlatform' loaded TargetPlatform 'Android_ETC1a'
[2020.09.02-01.52.35:457][  0]LogTemp: Display: Module 'AndroidTargetPlatform' loaded TargetPlatform 'Android_ETC2'
[2020.09.02-01.52.35:457][  0]LogTemp: Display: Module 'AndroidTargetPlatform' loaded TargetPlatform 'Android_PVRTC'
[2020.09.02-01.52.35:457][  0]LogTemp: Display: Module 'AndroidTargetPlatform' loaded TargetPlatform 'AndroidClient'
[2020.09.02-01.52.35:457][  0]LogTemp: Display: Module 'AndroidTargetPlatform' loaded TargetPlatform 'Android_ASTCClient'
[2020.09.02-01.52.35:458][  0]LogTemp: Display: Module 'AndroidTargetPlatform' loaded TargetPlatform 'Android_ATCClient'
[2020.09.02-01.52.35:458][  0]LogTemp: Display: Module 'AndroidTargetPlatform' loaded TargetPlatform 'Android_DXTClient'
[2020.09.02-01.52.35:458][  0]LogTemp: Display: Module 'AndroidTargetPlatform' loaded TargetPlatform 'Android_ETC1Client'
[2020.09.02-01.52.35:458][  0]LogTemp: Display: Module 'AndroidTargetPlatform' loaded TargetPlatform 'Android_ETC1aClient'
[2020.09.02-01.52.35:458][  0]LogTemp: Display: Module 'AndroidTargetPlatform' loaded TargetPlatform 'Android_ETC2Client'
[2020.09.02-01.52.35:458][  0]LogTemp: Display: Module 'AndroidTargetPlatform' loaded TargetPlatform 'Android_PVRTCClient'
[2020.09.02-01.52.35:458][  0]LogTemp: Display: Module 'AndroidTargetPlatform' loaded TargetPlatform 'Android_Multi'
[2020.09.02-01.52.35:458][  0]LogTemp: Display: Module 'AndroidTargetPlatform' loaded TargetPlatform 'Android_MultiClient'
[2020.09.02-01.52.35:463][  0]LogTemp: Display: Module 'HTML5TargetPlatform' loaded TargetPlatform 'HTML5'
[2020.09.02-01.52.35:489][  0]LogTemp: Display: Module 'IOSTargetPlatform' loaded TargetPlatform 'IOSClient'
[2020.09.02-01.52.35:489][  0]LogTemp: Display: Module 'IOSTargetPlatform' loaded TargetPlatform 'IOS'
[2020.09.02-01.52.35:505][  0]LogTemp: Display: Module 'TVOSTargetPlatform' loaded TargetPlatform 'TVOSClient'
[2020.09.02-01.52.35:505][  0]LogTemp: Display: Module 'TVOSTargetPlatform' loaded TargetPlatform 'TVOS'
[2020.09.02-01.52.35:515][  0]LogTemp: Display: Module 'LinuxClientTargetPlatform' loaded TargetPlatform 'LinuxClient'
[2020.09.02-01.52.35:528][  0]LogTemp: Display: Module 'LinuxNoEditorTargetPlatform' loaded TargetPlatform 'LinuxNoEditor'
[2020.09.02-01.52.35:538][  0]LogTemp: Display: Module 'LinuxServerTargetPlatform' loaded TargetPlatform 'LinuxServer'
[2020.09.02-01.52.35:547][  0]LogTemp: Display: Module 'LinuxTargetPlatform' loaded TargetPlatform 'Linux'
[2020.09.02-01.52.35:573][  0]LogTemp: Display: Module 'LuminTargetPlatform' loaded TargetPlatform 'Lumin'
[2020.09.02-01.52.35:573][  0]LogTemp: Display: Module 'LuminTargetPlatform' loaded TargetPlatform 'LuminClient'
[2020.09.02-01.52.35:574][  0]LogTargetPlatformManager: Display: Building Assets For Windows
[2020.09.02-01.52.35:591][  0]LogAudioDebug: Display: Lib vorbis DLL was dynamically loaded.
[2020.09.02-01.52.35:680][  0]LogShaderCompilers: Guid format shader working directory is -35 characters bigger than the processId version (../../../../../../Users/s181813/Documents/GitHub/GhoulsAndGoblins/GhoulsAndGoodies/Intermediate/Shaders/WorkingDirectory/16536/).
[2020.09.02-01.52.35:681][  0]LogShaderCompilers: Cleaned the shader compiler working directory 'C:/Users/s181813/AppData/Local/Temp/UnrealShaderWorkingDir/E5A429F04CF8381E890EF7806ABAC122/'.
[2020.09.02-01.52.35:684][  0]LogXGEController: Cleaning working directory: C:/Users/s181813/AppData/Local/Temp/UnrealXGEWorkingDir/
[2020.09.02-01.52.35:684][  0]LogXGEController: Cannot use XGE Controller as Incredibuild is not installed on this machine.
[2020.09.02-01.52.35:684][  0]LogShaderCompilers: Cannot use XGE Shader Compiler as Incredibuild is not installed on this machine.
[2020.09.02-01.52.35:684][  0]LogShaderCompilers: Display: Using Local Shader Compiler.
[2020.09.02-01.52.36:301][  0]LogDerivedDataCache: Display: Max Cache Size: 512 MB
[2020.09.02-01.52.36:359][  0]LogDerivedDataCache: Loaded boot cache 0.06s 76MB C:/Users/s181813/AppData/Local/UnrealEngine/4.23/DerivedDataCache/Boot.ddc.
[2020.09.02-01.52.36:360][  0]LogDerivedDataCache: Display: Loaded Boot cache: C:/Users/s181813/AppData/Local/UnrealEngine/4.23/DerivedDataCache/Boot.ddc
[2020.09.02-01.52.36:360][  0]LogDerivedDataCache: FDerivedDataBackendGraph:  Pak pak cache file ../../../../../../Users/s181813/Documents/GitHub/GhoulsAndGoblins/GhoulsAndGoodies/DerivedDataCache/DDC.ddp not found, will not use a pak cache.
[2020.09.02-01.52.36:360][  0]LogDerivedDataCache: Unable to find inner node Pak for hierarchical cache Hierarchy.
[2020.09.02-01.52.36:361][  0]LogDerivedDataCache: FDerivedDataBackendGraph:  CompressedPak pak cache file ../../../../../../Users/s181813/Documents/GitHub/GhoulsAndGoblins/GhoulsAndGoodies/DerivedDataCache/Compressed.ddp not found, will not use a pak cache.
[2020.09.02-01.52.36:361][  0]LogDerivedDataCache: Unable to find inner node CompressedPak for hierarchical cache Hierarchy.
[2020.09.02-01.52.36:371][  0]LogDerivedDataCache: Display: Pak cache opened for reading ../../../Engine/DerivedDataCache/Compressed.ddp.
[2020.09.02-01.52.36:372][  0]LogDerivedDataCache: FDerivedDataBackendGraph:  EnterprisePak pak cache file ../../../Enterprise/DerivedDataCache/Compressed.ddp not found, will not use a pak cache.
[2020.09.02-01.52.36:372][  0]LogDerivedDataCache: Unable to find inner node EnterprisePak for hierarchical cache Hierarchy.
[2020.09.02-01.52.36:375][  0]LogDerivedDataCache: Using Local data cache path C:/Users/s181813/AppData/Local/UnrealEngine/Common/DerivedDataCache: Writable
[2020.09.02-01.52.36:375][  0]LogDerivedDataCache: Shared data cache path not found in *engine.ini, will not use an Shared cache.
[2020.09.02-01.52.36:375][  0]LogDerivedDataCache: Unable to find inner node Shared for hierarchical cache Hierarchy.
[2020.09.02-01.52.36:398][  0]LogMaterial: Verifying Global Shaders for PCD3D_SM5
[2020.09.02-01.52.36:401][  0]LogSlate: Using FreeType 2.6.0
[2020.09.02-01.52.36:401][  0]LogSlate: SlateFontServices - WITH_FREETYPE: 1, WITH_HARFBUZZ: 1
[2020.09.02-01.52.36:457][  0]LogAssetRegistry: FAssetRegistry took 0.0045 seconds to start up
[2020.09.02-01.52.36:720][  0]LogInit: Selected Device Profile: [Windows]
[2020.09.02-01.52.36:870][  0]LogMeshReduction: Using QuadricMeshReduction for automatic static mesh reduction
[2020.09.02-01.52.36:870][  0]LogMeshReduction: Using SimplygonMeshReduction for automatic skeletal mesh reduction
[2020.09.02-01.52.36:870][  0]LogMeshReduction: Using ProxyLODMeshReduction for automatic mesh merging
[2020.09.02-01.52.36:871][  0]LogMeshReduction: No distributed automatic mesh merging module available
[2020.09.02-01.52.36:871][  0]LogMeshMerging: No distributed automatic mesh merging module available
[2020.09.02-01.52.36:880][  0]LogNetVersion: GhoulsAndGoodies 1.0.0, NetCL: 8386587, EngineNetVer: 11, GameNetVer: 0 (Checksum: 1842056771)
[2020.09.02-01.52.37:274][  0]LogPackageLocalizationCache: Processed 12 localized package path(s) for 1 prioritized culture(s) in 0.050131 seconds
[2020.09.02-01.52.37:280][  0]LogUObjectArray: 43444 objects as part of root set at end of initial load.
[2020.09.02-01.52.37:280][  0]LogUObjectAllocator: 7548648 out of 0 bytes used by permanent object pool.
[2020.09.02-01.52.37:281][  0]LogUObjectArray: CloseDisregardForGC: 0/0 objects in disregard for GC pool
[2020.09.02-01.52.38:288][  0]LogTcpMessaging: Initializing TcpMessaging bridge
[2020.09.02-01.52.38:294][  0]LogUdpMessaging: Initializing bridge on interface 0.0.0.0:0 to multicast group 230.0.0.1:6666.
[2020.09.02-01.52.38:554][  0]LogScript: Warning: Script Msg: No world was found for object (/Script/GhoulsAndGoodies.Default__GhoulsAndGoodiesGameMode) passed in to UEngine::GetWorldFromContextObject().
[2020.09.02-01.52.38:650][  0]SourceControl: Source control is disabled
[2020.09.02-01.52.38:650][  0]SourceControl: Source control is disabled
[2020.09.02-01.52.38:654][  0]SourceControl: Source control is disabled
[2020.09.02-01.52.38:657][  0]SourceControl: Source control is disabled
[2020.09.02-01.52.38:810][  0]LogAndroidPermission: UAndroidPermissionCallbackProxy::GetInstance
[2020.09.02-01.52.38:961][  0]LogOcInput: OculusInput pre-init called
[2020.09.02-01.52.38:971][  0]LogWindows: Failed to load 'OVRPlugin.dll' (GetLastError=126)
[2020.09.02-01.52.38:971][  0]LogWindows: File 'OVRPlugin.dll' does not exist
[2020.09.02-01.52.39:052][  0]LogEngine: Initializing Engine...
[2020.09.02-01.52.39:053][  0]LogHMD: Failed to initialize OpenVR with code 110
[2020.09.02-01.52.39:054][  0]LogStats: UGameplayTagsManager::InitializeManager -  0.000 s
[2020.09.02-01.52.39:250][  0]LogInit: Initializing FReadOnlyCVARCache
[2020.09.02-01.52.39:266][  0]LogAIModule: Creating AISystem for world Untitled
[2020.09.02-01.52.39:291][  0]LogInit: XAudio2 using 'Realtek Digital Output (Realtek High Definition Audio)' : 2 channels at 48 kHz using 16 bits per sample (channel mask 0x3)
[2020.09.02-01.52.39:343][  0]LogInit: FAudioDevice initialized.
[2020.09.02-01.52.39:343][  0]LogNetVersion: Set ProjectVersion to 1.0.0.0. Version Checksum will be recalculated on next use.
[2020.09.02-01.52.39:437][  0]LogDerivedDataCache: Saved boot cache 0.09s 76MB C:/Users/s181813/AppData/Local/UnrealEngine/4.23/DerivedDataCache/Boot.ddc.
[2020.09.02-01.52.39:445][  0]LogInit: Texture streaming: Enabled
[2020.09.02-01.52.39:470][  0]LogEngineSessionManager: EngineSessionManager initialized
[2020.09.02-01.52.39:470][  0]LogEditorSessionSummary: Verbose: Initializing EditorSessionSummaryWriter for editor session tracking
[2020.09.02-01.52.39:471][  0]LogEditorSessionSummary: EditorSessionSummaryWriter initialized
[2020.09.02-01.52.39:540][  0]LogInit: Transaction tracking system initialized
[2020.09.02-01.52.39:590][  0]BlueprintLog: New page: Editor Load
[2020.09.02-01.52.39:708][  0]LocalizationService: Localization service is disabled
[2020.09.02-01.52.39:989][  0]LogFileCache: Scanning file cache for directory 'C:/Users/s181813/Documents/GitHub/GhoulsAndGoblins/GhoulsAndGoodies/Content/' took 0.01s
[2020.09.02-01.52.39:989][  0]LogCook: Display: Max memory allowance for cook 16384mb min free memory 0mb
[2020.09.02-01.52.39:989][  0]LogCook: Display: Mobile HDR setting 1
[2020.09.02-01.52.40:234][  0]SourceControl: Source control is disabled
[2020.09.02-01.52.40:235][  0]Cmd: MAP LOAD FILE="../../../../../../Users/s181813/Documents/GitHub/GhoulsAndGoblins/GhoulsAndGoodies/Content/TopDownCPP/Maps/TopDownExampleMap.umap" TEMPLATE=0 SHOWPROGRESS=1 FEATURELEVEL=3
[2020.09.02-01.52.40:235][  0]LightingResults: New page: Lighting Build
[2020.09.02-01.52.40:238][  0]LogWorld: UWorld::CleanupWorld for Untitled, bSessionEnded=true, bCleanupResources=true
[2020.09.02-01.52.40:238][  0]MapCheck: New page: Map Check
[2020.09.02-01.52.40:239][  0]LightingResults: New page: Lighting Build
[2020.09.02-01.52.40:264][  0]LogUObjectHash: Compacting FUObjectHashTables data took   2.21ms
[2020.09.02-01.52.40:355][  0]LogAIModule: Creating AISystem for world TopDownExampleMap
[2020.09.02-01.52.40:366][  0]LogEditorServer: Finished looking for orphan Actors (0.000 secs)
[2020.09.02-01.52.40:394][  0]LogUObjectHash: Compacting FUObjectHashTables data took   2.45ms
[2020.09.02-01.52.40:394][  0]Cmd: MAP CHECKDEP NOCLEARLOG
[2020.09.02-01.52.40:395][  0]MapCheck: Map check complete: 0 Error(s), 0 Warning(s), took 0.184ms to complete.
[2020.09.02-01.52.40:395][  0]LogFileHelpers: Loading map 'TopDownExampleMap' took 0.160
[2020.09.02-01.52.41:482][  0]LogSlate: Only BGRA pngs, bmps or icos are supported in by External Image Picker
[2020.09.02-01.52.41:526][  0]LogSlate: Updating window title bar state: overlay mode, drag disabled, window buttons hidden, title bar hidden
[2020.09.02-01.52.41:533][  0]LogSlate: Updating window title bar state: overlay mode, drag disabled, window buttons hidden, title bar hidden
[2020.09.02-01.52.41:541][  0]LogSlate: Updating window title bar state: overlay mode, drag disabled, window buttons hidden, title bar hidden
[2020.09.02-01.52.41:548][  0]LogSlate: Updating window title bar state: overlay mode, drag disabled, window buttons hidden, title bar hidden
[2020.09.02-01.52.41:569][  0]LogCollectionManager: Loaded 0 collections in 0.001676 seconds
[2020.09.02-01.52.41:579][  0]LogFileCache: Scanning file cache for directory 'C:/Users/s181813/Documents/GitHub/GhoulsAndGoblins/GhoulsAndGoodies/Saved/Collections/' took 0.00s
[2020.09.02-01.52.41:580][  0]LogFileCache: Scanning file cache for directory 'C:/Users/s181813/Documents/GitHub/GhoulsAndGoblins/GhoulsAndGoodies/Content/Developers/S181813/Collections/' took 0.00s
[2020.09.02-01.52.41:580][  0]LogFileCache: Scanning file cache for directory 'C:/Users/s181813/Documents/GitHub/GhoulsAndGoblins/GhoulsAndGoodies/Content/Collections/' took 0.00s
[2020.09.02-01.52.41:580][  0]LogCollectionManager: Rebuilt the GUID cache for 0 collections in 0.000001 seconds
[2020.09.02-01.52.41:588][  0]LogContentBrowser: Native class hierarchy populated in 0.0082 seconds. Added 2879 classes and 684 folders.
[2020.09.02-01.52.41:595][  0]LogContentBrowser: Native class hierarchy updated for 'WidgetCarousel' in 0.0003 seconds. Added 0 classes and 0 folders.
[2020.09.02-01.52.41:631][  0]LogContentBrowser: Native class hierarchy updated for 'AddContentDialog' in 0.0003 seconds. Added 0 classes and 0 folders.
[2020.09.02-01.52.41:645][  0]LogSlate: Took 0.000210 seconds to synchronously load lazily loaded font '../../../Engine/Content/Slate/Fonts/Roboto-Regular.ttf' (155K)
[2020.09.02-01.52.41:649][  0]LogSlate: Took 0.000215 seconds to synchronously load lazily loaded font '../../../Engine/Content/Slate/Fonts/Roboto-Bold.ttf' (160K)
[2020.09.02-01.52.41:658][  0]LogSlate: Took 0.000263 seconds to synchronously load lazily loaded font '../../../Engine/Content/Editor/Slate/Fonts/FontAwesome.ttf' (139K)
[2020.09.02-01.52.41:728][  0]LogRenderer: Reallocating scene render targets to support 1056x712 Format 10 NumSamples 1 (Frame:1).
[2020.09.02-01.52.41:825][  0]LogContentBrowser: Native class hierarchy updated for 'HierarchicalLODOutliner' in 0.0005 seconds. Added 0 classes and 0 folders.
[2020.09.02-01.52.41:826][  0]LogLoad: (Engine Initialization) Total time: 8.87 seconds
[2020.09.02-01.52.41:826][  0]LogLoad: (Engine Initialization) Total Blueprint compile time: 0.00 seconds
[2020.09.02-01.52.41:920][  0]LogAssetRegistry: Asset discovery search completed in 5.4659 seconds
[2020.09.02-01.52.41:924][  0]LogCollectionManager: Rebuilt the object cache for 0 collections in 0.000005 seconds (found 0 objects)
[2020.09.02-01.52.41:924][  0]LogCollectionManager: Fixed up redirectors for 0 collections in 0.000106 seconds (updated 0 objects)
[2020.09.02-01.52.41:925][  0]LogContentStreaming: Texture pool size now 1000 MB
[2020.09.02-01.52.41:948][  0]LogSlate: Took 0.000144 seconds to synchronously load lazily loaded font '../../../Engine/Content/Slate/Fonts/Roboto-Light.ttf' (167K)
[2020.09.02-01.52.48:834][813]LogSlate: FSceneViewport::OnFocusLost() reason 0
[2020.09.02-01.52.52:008][192]LogSlate: Took 0.000168 seconds to synchronously load lazily loaded font '../../../Engine/Content/Slate/Fonts/Roboto-Light.ttf' (167K)
[2020.09.02-01.52.52:044][192]LogAIModule: Creating AISystem for world MainMenu
[2020.09.02-01.52.52:049][192]LogAssetEditorManager: Opening Asset editor for World /Game/TopDownCPP/Maps/MainMenu.MainMenu
[2020.09.02-01.52.52:075][192]LogUObjectHash: Compacting FUObjectHashTables data took   2.13ms
[2020.09.02-01.52.52:077][192]Cmd: MAP LOAD FILE="../../../../../../Users/s181813/Documents/GitHub/GhoulsAndGoblins/GhoulsAndGoodies/Content/TopDownCPP/Maps/MainMenu.umap" TEMPLATE=0 SHOWPROGRESS=1 FEATURELEVEL=3
[2020.09.02-01.52.52:077][192]LightingResults: New page: Lighting Build
[2020.09.02-01.52.52:078][192]LoadErrors: New page: Loading map: MainMenu.umap
[2020.09.02-01.52.52:078][192]LogWorld: UWorld::CleanupWorld for TopDownExampleMap, bSessionEnded=true, bCleanupResources=true
[2020.09.02-01.52.52:079][192]MapCheck: New page: Map Check
[2020.09.02-01.52.52:079][192]LightingResults: New page: Lighting Build
[2020.09.02-01.52.52:104][192]LogUObjectHash: Compacting FUObjectHashTables data took   2.12ms
[2020.09.02-01.52.52:106][192]LogEditorServer: Finished looking for orphan Actors (0.000 secs)
[2020.09.02-01.52.52:140][192]LogUObjectHash: Compacting FUObjectHashTables data took   2.10ms
[2020.09.02-01.52.52:171][192]Cmd: MAP CHECKDEP NOCLEARLOG
[2020.09.02-01.52.52:171][192]MapCheck: Map check complete: 0 Error(s), 0 Warning(s), took 0.107ms to complete.
[2020.09.02-01.52.52:171][192]LogFileHelpers: Loading map 'MainMenu' took 0.096
[2020.09.02-01.53.13:582][567]LogSlate: FSceneViewport::OnFocusLost() reason 0
[2020.09.02-01.53.22:229][596]LogTemp: Repeating last play command: Selected Viewport
[2020.09.02-01.53.22:247][596]LogBlueprintUserMessages: Early PlayInEditor Detection: Level '/Game/TopDownCPP/Maps/MainMenu.MainMenu:PersistentLevel' has LevelScriptBlueprint '/Game/TopDownCPP/Maps/MainMenu.MainMenu:PersistentLevel.MainMenu' with GeneratedClass '/Game/TopDownCPP/Maps/MainMenu.MainMenu_C' with ClassGeneratedBy '/Game/TopDownCPP/Maps/MainMenu.MainMenu:PersistentLevel.MainMenu'
[2020.09.02-01.53.22:248][596]LogPlayLevel: PlayLevel: No blueprints needed recompiling
[2020.09.02-01.53.22:248][596]PIE: New page: PIE session: MainMenu (2 Sep 2020 9:53:22 pm)
[2020.09.02-01.53.22:250][596]LogOnline: OSS: Creating online subsystem instance for: NULL
[2020.09.02-01.53.22:253][596]LogPlayLevel: Creating play world package: /Game/TopDownCPP/Maps/UEDPIE_0_MainMenu
[2020.09.02-01.53.22:256][596]LogPlayLevel: PIE: StaticDuplicateObject took: (0.002349s)
[2020.09.02-01.53.22:257][596]LogAIModule: Creating AISystem for world MainMenu
[2020.09.02-01.53.22:258][596]LogPlayLevel: PIE: World Init took: (0.001884s)
[2020.09.02-01.53.22:258][596]LogPlayLevel: PIE: Created PIE world by copying editor world from /Game/TopDownCPP/Maps/MainMenu.MainMenu to /Game/TopDownCPP/Maps/UEDPIE_0_MainMenu.MainMenu (0.004870s)
[2020.09.02-01.53.22:283][596]LogUObjectHash: Compacting FUObjectHashTables data took   1.70ms
[2020.09.02-01.53.22:288][596]LogInit: XAudio2 using 'Realtek Digital Output (Realtek High Definition Audio)' : 2 channels at 48 kHz using 16 bits per sample (channel mask 0x3)
[2020.09.02-01.53.22:309][596]LogInit: FAudioDevice initialized.
[2020.09.02-01.53.22:323][596]LogLoad: Game class is 'GhoulsAndGoodiesGameMode'
[2020.09.02-01.53.22:324][596]LogWorld: Bringing World /Game/TopDownCPP/Maps/UEDPIE_0_MainMenu.MainMenu up for play (max tick rate 0) at 2020.09.02-11.53.22
[2020.09.02-01.53.22:325][596]LogWorld: Bringing up level for play took: 0.000470
[2020.09.02-01.53.22:325][596]LogOnline: OSS: Creating online subsystem instance for: :Context_3
[2020.09.02-01.53.22:333][596]LogContentBrowser: Native class hierarchy updated for 'MovieSceneCapture' in 0.0004 seconds. Added 20 classes and 0 folders.
[2020.09.02-01.53.22:333][596]LogActor: Warning: GNGPawn /Game/TopDownCPP/Maps/UEDPIE_0_MainMenu.MainMenu:PersistentLevel.GNGPawn_0 has natively added scene component(s), but none of them were set as the actor's RootComponent - picking one arbitrarily
[2020.09.02-01.53.22:335][596]PIE: Play in editor start time for /Game/TopDownCPP/Maps/UEDPIE_0_MainMenu -0.507
[2020.09.02-01.53.22:336][596]LogBlueprintUserMessages: Late PlayInEditor Detection: Level '/Game/TopDownCPP/Maps/MainMenu.MainMenu:PersistentLevel' has LevelScriptBlueprint '/Game/TopDownCPP/Maps/MainMenu.MainMenu:PersistentLevel.MainMenu' with GeneratedClass '/Game/TopDownCPP/Maps/MainMenu.MainMenu_C' with ClassGeneratedBy '/Game/TopDownCPP/Maps/MainMenu.MainMenu:PersistentLevel.MainMenu'
[2020.09.02-01.53.26:014][ 35]LogNet: Browse: /Game/TopDownCPP/Maps/TopDownExampleMap
[2020.09.02-01.53.26:014][ 35]LogLoad: LoadMap: /Game/TopDownCPP/Maps/TopDownExampleMap
[2020.09.02-01.53.26:014][ 35]LogWorld: BeginTearingDown for /Game/TopDownCPP/Maps/UEDPIE_0_MainMenu
[2020.09.02-01.53.26:015][ 35]LogWorld: UWorld::CleanupWorld for MainMenu, bSessionEnded=true, bCleanupResources=true
[2020.09.02-01.53.26:038][ 35]LogUObjectHash: Compacting FUObjectHashTables data took   1.50ms
[2020.09.02-01.53.26:062][ 35]LogAIModule: Creating AISystem for world TopDownExampleMap
[2020.09.02-01.53.26:063][ 35]LogLoad: Game class is 'GhoulsAndGoodiesGameMode'
[2020.09.02-01.53.26:091][ 35]LogWorld: Bringing World /Game/TopDownCPP/Maps/UEDPIE_0_TopDownExampleMap.TopDownExampleMap up for play (max tick rate 0) at 2020.09.02-11.53.26
[2020.09.02-01.53.26:091][ 35]LogWorld: Bringing up level for play took: 0.027518
[2020.09.02-01.53.26:092][ 35]LogActor: Warning: GNGPawn /Game/TopDownCPP/Maps/UEDPIE_0_TopDownExampleMap.TopDownExampleMap:PersistentLevel.GNGPawn_0 has natively added scene component(s), but none of them were set as the actor's RootComponent - picking one arbitrarily
[2020.09.02-01.53.26:104][ 35]LogLoad: Took 0.089344 seconds to LoadMap(/Game/TopDownCPP/Maps/TopDownExampleMap)
[2020.09.02-01.53.30:727][586]LogSlate: FSceneViewport::OnFocusLost() reason 0
[2020.09.02-01.53.30:921][609]LogNet: Browse: /Game/TopDownCPP/Maps/MainMenu
[2020.09.02-01.53.30:921][609]LogLoad: LoadMap: /Game/TopDownCPP/Maps/MainMenu
[2020.09.02-01.53.30:921][609]LogWorld: BeginTearingDown for /Game/TopDownCPP/Maps/UEDPIE_0_TopDownExampleMap
[2020.09.02-01.53.30:922][609]LogWorld: UWorld::CleanupWorld for TopDownExampleMap, bSessionEnded=true, bCleanupResources=true
[2020.09.02-01.53.30:952][609]LogUObjectHash: Compacting FUObjectHashTables data took   1.69ms
[2020.09.02-01.53.30:953][609]LogPlayLevel: Creating play world package: /Game/TopDownCPP/Maps/UEDPIE_0_MainMenu
[2020.09.02-01.53.30:956][609]LogPlayLevel: PIE: StaticDuplicateObject took: (0.002923s)
[2020.09.02-01.53.30:958][609]LogAIModule: Creating AISystem for world MainMenu
[2020.09.02-01.53.30:959][609]LogPlayLevel: PIE: World Init took: (0.002121s)
[2020.09.02-01.53.30:959][609]LogPlayLevel: PIE: Created PIE world by copying editor world from /Game/TopDownCPP/Maps/MainMenu.MainMenu to /Game/TopDownCPP/Maps/UEDPIE_0_MainMenu.MainMenu (0.005914s)
[2020.09.02-01.53.30:959][609]LogLoad: Game class is 'GhoulsAndGoodiesGameMode'
[2020.09.02-01.53.30:960][609]LogWorld: Bringing World /Game/TopDownCPP/Maps/UEDPIE_0_MainMenu.MainMenu up for play (max tick rate 0) at 2020.09.02-11.53.30
[2020.09.02-01.53.30:961][609]LogWorld: Bringing up level for play took: 0.000821
[2020.09.02-01.53.30:962][609]LogGameMode: FindPlayerStart: PATHS NOT DEFINED or NO PLAYERSTART with positive rating
[2020.09.02-01.53.30:962][609]LogActor: Warning: GNGPawn /Game/TopDownCPP/Maps/UEDPIE_0_MainMenu.MainMenu:PersistentLevel.GNGPawn_0 has natively added scene component(s), but none of them were set as the actor's RootComponent - picking one arbitrarily
[2020.09.02-01.53.30:964][609]LogLoad: Took 0.043013 seconds to LoadMap(/Game/TopDownCPP/Maps/UEDPIE_0_MainMenu)
[2020.09.02-01.53.42:157][557]LogEditorSessionSummary: EditorSessionSummary sent report. Type=Crashed, SessionId={1FFB0704-497B-2D85-B7E7-40935666F161}
[2020.09.02-01.54.34:171][712]LogBlueprintUserMessages: Early EndPlayMap Detection: Level '/Game/TopDownCPP/Maps/MainMenu.MainMenu:PersistentLevel' has LevelScriptBlueprint '/Game/TopDownCPP/Maps/MainMenu.MainMenu:PersistentLevel.MainMenu' with GeneratedClass '/Game/TopDownCPP/Maps/MainMenu.MainMenu_C' with ClassGeneratedBy '/Game/TopDownCPP/Maps/MainMenu.MainMenu:PersistentLevel.MainMenu'
[2020.09.02-01.54.34:172][712]LogSlate: Updating window title bar state: overlay mode, drag disabled, window buttons hidden, title bar hidden
[2020.09.02-01.54.34:172][712]LogWorld: BeginTearingDown for /Game/TopDownCPP/Maps/UEDPIE_0_MainMenu
[2020.09.02-01.54.34:172][712]LogWorld: UWorld::CleanupWorld for MainMenu, bSessionEnded=true, bCleanupResources=true
[2020.09.02-01.54.34:196][712]LogPlayLevel: Display: Shutting down PIE online subsystems
[2020.09.02-01.54.34:197][712]LogBlueprintUserMessages: Late EndPlayMap Detection: Level '/Game/TopDownCPP/Maps/MainMenu.MainMenu:PersistentLevel' has LevelScriptBlueprint '/Game/TopDownCPP/Maps/MainMenu.MainMenu:PersistentLevel.MainMenu' with GeneratedClass '/Game/TopDownCPP/Maps/MainMenu.MainMenu_C' with ClassGeneratedBy '/Game/TopDownCPP/Maps/MainMenu.MainMenu:PersistentLevel.MainMenu'
[2020.09.02-01.54.34:222][712]LogSlate: Updating window title bar state: overlay mode, drag disabled, window buttons hidden, title bar hidden
[2020.09.02-01.54.34:225][712]LogUObjectHash: Compacting FUObjectHashTables data took   1.68ms
[2020.09.02-01.54.34:277][716]LogPlayLevel: Display: Destroying online subsystem :Context_3
[2020.09.02-01.54.39:114][267]Cmd: DELETE
[2020.09.02-01.54.39:114][267]Cmd: ACTOR DELETE
[2020.09.02-01.54.39:115][267]LogEditorActor: Deleted Actor: CameraActor
[2020.09.02-01.54.39:143][267]LogUObjectHash: Compacting FUObjectHashTables data took   0.66ms
[2020.09.02-01.54.39:144][267]LogEditorActor: Deleted 1 Actors (0.028 secs)
