Log file open, 09/21/20 13:52:46
LogWindows: Failed to load 'aqProf.dll' (GetLastError=126)
LogWindows: File 'aqProf.dll' does not exist
LogWindows: Failed to load 'VtuneApi.dll' (GetLastError=126)
LogWindows: File 'VtuneApi.dll' does not exist
LogWindows: Failed to load 'VtuneApi32e.dll' (GetLastError=126)
LogWindows: File 'VtuneApi32e.dll' does not exist
LogConsoleResponse: Display: Failed to find resolution value strings in scalability ini. Falling back to default.
LogInit: Display: Running engine for game: GhoulsAndGoodies
LogPlatformFile: Not using cached read wrapper
LogTaskGraph: Started task graph with 5 named threads and 23 total threads with 3 sets of task threads.
LogStats: Stats thread started at 0.154921
LogD3D11RHI: Loaded GFSDK_Aftermath_Lib.x64.dll
LogICUInternationalization: ICU TimeZone Detection - Raw Offset: +10:00, Platform Override: ''
LogPluginManager: Mounting plugin Paper2D
LogPluginManager: Mounting plugin AISupport
LogPluginManager: Mounting plugin LightPropagationVolume
LogPluginManager: Mounting plugin ActorLayerUtilities
LogPluginManager: Mounting plugin AnimationSharing
LogPluginManager: Mounting plugin CLionSourceCodeAccess
LogPluginManager: Mounting plugin CodeLiteSourceCodeAccess
LogPluginManager: Mounting plugin GitSourceControl
LogPluginManager: Mounting plugin KDevelopSourceCodeAccess
LogPluginManager: Mounting plugin NullSourceCodeAccess
LogPluginManager: Mounting plugin PerforceSourceControl
LogPluginManager: Mounting plugin SubversionSourceControl
LogPluginManager: Mounting plugin UObjectPlugin
LogPluginManager: Mounting plugin VisualStudioCodeSourceCodeAccess
LogPluginManager: Mounting plugin VisualStudioSourceCodeAccess
LogPluginManager: Mounting plugin XCodeSourceCodeAccess
LogPluginManager: Mounting plugin AssetManagerEditor
LogPluginManager: Mounting plugin CryptoKeys
LogPluginManager: Mounting plugin CurveEditorTools
LogPluginManager: Mounting plugin DataValidation
LogPluginManager: Mounting plugin FacialAnimation
LogPluginManager: Mounting plugin GameplayTagsEditor
LogPluginManager: Mounting plugin MacGraphicsSwitching
LogPluginManager: Mounting plugin MaterialAnalyzer
LogPluginManager: Mounting plugin MobileLauncherProfileWizard
LogPluginManager: Mounting plugin PluginBrowser
LogPluginManager: Mounting plugin SpeedTreeImporter
LogPluginManager: Mounting plugin DatasmithContent
LogPluginManager: Mounting plugin VariantManagerContent
LogPluginManager: Mounting plugin AlembicImporter
LogPluginManager: Mounting plugin AutomationUtils
LogPluginManager: Mounting plugin BackChannel
LogPluginManager: Mounting plugin CharacterAI
LogPluginManager: Mounting plugin GeometryCache
LogPluginManager: Mounting plugin HTML5Networking
LogPluginManager: Mounting plugin PlatformCrypto
LogPluginManager: Mounting plugin ProxyLODPlugin
LogPluginManager: Mounting plugin SkeletalReduction
LogPluginManager: Mounting plugin MagicLeap
LogPluginManager: Mounting plugin MagicLeapMedia
LogPluginManager: Mounting plugin AndroidMedia
LogPluginManager: Mounting plugin AvfMedia
LogPluginManager: Mounting plugin ImgMedia
LogPluginManager: Mounting plugin MediaCompositing
LogPluginManager: Mounting plugin MediaPlayerEditor
LogPluginManager: Mounting plugin WebMMedia
LogPluginManager: Mounting plugin WmfMedia
LogPluginManager: Mounting plugin TcpMessaging
LogPluginManager: Mounting plugin UdpMessaging
LogPluginManager: Mounting plugin ActorSequence
LogPluginManager: Mounting plugin LevelSequenceEditor
LogPluginManager: Mounting plugin MatineeToLevelSequence
LogPluginManager: Mounting plugin NetcodeUnitTest
LogPluginManager: Mounting plugin NUTUnrealEngine4
LogPluginManager: Mounting plugin OnlineSubsystemGooglePlay
LogPluginManager: Mounting plugin OnlineSubsystemIOS
LogPluginManager: Mounting plugin OnlineSubsystem
LogPluginManager: Mounting plugin OnlineSubsystemNull
LogPluginManager: Mounting plugin OnlineSubsystemUtils
LogPluginManager: Mounting plugin LauncherChunkInstaller
LogPluginManager: Mounting plugin AndroidDeviceProfileSelector
LogPluginManager: Mounting plugin AndroidMoviePlayer
LogPluginManager: Mounting plugin AndroidPermission
LogPluginManager: Mounting plugin AppleImageUtils
LogPluginManager: Mounting plugin AppleMoviePlayer
LogPluginManager: Mounting plugin ArchVisCharacter
LogPluginManager: Mounting plugin AudioCapture
LogPluginManager: Mounting plugin CableComponent
LogPluginManager: Mounting plugin CustomMeshComponent
LogPluginManager: Mounting plugin EditableMesh
LogPluginManager: Mounting plugin ExampleDeviceProfileSelector
LogPluginManager: Mounting plugin GoogleCloudMessaging
LogPluginManager: Mounting plugin IOSDeviceProfileSelector
LogPluginManager: Mounting plugin LinuxDeviceProfileSelector
LogPluginManager: Mounting plugin LocationServicesBPLibrary
LogPluginManager: Mounting plugin MobilePatchingUtils
LogPluginManager: Mounting plugin OculusVR
LogPluginManager: Mounting plugin PhysXVehicles
LogPluginManager: Mounting plugin ProceduralMeshComponent
LogPluginManager: Mounting plugin RuntimePhysXCooking
LogPluginManager: Mounting plugin SignificanceManager
LogPluginManager: Mounting plugin SteamVR
LogPluginManager: Mounting plugin WebMMoviePlayer
LogPluginManager: Mounting plugin WindowsMoviePlayer
LogPluginManager: Mounting plugin ScreenshotTools
LogInit: Using libcurl 7.55.1-DEV
LogInit:  - built for x86_64-pc-win32
LogInit:  - supports SSL with OpenSSL/1.1.1
LogInit:  - supports HTTP deflate (compression) using libz 1.2.8
LogInit:  - other features:
LogInit:      CURL_VERSION_SSL
LogInit:      CURL_VERSION_LIBZ
LogInit:      CURL_VERSION_IPV6
LogInit:      CURL_VERSION_ASYNCHDNS
LogInit:      CURL_VERSION_LARGEFILE
LogInit:      CURL_VERSION_IDN
LogInit:  CurlRequestOptions (configurable via config and command line):
LogInit:  - bVerifyPeer = true  - Libcurl will verify peer certificate
LogInit:  - bUseHttpProxy = false  - Libcurl will NOT use HTTP proxy
LogInit:  - bDontReuseConnections = false  - Libcurl will reuse connections
LogInit:  - MaxHostConnections = 16  - Libcurl will limit the number of connections to a host
LogInit:  - LocalHostAddr = Default
LogInit:  - BufferSize = 65536
LogOnline: OSS: Creating online subsystem instance for: NULL
LogInit: WinSock: version 1.1 (2.2), MaxSocks=32767, MaxUdp=65467
LogInit: Build: ++UE4+Release-4.23-CL-9631420
LogInit: Engine Version: 4.23.1-9631420+++UE4+Release-4.23
LogInit: Compatible Engine Version: 4.23.0-8386587+++UE4+Release-4.23
LogInit: Net CL: 8386587
LogInit: OS: Windows 10 (Release 1909) (), CPU: Intel(R) Core(TM) i7-4770 CPU @ 3.40GHz, GPU: NVIDIA GeForce GTX 770
LogInit: Compiled (64-bit): Oct 18 2019 02:07:44
LogInit: Compiled with Visual C++: 19.16.27030.01
LogInit: Build Configuration: Development
LogInit: Branch Name: ++UE4+Release-4.23
LogInit: Command Line:  -skipcompile
LogInit: Base Directory: C:/Program Files/Epic Games/UE_4.23/Engine/Binaries/Win64/
LogInit: Installed Engine Build: 1
LogDevObjectVersion: Number of dev versions registered: 23
LogDevObjectVersion:   Dev-Blueprints (B0D832E4-1F89-4F0D-ACCF-7EB736FD4AA2): 10
LogDevObjectVersion:   Dev-Build (E1C64328-A22C-4D53-A36C-8E866417BD8C): 0
LogDevObjectVersion:   Dev-Core (375EC13C-06E4-48FB-B500-84F0262A717E): 3
LogDevObjectVersion:   Dev-Editor (E4B068ED-F494-42E9-A231-DA0B2E46BB41): 34
LogDevObjectVersion:   Dev-Framework (CFFC743F-43B0-4480-9391-14DF171D2073): 35
LogDevObjectVersion:   Dev-Mobile (B02B49B5-BB20-44E9-A304-32B752E40360): 2
LogDevObjectVersion:   Dev-Networking (A4E4105C-59A1-49B5-A7C5-40C4547EDFEE): 0
LogDevObjectVersion:   Dev-Online (39C831C9-5AE6-47DC-9A44-9C173E1C8E7C): 0
LogDevObjectVersion:   Dev-Physics (78F01B33-EBEA-4F98-B9B4-84EACCB95AA2): 0
LogDevObjectVersion:   Dev-Platform (6631380F-2D4D-43E0-8009-CF276956A95A): 0
LogDevObjectVersion:   Dev-Rendering (12F88B9F-8875-4AFC-A67C-D90C383ABD29): 31
LogDevObjectVersion:   Dev-Sequencer (7B5AE74C-D270-4C10-A958-57980B212A5A): 11
LogDevObjectVersion:   Dev-VR (D7296918-1DD6-4BDD-9DE2-64A83CC13884): 2
LogDevObjectVersion:   Dev-LoadTimes (C2A15278-BFE7-4AFE-6C17-90FF531DF755): 1
LogDevObjectVersion:   Private-Geometry (6EACA3D4-40EC-4CC1-B786-8BED09428FC5): 3
LogDevObjectVersion:   Dev-AnimPhys (29E575DD-E0A3-4627-9D10-D276232CDCEA): 17
LogDevObjectVersion:   Dev-Anim (AF43A65D-7FD3-4947-9873-3E8ED9C1BB05): 2
LogDevObjectVersion:   Dev-ReflectionCapture (6B266CEC-1EC7-4B8F-A30B-E4D90942FC07): 1
LogDevObjectVersion:   Dev-Automation (0DF73D61-A23F-47EA-B727-89E90C41499A): 1
LogDevObjectVersion:   FortniteMain (601D1886-AC64-4F84-AA16-D3DE0DEAC7D6): 27
LogDevObjectVersion:   Dev-Enterprise (9DFFBCD6-494F-0158-E221-12823C92A888): 6
LogDevObjectVersion:   Dev-Niagara (F2AED0AC-9AFE-416F-8664-AA7FFA26D6FC): 1
LogDevObjectVersion:   Dev-Destruction (174F1F0B-B4C6-45A5-B13F-2EE8D0FB917D): 9
LogInit: Presizing for max 16777216 objects, including 0 objects not considered by GC, pre-allocating 0 bytes for permanent pool.
LogInit: Object subsystem initialized
LogConfig: Setting CVar [[con.DebugEarlyDefault:1]]
LogConfig: Setting CVar [[r.setres:1280x720]]
[2020.09.21-03.52.47:027][  0]LogConfig: Setting CVar [[r.VSync:0]]
[2020.09.21-03.52.47:027][  0]LogConfig: Setting CVar [[r.RHICmdBypass:0]]
[2020.09.21-03.52.47:027][  0]LogConfig: Applying CVar settings from Section [/Script/Engine.RendererSettings] File [C:/Users/s181813/Documents/GitHub/GhoulsAndGoblins/GhoulsAndGoodies/Saved/Config/Windows/Engine.ini]
[2020.09.21-03.52.47:027][  0]LogConfig: Setting CVar [[r.GPUCrashDebugging:0]]
[2020.09.21-03.52.47:027][  0]LogConfig: Setting CVar [[r.AllowStaticLighting:0]]
[2020.09.21-03.52.47:027][  0]LogConfig: Applying CVar settings from Section [/Script/Engine.RendererOverrideSettings] File [C:/Users/s181813/Documents/GitHub/GhoulsAndGoblins/GhoulsAndGoodies/Saved/Config/Windows/Engine.ini]
[2020.09.21-03.52.47:027][  0]LogConfig: Applying CVar settings from Section [/Script/Engine.StreamingSettings] File [C:/Users/s181813/Documents/GitHub/GhoulsAndGoblins/GhoulsAndGoodies/Saved/Config/Windows/Engine.ini]
[2020.09.21-03.52.47:027][  0]LogConfig: Setting CVar [[s.MinBulkDataSizeForAsyncLoading:131072]]
[2020.09.21-03.52.47:027][  0]LogConfig: Setting CVar [[s.AsyncLoadingThreadEnabled:0]]
[2020.09.21-03.52.47:027][  0]LogConfig: Setting CVar [[s.EventDrivenLoaderEnabled:1]]
[2020.09.21-03.52.47:027][  0]LogConfig: Setting CVar [[s.WarnIfTimeLimitExceeded:0]]
[2020.09.21-03.52.47:027][  0]LogConfig: Setting CVar [[s.TimeLimitExceededMultiplier:1.5]]
[2020.09.21-03.52.47:028][  0]LogConfig: Setting CVar [[s.TimeLimitExceededMinTime:0.005]]
[2020.09.21-03.52.47:028][  0]LogConfig: Setting CVar [[s.UseBackgroundLevelStreaming:1]]
[2020.09.21-03.52.47:028][  0]LogConfig: Setting CVar [[s.PriorityAsyncLoadingExtraTime:15.0]]
[2020.09.21-03.52.47:028][  0]LogConfig: Setting CVar [[s.LevelStreamingActorsUpdateTimeLimit:5.0]]
[2020.09.21-03.52.47:028][  0]LogConfig: Setting CVar [[s.PriorityLevelStreamingActorsUpdateExtraTime:5.0]]
[2020.09.21-03.52.47:028][  0]LogConfig: Setting CVar [[s.LevelStreamingComponentsRegistrationGranularity:10]]
[2020.09.21-03.52.47:028][  0]LogConfig: Setting CVar [[s.UnregisterComponentsTimeLimit:1.0]]
[2020.09.21-03.52.47:028][  0]LogConfig: Setting CVar [[s.LevelStreamingComponentsUnregistrationGranularity:5]]
[2020.09.21-03.52.47:028][  0]LogConfig: Applying CVar settings from Section [/Script/Engine.GarbageCollectionSettings] File [C:/Users/s181813/Documents/GitHub/GhoulsAndGoblins/GhoulsAndGoodies/Saved/Config/Windows/Engine.ini]
[2020.09.21-03.52.47:028][  0]LogConfig: Setting CVar [[gc.MaxObjectsNotConsideredByGC:1]]
[2020.09.21-03.52.47:028][  0]LogConfig: Setting CVar [[gc.SizeOfPermanentObjectPool:0]]
[2020.09.21-03.52.47:028][  0]LogConfig: Setting CVar [[gc.FlushStreamingOnGC:0]]
[2020.09.21-03.52.47:028][  0]LogConfig: Setting CVar [[gc.NumRetriesBeforeForcingGC:10]]
[2020.09.21-03.52.47:028][  0]LogConfig: Setting CVar [[gc.AllowParallelGC:1]]
[2020.09.21-03.52.47:028][  0]LogConfig: Setting CVar [[gc.TimeBetweenPurgingPendingKillObjects:61.1]]
[2020.09.21-03.52.47:028][  0]LogConfig: Setting CVar [[gc.MaxObjectsInEditor:16777216]]
[2020.09.21-03.52.47:028][  0]LogConfig: Setting CVar [[gc.IncrementalBeginDestroyEnabled:1]]
[2020.09.21-03.52.47:028][  0]LogConfig: Setting CVar [[gc.CreateGCClusters:1]]
[2020.09.21-03.52.47:029][  0]LogConfig: Setting CVar [[gc.MinGCClusterSize:5]]
[2020.09.21-03.52.47:029][  0]LogConfig: Setting CVar [[gc.ActorClusteringEnabled:0]]
[2020.09.21-03.52.47:029][  0]LogConfig: Setting CVar [[gc.BlueprintClusteringEnabled:0]]
[2020.09.21-03.52.47:029][  0]LogConfig: Setting CVar [[gc.UseDisregardForGCOnDedicatedServers:0]]
[2020.09.21-03.52.47:029][  0]LogConfig: Applying CVar settings from Section [/Script/Engine.NetworkSettings] File [C:/Users/s181813/Documents/GitHub/GhoulsAndGoblins/GhoulsAndGoodies/Saved/Config/Windows/Engine.ini]
[2020.09.21-03.52.47:029][  0]LogConfig: Applying CVar settings from Section [/Script/UnrealEd.CookerSettings] File [C:/Users/s181813/Documents/GitHub/GhoulsAndGoblins/GhoulsAndGoodies/Saved/Config/Windows/Engine.ini]
[2020.09.21-03.52.47:037][  0]LogConfig: Applying CVar settings from Section [ViewDistanceQuality@3] File [C:/Users/s181813/Documents/GitHub/GhoulsAndGoblins/GhoulsAndGoodies/Saved/Config/Windows/Scalability.ini]
[2020.09.21-03.52.47:037][  0]LogConfig: Setting CVar [[r.SkeletalMeshLODBias:0]]
[2020.09.21-03.52.47:037][  0]LogConfig: Setting CVar [[r.ViewDistanceScale:1.0]]
[2020.09.21-03.52.47:037][  0]LogConfig: Applying CVar settings from Section [AntiAliasingQuality@3] File [C:/Users/s181813/Documents/GitHub/GhoulsAndGoblins/GhoulsAndGoodies/Saved/Config/Windows/Scalability.ini]
[2020.09.21-03.52.47:037][  0]LogConfig: Setting CVar [[r.PostProcessAAQuality:4]]
[2020.09.21-03.52.47:037][  0]LogConfig: Applying CVar settings from Section [ShadowQuality@3] File [C:/Users/s181813/Documents/GitHub/GhoulsAndGoblins/GhoulsAndGoodies/Saved/Config/Windows/Scalability.ini]
[2020.09.21-03.52.47:037][  0]LogConfig: Setting CVar [[r.LightFunctionQuality:1]]
[2020.09.21-03.52.47:037][  0]LogConfig: Setting CVar [[r.ShadowQuality:5]]
[2020.09.21-03.52.47:037][  0]LogConfig: Setting CVar [[r.Shadow.CSM.MaxCascades:10]]
[2020.09.21-03.52.47:037][  0]LogConfig: Setting CVar [[r.Shadow.MaxResolution:2048]]
[2020.09.21-03.52.47:037][  0]LogConfig: Setting CVar [[r.Shadow.MaxCSMResolution:2048]]
[2020.09.21-03.52.47:037][  0]LogConfig: Setting CVar [[r.Shadow.RadiusThreshold:0.01]]
[2020.09.21-03.52.47:037][  0]LogConfig: Setting CVar [[r.Shadow.DistanceScale:1.0]]
[2020.09.21-03.52.47:037][  0]LogConfig: Setting CVar [[r.Shadow.CSM.TransitionScale:1.0]]
[2020.09.21-03.52.47:037][  0]LogConfig: Setting CVar [[r.Shadow.PreShadowResolutionFactor:1.0]]
[2020.09.21-03.52.47:037][  0]LogConfig: Setting CVar [[r.DistanceFieldShadowing:1]]
[2020.09.21-03.52.47:037][  0]LogConfig: Setting CVar [[r.DistanceFieldAO:1]]
[2020.09.21-03.52.47:037][  0]LogConfig: Setting CVar [[r.AOQuality:2]]
[2020.09.21-03.52.47:037][  0]LogConfig: Setting CVar [[r.VolumetricFog:1]]
[2020.09.21-03.52.47:037][  0]LogConfig: Setting CVar [[r.VolumetricFog.GridPixelSize:8]]
[2020.09.21-03.52.47:038][  0]LogConfig: Setting CVar [[r.VolumetricFog.GridSizeZ:128]]
[2020.09.21-03.52.47:038][  0]LogConfig: Setting CVar [[r.VolumetricFog.HistoryMissSupersampleCount:4]]
[2020.09.21-03.52.47:038][  0]LogConfig: Setting CVar [[r.LightMaxDrawDistanceScale:1]]
[2020.09.21-03.52.47:038][  0]LogConfig: Setting CVar [[r.CapsuleShadows:1]]
[2020.09.21-03.52.47:038][  0]LogConfig: Applying CVar settings from Section [PostProcessQuality@3] File [C:/Users/s181813/Documents/GitHub/GhoulsAndGoblins/GhoulsAndGoodies/Saved/Config/Windows/Scalability.ini]
[2020.09.21-03.52.47:038][  0]LogConfig: Setting CVar [[r.MotionBlurQuality:4]]
[2020.09.21-03.52.47:038][  0]LogConfig: Setting CVar [[r.AmbientOcclusionMipLevelFactor:0.4]]
[2020.09.21-03.52.47:038][  0]LogConfig: Setting CVar [[r.AmbientOcclusionMaxQuality:100]]
[2020.09.21-03.52.47:038][  0]LogConfig: Setting CVar [[r.AmbientOcclusionLevels:-1]]
[2020.09.21-03.52.47:038][  0]LogConfig: Setting CVar [[r.AmbientOcclusionRadiusScale:1.0]]
[2020.09.21-03.52.47:038][  0]LogConfig: Setting CVar [[r.DepthOfFieldQuality:2]]
[2020.09.21-03.52.47:038][  0]LogConfig: Setting CVar [[r.RenderTargetPoolMin:400]]
[2020.09.21-03.52.47:038][  0]LogConfig: Setting CVar [[r.LensFlareQuality:2]]
[2020.09.21-03.52.47:038][  0]LogConfig: Setting CVar [[r.SceneColorFringeQuality:1]]
[2020.09.21-03.52.47:038][  0]LogConfig: Setting CVar [[r.EyeAdaptationQuality:2]]
[2020.09.21-03.52.47:038][  0]LogConfig: Setting CVar [[r.BloomQuality:5]]
[2020.09.21-03.52.47:038][  0]LogConfig: Setting CVar [[r.FastBlurThreshold:100]]
[2020.09.21-03.52.47:039][  0]LogConfig: Setting CVar [[r.Upscale.Quality:3]]
[2020.09.21-03.52.47:039][  0]LogConfig: Setting CVar [[r.Tonemapper.GrainQuantization:1]]
[2020.09.21-03.52.47:039][  0]LogConfig: Setting CVar [[r.LightShaftQuality:1]]
[2020.09.21-03.52.47:039][  0]LogConfig: Setting CVar [[r.Filter.SizeScale:1]]
[2020.09.21-03.52.47:039][  0]LogConfig: Setting CVar [[r.Tonemapper.Quality:5]]
[2020.09.21-03.52.47:039][  0]LogConfig: Setting CVar [[r.DOF.Gather.AccumulatorQuality:1        ; higher gathering accumulator quality]]
[2020.09.21-03.52.47:039][  0]LogConfig: Setting CVar [[r.DOF.Gather.PostfilterMethod:1          ; Median3x3 postfilering method]]
[2020.09.21-03.52.47:039][  0]LogConfig: Setting CVar [[r.DOF.Gather.EnableBokehSettings:0       ; no bokeh simulation when gathering]]
[2020.09.21-03.52.47:039][  0]LogConfig: Setting CVar [[r.DOF.Gather.RingCount:4                 ; medium number of samples when gathering]]
[2020.09.21-03.52.47:039][  0]LogConfig: Setting CVar [[r.DOF.Scatter.ForegroundCompositing:1    ; additive foreground scattering]]
[2020.09.21-03.52.47:039][  0]LogConfig: Setting CVar [[r.DOF.Scatter.BackgroundCompositing:2    ; additive background scattering]]
[2020.09.21-03.52.47:039][  0]LogConfig: Setting CVar [[r.DOF.Scatter.EnableBokehSettings:1      ; bokeh simulation when scattering]]
[2020.09.21-03.52.47:039][  0]LogConfig: Setting CVar [[r.DOF.Scatter.MaxSpriteRatio:0.1         ; only a maximum of 10% of scattered bokeh]]
[2020.09.21-03.52.47:039][  0]LogConfig: Setting CVar [[r.DOF.Recombine.Quality:1                ; cheap slight out of focus]]
[2020.09.21-03.52.47:039][  0]LogConfig: Setting CVar [[r.DOF.Recombine.EnableBokehSettings:0    ; no bokeh simulation on slight out of focus]]
[2020.09.21-03.52.47:040][  0]LogConfig: Setting CVar [[r.DOF.TemporalAAQuality:1                ; more stable temporal accumulation]]
[2020.09.21-03.52.47:040][  0]LogConfig: Setting CVar [[r.DOF.Kernel.MaxForegroundRadius:0.025]]
[2020.09.21-03.52.47:040][  0]LogConfig: Setting CVar [[r.DOF.Kernel.MaxBackgroundRadius:0.025]]
[2020.09.21-03.52.47:040][  0]LogConfig: Applying CVar settings from Section [TextureQuality@3] File [C:/Users/s181813/Documents/GitHub/GhoulsAndGoblins/GhoulsAndGoodies/Saved/Config/Windows/Scalability.ini]
[2020.09.21-03.52.47:040][  0]LogConfig: Setting CVar [[r.Streaming.MipBias:0]]
[2020.09.21-03.52.47:040][  0]LogConfig: Setting CVar [[r.Streaming.AmortizeCPUToGPUCopy:0]]
[2020.09.21-03.52.47:040][  0]LogConfig: Setting CVar [[r.Streaming.MaxNumTexturesToStreamPerFrame:0]]
[2020.09.21-03.52.47:040][  0]LogConfig: Setting CVar [[r.Streaming.Boost:1]]
[2020.09.21-03.52.47:040][  0]LogConfig: Setting CVar [[r.MaxAnisotropy:8]]
[2020.09.21-03.52.47:040][  0]LogConfig: Setting CVar [[r.Streaming.LimitPoolSizeToVRAM:0]]
[2020.09.21-03.52.47:040][  0]LogConfig: Setting CVar [[r.Streaming.PoolSize:1000]]
[2020.09.21-03.52.47:040][  0]LogConfig: Setting CVar [[r.Streaming.MaxEffectiveScreenSize:0]]
[2020.09.21-03.52.47:040][  0]LogConfig: Applying CVar settings from Section [EffectsQuality@3] File [C:/Users/s181813/Documents/GitHub/GhoulsAndGoblins/GhoulsAndGoodies/Saved/Config/Windows/Scalability.ini]
[2020.09.21-03.52.47:040][  0]LogConfig: Setting CVar [[r.TranslucencyLightingVolumeDim:64]]
[2020.09.21-03.52.47:040][  0]LogConfig: Setting CVar [[r.RefractionQuality:2]]
[2020.09.21-03.52.47:041][  0]LogConfig: Setting CVar [[r.SSR.Quality:3]]
[2020.09.21-03.52.47:041][  0]LogConfig: Setting CVar [[r.SceneColorFormat:4]]
[2020.09.21-03.52.47:041][  0]LogConfig: Setting CVar [[r.DetailMode:2]]
[2020.09.21-03.52.47:041][  0]LogConfig: Setting CVar [[r.TranslucencyVolumeBlur:1]]
[2020.09.21-03.52.47:041][  0]LogConfig: Setting CVar [[r.MaterialQualityLevel:1 ; High quality]]
[2020.09.21-03.52.47:041][  0]LogConfig: Setting CVar [[r.SSS.Scale:1]]
[2020.09.21-03.52.47:041][  0]LogConfig: Setting CVar [[r.SSS.SampleSet:2]]
[2020.09.21-03.52.47:041][  0]LogConfig: Setting CVar [[r.SSS.Quality:1]]
[2020.09.21-03.52.47:041][  0]LogConfig: Setting CVar [[r.SSS.HalfRes:1]]
[2020.09.21-03.52.47:041][  0]LogConfig: Setting CVar [[r.EmitterSpawnRateScale:1.0]]
[2020.09.21-03.52.47:041][  0]LogConfig: Setting CVar [[r.ParticleLightQuality:2]]
[2020.09.21-03.52.47:041][  0]LogConfig: Applying CVar settings from Section [FoliageQuality@3] File [C:/Users/s181813/Documents/GitHub/GhoulsAndGoblins/GhoulsAndGoodies/Saved/Config/Windows/Scalability.ini]
[2020.09.21-03.52.47:041][  0]LogConfig: Setting CVar [[foliage.DensityScale:1.0]]
[2020.09.21-03.52.47:041][  0]LogConfig: Setting CVar [[grass.DensityScale:1.0]]
[2020.09.21-03.52.47:041][  0]LogInit: Selected Device Profile: [Windows]
[2020.09.21-03.52.47:041][  0]LogInit: Applying CVar settings loaded from the selected device profile: [Windows]
[2020.09.21-03.52.47:050][  0]LogHAL: Display: Platform has ~ 32 GB [34241372160 / 34359738368 / 32], which maps to Largest [LargestMinGB=32, LargerMinGB=12, DefaultMinGB=8, SmallerMinGB=6, SmallestMinGB=0)
[2020.09.21-03.52.47:050][  0]LogInit: Going up to parent DeviceProfile []
[2020.09.21-03.52.47:050][  0]LogConfig: Applying CVar settings from Section [ViewDistanceQuality@3] File [C:/Users/s181813/Documents/GitHub/GhoulsAndGoblins/GhoulsAndGoodies/Saved/Config/Windows/Scalability.ini]
[2020.09.21-03.52.47:050][  0]LogConfig: Setting CVar [[r.SkeletalMeshLODBias:0]]
[2020.09.21-03.52.47:050][  0]LogConfig: Setting CVar [[r.ViewDistanceScale:1.0]]
[2020.09.21-03.52.47:050][  0]LogConfig: Applying CVar settings from Section [AntiAliasingQuality@3] File [C:/Users/s181813/Documents/GitHub/GhoulsAndGoblins/GhoulsAndGoodies/Saved/Config/Windows/Scalability.ini]
[2020.09.21-03.52.47:051][  0]LogConfig: Setting CVar [[r.PostProcessAAQuality:4]]
[2020.09.21-03.52.47:051][  0]LogConfig: Applying CVar settings from Section [ShadowQuality@3] File [C:/Users/s181813/Documents/GitHub/GhoulsAndGoblins/GhoulsAndGoodies/Saved/Config/Windows/Scalability.ini]
[2020.09.21-03.52.47:051][  0]LogConfig: Setting CVar [[r.LightFunctionQuality:1]]
[2020.09.21-03.52.47:051][  0]LogConfig: Setting CVar [[r.ShadowQuality:5]]
[2020.09.21-03.52.47:051][  0]LogConfig: Setting CVar [[r.Shadow.CSM.MaxCascades:10]]
[2020.09.21-03.52.47:051][  0]LogConfig: Setting CVar [[r.Shadow.MaxResolution:2048]]
[2020.09.21-03.52.47:051][  0]LogConfig: Setting CVar [[r.Shadow.MaxCSMResolution:2048]]
[2020.09.21-03.52.47:051][  0]LogConfig: Setting CVar [[r.Shadow.RadiusThreshold:0.01]]
[2020.09.21-03.52.47:051][  0]LogConfig: Setting CVar [[r.Shadow.DistanceScale:1.0]]
[2020.09.21-03.52.47:051][  0]LogConfig: Setting CVar [[r.Shadow.CSM.TransitionScale:1.0]]
[2020.09.21-03.52.47:051][  0]LogConfig: Setting CVar [[r.Shadow.PreShadowResolutionFactor:1.0]]
[2020.09.21-03.52.47:051][  0]LogConfig: Setting CVar [[r.DistanceFieldShadowing:1]]
[2020.09.21-03.52.47:051][  0]LogConfig: Setting CVar [[r.DistanceFieldAO:1]]
[2020.09.21-03.52.47:051][  0]LogConfig: Setting CVar [[r.AOQuality:2]]
[2020.09.21-03.52.47:051][  0]LogConfig: Setting CVar [[r.VolumetricFog:1]]
[2020.09.21-03.52.47:051][  0]LogConfig: Setting CVar [[r.VolumetricFog.GridPixelSize:8]]
[2020.09.21-03.52.47:052][  0]LogConfig: Setting CVar [[r.VolumetricFog.GridSizeZ:128]]
[2020.09.21-03.52.47:052][  0]LogConfig: Setting CVar [[r.VolumetricFog.HistoryMissSupersampleCount:4]]
[2020.09.21-03.52.47:052][  0]LogConfig: Setting CVar [[r.LightMaxDrawDistanceScale:1]]
[2020.09.21-03.52.47:052][  0]LogConfig: Setting CVar [[r.CapsuleShadows:1]]
[2020.09.21-03.52.47:052][  0]LogConfig: Applying CVar settings from Section [PostProcessQuality@3] File [C:/Users/s181813/Documents/GitHub/GhoulsAndGoblins/GhoulsAndGoodies/Saved/Config/Windows/Scalability.ini]
[2020.09.21-03.52.47:052][  0]LogConfig: Setting CVar [[r.MotionBlurQuality:4]]
[2020.09.21-03.52.47:052][  0]LogConfig: Setting CVar [[r.AmbientOcclusionMipLevelFactor:0.4]]
[2020.09.21-03.52.47:052][  0]LogConfig: Setting CVar [[r.AmbientOcclusionMaxQuality:100]]
[2020.09.21-03.52.47:052][  0]LogConfig: Setting CVar [[r.AmbientOcclusionLevels:-1]]
[2020.09.21-03.52.47:052][  0]LogConfig: Setting CVar [[r.AmbientOcclusionRadiusScale:1.0]]
[2020.09.21-03.52.47:052][  0]LogConfig: Setting CVar [[r.DepthOfFieldQuality:2]]
[2020.09.21-03.52.47:052][  0]LogConfig: Setting CVar [[r.RenderTargetPoolMin:400]]
[2020.09.21-03.52.47:052][  0]LogConfig: Setting CVar [[r.LensFlareQuality:2]]
[2020.09.21-03.52.47:052][  0]LogConfig: Setting CVar [[r.SceneColorFringeQuality:1]]
[2020.09.21-03.52.47:052][  0]LogConfig: Setting CVar [[r.EyeAdaptationQuality:2]]
[2020.09.21-03.52.47:052][  0]LogConfig: Setting CVar [[r.BloomQuality:5]]
[2020.09.21-03.52.47:053][  0]LogConfig: Setting CVar [[r.FastBlurThreshold:100]]
[2020.09.21-03.52.47:053][  0]LogConfig: Setting CVar [[r.Upscale.Quality:3]]
[2020.09.21-03.52.47:053][  0]LogConfig: Setting CVar [[r.Tonemapper.GrainQuantization:1]]
[2020.09.21-03.52.47:053][  0]LogConfig: Setting CVar [[r.LightShaftQuality:1]]
[2020.09.21-03.52.47:053][  0]LogConfig: Setting CVar [[r.Filter.SizeScale:1]]
[2020.09.21-03.52.47:053][  0]LogConfig: Setting CVar [[r.Tonemapper.Quality:5]]
[2020.09.21-03.52.47:053][  0]LogConfig: Setting CVar [[r.DOF.Gather.AccumulatorQuality:1        ; higher gathering accumulator quality]]
[2020.09.21-03.52.47:053][  0]LogConfig: Setting CVar [[r.DOF.Gather.PostfilterMethod:1          ; Median3x3 postfilering method]]
[2020.09.21-03.52.47:053][  0]LogConfig: Setting CVar [[r.DOF.Gather.EnableBokehSettings:0       ; no bokeh simulation when gathering]]
[2020.09.21-03.52.47:053][  0]LogConfig: Setting CVar [[r.DOF.Gather.RingCount:4                 ; medium number of samples when gathering]]
[2020.09.21-03.52.47:053][  0]LogConfig: Setting CVar [[r.DOF.Scatter.ForegroundCompositing:1    ; additive foreground scattering]]
[2020.09.21-03.52.47:053][  0]LogConfig: Setting CVar [[r.DOF.Scatter.BackgroundCompositing:2    ; additive background scattering]]
[2020.09.21-03.52.47:053][  0]LogConfig: Setting CVar [[r.DOF.Scatter.EnableBokehSettings:1      ; bokeh simulation when scattering]]
[2020.09.21-03.52.47:053][  0]LogConfig: Setting CVar [[r.DOF.Scatter.MaxSpriteRatio:0.1         ; only a maximum of 10% of scattered bokeh]]
[2020.09.21-03.52.47:053][  0]LogConfig: Setting CVar [[r.DOF.Recombine.Quality:1                ; cheap slight out of focus]]
[2020.09.21-03.52.47:053][  0]LogConfig: Setting CVar [[r.DOF.Recombine.EnableBokehSettings:0    ; no bokeh simulation on slight out of focus]]
[2020.09.21-03.52.47:053][  0]LogConfig: Setting CVar [[r.DOF.TemporalAAQuality:1                ; more stable temporal accumulation]]
[2020.09.21-03.52.47:054][  0]LogConfig: Setting CVar [[r.DOF.Kernel.MaxForegroundRadius:0.025]]
[2020.09.21-03.52.47:054][  0]LogConfig: Setting CVar [[r.DOF.Kernel.MaxBackgroundRadius:0.025]]
[2020.09.21-03.52.47:054][  0]LogConfig: Applying CVar settings from Section [TextureQuality@3] File [C:/Users/s181813/Documents/GitHub/GhoulsAndGoblins/GhoulsAndGoodies/Saved/Config/Windows/Scalability.ini]
[2020.09.21-03.52.47:054][  0]LogConfig: Setting CVar [[r.Streaming.MipBias:0]]
[2020.09.21-03.52.47:054][  0]LogConfig: Setting CVar [[r.Streaming.AmortizeCPUToGPUCopy:0]]
[2020.09.21-03.52.47:054][  0]LogConfig: Setting CVar [[r.Streaming.MaxNumTexturesToStreamPerFrame:0]]
[2020.09.21-03.52.47:054][  0]LogConfig: Setting CVar [[r.Streaming.Boost:1]]
[2020.09.21-03.52.47:054][  0]LogConfig: Setting CVar [[r.MaxAnisotropy:8]]
[2020.09.21-03.52.47:054][  0]LogConfig: Setting CVar [[r.Streaming.LimitPoolSizeToVRAM:0]]
[2020.09.21-03.52.47:054][  0]LogConfig: Setting CVar [[r.Streaming.PoolSize:1000]]
[2020.09.21-03.52.47:054][  0]LogConfig: Setting CVar [[r.Streaming.MaxEffectiveScreenSize:0]]
[2020.09.21-03.52.47:054][  0]LogConfig: Applying CVar settings from Section [EffectsQuality@3] File [C:/Users/s181813/Documents/GitHub/GhoulsAndGoblins/GhoulsAndGoodies/Saved/Config/Windows/Scalability.ini]
[2020.09.21-03.52.47:054][  0]LogConfig: Setting CVar [[r.TranslucencyLightingVolumeDim:64]]
[2020.09.21-03.52.47:055][  0]LogConfig: Setting CVar [[r.RefractionQuality:2]]
[2020.09.21-03.52.47:055][  0]LogConfig: Setting CVar [[r.SSR.Quality:3]]
[2020.09.21-03.52.47:055][  0]LogConfig: Setting CVar [[r.SceneColorFormat:4]]
[2020.09.21-03.52.47:055][  0]LogConfig: Setting CVar [[r.DetailMode:2]]
[2020.09.21-03.52.47:055][  0]LogConfig: Setting CVar [[r.TranslucencyVolumeBlur:1]]
[2020.09.21-03.52.47:055][  0]LogConfig: Setting CVar [[r.MaterialQualityLevel:1 ; High quality]]
[2020.09.21-03.52.47:055][  0]LogConfig: Setting CVar [[r.SSS.Scale:1]]
[2020.09.21-03.52.47:055][  0]LogConfig: Setting CVar [[r.SSS.SampleSet:2]]
[2020.09.21-03.52.47:055][  0]LogConfig: Setting CVar [[r.SSS.Quality:1]]
[2020.09.21-03.52.47:055][  0]LogConfig: Setting CVar [[r.SSS.HalfRes:1]]
[2020.09.21-03.52.47:055][  0]LogConfig: Setting CVar [[r.EmitterSpawnRateScale:1.0]]
[2020.09.21-03.52.47:055][  0]LogConfig: Setting CVar [[r.ParticleLightQuality:2]]
[2020.09.21-03.52.47:055][  0]LogConfig: Applying CVar settings from Section [FoliageQuality@3] File [C:/Users/s181813/Documents/GitHub/GhoulsAndGoblins/GhoulsAndGoodies/Saved/Config/Windows/Scalability.ini]
[2020.09.21-03.52.47:055][  0]LogConfig: Setting CVar [[foliage.DensityScale:1.0]]
[2020.09.21-03.52.47:055][  0]LogConfig: Setting CVar [[grass.DensityScale:1.0]]
[2020.09.21-03.52.47:056][  0]LogConfig: Applying CVar settings from Section [Startup] File [../../../Engine/Config/ConsoleVariables.ini]
[2020.09.21-03.52.47:056][  0]LogConfig: Setting CVar [[net.UseAdaptiveNetUpdateFrequency:0]]
[2020.09.21-03.52.47:056][  0]LogConfig: Setting CVar [[p.chaos.AllowCreatePhysxBodies:1]]
[2020.09.21-03.52.47:056][  0]LogConfig: Applying CVar settings from Section [ConsoleVariables] File [C:/Users/s181813/Documents/GitHub/GhoulsAndGoblins/GhoulsAndGoodies/Saved/Config/Windows/Engine.ini]
[2020.09.21-03.52.47:056][  0]LogInit: Computer: SYD-19EF44
[2020.09.21-03.52.47:056][  0]LogInit: User: s181813
[2020.09.21-03.52.47:056][  0]LogInit: CPU Page size=4096, Cores=4
[2020.09.21-03.52.47:057][  0]LogInit: High frequency timer resolution =10.000000 MHz
[2020.09.21-03.52.47:057][  0]LogMemory: Memory total: Physical=31.9GB (32GB approx)
[2020.09.21-03.52.47:057][  0]LogMemory: Platform Memory Stats for Windows
[2020.09.21-03.52.47:057][  0]LogMemory: Process Physical Memory: 100.69 MB used, 100.69 MB peak
[2020.09.21-03.52.47:057][  0]LogMemory: Process Virtual Memory: 88.57 MB used, 88.57 MB peak
[2020.09.21-03.52.47:057][  0]LogMemory: Physical Memory: 9965.02 MB used,  22690.09 MB free, 32655.12 MB total
[2020.09.21-03.52.47:057][  0]LogMemory: Virtual Memory: 4656.43 MB used,  134213072.00 MB free, 134217728.00 MB total
[2020.09.21-03.52.47:067][  0]LogWindows: WindowsPlatformFeatures enabled
[2020.09.21-03.52.47:421][  0]LogInit: Using OS detected language (en-US).
[2020.09.21-03.52.47:421][  0]LogInit: Using OS detected locale (en-AU).
[2020.09.21-03.52.47:422][  0]LogTextLocalizationManager: No specific localization for 'en-US' exists, so the 'en' localization will be used.
[2020.09.21-03.52.47:672][  0]LogInit: Setting process to per monitor DPI aware
[2020.09.21-03.52.47:784][  0]LogSlate: New Slate User Created.  User Index 0, Is Virtual User: 0
[2020.09.21-03.52.47:784][  0]LogSlate: Slate User Registered.  User Index 0, Is Virtual User: 0
[2020.09.21-03.52.49:912][  0]LogHMD: Failed to initialize OpenVR with code 110
[2020.09.21-03.52.49:912][  0]LogD3D11RHI: D3D11 adapters:
[2020.09.21-03.52.49:986][  0]LogD3D11RHI:    0. 'NVIDIA GeForce GTX 770' (Feature Level 11_0)
[2020.09.21-03.52.49:986][  0]LogD3D11RHI:       2007/0/16327 MB DedicatedVideo/DedicatedSystem/SharedSystem, Outputs:2, VendorId:0x10de
[2020.09.21-03.52.50:001][  0]LogD3D11RHI:    1. 'Intel(R) HD Graphics 4600' (Feature Level 11_0)
[2020.09.21-03.52.50:001][  0]LogD3D11RHI:       112/0/2048 MB DedicatedVideo/DedicatedSystem/SharedSystem, Outputs:0, VendorId:0x8086
[2020.09.21-03.52.50:006][  0]LogD3D11RHI:    2. 'Microsoft Basic Render Driver' (Feature Level 11_0)
[2020.09.21-03.52.50:007][  0]LogD3D11RHI:       0/0/16327 MB DedicatedVideo/DedicatedSystem/SharedSystem, Outputs:0, VendorId:0x1414
[2020.09.21-03.52.50:007][  0]LogD3D11RHI: Chosen D3D11 Adapter: 0
[2020.09.21-03.52.50:014][  0]LogD3D11RHI: Creating new Direct3DDevice
[2020.09.21-03.52.50:015][  0]LogD3D11RHI:     GPU DeviceId: 0x1184 (for the marketing name, search the web for "GPU Device Id")
[2020.09.21-03.52.50:015][  0]LogWindows: EnumDisplayDevices:
[2020.09.21-03.52.50:015][  0]LogWindows:    0. 'NVIDIA GeForce GTX 770' (P:1 D:1)
[2020.09.21-03.52.50:015][  0]LogWindows:    1. 'NVIDIA GeForce GTX 770' (P:0 D:1)
[2020.09.21-03.52.50:016][  0]LogWindows:    2. 'NVIDIA GeForce GTX 770' (P:0 D:0)
[2020.09.21-03.52.50:016][  0]LogWindows:    3. 'NVIDIA GeForce GTX 770' (P:0 D:0)
[2020.09.21-03.52.50:016][  0]LogWindows:    4. 'Intel(R) HD Graphics 4600' (P:0 D:0)
[2020.09.21-03.52.50:017][  0]LogWindows:    5. 'Intel(R) HD Graphics 4600' (P:0 D:0)
[2020.09.21-03.52.50:017][  0]LogWindows:    6. 'Intel(R) HD Graphics 4600' (P:0 D:0)
[2020.09.21-03.52.50:017][  0]LogWindows: DebugString: PrimaryIsNotTheChoosenAdapter PrimaryIsNotTheChoosenAdapter PrimaryIsNotTheChoosenAdapter FoundDriverCount:4 
[2020.09.21-03.52.50:018][  0]LogD3D11RHI:     Adapter Name: NVIDIA GeForce GTX 770
[2020.09.21-03.52.50:018][  0]LogD3D11RHI:   Driver Version: 451.67 (internal:27.21.14.5167, unified:451.67)
[2020.09.21-03.52.50:018][  0]LogD3D11RHI:      Driver Date: 7-5-2020
[2020.09.21-03.52.50:018][  0]LogRHI: Texture pool is 1404 MB (70% of 2007 MB)
[2020.09.21-03.52.50:068][  0]LogD3D11RHI: Async texture creation enabled
[2020.09.21-03.52.50:084][  0]LogD3D11RHI: GPU Timing Frequency: 1000.000000 (Debug: 2 1)
[2020.09.21-03.52.50:335][  0]LogTemp: Display: Module 'AllDesktopTargetPlatform' loaded TargetPlatform 'AllDesktop'
[2020.09.21-03.52.50:346][  0]LogTemp: Display: Module 'MacClientTargetPlatform' loaded TargetPlatform 'MacClient'
[2020.09.21-03.52.50:356][  0]LogTemp: Display: Module 'MacNoEditorTargetPlatform' loaded TargetPlatform 'MacNoEditor'
[2020.09.21-03.52.50:368][  0]LogTemp: Display: Module 'MacServerTargetPlatform' loaded TargetPlatform 'MacServer'
[2020.09.21-03.52.50:387][  0]LogTemp: Display: Module 'MacTargetPlatform' loaded TargetPlatform 'Mac'
[2020.09.21-03.52.50:401][  0]LogTemp: Display: Module 'WindowsClientTargetPlatform' loaded TargetPlatform 'WindowsClient'
[2020.09.21-03.52.50:412][  0]LogTemp: Display: Module 'WindowsNoEditorTargetPlatform' loaded TargetPlatform 'WindowsNoEditor'
[2020.09.21-03.52.50:422][  0]LogTemp: Display: Module 'WindowsServerTargetPlatform' loaded TargetPlatform 'WindowsServer'
[2020.09.21-03.52.50:428][  0]LogTemp: Display: Module 'WindowsTargetPlatform' loaded TargetPlatform 'Windows'
[2020.09.21-03.52.50:470][  0]LogTemp: Display: Module 'AndroidTargetPlatform' loaded TargetPlatform 'Android'
[2020.09.21-03.52.50:470][  0]LogTemp: Display: Module 'AndroidTargetPlatform' loaded TargetPlatform 'Android_ASTC'
[2020.09.21-03.52.50:470][  0]LogTemp: Display: Module 'AndroidTargetPlatform' loaded TargetPlatform 'Android_ATC'
[2020.09.21-03.52.50:471][  0]LogTemp: Display: Module 'AndroidTargetPlatform' loaded TargetPlatform 'Android_DXT'
[2020.09.21-03.52.50:471][  0]LogTemp: Display: Module 'AndroidTargetPlatform' loaded TargetPlatform 'Android_ETC1'
[2020.09.21-03.52.50:471][  0]LogTemp: Display: Module 'AndroidTargetPlatform' loaded TargetPlatform 'Android_ETC1a'
[2020.09.21-03.52.50:471][  0]LogTemp: Display: Module 'AndroidTargetPlatform' loaded TargetPlatform 'Android_ETC2'
[2020.09.21-03.52.50:471][  0]LogTemp: Display: Module 'AndroidTargetPlatform' loaded TargetPlatform 'Android_PVRTC'
[2020.09.21-03.52.50:471][  0]LogTemp: Display: Module 'AndroidTargetPlatform' loaded TargetPlatform 'AndroidClient'
[2020.09.21-03.52.50:471][  0]LogTemp: Display: Module 'AndroidTargetPlatform' loaded TargetPlatform 'Android_ASTCClient'
[2020.09.21-03.52.50:471][  0]LogTemp: Display: Module 'AndroidTargetPlatform' loaded TargetPlatform 'Android_ATCClient'
[2020.09.21-03.52.50:472][  0]LogTemp: Display: Module 'AndroidTargetPlatform' loaded TargetPlatform 'Android_DXTClient'
[2020.09.21-03.52.50:472][  0]LogTemp: Display: Module 'AndroidTargetPlatform' loaded TargetPlatform 'Android_ETC1Client'
[2020.09.21-03.52.50:472][  0]LogTemp: Display: Module 'AndroidTargetPlatform' loaded TargetPlatform 'Android_ETC1aClient'
[2020.09.21-03.52.50:472][  0]LogTemp: Display: Module 'AndroidTargetPlatform' loaded TargetPlatform 'Android_ETC2Client'
[2020.09.21-03.52.50:472][  0]LogTemp: Display: Module 'AndroidTargetPlatform' loaded TargetPlatform 'Android_PVRTCClient'
[2020.09.21-03.52.50:472][  0]LogTemp: Display: Module 'AndroidTargetPlatform' loaded TargetPlatform 'Android_Multi'
[2020.09.21-03.52.50:472][  0]LogTemp: Display: Module 'AndroidTargetPlatform' loaded TargetPlatform 'Android_MultiClient'
[2020.09.21-03.52.50:476][  0]LogTemp: Display: Module 'HTML5TargetPlatform' loaded TargetPlatform 'HTML5'
[2020.09.21-03.52.50:507][  0]LogTemp: Display: Module 'IOSTargetPlatform' loaded TargetPlatform 'IOSClient'
[2020.09.21-03.52.50:507][  0]LogTemp: Display: Module 'IOSTargetPlatform' loaded TargetPlatform 'IOS'
[2020.09.21-03.52.50:522][  0]LogTemp: Display: Module 'TVOSTargetPlatform' loaded TargetPlatform 'TVOSClient'
[2020.09.21-03.52.50:523][  0]LogTemp: Display: Module 'TVOSTargetPlatform' loaded TargetPlatform 'TVOS'
[2020.09.21-03.52.50:532][  0]LogTemp: Display: Module 'LinuxClientTargetPlatform' loaded TargetPlatform 'LinuxClient'
[2020.09.21-03.52.50:540][  0]LogTemp: Display: Module 'LinuxNoEditorTargetPlatform' loaded TargetPlatform 'LinuxNoEditor'
[2020.09.21-03.52.50:550][  0]LogTemp: Display: Module 'LinuxServerTargetPlatform' loaded TargetPlatform 'LinuxServer'
[2020.09.21-03.52.50:567][  0]LogTemp: Display: Module 'LinuxTargetPlatform' loaded TargetPlatform 'Linux'
[2020.09.21-03.52.50:598][  0]LogTemp: Display: Module 'LuminTargetPlatform' loaded TargetPlatform 'Lumin'
[2020.09.21-03.52.50:598][  0]LogTemp: Display: Module 'LuminTargetPlatform' loaded TargetPlatform 'LuminClient'
[2020.09.21-03.52.50:598][  0]LogTargetPlatformManager: Display: Building Assets For Windows
[2020.09.21-03.52.50:647][  0]LogAudioDebug: Display: Lib vorbis DLL was dynamically loaded.
[2020.09.21-03.52.50:756][  0]LogShaderCompilers: Guid format shader working directory is -35 characters bigger than the processId version (../../../../../../Users/s181813/Documents/GitHub/GhoulsAndGoblins/GhoulsAndGoodies/Intermediate/Shaders/WorkingDirectory/20932/).
[2020.09.21-03.52.50:756][  0]LogShaderCompilers: Cleaned the shader compiler working directory 'C:/Users/s181813/AppData/Local/Temp/UnrealShaderWorkingDir/E15B27C74BA2F988AD1C18A92A4EECA4/'.
[2020.09.21-03.52.50:759][  0]LogXGEController: Cleaning working directory: C:/Users/s181813/AppData/Local/Temp/UnrealXGEWorkingDir/
[2020.09.21-03.52.50:759][  0]LogXGEController: Cannot use XGE Controller as Incredibuild is not installed on this machine.
[2020.09.21-03.52.50:759][  0]LogShaderCompilers: Cannot use XGE Shader Compiler as Incredibuild is not installed on this machine.
[2020.09.21-03.52.50:759][  0]LogShaderCompilers: Display: Using Local Shader Compiler.
[2020.09.21-03.52.52:969][  0]LogDerivedDataCache: Display: Max Cache Size: 512 MB
[2020.09.21-03.52.53:041][  0]LogDerivedDataCache: Loaded boot cache 0.07s 89MB C:/Users/s181813/AppData/Local/UnrealEngine/4.23/DerivedDataCache/Boot.ddc.
[2020.09.21-03.52.53:042][  0]LogDerivedDataCache: Display: Loaded Boot cache: C:/Users/s181813/AppData/Local/UnrealEngine/4.23/DerivedDataCache/Boot.ddc
[2020.09.21-03.52.53:042][  0]LogDerivedDataCache: FDerivedDataBackendGraph:  Pak pak cache file ../../../../../../Users/s181813/Documents/GitHub/GhoulsAndGoblins/GhoulsAndGoodies/DerivedDataCache/DDC.ddp not found, will not use a pak cache.
[2020.09.21-03.52.53:042][  0]LogDerivedDataCache: Unable to find inner node Pak for hierarchical cache Hierarchy.
[2020.09.21-03.52.53:042][  0]LogDerivedDataCache: FDerivedDataBackendGraph:  CompressedPak pak cache file ../../../../../../Users/s181813/Documents/GitHub/GhoulsAndGoblins/GhoulsAndGoodies/DerivedDataCache/Compressed.ddp not found, will not use a pak cache.
[2020.09.21-03.52.53:042][  0]LogDerivedDataCache: Unable to find inner node CompressedPak for hierarchical cache Hierarchy.
[2020.09.21-03.52.53:064][  0]LogDerivedDataCache: Display: Pak cache opened for reading ../../../Engine/DerivedDataCache/Compressed.ddp.
[2020.09.21-03.52.53:064][  0]LogDerivedDataCache: FDerivedDataBackendGraph:  EnterprisePak pak cache file ../../../Enterprise/DerivedDataCache/Compressed.ddp not found, will not use a pak cache.
[2020.09.21-03.52.53:064][  0]LogDerivedDataCache: Unable to find inner node EnterprisePak for hierarchical cache Hierarchy.
[2020.09.21-03.52.53:067][  0]LogDerivedDataCache: Using Local data cache path C:/Users/s181813/AppData/Local/UnrealEngine/Common/DerivedDataCache: Writable
[2020.09.21-03.52.53:067][  0]LogDerivedDataCache: Shared data cache path not found in *engine.ini, will not use an Shared cache.
[2020.09.21-03.52.53:067][  0]LogDerivedDataCache: Unable to find inner node Shared for hierarchical cache Hierarchy.
[2020.09.21-03.52.53:100][  0]LogMaterial: Verifying Global Shaders for PCD3D_SM5
[2020.09.21-03.52.53:103][  0]LogSlate: Using FreeType 2.6.0
[2020.09.21-03.52.53:124][  0]LogSlate: SlateFontServices - WITH_FREETYPE: 1, WITH_HARFBUZZ: 1
[2020.09.21-03.52.53:206][  0]LogAssetRegistry: FAssetRegistry took 0.0051 seconds to start up
[2020.09.21-03.52.53:475][  0]LogInit: Selected Device Profile: [Windows]
[2020.09.21-03.52.53:714][  0]LogMeshReduction: Using QuadricMeshReduction for automatic static mesh reduction
[2020.09.21-03.52.53:714][  0]LogMeshReduction: Using SimplygonMeshReduction for automatic skeletal mesh reduction
[2020.09.21-03.52.53:714][  0]LogMeshReduction: Using ProxyLODMeshReduction for automatic mesh merging
[2020.09.21-03.52.53:714][  0]LogMeshReduction: No distributed automatic mesh merging module available
[2020.09.21-03.52.53:714][  0]LogMeshMerging: No distributed automatic mesh merging module available
[2020.09.21-03.52.53:747][  0]LogNetVersion: GhoulsAndGoodies 1.0.0, NetCL: 8386587, EngineNetVer: 11, GameNetVer: 0 (Checksum: 1842056771)
[2020.09.21-03.52.54:762][  0]LogPackageLocalizationCache: Processed 12 localized package path(s) for 1 prioritized culture(s) in 0.056500 seconds
[2020.09.21-03.52.54:768][  0]LogUObjectArray: 43444 objects as part of root set at end of initial load.
[2020.09.21-03.52.54:769][  0]LogUObjectAllocator: 7548648 out of 0 bytes used by permanent object pool.
[2020.09.21-03.52.54:769][  0]LogUObjectArray: CloseDisregardForGC: 0/0 objects in disregard for GC pool
[2020.09.21-03.52.56:161][  0]LogTcpMessaging: Initializing TcpMessaging bridge
[2020.09.21-03.52.56:168][  0]LogUdpMessaging: Initializing bridge on interface 0.0.0.0:0 to multicast group 230.0.0.1:6666.
[2020.09.21-03.52.56:773][  0]LogScript: Warning: Script Msg: No world was found for object (/Script/GhoulsAndGoodies.Default__GhoulsAndGoodiesGameMode) passed in to UEngine::GetWorldFromContextObject().
[2020.09.21-03.52.57:061][  0]SourceControl: Source control is disabled
[2020.09.21-03.52.57:061][  0]SourceControl: Source control is disabled
[2020.09.21-03.52.57:064][  0]SourceControl: Source control is disabled
[2020.09.21-03.52.57:068][  0]SourceControl: Source control is disabled
[2020.09.21-03.52.57:233][  0]LogAndroidPermission: UAndroidPermissionCallbackProxy::GetInstance
[2020.09.21-03.52.57:429][  0]LogOcInput: OculusInput pre-init called
[2020.09.21-03.52.57:439][  0]LogWindows: Failed to load 'OVRPlugin.dll' (GetLastError=126)
[2020.09.21-03.52.57:439][  0]LogWindows: File 'OVRPlugin.dll' does not exist
[2020.09.21-03.52.57:546][  0]LogEngine: Initializing Engine...
[2020.09.21-03.52.57:547][  0]LogHMD: Failed to initialize OpenVR with code 110
[2020.09.21-03.52.57:548][  0]LogStats: UGameplayTagsManager::InitializeManager -  0.000 s
[2020.09.21-03.52.57:970][  0]LogInit: Initializing FReadOnlyCVARCache
[2020.09.21-03.52.57:988][  0]LogAIModule: Creating AISystem for world Untitled
[2020.09.21-03.52.58:001][  0]LogInit: XAudio2 using 'Speakers (Realtek High Definition Audio)' : 2 channels at 48 kHz using 32 bits per sample (channel mask 0x3)
[2020.09.21-03.52.58:056][  0]LogInit: FAudioDevice initialized.
[2020.09.21-03.52.58:057][  0]LogNetVersion: Set ProjectVersion to 1.0.0.0. Version Checksum will be recalculated on next use.
[2020.09.21-03.52.58:186][  0]LogDerivedDataCache: Saved boot cache 0.13s 89MB C:/Users/s181813/AppData/Local/UnrealEngine/4.23/DerivedDataCache/Boot.ddc.
[2020.09.21-03.52.58:191][  0]LogInit: Texture streaming: Enabled
[2020.09.21-03.52.58:219][  0]LogEngineSessionManager: EngineSessionManager initialized
[2020.09.21-03.52.58:219][  0]LogEngineSessionManager: EngineSessionManager sent abnormal shutdown report. Type=Debugger, SessionId={21408F36-4E22-CB55-6F24-B88DC623046B}
[2020.09.21-03.52.58:220][  0]LogEditorSessionSummary: Verbose: Initializing EditorSessionSummaryWriter for editor session tracking
[2020.09.21-03.52.58:221][  0]LogEditorSessionSummary: EditorSessionSummaryWriter initialized
[2020.09.21-03.52.58:291][  0]LogInit: Transaction tracking system initialized
[2020.09.21-03.52.58:339][  0]BlueprintLog: New page: Editor Load
[2020.09.21-03.52.58:459][  0]LocalizationService: Localization service is disabled
[2020.09.21-03.52.59:091][  0]LogFileCache: Scanning file cache for directory 'C:/Users/s181813/Documents/GitHub/GhoulsAndGoblins/GhoulsAndGoodies/Content/' took 0.01s
[2020.09.21-03.52.59:091][  0]LogCook: Display: Max memory allowance for cook 16384mb min free memory 0mb
[2020.09.21-03.52.59:091][  0]LogCook: Display: Mobile HDR setting 1
[2020.09.21-03.52.59:448][  0]SourceControl: Source control is disabled
[2020.09.21-03.52.59:449][  0]Cmd: MAP LOAD FILE="../../../../../../Users/s181813/Documents/GitHub/GhoulsAndGoblins/GhoulsAndGoodies/Content/TopDownCPP/Maps/TopDownExampleMap.umap" TEMPLATE=0 SHOWPROGRESS=1 FEATURELEVEL=3
[2020.09.21-03.52.59:449][  0]LightingResults: New page: Lighting Build
[2020.09.21-03.52.59:452][  0]LogWorld: UWorld::CleanupWorld for Untitled, bSessionEnded=true, bCleanupResources=true
[2020.09.21-03.52.59:453][  0]MapCheck: New page: Map Check
[2020.09.21-03.52.59:453][  0]LightingResults: New page: Lighting Build
[2020.09.21-03.52.59:478][  0]LogUObjectHash: Compacting FUObjectHashTables data took   2.10ms
[2020.09.21-03.52.59:666][  0]LogAIModule: Creating AISystem for world TopDownExampleMap
[2020.09.21-03.52.59:681][  0]LogEditorServer: Finished looking for orphan Actors (0.000 secs)
[2020.09.21-03.52.59:707][  0]LogUObjectHash: Compacting FUObjectHashTables data took   2.30ms
[2020.09.21-03.52.59:707][  0]Cmd: MAP CHECKDEP NOCLEARLOG
[2020.09.21-03.52.59:708][  0]MapCheck: Map check complete: 0 Error(s), 0 Warning(s), took 0.196ms to complete.
[2020.09.21-03.52.59:708][  0]LogFileHelpers: Loading map 'TopDownExampleMap' took 0.259
[2020.09.21-03.53.00:875][  0]LogSlate: Only BGRA pngs, bmps or icos are supported in by External Image Picker
[2020.09.21-03.53.00:936][  0]LogSlate: Updating window title bar state: overlay mode, drag disabled, window buttons hidden, title bar hidden
[2020.09.21-03.53.00:943][  0]LogSlate: Updating window title bar state: overlay mode, drag disabled, window buttons hidden, title bar hidden
[2020.09.21-03.53.00:951][  0]LogSlate: Updating window title bar state: overlay mode, drag disabled, window buttons hidden, title bar hidden
[2020.09.21-03.53.00:958][  0]LogSlate: Updating window title bar state: overlay mode, drag disabled, window buttons hidden, title bar hidden
[2020.09.21-03.53.00:984][  0]LogCollectionManager: Loaded 0 collections in 0.002351 seconds
[2020.09.21-03.53.00:995][  0]LogFileCache: Scanning file cache for directory 'C:/Users/s181813/Documents/GitHub/GhoulsAndGoblins/GhoulsAndGoodies/Saved/Collections/' took 0.00s
[2020.09.21-03.53.00:995][  0]LogFileCache: Scanning file cache for directory 'C:/Users/s181813/Documents/GitHub/GhoulsAndGoblins/GhoulsAndGoodies/Content/Developers/s181813/Collections/' took 0.00s
[2020.09.21-03.53.00:995][  0]LogFileCache: Scanning file cache for directory 'C:/Users/s181813/Documents/GitHub/GhoulsAndGoblins/GhoulsAndGoodies/Content/Collections/' took 0.00s
[2020.09.21-03.53.00:995][  0]LogCollectionManager: Rebuilt the GUID cache for 0 collections in 0.000002 seconds
[2020.09.21-03.53.01:005][  0]LogContentBrowser: Native class hierarchy populated in 0.0094 seconds. Added 2886 classes and 685 folders.
[2020.09.21-03.53.01:012][  0]LogContentBrowser: Native class hierarchy updated for 'WidgetCarousel' in 0.0004 seconds. Added 0 classes and 0 folders.
[2020.09.21-03.53.01:220][  0]LogContentBrowser: Native class hierarchy updated for 'AddContentDialog' in 0.0003 seconds. Added 0 classes and 0 folders.
[2020.09.21-03.53.01:245][  0]LogSlate: Took 0.008713 seconds to synchronously load lazily loaded font '../../../Engine/Content/Slate/Fonts/Roboto-Regular.ttf' (155K)
[2020.09.21-03.53.01:254][  0]LogSlate: Took 0.005325 seconds to synchronously load lazily loaded font '../../../Engine/Content/Slate/Fonts/Roboto-Bold.ttf' (160K)
[2020.09.21-03.53.01:266][  0]LogSlate: Took 0.006388 seconds to synchronously load lazily loaded font '../../../Engine/Content/Editor/Slate/Fonts/FontAwesome.ttf' (139K)
[2020.09.21-03.53.01:423][  0]LogRenderer: Reallocating scene render targets to support 1056x612 Format 10 NumSamples 1 (Frame:1).
[2020.09.21-03.53.01:539][  0]LogContentBrowser: Native class hierarchy updated for 'HierarchicalLODOutliner' in 0.0004 seconds. Added 0 classes and 0 folders.
[2020.09.21-03.53.01:540][  0]LogLoad: (Engine Initialization) Total time: 16.11 seconds
[2020.09.21-03.53.01:540][  0]LogLoad: (Engine Initialization) Total Blueprint compile time: 0.00 seconds
[2020.09.21-03.53.01:839][  0]LogContentStreaming: Texture pool size now 1000 MB
[2020.09.21-03.53.01:871][  0]LogSlate: Took 0.004636 seconds to synchronously load lazily loaded font '../../../Engine/Content/Slate/Fonts/Roboto-Light.ttf' (167K)
[2020.09.21-03.53.02:464][ 12]LogAssetRegistry: Asset discovery search completed in 9.2618 seconds
[2020.09.21-03.53.02:467][ 12]LogCollectionManager: Rebuilt the object cache for 0 collections in 0.000003 seconds (found 0 objects)
[2020.09.21-03.53.02:468][ 12]LogCollectionManager: Fixed up redirectors for 0 collections in 0.000189 seconds (updated 0 objects)
[2020.09.21-04.02.03:401][131]LogEditorSessionSummary: EditorSessionSummary sent report. Type=Debugger, SessionId={6B349271-4616-7E4A-75DE-0EAD9A4AC5B9}
[2020.09.21-04.17.12:242][843]LogSlate: FSceneViewport::OnFocusLost() reason 0
[2020.09.21-04.17.12:349][856]LogTemp: Repeating last play command: Selected Viewport
[2020.09.21-04.17.12:360][856]LogBlueprintUserMessages: Early PlayInEditor Detection: Level '/Game/TopDownCPP/Maps/TopDownExampleMap.TopDownExampleMap:PersistentLevel' has LevelScriptBlueprint '/Game/TopDownCPP/Maps/TopDownExampleMap.TopDownExampleMap:PersistentLevel.TopDownExampleMap' with GeneratedClass '/Game/TopDownCPP/Maps/TopDownExampleMap.TopDownExampleMap_C' with ClassGeneratedBy '/Game/TopDownCPP/Maps/TopDownExampleMap.TopDownExampleMap:PersistentLevel.TopDownExampleMap'
[2020.09.21-04.17.12:361][856]LogPlayLevel: PlayLevel: No blueprints needed recompiling
[2020.09.21-04.17.12:362][856]PIE: New page: PIE session: TopDownExampleMap (22 Sep 2020 12:17:12 am)
[2020.09.21-04.17.12:364][856]LogOnline: OSS: Creating online subsystem instance for: NULL
[2020.09.21-04.17.12:366][856]LogPlayLevel: Creating play world package: /Game/TopDownCPP/Maps/UEDPIE_0_TopDownExampleMap
[2020.09.21-04.17.12:392][856]LogPlayLevel: PIE: StaticDuplicateObject took: (0.024984s)
[2020.09.21-04.17.12:393][856]LogAIModule: Creating AISystem for world TopDownExampleMap
[2020.09.21-04.17.12:394][856]LogPlayLevel: PIE: World Init took: (0.001737s)
[2020.09.21-04.17.12:394][856]LogPlayLevel: PIE: Created PIE world by copying editor world from /Game/TopDownCPP/Maps/TopDownExampleMap.TopDownExampleMap to /Game/TopDownCPP/Maps/UEDPIE_0_TopDownExampleMap.TopDownExampleMap (0.027301s)
[2020.09.21-04.17.12:423][856]LogUObjectHash: Compacting FUObjectHashTables data took   1.89ms
[2020.09.21-04.17.12:433][856]LogInit: XAudio2 using 'Speakers (Realtek High Definition Audio)' : 2 channels at 48 kHz using 32 bits per sample (channel mask 0x3)
[2020.09.21-04.17.12:457][856]LogInit: FAudioDevice initialized.
[2020.09.21-04.17.12:475][856]LogLoad: Game class is 'GhoulsAndGoodiesGameMode'
[2020.09.21-04.17.12:478][856]LogWorld: Bringing World /Game/TopDownCPP/Maps/UEDPIE_0_TopDownExampleMap.TopDownExampleMap up for play (max tick rate 0) at 2020.09.21-14.17.12
[2020.09.21-04.17.12:479][856]LogWorld: Bringing up level for play took: 0.001735
[2020.09.21-04.17.12:479][856]LogOnline: OSS: Creating online subsystem instance for: :Context_2
[2020.09.21-04.17.12:489][856]LogContentBrowser: Native class hierarchy updated for 'MovieSceneCapture' in 0.0006 seconds. Added 20 classes and 0 folders.
[2020.09.21-04.17.12:490][856]LogActor: Warning: GNGPawn /Game/TopDownCPP/Maps/UEDPIE_0_TopDownExampleMap.TopDownExampleMap:PersistentLevel.GNGPawn_0 has natively added scene component(s), but none of them were set as the actor's RootComponent - picking one arbitrarily
[2020.09.21-04.17.12:506][856]PIE: Play in editor start time for /Game/TopDownCPP/Maps/UEDPIE_0_TopDownExampleMap 0.212
[2020.09.21-04.17.12:507][856]LogBlueprintUserMessages: Late PlayInEditor Detection: Level '/Game/TopDownCPP/Maps/TopDownExampleMap.TopDownExampleMap:PersistentLevel' has LevelScriptBlueprint '/Game/TopDownCPP/Maps/TopDownExampleMap.TopDownExampleMap:PersistentLevel.TopDownExampleMap' with GeneratedClass '/Game/TopDownCPP/Maps/TopDownExampleMap.TopDownExampleMap_C' with ClassGeneratedBy '/Game/TopDownCPP/Maps/TopDownExampleMap.TopDownExampleMap:PersistentLevel.TopDownExampleMap'
[2020.09.21-04.17.14:570][ 76]LogSlate: FSceneViewport::OnFocusLost() reason 0
[2020.09.21-04.17.19:695][688]LogBlueprintUserMessages: Early EndPlayMap Detection: Level '/Game/TopDownCPP/Maps/TopDownExampleMap.TopDownExampleMap:PersistentLevel' has LevelScriptBlueprint '/Game/TopDownCPP/Maps/TopDownExampleMap.TopDownExampleMap:PersistentLevel.TopDownExampleMap' with GeneratedClass '/Game/TopDownCPP/Maps/TopDownExampleMap.TopDownExampleMap_C' with ClassGeneratedBy '/Game/TopDownCPP/Maps/TopDownExampleMap.TopDownExampleMap:PersistentLevel.TopDownExampleMap'
[2020.09.21-04.17.19:696][688]LogSlate: Updating window title bar state: overlay mode, drag disabled, window buttons hidden, title bar hidden
[2020.09.21-04.17.19:696][688]LogWorld: BeginTearingDown for /Game/TopDownCPP/Maps/UEDPIE_0_TopDownExampleMap
[2020.09.21-04.17.19:697][688]LogWorld: UWorld::CleanupWorld for TopDownExampleMap, bSessionEnded=true, bCleanupResources=true
[2020.09.21-04.17.19:714][688]LogPlayLevel: Display: Shutting down PIE online subsystems
[2020.09.21-04.17.19:714][688]LogBlueprintUserMessages: Late EndPlayMap Detection: Level '/Game/TopDownCPP/Maps/TopDownExampleMap.TopDownExampleMap:PersistentLevel' has LevelScriptBlueprint '/Game/TopDownCPP/Maps/TopDownExampleMap.TopDownExampleMap:PersistentLevel.TopDownExampleMap' with GeneratedClass '/Game/TopDownCPP/Maps/TopDownExampleMap.TopDownExampleMap_C' with ClassGeneratedBy '/Game/TopDownCPP/Maps/TopDownExampleMap.TopDownExampleMap:PersistentLevel.TopDownExampleMap'
[2020.09.21-04.17.19:745][688]LogSlate: Updating window title bar state: overlay mode, drag disabled, window buttons hidden, title bar hidden
[2020.09.21-04.17.19:749][688]LogUObjectHash: Compacting FUObjectHashTables data took   2.15ms
[2020.09.21-04.17.19:801][692]LogPlayLevel: Display: Destroying online subsystem :Context_2
[2020.09.21-04.17.37:818][161]LogSlate: Took 0.000168 seconds to synchronously load lazily loaded font '../../../Engine/Content/Slate/Fonts/Roboto-Light.ttf' (167K)
[2020.09.21-05.20.34:442][843]LogScript: Warning: Accessed None trying to read property CallFunc_TryGetPawnOwner_ReturnValue
	Marvin_C /Engine/Transient.World_2:PersistentLevel.SkeletalMeshActor_0.SkeletalMeshComponent0.Marvin_C_0
	Function /Game/TopDownCPP/Blueprints/Marvin.Marvin_C:ExecuteUbergraph_Marvin:0040
[2020.09.21-05.20.34:497][845]LogScript: Warning: Accessed None trying to read property CallFunc_TryGetPawnOwner_ReturnValue
	Esqueleto_C /Engine/Transient.World_4:PersistentLevel.SkeletalMeshActor_0.SkeletalMeshComponent0.Esqueleto_C_0
	Function /Game/TopDownCPP/Blueprints/Esqueleto.Esqueleto_C:ExecuteUbergraph_Esqueleto:0040
[2020.09.21-05.20.40:278][424]LogAssetEditorManager: Opening Asset editor for BlackboardData /Game/TopDownCPP/AI/EnemyBlackBoard.EnemyBlackBoard
[2020.09.21-05.25.24:990][889]LogSlate: Window 'EnemyBlackBoard' being destroyed
[2020.09.21-05.25.27:746][219]LogEditorViewport: Clicking on Actor (LMB): StaticMeshActor (yFloor2)
[2020.09.21-05.25.31:881][706]LogSlate: FSceneViewport::OnFocusLost() reason 0
[2020.09.21-05.25.32:046][719]Candidate modules for hot reload:
[2020.09.21-05.25.32:047][719]  GhoulsAndGoodies
[2020.09.21-05.25.32:047][719]Launching UnrealBuildTool... [C:/Program Files/Epic Games/UE_4.23/Engine/Binaries/DotNET/UnrealBuildTool.exe  -ModuleWithSuffix=GhoulsAndGoodies,4584 Win64 Development -TargetType=Editor -Project="C:/Users/s181813/Documents/GitHub/GhoulsAndGoblins/GhoulsAndGoodies/GhoulsAndGoodies.uproject" "C:/Users/s181813/Documents/GitHub/GhoulsAndGoblins/GhoulsAndGoodies/GhoulsAndGoodies.uproject"  -IgnoreJunk]
[2020.09.21-05.25.32:049][719]Warning: Starting HotReload took  0.1s.
[2020.09.21-05.25.40:029][646]CompilerResultsLog: New page: Compilation - 22 Sep 2020 1:25:40 am
[2020.09.21-05.25.40:030][646]CompilerResultsLog: Using 'git status' to determine working set for adaptive non-unity build (C:\Users\s181813\Documents\GitHub\GhoulsAndGoblins).
[2020.09.21-05.25.40:030][646]CompilerResultsLog: Parsing headers for GhoulsAndGoodiesEditor
[2020.09.21-05.25.40:030][646]CompilerResultsLog:   Running UnrealHeaderTool "C:\Users\s181813\Documents\GitHub\GhoulsAndGoblins\GhoulsAndGoodies\GhoulsAndGoodies.uproject" "C:\Users\s181813\Documents\GitHub\GhoulsAndGoblins\GhoulsAndGoodies\Intermediate\Build\Win64\GhoulsAndGoodiesEditor\Development\GhoulsAndGoodiesEditor.uhtmanifest" -LogCmds="loginit warning, logexit warning, logdatabase error" -Unattended -WarningsAsErrors -installed
[2020.09.21-05.25.40:030][646]CompilerResultsLog: Error: C:/Users/s181813/Documents/GitHub/GhoulsAndGoblins/GhoulsAndGoodies/Source/GhoulsAndGoodies/EnemyAIController.h(24)  : LogCompile: Error: Unknown variable specifier 'EditAnyhwere'
[2020.09.21-05.25.40:030][646]LogMainFrame: MainFrame: Module compiling took 7.990 seconds
[2020.09.21-05.25.40:030][646]Warning: HotReload failed, recompile failed
[2020.09.21-05.26.10:735][ 91]Candidate modules for hot reload:
[2020.09.21-05.26.10:735][ 91]  GhoulsAndGoodies
[2020.09.21-05.26.10:735][ 91]Launching UnrealBuildTool... [C:/Program Files/Epic Games/UE_4.23/Engine/Binaries/DotNET/UnrealBuildTool.exe  -ModuleWithSuffix=GhoulsAndGoodies,8366 Win64 Development -TargetType=Editor -Project="C:/Users/s181813/Documents/GitHub/GhoulsAndGoblins/GhoulsAndGoodies/GhoulsAndGoodies.uproject" "C:/Users/s181813/Documents/GitHub/GhoulsAndGoblins/GhoulsAndGoodies/GhoulsAndGoodies.uproject"  -IgnoreJunk]
[2020.09.21-05.26.10:737][ 91]Warning: Starting HotReload took  0.0s.
[2020.09.21-05.26.18:526][  2]CompilerResultsLog: New page: Compilation - 22 Sep 2020 1:26:18 am
[2020.09.21-05.26.18:526][  2]CompilerResultsLog: Using 'git status' to determine working set for adaptive non-unity build (C:\Users\s181813\Documents\GitHub\GhoulsAndGoblins).
[2020.09.21-05.26.18:526][  2]CompilerResultsLog: Parsing headers for GhoulsAndGoodiesEditor
[2020.09.21-05.26.18:526][  2]CompilerResultsLog:   Running UnrealHeaderTool "C:\Users\s181813\Documents\GitHub\GhoulsAndGoblins\GhoulsAndGoodies\GhoulsAndGoodies.uproject" "C:\Users\s181813\Documents\GitHub\GhoulsAndGoblins\GhoulsAndGoodies\Intermediate\Build\Win64\GhoulsAndGoodiesEditor\Development\GhoulsAndGoodiesEditor.uhtmanifest" -LogCmds="loginit warning, logexit warning, logdatabase error" -Unattended -WarningsAsErrors -installed
[2020.09.21-05.26.18:526][  2]CompilerResultsLog: Error: C:/Users/s181813/Documents/GitHub/GhoulsAndGoblins/GhoulsAndGoodies/Source/GhoulsAndGoodies/EnemyAIController.h(24)  : LogCompile: Error: Unknown variable specifier 'EditAnyhwere'
[2020.09.21-05.26.18:526][  2]LogMainFrame: MainFrame: Module compiling took 7.796 seconds
[2020.09.21-05.26.18:527][  2]Warning: HotReload failed, recompile failed
[2020.09.21-05.26.52:970][947]Candidate modules for hot reload:
[2020.09.21-05.26.52:970][947]  GhoulsAndGoodies
[2020.09.21-05.26.52:971][947]Launching UnrealBuildTool... [C:/Program Files/Epic Games/UE_4.23/Engine/Binaries/DotNET/UnrealBuildTool.exe  -ModuleWithSuffix=GhoulsAndGoodies,1794 Win64 Development -TargetType=Editor -Project="C:/Users/s181813/Documents/GitHub/GhoulsAndGoblins/GhoulsAndGoodies/GhoulsAndGoodies.uproject" "C:/Users/s181813/Documents/GitHub/GhoulsAndGoblins/GhoulsAndGoodies/GhoulsAndGoodies.uproject"  -IgnoreJunk]
[2020.09.21-05.26.52:973][947]Warning: Starting HotReload took  0.0s.
[2020.09.21-05.27.11:191][ 53]CompilerResultsLog: New page: Compilation - 22 Sep 2020 1:27:11 am
[2020.09.21-05.27.11:191][ 53]CompilerResultsLog: Using 'git status' to determine working set for adaptive non-unity build (C:\Users\s181813\Documents\GitHub\GhoulsAndGoblins).
[2020.09.21-05.27.11:191][ 53]CompilerResultsLog: Parsing headers for GhoulsAndGoodiesEditor
[2020.09.21-05.27.11:191][ 53]CompilerResultsLog:   Running UnrealHeaderTool "C:\Users\s181813\Documents\GitHub\GhoulsAndGoblins\GhoulsAndGoodies\GhoulsAndGoodies.uproject" "C:\Users\s181813\Documents\GitHub\GhoulsAndGoblins\GhoulsAndGoodies\Intermediate\Build\Win64\GhoulsAndGoodiesEditor\Development\GhoulsAndGoodiesEditor.uhtmanifest" -LogCmds="loginit warning, logexit warning, logdatabase error" -Unattended -WarningsAsErrors -installed
[2020.09.21-05.27.11:191][ 53]CompilerResultsLog: Reflection code generated for GhoulsAndGoodiesEditor in 6.9117483 seconds
[2020.09.21-05.27.11:191][ 53]CompilerResultsLog: Failed to delete file 'C:\Users\s181813\Documents\GitHub\GhoulsAndGoblins\GhoulsAndGoodies\Binaries\Win64\UE4Editor-GhoulsAndGoodies.pdb'
[2020.09.21-05.27.11:192][ 53]CompilerResultsLog:     Exception: Access to the path 'C:\Users\s181813\Documents\GitHub\GhoulsAndGoblins\GhoulsAndGoodies\Binaries\Win64\UE4Editor-GhoulsAndGoodies.pdb' is denied.
[2020.09.21-05.27.11:192][ 53]CompilerResultsLog: Attempting to retry...
[2020.09.21-05.27.11:192][ 53]CompilerResultsLog: Failed to delete file 'C:\Users\s181813\Documents\GitHub\GhoulsAndGoblins\GhoulsAndGoodies\Binaries\Win64\UE4Editor-GhoulsAndGoodies.pdb'
[2020.09.21-05.27.11:192][ 53]CompilerResultsLog:     Exception: Access to the path 'C:\Users\s181813\Documents\GitHub\GhoulsAndGoblins\GhoulsAndGoodies\Binaries\Win64\UE4Editor-GhoulsAndGoodies.pdb' is denied.
[2020.09.21-05.27.11:192][ 53]CompilerResultsLog: Attempting to retry...
[2020.09.21-05.27.11:192][ 53]CompilerResultsLog: Failed to delete file 'C:\Users\s181813\Documents\GitHub\GhoulsAndGoblins\GhoulsAndGoodies\Binaries\Win64\UE4Editor-GhoulsAndGoodies.pdb'
[2020.09.21-05.27.11:193][ 53]CompilerResultsLog:     Exception: Access to the path 'C:\Users\s181813\Documents\GitHub\GhoulsAndGoblins\GhoulsAndGoodies\Binaries\Win64\UE4Editor-GhoulsAndGoodies.pdb' is denied.
[2020.09.21-05.27.11:193][ 53]CompilerResultsLog: ERROR: Exhausted all retries!
[2020.09.21-05.27.11:193][ 53]CompilerResultsLog: Using Visual Studio 2019 14.24.28314 toolchain (C:\Program Files (x86)\Microsoft Visual Studio\2019\Enterprise\VC\Tools\MSVC\14.24.28314) and Windows 10.0.18362.0 SDK (C:\Program Files (x86)\Windows Kits\10).
[2020.09.21-05.27.11:193][ 53]CompilerResultsLog: Building 16 actions with 8 processes...
[2020.09.21-05.27.11:193][ 53]CompilerResultsLog:   [1/16] GhoulsAndGoodies.init.gen.cpp
[2020.09.21-05.27.11:193][ 53]CompilerResultsLog:   [2/16] Esqueleto.gen.cpp
[2020.09.21-05.27.11:193][ 53]CompilerResultsLog:   [3/16] Grace.gen.cpp
[2020.09.21-05.27.11:193][ 53]CompilerResultsLog:   [4/16] EnemyUnit.gen.cpp
[2020.09.21-05.27.11:194][ 53]CompilerResultsLog:   [5/16] Marvin.gen.cpp
[2020.09.21-05.27.11:194][ 53]CompilerResultsLog:   [6/16] EnemySpawn.cpp
[2020.09.21-05.27.11:194][ 53]CompilerResultsLog:   [7/16] EnemyAIController.gen.cpp
[2020.09.21-05.27.11:194][ 53]CompilerResultsLog:   [8/16] AICharacter.cpp
[2020.09.21-05.27.11:194][ 53]CompilerResultsLog:   [9/16] Esqueleto.cpp
[2020.09.21-05.27.11:194][ 53]CompilerResultsLog:   [10/16] Grace.cpp
[2020.09.21-05.27.11:194][ 53]CompilerResultsLog:   [11/16] Marvin.cpp
[2020.09.21-05.27.11:195][ 53]CompilerResultsLog:   [12/16] EnemyAIController.cpp
[2020.09.21-05.27.11:195][ 53]CompilerResultsLog:   [13/16] EnemyUnit.cpp
[2020.09.21-05.27.11:195][ 53]CompilerResultsLog:    C:\Users\s181813\Documents\GitHub\GhoulsAndGoblins\GhoulsAndGoodies\Source\GhoulsAndGoodies\EnemyUnit.cpp(69) : error C3867: 'TArray<ADefendingUnit *,FDefaultAllocator>::Num': non-standard syntax; use '&' to create a pointer to member
[2020.09.21-05.27.11:195][ 53]CompilerResultsLog:    C:\Users\s181813\Documents\GitHub\GhoulsAndGoblins\GhoulsAndGoodies\Source\GhoulsAndGoodies\EnemyUnit.cpp(69) : error C2296: '<=': illegal, left operand has type 'int (__cdecl TArray<ADefendingUnit *,FDefaultAllocator>::* )(void) const'
[2020.09.21-05.27.11:195][ 53]CompilerResultsLog:    C:\Users\s181813\Documents\GitHub\GhoulsAndGoblins\GhoulsAndGoodies\Source\GhoulsAndGoodies\EnemyUnit.cpp(69) : error C2297: '<=': illegal, right operand has type 'int (__cdecl TArray<ADefendingUnit *,FDefaultAllocator>::* )(void) const'
[2020.09.21-05.27.11:196][ 53]LogMainFrame: MainFrame: Module compiling took 18.229 seconds
[2020.09.21-05.27.11:196][ 53]Warning: HotReload failed, recompile failed
[2020.09.21-05.27.46:728][929]Candidate modules for hot reload:
[2020.09.21-05.27.46:729][929]  GhoulsAndGoodies
[2020.09.21-05.27.46:729][929]Launching UnrealBuildTool... [C:/Program Files/Epic Games/UE_4.23/Engine/Binaries/DotNET/UnrealBuildTool.exe  -ModuleWithSuffix=GhoulsAndGoodies,533 Win64 Development -TargetType=Editor -Project="C:/Users/s181813/Documents/GitHub/GhoulsAndGoblins/GhoulsAndGoodies/GhoulsAndGoodies.uproject" "C:/Users/s181813/Documents/GitHub/GhoulsAndGoblins/GhoulsAndGoodies/GhoulsAndGoodies.uproject"  -IgnoreJunk]
[2020.09.21-05.27.46:731][929]Warning: Starting HotReload took  0.0s.
[2020.09.21-05.28.01:340][656]CompilerResultsLog: New page: Compilation - 22 Sep 2020 1:28:01 am
[2020.09.21-05.28.01:341][656]CompilerResultsLog: Using 'git status' to determine working set for adaptive non-unity build (C:\Users\s181813\Documents\GitHub\GhoulsAndGoblins).
[2020.09.21-05.28.01:341][656]CompilerResultsLog: Parsing headers for GhoulsAndGoodiesEditor
[2020.09.21-05.28.01:341][656]CompilerResultsLog:   Running UnrealHeaderTool "C:\Users\s181813\Documents\GitHub\GhoulsAndGoblins\GhoulsAndGoodies\GhoulsAndGoodies.uproject" "C:\Users\s181813\Documents\GitHub\GhoulsAndGoblins\GhoulsAndGoodies\Intermediate\Build\Win64\GhoulsAndGoodiesEditor\Development\GhoulsAndGoodiesEditor.uhtmanifest" -LogCmds="loginit warning, logexit warning, logdatabase error" -Unattended -WarningsAsErrors -installed
[2020.09.21-05.28.01:342][656]CompilerResultsLog: Reflection code generated for GhoulsAndGoodiesEditor in 6.8673913 seconds
[2020.09.21-05.28.01:342][656]CompilerResultsLog: Failed to delete file 'C:\Users\s181813\Documents\GitHub\GhoulsAndGoblins\GhoulsAndGoodies\Binaries\Win64\UE4Editor-GhoulsAndGoodies.pdb'
[2020.09.21-05.28.01:342][656]CompilerResultsLog:     Exception: Access to the path 'C:\Users\s181813\Documents\GitHub\GhoulsAndGoblins\GhoulsAndGoodies\Binaries\Win64\UE4Editor-GhoulsAndGoodies.pdb' is denied.
[2020.09.21-05.28.01:342][656]CompilerResultsLog: Attempting to retry...
[2020.09.21-05.28.01:342][656]CompilerResultsLog: Failed to delete file 'C:\Users\s181813\Documents\GitHub\GhoulsAndGoblins\GhoulsAndGoodies\Binaries\Win64\UE4Editor-GhoulsAndGoodies.pdb'
[2020.09.21-05.28.01:342][656]CompilerResultsLog:     Exception: Access to the path 'C:\Users\s181813\Documents\GitHub\GhoulsAndGoblins\GhoulsAndGoodies\Binaries\Win64\UE4Editor-GhoulsAndGoodies.pdb' is denied.
[2020.09.21-05.28.01:342][656]CompilerResultsLog: Attempting to retry...
[2020.09.21-05.28.01:342][656]CompilerResultsLog: Failed to delete file 'C:\Users\s181813\Documents\GitHub\GhoulsAndGoblins\GhoulsAndGoodies\Binaries\Win64\UE4Editor-GhoulsAndGoodies.pdb'
[2020.09.21-05.28.01:343][656]CompilerResultsLog:     Exception: Access to the path 'C:\Users\s181813\Documents\GitHub\GhoulsAndGoblins\GhoulsAndGoodies\Binaries\Win64\UE4Editor-GhoulsAndGoodies.pdb' is denied.
[2020.09.21-05.28.01:343][656]CompilerResultsLog: ERROR: Exhausted all retries!
[2020.09.21-05.28.01:343][656]CompilerResultsLog: Using Visual Studio 2019 14.24.28314 toolchain (C:\Program Files (x86)\Microsoft Visual Studio\2019\Enterprise\VC\Tools\MSVC\14.24.28314) and Windows 10.0.18362.0 SDK (C:\Program Files (x86)\Windows Kits\10).
[2020.09.21-05.28.01:343][656]CompilerResultsLog: Building 4 actions with 8 processes...
[2020.09.21-05.28.01:343][656]CompilerResultsLog:   [1/4] EnemyUnit.cpp
[2020.09.21-05.28.01:343][656]CompilerResultsLog:    C:\Program Files\Epic Games\UE_4.23\Engine\Source\Runtime\CoreUObject\Public\UObject/UObjectBaseUtility.h(483) : error C2027: use of undefined type 'ADefendingUnit'
[2020.09.21-05.28.01:343][656]CompilerResultsLog:   C:\Users\s181813\Documents\GitHub\GhoulsAndGoblins\GhoulsAndGoodies\Source\GhoulsAndGoodies\tile.h(12): note: see declaration of 'ADefendingUnit'
[2020.09.21-05.28.01:343][656]CompilerResultsLog:   C:\Program Files\Epic Games\UE_4.23\Engine\Source\Runtime\CoreUObject\Public\Templates/Casts.h(131): note: see reference to function template instantiation 'bool UObjectBaseUtility::IsA<To>(void) const' being compiled
[2020.09.21-05.28.01:343][656]CompilerResultsLog:           with
[2020.09.21-05.28.01:343][656]CompilerResultsLog:           [
[2020.09.21-05.28.01:344][656]CompilerResultsLog:               To=ADefendingUnit
[2020.09.21-05.28.01:344][656]CompilerResultsLog:           ]
[2020.09.21-05.28.01:344][656]CompilerResultsLog:   C:\Program Files\Epic Games\UE_4.23\Engine\Source\Runtime\CoreUObject\Public\Templates/Casts.h(130): note: while compiling class template member function 'To *TCastImpl<From,To,ECastType::UObjectToUObject>::DoCast(UObject *)'
[2020.09.21-05.28.01:344][656]CompilerResultsLog:           with
[2020.09.21-05.28.01:344][656]CompilerResultsLog:           [
[2020.09.21-05.28.01:344][656]CompilerResultsLog:               To=ADefendingUnit,
[2020.09.21-05.28.01:344][656]CompilerResultsLog:               From=AActor
[2020.09.21-05.28.01:344][656]CompilerResultsLog:           ]
[2020.09.21-05.28.01:344][656]CompilerResultsLog:   C:\Program Files\Epic Games\UE_4.23\Engine\Source\Runtime\CoreUObject\Public\Templates/Casts.h(195): note: see reference to function template instantiation 'To *TCastImpl<From,To,ECastType::UObjectToUObject>::DoCast(UObject *)' being compiled
[2020.09.21-05.28.01:344][656]CompilerResultsLog:           with
[2020.09.21-05.28.01:344][656]CompilerResultsLog:           [
[2020.09.21-05.28.01:345][656]CompilerResultsLog:               To=ADefendingUnit,
[2020.09.21-05.28.01:345][656]CompilerResultsLog:               From=AActor
[2020.09.21-05.28.01:345][656]CompilerResultsLog:           ]
[2020.09.21-05.28.01:345][656]CompilerResultsLog:   C:\Program Files\Epic Games\UE_4.23\Engine\Source\Runtime\CoreUObject\Public\Templates/Casts.h(195): note: see reference to class template instantiation 'TCastImpl<From,To,ECastType::UObjectToUObject>' being compiled
[2020.09.21-05.28.01:345][656]CompilerResultsLog:           with
[2020.09.21-05.28.01:345][656]CompilerResultsLog:           [
[2020.09.21-05.28.01:345][656]CompilerResultsLog:               From=AActor,
[2020.09.21-05.28.01:346][656]CompilerResultsLog:               To=ADefendingUnit
[2020.09.21-05.28.01:346][656]CompilerResultsLog:           ]
[2020.09.21-05.28.01:346][656]CompilerResultsLog:   C:\Users\s181813\Documents\GitHub\GhoulsAndGoblins\GhoulsAndGoodies\Source\GhoulsAndGoodies\EnemyUnit.cpp(96): note: see reference to function template instantiation 'To *Cast<ADefendingUnit,AActor>(From *)' being compiled
[2020.09.21-05.28.01:346][656]CompilerResultsLog:           with
[2020.09.21-05.28.01:346][656]CompilerResultsLog:           [
[2020.09.21-05.28.01:346][656]CompilerResultsLog:               To=ADefendingUnit,
[2020.09.21-05.28.01:346][656]CompilerResultsLog:               From=AActor
[2020.09.21-05.28.01:346][656]CompilerResultsLog:           ]
[2020.09.21-05.28.01:346][656]CompilerResultsLog:    C:\Program Files\Epic Games\UE_4.23\Engine\Source\Runtime\CoreUObject\Public\UObject/UObjectBaseUtility.h(483) : error C2672: 'StaticClass': no matching overloaded function found
[2020.09.21-05.28.01:347][656]CompilerResultsLog:    C:\Program Files\Epic Games\UE_4.23\Engine\Source\Runtime\CoreUObject\Public\UObject/UObjectBaseUtility.h(483) : error C2783: 'UClass *StaticClass(void)': could not deduce template argument for 'ClassType'
[2020.09.21-05.28.01:347][656]CompilerResultsLog:   C:\Program Files\Epic Games\UE_4.23\Engine\Source\Runtime\CoreUObject\Public\UObject/ReflectedTypeAccessors.h(13): note: see declaration of 'StaticClass'
[2020.09.21-05.28.01:347][656]CompilerResultsLog:    C:\Program Files\Epic Games\UE_4.23\Engine\Source\Runtime\CoreUObject\Public\UObject/UObjectBaseUtility.h(483) : error C2672: 'UObjectBaseUtility::IsA': no matching overloaded function found
[2020.09.21-05.28.01:347][656]CompilerResultsLog:    C:\Program Files\Epic Games\UE_4.23\Engine\Source\Runtime\CoreUObject\Public\UObject/UObjectBaseUtility.h(483) : error C2780: 'bool UObjectBaseUtility::IsA(void) const': expects 0 arguments - 1 provided
[2020.09.21-05.28.01:347][656]CompilerResultsLog:   C:\Program Files\Epic Games\UE_4.23\Engine\Source\Runtime\CoreUObject\Public\UObject/UObjectBaseUtility.h(481): note: see declaration of 'UObjectBaseUtility::IsA'
[2020.09.21-05.28.01:347][656]LogMainFrame: MainFrame: Module compiling took 14.624 seconds
[2020.09.21-05.28.01:348][656]Warning: HotReload failed, recompile failed
[2020.09.21-05.29.27:096][440]Candidate modules for hot reload:
[2020.09.21-05.29.27:096][440]  GhoulsAndGoodies
[2020.09.21-05.29.27:096][440]Launching UnrealBuildTool... [C:/Program Files/Epic Games/UE_4.23/Engine/Binaries/DotNET/UnrealBuildTool.exe  -ModuleWithSuffix=GhoulsAndGoodies,1748 Win64 Development -TargetType=Editor -Project="C:/Users/s181813/Documents/GitHub/GhoulsAndGoblins/GhoulsAndGoodies/GhoulsAndGoodies.uproject" "C:/Users/s181813/Documents/GitHub/GhoulsAndGoblins/GhoulsAndGoodies/GhoulsAndGoodies.uproject"  -IgnoreJunk]
[2020.09.21-05.29.27:098][440]Warning: Starting HotReload took  0.0s.
[2020.09.21-05.29.41:184][ 99]CompilerResultsLog: New page: Compilation - 22 Sep 2020 1:29:41 am
[2020.09.21-05.29.41:185][ 99]CompilerResultsLog: Using 'git status' to determine working set for adaptive non-unity build (C:\Users\s181813\Documents\GitHub\GhoulsAndGoblins).
[2020.09.21-05.29.41:185][ 99]CompilerResultsLog: Parsing headers for GhoulsAndGoodiesEditor
[2020.09.21-05.29.41:185][ 99]CompilerResultsLog:   Running UnrealHeaderTool "C:\Users\s181813\Documents\GitHub\GhoulsAndGoblins\GhoulsAndGoodies\GhoulsAndGoodies.uproject" "C:\Users\s181813\Documents\GitHub\GhoulsAndGoblins\GhoulsAndGoodies\Intermediate\Build\Win64\GhoulsAndGoodiesEditor\Development\GhoulsAndGoodiesEditor.uhtmanifest" -LogCmds="loginit warning, logexit warning, logdatabase error" -Unattended -WarningsAsErrors -installed
[2020.09.21-05.29.41:186][ 99]CompilerResultsLog: Reflection code generated for GhoulsAndGoodiesEditor in 6.7834346 seconds
[2020.09.21-05.29.41:186][ 99]CompilerResultsLog: Failed to delete file 'C:\Users\s181813\Documents\GitHub\GhoulsAndGoblins\GhoulsAndGoodies\Binaries\Win64\UE4Editor-GhoulsAndGoodies.pdb'
[2020.09.21-05.29.41:186][ 99]CompilerResultsLog:     Exception: Access to the path 'C:\Users\s181813\Documents\GitHub\GhoulsAndGoblins\GhoulsAndGoodies\Binaries\Win64\UE4Editor-GhoulsAndGoodies.pdb' is denied.
[2020.09.21-05.29.41:186][ 99]CompilerResultsLog: Attempting to retry...
[2020.09.21-05.29.41:186][ 99]CompilerResultsLog: Failed to delete file 'C:\Users\s181813\Documents\GitHub\GhoulsAndGoblins\GhoulsAndGoodies\Binaries\Win64\UE4Editor-GhoulsAndGoodies.pdb'
[2020.09.21-05.29.41:186][ 99]CompilerResultsLog:     Exception: Access to the path 'C:\Users\s181813\Documents\GitHub\GhoulsAndGoblins\GhoulsAndGoodies\Binaries\Win64\UE4Editor-GhoulsAndGoodies.pdb' is denied.
[2020.09.21-05.29.41:186][ 99]CompilerResultsLog: Attempting to retry...
[2020.09.21-05.29.41:187][ 99]CompilerResultsLog: Failed to delete file 'C:\Users\s181813\Documents\GitHub\GhoulsAndGoblins\GhoulsAndGoodies\Binaries\Win64\UE4Editor-GhoulsAndGoodies.pdb'
[2020.09.21-05.29.41:187][ 99]CompilerResultsLog:     Exception: Access to the path 'C:\Users\s181813\Documents\GitHub\GhoulsAndGoblins\GhoulsAndGoodies\Binaries\Win64\UE4Editor-GhoulsAndGoodies.pdb' is denied.
[2020.09.21-05.29.41:187][ 99]CompilerResultsLog: ERROR: Exhausted all retries!
[2020.09.21-05.29.41:187][ 99]CompilerResultsLog: Using Visual Studio 2019 14.24.28314 toolchain (C:\Program Files (x86)\Microsoft Visual Studio\2019\Enterprise\VC\Tools\MSVC\14.24.28314) and Windows 10.0.18362.0 SDK (C:\Program Files (x86)\Windows Kits\10).
[2020.09.21-05.29.41:187][ 99]CompilerResultsLog: Building 4 actions with 8 processes...
[2020.09.21-05.29.41:187][ 99]CompilerResultsLog:   [1/4] EnemyUnit.cpp
[2020.09.21-05.29.41:187][ 99]CompilerResultsLog:    C:\Program Files\Epic Games\UE_4.23\Engine\Source\Runtime\CoreUObject\Public\UObject/UObjectBaseUtility.h(483) : error C2027: use of undefined type 'ADefendingUnit'
[2020.09.21-05.29.41:188][ 99]CompilerResultsLog:   C:\Users\s181813\Documents\GitHub\GhoulsAndGoblins\GhoulsAndGoodies\Source\GhoulsAndGoodies\tile.h(12): note: see declaration of 'ADefendingUnit'
[2020.09.21-05.29.41:188][ 99]CompilerResultsLog:   C:\Program Files\Epic Games\UE_4.23\Engine\Source\Runtime\CoreUObject\Public\Templates/Casts.h(131): note: see reference to function template instantiation 'bool UObjectBaseUtility::IsA<To>(void) const' being compiled
[2020.09.21-05.29.41:188][ 99]CompilerResultsLog:           with
[2020.09.21-05.29.41:188][ 99]CompilerResultsLog:           [
[2020.09.21-05.29.41:188][ 99]CompilerResultsLog:               To=ADefendingUnit
[2020.09.21-05.29.41:188][ 99]CompilerResultsLog:           ]
[2020.09.21-05.29.41:188][ 99]CompilerResultsLog:   C:\Program Files\Epic Games\UE_4.23\Engine\Source\Runtime\CoreUObject\Public\Templates/Casts.h(130): note: while compiling class template member function 'To *TCastImpl<From,To,ECastType::UObjectToUObject>::DoCast(UObject *)'
[2020.09.21-05.29.41:188][ 99]CompilerResultsLog:           with
[2020.09.21-05.29.41:188][ 99]CompilerResultsLog:           [
[2020.09.21-05.29.41:188][ 99]CompilerResultsLog:               To=ADefendingUnit,
[2020.09.21-05.29.41:188][ 99]CompilerResultsLog:               From=AActor
[2020.09.21-05.29.41:189][ 99]CompilerResultsLog:           ]
[2020.09.21-05.29.41:189][ 99]CompilerResultsLog:   C:\Program Files\Epic Games\UE_4.23\Engine\Source\Runtime\CoreUObject\Public\Templates/Casts.h(195): note: see reference to function template instantiation 'To *TCastImpl<From,To,ECastType::UObjectToUObject>::DoCast(UObject *)' being compiled
[2020.09.21-05.29.41:189][ 99]CompilerResultsLog:           with
[2020.09.21-05.29.41:189][ 99]CompilerResultsLog:           [
[2020.09.21-05.29.41:189][ 99]CompilerResultsLog:               To=ADefendingUnit,
[2020.09.21-05.29.41:189][ 99]CompilerResultsLog:               From=AActor
[2020.09.21-05.29.41:189][ 99]CompilerResultsLog:           ]
[2020.09.21-05.29.41:190][ 99]CompilerResultsLog:   C:\Program Files\Epic Games\UE_4.23\Engine\Source\Runtime\CoreUObject\Public\Templates/Casts.h(195): note: see reference to class template instantiation 'TCastImpl<From,To,ECastType::UObjectToUObject>' being compiled
[2020.09.21-05.29.41:190][ 99]CompilerResultsLog:           with
[2020.09.21-05.29.41:190][ 99]CompilerResultsLog:           [
[2020.09.21-05.29.41:190][ 99]CompilerResultsLog:               From=AActor,
[2020.09.21-05.29.41:190][ 99]CompilerResultsLog:               To=ADefendingUnit
[2020.09.21-05.29.41:190][ 99]CompilerResultsLog:           ]
[2020.09.21-05.29.41:191][ 99]CompilerResultsLog:   C:\Users\s181813\Documents\GitHub\GhoulsAndGoblins\GhoulsAndGoodies\Source\GhoulsAndGoodies\EnemyUnit.cpp(96): note: see reference to function template instantiation 'To *Cast<ADefendingUnit,AActor>(From *)' being compiled
[2020.09.21-05.29.41:191][ 99]CompilerResultsLog:           with
[2020.09.21-05.29.41:191][ 99]CompilerResultsLog:           [
[2020.09.21-05.29.41:191][ 99]CompilerResultsLog:               To=ADefendingUnit,
[2020.09.21-05.29.41:191][ 99]CompilerResultsLog:               From=AActor
[2020.09.21-05.29.41:192][ 99]CompilerResultsLog:           ]
[2020.09.21-05.29.41:192][ 99]CompilerResultsLog:    C:\Program Files\Epic Games\UE_4.23\Engine\Source\Runtime\CoreUObject\Public\UObject/UObjectBaseUtility.h(483) : error C2672: 'StaticClass': no matching overloaded function found
[2020.09.21-05.29.41:192][ 99]CompilerResultsLog:    C:\Program Files\Epic Games\UE_4.23\Engine\Source\Runtime\CoreUObject\Public\UObject/UObjectBaseUtility.h(483) : error C2783: 'UClass *StaticClass(void)': could not deduce template argument for 'ClassType'
[2020.09.21-05.29.41:192][ 99]CompilerResultsLog:   C:\Program Files\Epic Games\UE_4.23\Engine\Source\Runtime\CoreUObject\Public\UObject/ReflectedTypeAccessors.h(13): note: see declaration of 'StaticClass'
[2020.09.21-05.29.41:192][ 99]CompilerResultsLog:    C:\Program Files\Epic Games\UE_4.23\Engine\Source\Runtime\CoreUObject\Public\UObject/UObjectBaseUtility.h(483) : error C2672: 'UObjectBaseUtility::IsA': no matching overloaded function found
[2020.09.21-05.29.41:193][ 99]CompilerResultsLog:    C:\Program Files\Epic Games\UE_4.23\Engine\Source\Runtime\CoreUObject\Public\UObject/UObjectBaseUtility.h(483) : error C2780: 'bool UObjectBaseUtility::IsA(void) const': expects 0 arguments - 1 provided
[2020.09.21-05.29.41:193][ 99]CompilerResultsLog:   C:\Program Files\Epic Games\UE_4.23\Engine\Source\Runtime\CoreUObject\Public\UObject/UObjectBaseUtility.h(481): note: see declaration of 'UObjectBaseUtility::IsA'
[2020.09.21-05.29.41:193][ 99]LogMainFrame: MainFrame: Module compiling took 14.100 seconds
[2020.09.21-05.29.41:193][ 99]Warning: HotReload failed, recompile failed
