Log file open, 09/02/20 15:30:05
LogWindows: Failed to load 'aqProf.dll' (GetLastError=126)
LogWindows: File 'aqProf.dll' does not exist
LogWindows: Failed to load 'VtuneApi.dll' (GetLastError=126)
LogWindows: File 'VtuneApi.dll' does not exist
LogWindows: Failed to load 'VtuneApi32e.dll' (GetLastError=126)
LogWindows: File 'VtuneApi32e.dll' does not exist
LogConsoleResponse: Display: Failed to find resolution value strings in scalability ini. Falling back to default.
LogInit: Display: Running engine for game: GhoulsAndGoodies
LogPlatformFile: Not using cached read wrapper
LogTaskGraph: Started task graph with 5 named threads and 23 total threads with 3 sets of task threads.
LogStats: Stats thread started at 0.154165
LogD3D11RHI: Loaded GFSDK_Aftermath_Lib.x64.dll
LogICUInternationalization: ICU TimeZone Detection - Raw Offset: +10:00, Platform Override: ''
LogPluginManager: Mounting plugin Paper2D
LogPluginManager: Mounting plugin AISupport
LogPluginManager: Mounting plugin LightPropagationVolume
LogPluginManager: Mounting plugin ActorLayerUtilities
LogPluginManager: Mounting plugin AnimationSharing
LogPluginManager: Mounting plugin CLionSourceCodeAccess
LogPluginManager: Mounting plugin CodeLiteSourceCodeAccess
LogPluginManager: Mounting plugin GitSourceControl
LogPluginManager: Mounting plugin KDevelopSourceCodeAccess
LogPluginManager: Mounting plugin NullSourceCodeAccess
LogPluginManager: Mounting plugin PerforceSourceControl
LogPluginManager: Mounting plugin SubversionSourceControl
LogPluginManager: Mounting plugin UObjectPlugin
LogPluginManager: Mounting plugin VisualStudioCodeSourceCodeAccess
LogPluginManager: Mounting plugin VisualStudioSourceCodeAccess
LogPluginManager: Mounting plugin XCodeSourceCodeAccess
LogPluginManager: Mounting plugin AssetManagerEditor
LogPluginManager: Mounting plugin CryptoKeys
LogPluginManager: Mounting plugin CurveEditorTools
LogPluginManager: Mounting plugin DataValidation
LogPluginManager: Mounting plugin FacialAnimation
LogPluginManager: Mounting plugin GameplayTagsEditor
LogPluginManager: Mounting plugin MacGraphicsSwitching
LogPluginManager: Mounting plugin MaterialAnalyzer
LogPluginManager: Mounting plugin MobileLauncherProfileWizard
LogPluginManager: Mounting plugin PluginBrowser
LogPluginManager: Mounting plugin SpeedTreeImporter
LogPluginManager: Mounting plugin DatasmithContent
LogPluginManager: Mounting plugin VariantManagerContent
LogPluginManager: Mounting plugin AlembicImporter
LogPluginManager: Mounting plugin AutomationUtils
LogPluginManager: Mounting plugin BackChannel
LogPluginManager: Mounting plugin CharacterAI
LogPluginManager: Mounting plugin GeometryCache
LogPluginManager: Mounting plugin HTML5Networking
LogPluginManager: Mounting plugin PlatformCrypto
LogPluginManager: Mounting plugin ProxyLODPlugin
LogPluginManager: Mounting plugin SkeletalReduction
LogPluginManager: Mounting plugin MagicLeap
LogPluginManager: Mounting plugin MagicLeapMedia
LogPluginManager: Mounting plugin AndroidMedia
LogPluginManager: Mounting plugin AvfMedia
LogPluginManager: Mounting plugin ImgMedia
LogPluginManager: Mounting plugin MediaCompositing
LogPluginManager: Mounting plugin MediaPlayerEditor
LogPluginManager: Mounting plugin WebMMedia
LogPluginManager: Mounting plugin WmfMedia
LogPluginManager: Mounting plugin TcpMessaging
LogPluginManager: Mounting plugin UdpMessaging
LogPluginManager: Mounting plugin ActorSequence
LogPluginManager: Mounting plugin LevelSequenceEditor
LogPluginManager: Mounting plugin MatineeToLevelSequence
LogPluginManager: Mounting plugin NetcodeUnitTest
LogPluginManager: Mounting plugin NUTUnrealEngine4
LogPluginManager: Mounting plugin OnlineSubsystemGooglePlay
LogPluginManager: Mounting plugin OnlineSubsystemIOS
LogPluginManager: Mounting plugin OnlineSubsystem
LogPluginManager: Mounting plugin OnlineSubsystemNull
LogPluginManager: Mounting plugin OnlineSubsystemUtils
LogPluginManager: Mounting plugin LauncherChunkInstaller
LogPluginManager: Mounting plugin AndroidDeviceProfileSelector
LogPluginManager: Mounting plugin AndroidMoviePlayer
LogPluginManager: Mounting plugin AndroidPermission
LogPluginManager: Mounting plugin AppleImageUtils
LogPluginManager: Mounting plugin AppleMoviePlayer
LogPluginManager: Mounting plugin ArchVisCharacter
LogPluginManager: Mounting plugin AudioCapture
LogPluginManager: Mounting plugin CableComponent
LogPluginManager: Mounting plugin CustomMeshComponent
LogPluginManager: Mounting plugin EditableMesh
LogPluginManager: Mounting plugin ExampleDeviceProfileSelector
LogPluginManager: Mounting plugin GoogleCloudMessaging
LogPluginManager: Mounting plugin IOSDeviceProfileSelector
LogPluginManager: Mounting plugin LinuxDeviceProfileSelector
LogPluginManager: Mounting plugin LocationServicesBPLibrary
LogPluginManager: Mounting plugin MobilePatchingUtils
LogPluginManager: Mounting plugin OculusVR
LogPluginManager: Mounting plugin PhysXVehicles
LogPluginManager: Mounting plugin ProceduralMeshComponent
LogPluginManager: Mounting plugin RuntimePhysXCooking
LogPluginManager: Mounting plugin SignificanceManager
LogPluginManager: Mounting plugin SteamVR
LogPluginManager: Mounting plugin WebMMoviePlayer
LogPluginManager: Mounting plugin WindowsMoviePlayer
LogPluginManager: Mounting plugin ScreenshotTools
LogInit: Using libcurl 7.55.1-DEV
LogInit:  - built for x86_64-pc-win32
LogInit:  - supports SSL with OpenSSL/1.1.1
LogInit:  - supports HTTP deflate (compression) using libz 1.2.8
LogInit:  - other features:
LogInit:      CURL_VERSION_SSL
LogInit:      CURL_VERSION_LIBZ
LogInit:      CURL_VERSION_IPV6
LogInit:      CURL_VERSION_ASYNCHDNS
LogInit:      CURL_VERSION_LARGEFILE
LogInit:      CURL_VERSION_IDN
LogInit:  CurlRequestOptions (configurable via config and command line):
LogInit:  - bVerifyPeer = true  - Libcurl will verify peer certificate
LogInit:  - bUseHttpProxy = false  - Libcurl will NOT use HTTP proxy
LogInit:  - bDontReuseConnections = false  - Libcurl will reuse connections
LogInit:  - MaxHostConnections = 16  - Libcurl will limit the number of connections to a host
LogInit:  - LocalHostAddr = Default
LogInit:  - BufferSize = 65536
LogOnline: OSS: Creating online subsystem instance for: NULL
LogInit: WinSock: version 1.1 (2.2), MaxSocks=32767, MaxUdp=65467
LogInit: Build: ++UE4+Release-4.23-CL-9631420
LogInit: Engine Version: 4.23.1-9631420+++UE4+Release-4.23
LogInit: Compatible Engine Version: 4.23.0-8386587+++UE4+Release-4.23
LogInit: Net CL: 8386587
LogInit: OS: Windows 10 (Release 1909) (), CPU: Intel(R) Core(TM) i7-4770 CPU @ 3.40GHz, GPU: NVIDIA GeForce GTX 770
LogInit: Compiled (64-bit): Oct 18 2019 02:07:44
LogInit: Compiled with Visual C++: 19.16.27030.01
LogInit: Build Configuration: Development
LogInit: Branch Name: ++UE4+Release-4.23
LogInit: Command Line:  -skipcompile
LogInit: Base Directory: C:/Program Files/Epic Games/UE_4.23/Engine/Binaries/Win64/
LogInit: Installed Engine Build: 1
LogDevObjectVersion: Number of dev versions registered: 23
LogDevObjectVersion:   Dev-Blueprints (B0D832E4-1F89-4F0D-ACCF-7EB736FD4AA2): 10
LogDevObjectVersion:   Dev-Build (E1C64328-A22C-4D53-A36C-8E866417BD8C): 0
LogDevObjectVersion:   Dev-Core (375EC13C-06E4-48FB-B500-84F0262A717E): 3
LogDevObjectVersion:   Dev-Editor (E4B068ED-F494-42E9-A231-DA0B2E46BB41): 34
LogDevObjectVersion:   Dev-Framework (CFFC743F-43B0-4480-9391-14DF171D2073): 35
LogDevObjectVersion:   Dev-Mobile (B02B49B5-BB20-44E9-A304-32B752E40360): 2
LogDevObjectVersion:   Dev-Networking (A4E4105C-59A1-49B5-A7C5-40C4547EDFEE): 0
LogDevObjectVersion:   Dev-Online (39C831C9-5AE6-47DC-9A44-9C173E1C8E7C): 0
LogDevObjectVersion:   Dev-Physics (78F01B33-EBEA-4F98-B9B4-84EACCB95AA2): 0
LogDevObjectVersion:   Dev-Platform (6631380F-2D4D-43E0-8009-CF276956A95A): 0
LogDevObjectVersion:   Dev-Rendering (12F88B9F-8875-4AFC-A67C-D90C383ABD29): 31
LogDevObjectVersion:   Dev-Sequencer (7B5AE74C-D270-4C10-A958-57980B212A5A): 11
LogDevObjectVersion:   Dev-VR (D7296918-1DD6-4BDD-9DE2-64A83CC13884): 2
LogDevObjectVersion:   Dev-LoadTimes (C2A15278-BFE7-4AFE-6C17-90FF531DF755): 1
LogDevObjectVersion:   Private-Geometry (6EACA3D4-40EC-4CC1-B786-8BED09428FC5): 3
LogDevObjectVersion:   Dev-AnimPhys (29E575DD-E0A3-4627-9D10-D276232CDCEA): 17
LogDevObjectVersion:   Dev-Anim (AF43A65D-7FD3-4947-9873-3E8ED9C1BB05): 2
LogDevObjectVersion:   Dev-ReflectionCapture (6B266CEC-1EC7-4B8F-A30B-E4D90942FC07): 1
LogDevObjectVersion:   Dev-Automation (0DF73D61-A23F-47EA-B727-89E90C41499A): 1
LogDevObjectVersion:   FortniteMain (601D1886-AC64-4F84-AA16-D3DE0DEAC7D6): 27
LogDevObjectVersion:   Dev-Enterprise (9DFFBCD6-494F-0158-E221-12823C92A888): 6
LogDevObjectVersion:   Dev-Niagara (F2AED0AC-9AFE-416F-8664-AA7FFA26D6FC): 1
LogDevObjectVersion:   Dev-Destruction (174F1F0B-B4C6-45A5-B13F-2EE8D0FB917D): 9
LogInit: Presizing for max 16777216 objects, including 0 objects not considered by GC, pre-allocating 0 bytes for permanent pool.
LogInit: Object subsystem initialized
LogConfig: Setting CVar [[con.DebugEarlyDefault:1]]
LogConfig: Setting CVar [[r.setres:1280x720]]
[2020.09.02-05.30.05:855][  0]LogConfig: Setting CVar [[r.VSync:0]]
[2020.09.02-05.30.05:855][  0]LogConfig: Setting CVar [[r.RHICmdBypass:0]]
[2020.09.02-05.30.05:855][  0]LogConfig: Applying CVar settings from Section [/Script/Engine.RendererSettings] File [C:/Users/s181813/Documents/GitHub/GhoulsAndGoblins/GhoulsAndGoodies/Saved/Config/Windows/Engine.ini]
[2020.09.02-05.30.05:855][  0]LogConfig: Setting CVar [[r.GPUCrashDebugging:0]]
[2020.09.02-05.30.05:855][  0]LogConfig: Setting CVar [[r.AllowStaticLighting:0]]
[2020.09.02-05.30.05:855][  0]LogConfig: Applying CVar settings from Section [/Script/Engine.RendererOverrideSettings] File [C:/Users/s181813/Documents/GitHub/GhoulsAndGoblins/GhoulsAndGoodies/Saved/Config/Windows/Engine.ini]
[2020.09.02-05.30.05:855][  0]LogConfig: Applying CVar settings from Section [/Script/Engine.StreamingSettings] File [C:/Users/s181813/Documents/GitHub/GhoulsAndGoblins/GhoulsAndGoodies/Saved/Config/Windows/Engine.ini]
[2020.09.02-05.30.05:855][  0]LogConfig: Setting CVar [[s.MinBulkDataSizeForAsyncLoading:131072]]
[2020.09.02-05.30.05:856][  0]LogConfig: Setting CVar [[s.AsyncLoadingThreadEnabled:0]]
[2020.09.02-05.30.05:856][  0]LogConfig: Setting CVar [[s.EventDrivenLoaderEnabled:1]]
[2020.09.02-05.30.05:856][  0]LogConfig: Setting CVar [[s.WarnIfTimeLimitExceeded:0]]
[2020.09.02-05.30.05:856][  0]LogConfig: Setting CVar [[s.TimeLimitExceededMultiplier:1.5]]
[2020.09.02-05.30.05:856][  0]LogConfig: Setting CVar [[s.TimeLimitExceededMinTime:0.005]]
[2020.09.02-05.30.05:856][  0]LogConfig: Setting CVar [[s.UseBackgroundLevelStreaming:1]]
[2020.09.02-05.30.05:856][  0]LogConfig: Setting CVar [[s.PriorityAsyncLoadingExtraTime:15.0]]
[2020.09.02-05.30.05:856][  0]LogConfig: Setting CVar [[s.LevelStreamingActorsUpdateTimeLimit:5.0]]
[2020.09.02-05.30.05:856][  0]LogConfig: Setting CVar [[s.PriorityLevelStreamingActorsUpdateExtraTime:5.0]]
[2020.09.02-05.30.05:856][  0]LogConfig: Setting CVar [[s.LevelStreamingComponentsRegistrationGranularity:10]]
[2020.09.02-05.30.05:856][  0]LogConfig: Setting CVar [[s.UnregisterComponentsTimeLimit:1.0]]
[2020.09.02-05.30.05:856][  0]LogConfig: Setting CVar [[s.LevelStreamingComponentsUnregistrationGranularity:5]]
[2020.09.02-05.30.05:856][  0]LogConfig: Applying CVar settings from Section [/Script/Engine.GarbageCollectionSettings] File [C:/Users/s181813/Documents/GitHub/GhoulsAndGoblins/GhoulsAndGoodies/Saved/Config/Windows/Engine.ini]
[2020.09.02-05.30.05:856][  0]LogConfig: Setting CVar [[gc.MaxObjectsNotConsideredByGC:1]]
[2020.09.02-05.30.05:856][  0]LogConfig: Setting CVar [[gc.SizeOfPermanentObjectPool:0]]
[2020.09.02-05.30.05:856][  0]LogConfig: Setting CVar [[gc.FlushStreamingOnGC:0]]
[2020.09.02-05.30.05:857][  0]LogConfig: Setting CVar [[gc.NumRetriesBeforeForcingGC:10]]
[2020.09.02-05.30.05:857][  0]LogConfig: Setting CVar [[gc.AllowParallelGC:1]]
[2020.09.02-05.30.05:857][  0]LogConfig: Setting CVar [[gc.TimeBetweenPurgingPendingKillObjects:61.1]]
[2020.09.02-05.30.05:857][  0]LogConfig: Setting CVar [[gc.MaxObjectsInEditor:16777216]]
[2020.09.02-05.30.05:857][  0]LogConfig: Setting CVar [[gc.IncrementalBeginDestroyEnabled:1]]
[2020.09.02-05.30.05:857][  0]LogConfig: Setting CVar [[gc.CreateGCClusters:1]]
[2020.09.02-05.30.05:857][  0]LogConfig: Setting CVar [[gc.MinGCClusterSize:5]]
[2020.09.02-05.30.05:857][  0]LogConfig: Setting CVar [[gc.ActorClusteringEnabled:0]]
[2020.09.02-05.30.05:857][  0]LogConfig: Setting CVar [[gc.BlueprintClusteringEnabled:0]]
[2020.09.02-05.30.05:857][  0]LogConfig: Setting CVar [[gc.UseDisregardForGCOnDedicatedServers:0]]
[2020.09.02-05.30.05:857][  0]LogConfig: Applying CVar settings from Section [/Script/Engine.NetworkSettings] File [C:/Users/s181813/Documents/GitHub/GhoulsAndGoblins/GhoulsAndGoodies/Saved/Config/Windows/Engine.ini]
[2020.09.02-05.30.05:857][  0]LogConfig: Applying CVar settings from Section [/Script/UnrealEd.CookerSettings] File [C:/Users/s181813/Documents/GitHub/GhoulsAndGoblins/GhoulsAndGoodies/Saved/Config/Windows/Engine.ini]
[2020.09.02-05.30.05:868][  0]LogConfig: Applying CVar settings from Section [ViewDistanceQuality@3] File [C:/Users/s181813/Documents/GitHub/GhoulsAndGoblins/GhoulsAndGoodies/Saved/Config/Windows/Scalability.ini]
[2020.09.02-05.30.05:868][  0]LogConfig: Setting CVar [[r.SkeletalMeshLODBias:0]]
[2020.09.02-05.30.05:868][  0]LogConfig: Setting CVar [[r.ViewDistanceScale:1.0]]
[2020.09.02-05.30.05:868][  0]LogConfig: Applying CVar settings from Section [AntiAliasingQuality@3] File [C:/Users/s181813/Documents/GitHub/GhoulsAndGoblins/GhoulsAndGoodies/Saved/Config/Windows/Scalability.ini]
[2020.09.02-05.30.05:868][  0]LogConfig: Setting CVar [[r.PostProcessAAQuality:4]]
[2020.09.02-05.30.05:868][  0]LogConfig: Applying CVar settings from Section [ShadowQuality@3] File [C:/Users/s181813/Documents/GitHub/GhoulsAndGoblins/GhoulsAndGoodies/Saved/Config/Windows/Scalability.ini]
[2020.09.02-05.30.05:868][  0]LogConfig: Setting CVar [[r.LightFunctionQuality:1]]
[2020.09.02-05.30.05:868][  0]LogConfig: Setting CVar [[r.ShadowQuality:5]]
[2020.09.02-05.30.05:868][  0]LogConfig: Setting CVar [[r.Shadow.CSM.MaxCascades:10]]
[2020.09.02-05.30.05:869][  0]LogConfig: Setting CVar [[r.Shadow.MaxResolution:2048]]
[2020.09.02-05.30.05:869][  0]LogConfig: Setting CVar [[r.Shadow.MaxCSMResolution:2048]]
[2020.09.02-05.30.05:869][  0]LogConfig: Setting CVar [[r.Shadow.RadiusThreshold:0.01]]
[2020.09.02-05.30.05:869][  0]LogConfig: Setting CVar [[r.Shadow.DistanceScale:1.0]]
[2020.09.02-05.30.05:869][  0]LogConfig: Setting CVar [[r.Shadow.CSM.TransitionScale:1.0]]
[2020.09.02-05.30.05:869][  0]LogConfig: Setting CVar [[r.Shadow.PreShadowResolutionFactor:1.0]]
[2020.09.02-05.30.05:869][  0]LogConfig: Setting CVar [[r.DistanceFieldShadowing:1]]
[2020.09.02-05.30.05:869][  0]LogConfig: Setting CVar [[r.DistanceFieldAO:1]]
[2020.09.02-05.30.05:869][  0]LogConfig: Setting CVar [[r.AOQuality:2]]
[2020.09.02-05.30.05:869][  0]LogConfig: Setting CVar [[r.VolumetricFog:1]]
[2020.09.02-05.30.05:869][  0]LogConfig: Setting CVar [[r.VolumetricFog.GridPixelSize:8]]
[2020.09.02-05.30.05:869][  0]LogConfig: Setting CVar [[r.VolumetricFog.GridSizeZ:128]]
[2020.09.02-05.30.05:869][  0]LogConfig: Setting CVar [[r.VolumetricFog.HistoryMissSupersampleCount:4]]
[2020.09.02-05.30.05:869][  0]LogConfig: Setting CVar [[r.LightMaxDrawDistanceScale:1]]
[2020.09.02-05.30.05:869][  0]LogConfig: Setting CVar [[r.CapsuleShadows:1]]
[2020.09.02-05.30.05:869][  0]LogConfig: Applying CVar settings from Section [PostProcessQuality@3] File [C:/Users/s181813/Documents/GitHub/GhoulsAndGoblins/GhoulsAndGoodies/Saved/Config/Windows/Scalability.ini]
[2020.09.02-05.30.05:869][  0]LogConfig: Setting CVar [[r.MotionBlurQuality:4]]
[2020.09.02-05.30.05:869][  0]LogConfig: Setting CVar [[r.AmbientOcclusionMipLevelFactor:0.4]]
[2020.09.02-05.30.05:870][  0]LogConfig: Setting CVar [[r.AmbientOcclusionMaxQuality:100]]
[2020.09.02-05.30.05:870][  0]LogConfig: Setting CVar [[r.AmbientOcclusionLevels:-1]]
[2020.09.02-05.30.05:870][  0]LogConfig: Setting CVar [[r.AmbientOcclusionRadiusScale:1.0]]
[2020.09.02-05.30.05:870][  0]LogConfig: Setting CVar [[r.DepthOfFieldQuality:2]]
[2020.09.02-05.30.05:870][  0]LogConfig: Setting CVar [[r.RenderTargetPoolMin:400]]
[2020.09.02-05.30.05:870][  0]LogConfig: Setting CVar [[r.LensFlareQuality:2]]
[2020.09.02-05.30.05:870][  0]LogConfig: Setting CVar [[r.SceneColorFringeQuality:1]]
[2020.09.02-05.30.05:870][  0]LogConfig: Setting CVar [[r.EyeAdaptationQuality:2]]
[2020.09.02-05.30.05:870][  0]LogConfig: Setting CVar [[r.BloomQuality:5]]
[2020.09.02-05.30.05:870][  0]LogConfig: Setting CVar [[r.FastBlurThreshold:100]]
[2020.09.02-05.30.05:870][  0]LogConfig: Setting CVar [[r.Upscale.Quality:3]]
[2020.09.02-05.30.05:870][  0]LogConfig: Setting CVar [[r.Tonemapper.GrainQuantization:1]]
[2020.09.02-05.30.05:870][  0]LogConfig: Setting CVar [[r.LightShaftQuality:1]]
[2020.09.02-05.30.05:870][  0]LogConfig: Setting CVar [[r.Filter.SizeScale:1]]
[2020.09.02-05.30.05:870][  0]LogConfig: Setting CVar [[r.Tonemapper.Quality:5]]
[2020.09.02-05.30.05:870][  0]LogConfig: Setting CVar [[r.DOF.Gather.AccumulatorQuality:1        ; higher gathering accumulator quality]]
[2020.09.02-05.30.05:870][  0]LogConfig: Setting CVar [[r.DOF.Gather.PostfilterMethod:1          ; Median3x3 postfilering method]]
[2020.09.02-05.30.05:870][  0]LogConfig: Setting CVar [[r.DOF.Gather.EnableBokehSettings:0       ; no bokeh simulation when gathering]]
[2020.09.02-05.30.05:871][  0]LogConfig: Setting CVar [[r.DOF.Gather.RingCount:4                 ; medium number of samples when gathering]]
[2020.09.02-05.30.05:871][  0]LogConfig: Setting CVar [[r.DOF.Scatter.ForegroundCompositing:1    ; additive foreground scattering]]
[2020.09.02-05.30.05:871][  0]LogConfig: Setting CVar [[r.DOF.Scatter.BackgroundCompositing:2    ; additive background scattering]]
[2020.09.02-05.30.05:871][  0]LogConfig: Setting CVar [[r.DOF.Scatter.EnableBokehSettings:1      ; bokeh simulation when scattering]]
[2020.09.02-05.30.05:871][  0]LogConfig: Setting CVar [[r.DOF.Scatter.MaxSpriteRatio:0.1         ; only a maximum of 10% of scattered bokeh]]
[2020.09.02-05.30.05:871][  0]LogConfig: Setting CVar [[r.DOF.Recombine.Quality:1                ; cheap slight out of focus]]
[2020.09.02-05.30.05:871][  0]LogConfig: Setting CVar [[r.DOF.Recombine.EnableBokehSettings:0    ; no bokeh simulation on slight out of focus]]
[2020.09.02-05.30.05:871][  0]LogConfig: Setting CVar [[r.DOF.TemporalAAQuality:1                ; more stable temporal accumulation]]
[2020.09.02-05.30.05:871][  0]LogConfig: Setting CVar [[r.DOF.Kernel.MaxForegroundRadius:0.025]]
[2020.09.02-05.30.05:871][  0]LogConfig: Setting CVar [[r.DOF.Kernel.MaxBackgroundRadius:0.025]]
[2020.09.02-05.30.05:871][  0]LogConfig: Applying CVar settings from Section [TextureQuality@3] File [C:/Users/s181813/Documents/GitHub/GhoulsAndGoblins/GhoulsAndGoodies/Saved/Config/Windows/Scalability.ini]
[2020.09.02-05.30.05:871][  0]LogConfig: Setting CVar [[r.Streaming.MipBias:0]]
[2020.09.02-05.30.05:871][  0]LogConfig: Setting CVar [[r.Streaming.AmortizeCPUToGPUCopy:0]]
[2020.09.02-05.30.05:871][  0]LogConfig: Setting CVar [[r.Streaming.MaxNumTexturesToStreamPerFrame:0]]
[2020.09.02-05.30.05:871][  0]LogConfig: Setting CVar [[r.Streaming.Boost:1]]
[2020.09.02-05.30.05:871][  0]LogConfig: Setting CVar [[r.MaxAnisotropy:8]]
[2020.09.02-05.30.05:871][  0]LogConfig: Setting CVar [[r.Streaming.LimitPoolSizeToVRAM:0]]
[2020.09.02-05.30.05:871][  0]LogConfig: Setting CVar [[r.Streaming.PoolSize:1000]]
[2020.09.02-05.30.05:871][  0]LogConfig: Setting CVar [[r.Streaming.MaxEffectiveScreenSize:0]]
[2020.09.02-05.30.05:872][  0]LogConfig: Applying CVar settings from Section [EffectsQuality@3] File [C:/Users/s181813/Documents/GitHub/GhoulsAndGoblins/GhoulsAndGoodies/Saved/Config/Windows/Scalability.ini]
[2020.09.02-05.30.05:872][  0]LogConfig: Setting CVar [[r.TranslucencyLightingVolumeDim:64]]
[2020.09.02-05.30.05:872][  0]LogConfig: Setting CVar [[r.RefractionQuality:2]]
[2020.09.02-05.30.05:872][  0]LogConfig: Setting CVar [[r.SSR.Quality:3]]
[2020.09.02-05.30.05:872][  0]LogConfig: Setting CVar [[r.SceneColorFormat:4]]
[2020.09.02-05.30.05:872][  0]LogConfig: Setting CVar [[r.DetailMode:2]]
[2020.09.02-05.30.05:872][  0]LogConfig: Setting CVar [[r.TranslucencyVolumeBlur:1]]
[2020.09.02-05.30.05:872][  0]LogConfig: Setting CVar [[r.MaterialQualityLevel:1 ; High quality]]
[2020.09.02-05.30.05:872][  0]LogConfig: Setting CVar [[r.SSS.Scale:1]]
[2020.09.02-05.30.05:872][  0]LogConfig: Setting CVar [[r.SSS.SampleSet:2]]
[2020.09.02-05.30.05:872][  0]LogConfig: Setting CVar [[r.SSS.Quality:1]]
[2020.09.02-05.30.05:872][  0]LogConfig: Setting CVar [[r.SSS.HalfRes:1]]
[2020.09.02-05.30.05:872][  0]LogConfig: Setting CVar [[r.EmitterSpawnRateScale:1.0]]
[2020.09.02-05.30.05:872][  0]LogConfig: Setting CVar [[r.ParticleLightQuality:2]]
[2020.09.02-05.30.05:872][  0]LogConfig: Applying CVar settings from Section [FoliageQuality@3] File [C:/Users/s181813/Documents/GitHub/GhoulsAndGoblins/GhoulsAndGoodies/Saved/Config/Windows/Scalability.ini]
[2020.09.02-05.30.05:872][  0]LogConfig: Setting CVar [[foliage.DensityScale:1.0]]
[2020.09.02-05.30.05:872][  0]LogConfig: Setting CVar [[grass.DensityScale:1.0]]
[2020.09.02-05.30.05:872][  0]LogInit: Selected Device Profile: [Windows]
[2020.09.02-05.30.05:872][  0]LogInit: Applying CVar settings loaded from the selected device profile: [Windows]
[2020.09.02-05.30.05:875][  0]LogHAL: Display: Platform has ~ 32 GB [34241372160 / 34359738368 / 32], which maps to Largest [LargestMinGB=32, LargerMinGB=12, DefaultMinGB=8, SmallerMinGB=6, SmallestMinGB=0)
[2020.09.02-05.30.05:875][  0]LogInit: Going up to parent DeviceProfile []
[2020.09.02-05.30.05:876][  0]LogConfig: Applying CVar settings from Section [ViewDistanceQuality@3] File [C:/Users/s181813/Documents/GitHub/GhoulsAndGoblins/GhoulsAndGoodies/Saved/Config/Windows/Scalability.ini]
[2020.09.02-05.30.05:876][  0]LogConfig: Setting CVar [[r.SkeletalMeshLODBias:0]]
[2020.09.02-05.30.05:876][  0]LogConfig: Setting CVar [[r.ViewDistanceScale:1.0]]
[2020.09.02-05.30.05:876][  0]LogConfig: Applying CVar settings from Section [AntiAliasingQuality@3] File [C:/Users/s181813/Documents/GitHub/GhoulsAndGoblins/GhoulsAndGoodies/Saved/Config/Windows/Scalability.ini]
[2020.09.02-05.30.05:876][  0]LogConfig: Setting CVar [[r.PostProcessAAQuality:4]]
[2020.09.02-05.30.05:876][  0]LogConfig: Applying CVar settings from Section [ShadowQuality@3] File [C:/Users/s181813/Documents/GitHub/GhoulsAndGoblins/GhoulsAndGoodies/Saved/Config/Windows/Scalability.ini]
[2020.09.02-05.30.05:876][  0]LogConfig: Setting CVar [[r.LightFunctionQuality:1]]
[2020.09.02-05.30.05:876][  0]LogConfig: Setting CVar [[r.ShadowQuality:5]]
[2020.09.02-05.30.05:876][  0]LogConfig: Setting CVar [[r.Shadow.CSM.MaxCascades:10]]
[2020.09.02-05.30.05:876][  0]LogConfig: Setting CVar [[r.Shadow.MaxResolution:2048]]
[2020.09.02-05.30.05:876][  0]LogConfig: Setting CVar [[r.Shadow.MaxCSMResolution:2048]]
[2020.09.02-05.30.05:876][  0]LogConfig: Setting CVar [[r.Shadow.RadiusThreshold:0.01]]
[2020.09.02-05.30.05:876][  0]LogConfig: Setting CVar [[r.Shadow.DistanceScale:1.0]]
[2020.09.02-05.30.05:876][  0]LogConfig: Setting CVar [[r.Shadow.CSM.TransitionScale:1.0]]
[2020.09.02-05.30.05:876][  0]LogConfig: Setting CVar [[r.Shadow.PreShadowResolutionFactor:1.0]]
[2020.09.02-05.30.05:876][  0]LogConfig: Setting CVar [[r.DistanceFieldShadowing:1]]
[2020.09.02-05.30.05:877][  0]LogConfig: Setting CVar [[r.DistanceFieldAO:1]]
[2020.09.02-05.30.05:877][  0]LogConfig: Setting CVar [[r.AOQuality:2]]
[2020.09.02-05.30.05:877][  0]LogConfig: Setting CVar [[r.VolumetricFog:1]]
[2020.09.02-05.30.05:877][  0]LogConfig: Setting CVar [[r.VolumetricFog.GridPixelSize:8]]
[2020.09.02-05.30.05:877][  0]LogConfig: Setting CVar [[r.VolumetricFog.GridSizeZ:128]]
[2020.09.02-05.30.05:877][  0]LogConfig: Setting CVar [[r.VolumetricFog.HistoryMissSupersampleCount:4]]
[2020.09.02-05.30.05:877][  0]LogConfig: Setting CVar [[r.LightMaxDrawDistanceScale:1]]
[2020.09.02-05.30.05:877][  0]LogConfig: Setting CVar [[r.CapsuleShadows:1]]
[2020.09.02-05.30.05:877][  0]LogConfig: Applying CVar settings from Section [PostProcessQuality@3] File [C:/Users/s181813/Documents/GitHub/GhoulsAndGoblins/GhoulsAndGoodies/Saved/Config/Windows/Scalability.ini]
[2020.09.02-05.30.05:877][  0]LogConfig: Setting CVar [[r.MotionBlurQuality:4]]
[2020.09.02-05.30.05:877][  0]LogConfig: Setting CVar [[r.AmbientOcclusionMipLevelFactor:0.4]]
[2020.09.02-05.30.05:877][  0]LogConfig: Setting CVar [[r.AmbientOcclusionMaxQuality:100]]
[2020.09.02-05.30.05:877][  0]LogConfig: Setting CVar [[r.AmbientOcclusionLevels:-1]]
[2020.09.02-05.30.05:877][  0]LogConfig: Setting CVar [[r.AmbientOcclusionRadiusScale:1.0]]
[2020.09.02-05.30.05:877][  0]LogConfig: Setting CVar [[r.DepthOfFieldQuality:2]]
[2020.09.02-05.30.05:878][  0]LogConfig: Setting CVar [[r.RenderTargetPoolMin:400]]
[2020.09.02-05.30.05:878][  0]LogConfig: Setting CVar [[r.LensFlareQuality:2]]
[2020.09.02-05.30.05:878][  0]LogConfig: Setting CVar [[r.SceneColorFringeQuality:1]]
[2020.09.02-05.30.05:878][  0]LogConfig: Setting CVar [[r.EyeAdaptationQuality:2]]
[2020.09.02-05.30.05:878][  0]LogConfig: Setting CVar [[r.BloomQuality:5]]
[2020.09.02-05.30.05:878][  0]LogConfig: Setting CVar [[r.FastBlurThreshold:100]]
[2020.09.02-05.30.05:878][  0]LogConfig: Setting CVar [[r.Upscale.Quality:3]]
[2020.09.02-05.30.05:878][  0]LogConfig: Setting CVar [[r.Tonemapper.GrainQuantization:1]]
[2020.09.02-05.30.05:878][  0]LogConfig: Setting CVar [[r.LightShaftQuality:1]]
[2020.09.02-05.30.05:878][  0]LogConfig: Setting CVar [[r.Filter.SizeScale:1]]
[2020.09.02-05.30.05:878][  0]LogConfig: Setting CVar [[r.Tonemapper.Quality:5]]
[2020.09.02-05.30.05:878][  0]LogConfig: Setting CVar [[r.DOF.Gather.AccumulatorQuality:1        ; higher gathering accumulator quality]]
[2020.09.02-05.30.05:878][  0]LogConfig: Setting CVar [[r.DOF.Gather.PostfilterMethod:1          ; Median3x3 postfilering method]]
[2020.09.02-05.30.05:878][  0]LogConfig: Setting CVar [[r.DOF.Gather.EnableBokehSettings:0       ; no bokeh simulation when gathering]]
[2020.09.02-05.30.05:878][  0]LogConfig: Setting CVar [[r.DOF.Gather.RingCount:4                 ; medium number of samples when gathering]]
[2020.09.02-05.30.05:878][  0]LogConfig: Setting CVar [[r.DOF.Scatter.ForegroundCompositing:1    ; additive foreground scattering]]
[2020.09.02-05.30.05:878][  0]LogConfig: Setting CVar [[r.DOF.Scatter.BackgroundCompositing:2    ; additive background scattering]]
[2020.09.02-05.30.05:879][  0]LogConfig: Setting CVar [[r.DOF.Scatter.EnableBokehSettings:1      ; bokeh simulation when scattering]]
[2020.09.02-05.30.05:879][  0]LogConfig: Setting CVar [[r.DOF.Scatter.MaxSpriteRatio:0.1         ; only a maximum of 10% of scattered bokeh]]
[2020.09.02-05.30.05:879][  0]LogConfig: Setting CVar [[r.DOF.Recombine.Quality:1                ; cheap slight out of focus]]
[2020.09.02-05.30.05:879][  0]LogConfig: Setting CVar [[r.DOF.Recombine.EnableBokehSettings:0    ; no bokeh simulation on slight out of focus]]
[2020.09.02-05.30.05:879][  0]LogConfig: Setting CVar [[r.DOF.TemporalAAQuality:1                ; more stable temporal accumulation]]
[2020.09.02-05.30.05:879][  0]LogConfig: Setting CVar [[r.DOF.Kernel.MaxForegroundRadius:0.025]]
[2020.09.02-05.30.05:879][  0]LogConfig: Setting CVar [[r.DOF.Kernel.MaxBackgroundRadius:0.025]]
[2020.09.02-05.30.05:879][  0]LogConfig: Applying CVar settings from Section [TextureQuality@3] File [C:/Users/s181813/Documents/GitHub/GhoulsAndGoblins/GhoulsAndGoodies/Saved/Config/Windows/Scalability.ini]
[2020.09.02-05.30.05:879][  0]LogConfig: Setting CVar [[r.Streaming.MipBias:0]]
[2020.09.02-05.30.05:879][  0]LogConfig: Setting CVar [[r.Streaming.AmortizeCPUToGPUCopy:0]]
[2020.09.02-05.30.05:879][  0]LogConfig: Setting CVar [[r.Streaming.MaxNumTexturesToStreamPerFrame:0]]
[2020.09.02-05.30.05:879][  0]LogConfig: Setting CVar [[r.Streaming.Boost:1]]
[2020.09.02-05.30.05:879][  0]LogConfig: Setting CVar [[r.MaxAnisotropy:8]]
[2020.09.02-05.30.05:879][  0]LogConfig: Setting CVar [[r.Streaming.LimitPoolSizeToVRAM:0]]
[2020.09.02-05.30.05:879][  0]LogConfig: Setting CVar [[r.Streaming.PoolSize:1000]]
[2020.09.02-05.30.05:879][  0]LogConfig: Setting CVar [[r.Streaming.MaxEffectiveScreenSize:0]]
[2020.09.02-05.30.05:879][  0]LogConfig: Applying CVar settings from Section [EffectsQuality@3] File [C:/Users/s181813/Documents/GitHub/GhoulsAndGoblins/GhoulsAndGoodies/Saved/Config/Windows/Scalability.ini]
[2020.09.02-05.30.05:879][  0]LogConfig: Setting CVar [[r.TranslucencyLightingVolumeDim:64]]
[2020.09.02-05.30.05:880][  0]LogConfig: Setting CVar [[r.RefractionQuality:2]]
[2020.09.02-05.30.05:880][  0]LogConfig: Setting CVar [[r.SSR.Quality:3]]
[2020.09.02-05.30.05:880][  0]LogConfig: Setting CVar [[r.SceneColorFormat:4]]
[2020.09.02-05.30.05:880][  0]LogConfig: Setting CVar [[r.DetailMode:2]]
[2020.09.02-05.30.05:880][  0]LogConfig: Setting CVar [[r.TranslucencyVolumeBlur:1]]
[2020.09.02-05.30.05:880][  0]LogConfig: Setting CVar [[r.MaterialQualityLevel:1 ; High quality]]
[2020.09.02-05.30.05:880][  0]LogConfig: Setting CVar [[r.SSS.Scale:1]]
[2020.09.02-05.30.05:880][  0]LogConfig: Setting CVar [[r.SSS.SampleSet:2]]
[2020.09.02-05.30.05:880][  0]LogConfig: Setting CVar [[r.SSS.Quality:1]]
[2020.09.02-05.30.05:880][  0]LogConfig: Setting CVar [[r.SSS.HalfRes:1]]
[2020.09.02-05.30.05:880][  0]LogConfig: Setting CVar [[r.EmitterSpawnRateScale:1.0]]
[2020.09.02-05.30.05:880][  0]LogConfig: Setting CVar [[r.ParticleLightQuality:2]]
[2020.09.02-05.30.05:880][  0]LogConfig: Applying CVar settings from Section [FoliageQuality@3] File [C:/Users/s181813/Documents/GitHub/GhoulsAndGoblins/GhoulsAndGoodies/Saved/Config/Windows/Scalability.ini]
[2020.09.02-05.30.05:880][  0]LogConfig: Setting CVar [[foliage.DensityScale:1.0]]
[2020.09.02-05.30.05:880][  0]LogConfig: Setting CVar [[grass.DensityScale:1.0]]
[2020.09.02-05.30.05:880][  0]LogConfig: Applying CVar settings from Section [Startup] File [../../../Engine/Config/ConsoleVariables.ini]
[2020.09.02-05.30.05:881][  0]LogConfig: Setting CVar [[net.UseAdaptiveNetUpdateFrequency:0]]
[2020.09.02-05.30.05:881][  0]LogConfig: Setting CVar [[p.chaos.AllowCreatePhysxBodies:1]]
[2020.09.02-05.30.05:881][  0]LogConfig: Applying CVar settings from Section [ConsoleVariables] File [C:/Users/s181813/Documents/GitHub/GhoulsAndGoblins/GhoulsAndGoodies/Saved/Config/Windows/Engine.ini]
[2020.09.02-05.30.05:881][  0]LogInit: Computer: SYD-19EF44
[2020.09.02-05.30.05:881][  0]LogInit: User: S181813
[2020.09.02-05.30.05:881][  0]LogInit: CPU Page size=4096, Cores=4
[2020.09.02-05.30.05:881][  0]LogInit: High frequency timer resolution =10.000000 MHz
[2020.09.02-05.30.05:881][  0]LogMemory: Memory total: Physical=31.9GB (32GB approx)
[2020.09.02-05.30.05:881][  0]LogMemory: Platform Memory Stats for Windows
[2020.09.02-05.30.05:881][  0]LogMemory: Process Physical Memory: 102.44 MB used, 102.45 MB peak
[2020.09.02-05.30.05:882][  0]LogMemory: Process Virtual Memory: 99.02 MB used, 99.02 MB peak
[2020.09.02-05.30.05:882][  0]LogMemory: Physical Memory: 9430.38 MB used,  23224.74 MB free, 32655.12 MB total
[2020.09.02-05.30.05:882][  0]LogMemory: Virtual Memory: 4666.87 MB used,  134213064.00 MB free, 134217728.00 MB total
[2020.09.02-05.30.05:888][  0]LogWindows: WindowsPlatformFeatures enabled
[2020.09.02-05.30.06:068][  0]LogInit: Using OS detected language (en-US).
[2020.09.02-05.30.06:068][  0]LogInit: Using OS detected locale (en-AU).
[2020.09.02-05.30.06:069][  0]LogTextLocalizationManager: No specific localization for 'en-US' exists, so the 'en' localization will be used.
[2020.09.02-05.30.06:264][  0]LogInit: Setting process to per monitor DPI aware
[2020.09.02-05.30.06:331][  0]LogSlate: New Slate User Created.  User Index 0, Is Virtual User: 0
[2020.09.02-05.30.06:331][  0]LogSlate: Slate User Registered.  User Index 0, Is Virtual User: 0
[2020.09.02-05.30.06:496][  0]LogHMD: Failed to initialize OpenVR with code 110
[2020.09.02-05.30.06:496][  0]LogD3D11RHI: D3D11 adapters:
[2020.09.02-05.30.06:592][  0]LogD3D11RHI:    0. 'NVIDIA GeForce GTX 770' (Feature Level 11_0)
[2020.09.02-05.30.06:592][  0]LogD3D11RHI:       2007/0/16327 MB DedicatedVideo/DedicatedSystem/SharedSystem, Outputs:2, VendorId:0x10de
[2020.09.02-05.30.06:608][  0]LogD3D11RHI:    1. 'Intel(R) HD Graphics 4600' (Feature Level 11_0)
[2020.09.02-05.30.06:608][  0]LogD3D11RHI:       112/0/2048 MB DedicatedVideo/DedicatedSystem/SharedSystem, Outputs:0, VendorId:0x8086
[2020.09.02-05.30.06:615][  0]LogD3D11RHI:    2. 'Microsoft Basic Render Driver' (Feature Level 11_0)
[2020.09.02-05.30.06:615][  0]LogD3D11RHI:       0/0/16327 MB DedicatedVideo/DedicatedSystem/SharedSystem, Outputs:0, VendorId:0x1414
[2020.09.02-05.30.06:615][  0]LogD3D11RHI: Chosen D3D11 Adapter: 0
[2020.09.02-05.30.06:623][  0]LogD3D11RHI: Creating new Direct3DDevice
[2020.09.02-05.30.06:623][  0]LogD3D11RHI:     GPU DeviceId: 0x1184 (for the marketing name, search the web for "GPU Device Id")
[2020.09.02-05.30.06:623][  0]LogWindows: EnumDisplayDevices:
[2020.09.02-05.30.06:624][  0]LogWindows:    0. 'NVIDIA GeForce GTX 770' (P:1 D:1)
[2020.09.02-05.30.06:624][  0]LogWindows:    1. 'NVIDIA GeForce GTX 770' (P:0 D:1)
[2020.09.02-05.30.06:625][  0]LogWindows:    2. 'NVIDIA GeForce GTX 770' (P:0 D:0)
[2020.09.02-05.30.06:625][  0]LogWindows:    3. 'NVIDIA GeForce GTX 770' (P:0 D:0)
[2020.09.02-05.30.06:625][  0]LogWindows:    4. 'Intel(R) HD Graphics 4600' (P:0 D:0)
[2020.09.02-05.30.06:626][  0]LogWindows:    5. 'Intel(R) HD Graphics 4600' (P:0 D:0)
[2020.09.02-05.30.06:626][  0]LogWindows:    6. 'Intel(R) HD Graphics 4600' (P:0 D:0)
[2020.09.02-05.30.06:627][  0]LogWindows: DebugString: PrimaryIsNotTheChoosenAdapter PrimaryIsNotTheChoosenAdapter PrimaryIsNotTheChoosenAdapter FoundDriverCount:4 
[2020.09.02-05.30.06:627][  0]LogD3D11RHI:     Adapter Name: NVIDIA GeForce GTX 770
[2020.09.02-05.30.06:627][  0]LogD3D11RHI:   Driver Version: 451.67 (internal:27.21.14.5167, unified:451.67)
[2020.09.02-05.30.06:627][  0]LogD3D11RHI:      Driver Date: 7-5-2020
[2020.09.02-05.30.06:627][  0]LogRHI: Texture pool is 1404 MB (70% of 2007 MB)
[2020.09.02-05.30.06:677][  0]LogD3D11RHI: Async texture creation enabled
[2020.09.02-05.30.06:695][  0]LogD3D11RHI: GPU Timing Frequency: 1000.000000 (Debug: 2 1)
[2020.09.02-05.30.07:004][  0]LogTemp: Display: Module 'AllDesktopTargetPlatform' loaded TargetPlatform 'AllDesktop'
[2020.09.02-05.30.07:015][  0]LogTemp: Display: Module 'MacClientTargetPlatform' loaded TargetPlatform 'MacClient'
[2020.09.02-05.30.07:025][  0]LogTemp: Display: Module 'MacNoEditorTargetPlatform' loaded TargetPlatform 'MacNoEditor'
[2020.09.02-05.30.07:036][  0]LogTemp: Display: Module 'MacServerTargetPlatform' loaded TargetPlatform 'MacServer'
[2020.09.02-05.30.07:047][  0]LogTemp: Display: Module 'MacTargetPlatform' loaded TargetPlatform 'Mac'
[2020.09.02-05.30.07:057][  0]LogTemp: Display: Module 'WindowsClientTargetPlatform' loaded TargetPlatform 'WindowsClient'
[2020.09.02-05.30.07:069][  0]LogTemp: Display: Module 'WindowsNoEditorTargetPlatform' loaded TargetPlatform 'WindowsNoEditor'
[2020.09.02-05.30.07:080][  0]LogTemp: Display: Module 'WindowsServerTargetPlatform' loaded TargetPlatform 'WindowsServer'
[2020.09.02-05.30.07:087][  0]LogTemp: Display: Module 'WindowsTargetPlatform' loaded TargetPlatform 'Windows'
[2020.09.02-05.30.07:125][  0]LogTemp: Display: Module 'AndroidTargetPlatform' loaded TargetPlatform 'Android'
[2020.09.02-05.30.07:125][  0]LogTemp: Display: Module 'AndroidTargetPlatform' loaded TargetPlatform 'Android_ASTC'
[2020.09.02-05.30.07:126][  0]LogTemp: Display: Module 'AndroidTargetPlatform' loaded TargetPlatform 'Android_ATC'
[2020.09.02-05.30.07:126][  0]LogTemp: Display: Module 'AndroidTargetPlatform' loaded TargetPlatform 'Android_DXT'
[2020.09.02-05.30.07:126][  0]LogTemp: Display: Module 'AndroidTargetPlatform' loaded TargetPlatform 'Android_ETC1'
[2020.09.02-05.30.07:126][  0]LogTemp: Display: Module 'AndroidTargetPlatform' loaded TargetPlatform 'Android_ETC1a'
[2020.09.02-05.30.07:126][  0]LogTemp: Display: Module 'AndroidTargetPlatform' loaded TargetPlatform 'Android_ETC2'
[2020.09.02-05.30.07:126][  0]LogTemp: Display: Module 'AndroidTargetPlatform' loaded TargetPlatform 'Android_PVRTC'
[2020.09.02-05.30.07:126][  0]LogTemp: Display: Module 'AndroidTargetPlatform' loaded TargetPlatform 'AndroidClient'
[2020.09.02-05.30.07:126][  0]LogTemp: Display: Module 'AndroidTargetPlatform' loaded TargetPlatform 'Android_ASTCClient'
[2020.09.02-05.30.07:127][  0]LogTemp: Display: Module 'AndroidTargetPlatform' loaded TargetPlatform 'Android_ATCClient'
[2020.09.02-05.30.07:127][  0]LogTemp: Display: Module 'AndroidTargetPlatform' loaded TargetPlatform 'Android_DXTClient'
[2020.09.02-05.30.07:127][  0]LogTemp: Display: Module 'AndroidTargetPlatform' loaded TargetPlatform 'Android_ETC1Client'
[2020.09.02-05.30.07:127][  0]LogTemp: Display: Module 'AndroidTargetPlatform' loaded TargetPlatform 'Android_ETC1aClient'
[2020.09.02-05.30.07:127][  0]LogTemp: Display: Module 'AndroidTargetPlatform' loaded TargetPlatform 'Android_ETC2Client'
[2020.09.02-05.30.07:127][  0]LogTemp: Display: Module 'AndroidTargetPlatform' loaded TargetPlatform 'Android_PVRTCClient'
[2020.09.02-05.30.07:127][  0]LogTemp: Display: Module 'AndroidTargetPlatform' loaded TargetPlatform 'Android_Multi'
[2020.09.02-05.30.07:127][  0]LogTemp: Display: Module 'AndroidTargetPlatform' loaded TargetPlatform 'Android_MultiClient'
[2020.09.02-05.30.07:133][  0]LogTemp: Display: Module 'HTML5TargetPlatform' loaded TargetPlatform 'HTML5'
[2020.09.02-05.30.07:160][  0]LogTemp: Display: Module 'IOSTargetPlatform' loaded TargetPlatform 'IOSClient'
[2020.09.02-05.30.07:160][  0]LogTemp: Display: Module 'IOSTargetPlatform' loaded TargetPlatform 'IOS'
[2020.09.02-05.30.07:176][  0]LogTemp: Display: Module 'TVOSTargetPlatform' loaded TargetPlatform 'TVOSClient'
[2020.09.02-05.30.07:176][  0]LogTemp: Display: Module 'TVOSTargetPlatform' loaded TargetPlatform 'TVOS'
[2020.09.02-05.30.07:187][  0]LogTemp: Display: Module 'LinuxClientTargetPlatform' loaded TargetPlatform 'LinuxClient'
[2020.09.02-05.30.07:196][  0]LogTemp: Display: Module 'LinuxNoEditorTargetPlatform' loaded TargetPlatform 'LinuxNoEditor'
[2020.09.02-05.30.07:205][  0]LogTemp: Display: Module 'LinuxServerTargetPlatform' loaded TargetPlatform 'LinuxServer'
[2020.09.02-05.30.07:214][  0]LogTemp: Display: Module 'LinuxTargetPlatform' loaded TargetPlatform 'Linux'
[2020.09.02-05.30.07:244][  0]LogTemp: Display: Module 'LuminTargetPlatform' loaded TargetPlatform 'Lumin'
[2020.09.02-05.30.07:245][  0]LogTemp: Display: Module 'LuminTargetPlatform' loaded TargetPlatform 'LuminClient'
[2020.09.02-05.30.07:245][  0]LogTargetPlatformManager: Display: Building Assets For Windows
[2020.09.02-05.30.07:261][  0]LogAudioDebug: Display: Lib vorbis DLL was dynamically loaded.
[2020.09.02-05.30.07:355][  0]LogShaderCompilers: Guid format shader working directory is -35 characters bigger than the processId version (../../../../../../Users/s181813/Documents/GitHub/GhoulsAndGoblins/GhoulsAndGoodies/Intermediate/Shaders/WorkingDirectory/14972/).
[2020.09.02-05.30.07:356][  0]LogShaderCompilers: Cleaned the shader compiler working directory 'C:/Users/s181813/AppData/Local/Temp/UnrealShaderWorkingDir/881A08744D7FCAADC44460ADCA6F6C1F/'.
[2020.09.02-05.30.07:358][  0]LogXGEController: Cleaning working directory: C:/Users/s181813/AppData/Local/Temp/UnrealXGEWorkingDir/
[2020.09.02-05.30.07:359][  0]LogXGEController: Cannot use XGE Controller as Incredibuild is not installed on this machine.
[2020.09.02-05.30.07:359][  0]LogShaderCompilers: Cannot use XGE Shader Compiler as Incredibuild is not installed on this machine.
[2020.09.02-05.30.07:359][  0]LogShaderCompilers: Display: Using Local Shader Compiler.
[2020.09.02-05.30.08:019][  0]LogDerivedDataCache: Display: Max Cache Size: 512 MB
[2020.09.02-05.30.08:079][  0]LogDerivedDataCache: Loaded boot cache 0.06s 76MB C:/Users/s181813/AppData/Local/UnrealEngine/4.23/DerivedDataCache/Boot.ddc.
[2020.09.02-05.30.08:079][  0]LogDerivedDataCache: Display: Loaded Boot cache: C:/Users/s181813/AppData/Local/UnrealEngine/4.23/DerivedDataCache/Boot.ddc
[2020.09.02-05.30.08:079][  0]LogDerivedDataCache: FDerivedDataBackendGraph:  Pak pak cache file ../../../../../../Users/s181813/Documents/GitHub/GhoulsAndGoblins/GhoulsAndGoodies/DerivedDataCache/DDC.ddp not found, will not use a pak cache.
[2020.09.02-05.30.08:080][  0]LogDerivedDataCache: Unable to find inner node Pak for hierarchical cache Hierarchy.
[2020.09.02-05.30.08:080][  0]LogDerivedDataCache: FDerivedDataBackendGraph:  CompressedPak pak cache file ../../../../../../Users/s181813/Documents/GitHub/GhoulsAndGoblins/GhoulsAndGoodies/DerivedDataCache/Compressed.ddp not found, will not use a pak cache.
[2020.09.02-05.30.08:080][  0]LogDerivedDataCache: Unable to find inner node CompressedPak for hierarchical cache Hierarchy.
[2020.09.02-05.30.08:091][  0]LogDerivedDataCache: Display: Pak cache opened for reading ../../../Engine/DerivedDataCache/Compressed.ddp.
[2020.09.02-05.30.08:091][  0]LogDerivedDataCache: FDerivedDataBackendGraph:  EnterprisePak pak cache file ../../../Enterprise/DerivedDataCache/Compressed.ddp not found, will not use a pak cache.
[2020.09.02-05.30.08:092][  0]LogDerivedDataCache: Unable to find inner node EnterprisePak for hierarchical cache Hierarchy.
[2020.09.02-05.30.08:094][  0]LogDerivedDataCache: Using Local data cache path C:/Users/s181813/AppData/Local/UnrealEngine/Common/DerivedDataCache: Writable
[2020.09.02-05.30.08:095][  0]LogDerivedDataCache: Shared data cache path not found in *engine.ini, will not use an Shared cache.
[2020.09.02-05.30.08:095][  0]LogDerivedDataCache: Unable to find inner node Shared for hierarchical cache Hierarchy.
[2020.09.02-05.30.08:120][  0]LogMaterial: Verifying Global Shaders for PCD3D_SM5
[2020.09.02-05.30.08:122][  0]LogSlate: Using FreeType 2.6.0
[2020.09.02-05.30.08:123][  0]LogSlate: SlateFontServices - WITH_FREETYPE: 1, WITH_HARFBUZZ: 1
[2020.09.02-05.30.08:189][  0]LogAssetRegistry: FAssetRegistry took 0.0062 seconds to start up
[2020.09.02-05.30.08:454][  0]LogInit: Selected Device Profile: [Windows]
[2020.09.02-05.30.08:623][  0]LogMeshReduction: Using QuadricMeshReduction for automatic static mesh reduction
[2020.09.02-05.30.08:623][  0]LogMeshReduction: Using SimplygonMeshReduction for automatic skeletal mesh reduction
[2020.09.02-05.30.08:623][  0]LogMeshReduction: Using ProxyLODMeshReduction for automatic mesh merging
[2020.09.02-05.30.08:623][  0]LogMeshReduction: No distributed automatic mesh merging module available
[2020.09.02-05.30.08:623][  0]LogMeshMerging: No distributed automatic mesh merging module available
[2020.09.02-05.30.08:634][  0]LogNetVersion: GhoulsAndGoodies 1.0.0, NetCL: 8386587, EngineNetVer: 11, GameNetVer: 0 (Checksum: 1842056771)
[2020.09.02-05.30.09:069][  0]LogPackageLocalizationCache: Processed 12 localized package path(s) for 1 prioritized culture(s) in 0.058638 seconds
[2020.09.02-05.30.09:077][  0]LogUObjectArray: 43444 objects as part of root set at end of initial load.
[2020.09.02-05.30.09:077][  0]LogUObjectAllocator: 7548648 out of 0 bytes used by permanent object pool.
[2020.09.02-05.30.09:077][  0]LogUObjectArray: CloseDisregardForGC: 0/0 objects in disregard for GC pool
[2020.09.02-05.30.10:049][  0]LogTcpMessaging: Initializing TcpMessaging bridge
[2020.09.02-05.30.10:055][  0]LogUdpMessaging: Initializing bridge on interface 0.0.0.0:0 to multicast group 230.0.0.1:6666.
[2020.09.02-05.30.10:367][  0]LogScript: Warning: Script Msg: No world was found for object (/Script/GhoulsAndGoodies.Default__GhoulsAndGoodiesGameMode) passed in to UEngine::GetWorldFromContextObject().
[2020.09.02-05.30.10:473][  0]SourceControl: Source control is disabled
[2020.09.02-05.30.10:474][  0]SourceControl: Source control is disabled
[2020.09.02-05.30.10:477][  0]SourceControl: Source control is disabled
[2020.09.02-05.30.10:480][  0]SourceControl: Source control is disabled
[2020.09.02-05.30.10:646][  0]LogAndroidPermission: UAndroidPermissionCallbackProxy::GetInstance
[2020.09.02-05.30.10:806][  0]LogOcInput: OculusInput pre-init called
[2020.09.02-05.30.10:817][  0]LogWindows: Failed to load 'OVRPlugin.dll' (GetLastError=126)
[2020.09.02-05.30.10:817][  0]LogWindows: File 'OVRPlugin.dll' does not exist
[2020.09.02-05.30.10:902][  0]LogEngine: Initializing Engine...
[2020.09.02-05.30.10:904][  0]LogHMD: Failed to initialize OpenVR with code 110
[2020.09.02-05.30.10:905][  0]LogStats: UGameplayTagsManager::InitializeManager -  0.000 s
[2020.09.02-05.30.11:123][  0]LogInit: Initializing FReadOnlyCVARCache
[2020.09.02-05.30.11:141][  0]LogAIModule: Creating AISystem for world Untitled
[2020.09.02-05.30.11:159][  0]LogInit: XAudio2 using 'Realtek Digital Output (Realtek High Definition Audio)' : 2 channels at 48 kHz using 16 bits per sample (channel mask 0x3)
[2020.09.02-05.30.11:216][  0]LogInit: FAudioDevice initialized.
[2020.09.02-05.30.11:216][  0]LogNetVersion: Set ProjectVersion to 1.0.0.0. Version Checksum will be recalculated on next use.
[2020.09.02-05.30.11:308][  0]LogDerivedDataCache: Saved boot cache 0.09s 76MB C:/Users/s181813/AppData/Local/UnrealEngine/4.23/DerivedDataCache/Boot.ddc.
[2020.09.02-05.30.11:316][  0]LogInit: Texture streaming: Enabled
[2020.09.02-05.30.11:346][  0]LogEngineSessionManager: EngineSessionManager initialized
[2020.09.02-05.30.11:346][  0]LogEngineSessionManager: EngineSessionManager sent abnormal shutdown report. Type=Debugger, SessionId={A32E9F37-4B41-B68C-5524-1985279C3CA5}
[2020.09.02-05.30.11:346][  0]LogEditorSessionSummary: Verbose: Initializing EditorSessionSummaryWriter for editor session tracking
[2020.09.02-05.30.11:347][  0]LogEditorSessionSummary: EditorSessionSummaryWriter initialized
[2020.09.02-05.30.11:421][  0]LogInit: Transaction tracking system initialized
[2020.09.02-05.30.11:479][  0]BlueprintLog: New page: Editor Load
[2020.09.02-05.30.11:589][  0]LocalizationService: Localization service is disabled
[2020.09.02-05.30.11:862][  0]LogFileCache: Scanning file cache for directory 'C:/Users/s181813/Documents/GitHub/GhoulsAndGoblins/GhoulsAndGoodies/Content/' took 0.01s
[2020.09.02-05.30.11:863][  0]LogCook: Display: Max memory allowance for cook 16384mb min free memory 0mb
[2020.09.02-05.30.11:863][  0]LogCook: Display: Mobile HDR setting 1
[2020.09.02-05.30.12:127][  0]SourceControl: Source control is disabled
[2020.09.02-05.30.12:128][  0]Cmd: MAP LOAD FILE="../../../../../../Users/s181813/Documents/GitHub/GhoulsAndGoblins/GhoulsAndGoodies/Content/TopDownCPP/Maps/TopDownExampleMap.umap" TEMPLATE=0 SHOWPROGRESS=1 FEATURELEVEL=3
[2020.09.02-05.30.12:128][  0]LightingResults: New page: Lighting Build
[2020.09.02-05.30.12:132][  0]LogWorld: UWorld::CleanupWorld for Untitled, bSessionEnded=true, bCleanupResources=true
[2020.09.02-05.30.12:132][  0]MapCheck: New page: Map Check
[2020.09.02-05.30.12:132][  0]LightingResults: New page: Lighting Build
[2020.09.02-05.30.12:156][  0]LogUObjectHash: Compacting FUObjectHashTables data took   2.51ms
[2020.09.02-05.30.12:253][  0]LogAIModule: Creating AISystem for world TopDownExampleMap
[2020.09.02-05.30.12:261][  0]LogEditorServer: Finished looking for orphan Actors (0.000 secs)
[2020.09.02-05.30.12:291][  0]LogUObjectHash: Compacting FUObjectHashTables data took   3.62ms
[2020.09.02-05.30.12:292][  0]Cmd: MAP CHECKDEP NOCLEARLOG
[2020.09.02-05.30.12:292][  0]MapCheck: Map check complete: 0 Error(s), 0 Warning(s), took 0.201ms to complete.
[2020.09.02-05.30.12:292][  0]LogFileHelpers: Loading map 'TopDownExampleMap' took 0.165
[2020.09.02-05.30.13:414][  0]LogSlate: Only BGRA pngs, bmps or icos are supported in by External Image Picker
[2020.09.02-05.30.13:460][  0]LogSlate: Updating window title bar state: overlay mode, drag disabled, window buttons hidden, title bar hidden
[2020.09.02-05.30.13:468][  0]LogSlate: Updating window title bar state: overlay mode, drag disabled, window buttons hidden, title bar hidden
[2020.09.02-05.30.13:476][  0]LogSlate: Updating window title bar state: overlay mode, drag disabled, window buttons hidden, title bar hidden
[2020.09.02-05.30.13:484][  0]LogSlate: Updating window title bar state: overlay mode, drag disabled, window buttons hidden, title bar hidden
[2020.09.02-05.30.13:505][  0]LogCollectionManager: Loaded 0 collections in 0.001797 seconds
[2020.09.02-05.30.13:516][  0]LogFileCache: Scanning file cache for directory 'C:/Users/s181813/Documents/GitHub/GhoulsAndGoblins/GhoulsAndGoodies/Saved/Collections/' took 0.00s
[2020.09.02-05.30.13:517][  0]LogFileCache: Scanning file cache for directory 'C:/Users/s181813/Documents/GitHub/GhoulsAndGoblins/GhoulsAndGoodies/Content/Developers/S181813/Collections/' took 0.00s
[2020.09.02-05.30.13:517][  0]LogFileCache: Scanning file cache for directory 'C:/Users/s181813/Documents/GitHub/GhoulsAndGoblins/GhoulsAndGoodies/Content/Collections/' took 0.00s
[2020.09.02-05.30.13:517][  0]LogCollectionManager: Rebuilt the GUID cache for 0 collections in 0.000002 seconds
[2020.09.02-05.30.13:526][  0]LogContentBrowser: Native class hierarchy populated in 0.0091 seconds. Added 2880 classes and 684 folders.
[2020.09.02-05.30.13:533][  0]LogContentBrowser: Native class hierarchy updated for 'WidgetCarousel' in 0.0003 seconds. Added 0 classes and 0 folders.
[2020.09.02-05.30.13:567][  0]LogContentBrowser: Native class hierarchy updated for 'AddContentDialog' in 0.0003 seconds. Added 0 classes and 0 folders.
[2020.09.02-05.30.13:581][  0]LogSlate: Took 0.000395 seconds to synchronously load lazily loaded font '../../../Engine/Content/Slate/Fonts/Roboto-Regular.ttf' (155K)
[2020.09.02-05.30.13:584][  0]LogSlate: Took 0.000246 seconds to synchronously load lazily loaded font '../../../Engine/Content/Slate/Fonts/Roboto-Bold.ttf' (160K)
[2020.09.02-05.30.13:592][  0]LogSlate: Took 0.000309 seconds to synchronously load lazily loaded font '../../../Engine/Content/Editor/Slate/Fonts/FontAwesome.ttf' (139K)
[2020.09.02-05.30.13:670][  0]LogRenderer: Reallocating scene render targets to support 1056x612 Format 10 NumSamples 1 (Frame:1).
[2020.09.02-05.30.13:790][  0]LogContentBrowser: Native class hierarchy updated for 'HierarchicalLODOutliner' in 0.0007 seconds. Added 0 classes and 0 folders.
[2020.09.02-05.30.13:791][  0]LogLoad: (Engine Initialization) Total time: 9.26 seconds
[2020.09.02-05.30.13:791][  0]LogLoad: (Engine Initialization) Total Blueprint compile time: 0.00 seconds
[2020.09.02-05.30.13:895][  0]LogAssetRegistry: Asset discovery search completed in 5.7098 seconds
[2020.09.02-05.30.13:899][  0]LogCollectionManager: Rebuilt the object cache for 0 collections in 0.000005 seconds (found 0 objects)
[2020.09.02-05.30.13:900][  0]LogCollectionManager: Fixed up redirectors for 0 collections in 0.000182 seconds (updated 0 objects)
[2020.09.02-05.30.13:901][  0]LogContentStreaming: Texture pool size now 1000 MB
[2020.09.02-05.30.13:932][  0]LogSlate: Took 0.000126 seconds to synchronously load lazily loaded font '../../../Engine/Content/Slate/Fonts/Roboto-Light.ttf' (167K)
[2020.09.02-05.30.20:176][670]LogSlate: FSceneViewport::OnFocusLost() reason 0
[2020.09.02-05.30.20:356][691]LogSlate: Took 0.000160 seconds to synchronously load lazily loaded font '../../../Engine/Content/Slate/Fonts/Roboto-Light.ttf' (167K)
[2020.09.02-05.30.20:400][691]LogAIModule: Creating AISystem for world MainMenu
[2020.09.02-05.30.20:405][691]LogAssetEditorManager: Opening Asset editor for World /Game/TopDownCPP/Maps/MainMenu.MainMenu
[2020.09.02-05.30.20:429][691]LogUObjectHash: Compacting FUObjectHashTables data took   2.75ms
[2020.09.02-05.30.20:431][691]Cmd: MAP LOAD FILE="../../../../../../Users/s181813/Documents/GitHub/GhoulsAndGoblins/GhoulsAndGoodies/Content/TopDownCPP/Maps/MainMenu.umap" TEMPLATE=0 SHOWPROGRESS=1 FEATURELEVEL=3
[2020.09.02-05.30.20:431][691]LightingResults: New page: Lighting Build
[2020.09.02-05.30.20:432][691]LoadErrors: New page: Loading map: MainMenu.umap
[2020.09.02-05.30.20:432][691]LogWorld: UWorld::CleanupWorld for TopDownExampleMap, bSessionEnded=true, bCleanupResources=true
[2020.09.02-05.30.20:432][691]MapCheck: New page: Map Check
[2020.09.02-05.30.20:433][691]LightingResults: New page: Lighting Build
[2020.09.02-05.30.20:459][691]LogUObjectHash: Compacting FUObjectHashTables data took   2.29ms
[2020.09.02-05.30.20:461][691]LogEditorServer: Finished looking for orphan Actors (0.000 secs)
[2020.09.02-05.30.20:487][691]LogUObjectHash: Compacting FUObjectHashTables data took   1.57ms
[2020.09.02-05.30.20:531][691]Cmd: MAP CHECKDEP NOCLEARLOG
[2020.09.02-05.30.20:531][691]MapCheck: Map check complete: 0 Error(s), 0 Warning(s), took 0.117ms to complete.
[2020.09.02-05.30.20:531][691]LogFileHelpers: Loading map 'MainMenu' took 0.103
[2020.09.02-05.30.44:105][223]LogTemp: Repeating last play command: Selected Viewport
[2020.09.02-05.30.44:123][223]LogBlueprintUserMessages: Early PlayInEditor Detection: Level '/Game/TopDownCPP/Maps/MainMenu.MainMenu:PersistentLevel' has LevelScriptBlueprint '/Game/TopDownCPP/Maps/MainMenu.MainMenu:PersistentLevel.MainMenu' with GeneratedClass '/Game/TopDownCPP/Maps/MainMenu.MainMenu_C' with ClassGeneratedBy '/Game/TopDownCPP/Maps/MainMenu.MainMenu:PersistentLevel.MainMenu'
[2020.09.02-05.30.44:124][223]LogPlayLevel: PlayLevel: No blueprints needed recompiling
[2020.09.02-05.30.44:124][223]PIE: New page: PIE session: MainMenu (3 Sep 2020 1:30:44 am)
[2020.09.02-05.30.44:126][223]LogOnline: OSS: Creating online subsystem instance for: NULL
[2020.09.02-05.30.44:129][223]LogPlayLevel: Creating play world package: /Game/TopDownCPP/Maps/UEDPIE_0_MainMenu
[2020.09.02-05.30.44:132][223]LogPlayLevel: PIE: StaticDuplicateObject took: (0.002507s)
[2020.09.02-05.30.44:134][223]LogAIModule: Creating AISystem for world MainMenu
[2020.09.02-05.30.44:134][223]LogPlayLevel: PIE: World Init took: (0.002265s)
[2020.09.02-05.30.44:134][223]LogPlayLevel: PIE: Created PIE world by copying editor world from /Game/TopDownCPP/Maps/MainMenu.MainMenu to /Game/TopDownCPP/Maps/UEDPIE_0_MainMenu.MainMenu (0.005368s)
[2020.09.02-05.30.44:159][223]LogUObjectHash: Compacting FUObjectHashTables data took   1.82ms
[2020.09.02-05.30.44:165][223]LogInit: XAudio2 using 'Realtek Digital Output (Realtek High Definition Audio)' : 2 channels at 48 kHz using 16 bits per sample (channel mask 0x3)
[2020.09.02-05.30.44:189][223]LogInit: FAudioDevice initialized.
[2020.09.02-05.30.44:205][223]LogLoad: Game class is 'GhoulsAndGoodiesGameMode'
[2020.09.02-05.30.44:206][223]LogWorld: Bringing World /Game/TopDownCPP/Maps/UEDPIE_0_MainMenu.MainMenu up for play (max tick rate 0) at 2020.09.02-15.30.44
[2020.09.02-05.30.44:207][223]LogWorld: Bringing up level for play took: 0.000500
[2020.09.02-05.30.44:207][223]LogOnline: OSS: Creating online subsystem instance for: :Context_2
[2020.09.02-05.30.44:215][223]LogContentBrowser: Native class hierarchy updated for 'MovieSceneCapture' in 0.0004 seconds. Added 20 classes and 0 folders.
[2020.09.02-05.30.44:215][223]LogActor: Warning: GNGPawn /Game/TopDownCPP/Maps/UEDPIE_0_MainMenu.MainMenu:PersistentLevel.GNGPawn_0 has natively added scene component(s), but none of them were set as the actor's RootComponent - picking one arbitrarily
[2020.09.02-05.30.44:217][223]PIE: Play in editor start time for /Game/TopDownCPP/Maps/UEDPIE_0_MainMenu -0.339
[2020.09.02-05.30.44:217][223]LogBlueprintUserMessages: Late PlayInEditor Detection: Level '/Game/TopDownCPP/Maps/MainMenu.MainMenu:PersistentLevel' has LevelScriptBlueprint '/Game/TopDownCPP/Maps/MainMenu.MainMenu:PersistentLevel.MainMenu' with GeneratedClass '/Game/TopDownCPP/Maps/MainMenu.MainMenu_C' with ClassGeneratedBy '/Game/TopDownCPP/Maps/MainMenu.MainMenu:PersistentLevel.MainMenu'
[2020.09.02-05.30.46:573][504]LogNet: Browse: /Game/TopDownCPP/Maps/TopDownExampleMap
[2020.09.02-05.30.46:573][504]LogLoad: LoadMap: /Game/TopDownCPP/Maps/TopDownExampleMap
[2020.09.02-05.30.46:573][504]LogWorld: BeginTearingDown for /Game/TopDownCPP/Maps/UEDPIE_0_MainMenu
[2020.09.02-05.30.46:574][504]LogWorld: UWorld::CleanupWorld for MainMenu, bSessionEnded=true, bCleanupResources=true
[2020.09.02-05.30.46:598][504]LogUObjectHash: Compacting FUObjectHashTables data took   1.59ms
[2020.09.02-05.30.46:621][504]LogAIModule: Creating AISystem for world TopDownExampleMap
[2020.09.02-05.30.46:621][504]LogLoad: Game class is 'GhoulsAndGoodiesGameMode'
[2020.09.02-05.30.46:662][504]LogWorld: Bringing World /Game/TopDownCPP/Maps/UEDPIE_0_TopDownExampleMap.TopDownExampleMap up for play (max tick rate 0) at 2020.09.02-15.30.46
[2020.09.02-05.30.46:662][504]LogWorld: Bringing up level for play took: 0.040312
[2020.09.02-05.30.46:663][504]LogActor: Warning: GNGPawn /Game/TopDownCPP/Maps/UEDPIE_0_TopDownExampleMap.TopDownExampleMap:PersistentLevel.GNGPawn_0 has natively added scene component(s), but none of them were set as the actor's RootComponent - picking one arbitrarily
[2020.09.02-05.30.46:676][504]LogLoad: Took 0.102356 seconds to LoadMap(/Game/TopDownCPP/Maps/TopDownExampleMap)
[2020.09.02-05.30.57:861][843]LogSlate: FSceneViewport::OnFocusLost() reason 0
[2020.09.02-05.30.58:005][860]LogNet: Browse: /Game/TopDownCPP/Maps/MainMenu
[2020.09.02-05.30.58:005][860]LogLoad: LoadMap: /Game/TopDownCPP/Maps/MainMenu
[2020.09.02-05.30.58:005][860]LogWorld: BeginTearingDown for /Game/TopDownCPP/Maps/UEDPIE_0_TopDownExampleMap
[2020.09.02-05.30.58:006][860]LogWorld: UWorld::CleanupWorld for TopDownExampleMap, bSessionEnded=true, bCleanupResources=true
[2020.09.02-05.30.58:031][860]LogUObjectHash: Compacting FUObjectHashTables data took   1.62ms
[2020.09.02-05.30.58:032][860]LogPlayLevel: Creating play world package: /Game/TopDownCPP/Maps/UEDPIE_0_MainMenu
[2020.09.02-05.30.58:034][860]LogPlayLevel: PIE: StaticDuplicateObject took: (0.002116s)
[2020.09.02-05.30.58:035][860]LogAIModule: Creating AISystem for world MainMenu
[2020.09.02-05.30.58:036][860]LogPlayLevel: PIE: World Init took: (0.001299s)
[2020.09.02-05.30.58:036][860]LogPlayLevel: PIE: Created PIE world by copying editor world from /Game/TopDownCPP/Maps/MainMenu.MainMenu to /Game/TopDownCPP/Maps/UEDPIE_0_MainMenu.MainMenu (0.003779s)
[2020.09.02-05.30.58:036][860]LogLoad: Game class is 'GhoulsAndGoodiesGameMode'
[2020.09.02-05.30.58:037][860]LogWorld: Bringing World /Game/TopDownCPP/Maps/UEDPIE_0_MainMenu.MainMenu up for play (max tick rate 0) at 2020.09.02-15.30.58
[2020.09.02-05.30.58:037][860]LogWorld: Bringing up level for play took: 0.000600
[2020.09.02-05.30.58:038][860]LogGameMode: FindPlayerStart: PATHS NOT DEFINED or NO PLAYERSTART with positive rating
[2020.09.02-05.30.58:038][860]LogActor: Warning: GNGPawn /Game/TopDownCPP/Maps/UEDPIE_0_MainMenu.MainMenu:PersistentLevel.GNGPawn_0 has natively added scene component(s), but none of them were set as the actor's RootComponent - picking one arbitrarily
[2020.09.02-05.30.58:041][860]LogLoad: Took 0.035509 seconds to LoadMap(/Game/TopDownCPP/Maps/UEDPIE_0_MainMenu)
[2020.09.02-05.31.02:137][351]LogNet: Browse: /Game/TopDownCPP/Maps/TopDownExampleMap
[2020.09.02-05.31.02:137][351]LogLoad: LoadMap: /Game/TopDownCPP/Maps/TopDownExampleMap
[2020.09.02-05.31.02:137][351]LogWorld: BeginTearingDown for /Game/TopDownCPP/Maps/UEDPIE_0_MainMenu
[2020.09.02-05.31.02:138][351]LogWorld: UWorld::CleanupWorld for MainMenu, bSessionEnded=true, bCleanupResources=true
[2020.09.02-05.31.02:162][351]LogUObjectHash: Compacting FUObjectHashTables data took   1.69ms
[2020.09.02-05.31.02:184][351]LogAIModule: Creating AISystem for world TopDownExampleMap
[2020.09.02-05.31.02:184][351]LogLoad: Game class is 'GhoulsAndGoodiesGameMode'
[2020.09.02-05.31.02:206][351]LogWorld: Bringing World /Game/TopDownCPP/Maps/UEDPIE_0_TopDownExampleMap.TopDownExampleMap up for play (max tick rate 0) at 2020.09.02-15.31.02
[2020.09.02-05.31.02:206][351]LogWorld: Bringing up level for play took: 0.020890
[2020.09.02-05.31.02:207][351]LogActor: Warning: GNGPawn /Game/TopDownCPP/Maps/UEDPIE_0_TopDownExampleMap.TopDownExampleMap:PersistentLevel.GNGPawn_0 has natively added scene component(s), but none of them were set as the actor's RootComponent - picking one arbitrarily
[2020.09.02-05.31.02:224][351]LogLoad: Took 0.086949 seconds to LoadMap(/Game/TopDownCPP/Maps/TopDownExampleMap)
[2020.09.02-05.31.03:322][480]LogSlate: FSceneViewport::OnFocusLost() reason 0
[2020.09.02-05.31.04:357][604]LogNet: Browse: /Game/TopDownCPP/Maps/MainMenu
[2020.09.02-05.31.04:358][604]LogLoad: LoadMap: /Game/TopDownCPP/Maps/MainMenu
[2020.09.02-05.31.04:358][604]LogWorld: BeginTearingDown for /Game/TopDownCPP/Maps/UEDPIE_0_TopDownExampleMap
[2020.09.02-05.31.04:359][604]LogWorld: UWorld::CleanupWorld for TopDownExampleMap, bSessionEnded=true, bCleanupResources=true
[2020.09.02-05.31.04:385][604]LogUObjectHash: Compacting FUObjectHashTables data took   1.50ms
[2020.09.02-05.31.04:386][604]LogPlayLevel: Creating play world package: /Game/TopDownCPP/Maps/UEDPIE_0_MainMenu
[2020.09.02-05.31.04:389][604]LogPlayLevel: PIE: StaticDuplicateObject took: (0.002729s)
[2020.09.02-05.31.04:390][604]LogAIModule: Creating AISystem for world MainMenu
[2020.09.02-05.31.04:390][604]LogPlayLevel: PIE: World Init took: (0.001327s)
[2020.09.02-05.31.04:390][604]LogPlayLevel: PIE: Created PIE world by copying editor world from /Game/TopDownCPP/Maps/MainMenu.MainMenu to /Game/TopDownCPP/Maps/UEDPIE_0_MainMenu.MainMenu (0.004553s)
[2020.09.02-05.31.04:391][604]LogLoad: Game class is 'GhoulsAndGoodiesGameMode'
[2020.09.02-05.31.04:392][604]LogWorld: Bringing World /Game/TopDownCPP/Maps/UEDPIE_0_MainMenu.MainMenu up for play (max tick rate 0) at 2020.09.02-15.31.04
[2020.09.02-05.31.04:392][604]LogWorld: Bringing up level for play took: 0.000596
[2020.09.02-05.31.04:393][604]LogGameMode: FindPlayerStart: PATHS NOT DEFINED or NO PLAYERSTART with positive rating
[2020.09.02-05.31.04:393][604]LogActor: Warning: GNGPawn /Game/TopDownCPP/Maps/UEDPIE_0_MainMenu.MainMenu:PersistentLevel.GNGPawn_0 has natively added scene component(s), but none of them were set as the actor's RootComponent - picking one arbitrarily
[2020.09.02-05.31.04:395][604]LogLoad: Took 0.037167 seconds to LoadMap(/Game/TopDownCPP/Maps/UEDPIE_0_MainMenu)
[2020.09.02-05.31.05:584][746]LogNet: Browse: /Game/TopDownCPP/Maps/TopDownExampleMap
[2020.09.02-05.31.05:584][746]LogLoad: LoadMap: /Game/TopDownCPP/Maps/TopDownExampleMap
[2020.09.02-05.31.05:584][746]LogWorld: BeginTearingDown for /Game/TopDownCPP/Maps/UEDPIE_0_MainMenu
[2020.09.02-05.31.05:585][746]LogWorld: UWorld::CleanupWorld for MainMenu, bSessionEnded=true, bCleanupResources=true
[2020.09.02-05.31.05:609][746]LogUObjectHash: Compacting FUObjectHashTables data took   1.81ms
[2020.09.02-05.31.05:633][746]LogAIModule: Creating AISystem for world TopDownExampleMap
[2020.09.02-05.31.05:633][746]LogLoad: Game class is 'GhoulsAndGoodiesGameMode'
[2020.09.02-05.31.05:646][746]LogWorld: Bringing World /Game/TopDownCPP/Maps/UEDPIE_0_TopDownExampleMap.TopDownExampleMap up for play (max tick rate 0) at 2020.09.02-15.31.05
[2020.09.02-05.31.05:646][746]LogWorld: Bringing up level for play took: 0.012520
[2020.09.02-05.31.05:647][746]LogActor: Warning: GNGPawn /Game/TopDownCPP/Maps/UEDPIE_0_TopDownExampleMap.TopDownExampleMap:PersistentLevel.GNGPawn_0 has natively added scene component(s), but none of them were set as the actor's RootComponent - picking one arbitrarily
[2020.09.02-05.31.05:659][746]LogLoad: Took 0.074121 seconds to LoadMap(/Game/TopDownCPP/Maps/TopDownExampleMap)
[2020.09.02-05.31.12:609][577]LogSlate: FSceneViewport::OnFocusLost() reason 0
[2020.09.02-05.31.12:744][593]LogBlueprintUserMessages: Early EndPlayMap Detection: Level '/Game/TopDownCPP/Maps/MainMenu.MainMenu:PersistentLevel' has LevelScriptBlueprint '/Game/TopDownCPP/Maps/MainMenu.MainMenu:PersistentLevel.MainMenu' with GeneratedClass '/Game/TopDownCPP/Maps/MainMenu.MainMenu_C' with ClassGeneratedBy '/Game/TopDownCPP/Maps/MainMenu.MainMenu:PersistentLevel.MainMenu'
[2020.09.02-05.31.12:745][593]LogSlate: Updating window title bar state: overlay mode, drag disabled, window buttons hidden, title bar hidden
[2020.09.02-05.31.12:745][593]LogWorld: BeginTearingDown for /Game/TopDownCPP/Maps/UEDPIE_0_TopDownExampleMap
[2020.09.02-05.31.12:745][593]LogWorld: UWorld::CleanupWorld for TopDownExampleMap, bSessionEnded=true, bCleanupResources=true
[2020.09.02-05.31.12:759][593]LogPlayLevel: Display: Shutting down PIE online subsystems
[2020.09.02-05.31.12:760][593]LogBlueprintUserMessages: Late EndPlayMap Detection: Level '/Game/TopDownCPP/Maps/MainMenu.MainMenu:PersistentLevel' has LevelScriptBlueprint '/Game/TopDownCPP/Maps/MainMenu.MainMenu:PersistentLevel.MainMenu' with GeneratedClass '/Game/TopDownCPP/Maps/MainMenu.MainMenu_C' with ClassGeneratedBy '/Game/TopDownCPP/Maps/MainMenu.MainMenu:PersistentLevel.MainMenu'
[2020.09.02-05.31.12:790][593]LogSlate: Updating window title bar state: overlay mode, drag disabled, window buttons hidden, title bar hidden
[2020.09.02-05.31.12:794][593]LogUObjectHash: Compacting FUObjectHashTables data took   1.65ms
[2020.09.02-05.31.12:847][599]LogPlayLevel: Display: Destroying online subsystem :Context_2
[2020.09.02-05.31.23:926][497]LogTemp: Repeating last play command: Selected Viewport
[2020.09.02-05.31.23:945][497]LogBlueprintUserMessages: Early PlayInEditor Detection: Level '/Game/TopDownCPP/Maps/MainMenu.MainMenu:PersistentLevel' has LevelScriptBlueprint '/Game/TopDownCPP/Maps/MainMenu.MainMenu:PersistentLevel.MainMenu' with GeneratedClass '/Game/TopDownCPP/Maps/MainMenu.MainMenu_C' with ClassGeneratedBy '/Game/TopDownCPP/Maps/MainMenu.MainMenu:PersistentLevel.MainMenu'
[2020.09.02-05.31.23:945][497]LogPlayLevel: PlayLevel: No blueprints needed recompiling
[2020.09.02-05.31.23:945][497]PIE: New page: PIE session: MainMenu (3 Sep 2020 1:31:23 am)
[2020.09.02-05.31.23:945][497]LogPlayLevel: Creating play world package: /Game/TopDownCPP/Maps/UEDPIE_0_MainMenu
[2020.09.02-05.31.23:948][497]LogPlayLevel: PIE: StaticDuplicateObject took: (0.002781s)
[2020.09.02-05.31.23:950][497]LogAIModule: Creating AISystem for world MainMenu
[2020.09.02-05.31.23:950][497]LogPlayLevel: PIE: World Init took: (0.001492s)
[2020.09.02-05.31.23:950][497]LogPlayLevel: PIE: Created PIE world by copying editor world from /Game/TopDownCPP/Maps/MainMenu.MainMenu to /Game/TopDownCPP/Maps/UEDPIE_0_MainMenu.MainMenu (0.004784s)
[2020.09.02-05.31.23:972][497]LogUObjectHash: Compacting FUObjectHashTables data took   1.56ms
[2020.09.02-05.31.23:977][497]LogInit: XAudio2 using 'Realtek Digital Output (Realtek High Definition Audio)' : 2 channels at 48 kHz using 16 bits per sample (channel mask 0x3)
[2020.09.02-05.31.23:996][497]LogInit: FAudioDevice initialized.
[2020.09.02-05.31.24:008][497]LogLoad: Game class is 'GhoulsAndGoodiesGameMode'
[2020.09.02-05.31.24:009][497]LogWorld: Bringing World /Game/TopDownCPP/Maps/UEDPIE_0_MainMenu.MainMenu up for play (max tick rate 0) at 2020.09.02-15.31.24
[2020.09.02-05.31.24:009][497]LogWorld: Bringing up level for play took: 0.000688
[2020.09.02-05.31.24:009][497]LogOnline: OSS: Creating online subsystem instance for: :Context_3
[2020.09.02-05.31.24:013][497]LogActor: Warning: GNGPawn /Game/TopDownCPP/Maps/UEDPIE_0_MainMenu.MainMenu:PersistentLevel.GNGPawn_0 has natively added scene component(s), but none of them were set as the actor's RootComponent - picking one arbitrarily
[2020.09.02-05.31.24:014][497]PIE: Play in editor start time for /Game/TopDownCPP/Maps/UEDPIE_0_MainMenu -0.541
[2020.09.02-05.31.24:014][497]LogBlueprintUserMessages: Late PlayInEditor Detection: Level '/Game/TopDownCPP/Maps/MainMenu.MainMenu:PersistentLevel' has LevelScriptBlueprint '/Game/TopDownCPP/Maps/MainMenu.MainMenu:PersistentLevel.MainMenu' with GeneratedClass '/Game/TopDownCPP/Maps/MainMenu.MainMenu_C' with ClassGeneratedBy '/Game/TopDownCPP/Maps/MainMenu.MainMenu:PersistentLevel.MainMenu'
[2020.09.02-05.31.25:865][718]LogNet: Browse: /Game/TopDownCPP/Maps/TopDownExampleMap
[2020.09.02-05.31.25:865][718]LogLoad: LoadMap: /Game/TopDownCPP/Maps/TopDownExampleMap
[2020.09.02-05.31.25:865][718]LogWorld: BeginTearingDown for /Game/TopDownCPP/Maps/UEDPIE_0_MainMenu
[2020.09.02-05.31.25:866][718]LogWorld: UWorld::CleanupWorld for MainMenu, bSessionEnded=true, bCleanupResources=true
[2020.09.02-05.31.25:889][718]LogUObjectHash: Compacting FUObjectHashTables data took   1.67ms
[2020.09.02-05.31.25:913][718]LogAIModule: Creating AISystem for world TopDownExampleMap
[2020.09.02-05.31.25:913][718]LogLoad: Game class is 'GhoulsAndGoodiesGameMode'
[2020.09.02-05.31.25:942][718]LogWorld: Bringing World /Game/TopDownCPP/Maps/UEDPIE_0_TopDownExampleMap.TopDownExampleMap up for play (max tick rate 0) at 2020.09.02-15.31.25
[2020.09.02-05.31.25:942][718]LogWorld: Bringing up level for play took: 0.028145
[2020.09.02-05.31.25:943][718]LogActor: Warning: GNGPawn /Game/TopDownCPP/Maps/UEDPIE_0_TopDownExampleMap.TopDownExampleMap:PersistentLevel.GNGPawn_0 has natively added scene component(s), but none of them were set as the actor's RootComponent - picking one arbitrarily
[2020.09.02-05.31.25:956][718]LogLoad: Took 0.090611 seconds to LoadMap(/Game/TopDownCPP/Maps/TopDownExampleMap)
[2020.09.02-05.31.27:069][848]LogSlate: FSceneViewport::OnFocusLost() reason 0
[2020.09.02-05.31.28:247][989]LogNet: Browse: /Game/TopDownCPP/Maps/MainMenu
[2020.09.02-05.31.28:247][989]LogLoad: LoadMap: /Game/TopDownCPP/Maps/MainMenu
[2020.09.02-05.31.28:247][989]LogWorld: BeginTearingDown for /Game/TopDownCPP/Maps/UEDPIE_0_TopDownExampleMap
[2020.09.02-05.31.28:248][989]LogWorld: UWorld::CleanupWorld for TopDownExampleMap, bSessionEnded=true, bCleanupResources=true
[2020.09.02-05.31.28:277][989]LogUObjectHash: Compacting FUObjectHashTables data took   1.50ms
[2020.09.02-05.31.28:277][989]LogPlayLevel: Creating play world package: /Game/TopDownCPP/Maps/UEDPIE_0_MainMenu
[2020.09.02-05.31.28:280][989]LogPlayLevel: PIE: StaticDuplicateObject took: (0.002210s)
[2020.09.02-05.31.28:281][989]LogAIModule: Creating AISystem for world MainMenu
[2020.09.02-05.31.28:281][989]LogPlayLevel: PIE: World Init took: (0.001395s)
[2020.09.02-05.31.28:282][989]LogPlayLevel: PIE: Created PIE world by copying editor world from /Game/TopDownCPP/Maps/MainMenu.MainMenu to /Game/TopDownCPP/Maps/UEDPIE_0_MainMenu.MainMenu (0.004027s)
[2020.09.02-05.31.28:282][989]LogLoad: Game class is 'GhoulsAndGoodiesGameMode'
[2020.09.02-05.31.28:283][989]LogWorld: Bringing World /Game/TopDownCPP/Maps/UEDPIE_0_MainMenu.MainMenu up for play (max tick rate 0) at 2020.09.02-15.31.28
[2020.09.02-05.31.28:283][989]LogWorld: Bringing up level for play took: 0.000662
[2020.09.02-05.31.28:283][989]LogGameMode: FindPlayerStart: PATHS NOT DEFINED or NO PLAYERSTART with positive rating
[2020.09.02-05.31.28:284][989]LogActor: Warning: GNGPawn /Game/TopDownCPP/Maps/UEDPIE_0_MainMenu.MainMenu:PersistentLevel.GNGPawn_0 has natively added scene component(s), but none of them were set as the actor's RootComponent - picking one arbitrarily
[2020.09.02-05.31.28:285][989]LogLoad: Took 0.038072 seconds to LoadMap(/Game/TopDownCPP/Maps/UEDPIE_0_MainMenu)
[2020.09.02-05.31.29:070][ 83]LogNet: Browse: /Game/TopDownCPP/Maps/TopDownExampleMap
[2020.09.02-05.31.29:070][ 83]LogLoad: LoadMap: /Game/TopDownCPP/Maps/TopDownExampleMap
[2020.09.02-05.31.29:070][ 83]LogWorld: BeginTearingDown for /Game/TopDownCPP/Maps/UEDPIE_0_MainMenu
[2020.09.02-05.31.29:071][ 83]LogWorld: UWorld::CleanupWorld for MainMenu, bSessionEnded=true, bCleanupResources=true
[2020.09.02-05.31.29:095][ 83]LogUObjectHash: Compacting FUObjectHashTables data took   1.40ms
[2020.09.02-05.31.29:116][ 83]LogAIModule: Creating AISystem for world TopDownExampleMap
[2020.09.02-05.31.29:116][ 83]LogLoad: Game class is 'GhoulsAndGoodiesGameMode'
[2020.09.02-05.31.29:131][ 83]LogWorld: Bringing World /Game/TopDownCPP/Maps/UEDPIE_0_TopDownExampleMap.TopDownExampleMap up for play (max tick rate 0) at 2020.09.02-15.31.29
[2020.09.02-05.31.29:132][ 83]LogWorld: Bringing up level for play took: 0.014742
[2020.09.02-05.31.29:133][ 83]LogActor: Warning: GNGPawn /Game/TopDownCPP/Maps/UEDPIE_0_TopDownExampleMap.TopDownExampleMap:PersistentLevel.GNGPawn_0 has natively added scene component(s), but none of them were set as the actor's RootComponent - picking one arbitrarily
[2020.09.02-05.31.29:145][ 83]LogLoad: Took 0.075319 seconds to LoadMap(/Game/TopDownCPP/Maps/TopDownExampleMap)
[2020.09.02-05.31.32:340][464]LogSlate: FSceneViewport::OnFocusLost() reason 0
[2020.09.02-05.31.32:416][473]LogBlueprintUserMessages: Early EndPlayMap Detection: Level '/Game/TopDownCPP/Maps/MainMenu.MainMenu:PersistentLevel' has LevelScriptBlueprint '/Game/TopDownCPP/Maps/MainMenu.MainMenu:PersistentLevel.MainMenu' with GeneratedClass '/Game/TopDownCPP/Maps/MainMenu.MainMenu_C' with ClassGeneratedBy '/Game/TopDownCPP/Maps/MainMenu.MainMenu:PersistentLevel.MainMenu'
[2020.09.02-05.31.32:416][473]LogSlate: Updating window title bar state: overlay mode, drag disabled, window buttons hidden, title bar hidden
[2020.09.02-05.31.32:417][473]LogWorld: BeginTearingDown for /Game/TopDownCPP/Maps/UEDPIE_0_TopDownExampleMap
[2020.09.02-05.31.32:417][473]LogWorld: UWorld::CleanupWorld for TopDownExampleMap, bSessionEnded=true, bCleanupResources=true
[2020.09.02-05.31.32:431][473]LogPlayLevel: Display: Shutting down PIE online subsystems
[2020.09.02-05.31.32:431][473]LogBlueprintUserMessages: Late EndPlayMap Detection: Level '/Game/TopDownCPP/Maps/MainMenu.MainMenu:PersistentLevel' has LevelScriptBlueprint '/Game/TopDownCPP/Maps/MainMenu.MainMenu:PersistentLevel.MainMenu' with GeneratedClass '/Game/TopDownCPP/Maps/MainMenu.MainMenu_C' with ClassGeneratedBy '/Game/TopDownCPP/Maps/MainMenu.MainMenu:PersistentLevel.MainMenu'
[2020.09.02-05.31.32:464][473]LogSlate: Updating window title bar state: overlay mode, drag disabled, window buttons hidden, title bar hidden
[2020.09.02-05.31.32:468][473]LogUObjectHash: Compacting FUObjectHashTables data took   1.49ms
[2020.09.02-05.31.32:519][479]LogPlayLevel: Display: Destroying online subsystem :Context_3
[2020.09.02-05.31.40:717][455]LogScript: Warning: Accessed None trying to read property CallFunc_TryGetPawnOwner_ReturnValue
	Esqueleto_C /Engine/Transient.World_2:PersistentLevel.SkeletalMeshActor_0.SkeletalMeshComponent0.Esqueleto_C_0
	Function /Game/TopDownCPP/Blueprints/Esqueleto.Esqueleto_C:ExecuteUbergraph_Esqueleto:0040
[2020.09.02-05.31.56:992][324]LogAssetEditorManager: Opening Asset editor for WidgetBlueprint /Game/TopDownCPP/Blueprints/Widgets/GNGHUD_WBP.GNGHUD_WBP
[2020.09.02-05.31.57:229][324]LogContentBrowser: Native class hierarchy updated for 'BlueprintGraph' in 0.0006 seconds. Added 121 classes and 0 folders.
[2020.09.02-05.31.58:421][324]LogSlate: Took 0.000202 seconds to synchronously load lazily loaded font '../../../Engine/Content/Slate/Fonts/Roboto-BoldCondensed.ttf' (158K)
[2020.09.02-05.32.12:352][956]LogSlate: Took 0.000285 seconds to synchronously load lazily loaded font '../../../Engine/Content/Slate/Fonts/Roboto-Italic.ttf' (157K)
[2020.09.02-05.32.33:500][134]LogSavePackage: Moving '../../../../../../Users/s181813/Documents/GitHub/GhoulsAndGoblins/GhoulsAndGoodies/Saved/GNGHUD_WBPB40D6FA7446416C2082DD19D1A522EA4.tmp' to '../../../../../../Users/s181813/Documents/GitHub/GhoulsAndGoblins/GhoulsAndGoodies/Content/TopDownCPP/Blueprints/Widgets/GNGHUD_WBP.uasset'
[2020.09.02-05.33.25:667][291]LogTemp: Repeating last play command: Selected Viewport
[2020.09.02-05.33.25:698][291]LogBlueprintUserMessages: Early PlayInEditor Detection: Level '/Game/TopDownCPP/Maps/MainMenu.MainMenu:PersistentLevel' has LevelScriptBlueprint '/Game/TopDownCPP/Maps/MainMenu.MainMenu:PersistentLevel.MainMenu' with GeneratedClass '/Game/TopDownCPP/Maps/MainMenu.MainMenu_C' with ClassGeneratedBy '/Game/TopDownCPP/Maps/MainMenu.MainMenu:PersistentLevel.MainMenu'
[2020.09.02-05.33.25:698][291]LogPlayLevel: PlayLevel: No blueprints needed recompiling
[2020.09.02-05.33.25:699][291]PIE: New page: PIE session: MainMenu (3 Sep 2020 1:33:25 am)
[2020.09.02-05.33.25:699][291]LogPlayLevel: Creating play world package: /Game/TopDownCPP/Maps/UEDPIE_0_MainMenu
[2020.09.02-05.33.25:702][291]LogPlayLevel: PIE: StaticDuplicateObject took: (0.002989s)
[2020.09.02-05.33.25:703][291]LogAIModule: Creating AISystem for world MainMenu
[2020.09.02-05.33.25:704][291]LogPlayLevel: PIE: World Init took: (0.001642s)
[2020.09.02-05.33.25:704][291]LogPlayLevel: PIE: Created PIE world by copying editor world from /Game/TopDownCPP/Maps/MainMenu.MainMenu to /Game/TopDownCPP/Maps/UEDPIE_0_MainMenu.MainMenu (0.005042s)
[2020.09.02-05.33.25:783][291]LogUObjectHash: Compacting FUObjectHashTables data took   5.53ms
[2020.09.02-05.33.25:789][291]LogInit: XAudio2 using 'Realtek Digital Output (Realtek High Definition Audio)' : 2 channels at 48 kHz using 16 bits per sample (channel mask 0x3)
[2020.09.02-05.33.25:809][291]LogInit: FAudioDevice initialized.
[2020.09.02-05.33.25:820][291]LogLoad: Game class is 'GhoulsAndGoodiesGameMode'
[2020.09.02-05.33.25:821][291]LogWorld: Bringing World /Game/TopDownCPP/Maps/UEDPIE_0_MainMenu.MainMenu up for play (max tick rate 0) at 2020.09.02-15.33.25
[2020.09.02-05.33.25:821][291]LogWorld: Bringing up level for play took: 0.000543
[2020.09.02-05.33.25:822][291]LogOnline: OSS: Creating online subsystem instance for: :Context_8
[2020.09.02-05.33.25:824][291]LogActor: Warning: GNGPawn /Game/TopDownCPP/Maps/UEDPIE_0_MainMenu.MainMenu:PersistentLevel.GNGPawn_0 has natively added scene component(s), but none of them were set as the actor's RootComponent - picking one arbitrarily
[2020.09.02-05.33.25:826][291]PIE: Play in editor start time for /Game/TopDownCPP/Maps/UEDPIE_0_MainMenu -0.727
[2020.09.02-05.33.25:826][291]LogBlueprintUserMessages: Late PlayInEditor Detection: Level '/Game/TopDownCPP/Maps/MainMenu.MainMenu:PersistentLevel' has LevelScriptBlueprint '/Game/TopDownCPP/Maps/MainMenu.MainMenu:PersistentLevel.MainMenu' with GeneratedClass '/Game/TopDownCPP/Maps/MainMenu.MainMenu_C' with ClassGeneratedBy '/Game/TopDownCPP/Maps/MainMenu.MainMenu:PersistentLevel.MainMenu'
[2020.09.02-05.33.30:748][881]LogNet: Browse: /Game/TopDownCPP/Maps/TopDownExampleMap
[2020.09.02-05.33.30:749][881]LogLoad: LoadMap: /Game/TopDownCPP/Maps/TopDownExampleMap
[2020.09.02-05.33.30:749][881]LogWorld: BeginTearingDown for /Game/TopDownCPP/Maps/UEDPIE_0_MainMenu
[2020.09.02-05.33.30:749][881]LogWorld: UWorld::CleanupWorld for MainMenu, bSessionEnded=true, bCleanupResources=true
[2020.09.02-05.33.30:791][881]LogUObjectHash: Compacting FUObjectHashTables data took   4.36ms
[2020.09.02-05.33.30:816][881]LogAIModule: Creating AISystem for world TopDownExampleMap
[2020.09.02-05.33.30:816][881]LogLoad: Game class is 'GhoulsAndGoodiesGameMode'
[2020.09.02-05.33.30:846][881]LogWorld: Bringing World /Game/TopDownCPP/Maps/UEDPIE_0_TopDownExampleMap.TopDownExampleMap up for play (max tick rate 0) at 2020.09.02-15.33.30
[2020.09.02-05.33.30:847][881]LogWorld: Bringing up level for play took: 0.029463
[2020.09.02-05.33.30:848][881]LogActor: Warning: GNGPawn /Game/TopDownCPP/Maps/UEDPIE_0_TopDownExampleMap.TopDownExampleMap:PersistentLevel.GNGPawn_0 has natively added scene component(s), but none of them were set as the actor's RootComponent - picking one arbitrarily
[2020.09.02-05.33.42:284][881]LogLoad: Took 11.535858 seconds to LoadMap(/Game/TopDownCPP/Maps/TopDownExampleMap)
[2020.09.02-05.33.46:850][287]LogSlate: FSceneViewport::OnFocusLost() reason 0
[2020.09.02-05.34.46:015][608]LogNet: Browse: /Game/TopDownCPP/Maps/MainMenu
[2020.09.02-05.34.46:016][608]LogLoad: LoadMap: /Game/TopDownCPP/Maps/MainMenu
[2020.09.02-05.34.46:016][608]LogWorld: BeginTearingDown for /Game/TopDownCPP/Maps/UEDPIE_0_TopDownExampleMap
[2020.09.02-05.34.46:017][608]LogWorld: UWorld::CleanupWorld for TopDownExampleMap, bSessionEnded=true, bCleanupResources=true
[2020.09.02-05.34.46:062][608]LogUObjectHash: Compacting FUObjectHashTables data took   5.25ms
[2020.09.02-05.34.46:062][608]LogPlayLevel: Creating play world package: /Game/TopDownCPP/Maps/UEDPIE_0_MainMenu
[2020.09.02-05.34.46:069][608]LogPlayLevel: PIE: StaticDuplicateObject took: (0.006512s)
[2020.09.02-05.34.46:071][608]LogAIModule: Creating AISystem for world MainMenu
[2020.09.02-05.34.46:072][608]LogPlayLevel: PIE: World Init took: (0.002656s)
[2020.09.02-05.34.46:072][608]LogPlayLevel: PIE: Created PIE world by copying editor world from /Game/TopDownCPP/Maps/MainMenu.MainMenu to /Game/TopDownCPP/Maps/UEDPIE_0_MainMenu.MainMenu (0.009910s)
[2020.09.02-05.34.46:073][608]LogLoad: Game class is 'GhoulsAndGoodiesGameMode'
[2020.09.02-05.34.46:074][608]LogWorld: Bringing World /Game/TopDownCPP/Maps/UEDPIE_0_MainMenu.MainMenu up for play (max tick rate 3) at 2020.09.02-15.34.46
[2020.09.02-05.34.46:075][608]LogWorld: Bringing up level for play took: 0.000697
[2020.09.02-05.34.46:076][608]LogGameMode: FindPlayerStart: PATHS NOT DEFINED or NO PLAYERSTART with positive rating
[2020.09.02-05.34.46:077][608]LogActor: Warning: GNGPawn /Game/TopDownCPP/Maps/UEDPIE_0_MainMenu.MainMenu:PersistentLevel.GNGPawn_0 has natively added scene component(s), but none of them were set as the actor's RootComponent - picking one arbitrarily
[2020.09.02-05.34.46:079][608]LogLoad: Took 0.062934 seconds to LoadMap(/Game/TopDownCPP/Maps/UEDPIE_0_MainMenu)
