Log file open, 09/21/20 06:26:58
LogWindows: Failed to load 'aqProf.dll' (GetLastError=126)
LogWindows: File 'aqProf.dll' does not exist
LogWindows: Failed to load 'VtuneApi.dll' (GetLastError=126)
LogWindows: File 'VtuneApi.dll' does not exist
LogWindows: Failed to load 'VtuneApi32e.dll' (GetLastError=126)
LogWindows: File 'VtuneApi32e.dll' does not exist
LogConsoleResponse: Display: Failed to find resolution value strings in scalability ini. Falling back to default.
LogInit: Display: Running engine for game: GhoulsAndGoodies
LogPlatformFile: Not using cached read wrapper
LogTaskGraph: Started task graph with 5 named threads and 23 total threads with 3 sets of task threads.
LogStats: Stats thread started at 0.176650
LogD3D11RHI: Loaded GFSDK_Aftermath_Lib.x64.dll
LogICUInternationalization: ICU TimeZone Detection - Raw Offset: +10:00, Platform Override: ''
LogPluginManager: Mounting plugin Paper2D
LogPluginManager: Mounting plugin AISupport
LogPluginManager: Mounting plugin LightPropagationVolume
LogPluginManager: Mounting plugin ActorLayerUtilities
LogPluginManager: Mounting plugin AnimationSharing
LogPluginManager: Mounting plugin CLionSourceCodeAccess
LogPluginManager: Mounting plugin CodeLiteSourceCodeAccess
LogPluginManager: Mounting plugin GitSourceControl
LogPluginManager: Mounting plugin KDevelopSourceCodeAccess
LogPluginManager: Mounting plugin NullSourceCodeAccess
LogPluginManager: Mounting plugin PerforceSourceControl
LogPluginManager: Mounting plugin SubversionSourceControl
LogPluginManager: Mounting plugin UObjectPlugin
LogPluginManager: Mounting plugin VisualStudioCodeSourceCodeAccess
LogPluginManager: Mounting plugin VisualStudioSourceCodeAccess
LogPluginManager: Mounting plugin XCodeSourceCodeAccess
LogPluginManager: Mounting plugin AssetManagerEditor
LogPluginManager: Mounting plugin CryptoKeys
LogPluginManager: Mounting plugin CurveEditorTools
LogPluginManager: Mounting plugin DataValidation
LogPluginManager: Mounting plugin FacialAnimation
LogPluginManager: Mounting plugin GameplayTagsEditor
LogPluginManager: Mounting plugin MacGraphicsSwitching
LogPluginManager: Mounting plugin MaterialAnalyzer
LogPluginManager: Mounting plugin MobileLauncherProfileWizard
LogPluginManager: Mounting plugin PluginBrowser
LogPluginManager: Mounting plugin SpeedTreeImporter
LogPluginManager: Mounting plugin DatasmithContent
LogPluginManager: Mounting plugin VariantManagerContent
LogPluginManager: Mounting plugin AlembicImporter
LogPluginManager: Mounting plugin AutomationUtils
LogPluginManager: Mounting plugin BackChannel
LogPluginManager: Mounting plugin CharacterAI
LogPluginManager: Mounting plugin GeometryCache
LogPluginManager: Mounting plugin HTML5Networking
LogPluginManager: Mounting plugin PlatformCrypto
LogPluginManager: Mounting plugin ProxyLODPlugin
LogPluginManager: Mounting plugin SkeletalReduction
LogPluginManager: Mounting plugin MagicLeap
LogPluginManager: Mounting plugin MagicLeapMedia
LogPluginManager: Mounting plugin AndroidMedia
LogPluginManager: Mounting plugin AvfMedia
LogPluginManager: Mounting plugin ImgMedia
LogPluginManager: Mounting plugin MediaCompositing
LogPluginManager: Mounting plugin MediaPlayerEditor
LogPluginManager: Mounting plugin WebMMedia
LogPluginManager: Mounting plugin WmfMedia
LogPluginManager: Mounting plugin TcpMessaging
LogPluginManager: Mounting plugin UdpMessaging
LogPluginManager: Mounting plugin ActorSequence
LogPluginManager: Mounting plugin LevelSequenceEditor
LogPluginManager: Mounting plugin MatineeToLevelSequence
LogPluginManager: Mounting plugin NetcodeUnitTest
LogPluginManager: Mounting plugin NUTUnrealEngine4
LogPluginManager: Mounting plugin OnlineSubsystemGooglePlay
LogPluginManager: Mounting plugin OnlineSubsystemIOS
LogPluginManager: Mounting plugin OnlineSubsystem
LogPluginManager: Mounting plugin OnlineSubsystemNull
LogPluginManager: Mounting plugin OnlineSubsystemUtils
LogPluginManager: Mounting plugin LauncherChunkInstaller
LogPluginManager: Mounting plugin AndroidDeviceProfileSelector
LogPluginManager: Mounting plugin AndroidMoviePlayer
LogPluginManager: Mounting plugin AndroidPermission
LogPluginManager: Mounting plugin AppleImageUtils
LogPluginManager: Mounting plugin AppleMoviePlayer
LogPluginManager: Mounting plugin ArchVisCharacter
LogPluginManager: Mounting plugin AudioCapture
LogPluginManager: Mounting plugin CableComponent
LogPluginManager: Mounting plugin CustomMeshComponent
LogPluginManager: Mounting plugin EditableMesh
LogPluginManager: Mounting plugin ExampleDeviceProfileSelector
LogPluginManager: Mounting plugin GoogleCloudMessaging
LogPluginManager: Mounting plugin IOSDeviceProfileSelector
LogPluginManager: Mounting plugin LinuxDeviceProfileSelector
LogPluginManager: Mounting plugin LocationServicesBPLibrary
LogPluginManager: Mounting plugin MobilePatchingUtils
LogPluginManager: Mounting plugin OculusVR
LogPluginManager: Mounting plugin PhysXVehicles
LogPluginManager: Mounting plugin ProceduralMeshComponent
LogPluginManager: Mounting plugin RuntimePhysXCooking
LogPluginManager: Mounting plugin SignificanceManager
LogPluginManager: Mounting plugin SteamVR
LogPluginManager: Mounting plugin WebMMoviePlayer
LogPluginManager: Mounting plugin WindowsMoviePlayer
LogPluginManager: Mounting plugin ScreenshotTools
LogInit: Using libcurl 7.55.1-DEV
LogInit:  - built for x86_64-pc-win32
LogInit:  - supports SSL with OpenSSL/1.1.1
LogInit:  - supports HTTP deflate (compression) using libz 1.2.8
LogInit:  - other features:
LogInit:      CURL_VERSION_SSL
LogInit:      CURL_VERSION_LIBZ
LogInit:      CURL_VERSION_IPV6
LogInit:      CURL_VERSION_ASYNCHDNS
LogInit:      CURL_VERSION_LARGEFILE
LogInit:      CURL_VERSION_IDN
LogInit:  CurlRequestOptions (configurable via config and command line):
LogInit:  - bVerifyPeer = true  - Libcurl will verify peer certificate
LogInit:  - bUseHttpProxy = false  - Libcurl will NOT use HTTP proxy
LogInit:  - bDontReuseConnections = false  - Libcurl will reuse connections
LogInit:  - MaxHostConnections = 16  - Libcurl will limit the number of connections to a host
LogInit:  - LocalHostAddr = Default
LogInit:  - BufferSize = 65536
LogOnline: OSS: Creating online subsystem instance for: NULL
LogInit: WinSock: version 1.1 (2.2), MaxSocks=32767, MaxUdp=65467
LogInit: Build: ++UE4+Release-4.23-CL-9631420
LogInit: Engine Version: 4.23.1-9631420+++UE4+Release-4.23
LogInit: Compatible Engine Version: 4.23.0-8386587+++UE4+Release-4.23
LogInit: Net CL: 8386587
LogInit: OS: Windows 10 (Release 1909) (), CPU: Intel(R) Core(TM) i7-7700HQ CPU @ 2.80GHz, GPU: Intel(R) HD Graphics 630
LogInit: Compiled (64-bit): Oct 18 2019 02:07:44
LogInit: Compiled with Visual C++: 19.16.27030.01
LogInit: Build Configuration: Development
LogInit: Branch Name: ++UE4+Release-4.23
LogInit: Command Line:  -skipcompile
LogInit: Base Directory: D:/Program Files (x86)/UE_4.23/Engine/Binaries/Win64/
LogInit: Installed Engine Build: 1
LogDevObjectVersion: Number of dev versions registered: 23
LogDevObjectVersion:   Dev-Blueprints (B0D832E4-1F89-4F0D-ACCF-7EB736FD4AA2): 10
LogDevObjectVersion:   Dev-Build (E1C64328-A22C-4D53-A36C-8E866417BD8C): 0
LogDevObjectVersion:   Dev-Core (375EC13C-06E4-48FB-B500-84F0262A717E): 3
LogDevObjectVersion:   Dev-Editor (E4B068ED-F494-42E9-A231-DA0B2E46BB41): 34
LogDevObjectVersion:   Dev-Framework (CFFC743F-43B0-4480-9391-14DF171D2073): 35
LogDevObjectVersion:   Dev-Mobile (B02B49B5-BB20-44E9-A304-32B752E40360): 2
LogDevObjectVersion:   Dev-Networking (A4E4105C-59A1-49B5-A7C5-40C4547EDFEE): 0
LogDevObjectVersion:   Dev-Online (39C831C9-5AE6-47DC-9A44-9C173E1C8E7C): 0
LogDevObjectVersion:   Dev-Physics (78F01B33-EBEA-4F98-B9B4-84EACCB95AA2): 0
LogDevObjectVersion:   Dev-Platform (6631380F-2D4D-43E0-8009-CF276956A95A): 0
LogDevObjectVersion:   Dev-Rendering (12F88B9F-8875-4AFC-A67C-D90C383ABD29): 31
LogDevObjectVersion:   Dev-Sequencer (7B5AE74C-D270-4C10-A958-57980B212A5A): 11
LogDevObjectVersion:   Dev-VR (D7296918-1DD6-4BDD-9DE2-64A83CC13884): 2
LogDevObjectVersion:   Dev-LoadTimes (C2A15278-BFE7-4AFE-6C17-90FF531DF755): 1
LogDevObjectVersion:   Private-Geometry (6EACA3D4-40EC-4CC1-B786-8BED09428FC5): 3
LogDevObjectVersion:   Dev-AnimPhys (29E575DD-E0A3-4627-9D10-D276232CDCEA): 17
LogDevObjectVersion:   Dev-Anim (AF43A65D-7FD3-4947-9873-3E8ED9C1BB05): 2
LogDevObjectVersion:   Dev-ReflectionCapture (6B266CEC-1EC7-4B8F-A30B-E4D90942FC07): 1
LogDevObjectVersion:   Dev-Automation (0DF73D61-A23F-47EA-B727-89E90C41499A): 1
LogDevObjectVersion:   FortniteMain (601D1886-AC64-4F84-AA16-D3DE0DEAC7D6): 27
LogDevObjectVersion:   Dev-Enterprise (9DFFBCD6-494F-0158-E221-12823C92A888): 6
LogDevObjectVersion:   Dev-Niagara (F2AED0AC-9AFE-416F-8664-AA7FFA26D6FC): 1
LogDevObjectVersion:   Dev-Destruction (174F1F0B-B4C6-45A5-B13F-2EE8D0FB917D): 9
LogInit: Presizing for max 16777216 objects, including 0 objects not considered by GC, pre-allocating 0 bytes for permanent pool.
LogInit: Object subsystem initialized
LogConfig: Setting CVar [[con.DebugEarlyDefault:1]]
LogConfig: Setting CVar [[r.setres:1280x720]]
[2020.09.20-20.26.58:743][  0]LogConfig: Setting CVar [[r.VSync:0]]
[2020.09.20-20.26.58:743][  0]LogConfig: Setting CVar [[r.RHICmdBypass:0]]
[2020.09.20-20.26.58:744][  0]LogConfig: Applying CVar settings from Section [/Script/Engine.RendererSettings] File [D:/Documents/GitHub/GhoulsAndGoblins/GhoulsAndGoodies/Saved/Config/Windows/Engine.ini]
[2020.09.20-20.26.58:744][  0]LogConfig: Setting CVar [[r.GPUCrashDebugging:0]]
[2020.09.20-20.26.58:744][  0]LogConfig: Setting CVar [[r.AllowStaticLighting:0]]
[2020.09.20-20.26.58:744][  0]LogConfig: Applying CVar settings from Section [/Script/Engine.RendererOverrideSettings] File [D:/Documents/GitHub/GhoulsAndGoblins/GhoulsAndGoodies/Saved/Config/Windows/Engine.ini]
[2020.09.20-20.26.58:744][  0]LogConfig: Applying CVar settings from Section [/Script/Engine.StreamingSettings] File [D:/Documents/GitHub/GhoulsAndGoblins/GhoulsAndGoodies/Saved/Config/Windows/Engine.ini]
[2020.09.20-20.26.58:744][  0]LogConfig: Setting CVar [[s.MinBulkDataSizeForAsyncLoading:131072]]
[2020.09.20-20.26.58:744][  0]LogConfig: Setting CVar [[s.AsyncLoadingThreadEnabled:0]]
[2020.09.20-20.26.58:744][  0]LogConfig: Setting CVar [[s.EventDrivenLoaderEnabled:1]]
[2020.09.20-20.26.58:744][  0]LogConfig: Setting CVar [[s.WarnIfTimeLimitExceeded:0]]
[2020.09.20-20.26.58:744][  0]LogConfig: Setting CVar [[s.TimeLimitExceededMultiplier:1.5]]
[2020.09.20-20.26.58:745][  0]LogConfig: Setting CVar [[s.TimeLimitExceededMinTime:0.005]]
[2020.09.20-20.26.58:745][  0]LogConfig: Setting CVar [[s.UseBackgroundLevelStreaming:1]]
[2020.09.20-20.26.58:745][  0]LogConfig: Setting CVar [[s.PriorityAsyncLoadingExtraTime:15.0]]
[2020.09.20-20.26.58:745][  0]LogConfig: Setting CVar [[s.LevelStreamingActorsUpdateTimeLimit:5.0]]
[2020.09.20-20.26.58:745][  0]LogConfig: Setting CVar [[s.PriorityLevelStreamingActorsUpdateExtraTime:5.0]]
[2020.09.20-20.26.58:745][  0]LogConfig: Setting CVar [[s.LevelStreamingComponentsRegistrationGranularity:10]]
[2020.09.20-20.26.58:745][  0]LogConfig: Setting CVar [[s.UnregisterComponentsTimeLimit:1.0]]
[2020.09.20-20.26.58:745][  0]LogConfig: Setting CVar [[s.LevelStreamingComponentsUnregistrationGranularity:5]]
[2020.09.20-20.26.58:745][  0]LogConfig: Applying CVar settings from Section [/Script/Engine.GarbageCollectionSettings] File [D:/Documents/GitHub/GhoulsAndGoblins/GhoulsAndGoodies/Saved/Config/Windows/Engine.ini]
[2020.09.20-20.26.58:746][  0]LogConfig: Setting CVar [[gc.MaxObjectsNotConsideredByGC:1]]
[2020.09.20-20.26.58:746][  0]LogConfig: Setting CVar [[gc.SizeOfPermanentObjectPool:0]]
[2020.09.20-20.26.58:746][  0]LogConfig: Setting CVar [[gc.FlushStreamingOnGC:0]]
[2020.09.20-20.26.58:746][  0]LogConfig: Setting CVar [[gc.NumRetriesBeforeForcingGC:10]]
[2020.09.20-20.26.58:746][  0]LogConfig: Setting CVar [[gc.AllowParallelGC:1]]
[2020.09.20-20.26.58:746][  0]LogConfig: Setting CVar [[gc.TimeBetweenPurgingPendingKillObjects:61.1]]
[2020.09.20-20.26.58:746][  0]LogConfig: Setting CVar [[gc.MaxObjectsInEditor:16777216]]
[2020.09.20-20.26.58:746][  0]LogConfig: Setting CVar [[gc.IncrementalBeginDestroyEnabled:1]]
[2020.09.20-20.26.58:747][  0]LogConfig: Setting CVar [[gc.CreateGCClusters:1]]
[2020.09.20-20.26.58:747][  0]LogConfig: Setting CVar [[gc.MinGCClusterSize:5]]
[2020.09.20-20.26.58:747][  0]LogConfig: Setting CVar [[gc.ActorClusteringEnabled:0]]
[2020.09.20-20.26.58:747][  0]LogConfig: Setting CVar [[gc.BlueprintClusteringEnabled:0]]
[2020.09.20-20.26.58:747][  0]LogConfig: Setting CVar [[gc.UseDisregardForGCOnDedicatedServers:0]]
[2020.09.20-20.26.58:747][  0]LogConfig: Applying CVar settings from Section [/Script/Engine.NetworkSettings] File [D:/Documents/GitHub/GhoulsAndGoblins/GhoulsAndGoodies/Saved/Config/Windows/Engine.ini]
[2020.09.20-20.26.58:747][  0]LogConfig: Applying CVar settings from Section [/Script/UnrealEd.CookerSettings] File [D:/Documents/GitHub/GhoulsAndGoblins/GhoulsAndGoodies/Saved/Config/Windows/Engine.ini]
[2020.09.20-20.26.58:757][  0]LogConfig: Applying CVar settings from Section [ViewDistanceQuality@3] File [D:/Documents/GitHub/GhoulsAndGoblins/GhoulsAndGoodies/Saved/Config/Windows/Scalability.ini]
[2020.09.20-20.26.58:757][  0]LogConfig: Setting CVar [[r.SkeletalMeshLODBias:0]]
[2020.09.20-20.26.58:758][  0]LogConfig: Setting CVar [[r.ViewDistanceScale:1.0]]
[2020.09.20-20.26.58:758][  0]LogConfig: Applying CVar settings from Section [AntiAliasingQuality@3] File [D:/Documents/GitHub/GhoulsAndGoblins/GhoulsAndGoodies/Saved/Config/Windows/Scalability.ini]
[2020.09.20-20.26.58:758][  0]LogConfig: Setting CVar [[r.PostProcessAAQuality:4]]
[2020.09.20-20.26.58:758][  0]LogConfig: Applying CVar settings from Section [ShadowQuality@3] File [D:/Documents/GitHub/GhoulsAndGoblins/GhoulsAndGoodies/Saved/Config/Windows/Scalability.ini]
[2020.09.20-20.26.58:758][  0]LogConfig: Setting CVar [[r.LightFunctionQuality:1]]
[2020.09.20-20.26.58:758][  0]LogConfig: Setting CVar [[r.ShadowQuality:5]]
[2020.09.20-20.26.58:758][  0]LogConfig: Setting CVar [[r.Shadow.CSM.MaxCascades:10]]
[2020.09.20-20.26.58:758][  0]LogConfig: Setting CVar [[r.Shadow.MaxResolution:2048]]
[2020.09.20-20.26.58:758][  0]LogConfig: Setting CVar [[r.Shadow.MaxCSMResolution:2048]]
[2020.09.20-20.26.58:759][  0]LogConfig: Setting CVar [[r.Shadow.RadiusThreshold:0.01]]
[2020.09.20-20.26.58:759][  0]LogConfig: Setting CVar [[r.Shadow.DistanceScale:1.0]]
[2020.09.20-20.26.58:759][  0]LogConfig: Setting CVar [[r.Shadow.CSM.TransitionScale:1.0]]
[2020.09.20-20.26.58:759][  0]LogConfig: Setting CVar [[r.Shadow.PreShadowResolutionFactor:1.0]]
[2020.09.20-20.26.58:759][  0]LogConfig: Setting CVar [[r.DistanceFieldShadowing:1]]
[2020.09.20-20.26.58:759][  0]LogConfig: Setting CVar [[r.DistanceFieldAO:1]]
[2020.09.20-20.26.58:759][  0]LogConfig: Setting CVar [[r.AOQuality:2]]
[2020.09.20-20.26.58:759][  0]LogConfig: Setting CVar [[r.VolumetricFog:1]]
[2020.09.20-20.26.58:759][  0]LogConfig: Setting CVar [[r.VolumetricFog.GridPixelSize:8]]
[2020.09.20-20.26.58:759][  0]LogConfig: Setting CVar [[r.VolumetricFog.GridSizeZ:128]]
[2020.09.20-20.26.58:759][  0]LogConfig: Setting CVar [[r.VolumetricFog.HistoryMissSupersampleCount:4]]
[2020.09.20-20.26.58:760][  0]LogConfig: Setting CVar [[r.LightMaxDrawDistanceScale:1]]
[2020.09.20-20.26.58:760][  0]LogConfig: Setting CVar [[r.CapsuleShadows:1]]
[2020.09.20-20.26.58:760][  0]LogConfig: Applying CVar settings from Section [PostProcessQuality@3] File [D:/Documents/GitHub/GhoulsAndGoblins/GhoulsAndGoodies/Saved/Config/Windows/Scalability.ini]
[2020.09.20-20.26.58:760][  0]LogConfig: Setting CVar [[r.MotionBlurQuality:4]]
[2020.09.20-20.26.58:760][  0]LogConfig: Setting CVar [[r.AmbientOcclusionMipLevelFactor:0.4]]
[2020.09.20-20.26.58:760][  0]LogConfig: Setting CVar [[r.AmbientOcclusionMaxQuality:100]]
[2020.09.20-20.26.58:760][  0]LogConfig: Setting CVar [[r.AmbientOcclusionLevels:-1]]
[2020.09.20-20.26.58:761][  0]LogConfig: Setting CVar [[r.AmbientOcclusionRadiusScale:1.0]]
[2020.09.20-20.26.58:761][  0]LogConfig: Setting CVar [[r.DepthOfFieldQuality:2]]
[2020.09.20-20.26.58:761][  0]LogConfig: Setting CVar [[r.RenderTargetPoolMin:400]]
[2020.09.20-20.26.58:761][  0]LogConfig: Setting CVar [[r.LensFlareQuality:2]]
[2020.09.20-20.26.58:761][  0]LogConfig: Setting CVar [[r.SceneColorFringeQuality:1]]
[2020.09.20-20.26.58:761][  0]LogConfig: Setting CVar [[r.EyeAdaptationQuality:2]]
[2020.09.20-20.26.58:761][  0]LogConfig: Setting CVar [[r.BloomQuality:5]]
[2020.09.20-20.26.58:761][  0]LogConfig: Setting CVar [[r.FastBlurThreshold:100]]
[2020.09.20-20.26.58:761][  0]LogConfig: Setting CVar [[r.Upscale.Quality:3]]
[2020.09.20-20.26.58:762][  0]LogConfig: Setting CVar [[r.Tonemapper.GrainQuantization:1]]
[2020.09.20-20.26.58:762][  0]LogConfig: Setting CVar [[r.LightShaftQuality:1]]
[2020.09.20-20.26.58:762][  0]LogConfig: Setting CVar [[r.Filter.SizeScale:1]]
[2020.09.20-20.26.58:762][  0]LogConfig: Setting CVar [[r.Tonemapper.Quality:5]]
[2020.09.20-20.26.58:762][  0]LogConfig: Setting CVar [[r.DOF.Gather.AccumulatorQuality:1        ; higher gathering accumulator quality]]
[2020.09.20-20.26.58:762][  0]LogConfig: Setting CVar [[r.DOF.Gather.PostfilterMethod:1          ; Median3x3 postfilering method]]
[2020.09.20-20.26.58:762][  0]LogConfig: Setting CVar [[r.DOF.Gather.EnableBokehSettings:0       ; no bokeh simulation when gathering]]
[2020.09.20-20.26.58:762][  0]LogConfig: Setting CVar [[r.DOF.Gather.RingCount:4                 ; medium number of samples when gathering]]
[2020.09.20-20.26.58:762][  0]LogConfig: Setting CVar [[r.DOF.Scatter.ForegroundCompositing:1    ; additive foreground scattering]]
[2020.09.20-20.26.58:762][  0]LogConfig: Setting CVar [[r.DOF.Scatter.BackgroundCompositing:2    ; additive background scattering]]
[2020.09.20-20.26.58:762][  0]LogConfig: Setting CVar [[r.DOF.Scatter.EnableBokehSettings:1      ; bokeh simulation when scattering]]
[2020.09.20-20.26.58:763][  0]LogConfig: Setting CVar [[r.DOF.Scatter.MaxSpriteRatio:0.1         ; only a maximum of 10% of scattered bokeh]]
[2020.09.20-20.26.58:763][  0]LogConfig: Setting CVar [[r.DOF.Recombine.Quality:1                ; cheap slight out of focus]]
[2020.09.20-20.26.58:763][  0]LogConfig: Setting CVar [[r.DOF.Recombine.EnableBokehSettings:0    ; no bokeh simulation on slight out of focus]]
[2020.09.20-20.26.58:763][  0]LogConfig: Setting CVar [[r.DOF.TemporalAAQuality:1                ; more stable temporal accumulation]]
[2020.09.20-20.26.58:763][  0]LogConfig: Setting CVar [[r.DOF.Kernel.MaxForegroundRadius:0.025]]
[2020.09.20-20.26.58:763][  0]LogConfig: Setting CVar [[r.DOF.Kernel.MaxBackgroundRadius:0.025]]
[2020.09.20-20.26.58:763][  0]LogConfig: Applying CVar settings from Section [TextureQuality@3] File [D:/Documents/GitHub/GhoulsAndGoblins/GhoulsAndGoodies/Saved/Config/Windows/Scalability.ini]
[2020.09.20-20.26.58:763][  0]LogConfig: Setting CVar [[r.Streaming.MipBias:0]]
[2020.09.20-20.26.58:763][  0]LogConfig: Setting CVar [[r.Streaming.AmortizeCPUToGPUCopy:0]]
[2020.09.20-20.26.58:763][  0]LogConfig: Setting CVar [[r.Streaming.MaxNumTexturesToStreamPerFrame:0]]
[2020.09.20-20.26.58:763][  0]LogConfig: Setting CVar [[r.Streaming.Boost:1]]
[2020.09.20-20.26.58:763][  0]LogConfig: Setting CVar [[r.MaxAnisotropy:8]]
[2020.09.20-20.26.58:763][  0]LogConfig: Setting CVar [[r.Streaming.LimitPoolSizeToVRAM:0]]
[2020.09.20-20.26.58:763][  0]LogConfig: Setting CVar [[r.Streaming.PoolSize:1000]]
[2020.09.20-20.26.58:764][  0]LogConfig: Setting CVar [[r.Streaming.MaxEffectiveScreenSize:0]]
[2020.09.20-20.26.58:764][  0]LogConfig: Applying CVar settings from Section [EffectsQuality@3] File [D:/Documents/GitHub/GhoulsAndGoblins/GhoulsAndGoodies/Saved/Config/Windows/Scalability.ini]
[2020.09.20-20.26.58:764][  0]LogConfig: Setting CVar [[r.TranslucencyLightingVolumeDim:64]]
[2020.09.20-20.26.58:764][  0]LogConfig: Setting CVar [[r.RefractionQuality:2]]
[2020.09.20-20.26.58:764][  0]LogConfig: Setting CVar [[r.SSR.Quality:3]]
[2020.09.20-20.26.58:764][  0]LogConfig: Setting CVar [[r.SceneColorFormat:4]]
[2020.09.20-20.26.58:764][  0]LogConfig: Setting CVar [[r.DetailMode:2]]
[2020.09.20-20.26.58:764][  0]LogConfig: Setting CVar [[r.TranslucencyVolumeBlur:1]]
[2020.09.20-20.26.58:764][  0]LogConfig: Setting CVar [[r.MaterialQualityLevel:1 ; High quality]]
[2020.09.20-20.26.58:765][  0]LogConfig: Setting CVar [[r.SSS.Scale:1]]
[2020.09.20-20.26.58:765][  0]LogConfig: Setting CVar [[r.SSS.SampleSet:2]]
[2020.09.20-20.26.58:765][  0]LogConfig: Setting CVar [[r.SSS.Quality:1]]
[2020.09.20-20.26.58:765][  0]LogConfig: Setting CVar [[r.SSS.HalfRes:1]]
[2020.09.20-20.26.58:765][  0]LogConfig: Setting CVar [[r.EmitterSpawnRateScale:1.0]]
[2020.09.20-20.26.58:765][  0]LogConfig: Setting CVar [[r.ParticleLightQuality:2]]
[2020.09.20-20.26.58:765][  0]LogConfig: Applying CVar settings from Section [FoliageQuality@3] File [D:/Documents/GitHub/GhoulsAndGoblins/GhoulsAndGoodies/Saved/Config/Windows/Scalability.ini]
[2020.09.20-20.26.58:766][  0]LogConfig: Setting CVar [[foliage.DensityScale:1.0]]
[2020.09.20-20.26.58:766][  0]LogConfig: Setting CVar [[grass.DensityScale:1.0]]
[2020.09.20-20.26.58:766][  0]LogInit: Selected Device Profile: [Windows]
[2020.09.20-20.26.58:766][  0]LogInit: Applying CVar settings loaded from the selected device profile: [Windows]
[2020.09.20-20.26.58:770][  0]LogHAL: Display: Platform has ~ 16 GB [17095811072 / 17179869184 / 16], which maps to Larger [LargestMinGB=32, LargerMinGB=12, DefaultMinGB=8, SmallerMinGB=6, SmallestMinGB=0)
[2020.09.20-20.26.58:770][  0]LogInit: Going up to parent DeviceProfile []
[2020.09.20-20.26.58:770][  0]LogConfig: Applying CVar settings from Section [ViewDistanceQuality@3] File [D:/Documents/GitHub/GhoulsAndGoblins/GhoulsAndGoodies/Saved/Config/Windows/Scalability.ini]
[2020.09.20-20.26.58:770][  0]LogConfig: Setting CVar [[r.SkeletalMeshLODBias:0]]
[2020.09.20-20.26.58:770][  0]LogConfig: Setting CVar [[r.ViewDistanceScale:1.0]]
[2020.09.20-20.26.58:770][  0]LogConfig: Applying CVar settings from Section [AntiAliasingQuality@3] File [D:/Documents/GitHub/GhoulsAndGoblins/GhoulsAndGoodies/Saved/Config/Windows/Scalability.ini]
[2020.09.20-20.26.58:770][  0]LogConfig: Setting CVar [[r.PostProcessAAQuality:4]]
[2020.09.20-20.26.58:770][  0]LogConfig: Applying CVar settings from Section [ShadowQuality@3] File [D:/Documents/GitHub/GhoulsAndGoblins/GhoulsAndGoodies/Saved/Config/Windows/Scalability.ini]
[2020.09.20-20.26.58:770][  0]LogConfig: Setting CVar [[r.LightFunctionQuality:1]]
[2020.09.20-20.26.58:770][  0]LogConfig: Setting CVar [[r.ShadowQuality:5]]
[2020.09.20-20.26.58:770][  0]LogConfig: Setting CVar [[r.Shadow.CSM.MaxCascades:10]]
[2020.09.20-20.26.58:770][  0]LogConfig: Setting CVar [[r.Shadow.MaxResolution:2048]]
[2020.09.20-20.26.58:771][  0]LogConfig: Setting CVar [[r.Shadow.MaxCSMResolution:2048]]
[2020.09.20-20.26.58:771][  0]LogConfig: Setting CVar [[r.Shadow.RadiusThreshold:0.01]]
[2020.09.20-20.26.58:771][  0]LogConfig: Setting CVar [[r.Shadow.DistanceScale:1.0]]
[2020.09.20-20.26.58:771][  0]LogConfig: Setting CVar [[r.Shadow.CSM.TransitionScale:1.0]]
[2020.09.20-20.26.58:771][  0]LogConfig: Setting CVar [[r.Shadow.PreShadowResolutionFactor:1.0]]
[2020.09.20-20.26.58:771][  0]LogConfig: Setting CVar [[r.DistanceFieldShadowing:1]]
[2020.09.20-20.26.58:771][  0]LogConfig: Setting CVar [[r.DistanceFieldAO:1]]
[2020.09.20-20.26.58:771][  0]LogConfig: Setting CVar [[r.AOQuality:2]]
[2020.09.20-20.26.58:771][  0]LogConfig: Setting CVar [[r.VolumetricFog:1]]
[2020.09.20-20.26.58:771][  0]LogConfig: Setting CVar [[r.VolumetricFog.GridPixelSize:8]]
[2020.09.20-20.26.58:771][  0]LogConfig: Setting CVar [[r.VolumetricFog.GridSizeZ:128]]
[2020.09.20-20.26.58:771][  0]LogConfig: Setting CVar [[r.VolumetricFog.HistoryMissSupersampleCount:4]]
[2020.09.20-20.26.58:772][  0]LogConfig: Setting CVar [[r.LightMaxDrawDistanceScale:1]]
[2020.09.20-20.26.58:772][  0]LogConfig: Setting CVar [[r.CapsuleShadows:1]]
[2020.09.20-20.26.58:772][  0]LogConfig: Applying CVar settings from Section [PostProcessQuality@3] File [D:/Documents/GitHub/GhoulsAndGoblins/GhoulsAndGoodies/Saved/Config/Windows/Scalability.ini]
[2020.09.20-20.26.58:772][  0]LogConfig: Setting CVar [[r.MotionBlurQuality:4]]
[2020.09.20-20.26.58:772][  0]LogConfig: Setting CVar [[r.AmbientOcclusionMipLevelFactor:0.4]]
[2020.09.20-20.26.58:772][  0]LogConfig: Setting CVar [[r.AmbientOcclusionMaxQuality:100]]
[2020.09.20-20.26.58:772][  0]LogConfig: Setting CVar [[r.AmbientOcclusionLevels:-1]]
[2020.09.20-20.26.58:772][  0]LogConfig: Setting CVar [[r.AmbientOcclusionRadiusScale:1.0]]
[2020.09.20-20.26.58:772][  0]LogConfig: Setting CVar [[r.DepthOfFieldQuality:2]]
[2020.09.20-20.26.58:772][  0]LogConfig: Setting CVar [[r.RenderTargetPoolMin:400]]
[2020.09.20-20.26.58:773][  0]LogConfig: Setting CVar [[r.LensFlareQuality:2]]
[2020.09.20-20.26.58:773][  0]LogConfig: Setting CVar [[r.SceneColorFringeQuality:1]]
[2020.09.20-20.26.58:773][  0]LogConfig: Setting CVar [[r.EyeAdaptationQuality:2]]
[2020.09.20-20.26.58:773][  0]LogConfig: Setting CVar [[r.BloomQuality:5]]
[2020.09.20-20.26.58:773][  0]LogConfig: Setting CVar [[r.FastBlurThreshold:100]]
[2020.09.20-20.26.58:773][  0]LogConfig: Setting CVar [[r.Upscale.Quality:3]]
[2020.09.20-20.26.58:773][  0]LogConfig: Setting CVar [[r.Tonemapper.GrainQuantization:1]]
[2020.09.20-20.26.58:773][  0]LogConfig: Setting CVar [[r.LightShaftQuality:1]]
[2020.09.20-20.26.58:773][  0]LogConfig: Setting CVar [[r.Filter.SizeScale:1]]
[2020.09.20-20.26.58:773][  0]LogConfig: Setting CVar [[r.Tonemapper.Quality:5]]
[2020.09.20-20.26.58:773][  0]LogConfig: Setting CVar [[r.DOF.Gather.AccumulatorQuality:1        ; higher gathering accumulator quality]]
[2020.09.20-20.26.58:773][  0]LogConfig: Setting CVar [[r.DOF.Gather.PostfilterMethod:1          ; Median3x3 postfilering method]]
[2020.09.20-20.26.58:773][  0]LogConfig: Setting CVar [[r.DOF.Gather.EnableBokehSettings:0       ; no bokeh simulation when gathering]]
[2020.09.20-20.26.58:774][  0]LogConfig: Setting CVar [[r.DOF.Gather.RingCount:4                 ; medium number of samples when gathering]]
[2020.09.20-20.26.58:774][  0]LogConfig: Setting CVar [[r.DOF.Scatter.ForegroundCompositing:1    ; additive foreground scattering]]
[2020.09.20-20.26.58:774][  0]LogConfig: Setting CVar [[r.DOF.Scatter.BackgroundCompositing:2    ; additive background scattering]]
[2020.09.20-20.26.58:774][  0]LogConfig: Setting CVar [[r.DOF.Scatter.EnableBokehSettings:1      ; bokeh simulation when scattering]]
[2020.09.20-20.26.58:774][  0]LogConfig: Setting CVar [[r.DOF.Scatter.MaxSpriteRatio:0.1         ; only a maximum of 10% of scattered bokeh]]
[2020.09.20-20.26.58:774][  0]LogConfig: Setting CVar [[r.DOF.Recombine.Quality:1                ; cheap slight out of focus]]
[2020.09.20-20.26.58:774][  0]LogConfig: Setting CVar [[r.DOF.Recombine.EnableBokehSettings:0    ; no bokeh simulation on slight out of focus]]
[2020.09.20-20.26.58:774][  0]LogConfig: Setting CVar [[r.DOF.TemporalAAQuality:1                ; more stable temporal accumulation]]
[2020.09.20-20.26.58:774][  0]LogConfig: Setting CVar [[r.DOF.Kernel.MaxForegroundRadius:0.025]]
[2020.09.20-20.26.58:774][  0]LogConfig: Setting CVar [[r.DOF.Kernel.MaxBackgroundRadius:0.025]]
[2020.09.20-20.26.58:774][  0]LogConfig: Applying CVar settings from Section [TextureQuality@3] File [D:/Documents/GitHub/GhoulsAndGoblins/GhoulsAndGoodies/Saved/Config/Windows/Scalability.ini]
[2020.09.20-20.26.58:774][  0]LogConfig: Setting CVar [[r.Streaming.MipBias:0]]
[2020.09.20-20.26.58:774][  0]LogConfig: Setting CVar [[r.Streaming.AmortizeCPUToGPUCopy:0]]
[2020.09.20-20.26.58:774][  0]LogConfig: Setting CVar [[r.Streaming.MaxNumTexturesToStreamPerFrame:0]]
[2020.09.20-20.26.58:774][  0]LogConfig: Setting CVar [[r.Streaming.Boost:1]]
[2020.09.20-20.26.58:774][  0]LogConfig: Setting CVar [[r.MaxAnisotropy:8]]
[2020.09.20-20.26.58:774][  0]LogConfig: Setting CVar [[r.Streaming.LimitPoolSizeToVRAM:0]]
[2020.09.20-20.26.58:775][  0]LogConfig: Setting CVar [[r.Streaming.PoolSize:1000]]
[2020.09.20-20.26.58:775][  0]LogConfig: Setting CVar [[r.Streaming.MaxEffectiveScreenSize:0]]
[2020.09.20-20.26.58:775][  0]LogConfig: Applying CVar settings from Section [EffectsQuality@3] File [D:/Documents/GitHub/GhoulsAndGoblins/GhoulsAndGoodies/Saved/Config/Windows/Scalability.ini]
[2020.09.20-20.26.58:775][  0]LogConfig: Setting CVar [[r.TranslucencyLightingVolumeDim:64]]
[2020.09.20-20.26.58:775][  0]LogConfig: Setting CVar [[r.RefractionQuality:2]]
[2020.09.20-20.26.58:775][  0]LogConfig: Setting CVar [[r.SSR.Quality:3]]
[2020.09.20-20.26.58:775][  0]LogConfig: Setting CVar [[r.SceneColorFormat:4]]
[2020.09.20-20.26.58:775][  0]LogConfig: Setting CVar [[r.DetailMode:2]]
[2020.09.20-20.26.58:775][  0]LogConfig: Setting CVar [[r.TranslucencyVolumeBlur:1]]
[2020.09.20-20.26.58:775][  0]LogConfig: Setting CVar [[r.MaterialQualityLevel:1 ; High quality]]
[2020.09.20-20.26.58:775][  0]LogConfig: Setting CVar [[r.SSS.Scale:1]]
[2020.09.20-20.26.58:775][  0]LogConfig: Setting CVar [[r.SSS.SampleSet:2]]
[2020.09.20-20.26.58:775][  0]LogConfig: Setting CVar [[r.SSS.Quality:1]]
[2020.09.20-20.26.58:775][  0]LogConfig: Setting CVar [[r.SSS.HalfRes:1]]
[2020.09.20-20.26.58:775][  0]LogConfig: Setting CVar [[r.EmitterSpawnRateScale:1.0]]
[2020.09.20-20.26.58:775][  0]LogConfig: Setting CVar [[r.ParticleLightQuality:2]]
[2020.09.20-20.26.58:775][  0]LogConfig: Applying CVar settings from Section [FoliageQuality@3] File [D:/Documents/GitHub/GhoulsAndGoblins/GhoulsAndGoodies/Saved/Config/Windows/Scalability.ini]
[2020.09.20-20.26.58:775][  0]LogConfig: Setting CVar [[foliage.DensityScale:1.0]]
[2020.09.20-20.26.58:776][  0]LogConfig: Setting CVar [[grass.DensityScale:1.0]]
[2020.09.20-20.26.58:776][  0]LogConfig: Applying CVar settings from Section [Startup] File [../../../Engine/Config/ConsoleVariables.ini]
[2020.09.20-20.26.58:776][  0]LogConfig: Setting CVar [[net.UseAdaptiveNetUpdateFrequency:0]]
[2020.09.20-20.26.58:776][  0]LogConfig: Setting CVar [[p.chaos.AllowCreatePhysxBodies:1]]
[2020.09.20-20.26.58:776][  0]LogConfig: Applying CVar settings from Section [ConsoleVariables] File [D:/Documents/GitHub/GhoulsAndGoblins/GhoulsAndGoodies/Saved/Config/Windows/Engine.ini]
[2020.09.20-20.26.58:776][  0]LogInit: Computer: MSI
[2020.09.20-20.26.58:776][  0]LogInit: User: hiit
[2020.09.20-20.26.58:776][  0]LogInit: CPU Page size=4096, Cores=4
[2020.09.20-20.26.58:776][  0]LogInit: High frequency timer resolution =10.000000 MHz
[2020.09.20-20.26.58:777][  0]LogMemory: Memory total: Physical=15.9GB (16GB approx)
[2020.09.20-20.26.58:777][  0]LogMemory: Platform Memory Stats for Windows
[2020.09.20-20.26.58:777][  0]LogMemory: Process Physical Memory: 101.50 MB used, 101.51 MB peak
[2020.09.20-20.26.58:777][  0]LogMemory: Process Virtual Memory: 100.89 MB used, 100.89 MB peak
[2020.09.20-20.26.58:777][  0]LogMemory: Physical Memory: 8939.26 MB used,  7364.58 MB free, 16303.84 MB total
[2020.09.20-20.26.58:777][  0]LogMemory: Virtual Memory: 4668.54 MB used,  134213056.00 MB free, 134217728.00 MB total
[2020.09.20-20.26.59:167][  0]LogWindows: WindowsPlatformFeatures enabled
[2020.09.20-20.26.59:414][  0]LogInit: Using OS detected language (en-US).
[2020.09.20-20.26.59:415][  0]LogInit: Using OS detected locale (en-AU).
[2020.09.20-20.26.59:416][  0]LogTextLocalizationManager: No specific localization for 'en-US' exists, so the 'en' localization will be used.
[2020.09.20-20.26.59:608][  0]LogInit: Setting process to per monitor DPI aware
[2020.09.20-20.26.59:685][  0]LogSlate: New Slate User Created.  User Index 0, Is Virtual User: 0
[2020.09.20-20.26.59:686][  0]LogSlate: Slate User Registered.  User Index 0, Is Virtual User: 0
[2020.09.20-20.26.59:962][  0]LogHMD: Failed to initialize OpenVR with code 110
[2020.09.20-20.26.59:962][  0]LogD3D11RHI: D3D11 adapters:
[2020.09.20-20.27.00:090][  0]LogD3D11RHI:    0. 'NVIDIA GeForce GTX 1050' (Feature Level 11_0)
[2020.09.20-20.27.00:090][  0]LogD3D11RHI:       4021/0/8151 MB DedicatedVideo/DedicatedSystem/SharedSystem, Outputs:1, VendorId:0x10de
[2020.09.20-20.27.00:118][  0]LogD3D11RHI:    1. 'Intel(R) HD Graphics 630' (Feature Level 11_0)
[2020.09.20-20.27.00:119][  0]LogD3D11RHI:       128/0/8151 MB DedicatedVideo/DedicatedSystem/SharedSystem, Outputs:0, VendorId:0x8086
[2020.09.20-20.27.00:125][  0]LogD3D11RHI:    2. 'Microsoft Basic Render Driver' (Feature Level 11_0)
[2020.09.20-20.27.00:125][  0]LogD3D11RHI:       0/0/8151 MB DedicatedVideo/DedicatedSystem/SharedSystem, Outputs:0, VendorId:0x1414
[2020.09.20-20.27.00:125][  0]LogD3D11RHI: Chosen D3D11 Adapter: 0
[2020.09.20-20.27.00:165][  0]LogD3D11RHI: Creating new Direct3DDevice
[2020.09.20-20.27.00:166][  0]LogD3D11RHI:     GPU DeviceId: 0x1c8d (for the marketing name, search the web for "GPU Device Id")
[2020.09.20-20.27.00:166][  0]LogWindows: EnumDisplayDevices:
[2020.09.20-20.27.00:166][  0]LogWindows:    0. 'Intel(R) HD Graphics 630' (P:1 D:1)
[2020.09.20-20.27.00:167][  0]LogWindows:    1. 'Intel(R) HD Graphics 630' (P:0 D:0)
[2020.09.20-20.27.00:168][  0]LogWindows:    2. 'Intel(R) HD Graphics 630' (P:0 D:0)
[2020.09.20-20.27.00:168][  0]LogWindows: DebugString: PrimaryIsNotTheChoosenAdapter PrimaryIsNotTheChoosenAdapter PrimaryIsNotTheChoosenAdapter FoundDriverCount:0 
[2020.09.20-20.27.00:169][  0]LogD3D11RHI:     Adapter Name: NVIDIA GeForce GTX 1050
[2020.09.20-20.27.00:169][  0]LogD3D11RHI:   Driver Version: Unknown (internal:Unknown, unified:Unknown)
[2020.09.20-20.27.00:169][  0]LogD3D11RHI:      Driver Date: Unknown
[2020.09.20-20.27.00:169][  0]LogRHI: Texture pool is 2814 MB (70% of 4021 MB)
[2020.09.20-20.27.00:238][  0]LogD3D11RHI: Async texture creation enabled
[2020.09.20-20.27.00:265][  0]LogD3D11RHI: GPU Timing Frequency: 1000.000000 (Debug: 2 1)
[2020.09.20-20.27.00:626][  0]LogTemp: Display: Module 'AllDesktopTargetPlatform' loaded TargetPlatform 'AllDesktop'
[2020.09.20-20.27.00:639][  0]LogTemp: Display: Module 'MacClientTargetPlatform' loaded TargetPlatform 'MacClient'
[2020.09.20-20.27.00:652][  0]LogTemp: Display: Module 'MacNoEditorTargetPlatform' loaded TargetPlatform 'MacNoEditor'
[2020.09.20-20.27.00:664][  0]LogTemp: Display: Module 'MacServerTargetPlatform' loaded TargetPlatform 'MacServer'
[2020.09.20-20.27.00:678][  0]LogTemp: Display: Module 'MacTargetPlatform' loaded TargetPlatform 'Mac'
[2020.09.20-20.27.00:691][  0]LogTemp: Display: Module 'WindowsClientTargetPlatform' loaded TargetPlatform 'WindowsClient'
[2020.09.20-20.27.00:706][  0]LogTemp: Display: Module 'WindowsNoEditorTargetPlatform' loaded TargetPlatform 'WindowsNoEditor'
[2020.09.20-20.27.00:721][  0]LogTemp: Display: Module 'WindowsServerTargetPlatform' loaded TargetPlatform 'WindowsServer'
[2020.09.20-20.27.00:729][  0]LogTemp: Display: Module 'WindowsTargetPlatform' loaded TargetPlatform 'Windows'
[2020.09.20-20.27.00:774][  0]LogTemp: Display: Module 'AndroidTargetPlatform' loaded TargetPlatform 'Android'
[2020.09.20-20.27.00:774][  0]LogTemp: Display: Module 'AndroidTargetPlatform' loaded TargetPlatform 'Android_ASTC'
[2020.09.20-20.27.00:774][  0]LogTemp: Display: Module 'AndroidTargetPlatform' loaded TargetPlatform 'Android_ATC'
[2020.09.20-20.27.00:774][  0]LogTemp: Display: Module 'AndroidTargetPlatform' loaded TargetPlatform 'Android_DXT'
[2020.09.20-20.27.00:774][  0]LogTemp: Display: Module 'AndroidTargetPlatform' loaded TargetPlatform 'Android_ETC1'
[2020.09.20-20.27.00:774][  0]LogTemp: Display: Module 'AndroidTargetPlatform' loaded TargetPlatform 'Android_ETC1a'
[2020.09.20-20.27.00:774][  0]LogTemp: Display: Module 'AndroidTargetPlatform' loaded TargetPlatform 'Android_ETC2'
[2020.09.20-20.27.00:775][  0]LogTemp: Display: Module 'AndroidTargetPlatform' loaded TargetPlatform 'Android_PVRTC'
[2020.09.20-20.27.00:775][  0]LogTemp: Display: Module 'AndroidTargetPlatform' loaded TargetPlatform 'AndroidClient'
[2020.09.20-20.27.00:775][  0]LogTemp: Display: Module 'AndroidTargetPlatform' loaded TargetPlatform 'Android_ASTCClient'
[2020.09.20-20.27.00:775][  0]LogTemp: Display: Module 'AndroidTargetPlatform' loaded TargetPlatform 'Android_ATCClient'
[2020.09.20-20.27.00:775][  0]LogTemp: Display: Module 'AndroidTargetPlatform' loaded TargetPlatform 'Android_DXTClient'
[2020.09.20-20.27.00:775][  0]LogTemp: Display: Module 'AndroidTargetPlatform' loaded TargetPlatform 'Android_ETC1Client'
[2020.09.20-20.27.00:775][  0]LogTemp: Display: Module 'AndroidTargetPlatform' loaded TargetPlatform 'Android_ETC1aClient'
[2020.09.20-20.27.00:775][  0]LogTemp: Display: Module 'AndroidTargetPlatform' loaded TargetPlatform 'Android_ETC2Client'
[2020.09.20-20.27.00:775][  0]LogTemp: Display: Module 'AndroidTargetPlatform' loaded TargetPlatform 'Android_PVRTCClient'
[2020.09.20-20.27.00:775][  0]LogTemp: Display: Module 'AndroidTargetPlatform' loaded TargetPlatform 'Android_Multi'
[2020.09.20-20.27.00:775][  0]LogTemp: Display: Module 'AndroidTargetPlatform' loaded TargetPlatform 'Android_MultiClient'
[2020.09.20-20.27.00:780][  0]LogTemp: Display: Module 'HTML5TargetPlatform' loaded TargetPlatform 'HTML5'
[2020.09.20-20.27.00:811][  0]LogTemp: Display: Module 'IOSTargetPlatform' loaded TargetPlatform 'IOSClient'
[2020.09.20-20.27.00:811][  0]LogTemp: Display: Module 'IOSTargetPlatform' loaded TargetPlatform 'IOS'
[2020.09.20-20.27.00:829][  0]LogTemp: Display: Module 'TVOSTargetPlatform' loaded TargetPlatform 'TVOSClient'
[2020.09.20-20.27.00:829][  0]LogTemp: Display: Module 'TVOSTargetPlatform' loaded TargetPlatform 'TVOS'
[2020.09.20-20.27.00:841][  0]LogTemp: Display: Module 'LinuxClientTargetPlatform' loaded TargetPlatform 'LinuxClient'
[2020.09.20-20.27.00:852][  0]LogTemp: Display: Module 'LinuxNoEditorTargetPlatform' loaded TargetPlatform 'LinuxNoEditor'
[2020.09.20-20.27.00:864][  0]LogTemp: Display: Module 'LinuxServerTargetPlatform' loaded TargetPlatform 'LinuxServer'
[2020.09.20-20.27.00:875][  0]LogTemp: Display: Module 'LinuxTargetPlatform' loaded TargetPlatform 'Linux'
[2020.09.20-20.27.00:902][  0]LogTemp: Display: Module 'LuminTargetPlatform' loaded TargetPlatform 'Lumin'
[2020.09.20-20.27.00:903][  0]LogTemp: Display: Module 'LuminTargetPlatform' loaded TargetPlatform 'LuminClient'
[2020.09.20-20.27.00:903][  0]LogTargetPlatformManager: Display: Building Assets For Windows
[2020.09.20-20.27.00:925][  0]LogAudioDebug: Display: Lib vorbis DLL was dynamically loaded.
[2020.09.20-20.27.01:037][  0]LogShaderCompilers: Guid format shader working directory is -20 characters bigger than the processId version (../../../../../Documents/GitHub/GhoulsAndGoblins/GhoulsAndGoodies/Intermediate/Shaders/WorkingDirectory/27452/).
[2020.09.20-20.27.01:038][  0]LogShaderCompilers: Cleaned the shader compiler working directory 'C:/Users/hi_it/AppData/Local/Temp/UnrealShaderWorkingDir/909BBD6E42C96F060B7865A8BF67C193/'.
[2020.09.20-20.27.01:040][  0]LogXGEController: Cleaning working directory: C:/Users/hi_it/AppData/Local/Temp/UnrealXGEWorkingDir/
[2020.09.20-20.27.01:040][  0]LogXGEController: Cannot use XGE Controller as Incredibuild is not installed on this machine.
[2020.09.20-20.27.01:040][  0]LogShaderCompilers: Cannot use XGE Shader Compiler as Incredibuild is not installed on this machine.
[2020.09.20-20.27.01:041][  0]LogShaderCompilers: Display: Using Local Shader Compiler.
[2020.09.20-20.27.01:723][  0]LogDerivedDataCache: Display: Max Cache Size: 512 MB
[2020.09.20-20.27.01:782][  0]LogDerivedDataCache: Loaded boot cache 0.06s 86MB C:/Users/hi_it/AppData/Local/UnrealEngine/4.23/DerivedDataCache/Boot.ddc.
[2020.09.20-20.27.01:783][  0]LogDerivedDataCache: Display: Loaded Boot cache: C:/Users/hi_it/AppData/Local/UnrealEngine/4.23/DerivedDataCache/Boot.ddc
[2020.09.20-20.27.01:783][  0]LogDerivedDataCache: FDerivedDataBackendGraph:  Pak pak cache file ../../../../../Documents/GitHub/GhoulsAndGoblins/GhoulsAndGoodies/DerivedDataCache/DDC.ddp not found, will not use a pak cache.
[2020.09.20-20.27.01:783][  0]LogDerivedDataCache: Unable to find inner node Pak for hierarchical cache Hierarchy.
[2020.09.20-20.27.01:783][  0]LogDerivedDataCache: FDerivedDataBackendGraph:  CompressedPak pak cache file ../../../../../Documents/GitHub/GhoulsAndGoblins/GhoulsAndGoodies/DerivedDataCache/Compressed.ddp not found, will not use a pak cache.
[2020.09.20-20.27.01:783][  0]LogDerivedDataCache: Unable to find inner node CompressedPak for hierarchical cache Hierarchy.
[2020.09.20-20.27.01:795][  0]LogDerivedDataCache: Display: Pak cache opened for reading ../../../Engine/DerivedDataCache/Compressed.ddp.
[2020.09.20-20.27.01:795][  0]LogDerivedDataCache: FDerivedDataBackendGraph:  EnterprisePak pak cache file ../../../Enterprise/DerivedDataCache/Compressed.ddp not found, will not use a pak cache.
[2020.09.20-20.27.01:795][  0]LogDerivedDataCache: Unable to find inner node EnterprisePak for hierarchical cache Hierarchy.
[2020.09.20-20.27.01:798][  0]LogDerivedDataCache: Using Local data cache path C:/Users/hi_it/AppData/Local/UnrealEngine/Common/DerivedDataCache: Writable
[2020.09.20-20.27.01:799][  0]LogDerivedDataCache: Shared data cache path not found in *engine.ini, will not use an Shared cache.
[2020.09.20-20.27.01:799][  0]LogDerivedDataCache: Unable to find inner node Shared for hierarchical cache Hierarchy.
[2020.09.20-20.27.01:824][  0]LogMaterial: Verifying Global Shaders for PCD3D_SM5
[2020.09.20-20.27.01:828][  0]LogSlate: Using FreeType 2.6.0
[2020.09.20-20.27.01:829][  0]LogSlate: SlateFontServices - WITH_FREETYPE: 1, WITH_HARFBUZZ: 1
[2020.09.20-20.27.01:915][  0]LogAssetRegistry: FAssetRegistry took 0.0061 seconds to start up
[2020.09.20-20.27.02:201][  0]LogInit: Selected Device Profile: [Windows]
[2020.09.20-20.27.02:280][  0]LogMeshReduction: Using QuadricMeshReduction for automatic static mesh reduction
[2020.09.20-20.27.02:280][  0]LogMeshReduction: Using SimplygonMeshReduction for automatic skeletal mesh reduction
[2020.09.20-20.27.02:280][  0]LogMeshReduction: Using ProxyLODMeshReduction for automatic mesh merging
[2020.09.20-20.27.02:280][  0]LogMeshReduction: No distributed automatic mesh merging module available
[2020.09.20-20.27.02:280][  0]LogMeshMerging: No distributed automatic mesh merging module available
[2020.09.20-20.27.02:395][  0]LogNetVersion: GhoulsAndGoodies 1.0.0, NetCL: 8386587, EngineNetVer: 11, GameNetVer: 0 (Checksum: 1842056771)
[2020.09.20-20.27.02:872][  0]LogPackageLocalizationCache: Processed 12 localized package path(s) for 1 prioritized culture(s) in 0.059241 seconds
[2020.09.20-20.27.02:881][  0]LogUObjectArray: 43444 objects as part of root set at end of initial load.
[2020.09.20-20.27.02:881][  0]LogUObjectAllocator: 7548648 out of 0 bytes used by permanent object pool.
[2020.09.20-20.27.02:882][  0]LogUObjectArray: CloseDisregardForGC: 0/0 objects in disregard for GC pool
[2020.09.20-20.27.04:175][  0]LogTcpMessaging: Initializing TcpMessaging bridge
[2020.09.20-20.27.04:183][  0]LogUdpMessaging: Initializing bridge on interface 0.0.0.0:0 to multicast group 230.0.0.1:6666.
[2020.09.20-20.27.05:620][  0]LogScript: Warning: Script Msg: No world was found for object (/Script/GhoulsAndGoodies.Default__GhoulsAndGoodiesGameMode) passed in to UEngine::GetWorldFromContextObject().
[2020.09.20-20.27.06:504][  0]SourceControl: Source control is disabled
[2020.09.20-20.27.06:504][  0]SourceControl: Source control is disabled
[2020.09.20-20.27.06:535][  0]SourceControl: Source control is disabled
[2020.09.20-20.27.06:549][  0]SourceControl: Source control is disabled
[2020.09.20-20.27.07:388][  0]LogAndroidPermission: UAndroidPermissionCallbackProxy::GetInstance
[2020.09.20-20.27.08:162][  0]LogOcInput: OculusInput pre-init called
[2020.09.20-20.27.08:199][  0]LogWindows: Failed to load 'OVRPlugin.dll' (GetLastError=126)
[2020.09.20-20.27.08:200][  0]LogWindows: File 'OVRPlugin.dll' does not exist
[2020.09.20-20.27.08:769][  0]LogEngine: Initializing Engine...
[2020.09.20-20.27.08:796][  0]LogHMD: Failed to initialize OpenVR with code 110
[2020.09.20-20.27.08:830][  0]LogStats: UGameplayTagsManager::InitializeManager -  0.011 s
[2020.09.20-20.27.09:512][  0]LogInit: Initializing FReadOnlyCVARCache
[2020.09.20-20.27.09:591][  0]LogAIModule: Creating AISystem for world Untitled
[2020.09.20-20.27.09:664][  0]LogInit: XAudio2 using 'Speakers (Realtek High Definition Audio)' : 6 channels at 48 kHz using 32 bits per sample (channel mask 0x3f)
[2020.09.20-20.27.10:008][  0]LogInit: FAudioDevice initialized.
[2020.09.20-20.27.10:008][  0]LogNetVersion: Set ProjectVersion to 1.0.0.0. Version Checksum will be recalculated on next use.
[2020.09.20-20.27.10:188][  0]LogDerivedDataCache: Saved boot cache 0.18s 82MB C:/Users/hi_it/AppData/Local/UnrealEngine/4.23/DerivedDataCache/Boot.ddc.
[2020.09.20-20.27.10:199][  0]LogInit: Texture streaming: Enabled
[2020.09.20-20.27.10:385][  0]LogEngineSessionManager: EngineSessionManager initialized
[2020.09.20-20.27.10:385][  0]LogEngineSessionManager: EngineSessionManager sent abnormal shutdown report. Type=Crashed, SessionId={B7056F87-4BE0-A4D1-B9CE-71AC176BE85F}
[2020.09.20-20.27.10:386][  0]LogEditorSessionSummary: Verbose: Initializing EditorSessionSummaryWriter for editor session tracking
[2020.09.20-20.27.10:388][  0]LogEditorSessionSummary: EditorSessionSummaryWriter initialized
[2020.09.20-20.27.10:645][  0]LogInit: Transaction tracking system initialized
[2020.09.20-20.27.10:956][  0]BlueprintLog: New page: Editor Load
[2020.09.20-20.27.11:552][  0]LocalizationService: Localization service is disabled
[2020.09.20-20.27.12:987][  0]LogFileCache: Scanning file cache for directory 'D:/Documents/GitHub/GhoulsAndGoblins/GhoulsAndGoodies/Content/' took 0.01s
[2020.09.20-20.27.12:987][  0]LogCook: Display: Max memory allowance for cook 16384mb min free memory 0mb
[2020.09.20-20.27.12:987][  0]LogCook: Display: Mobile HDR setting 1
[2020.09.20-20.27.14:972][  0]SourceControl: Source control is disabled
[2020.09.20-20.27.14:973][  0]Cmd: MAP LOAD FILE="../../../../../Documents/GitHub/GhoulsAndGoblins/GhoulsAndGoodies/Content/TopDownCPP/Maps/TopDownExampleMap.umap" TEMPLATE=0 SHOWPROGRESS=1 FEATURELEVEL=3
[2020.09.20-20.27.15:051][  0]LightingResults: New page: Lighting Build
[2020.09.20-20.27.15:083][  0]LogWorld: UWorld::CleanupWorld for Untitled, bSessionEnded=true, bCleanupResources=true
[2020.09.20-20.27.15:084][  0]MapCheck: New page: Map Check
[2020.09.20-20.27.15:084][  0]LightingResults: New page: Lighting Build
[2020.09.20-20.27.15:112][  0]LogUObjectHash: Compacting FUObjectHashTables data took   2.39ms
[2020.09.20-20.27.15:572][  0]LogAIModule: Creating AISystem for world TopDownExampleMap
[2020.09.20-20.27.15:635][  0]LogEditorServer: Finished looking for orphan Actors (0.000 secs)
[2020.09.20-20.27.15:679][  0]LogUObjectHash: Compacting FUObjectHashTables data took   2.21ms
[2020.09.20-20.27.15:679][  0]Cmd: MAP CHECKDEP NOCLEARLOG
[2020.09.20-20.27.15:680][  0]MapCheck: Map check complete: 0 Error(s), 0 Warning(s), took 0.113ms to complete.
[2020.09.20-20.27.15:680][  0]LogFileHelpers: Loading map 'TopDownExampleMap' took 0.706
[2020.09.20-20.27.16:085][  0]LogSlate: Updating window title bar state: overlay mode, drag disabled, window buttons hidden, title bar hidden
[2020.09.20-20.27.16:102][  0]LogSlate: Updating window title bar state: overlay mode, drag disabled, window buttons hidden, title bar hidden
[2020.09.20-20.27.16:110][  0]LogSlate: Updating window title bar state: overlay mode, drag disabled, window buttons hidden, title bar hidden
[2020.09.20-20.27.16:119][  0]LogSlate: Updating window title bar state: overlay mode, drag disabled, window buttons hidden, title bar hidden
[2020.09.20-20.27.16:150][  0]LogCollectionManager: Loaded 0 collections in 0.001308 seconds
[2020.09.20-20.27.16:270][  0]LogFileCache: Scanning file cache for directory 'D:/Documents/GitHub/GhoulsAndGoblins/GhoulsAndGoodies/Saved/Collections/' took 0.00s
[2020.09.20-20.27.16:270][  0]LogFileCache: Scanning file cache for directory 'D:/Documents/GitHub/GhoulsAndGoblins/GhoulsAndGoodies/Content/Developers/hiit/Collections/' took 0.00s
[2020.09.20-20.27.16:270][  0]LogFileCache: Scanning file cache for directory 'D:/Documents/GitHub/GhoulsAndGoblins/GhoulsAndGoodies/Content/Collections/' took 0.00s
[2020.09.20-20.27.16:270][  0]LogCollectionManager: Rebuilt the GUID cache for 0 collections in 0.000002 seconds
[2020.09.20-20.27.16:281][  0]LogContentBrowser: Native class hierarchy populated in 0.0104 seconds. Added 2885 classes and 683 folders.
[2020.09.20-20.27.16:318][  0]LogContentBrowser: Native class hierarchy updated for 'WidgetCarousel' in 0.0005 seconds. Added 0 classes and 0 folders.
[2020.09.20-20.27.17:202][  0]LogContentBrowser: Native class hierarchy updated for 'AddContentDialog' in 0.0003 seconds. Added 0 classes and 0 folders.
[2020.09.20-20.27.17:240][  0]LogContentBrowser: Native class hierarchy updated for 'SceneOutliner' in 0.0005 seconds. Added 1 classes and 2 folders.
[2020.09.20-20.27.17:433][  0]LogSlate: Took 0.000260 seconds to synchronously load lazily loaded font '../../../Engine/Content/Slate/Fonts/Roboto-Regular.ttf' (155K)
[2020.09.20-20.27.17:435][  0]LogSlate: Took 0.000257 seconds to synchronously load lazily loaded font '../../../Engine/Content/Slate/Fonts/Roboto-Bold.ttf' (160K)
[2020.09.20-20.27.17:462][  0]LogSlate: Took 0.020318 seconds to synchronously load lazily loaded font '../../../Engine/Content/Editor/Slate/Fonts/FontAwesome.ttf' (139K)
[2020.09.20-20.27.17:737][  0]LogRenderer: Reallocating scene render targets to support 1208x572 Format 10 NumSamples 1 (Frame:1).
[2020.09.20-20.27.17:900][  0]LogSlate: Took 0.013830 seconds to synchronously load lazily loaded font '../../../Engine/Content/Slate/Fonts/Roboto-Light.ttf' (167K)
[2020.09.20-20.27.18:013][  0]LogContentBrowser: Native class hierarchy updated for 'HierarchicalLODOutliner' in 0.0005 seconds. Added 0 classes and 0 folders.
[2020.09.20-20.27.18:021][  0]LogLoad: (Engine Initialization) Total time: 21.11 seconds
[2020.09.20-20.27.18:021][  0]LogLoad: (Engine Initialization) Total Blueprint compile time: 0.00 seconds
[2020.09.20-20.27.18:271][  0]LogContentStreaming: Texture pool size now 1000 MB
[2020.09.20-20.27.19:219][ 12]LogSlate: Took 0.000215 seconds to synchronously load lazily loaded font '../../../Engine/Content/Slate/Fonts/Roboto-Light.ttf' (167K)
[2020.09.20-20.27.20:323][ 30]LogAssetRegistry: Asset discovery search completed in 18.4110 seconds
[2020.09.20-20.27.20:327][ 30]LogCollectionManager: Rebuilt the object cache for 0 collections in 0.000005 seconds (found 0 objects)
[2020.09.20-20.27.20:327][ 30]LogCollectionManager: Fixed up redirectors for 0 collections in 0.000198 seconds (updated 0 objects)
[2020.09.20-20.27.22:958][187]LogSlate: FSceneViewport::OnFocusLost() reason 0
[2020.09.20-20.27.23:075][194]LogTemp: Repeating last play command: Selected Viewport
[2020.09.20-20.27.23:093][194]LogBlueprintUserMessages: Early PlayInEditor Detection: Level '/Game/TopDownCPP/Maps/TopDownExampleMap.TopDownExampleMap:PersistentLevel' has LevelScriptBlueprint '/Game/TopDownCPP/Maps/TopDownExampleMap.TopDownExampleMap:PersistentLevel.TopDownExampleMap' with GeneratedClass '/Game/TopDownCPP/Maps/TopDownExampleMap.TopDownExampleMap_C' with ClassGeneratedBy '/Game/TopDownCPP/Maps/TopDownExampleMap.TopDownExampleMap:PersistentLevel.TopDownExampleMap'
[2020.09.20-20.27.23:094][194]LogPlayLevel: PlayLevel: No blueprints needed recompiling
[2020.09.20-20.27.23:124][194]PIE: New page: PIE session: TopDownExampleMap (21 Sep 2020 4:27:23 pm)
[2020.09.20-20.27.23:126][194]LogOnline: OSS: Creating online subsystem instance for: NULL
[2020.09.20-20.27.23:128][194]LogPlayLevel: Creating play world package: /Game/TopDownCPP/Maps/UEDPIE_0_TopDownExampleMap
[2020.09.20-20.27.23:146][194]LogPlayLevel: PIE: StaticDuplicateObject took: (0.016816s)
[2020.09.20-20.27.23:147][194]LogAIModule: Creating AISystem for world TopDownExampleMap
[2020.09.20-20.27.23:147][194]LogPlayLevel: PIE: World Init took: (0.001455s)
[2020.09.20-20.27.23:147][194]LogPlayLevel: PIE: Created PIE world by copying editor world from /Game/TopDownCPP/Maps/TopDownExampleMap.TopDownExampleMap to /Game/TopDownCPP/Maps/UEDPIE_0_TopDownExampleMap.TopDownExampleMap (0.018878s)
[2020.09.20-20.27.23:174][194]LogUObjectHash: Compacting FUObjectHashTables data took   1.65ms
[2020.09.20-20.27.23:220][194]LogInit: XAudio2 using 'Speakers (Realtek High Definition Audio)' : 6 channels at 48 kHz using 32 bits per sample (channel mask 0x3f)
[2020.09.20-20.27.23:312][194]LogInit: FAudioDevice initialized.
[2020.09.20-20.27.23:330][194]LogLoad: Game class is 'GhoulsAndGoodiesGameMode'
[2020.09.20-20.27.23:332][194]LogWorld: Bringing World /Game/TopDownCPP/Maps/UEDPIE_0_TopDownExampleMap.TopDownExampleMap up for play (max tick rate 60) at 2020.09.21-06.27.23
[2020.09.20-20.27.23:333][194]LogWorld: Bringing up level for play took: 0.001571
[2020.09.20-20.27.23:333][194]LogOnline: OSS: Creating online subsystem instance for: :Context_8
[2020.09.20-20.27.23:372][194]LogContentBrowser: Native class hierarchy updated for 'MovieSceneCapture' in 0.0006 seconds. Added 20 classes and 0 folders.
[2020.09.20-20.27.23:373][194]LogActor: Warning: GNGPawn /Game/TopDownCPP/Maps/UEDPIE_0_TopDownExampleMap.TopDownExampleMap:PersistentLevel.GNGPawn_0 has natively added scene component(s), but none of them were set as the actor's RootComponent - picking one arbitrarily
[2020.09.20-20.27.23:388][194]PIE: Play in editor start time for /Game/TopDownCPP/Maps/UEDPIE_0_TopDownExampleMap 0.433
[2020.09.20-20.27.23:389][194]LogBlueprintUserMessages: Late PlayInEditor Detection: Level '/Game/TopDownCPP/Maps/TopDownExampleMap.TopDownExampleMap:PersistentLevel' has LevelScriptBlueprint '/Game/TopDownCPP/Maps/TopDownExampleMap.TopDownExampleMap:PersistentLevel.TopDownExampleMap' with GeneratedClass '/Game/TopDownCPP/Maps/TopDownExampleMap.TopDownExampleMap_C' with ClassGeneratedBy '/Game/TopDownCPP/Maps/TopDownExampleMap.TopDownExampleMap:PersistentLevel.TopDownExampleMap'
[2020.09.20-20.27.25:755][334]LogSlate: FSceneViewport::OnFocusLost() reason 0
[2020.09.20-20.27.33:284][781]LogSlate: FSceneViewport::OnFocusLost() reason 0
[2020.09.20-20.27.42:668][339]LogEditorViewport: Clicking on Actor (LMB): Base (Base)
[2020.09.20-20.27.43:371][358]LogEditorViewport: Clicking on Actor (LMB): Base (Base)
[2020.09.20-20.28.05:041][625]LogSlate: FSceneViewport::OnFocusLost() reason 0
[2020.09.20-20.28.09:886][913]LogSlate: Took 0.000219 seconds to synchronously load lazily loaded font '../../../Engine/Content/Slate/Fonts/Roboto-Italic.ttf' (157K)
[2020.09.20-20.28.15:421][232]LogEditorViewport: Clicking on Actor (LMB): Base (Base)
[2020.09.20-20.28.29:476][ 53]LogSlate: FSceneViewport::OnFocusLost() reason 0
[2020.09.20-20.28.29:627][ 62]LogBlueprintUserMessages: Early EndPlayMap Detection: Level '/Game/TopDownCPP/Maps/TopDownExampleMap.TopDownExampleMap:PersistentLevel' has LevelScriptBlueprint '/Game/TopDownCPP/Maps/TopDownExampleMap.TopDownExampleMap:PersistentLevel.TopDownExampleMap' with GeneratedClass '/Game/TopDownCPP/Maps/TopDownExampleMap.TopDownExampleMap_C' with ClassGeneratedBy '/Game/TopDownCPP/Maps/TopDownExampleMap.TopDownExampleMap:PersistentLevel.TopDownExampleMap'
[2020.09.20-20.28.29:642][ 62]LogSlate: Updating window title bar state: overlay mode, drag disabled, window buttons hidden, title bar hidden
[2020.09.20-20.28.29:642][ 62]LogWorld: BeginTearingDown for /Game/TopDownCPP/Maps/UEDPIE_0_TopDownExampleMap
[2020.09.20-20.28.29:653][ 62]LogWorld: UWorld::CleanupWorld for TopDownExampleMap, bSessionEnded=true, bCleanupResources=true
[2020.09.20-20.28.29:674][ 62]LogPlayLevel: Display: Shutting down PIE online subsystems
[2020.09.20-20.28.29:674][ 62]LogBlueprintUserMessages: Late EndPlayMap Detection: Level '/Game/TopDownCPP/Maps/TopDownExampleMap.TopDownExampleMap:PersistentLevel' has LevelScriptBlueprint '/Game/TopDownCPP/Maps/TopDownExampleMap.TopDownExampleMap:PersistentLevel.TopDownExampleMap' with GeneratedClass '/Game/TopDownCPP/Maps/TopDownExampleMap.TopDownExampleMap_C' with ClassGeneratedBy '/Game/TopDownCPP/Maps/TopDownExampleMap.TopDownExampleMap:PersistentLevel.TopDownExampleMap'
[2020.09.20-20.28.29:708][ 62]LogSlate: Updating window title bar state: overlay mode, drag disabled, window buttons hidden, title bar hidden
[2020.09.20-20.28.29:711][ 62]LogUObjectHash: Compacting FUObjectHashTables data took   1.58ms
[2020.09.20-20.28.29:744][ 63]LogPlayLevel: Display: Destroying online subsystem :Context_8
[2020.09.20-20.28.31:011][139]LogTemp: Repeating last play command: Selected Viewport
[2020.09.20-20.28.31:028][139]LogBlueprintUserMessages: Early PlayInEditor Detection: Level '/Game/TopDownCPP/Maps/TopDownExampleMap.TopDownExampleMap:PersistentLevel' has LevelScriptBlueprint '/Game/TopDownCPP/Maps/TopDownExampleMap.TopDownExampleMap:PersistentLevel.TopDownExampleMap' with GeneratedClass '/Game/TopDownCPP/Maps/TopDownExampleMap.TopDownExampleMap_C' with ClassGeneratedBy '/Game/TopDownCPP/Maps/TopDownExampleMap.TopDownExampleMap:PersistentLevel.TopDownExampleMap'
[2020.09.20-20.28.31:028][139]LogPlayLevel: PlayLevel: No blueprints needed recompiling
[2020.09.20-20.28.31:028][139]PIE: New page: PIE session: TopDownExampleMap (21 Sep 2020 4:28:31 pm)
[2020.09.20-20.28.31:029][139]LogPlayLevel: Creating play world package: /Game/TopDownCPP/Maps/UEDPIE_0_TopDownExampleMap
[2020.09.20-20.28.31:042][139]LogPlayLevel: PIE: StaticDuplicateObject took: (0.012863s)
[2020.09.20-20.28.31:043][139]LogAIModule: Creating AISystem for world TopDownExampleMap
[2020.09.20-20.28.31:044][139]LogPlayLevel: PIE: World Init took: (0.001881s)
[2020.09.20-20.28.31:044][139]LogPlayLevel: PIE: Created PIE world by copying editor world from /Game/TopDownCPP/Maps/TopDownExampleMap.TopDownExampleMap to /Game/TopDownCPP/Maps/UEDPIE_0_TopDownExampleMap.TopDownExampleMap (0.015470s)
[2020.09.20-20.28.31:074][139]LogUObjectHash: Compacting FUObjectHashTables data took   1.35ms
[2020.09.20-20.28.31:114][139]LogInit: XAudio2 using 'Speakers (Realtek High Definition Audio)' : 6 channels at 48 kHz using 32 bits per sample (channel mask 0x3f)
[2020.09.20-20.28.31:201][139]LogInit: FAudioDevice initialized.
[2020.09.20-20.28.31:216][139]LogLoad: Game class is 'GhoulsAndGoodiesGameMode'
[2020.09.20-20.28.31:218][139]LogWorld: Bringing World /Game/TopDownCPP/Maps/UEDPIE_0_TopDownExampleMap.TopDownExampleMap up for play (max tick rate 60) at 2020.09.21-06.28.31
[2020.09.20-20.28.31:219][139]LogWorld: Bringing up level for play took: 0.001234
[2020.09.20-20.28.31:219][139]LogOnline: OSS: Creating online subsystem instance for: :Context_9
[2020.09.20-20.28.31:223][139]LogActor: Warning: GNGPawn /Game/TopDownCPP/Maps/UEDPIE_0_TopDownExampleMap.TopDownExampleMap:PersistentLevel.GNGPawn_0 has natively added scene component(s), but none of them were set as the actor's RootComponent - picking one arbitrarily
[2020.09.20-20.28.31:235][139]PIE: Play in editor start time for /Game/TopDownCPP/Maps/UEDPIE_0_TopDownExampleMap 0.281
[2020.09.20-20.28.31:236][139]LogBlueprintUserMessages: Late PlayInEditor Detection: Level '/Game/TopDownCPP/Maps/TopDownExampleMap.TopDownExampleMap:PersistentLevel' has LevelScriptBlueprint '/Game/TopDownCPP/Maps/TopDownExampleMap.TopDownExampleMap:PersistentLevel.TopDownExampleMap' with GeneratedClass '/Game/TopDownCPP/Maps/TopDownExampleMap.TopDownExampleMap_C' with ClassGeneratedBy '/Game/TopDownCPP/Maps/TopDownExampleMap.TopDownExampleMap:PersistentLevel.TopDownExampleMap'
[2020.09.20-20.28.35:764][409]LogSlate: FSceneViewport::OnFocusLost() reason 0
[2020.09.20-20.28.45:760][  2]LogSlate: FSceneViewport::OnFocusLost() reason 0
[2020.09.20-20.28.48:593][172]LogSlate: FSceneViewport::OnFocusLost() reason 0
[2020.09.20-20.28.51:271][328]LogSlate: FSceneViewport::OnFocusLost() reason 0
[2020.09.20-20.28.52:971][430]LogSlate: FSceneViewport::OnFocusLost() reason 0
[2020.09.20-20.29.14:695][716]LogEditorViewport: Clicking on Actor (LMB): Tile (Tile68)
[2020.09.20-20.29.16:855][835]Cmd: CAMERA ALIGN ACTIVEVIEWPORTONLY
[2020.09.20-20.29.38:661][103]LogSlate: FSceneViewport::OnFocusLost() reason 0
[2020.09.20-20.29.52:167][880]LogEditorViewport: Clicking on Actor (LMB): Base (Base)
[2020.09.20-20.29.55:805][ 88]LogSlate: FSceneViewport::OnFocusLost() reason 0
[2020.09.20-20.30.02:962][499]LogEditorViewport: Clicking on Actor (LMB): Tile (Tile34)
[2020.09.20-20.30.04:033][554]LogEditorViewport: Clicking on Actor (LMB): Base (Base)
[2020.09.20-20.30.09:851][879]LogSlate: FSceneViewport::OnFocusLost() reason 0
[2020.09.20-20.30.18:062][367]LogEditorSessionSummary: EditorSessionSummary sent report. Type=Crashed, SessionId={B7056F87-4BE0-A4D1-B9CE-71AC176BE85F}
[2020.09.20-20.30.36:734][468]LogSlate: FSceneViewport::OnFocusLost() reason 0
[2020.09.20-20.30.49:537][185]LogSlate: FSceneViewport::OnFocusLost() reason 0
[2020.09.20-20.30.55:263][493]LogBlueprintUserMessages: Early EndPlayMap Detection: Level '/Game/TopDownCPP/Maps/TopDownExampleMap.TopDownExampleMap:PersistentLevel' has LevelScriptBlueprint '/Game/TopDownCPP/Maps/TopDownExampleMap.TopDownExampleMap:PersistentLevel.TopDownExampleMap' with GeneratedClass '/Game/TopDownCPP/Maps/TopDownExampleMap.TopDownExampleMap_C' with ClassGeneratedBy '/Game/TopDownCPP/Maps/TopDownExampleMap.TopDownExampleMap:PersistentLevel.TopDownExampleMap'
[2020.09.20-20.30.55:264][493]LogSlate: Updating window title bar state: overlay mode, drag disabled, window buttons hidden, title bar hidden
[2020.09.20-20.30.55:264][493]LogWorld: BeginTearingDown for /Game/TopDownCPP/Maps/UEDPIE_0_TopDownExampleMap
[2020.09.20-20.30.55:266][493]LogWorld: UWorld::CleanupWorld for TopDownExampleMap, bSessionEnded=true, bCleanupResources=true
[2020.09.20-20.30.55:286][493]LogPlayLevel: Display: Shutting down PIE online subsystems
[2020.09.20-20.30.55:286][493]LogBlueprintUserMessages: Late EndPlayMap Detection: Level '/Game/TopDownCPP/Maps/TopDownExampleMap.TopDownExampleMap:PersistentLevel' has LevelScriptBlueprint '/Game/TopDownCPP/Maps/TopDownExampleMap.TopDownExampleMap:PersistentLevel.TopDownExampleMap' with GeneratedClass '/Game/TopDownCPP/Maps/TopDownExampleMap.TopDownExampleMap_C' with ClassGeneratedBy '/Game/TopDownCPP/Maps/TopDownExampleMap.TopDownExampleMap:PersistentLevel.TopDownExampleMap'
[2020.09.20-20.30.55:320][493]LogSlate: Updating window title bar state: overlay mode, drag disabled, window buttons hidden, title bar hidden
[2020.09.20-20.30.55:324][493]LogUObjectHash: Compacting FUObjectHashTables data took   2.11ms
[2020.09.20-20.30.55:370][496]LogPlayLevel: Display: Destroying online subsystem :Context_9
[2020.09.20-20.30.56:354][555]LogTemp: Repeating last play command: Selected Viewport
[2020.09.20-20.30.56:372][555]LogBlueprintUserMessages: Early PlayInEditor Detection: Level '/Game/TopDownCPP/Maps/TopDownExampleMap.TopDownExampleMap:PersistentLevel' has LevelScriptBlueprint '/Game/TopDownCPP/Maps/TopDownExampleMap.TopDownExampleMap:PersistentLevel.TopDownExampleMap' with GeneratedClass '/Game/TopDownCPP/Maps/TopDownExampleMap.TopDownExampleMap_C' with ClassGeneratedBy '/Game/TopDownCPP/Maps/TopDownExampleMap.TopDownExampleMap:PersistentLevel.TopDownExampleMap'
[2020.09.20-20.30.56:373][555]LogPlayLevel: PlayLevel: No blueprints needed recompiling
[2020.09.20-20.30.56:373][555]PIE: New page: PIE session: TopDownExampleMap (21 Sep 2020 4:30:56 pm)
[2020.09.20-20.30.56:373][555]LogPlayLevel: Creating play world package: /Game/TopDownCPP/Maps/UEDPIE_0_TopDownExampleMap
[2020.09.20-20.30.56:387][555]LogPlayLevel: PIE: StaticDuplicateObject took: (0.013846s)
[2020.09.20-20.30.56:389][555]LogAIModule: Creating AISystem for world TopDownExampleMap
[2020.09.20-20.30.56:389][555]LogPlayLevel: PIE: World Init took: (0.001858s)
[2020.09.20-20.30.56:389][555]LogPlayLevel: PIE: Created PIE world by copying editor world from /Game/TopDownCPP/Maps/TopDownExampleMap.TopDownExampleMap to /Game/TopDownCPP/Maps/UEDPIE_0_TopDownExampleMap.TopDownExampleMap (0.016243s)
[2020.09.20-20.30.56:418][555]LogUObjectHash: Compacting FUObjectHashTables data took   1.39ms
[2020.09.20-20.30.56:460][555]LogInit: XAudio2 using 'Speakers (Realtek High Definition Audio)' : 6 channels at 48 kHz using 32 bits per sample (channel mask 0x3f)
[2020.09.20-20.30.56:549][555]LogInit: FAudioDevice initialized.
[2020.09.20-20.30.56:565][555]LogLoad: Game class is 'GhoulsAndGoodiesGameMode'
[2020.09.20-20.30.56:567][555]LogWorld: Bringing World /Game/TopDownCPP/Maps/UEDPIE_0_TopDownExampleMap.TopDownExampleMap up for play (max tick rate 60) at 2020.09.21-06.30.56
[2020.09.20-20.30.56:568][555]LogWorld: Bringing up level for play took: 0.001644
[2020.09.20-20.30.56:568][555]LogOnline: OSS: Creating online subsystem instance for: :Context_11
[2020.09.20-20.30.56:572][555]LogActor: Warning: GNGPawn /Game/TopDownCPP/Maps/UEDPIE_0_TopDownExampleMap.TopDownExampleMap:PersistentLevel.GNGPawn_0 has natively added scene component(s), but none of them were set as the actor's RootComponent - picking one arbitrarily
[2020.09.20-20.30.56:587][555]PIE: Play in editor start time for /Game/TopDownCPP/Maps/UEDPIE_0_TopDownExampleMap -0.368
[2020.09.20-20.30.56:587][555]LogBlueprintUserMessages: Late PlayInEditor Detection: Level '/Game/TopDownCPP/Maps/TopDownExampleMap.TopDownExampleMap:PersistentLevel' has LevelScriptBlueprint '/Game/TopDownCPP/Maps/TopDownExampleMap.TopDownExampleMap:PersistentLevel.TopDownExampleMap' with GeneratedClass '/Game/TopDownCPP/Maps/TopDownExampleMap.TopDownExampleMap_C' with ClassGeneratedBy '/Game/TopDownCPP/Maps/TopDownExampleMap.TopDownExampleMap:PersistentLevel.TopDownExampleMap'
[2020.09.20-20.30.58:862][690]LogSlate: FSceneViewport::OnFocusLost() reason 0
[2020.09.20-20.31.01:263][834]LogBlueprintUserMessages: Early EndPlayMap Detection: Level '/Game/TopDownCPP/Maps/TopDownExampleMap.TopDownExampleMap:PersistentLevel' has LevelScriptBlueprint '/Game/TopDownCPP/Maps/TopDownExampleMap.TopDownExampleMap:PersistentLevel.TopDownExampleMap' with GeneratedClass '/Game/TopDownCPP/Maps/TopDownExampleMap.TopDownExampleMap_C' with ClassGeneratedBy '/Game/TopDownCPP/Maps/TopDownExampleMap.TopDownExampleMap:PersistentLevel.TopDownExampleMap'
[2020.09.20-20.31.01:264][834]LogSlate: Updating window title bar state: overlay mode, drag disabled, window buttons hidden, title bar hidden
[2020.09.20-20.31.01:264][834]LogWorld: BeginTearingDown for /Game/TopDownCPP/Maps/UEDPIE_0_TopDownExampleMap
[2020.09.20-20.31.01:265][834]LogWorld: UWorld::CleanupWorld for TopDownExampleMap, bSessionEnded=true, bCleanupResources=true
[2020.09.20-20.31.01:287][834]LogPlayLevel: Display: Shutting down PIE online subsystems
[2020.09.20-20.31.01:287][834]LogBlueprintUserMessages: Late EndPlayMap Detection: Level '/Game/TopDownCPP/Maps/TopDownExampleMap.TopDownExampleMap:PersistentLevel' has LevelScriptBlueprint '/Game/TopDownCPP/Maps/TopDownExampleMap.TopDownExampleMap:PersistentLevel.TopDownExampleMap' with GeneratedClass '/Game/TopDownCPP/Maps/TopDownExampleMap.TopDownExampleMap_C' with ClassGeneratedBy '/Game/TopDownCPP/Maps/TopDownExampleMap.TopDownExampleMap:PersistentLevel.TopDownExampleMap'
[2020.09.20-20.31.01:319][834]LogSlate: Updating window title bar state: overlay mode, drag disabled, window buttons hidden, title bar hidden
[2020.09.20-20.31.01:322][834]LogUObjectHash: Compacting FUObjectHashTables data took   1.39ms
[2020.09.20-20.31.01:371][837]LogPlayLevel: Display: Destroying online subsystem :Context_11
[2020.09.20-20.31.02:014][872]LogUObjectHash: Compacting FUObjectHashTables data took   0.88ms
[2020.09.20-20.31.02:139][872]LogSlate: Window 'GhoulsAndGoodies - Unreal Editor' being destroyed
[2020.09.20-20.31.02:141][872]LogWindowsTextInputMethodSystem: Display: IME system now deactivated.
[2020.09.20-20.31.02:147][872]LogWindowsTextInputMethodSystem: Display: IME system now deactivated.
[2020.09.20-20.31.02:489][873]Cmd: QUIT_EDITOR
[2020.09.20-20.31.02:910][873]LogExit: Preparing to exit.
