Log file open, 08/18/20 10:48:21
LogWindows: Failed to load 'aqProf.dll' (GetLastError=126)
LogWindows: File 'aqProf.dll' does not exist
LogWindows: Failed to load 'VtuneApi.dll' (GetLastError=126)
LogWindows: File 'VtuneApi.dll' does not exist
LogWindows: Failed to load 'VtuneApi32e.dll' (GetLastError=126)
LogWindows: File 'VtuneApi32e.dll' does not exist
LogConsoleResponse: Display: Failed to find resolution value strings in scalability ini. Falling back to default.
LogInit: Display: Running engine for game: GhoulsAndGoodies
LogPlatformFile: Not using cached read wrapper
LogTaskGraph: Started task graph with 5 named threads and 23 total threads with 3 sets of task threads.
LogStats: Stats thread started at 0.205831
LogD3D11RHI: Loaded GFSDK_Aftermath_Lib.x64.dll
LogICUInternationalization: ICU TimeZone Detection - Raw Offset: +10:00, Platform Override: ''
LogPluginManager: Mounting plugin Paper2D
LogPluginManager: Mounting plugin AISupport
LogPluginManager: Mounting plugin LightPropagationVolume
LogPluginManager: Mounting plugin ActorLayerUtilities
LogPluginManager: Mounting plugin AnimationSharing
LogPluginManager: Mounting plugin CLionSourceCodeAccess
LogPluginManager: Mounting plugin CodeLiteSourceCodeAccess
LogPluginManager: Mounting plugin GitSourceControl
LogPluginManager: Mounting plugin KDevelopSourceCodeAccess
LogPluginManager: Mounting plugin NullSourceCodeAccess
LogPluginManager: Mounting plugin PerforceSourceControl
LogPluginManager: Mounting plugin SubversionSourceControl
LogPluginManager: Mounting plugin UObjectPlugin
LogPluginManager: Mounting plugin VisualStudioCodeSourceCodeAccess
LogPluginManager: Mounting plugin VisualStudioSourceCodeAccess
LogPluginManager: Mounting plugin XCodeSourceCodeAccess
LogPluginManager: Mounting plugin AssetManagerEditor
LogPluginManager: Mounting plugin CryptoKeys
LogPluginManager: Mounting plugin CurveEditorTools
LogPluginManager: Mounting plugin DataValidation
LogPluginManager: Mounting plugin FacialAnimation
LogPluginManager: Mounting plugin GameplayTagsEditor
LogPluginManager: Mounting plugin MacGraphicsSwitching
LogPluginManager: Mounting plugin MaterialAnalyzer
LogPluginManager: Mounting plugin MobileLauncherProfileWizard
LogPluginManager: Mounting plugin PluginBrowser
LogPluginManager: Mounting plugin SpeedTreeImporter
LogPluginManager: Mounting plugin DatasmithContent
LogPluginManager: Mounting plugin VariantManagerContent
LogPluginManager: Mounting plugin AlembicImporter
LogPluginManager: Mounting plugin AutomationUtils
LogPluginManager: Mounting plugin BackChannel
LogPluginManager: Mounting plugin CharacterAI
LogPluginManager: Mounting plugin GeometryCache
LogPluginManager: Mounting plugin HTML5Networking
LogPluginManager: Mounting plugin PlatformCrypto
LogPluginManager: Mounting plugin ProxyLODPlugin
LogPluginManager: Mounting plugin SkeletalReduction
LogPluginManager: Mounting plugin MagicLeap
LogPluginManager: Mounting plugin MagicLeapMedia
LogPluginManager: Mounting plugin AndroidMedia
LogPluginManager: Mounting plugin AvfMedia
LogPluginManager: Mounting plugin ImgMedia
LogPluginManager: Mounting plugin MediaCompositing
LogPluginManager: Mounting plugin MediaPlayerEditor
LogPluginManager: Mounting plugin WebMMedia
LogPluginManager: Mounting plugin WmfMedia
LogPluginManager: Mounting plugin TcpMessaging
LogPluginManager: Mounting plugin UdpMessaging
LogPluginManager: Mounting plugin ActorSequence
LogPluginManager: Mounting plugin LevelSequenceEditor
LogPluginManager: Mounting plugin MatineeToLevelSequence
LogPluginManager: Mounting plugin NetcodeUnitTest
LogPluginManager: Mounting plugin NUTUnrealEngine4
LogPluginManager: Mounting plugin OnlineSubsystemGooglePlay
LogPluginManager: Mounting plugin OnlineSubsystemIOS
LogPluginManager: Mounting plugin OnlineSubsystem
LogPluginManager: Mounting plugin OnlineSubsystemNull
LogPluginManager: Mounting plugin OnlineSubsystemUtils
LogPluginManager: Mounting plugin LauncherChunkInstaller
LogPluginManager: Mounting plugin AndroidDeviceProfileSelector
LogPluginManager: Mounting plugin AndroidMoviePlayer
LogPluginManager: Mounting plugin AndroidPermission
LogPluginManager: Mounting plugin AppleImageUtils
LogPluginManager: Mounting plugin AppleMoviePlayer
LogPluginManager: Mounting plugin ArchVisCharacter
LogPluginManager: Mounting plugin AudioCapture
LogPluginManager: Mounting plugin CableComponent
LogPluginManager: Mounting plugin CustomMeshComponent
LogPluginManager: Mounting plugin EditableMesh
LogPluginManager: Mounting plugin ExampleDeviceProfileSelector
LogPluginManager: Mounting plugin GoogleCloudMessaging
LogPluginManager: Mounting plugin IOSDeviceProfileSelector
LogPluginManager: Mounting plugin LinuxDeviceProfileSelector
LogPluginManager: Mounting plugin LocationServicesBPLibrary
LogPluginManager: Mounting plugin MobilePatchingUtils
LogPluginManager: Mounting plugin OculusVR
LogPluginManager: Mounting plugin PhysXVehicles
LogPluginManager: Mounting plugin ProceduralMeshComponent
LogPluginManager: Mounting plugin RuntimePhysXCooking
LogPluginManager: Mounting plugin SignificanceManager
LogPluginManager: Mounting plugin SteamVR
LogPluginManager: Mounting plugin WebMMoviePlayer
LogPluginManager: Mounting plugin WindowsMoviePlayer
LogPluginManager: Mounting plugin ScreenshotTools
LogInit: Using libcurl 7.55.1-DEV
LogInit:  - built for x86_64-pc-win32
LogInit:  - supports SSL with OpenSSL/1.1.1
LogInit:  - supports HTTP deflate (compression) using libz 1.2.8
LogInit:  - other features:
LogInit:      CURL_VERSION_SSL
LogInit:      CURL_VERSION_LIBZ
LogInit:      CURL_VERSION_IPV6
LogInit:      CURL_VERSION_ASYNCHDNS
LogInit:      CURL_VERSION_LARGEFILE
LogInit:      CURL_VERSION_IDN
LogInit:  CurlRequestOptions (configurable via config and command line):
LogInit:  - bVerifyPeer = true  - Libcurl will verify peer certificate
LogInit:  - bUseHttpProxy = false  - Libcurl will NOT use HTTP proxy
LogInit:  - bDontReuseConnections = false  - Libcurl will reuse connections
LogInit:  - MaxHostConnections = 16  - Libcurl will limit the number of connections to a host
LogInit:  - LocalHostAddr = Default
LogInit:  - BufferSize = 65536
LogOnline: OSS: Creating online subsystem instance for: NULL
LogInit: WinSock: version 1.1 (2.2), MaxSocks=32767, MaxUdp=65467
LogInit: Build: ++UE4+Release-4.23-CL-9631420
LogInit: Engine Version: 4.23.1-9631420+++UE4+Release-4.23
LogInit: Compatible Engine Version: 4.23.0-8386587+++UE4+Release-4.23
LogInit: Net CL: 8386587
LogInit: OS: Windows 10 (Release 1909) (), CPU: Intel(R) Core(TM) i7-4770 CPU @ 3.40GHz, GPU: NVIDIA GeForce GTX 770
LogInit: Compiled (64-bit): Oct 18 2019 02:07:44
LogInit: Compiled with Visual C++: 19.16.27030.01
LogInit: Build Configuration: Development
LogInit: Branch Name: ++UE4+Release-4.23
LogInit: Command Line:  -skipcompile
LogInit: Base Directory: C:/Program Files/Epic Games/UE_4.23/Engine/Binaries/Win64/
LogInit: Installed Engine Build: 1
LogDevObjectVersion: Number of dev versions registered: 23
LogDevObjectVersion:   Dev-Blueprints (B0D832E4-1F89-4F0D-ACCF-7EB736FD4AA2): 10
LogDevObjectVersion:   Dev-Build (E1C64328-A22C-4D53-A36C-8E866417BD8C): 0
LogDevObjectVersion:   Dev-Core (375EC13C-06E4-48FB-B500-84F0262A717E): 3
LogDevObjectVersion:   Dev-Editor (E4B068ED-F494-42E9-A231-DA0B2E46BB41): 34
LogDevObjectVersion:   Dev-Framework (CFFC743F-43B0-4480-9391-14DF171D2073): 35
LogDevObjectVersion:   Dev-Mobile (B02B49B5-BB20-44E9-A304-32B752E40360): 2
LogDevObjectVersion:   Dev-Networking (A4E4105C-59A1-49B5-A7C5-40C4547EDFEE): 0
LogDevObjectVersion:   Dev-Online (39C831C9-5AE6-47DC-9A44-9C173E1C8E7C): 0
LogDevObjectVersion:   Dev-Physics (78F01B33-EBEA-4F98-B9B4-84EACCB95AA2): 0
LogDevObjectVersion:   Dev-Platform (6631380F-2D4D-43E0-8009-CF276956A95A): 0
LogDevObjectVersion:   Dev-Rendering (12F88B9F-8875-4AFC-A67C-D90C383ABD29): 31
LogDevObjectVersion:   Dev-Sequencer (7B5AE74C-D270-4C10-A958-57980B212A5A): 11
LogDevObjectVersion:   Dev-VR (D7296918-1DD6-4BDD-9DE2-64A83CC13884): 2
LogDevObjectVersion:   Dev-LoadTimes (C2A15278-BFE7-4AFE-6C17-90FF531DF755): 1
LogDevObjectVersion:   Private-Geometry (6EACA3D4-40EC-4CC1-B786-8BED09428FC5): 3
LogDevObjectVersion:   Dev-AnimPhys (29E575DD-E0A3-4627-9D10-D276232CDCEA): 17
LogDevObjectVersion:   Dev-Anim (AF43A65D-7FD3-4947-9873-3E8ED9C1BB05): 2
LogDevObjectVersion:   Dev-ReflectionCapture (6B266CEC-1EC7-4B8F-A30B-E4D90942FC07): 1
LogDevObjectVersion:   Dev-Automation (0DF73D61-A23F-47EA-B727-89E90C41499A): 1
LogDevObjectVersion:   FortniteMain (601D1886-AC64-4F84-AA16-D3DE0DEAC7D6): 27
LogDevObjectVersion:   Dev-Enterprise (9DFFBCD6-494F-0158-E221-12823C92A888): 6
LogDevObjectVersion:   Dev-Niagara (F2AED0AC-9AFE-416F-8664-AA7FFA26D6FC): 1
LogDevObjectVersion:   Dev-Destruction (174F1F0B-B4C6-45A5-B13F-2EE8D0FB917D): 9
LogInit: Presizing for max 16777216 objects, including 0 objects not considered by GC, pre-allocating 0 bytes for permanent pool.
LogInit: Object subsystem initialized
LogConfig: Setting CVar [[con.DebugEarlyDefault:1]]
LogConfig: Setting CVar [[r.setres:1280x720]]
[2020.08.18-00.48.21:701][  0]LogConfig: Setting CVar [[r.VSync:0]]
[2020.08.18-00.48.21:701][  0]LogConfig: Setting CVar [[r.RHICmdBypass:0]]
[2020.08.18-00.48.21:702][  0]LogConfig: Applying CVar settings from Section [/Script/Engine.RendererSettings] File [C:/Users/s181813/Documents/GitHub/GhoulsAndGoblins/GhoulsAndGoodies/Saved/Config/Windows/Engine.ini]
[2020.08.18-00.48.21:702][  0]LogConfig: Setting CVar [[r.GPUCrashDebugging:0]]
[2020.08.18-00.48.21:702][  0]LogConfig: Applying CVar settings from Section [/Script/Engine.RendererOverrideSettings] File [C:/Users/s181813/Documents/GitHub/GhoulsAndGoblins/GhoulsAndGoodies/Saved/Config/Windows/Engine.ini]
[2020.08.18-00.48.21:702][  0]LogConfig: Applying CVar settings from Section [/Script/Engine.StreamingSettings] File [C:/Users/s181813/Documents/GitHub/GhoulsAndGoblins/GhoulsAndGoodies/Saved/Config/Windows/Engine.ini]
[2020.08.18-00.48.21:702][  0]LogConfig: Setting CVar [[s.MinBulkDataSizeForAsyncLoading:131072]]
[2020.08.18-00.48.21:702][  0]LogConfig: Setting CVar [[s.AsyncLoadingThreadEnabled:0]]
[2020.08.18-00.48.21:702][  0]LogConfig: Setting CVar [[s.EventDrivenLoaderEnabled:1]]
[2020.08.18-00.48.21:702][  0]LogConfig: Setting CVar [[s.WarnIfTimeLimitExceeded:0]]
[2020.08.18-00.48.21:702][  0]LogConfig: Setting CVar [[s.TimeLimitExceededMultiplier:1.5]]
[2020.08.18-00.48.21:702][  0]LogConfig: Setting CVar [[s.TimeLimitExceededMinTime:0.005]]
[2020.08.18-00.48.21:702][  0]LogConfig: Setting CVar [[s.UseBackgroundLevelStreaming:1]]
[2020.08.18-00.48.21:702][  0]LogConfig: Setting CVar [[s.PriorityAsyncLoadingExtraTime:15.0]]
[2020.08.18-00.48.21:702][  0]LogConfig: Setting CVar [[s.LevelStreamingActorsUpdateTimeLimit:5.0]]
[2020.08.18-00.48.21:702][  0]LogConfig: Setting CVar [[s.PriorityLevelStreamingActorsUpdateExtraTime:5.0]]
[2020.08.18-00.48.21:702][  0]LogConfig: Setting CVar [[s.LevelStreamingComponentsRegistrationGranularity:10]]
[2020.08.18-00.48.21:702][  0]LogConfig: Setting CVar [[s.UnregisterComponentsTimeLimit:1.0]]
[2020.08.18-00.48.21:702][  0]LogConfig: Setting CVar [[s.LevelStreamingComponentsUnregistrationGranularity:5]]
[2020.08.18-00.48.21:703][  0]LogConfig: Applying CVar settings from Section [/Script/Engine.GarbageCollectionSettings] File [C:/Users/s181813/Documents/GitHub/GhoulsAndGoblins/GhoulsAndGoodies/Saved/Config/Windows/Engine.ini]
[2020.08.18-00.48.21:703][  0]LogConfig: Setting CVar [[gc.MaxObjectsNotConsideredByGC:1]]
[2020.08.18-00.48.21:703][  0]LogConfig: Setting CVar [[gc.SizeOfPermanentObjectPool:0]]
[2020.08.18-00.48.21:703][  0]LogConfig: Setting CVar [[gc.FlushStreamingOnGC:0]]
[2020.08.18-00.48.21:703][  0]LogConfig: Setting CVar [[gc.NumRetriesBeforeForcingGC:10]]
[2020.08.18-00.48.21:703][  0]LogConfig: Setting CVar [[gc.AllowParallelGC:1]]
[2020.08.18-00.48.21:703][  0]LogConfig: Setting CVar [[gc.TimeBetweenPurgingPendingKillObjects:61.1]]
[2020.08.18-00.48.21:703][  0]LogConfig: Setting CVar [[gc.MaxObjectsInEditor:16777216]]
[2020.08.18-00.48.21:703][  0]LogConfig: Setting CVar [[gc.IncrementalBeginDestroyEnabled:1]]
[2020.08.18-00.48.21:703][  0]LogConfig: Setting CVar [[gc.CreateGCClusters:1]]
[2020.08.18-00.48.21:703][  0]LogConfig: Setting CVar [[gc.MinGCClusterSize:5]]
[2020.08.18-00.48.21:703][  0]LogConfig: Setting CVar [[gc.ActorClusteringEnabled:0]]
[2020.08.18-00.48.21:703][  0]LogConfig: Setting CVar [[gc.BlueprintClusteringEnabled:0]]
[2020.08.18-00.48.21:703][  0]LogConfig: Setting CVar [[gc.UseDisregardForGCOnDedicatedServers:0]]
[2020.08.18-00.48.21:703][  0]LogConfig: Applying CVar settings from Section [/Script/Engine.NetworkSettings] File [C:/Users/s181813/Documents/GitHub/GhoulsAndGoblins/GhoulsAndGoodies/Saved/Config/Windows/Engine.ini]
[2020.08.18-00.48.21:703][  0]LogConfig: Applying CVar settings from Section [/Script/UnrealEd.CookerSettings] File [C:/Users/s181813/Documents/GitHub/GhoulsAndGoblins/GhoulsAndGoodies/Saved/Config/Windows/Engine.ini]
[2020.08.18-00.48.21:713][  0]LogConfig: Applying CVar settings from Section [ViewDistanceQuality@3] File [C:/Users/s181813/Documents/GitHub/GhoulsAndGoblins/GhoulsAndGoodies/Saved/Config/Windows/Scalability.ini]
[2020.08.18-00.48.21:713][  0]LogConfig: Setting CVar [[r.SkeletalMeshLODBias:0]]
[2020.08.18-00.48.21:713][  0]LogConfig: Setting CVar [[r.ViewDistanceScale:1.0]]
[2020.08.18-00.48.21:713][  0]LogConfig: Applying CVar settings from Section [AntiAliasingQuality@3] File [C:/Users/s181813/Documents/GitHub/GhoulsAndGoblins/GhoulsAndGoodies/Saved/Config/Windows/Scalability.ini]
[2020.08.18-00.48.21:713][  0]LogConfig: Setting CVar [[r.PostProcessAAQuality:4]]
[2020.08.18-00.48.21:713][  0]LogConfig: Applying CVar settings from Section [ShadowQuality@3] File [C:/Users/s181813/Documents/GitHub/GhoulsAndGoblins/GhoulsAndGoodies/Saved/Config/Windows/Scalability.ini]
[2020.08.18-00.48.21:713][  0]LogConfig: Setting CVar [[r.LightFunctionQuality:1]]
[2020.08.18-00.48.21:713][  0]LogConfig: Setting CVar [[r.ShadowQuality:5]]
[2020.08.18-00.48.21:713][  0]LogConfig: Setting CVar [[r.Shadow.CSM.MaxCascades:10]]
[2020.08.18-00.48.21:713][  0]LogConfig: Setting CVar [[r.Shadow.MaxResolution:2048]]
[2020.08.18-00.48.21:713][  0]LogConfig: Setting CVar [[r.Shadow.MaxCSMResolution:2048]]
[2020.08.18-00.48.21:713][  0]LogConfig: Setting CVar [[r.Shadow.RadiusThreshold:0.01]]
[2020.08.18-00.48.21:713][  0]LogConfig: Setting CVar [[r.Shadow.DistanceScale:1.0]]
[2020.08.18-00.48.21:713][  0]LogConfig: Setting CVar [[r.Shadow.CSM.TransitionScale:1.0]]
[2020.08.18-00.48.21:713][  0]LogConfig: Setting CVar [[r.Shadow.PreShadowResolutionFactor:1.0]]
[2020.08.18-00.48.21:713][  0]LogConfig: Setting CVar [[r.DistanceFieldShadowing:1]]
[2020.08.18-00.48.21:714][  0]LogConfig: Setting CVar [[r.DistanceFieldAO:1]]
[2020.08.18-00.48.21:714][  0]LogConfig: Setting CVar [[r.AOQuality:2]]
[2020.08.18-00.48.21:714][  0]LogConfig: Setting CVar [[r.VolumetricFog:1]]
[2020.08.18-00.48.21:714][  0]LogConfig: Setting CVar [[r.VolumetricFog.GridPixelSize:8]]
[2020.08.18-00.48.21:714][  0]LogConfig: Setting CVar [[r.VolumetricFog.GridSizeZ:128]]
[2020.08.18-00.48.21:714][  0]LogConfig: Setting CVar [[r.VolumetricFog.HistoryMissSupersampleCount:4]]
[2020.08.18-00.48.21:714][  0]LogConfig: Setting CVar [[r.LightMaxDrawDistanceScale:1]]
[2020.08.18-00.48.21:714][  0]LogConfig: Setting CVar [[r.CapsuleShadows:1]]
[2020.08.18-00.48.21:714][  0]LogConfig: Applying CVar settings from Section [PostProcessQuality@3] File [C:/Users/s181813/Documents/GitHub/GhoulsAndGoblins/GhoulsAndGoodies/Saved/Config/Windows/Scalability.ini]
[2020.08.18-00.48.21:714][  0]LogConfig: Setting CVar [[r.MotionBlurQuality:4]]
[2020.08.18-00.48.21:714][  0]LogConfig: Setting CVar [[r.AmbientOcclusionMipLevelFactor:0.4]]
[2020.08.18-00.48.21:714][  0]LogConfig: Setting CVar [[r.AmbientOcclusionMaxQuality:100]]
[2020.08.18-00.48.21:714][  0]LogConfig: Setting CVar [[r.AmbientOcclusionLevels:-1]]
[2020.08.18-00.48.21:714][  0]LogConfig: Setting CVar [[r.AmbientOcclusionRadiusScale:1.0]]
[2020.08.18-00.48.21:714][  0]LogConfig: Setting CVar [[r.DepthOfFieldQuality:2]]
[2020.08.18-00.48.21:714][  0]LogConfig: Setting CVar [[r.RenderTargetPoolMin:400]]
[2020.08.18-00.48.21:715][  0]LogConfig: Setting CVar [[r.LensFlareQuality:2]]
[2020.08.18-00.48.21:715][  0]LogConfig: Setting CVar [[r.SceneColorFringeQuality:1]]
[2020.08.18-00.48.21:715][  0]LogConfig: Setting CVar [[r.EyeAdaptationQuality:2]]
[2020.08.18-00.48.21:715][  0]LogConfig: Setting CVar [[r.BloomQuality:5]]
[2020.08.18-00.48.21:715][  0]LogConfig: Setting CVar [[r.FastBlurThreshold:100]]
[2020.08.18-00.48.21:715][  0]LogConfig: Setting CVar [[r.Upscale.Quality:3]]
[2020.08.18-00.48.21:715][  0]LogConfig: Setting CVar [[r.Tonemapper.GrainQuantization:1]]
[2020.08.18-00.48.21:715][  0]LogConfig: Setting CVar [[r.LightShaftQuality:1]]
[2020.08.18-00.48.21:715][  0]LogConfig: Setting CVar [[r.Filter.SizeScale:1]]
[2020.08.18-00.48.21:715][  0]LogConfig: Setting CVar [[r.Tonemapper.Quality:5]]
[2020.08.18-00.48.21:715][  0]LogConfig: Setting CVar [[r.DOF.Gather.AccumulatorQuality:1        ; higher gathering accumulator quality]]
[2020.08.18-00.48.21:715][  0]LogConfig: Setting CVar [[r.DOF.Gather.PostfilterMethod:1          ; Median3x3 postfilering method]]
[2020.08.18-00.48.21:715][  0]LogConfig: Setting CVar [[r.DOF.Gather.EnableBokehSettings:0       ; no bokeh simulation when gathering]]
[2020.08.18-00.48.21:715][  0]LogConfig: Setting CVar [[r.DOF.Gather.RingCount:4                 ; medium number of samples when gathering]]
[2020.08.18-00.48.21:715][  0]LogConfig: Setting CVar [[r.DOF.Scatter.ForegroundCompositing:1    ; additive foreground scattering]]
[2020.08.18-00.48.21:716][  0]LogConfig: Setting CVar [[r.DOF.Scatter.BackgroundCompositing:2    ; additive background scattering]]
[2020.08.18-00.48.21:716][  0]LogConfig: Setting CVar [[r.DOF.Scatter.EnableBokehSettings:1      ; bokeh simulation when scattering]]
[2020.08.18-00.48.21:716][  0]LogConfig: Setting CVar [[r.DOF.Scatter.MaxSpriteRatio:0.1         ; only a maximum of 10% of scattered bokeh]]
[2020.08.18-00.48.21:716][  0]LogConfig: Setting CVar [[r.DOF.Recombine.Quality:1                ; cheap slight out of focus]]
[2020.08.18-00.48.21:716][  0]LogConfig: Setting CVar [[r.DOF.Recombine.EnableBokehSettings:0    ; no bokeh simulation on slight out of focus]]
[2020.08.18-00.48.21:716][  0]LogConfig: Setting CVar [[r.DOF.TemporalAAQuality:1                ; more stable temporal accumulation]]
[2020.08.18-00.48.21:716][  0]LogConfig: Setting CVar [[r.DOF.Kernel.MaxForegroundRadius:0.025]]
[2020.08.18-00.48.21:716][  0]LogConfig: Setting CVar [[r.DOF.Kernel.MaxBackgroundRadius:0.025]]
[2020.08.18-00.48.21:716][  0]LogConfig: Applying CVar settings from Section [TextureQuality@3] File [C:/Users/s181813/Documents/GitHub/GhoulsAndGoblins/GhoulsAndGoodies/Saved/Config/Windows/Scalability.ini]
[2020.08.18-00.48.21:716][  0]LogConfig: Setting CVar [[r.Streaming.MipBias:0]]
[2020.08.18-00.48.21:716][  0]LogConfig: Setting CVar [[r.Streaming.AmortizeCPUToGPUCopy:0]]
[2020.08.18-00.48.21:716][  0]LogConfig: Setting CVar [[r.Streaming.MaxNumTexturesToStreamPerFrame:0]]
[2020.08.18-00.48.21:716][  0]LogConfig: Setting CVar [[r.Streaming.Boost:1]]
[2020.08.18-00.48.21:716][  0]LogConfig: Setting CVar [[r.MaxAnisotropy:8]]
[2020.08.18-00.48.21:716][  0]LogConfig: Setting CVar [[r.Streaming.LimitPoolSizeToVRAM:0]]
[2020.08.18-00.48.21:716][  0]LogConfig: Setting CVar [[r.Streaming.PoolSize:1000]]
[2020.08.18-00.48.21:716][  0]LogConfig: Setting CVar [[r.Streaming.MaxEffectiveScreenSize:0]]
[2020.08.18-00.48.21:717][  0]LogConfig: Applying CVar settings from Section [EffectsQuality@3] File [C:/Users/s181813/Documents/GitHub/GhoulsAndGoblins/GhoulsAndGoodies/Saved/Config/Windows/Scalability.ini]
[2020.08.18-00.48.21:717][  0]LogConfig: Setting CVar [[r.TranslucencyLightingVolumeDim:64]]
[2020.08.18-00.48.21:717][  0]LogConfig: Setting CVar [[r.RefractionQuality:2]]
[2020.08.18-00.48.21:717][  0]LogConfig: Setting CVar [[r.SSR.Quality:3]]
[2020.08.18-00.48.21:717][  0]LogConfig: Setting CVar [[r.SceneColorFormat:4]]
[2020.08.18-00.48.21:717][  0]LogConfig: Setting CVar [[r.DetailMode:2]]
[2020.08.18-00.48.21:717][  0]LogConfig: Setting CVar [[r.TranslucencyVolumeBlur:1]]
[2020.08.18-00.48.21:717][  0]LogConfig: Setting CVar [[r.MaterialQualityLevel:1 ; High quality]]
[2020.08.18-00.48.21:717][  0]LogConfig: Setting CVar [[r.SSS.Scale:1]]
[2020.08.18-00.48.21:717][  0]LogConfig: Setting CVar [[r.SSS.SampleSet:2]]
[2020.08.18-00.48.21:717][  0]LogConfig: Setting CVar [[r.SSS.Quality:1]]
[2020.08.18-00.48.21:717][  0]LogConfig: Setting CVar [[r.SSS.HalfRes:1]]
[2020.08.18-00.48.21:717][  0]LogConfig: Setting CVar [[r.EmitterSpawnRateScale:1.0]]
[2020.08.18-00.48.21:717][  0]LogConfig: Setting CVar [[r.ParticleLightQuality:2]]
[2020.08.18-00.48.21:717][  0]LogConfig: Applying CVar settings from Section [FoliageQuality@3] File [C:/Users/s181813/Documents/GitHub/GhoulsAndGoblins/GhoulsAndGoodies/Saved/Config/Windows/Scalability.ini]
[2020.08.18-00.48.21:718][  0]LogConfig: Setting CVar [[foliage.DensityScale:1.0]]
[2020.08.18-00.48.21:718][  0]LogConfig: Setting CVar [[grass.DensityScale:1.0]]
[2020.08.18-00.48.21:718][  0]LogInit: Selected Device Profile: [Windows]
[2020.08.18-00.48.21:718][  0]LogInit: Applying CVar settings loaded from the selected device profile: [Windows]
[2020.08.18-00.48.21:721][  0]LogHAL: Display: Platform has ~ 32 GB [34241372160 / 34359738368 / 32], which maps to Largest [LargestMinGB=32, LargerMinGB=12, DefaultMinGB=8, SmallerMinGB=6, SmallestMinGB=0)
[2020.08.18-00.48.21:721][  0]LogInit: Going up to parent DeviceProfile []
[2020.08.18-00.48.21:721][  0]LogConfig: Applying CVar settings from Section [ViewDistanceQuality@3] File [C:/Users/s181813/Documents/GitHub/GhoulsAndGoblins/GhoulsAndGoodies/Saved/Config/Windows/Scalability.ini]
[2020.08.18-00.48.21:721][  0]LogConfig: Setting CVar [[r.SkeletalMeshLODBias:0]]
[2020.08.18-00.48.21:721][  0]LogConfig: Setting CVar [[r.ViewDistanceScale:1.0]]
[2020.08.18-00.48.21:721][  0]LogConfig: Applying CVar settings from Section [AntiAliasingQuality@3] File [C:/Users/s181813/Documents/GitHub/GhoulsAndGoblins/GhoulsAndGoodies/Saved/Config/Windows/Scalability.ini]
[2020.08.18-00.48.21:721][  0]LogConfig: Setting CVar [[r.PostProcessAAQuality:4]]
[2020.08.18-00.48.21:721][  0]LogConfig: Applying CVar settings from Section [ShadowQuality@3] File [C:/Users/s181813/Documents/GitHub/GhoulsAndGoblins/GhoulsAndGoodies/Saved/Config/Windows/Scalability.ini]
[2020.08.18-00.48.21:721][  0]LogConfig: Setting CVar [[r.LightFunctionQuality:1]]
[2020.08.18-00.48.21:721][  0]LogConfig: Setting CVar [[r.ShadowQuality:5]]
[2020.08.18-00.48.21:722][  0]LogConfig: Setting CVar [[r.Shadow.CSM.MaxCascades:10]]
[2020.08.18-00.48.21:722][  0]LogConfig: Setting CVar [[r.Shadow.MaxResolution:2048]]
[2020.08.18-00.48.21:722][  0]LogConfig: Setting CVar [[r.Shadow.MaxCSMResolution:2048]]
[2020.08.18-00.48.21:722][  0]LogConfig: Setting CVar [[r.Shadow.RadiusThreshold:0.01]]
[2020.08.18-00.48.21:722][  0]LogConfig: Setting CVar [[r.Shadow.DistanceScale:1.0]]
[2020.08.18-00.48.21:722][  0]LogConfig: Setting CVar [[r.Shadow.CSM.TransitionScale:1.0]]
[2020.08.18-00.48.21:722][  0]LogConfig: Setting CVar [[r.Shadow.PreShadowResolutionFactor:1.0]]
[2020.08.18-00.48.21:722][  0]LogConfig: Setting CVar [[r.DistanceFieldShadowing:1]]
[2020.08.18-00.48.21:722][  0]LogConfig: Setting CVar [[r.DistanceFieldAO:1]]
[2020.08.18-00.48.21:722][  0]LogConfig: Setting CVar [[r.AOQuality:2]]
[2020.08.18-00.48.21:722][  0]LogConfig: Setting CVar [[r.VolumetricFog:1]]
[2020.08.18-00.48.21:722][  0]LogConfig: Setting CVar [[r.VolumetricFog.GridPixelSize:8]]
[2020.08.18-00.48.21:722][  0]LogConfig: Setting CVar [[r.VolumetricFog.GridSizeZ:128]]
[2020.08.18-00.48.21:722][  0]LogConfig: Setting CVar [[r.VolumetricFog.HistoryMissSupersampleCount:4]]
[2020.08.18-00.48.21:722][  0]LogConfig: Setting CVar [[r.LightMaxDrawDistanceScale:1]]
[2020.08.18-00.48.21:722][  0]LogConfig: Setting CVar [[r.CapsuleShadows:1]]
[2020.08.18-00.48.21:723][  0]LogConfig: Applying CVar settings from Section [PostProcessQuality@3] File [C:/Users/s181813/Documents/GitHub/GhoulsAndGoblins/GhoulsAndGoodies/Saved/Config/Windows/Scalability.ini]
[2020.08.18-00.48.21:723][  0]LogConfig: Setting CVar [[r.MotionBlurQuality:4]]
[2020.08.18-00.48.21:723][  0]LogConfig: Setting CVar [[r.AmbientOcclusionMipLevelFactor:0.4]]
[2020.08.18-00.48.21:723][  0]LogConfig: Setting CVar [[r.AmbientOcclusionMaxQuality:100]]
[2020.08.18-00.48.21:723][  0]LogConfig: Setting CVar [[r.AmbientOcclusionLevels:-1]]
[2020.08.18-00.48.21:723][  0]LogConfig: Setting CVar [[r.AmbientOcclusionRadiusScale:1.0]]
[2020.08.18-00.48.21:723][  0]LogConfig: Setting CVar [[r.DepthOfFieldQuality:2]]
[2020.08.18-00.48.21:723][  0]LogConfig: Setting CVar [[r.RenderTargetPoolMin:400]]
[2020.08.18-00.48.21:723][  0]LogConfig: Setting CVar [[r.LensFlareQuality:2]]
[2020.08.18-00.48.21:723][  0]LogConfig: Setting CVar [[r.SceneColorFringeQuality:1]]
[2020.08.18-00.48.21:723][  0]LogConfig: Setting CVar [[r.EyeAdaptationQuality:2]]
[2020.08.18-00.48.21:723][  0]LogConfig: Setting CVar [[r.BloomQuality:5]]
[2020.08.18-00.48.21:723][  0]LogConfig: Setting CVar [[r.FastBlurThreshold:100]]
[2020.08.18-00.48.21:723][  0]LogConfig: Setting CVar [[r.Upscale.Quality:3]]
[2020.08.18-00.48.21:723][  0]LogConfig: Setting CVar [[r.Tonemapper.GrainQuantization:1]]
[2020.08.18-00.48.21:724][  0]LogConfig: Setting CVar [[r.LightShaftQuality:1]]
[2020.08.18-00.48.21:724][  0]LogConfig: Setting CVar [[r.Filter.SizeScale:1]]
[2020.08.18-00.48.21:724][  0]LogConfig: Setting CVar [[r.Tonemapper.Quality:5]]
[2020.08.18-00.48.21:724][  0]LogConfig: Setting CVar [[r.DOF.Gather.AccumulatorQuality:1        ; higher gathering accumulator quality]]
[2020.08.18-00.48.21:724][  0]LogConfig: Setting CVar [[r.DOF.Gather.PostfilterMethod:1          ; Median3x3 postfilering method]]
[2020.08.18-00.48.21:724][  0]LogConfig: Setting CVar [[r.DOF.Gather.EnableBokehSettings:0       ; no bokeh simulation when gathering]]
[2020.08.18-00.48.21:724][  0]LogConfig: Setting CVar [[r.DOF.Gather.RingCount:4                 ; medium number of samples when gathering]]
[2020.08.18-00.48.21:724][  0]LogConfig: Setting CVar [[r.DOF.Scatter.ForegroundCompositing:1    ; additive foreground scattering]]
[2020.08.18-00.48.21:724][  0]LogConfig: Setting CVar [[r.DOF.Scatter.BackgroundCompositing:2    ; additive background scattering]]
[2020.08.18-00.48.21:724][  0]LogConfig: Setting CVar [[r.DOF.Scatter.EnableBokehSettings:1      ; bokeh simulation when scattering]]
[2020.08.18-00.48.21:724][  0]LogConfig: Setting CVar [[r.DOF.Scatter.MaxSpriteRatio:0.1         ; only a maximum of 10% of scattered bokeh]]
[2020.08.18-00.48.21:724][  0]LogConfig: Setting CVar [[r.DOF.Recombine.Quality:1                ; cheap slight out of focus]]
[2020.08.18-00.48.21:724][  0]LogConfig: Setting CVar [[r.DOF.Recombine.EnableBokehSettings:0    ; no bokeh simulation on slight out of focus]]
[2020.08.18-00.48.21:724][  0]LogConfig: Setting CVar [[r.DOF.TemporalAAQuality:1                ; more stable temporal accumulation]]
[2020.08.18-00.48.21:724][  0]LogConfig: Setting CVar [[r.DOF.Kernel.MaxForegroundRadius:0.025]]
[2020.08.18-00.48.21:725][  0]LogConfig: Setting CVar [[r.DOF.Kernel.MaxBackgroundRadius:0.025]]
[2020.08.18-00.48.21:725][  0]LogConfig: Applying CVar settings from Section [TextureQuality@3] File [C:/Users/s181813/Documents/GitHub/GhoulsAndGoblins/GhoulsAndGoodies/Saved/Config/Windows/Scalability.ini]
[2020.08.18-00.48.21:725][  0]LogConfig: Setting CVar [[r.Streaming.MipBias:0]]
[2020.08.18-00.48.21:725][  0]LogConfig: Setting CVar [[r.Streaming.AmortizeCPUToGPUCopy:0]]
[2020.08.18-00.48.21:725][  0]LogConfig: Setting CVar [[r.Streaming.MaxNumTexturesToStreamPerFrame:0]]
[2020.08.18-00.48.21:725][  0]LogConfig: Setting CVar [[r.Streaming.Boost:1]]
[2020.08.18-00.48.21:725][  0]LogConfig: Setting CVar [[r.MaxAnisotropy:8]]
[2020.08.18-00.48.21:725][  0]LogConfig: Setting CVar [[r.Streaming.LimitPoolSizeToVRAM:0]]
[2020.08.18-00.48.21:725][  0]LogConfig: Setting CVar [[r.Streaming.PoolSize:1000]]
[2020.08.18-00.48.21:725][  0]LogConfig: Setting CVar [[r.Streaming.MaxEffectiveScreenSize:0]]
[2020.08.18-00.48.21:725][  0]LogConfig: Applying CVar settings from Section [EffectsQuality@3] File [C:/Users/s181813/Documents/GitHub/GhoulsAndGoblins/GhoulsAndGoodies/Saved/Config/Windows/Scalability.ini]
[2020.08.18-00.48.21:725][  0]LogConfig: Setting CVar [[r.TranslucencyLightingVolumeDim:64]]
[2020.08.18-00.48.21:725][  0]LogConfig: Setting CVar [[r.RefractionQuality:2]]
[2020.08.18-00.48.21:725][  0]LogConfig: Setting CVar [[r.SSR.Quality:3]]
[2020.08.18-00.48.21:725][  0]LogConfig: Setting CVar [[r.SceneColorFormat:4]]
[2020.08.18-00.48.21:726][  0]LogConfig: Setting CVar [[r.DetailMode:2]]
[2020.08.18-00.48.21:726][  0]LogConfig: Setting CVar [[r.TranslucencyVolumeBlur:1]]
[2020.08.18-00.48.21:726][  0]LogConfig: Setting CVar [[r.MaterialQualityLevel:1 ; High quality]]
[2020.08.18-00.48.21:726][  0]LogConfig: Setting CVar [[r.SSS.Scale:1]]
[2020.08.18-00.48.21:726][  0]LogConfig: Setting CVar [[r.SSS.SampleSet:2]]
[2020.08.18-00.48.21:726][  0]LogConfig: Setting CVar [[r.SSS.Quality:1]]
[2020.08.18-00.48.21:726][  0]LogConfig: Setting CVar [[r.SSS.HalfRes:1]]
[2020.08.18-00.48.21:726][  0]LogConfig: Setting CVar [[r.EmitterSpawnRateScale:1.0]]
[2020.08.18-00.48.21:726][  0]LogConfig: Setting CVar [[r.ParticleLightQuality:2]]
[2020.08.18-00.48.21:726][  0]LogConfig: Applying CVar settings from Section [FoliageQuality@3] File [C:/Users/s181813/Documents/GitHub/GhoulsAndGoblins/GhoulsAndGoodies/Saved/Config/Windows/Scalability.ini]
[2020.08.18-00.48.21:726][  0]LogConfig: Setting CVar [[foliage.DensityScale:1.0]]
[2020.08.18-00.48.21:726][  0]LogConfig: Setting CVar [[grass.DensityScale:1.0]]
[2020.08.18-00.48.21:726][  0]LogConfig: Applying CVar settings from Section [Startup] File [../../../Engine/Config/ConsoleVariables.ini]
[2020.08.18-00.48.21:727][  0]LogConfig: Setting CVar [[net.UseAdaptiveNetUpdateFrequency:0]]
[2020.08.18-00.48.21:727][  0]LogConfig: Setting CVar [[p.chaos.AllowCreatePhysxBodies:1]]
[2020.08.18-00.48.21:727][  0]LogConfig: Applying CVar settings from Section [ConsoleVariables] File [C:/Users/s181813/Documents/GitHub/GhoulsAndGoblins/GhoulsAndGoodies/Saved/Config/Windows/Engine.ini]
[2020.08.18-00.48.21:727][  0]LogInit: Computer: SYD-19EF44
[2020.08.18-00.48.21:727][  0]LogInit: User: s181813
[2020.08.18-00.48.21:727][  0]LogInit: CPU Page size=4096, Cores=4
[2020.08.18-00.48.21:727][  0]LogInit: High frequency timer resolution =10.000000 MHz
[2020.08.18-00.48.21:727][  0]LogMemory: Memory total: Physical=31.9GB (32GB approx)
[2020.08.18-00.48.21:727][  0]LogMemory: Platform Memory Stats for Windows
[2020.08.18-00.48.21:728][  0]LogMemory: Process Physical Memory: 101.73 MB used, 101.73 MB peak
[2020.08.18-00.48.21:728][  0]LogMemory: Process Virtual Memory: 100.79 MB used, 100.79 MB peak
[2020.08.18-00.48.21:728][  0]LogMemory: Physical Memory: 13355.55 MB used,  19299.57 MB free, 32655.12 MB total
[2020.08.18-00.48.21:728][  0]LogMemory: Virtual Memory: 4668.43 MB used,  134213056.00 MB free, 134217728.00 MB total
[2020.08.18-00.48.21:738][  0]LogWindows: WindowsPlatformFeatures enabled
[2020.08.18-00.48.21:914][  0]LogInit: Using OS detected language (en-US).
[2020.08.18-00.48.21:914][  0]LogInit: Using OS detected locale (en-AU).
[2020.08.18-00.48.21:915][  0]LogTextLocalizationManager: No specific localization for 'en-US' exists, so the 'en' localization will be used.
[2020.08.18-00.48.22:101][  0]LogInit: Setting process to per monitor DPI aware
[2020.08.18-00.48.22:167][  0]LogSlate: New Slate User Created.  User Index 0, Is Virtual User: 0
[2020.08.18-00.48.22:167][  0]LogSlate: Slate User Registered.  User Index 0, Is Virtual User: 0
[2020.08.18-00.48.22:335][  0]LogHMD: Failed to initialize OpenVR with code 110
[2020.08.18-00.48.22:335][  0]LogD3D11RHI: D3D11 adapters:
[2020.08.18-00.48.22:414][  0]LogD3D11RHI:    0. 'NVIDIA GeForce GTX 770' (Feature Level 11_0)
[2020.08.18-00.48.22:414][  0]LogD3D11RHI:       2007/0/16327 MB DedicatedVideo/DedicatedSystem/SharedSystem, Outputs:2, VendorId:0x10de
[2020.08.18-00.48.22:433][  0]LogD3D11RHI:    1. 'Intel(R) HD Graphics 4600' (Feature Level 11_0)
[2020.08.18-00.48.22:433][  0]LogD3D11RHI:       112/0/2048 MB DedicatedVideo/DedicatedSystem/SharedSystem, Outputs:0, VendorId:0x8086
[2020.08.18-00.48.22:439][  0]LogD3D11RHI:    2. 'Microsoft Basic Render Driver' (Feature Level 11_0)
[2020.08.18-00.48.22:439][  0]LogD3D11RHI:       0/0/16327 MB DedicatedVideo/DedicatedSystem/SharedSystem, Outputs:0, VendorId:0x1414
[2020.08.18-00.48.22:439][  0]LogD3D11RHI: Chosen D3D11 Adapter: 0
[2020.08.18-00.48.22:447][  0]LogD3D11RHI: Creating new Direct3DDevice
[2020.08.18-00.48.22:447][  0]LogD3D11RHI:     GPU DeviceId: 0x1184 (for the marketing name, search the web for "GPU Device Id")
[2020.08.18-00.48.22:448][  0]LogWindows: EnumDisplayDevices:
[2020.08.18-00.48.22:448][  0]LogWindows:    0. 'NVIDIA GeForce GTX 770' (P:1 D:1)
[2020.08.18-00.48.22:448][  0]LogWindows:    1. 'NVIDIA GeForce GTX 770' (P:0 D:1)
[2020.08.18-00.48.22:449][  0]LogWindows:    2. 'NVIDIA GeForce GTX 770' (P:0 D:0)
[2020.08.18-00.48.22:449][  0]LogWindows:    3. 'NVIDIA GeForce GTX 770' (P:0 D:0)
[2020.08.18-00.48.22:450][  0]LogWindows:    4. 'Intel(R) HD Graphics 4600' (P:0 D:0)
[2020.08.18-00.48.22:450][  0]LogWindows:    5. 'Intel(R) HD Graphics 4600' (P:0 D:0)
[2020.08.18-00.48.22:451][  0]LogWindows:    6. 'Intel(R) HD Graphics 4600' (P:0 D:0)
[2020.08.18-00.48.22:451][  0]LogWindows: DebugString: PrimaryIsNotTheChoosenAdapter PrimaryIsNotTheChoosenAdapter PrimaryIsNotTheChoosenAdapter FoundDriverCount:4 
[2020.08.18-00.48.22:451][  0]LogD3D11RHI:     Adapter Name: NVIDIA GeForce GTX 770
[2020.08.18-00.48.22:451][  0]LogD3D11RHI:   Driver Version: 432.00 (internal:26.21.14.3200, unified:432.00)
[2020.08.18-00.48.22:451][  0]LogD3D11RHI:      Driver Date: 7-24-2019
[2020.08.18-00.48.22:451][  0]LogRHI: Texture pool is 1404 MB (70% of 2007 MB)
[2020.08.18-00.48.22:498][  0]LogD3D11RHI: Async texture creation enabled
[2020.08.18-00.48.22:512][  0]LogD3D11RHI: GPU Timing Frequency: 1000.000000 (Debug: 2 1)
[2020.08.18-00.48.22:787][  0]LogTemp: Display: Module 'AllDesktopTargetPlatform' loaded TargetPlatform 'AllDesktop'
[2020.08.18-00.48.22:798][  0]LogTemp: Display: Module 'MacClientTargetPlatform' loaded TargetPlatform 'MacClient'
[2020.08.18-00.48.22:818][  0]LogTemp: Display: Module 'MacNoEditorTargetPlatform' loaded TargetPlatform 'MacNoEditor'
[2020.08.18-00.48.22:834][  0]LogTemp: Display: Module 'MacServerTargetPlatform' loaded TargetPlatform 'MacServer'
[2020.08.18-00.48.22:845][  0]LogTemp: Display: Module 'MacTargetPlatform' loaded TargetPlatform 'Mac'
[2020.08.18-00.48.22:858][  0]LogTemp: Display: Module 'WindowsClientTargetPlatform' loaded TargetPlatform 'WindowsClient'
[2020.08.18-00.48.22:869][  0]LogTemp: Display: Module 'WindowsNoEditorTargetPlatform' loaded TargetPlatform 'WindowsNoEditor'
[2020.08.18-00.48.22:879][  0]LogTemp: Display: Module 'WindowsServerTargetPlatform' loaded TargetPlatform 'WindowsServer'
[2020.08.18-00.48.22:885][  0]LogTemp: Display: Module 'WindowsTargetPlatform' loaded TargetPlatform 'Windows'
[2020.08.18-00.48.22:918][  0]LogTemp: Display: Module 'AndroidTargetPlatform' loaded TargetPlatform 'Android'
[2020.08.18-00.48.22:918][  0]LogTemp: Display: Module 'AndroidTargetPlatform' loaded TargetPlatform 'Android_ASTC'
[2020.08.18-00.48.22:918][  0]LogTemp: Display: Module 'AndroidTargetPlatform' loaded TargetPlatform 'Android_ATC'
[2020.08.18-00.48.22:919][  0]LogTemp: Display: Module 'AndroidTargetPlatform' loaded TargetPlatform 'Android_DXT'
[2020.08.18-00.48.22:919][  0]LogTemp: Display: Module 'AndroidTargetPlatform' loaded TargetPlatform 'Android_ETC1'
[2020.08.18-00.48.22:919][  0]LogTemp: Display: Module 'AndroidTargetPlatform' loaded TargetPlatform 'Android_ETC1a'
[2020.08.18-00.48.22:919][  0]LogTemp: Display: Module 'AndroidTargetPlatform' loaded TargetPlatform 'Android_ETC2'
[2020.08.18-00.48.22:919][  0]LogTemp: Display: Module 'AndroidTargetPlatform' loaded TargetPlatform 'Android_PVRTC'
[2020.08.18-00.48.22:919][  0]LogTemp: Display: Module 'AndroidTargetPlatform' loaded TargetPlatform 'AndroidClient'
[2020.08.18-00.48.22:919][  0]LogTemp: Display: Module 'AndroidTargetPlatform' loaded TargetPlatform 'Android_ASTCClient'
[2020.08.18-00.48.22:919][  0]LogTemp: Display: Module 'AndroidTargetPlatform' loaded TargetPlatform 'Android_ATCClient'
[2020.08.18-00.48.22:919][  0]LogTemp: Display: Module 'AndroidTargetPlatform' loaded TargetPlatform 'Android_DXTClient'
[2020.08.18-00.48.22:919][  0]LogTemp: Display: Module 'AndroidTargetPlatform' loaded TargetPlatform 'Android_ETC1Client'
[2020.08.18-00.48.22:919][  0]LogTemp: Display: Module 'AndroidTargetPlatform' loaded TargetPlatform 'Android_ETC1aClient'
[2020.08.18-00.48.22:920][  0]LogTemp: Display: Module 'AndroidTargetPlatform' loaded TargetPlatform 'Android_ETC2Client'
[2020.08.18-00.48.22:920][  0]LogTemp: Display: Module 'AndroidTargetPlatform' loaded TargetPlatform 'Android_PVRTCClient'
[2020.08.18-00.48.22:920][  0]LogTemp: Display: Module 'AndroidTargetPlatform' loaded TargetPlatform 'Android_Multi'
[2020.08.18-00.48.22:920][  0]LogTemp: Display: Module 'AndroidTargetPlatform' loaded TargetPlatform 'Android_MultiClient'
[2020.08.18-00.48.22:923][  0]LogTemp: Display: Module 'HTML5TargetPlatform' loaded TargetPlatform 'HTML5'
[2020.08.18-00.48.22:948][  0]LogTemp: Display: Module 'IOSTargetPlatform' loaded TargetPlatform 'IOSClient'
[2020.08.18-00.48.22:948][  0]LogTemp: Display: Module 'IOSTargetPlatform' loaded TargetPlatform 'IOS'
[2020.08.18-00.48.22:963][  0]LogTemp: Display: Module 'TVOSTargetPlatform' loaded TargetPlatform 'TVOSClient'
[2020.08.18-00.48.22:963][  0]LogTemp: Display: Module 'TVOSTargetPlatform' loaded TargetPlatform 'TVOS'
[2020.08.18-00.48.22:972][  0]LogTemp: Display: Module 'LinuxClientTargetPlatform' loaded TargetPlatform 'LinuxClient'
[2020.08.18-00.48.22:981][  0]LogTemp: Display: Module 'LinuxNoEditorTargetPlatform' loaded TargetPlatform 'LinuxNoEditor'
[2020.08.18-00.48.22:990][  0]LogTemp: Display: Module 'LinuxServerTargetPlatform' loaded TargetPlatform 'LinuxServer'
[2020.08.18-00.48.23:001][  0]LogTemp: Display: Module 'LinuxTargetPlatform' loaded TargetPlatform 'Linux'
[2020.08.18-00.48.23:027][  0]LogTemp: Display: Module 'LuminTargetPlatform' loaded TargetPlatform 'Lumin'
[2020.08.18-00.48.23:027][  0]LogTemp: Display: Module 'LuminTargetPlatform' loaded TargetPlatform 'LuminClient'
[2020.08.18-00.48.23:028][  0]LogTargetPlatformManager: Display: Building Assets For Windows
[2020.08.18-00.48.23:046][  0]LogAudioDebug: Display: Lib vorbis DLL was dynamically loaded.
[2020.08.18-00.48.23:133][  0]LogShaderCompilers: Guid format shader working directory is -35 characters bigger than the processId version (../../../../../../Users/s181813/Documents/GitHub/GhoulsAndGoblins/GhoulsAndGoodies/Intermediate/Shaders/WorkingDirectory/15488/).
[2020.08.18-00.48.23:133][  0]LogShaderCompilers: Cleaned the shader compiler working directory 'C:/Users/s181813/AppData/Local/Temp/UnrealShaderWorkingDir/0639629741937E3ED5F9E2871CFA7BDC/'.
[2020.08.18-00.48.23:135][  0]LogXGEController: Cannot use XGE Controller as Incredibuild is not installed on this machine.
[2020.08.18-00.48.23:136][  0]LogShaderCompilers: Cannot use XGE Shader Compiler as Incredibuild is not installed on this machine.
[2020.08.18-00.48.23:136][  0]LogShaderCompilers: Display: Using Local Shader Compiler.
[2020.08.18-00.48.23:752][  0]LogDerivedDataCache: Display: Max Cache Size: 512 MB
[2020.08.18-00.48.23:809][  0]LogDerivedDataCache: Loaded boot cache 0.06s 77MB C:/Users/s181813/AppData/Local/UnrealEngine/4.23/DerivedDataCache/Boot.ddc.
[2020.08.18-00.48.23:810][  0]LogDerivedDataCache: Display: Loaded Boot cache: C:/Users/s181813/AppData/Local/UnrealEngine/4.23/DerivedDataCache/Boot.ddc
[2020.08.18-00.48.23:810][  0]LogDerivedDataCache: FDerivedDataBackendGraph:  Pak pak cache file ../../../../../../Users/s181813/Documents/GitHub/GhoulsAndGoblins/GhoulsAndGoodies/DerivedDataCache/DDC.ddp not found, will not use a pak cache.
[2020.08.18-00.48.23:811][  0]LogDerivedDataCache: Unable to find inner node Pak for hierarchical cache Hierarchy.
[2020.08.18-00.48.23:811][  0]LogDerivedDataCache: FDerivedDataBackendGraph:  CompressedPak pak cache file ../../../../../../Users/s181813/Documents/GitHub/GhoulsAndGoblins/GhoulsAndGoodies/DerivedDataCache/Compressed.ddp not found, will not use a pak cache.
[2020.08.18-00.48.23:811][  0]LogDerivedDataCache: Unable to find inner node CompressedPak for hierarchical cache Hierarchy.
[2020.08.18-00.48.23:822][  0]LogDerivedDataCache: Display: Pak cache opened for reading ../../../Engine/DerivedDataCache/Compressed.ddp.
[2020.08.18-00.48.23:823][  0]LogDerivedDataCache: FDerivedDataBackendGraph:  EnterprisePak pak cache file ../../../Enterprise/DerivedDataCache/Compressed.ddp not found, will not use a pak cache.
[2020.08.18-00.48.23:823][  0]LogDerivedDataCache: Unable to find inner node EnterprisePak for hierarchical cache Hierarchy.
[2020.08.18-00.48.23:825][  0]LogDerivedDataCache: Using Local data cache path C:/Users/s181813/AppData/Local/UnrealEngine/Common/DerivedDataCache: Writable
[2020.08.18-00.48.23:826][  0]LogDerivedDataCache: Shared data cache path not found in *engine.ini, will not use an Shared cache.
[2020.08.18-00.48.23:826][  0]LogDerivedDataCache: Unable to find inner node Shared for hierarchical cache Hierarchy.
[2020.08.18-00.48.23:848][  0]LogMaterial: Verifying Global Shaders for PCD3D_SM5
[2020.08.18-00.48.23:850][  0]LogSlate: Using FreeType 2.6.0
[2020.08.18-00.48.23:851][  0]LogSlate: SlateFontServices - WITH_FREETYPE: 1, WITH_HARFBUZZ: 1
[2020.08.18-00.48.23:918][  0]LogAssetRegistry: FAssetRegistry took 0.0054 seconds to start up
[2020.08.18-00.48.24:187][  0]LogInit: Selected Device Profile: [Windows]
[2020.08.18-00.48.24:350][  0]LogMeshReduction: Using QuadricMeshReduction for automatic static mesh reduction
[2020.08.18-00.48.24:351][  0]LogMeshReduction: Using SimplygonMeshReduction for automatic skeletal mesh reduction
[2020.08.18-00.48.24:351][  0]LogMeshReduction: Using ProxyLODMeshReduction for automatic mesh merging
[2020.08.18-00.48.24:351][  0]LogMeshReduction: No distributed automatic mesh merging module available
[2020.08.18-00.48.24:351][  0]LogMeshMerging: No distributed automatic mesh merging module available
[2020.08.18-00.48.24:361][  0]LogNetVersion: GhoulsAndGoodies 1.0.0, NetCL: 8386587, EngineNetVer: 11, GameNetVer: 0 (Checksum: 1842056771)
[2020.08.18-00.48.24:540][  0]LogClass: Warning: In asset 'None', there is an enum property of type 'EDepthOfFieldMethod' with an invalid value of '('
[2020.08.18-00.48.24:773][  0]LogPackageLocalizationCache: Processed 12 localized package path(s) for 1 prioritized culture(s) in 0.052941 seconds
[2020.08.18-00.48.24:780][  0]LogUObjectArray: 43444 objects as part of root set at end of initial load.
[2020.08.18-00.48.24:780][  0]LogUObjectAllocator: 7548648 out of 0 bytes used by permanent object pool.
[2020.08.18-00.48.24:781][  0]LogUObjectArray: CloseDisregardForGC: 0/0 objects in disregard for GC pool
[2020.08.18-00.48.25:733][  0]LogTcpMessaging: Initializing TcpMessaging bridge
[2020.08.18-00.48.25:738][  0]LogUdpMessaging: Initializing bridge on interface 0.0.0.0:0 to multicast group 230.0.0.1:6666.
[2020.08.18-00.48.26:049][  0]SourceControl: Source control is disabled
[2020.08.18-00.48.26:049][  0]SourceControl: Source control is disabled
[2020.08.18-00.48.26:052][  0]SourceControl: Source control is disabled
[2020.08.18-00.48.26:055][  0]SourceControl: Source control is disabled
[2020.08.18-00.48.26:203][  0]LogAndroidPermission: UAndroidPermissionCallbackProxy::GetInstance
[2020.08.18-00.48.26:383][  0]LogOcInput: OculusInput pre-init called
[2020.08.18-00.48.26:393][  0]LogWindows: Failed to load 'OVRPlugin.dll' (GetLastError=126)
[2020.08.18-00.48.26:393][  0]LogWindows: File 'OVRPlugin.dll' does not exist
[2020.08.18-00.48.26:479][  0]LogEngine: Initializing Engine...
[2020.08.18-00.48.26:480][  0]LogHMD: Failed to initialize OpenVR with code 110
[2020.08.18-00.48.26:481][  0]LogStats: UGameplayTagsManager::InitializeManager -  0.000 s
[2020.08.18-00.48.26:725][  0]LogInit: Initializing FReadOnlyCVARCache
[2020.08.18-00.48.26:743][  0]LogAIModule: Creating AISystem for world Untitled
[2020.08.18-00.48.26:758][  0]LogInit: XAudio2 using 'Speakers (Realtek High Definition Audio)' : 2 channels at 48 kHz using 32 bits per sample (channel mask 0x3)
[2020.08.18-00.48.26:789][  0]LogInit: FAudioDevice initialized.
[2020.08.18-00.48.26:790][  0]LogNetVersion: Set ProjectVersion to 1.0.0.0. Version Checksum will be recalculated on next use.
[2020.08.18-00.48.26:888][  0]LogDerivedDataCache: Saved boot cache 0.10s 77MB C:/Users/s181813/AppData/Local/UnrealEngine/4.23/DerivedDataCache/Boot.ddc.
[2020.08.18-00.48.26:894][  0]LogInit: Texture streaming: Enabled
[2020.08.18-00.48.26:921][  0]LogEngineSessionManager: EngineSessionManager initialized
[2020.08.18-00.48.26:921][  0]LogEngineSessionManager: EngineSessionManager sent abnormal shutdown report. Type=Debugger, SessionId={4CCCD5C9-4CD0-F704-0DA1-42AF623B03C3}
[2020.08.18-00.48.26:921][  0]LogEditorSessionSummary: Verbose: Initializing EditorSessionSummaryWriter for editor session tracking
[2020.08.18-00.48.26:923][  0]LogEditorSessionSummary: EditorSessionSummaryWriter initialized
[2020.08.18-00.48.26:986][  0]LogInit: Transaction tracking system initialized
[2020.08.18-00.48.27:029][  0]BlueprintLog: New page: Editor Load
[2020.08.18-00.48.27:133][  0]LocalizationService: Localization service is disabled
[2020.08.18-00.48.27:390][  0]LogFileCache: Scanning file cache for directory 'C:/Users/s181813/Documents/GitHub/GhoulsAndGoblins/GhoulsAndGoodies/Content/' took 0.01s
[2020.08.18-00.48.27:390][  0]LogCook: Display: Max memory allowance for cook 16384mb min free memory 0mb
[2020.08.18-00.48.27:390][  0]LogCook: Display: Mobile HDR setting 1
[2020.08.18-00.48.27:639][  0]SourceControl: Source control is disabled
[2020.08.18-00.48.27:640][  0]Cmd: MAP LOAD FILE="../../../../../../Users/s181813/Documents/GitHub/GhoulsAndGoblins/GhoulsAndGoodies/Content/TopDownCPP/Maps/TopDownExampleMap.umap" TEMPLATE=0 SHOWPROGRESS=1 FEATURELEVEL=3
[2020.08.18-00.48.27:640][  0]LightingResults: New page: Lighting Build
[2020.08.18-00.48.27:643][  0]LogWorld: UWorld::CleanupWorld for Untitled, bSessionEnded=true, bCleanupResources=true
[2020.08.18-00.48.27:643][  0]MapCheck: New page: Map Check
[2020.08.18-00.48.27:643][  0]LightingResults: New page: Lighting Build
[2020.08.18-00.48.27:671][  0]LogUObjectHash: Compacting FUObjectHashTables data took   3.63ms
[2020.08.18-00.48.27:739][  0]LogAIModule: Creating AISystem for world TopDownExampleMap
[2020.08.18-00.48.27:745][  0]LogEditorServer: Finished looking for orphan Actors (0.000 secs)
[2020.08.18-00.48.27:776][  0]LogUObjectHash: Compacting FUObjectHashTables data took   2.43ms
[2020.08.18-00.48.27:777][  0]Cmd: MAP CHECKDEP NOCLEARLOG
[2020.08.18-00.48.27:777][  0]MapCheck: Map check complete: 0 Error(s), 0 Warning(s), took 0.227ms to complete.
[2020.08.18-00.48.27:777][  0]LogFileHelpers: Loading map 'TopDownExampleMap' took 0.137
[2020.08.18-00.48.28:884][  0]LogSlate: Only BGRA pngs, bmps or icos are supported in by External Image Picker
[2020.08.18-00.48.28:929][  0]LogSlate: Updating window title bar state: overlay mode, drag disabled, window buttons hidden, title bar hidden
[2020.08.18-00.48.28:937][  0]LogSlate: Updating window title bar state: overlay mode, drag disabled, window buttons hidden, title bar hidden
[2020.08.18-00.48.28:944][  0]LogSlate: Updating window title bar state: overlay mode, drag disabled, window buttons hidden, title bar hidden
[2020.08.18-00.48.28:955][  0]LogSlate: Updating window title bar state: overlay mode, drag disabled, window buttons hidden, title bar hidden
[2020.08.18-00.48.28:964][  0]LogCollectionManager: Loaded 0 collections in 0.002442 seconds
[2020.08.18-00.48.28:977][  0]LogFileCache: Scanning file cache for directory 'C:/Users/s181813/Documents/GitHub/GhoulsAndGoblins/GhoulsAndGoodies/Saved/Collections/' took 0.00s
[2020.08.18-00.48.28:977][  0]LogFileCache: Scanning file cache for directory 'C:/Users/s181813/Documents/GitHub/GhoulsAndGoblins/GhoulsAndGoodies/Content/Developers/s181813/Collections/' took 0.00s
[2020.08.18-00.48.28:977][  0]LogFileCache: Scanning file cache for directory 'C:/Users/s181813/Documents/GitHub/GhoulsAndGoblins/GhoulsAndGoodies/Content/Collections/' took 0.00s
[2020.08.18-00.48.28:977][  0]LogCollectionManager: Rebuilt the GUID cache for 0 collections in 0.000002 seconds
[2020.08.18-00.48.28:987][  0]LogContentBrowser: Native class hierarchy populated in 0.0094 seconds. Added 2874 classes and 682 folders.
[2020.08.18-00.48.28:994][  0]LogContentBrowser: Native class hierarchy updated for 'WidgetCarousel' in 0.0003 seconds. Added 0 classes and 0 folders.
[2020.08.18-00.48.29:033][  0]LogContentBrowser: Native class hierarchy updated for 'AddContentDialog' in 0.0003 seconds. Added 0 classes and 0 folders.
[2020.08.18-00.48.29:041][  0]LogContentBrowser: Native class hierarchy updated for 'SceneOutliner' in 0.0006 seconds. Added 1 classes and 2 folders.
[2020.08.18-00.48.29:063][  0]LogSlate: Took 0.000207 seconds to synchronously load lazily loaded font '../../../Engine/Content/Slate/Fonts/Roboto-Regular.ttf' (155K)
[2020.08.18-00.48.29:066][  0]LogSlate: Took 0.000215 seconds to synchronously load lazily loaded font '../../../Engine/Content/Slate/Fonts/Roboto-Bold.ttf' (160K)
[2020.08.18-00.48.29:072][  0]LogSlate: Took 0.000212 seconds to synchronously load lazily loaded font '../../../Engine/Content/Editor/Slate/Fonts/FontAwesome.ttf' (139K)
[2020.08.18-00.48.29:162][  0]LogRenderer: Reallocating scene render targets to support 1056x532 Format 10 NumSamples 1 (Frame:1).
[2020.08.18-00.48.29:298][  0]LogContentBrowser: Native class hierarchy updated for 'HierarchicalLODOutliner' in 0.0004 seconds. Added 0 classes and 0 folders.
[2020.08.18-00.48.29:298][  0]LogLoad: (Engine Initialization) Total time: 8.93 seconds
[2020.08.18-00.48.29:299][  0]LogLoad: (Engine Initialization) Total Blueprint compile time: 0.00 seconds
[2020.08.18-00.48.29:425][  0]LogAssetRegistry: Asset discovery search completed in 5.5107 seconds
[2020.08.18-00.48.29:429][  0]LogCollectionManager: Rebuilt the object cache for 0 collections in 0.000004 seconds (found 0 objects)
[2020.08.18-00.48.29:429][  0]LogCollectionManager: Fixed up redirectors for 0 collections in 0.000289 seconds (updated 0 objects)
[2020.08.18-00.48.29:430][  0]LogContentStreaming: Texture pool size now 1000 MB
[2020.08.18-00.48.29:468][  0]LogSlate: Took 0.000161 seconds to synchronously load lazily loaded font '../../../Engine/Content/Slate/Fonts/Roboto-Light.ttf' (167K)
[2020.08.18-00.48.33:800][509]LogSlate: FSceneViewport::OnFocusLost() reason 0
[2020.08.18-00.48.37:911][942]LogEditor: Attempting to add actor of class 'DefendingUnit' to level at -1600.00,1130.00,540.00
[2020.08.18-00.48.38:178][971]LogEditor: Attempting to add actor of class 'DefendingUnit' to level at -1540.00,1130.00,600.00
[2020.08.18-00.48.40:392][224]LogSlate: Took 0.000225 seconds to synchronously load lazily loaded font '../../../Engine/Content/Slate/Fonts/Roboto-Italic.ttf' (157K)
[2020.08.18-00.48.41:284][328]LogSlate: FSceneViewport::OnFocusLost() reason 0
[2020.08.18-00.49.29:181][891]LogScript: Warning: Accessed None trying to read property CallFunc_TryGetPawnOwner_ReturnValue
	Esqueleto_C /Engine/Transient.World_4:PersistentLevel.SkeletalMeshActor_0.SkeletalMeshComponent0.Esqueleto_C_0
	Function /Game/TopDownCPP/Blueprints/Esqueleto.Esqueleto_C:ExecuteUbergraph_Esqueleto:0040
[2020.08.18-00.49.32:412][190]LogSlate: Took 0.000221 seconds to synchronously load lazily loaded font '../../../Engine/Content/Slate/Fonts/Roboto-Light.ttf' (167K)
[2020.08.18-00.49.32:425][190]LogAssetEditorManager: Opening Asset editor for WidgetBlueprint /Game/TopDownCPP/Blueprints/Widgets/LifeBar_WBP.LifeBar_WBP
[2020.08.18-00.49.32:711][190]LogContentBrowser: Native class hierarchy updated for 'BlueprintGraph' in 0.0006 seconds. Added 121 classes and 0 folders.
[2020.08.18-00.49.33:837][190]LogSlate: Took 0.000286 seconds to synchronously load lazily loaded font '../../../Engine/Content/Slate/Fonts/Roboto-BoldCondensed.ttf' (158K)
[2020.08.18-00.49.37:637][538]LogSlate: Window 'LifeBar_WBP' being destroyed
[2020.08.18-00.50.06:243][957]BlueprintLog: New page: Compile LifeBar_WBP
[2020.08.18-00.50.06:474][957]LogUObjectHash: Compacting FUObjectHashTables data took   5.32ms
[2020.08.18-00.50.06:876][992]LogSavePackage: Moving '../../../../../../Users/s181813/Documents/GitHub/GhoulsAndGoblins/GhoulsAndGoodies/Saved/LifeBar_WBP8DAE727644DA4C6E6BA14AA74D1A944F.tmp' to '../../../../../../Users/s181813/Documents/GitHub/GhoulsAndGoblins/GhoulsAndGoodies/Content/TopDownCPP/Blueprints/Widgets/LifeBar_WBP.uasset'
[2020.08.18-00.50.29:305][640]LogEditorSessionSummary: EditorSessionSummary sent report. Type=Crashed, SessionId={37E22DCE-44F6-1038-15B4-1685DE4C659B}
