Log file open, 08/10/20 13:50:15
LogWindows: Failed to load 'aqProf.dll' (GetLastError=126)
LogWindows: File 'aqProf.dll' does not exist
LogWindows: Failed to load 'VtuneApi.dll' (GetLastError=126)
LogWindows: File 'VtuneApi.dll' does not exist
LogWindows: Failed to load 'VtuneApi32e.dll' (GetLastError=126)
LogWindows: File 'VtuneApi32e.dll' does not exist
LogConsoleResponse: Display: Failed to find resolution value strings in scalability ini. Falling back to default.
LogInit: Display: Running engine for game: GhoulsAndGoodies
LogPlatformFile: Not using cached read wrapper
LogTaskGraph: Started task graph with 5 named threads and 23 total threads with 3 sets of task threads.
LogStats: Stats thread started at 0.081565
LogD3D11RHI: Loaded GFSDK_Aftermath_Lib.x64.dll
LogICUInternationalization: ICU TimeZone Detection - Raw Offset: +10:00, Platform Override: ''
LogPluginManager: Mounting plugin Paper2D
LogPluginManager: Mounting plugin AISupport
LogPluginManager: Mounting plugin LightPropagationVolume
LogPluginManager: Mounting plugin ActorLayerUtilities
LogPluginManager: Mounting plugin AnimationSharing
LogPluginManager: Mounting plugin CLionSourceCodeAccess
LogPluginManager: Mounting plugin CodeLiteSourceCodeAccess
LogPluginManager: Mounting plugin GitSourceControl
LogPluginManager: Mounting plugin KDevelopSourceCodeAccess
LogPluginManager: Mounting plugin NullSourceCodeAccess
LogPluginManager: Mounting plugin PerforceSourceControl
LogPluginManager: Mounting plugin SubversionSourceControl
LogPluginManager: Mounting plugin UObjectPlugin
LogPluginManager: Mounting plugin VisualStudioCodeSourceCodeAccess
LogPluginManager: Mounting plugin VisualStudioSourceCodeAccess
LogPluginManager: Mounting plugin XCodeSourceCodeAccess
LogPluginManager: Mounting plugin AssetManagerEditor
LogPluginManager: Mounting plugin CryptoKeys
LogPluginManager: Mounting plugin CurveEditorTools
LogPluginManager: Mounting plugin DataValidation
LogPluginManager: Mounting plugin FacialAnimation
LogPluginManager: Mounting plugin GameplayTagsEditor
LogPluginManager: Mounting plugin MacGraphicsSwitching
LogPluginManager: Mounting plugin MaterialAnalyzer
LogPluginManager: Mounting plugin MobileLauncherProfileWizard
LogPluginManager: Mounting plugin PluginBrowser
LogPluginManager: Mounting plugin SpeedTreeImporter
LogPluginManager: Mounting plugin DatasmithContent
LogPluginManager: Mounting plugin VariantManagerContent
LogPluginManager: Mounting plugin AlembicImporter
LogPluginManager: Mounting plugin AutomationUtils
LogPluginManager: Mounting plugin BackChannel
LogPluginManager: Mounting plugin CharacterAI
LogPluginManager: Mounting plugin GeometryCache
LogPluginManager: Mounting plugin HTML5Networking
LogPluginManager: Mounting plugin PlatformCrypto
LogPluginManager: Mounting plugin ProxyLODPlugin
LogPluginManager: Mounting plugin SkeletalReduction
LogPluginManager: Mounting plugin MagicLeap
LogPluginManager: Mounting plugin MagicLeapMedia
LogPluginManager: Mounting plugin AndroidMedia
LogPluginManager: Mounting plugin AvfMedia
LogPluginManager: Mounting plugin ImgMedia
LogPluginManager: Mounting plugin MediaCompositing
LogPluginManager: Mounting plugin MediaPlayerEditor
LogPluginManager: Mounting plugin WebMMedia
LogPluginManager: Mounting plugin WmfMedia
LogPluginManager: Mounting plugin TcpMessaging
LogPluginManager: Mounting plugin UdpMessaging
LogPluginManager: Mounting plugin ActorSequence
LogPluginManager: Mounting plugin LevelSequenceEditor
LogPluginManager: Mounting plugin MatineeToLevelSequence
LogPluginManager: Mounting plugin NetcodeUnitTest
LogPluginManager: Mounting plugin NUTUnrealEngine4
LogPluginManager: Mounting plugin OnlineSubsystemGooglePlay
LogPluginManager: Mounting plugin OnlineSubsystemIOS
LogPluginManager: Mounting plugin OnlineSubsystem
LogPluginManager: Mounting plugin OnlineSubsystemNull
LogPluginManager: Mounting plugin OnlineSubsystemUtils
LogPluginManager: Mounting plugin LauncherChunkInstaller
LogPluginManager: Mounting plugin AndroidDeviceProfileSelector
LogPluginManager: Mounting plugin AndroidMoviePlayer
LogPluginManager: Mounting plugin AndroidPermission
LogPluginManager: Mounting plugin AppleImageUtils
LogPluginManager: Mounting plugin AppleMoviePlayer
LogPluginManager: Mounting plugin ArchVisCharacter
LogPluginManager: Mounting plugin AudioCapture
LogPluginManager: Mounting plugin CableComponent
LogPluginManager: Mounting plugin CustomMeshComponent
LogPluginManager: Mounting plugin EditableMesh
LogPluginManager: Mounting plugin ExampleDeviceProfileSelector
LogPluginManager: Mounting plugin GoogleCloudMessaging
LogPluginManager: Mounting plugin IOSDeviceProfileSelector
LogPluginManager: Mounting plugin LinuxDeviceProfileSelector
LogPluginManager: Mounting plugin LocationServicesBPLibrary
LogPluginManager: Mounting plugin MobilePatchingUtils
LogPluginManager: Mounting plugin OculusVR
LogPluginManager: Mounting plugin PhysXVehicles
LogPluginManager: Mounting plugin ProceduralMeshComponent
LogPluginManager: Mounting plugin RuntimePhysXCooking
LogPluginManager: Mounting plugin SignificanceManager
LogPluginManager: Mounting plugin SteamVR
LogPluginManager: Mounting plugin WebMMoviePlayer
LogPluginManager: Mounting plugin WindowsMoviePlayer
LogPluginManager: Mounting plugin ScreenshotTools
LogInit: Warning: Incompatible or missing module: GhoulsAndGoodies
Running C:/Program Files/Epic Games/UE_4.23/Engine/Binaries/DotNET/UnrealBuildTool.exe Development Win64 -Project="C:/Users/s181462/Documents/GitHub/GhoulsAndGoblins/GhoulsAndGoodies/GhoulsAndGoodies.uproject" -TargetType=Editor -Progress -NoHotReloadFromIDE
Using 'git status' to determine working set for adaptive non-unity build (C:\Users\s181462\Documents\GitHub\GhoulsAndGoblins).
Creating makefile for GhoulsAndGoodiesEditor (game project files are newer)
@progress push 5%
Parsing headers for GhoulsAndGoodiesEditor
  Running UnrealHeaderTool "C:\Users\s181462\Documents\GitHub\GhoulsAndGoblins\GhoulsAndGoodies\GhoulsAndGoodies.uproject" "C:\Users\s181462\Documents\GitHub\GhoulsAndGoblins\GhoulsAndGoodies\Intermediate\Build\Win64\GhoulsAndGoodiesEditor\Development\GhoulsAndGoodiesEditor.uhtmanifest" -LogCmds="loginit warning, logexit warning, logdatabase error" -Unattended -WarningsAsErrors -installed
Reflection code generated for GhoulsAndGoodiesEditor in 23.0584831 seconds
@progress pop
Using Visual Studio 2019 14.24.28314 toolchain (C:\Program Files (x86)\Microsoft Visual Studio\2019\Enterprise\VC\Tools\MSVC\14.24.28314) and Windows 10.0.18362.0 SDK (C:\Program Files (x86)\Windows Kits\10).
Building 13 actions with 8 processes...
  @progress 'Compiling C++ source code...' 0%
  @progress 'Compiling C++ source code...' 8%
  [1/13] Default.rc2
  @progress 'Compiling C++ source code...' 15%
  [2/13] SharedPCH.Engine.cpp
  @progress 'Compiling C++ source code...' 23%
  [3/13] GhoulsAndGoodies.cpp
  @progress 'Compiling C++ source code...' 31%
  [4/13] GhoulsAndGoodies.init.gen.cpp
  @progress 'Compiling C++ source code...' 38%
  [5/13] GhoulsAndGoodiesPlayerController.gen.cpp
  @progress 'Compiling C++ source code...' 46%
  [6/13] GhoulsAndGoodiesGameMode.gen.cpp
  @progress 'Compiling C++ source code...' 54%
  [7/13] GhoulsAndGoodiesGameMode.cpp
  @progress 'Compiling C++ source code...' 62%
  [8/13] GhoulsAndGoodiesCharacter.gen.cpp
  @progress 'Compiling C++ source code...' 69%
  [9/13] GhoulsAndGoodiesCharacter.cpp
  @progress 'Compiling C++ source code...' 77%
  [10/13] GhoulsAndGoodiesPlayerController.cpp
  @progress 'Compiling C++ source code...' 85%
  [11/13] UE4Editor-GhoulsAndGoodies.lib
     Creating library C:\Users\s181462\Documents\GitHub\GhoulsAndGoblins\GhoulsAndGoodies\Intermediate\Build\Win64\UE4Editor\Development\GhoulsAndGoodies\UE4Editor-GhoulsAndGoodies.lib and object C:\Users\s181462\Documents\GitHub\GhoulsAndGoblins\GhoulsAndGoodies\Intermediate\Build\Win64\UE4Editor\Development\GhoulsAndGoodies\UE4Editor-GhoulsAndGoodies.exp
  @progress 'Compiling C++ source code...' 92%
  [12/13] UE4Editor-GhoulsAndGoodies.dll
     Creating library C:\Users\s181462\Documents\GitHub\GhoulsAndGoblins\GhoulsAndGoodies\Intermediate\Build\Win64\UE4Editor\Development\GhoulsAndGoodies\UE4Editor-GhoulsAndGoodies.suppressed.lib and object C:\Users\s181462\Documents\GitHub\GhoulsAndGoblins\GhoulsAndGoodies\Intermediate\Build\Win64\UE4Editor\Development\GhoulsAndGoodies\UE4Editor-GhoulsAndGoodies.suppressed.exp
  @progress 'Compiling C++ source code...' 100%
  [13/13] GhoulsAndGoodiesEditor.target
Total time in Parallel executor: 34.29 seconds
Total execution time: 61.02 seconds
LogInit: Using libcurl 7.55.1-DEV
LogInit:  - built for x86_64-pc-win32
LogInit:  - supports SSL with OpenSSL/1.1.1
LogInit:  - supports HTTP deflate (compression) using libz 1.2.8
LogInit:  - other features:
LogInit:      CURL_VERSION_SSL
LogInit:      CURL_VERSION_LIBZ
LogInit:      CURL_VERSION_IPV6
LogInit:      CURL_VERSION_ASYNCHDNS
LogInit:      CURL_VERSION_LARGEFILE
LogInit:      CURL_VERSION_IDN
LogInit:  CurlRequestOptions (configurable via config and command line):
LogInit:  - bVerifyPeer = true  - Libcurl will verify peer certificate
LogInit:  - bUseHttpProxy = false  - Libcurl will NOT use HTTP proxy
LogInit:  - bDontReuseConnections = false  - Libcurl will reuse connections
LogInit:  - MaxHostConnections = 16  - Libcurl will limit the number of connections to a host
LogInit:  - LocalHostAddr = Default
LogInit:  - BufferSize = 65536
LogOnline: OSS: Creating online subsystem instance for: NULL
LogInit: WinSock: version 1.1 (2.2), MaxSocks=32767, MaxUdp=65467
LogInit: Build: ++UE4+Release-4.23-CL-9631420
LogInit: Engine Version: 4.23.1-9631420+++UE4+Release-4.23
LogInit: Compatible Engine Version: 4.23.0-8386587+++UE4+Release-4.23
LogInit: Net CL: 8386587
LogInit: OS: Windows 10 (Release 1909) (), CPU:         Intel(R) Core(TM) i7-3770 CPU @ 3.40GHz, GPU: NVIDIA GeForce GTX 960
LogInit: Compiled (64-bit): Oct 18 2019 02:07:44
LogInit: Compiled with Visual C++: 19.16.27030.01
LogInit: Build Configuration: Development
LogInit: Branch Name: ++UE4+Release-4.23
LogInit: Command Line: 
LogInit: Base Directory: C:/Program Files/Epic Games/UE_4.23/Engine/Binaries/Win64/
LogInit: Installed Engine Build: 1
LogDevObjectVersion: Number of dev versions registered: 23
LogDevObjectVersion:   Dev-Blueprints (B0D832E4-1F89-4F0D-ACCF-7EB736FD4AA2): 10
LogDevObjectVersion:   Dev-Build (E1C64328-A22C-4D53-A36C-8E866417BD8C): 0
LogDevObjectVersion:   Dev-Core (375EC13C-06E4-48FB-B500-84F0262A717E): 3
LogDevObjectVersion:   Dev-Editor (E4B068ED-F494-42E9-A231-DA0B2E46BB41): 34
LogDevObjectVersion:   Dev-Framework (CFFC743F-43B0-4480-9391-14DF171D2073): 35
LogDevObjectVersion:   Dev-Mobile (B02B49B5-BB20-44E9-A304-32B752E40360): 2
LogDevObjectVersion:   Dev-Networking (A4E4105C-59A1-49B5-A7C5-40C4547EDFEE): 0
LogDevObjectVersion:   Dev-Online (39C831C9-5AE6-47DC-9A44-9C173E1C8E7C): 0
LogDevObjectVersion:   Dev-Physics (78F01B33-EBEA-4F98-B9B4-84EACCB95AA2): 0
LogDevObjectVersion:   Dev-Platform (6631380F-2D4D-43E0-8009-CF276956A95A): 0
LogDevObjectVersion:   Dev-Rendering (12F88B9F-8875-4AFC-A67C-D90C383ABD29): 31
LogDevObjectVersion:   Dev-Sequencer (7B5AE74C-D270-4C10-A958-57980B212A5A): 11
LogDevObjectVersion:   Dev-VR (D7296918-1DD6-4BDD-9DE2-64A83CC13884): 2
LogDevObjectVersion:   Dev-LoadTimes (C2A15278-BFE7-4AFE-6C17-90FF531DF755): 1
LogDevObjectVersion:   Private-Geometry (6EACA3D4-40EC-4CC1-B786-8BED09428FC5): 3
LogDevObjectVersion:   Dev-AnimPhys (29E575DD-E0A3-4627-9D10-D276232CDCEA): 17
LogDevObjectVersion:   Dev-Anim (AF43A65D-7FD3-4947-9873-3E8ED9C1BB05): 2
LogDevObjectVersion:   Dev-ReflectionCapture (6B266CEC-1EC7-4B8F-A30B-E4D90942FC07): 1
LogDevObjectVersion:   Dev-Automation (0DF73D61-A23F-47EA-B727-89E90C41499A): 1
LogDevObjectVersion:   FortniteMain (601D1886-AC64-4F84-AA16-D3DE0DEAC7D6): 27
LogDevObjectVersion:   Dev-Enterprise (9DFFBCD6-494F-0158-E221-12823C92A888): 6
LogDevObjectVersion:   Dev-Niagara (F2AED0AC-9AFE-416F-8664-AA7FFA26D6FC): 1
LogDevObjectVersion:   Dev-Destruction (174F1F0B-B4C6-45A5-B13F-2EE8D0FB917D): 9
LogInit: Presizing for max 16777216 objects, including 0 objects not considered by GC, pre-allocating 0 bytes for permanent pool.
LogInit: Object subsystem initialized
LogConfig: Setting CVar [[con.DebugEarlyDefault:1]]
LogConfig: Setting CVar [[r.setres:1280x720]]
[2020.08.10-03.51.24:293][  0]LogConfig: Setting CVar [[r.VSync:0]]
[2020.08.10-03.51.24:293][  0]LogConfig: Setting CVar [[r.RHICmdBypass:0]]
[2020.08.10-03.51.24:293][  0]LogConfig: Applying CVar settings from Section [/Script/Engine.RendererSettings] File [C:/Users/s181462/Documents/GitHub/GhoulsAndGoblins/GhoulsAndGoodies/Saved/Config/Windows/Engine.ini]
[2020.08.10-03.51.24:293][  0]LogConfig: Setting CVar [[r.GPUCrashDebugging:0]]
[2020.08.10-03.51.24:293][  0]LogConfig: Applying CVar settings from Section [/Script/Engine.RendererOverrideSettings] File [C:/Users/s181462/Documents/GitHub/GhoulsAndGoblins/GhoulsAndGoodies/Saved/Config/Windows/Engine.ini]
[2020.08.10-03.51.24:293][  0]LogConfig: Applying CVar settings from Section [/Script/Engine.StreamingSettings] File [C:/Users/s181462/Documents/GitHub/GhoulsAndGoblins/GhoulsAndGoodies/Saved/Config/Windows/Engine.ini]
[2020.08.10-03.51.24:293][  0]LogConfig: Setting CVar [[s.MinBulkDataSizeForAsyncLoading:131072]]
[2020.08.10-03.51.24:293][  0]LogConfig: Setting CVar [[s.AsyncLoadingThreadEnabled:0]]
[2020.08.10-03.51.24:293][  0]LogConfig: Setting CVar [[s.EventDrivenLoaderEnabled:1]]
[2020.08.10-03.51.24:293][  0]LogConfig: Setting CVar [[s.WarnIfTimeLimitExceeded:0]]
[2020.08.10-03.51.24:293][  0]LogConfig: Setting CVar [[s.TimeLimitExceededMultiplier:1.5]]
[2020.08.10-03.51.24:293][  0]LogConfig: Setting CVar [[s.TimeLimitExceededMinTime:0.005]]
[2020.08.10-03.51.24:293][  0]LogConfig: Setting CVar [[s.UseBackgroundLevelStreaming:1]]
[2020.08.10-03.51.24:293][  0]LogConfig: Setting CVar [[s.PriorityAsyncLoadingExtraTime:15.0]]
[2020.08.10-03.51.24:293][  0]LogConfig: Setting CVar [[s.LevelStreamingActorsUpdateTimeLimit:5.0]]
[2020.08.10-03.51.24:293][  0]LogConfig: Setting CVar [[s.PriorityLevelStreamingActorsUpdateExtraTime:5.0]]
[2020.08.10-03.51.24:293][  0]LogConfig: Setting CVar [[s.LevelStreamingComponentsRegistrationGranularity:10]]
[2020.08.10-03.51.24:293][  0]LogConfig: Setting CVar [[s.UnregisterComponentsTimeLimit:1.0]]
[2020.08.10-03.51.24:293][  0]LogConfig: Setting CVar [[s.LevelStreamingComponentsUnregistrationGranularity:5]]
[2020.08.10-03.51.24:293][  0]LogConfig: Applying CVar settings from Section [/Script/Engine.GarbageCollectionSettings] File [C:/Users/s181462/Documents/GitHub/GhoulsAndGoblins/GhoulsAndGoodies/Saved/Config/Windows/Engine.ini]
[2020.08.10-03.51.24:294][  0]LogConfig: Setting CVar [[gc.MaxObjectsNotConsideredByGC:1]]
[2020.08.10-03.51.24:294][  0]LogConfig: Setting CVar [[gc.SizeOfPermanentObjectPool:0]]
[2020.08.10-03.51.24:294][  0]LogConfig: Setting CVar [[gc.FlushStreamingOnGC:0]]
[2020.08.10-03.51.24:294][  0]LogConfig: Setting CVar [[gc.NumRetriesBeforeForcingGC:10]]
[2020.08.10-03.51.24:294][  0]LogConfig: Setting CVar [[gc.AllowParallelGC:1]]
[2020.08.10-03.51.24:294][  0]LogConfig: Setting CVar [[gc.TimeBetweenPurgingPendingKillObjects:61.1]]
[2020.08.10-03.51.24:294][  0]LogConfig: Setting CVar [[gc.MaxObjectsInEditor:16777216]]
[2020.08.10-03.51.24:294][  0]LogConfig: Setting CVar [[gc.IncrementalBeginDestroyEnabled:1]]
[2020.08.10-03.51.24:294][  0]LogConfig: Setting CVar [[gc.CreateGCClusters:1]]
[2020.08.10-03.51.24:294][  0]LogConfig: Setting CVar [[gc.MinGCClusterSize:5]]
[2020.08.10-03.51.24:294][  0]LogConfig: Setting CVar [[gc.ActorClusteringEnabled:0]]
[2020.08.10-03.51.24:294][  0]LogConfig: Setting CVar [[gc.BlueprintClusteringEnabled:0]]
[2020.08.10-03.51.24:294][  0]LogConfig: Setting CVar [[gc.UseDisregardForGCOnDedicatedServers:0]]
[2020.08.10-03.51.24:294][  0]LogConfig: Applying CVar settings from Section [/Script/Engine.NetworkSettings] File [C:/Users/s181462/Documents/GitHub/GhoulsAndGoblins/GhoulsAndGoodies/Saved/Config/Windows/Engine.ini]
[2020.08.10-03.51.24:294][  0]LogConfig: Applying CVar settings from Section [/Script/UnrealEd.CookerSettings] File [C:/Users/s181462/Documents/GitHub/GhoulsAndGoblins/GhoulsAndGoodies/Saved/Config/Windows/Engine.ini]
[2020.08.10-03.51.24:302][  0]LogConfig: Applying CVar settings from Section [ViewDistanceQuality@3] File [C:/Users/s181462/Documents/GitHub/GhoulsAndGoblins/GhoulsAndGoodies/Saved/Config/Windows/Scalability.ini]
[2020.08.10-03.51.24:302][  0]LogConfig: Setting CVar [[r.SkeletalMeshLODBias:0]]
[2020.08.10-03.51.24:302][  0]LogConfig: Setting CVar [[r.ViewDistanceScale:1.0]]
[2020.08.10-03.51.24:302][  0]LogConfig: Applying CVar settings from Section [AntiAliasingQuality@3] File [C:/Users/s181462/Documents/GitHub/GhoulsAndGoblins/GhoulsAndGoodies/Saved/Config/Windows/Scalability.ini]
[2020.08.10-03.51.24:302][  0]LogConfig: Setting CVar [[r.PostProcessAAQuality:4]]
[2020.08.10-03.51.24:302][  0]LogConfig: Applying CVar settings from Section [ShadowQuality@3] File [C:/Users/s181462/Documents/GitHub/GhoulsAndGoblins/GhoulsAndGoodies/Saved/Config/Windows/Scalability.ini]
[2020.08.10-03.51.24:302][  0]LogConfig: Setting CVar [[r.LightFunctionQuality:1]]
[2020.08.10-03.51.24:302][  0]LogConfig: Setting CVar [[r.ShadowQuality:5]]
[2020.08.10-03.51.24:302][  0]LogConfig: Setting CVar [[r.Shadow.CSM.MaxCascades:10]]
[2020.08.10-03.51.24:302][  0]LogConfig: Setting CVar [[r.Shadow.MaxResolution:2048]]
[2020.08.10-03.51.24:302][  0]LogConfig: Setting CVar [[r.Shadow.MaxCSMResolution:2048]]
[2020.08.10-03.51.24:302][  0]LogConfig: Setting CVar [[r.Shadow.RadiusThreshold:0.01]]
[2020.08.10-03.51.24:302][  0]LogConfig: Setting CVar [[r.Shadow.DistanceScale:1.0]]
[2020.08.10-03.51.24:302][  0]LogConfig: Setting CVar [[r.Shadow.CSM.TransitionScale:1.0]]
[2020.08.10-03.51.24:302][  0]LogConfig: Setting CVar [[r.Shadow.PreShadowResolutionFactor:1.0]]
[2020.08.10-03.51.24:302][  0]LogConfig: Setting CVar [[r.DistanceFieldShadowing:1]]
[2020.08.10-03.51.24:302][  0]LogConfig: Setting CVar [[r.DistanceFieldAO:1]]
[2020.08.10-03.51.24:302][  0]LogConfig: Setting CVar [[r.AOQuality:2]]
[2020.08.10-03.51.24:302][  0]LogConfig: Setting CVar [[r.VolumetricFog:1]]
[2020.08.10-03.51.24:302][  0]LogConfig: Setting CVar [[r.VolumetricFog.GridPixelSize:8]]
[2020.08.10-03.51.24:302][  0]LogConfig: Setting CVar [[r.VolumetricFog.GridSizeZ:128]]
[2020.08.10-03.51.24:302][  0]LogConfig: Setting CVar [[r.VolumetricFog.HistoryMissSupersampleCount:4]]
[2020.08.10-03.51.24:302][  0]LogConfig: Setting CVar [[r.LightMaxDrawDistanceScale:1]]
[2020.08.10-03.51.24:302][  0]LogConfig: Setting CVar [[r.CapsuleShadows:1]]
[2020.08.10-03.51.24:302][  0]LogConfig: Applying CVar settings from Section [PostProcessQuality@3] File [C:/Users/s181462/Documents/GitHub/GhoulsAndGoblins/GhoulsAndGoodies/Saved/Config/Windows/Scalability.ini]
[2020.08.10-03.51.24:302][  0]LogConfig: Setting CVar [[r.MotionBlurQuality:4]]
[2020.08.10-03.51.24:302][  0]LogConfig: Setting CVar [[r.AmbientOcclusionMipLevelFactor:0.4]]
[2020.08.10-03.51.24:302][  0]LogConfig: Setting CVar [[r.AmbientOcclusionMaxQuality:100]]
[2020.08.10-03.51.24:302][  0]LogConfig: Setting CVar [[r.AmbientOcclusionLevels:-1]]
[2020.08.10-03.51.24:302][  0]LogConfig: Setting CVar [[r.AmbientOcclusionRadiusScale:1.0]]
[2020.08.10-03.51.24:302][  0]LogConfig: Setting CVar [[r.DepthOfFieldQuality:2]]
[2020.08.10-03.51.24:302][  0]LogConfig: Setting CVar [[r.RenderTargetPoolMin:400]]
[2020.08.10-03.51.24:302][  0]LogConfig: Setting CVar [[r.LensFlareQuality:2]]
[2020.08.10-03.51.24:302][  0]LogConfig: Setting CVar [[r.SceneColorFringeQuality:1]]
[2020.08.10-03.51.24:302][  0]LogConfig: Setting CVar [[r.EyeAdaptationQuality:2]]
[2020.08.10-03.51.24:302][  0]LogConfig: Setting CVar [[r.BloomQuality:5]]
[2020.08.10-03.51.24:303][  0]LogConfig: Setting CVar [[r.FastBlurThreshold:100]]
[2020.08.10-03.51.24:303][  0]LogConfig: Setting CVar [[r.Upscale.Quality:3]]
[2020.08.10-03.51.24:303][  0]LogConfig: Setting CVar [[r.Tonemapper.GrainQuantization:1]]
[2020.08.10-03.51.24:303][  0]LogConfig: Setting CVar [[r.LightShaftQuality:1]]
[2020.08.10-03.51.24:303][  0]LogConfig: Setting CVar [[r.Filter.SizeScale:1]]
[2020.08.10-03.51.24:303][  0]LogConfig: Setting CVar [[r.Tonemapper.Quality:5]]
[2020.08.10-03.51.24:303][  0]LogConfig: Setting CVar [[r.DOF.Gather.AccumulatorQuality:1        ; higher gathering accumulator quality]]
[2020.08.10-03.51.24:303][  0]LogConfig: Setting CVar [[r.DOF.Gather.PostfilterMethod:1          ; Median3x3 postfilering method]]
[2020.08.10-03.51.24:303][  0]LogConfig: Setting CVar [[r.DOF.Gather.EnableBokehSettings:0       ; no bokeh simulation when gathering]]
[2020.08.10-03.51.24:303][  0]LogConfig: Setting CVar [[r.DOF.Gather.RingCount:4                 ; medium number of samples when gathering]]
[2020.08.10-03.51.24:303][  0]LogConfig: Setting CVar [[r.DOF.Scatter.ForegroundCompositing:1    ; additive foreground scattering]]
[2020.08.10-03.51.24:303][  0]LogConfig: Setting CVar [[r.DOF.Scatter.BackgroundCompositing:2    ; additive background scattering]]
[2020.08.10-03.51.24:303][  0]LogConfig: Setting CVar [[r.DOF.Scatter.EnableBokehSettings:1      ; bokeh simulation when scattering]]
[2020.08.10-03.51.24:303][  0]LogConfig: Setting CVar [[r.DOF.Scatter.MaxSpriteRatio:0.1         ; only a maximum of 10% of scattered bokeh]]
[2020.08.10-03.51.24:303][  0]LogConfig: Setting CVar [[r.DOF.Recombine.Quality:1                ; cheap slight out of focus]]
[2020.08.10-03.51.24:303][  0]LogConfig: Setting CVar [[r.DOF.Recombine.EnableBokehSettings:0    ; no bokeh simulation on slight out of focus]]
[2020.08.10-03.51.24:303][  0]LogConfig: Setting CVar [[r.DOF.TemporalAAQuality:1                ; more stable temporal accumulation]]
[2020.08.10-03.51.24:303][  0]LogConfig: Setting CVar [[r.DOF.Kernel.MaxForegroundRadius:0.025]]
[2020.08.10-03.51.24:303][  0]LogConfig: Setting CVar [[r.DOF.Kernel.MaxBackgroundRadius:0.025]]
[2020.08.10-03.51.24:303][  0]LogConfig: Applying CVar settings from Section [TextureQuality@3] File [C:/Users/s181462/Documents/GitHub/GhoulsAndGoblins/GhoulsAndGoodies/Saved/Config/Windows/Scalability.ini]
[2020.08.10-03.51.24:303][  0]LogConfig: Setting CVar [[r.Streaming.MipBias:0]]
[2020.08.10-03.51.24:303][  0]LogConfig: Setting CVar [[r.Streaming.AmortizeCPUToGPUCopy:0]]
[2020.08.10-03.51.24:303][  0]LogConfig: Setting CVar [[r.Streaming.MaxNumTexturesToStreamPerFrame:0]]
[2020.08.10-03.51.24:303][  0]LogConfig: Setting CVar [[r.Streaming.Boost:1]]
[2020.08.10-03.51.24:303][  0]LogConfig: Setting CVar [[r.MaxAnisotropy:8]]
[2020.08.10-03.51.24:303][  0]LogConfig: Setting CVar [[r.Streaming.LimitPoolSizeToVRAM:0]]
[2020.08.10-03.51.24:303][  0]LogConfig: Setting CVar [[r.Streaming.PoolSize:1000]]
[2020.08.10-03.51.24:303][  0]LogConfig: Setting CVar [[r.Streaming.MaxEffectiveScreenSize:0]]
[2020.08.10-03.51.24:303][  0]LogConfig: Applying CVar settings from Section [EffectsQuality@3] File [C:/Users/s181462/Documents/GitHub/GhoulsAndGoblins/GhoulsAndGoodies/Saved/Config/Windows/Scalability.ini]
[2020.08.10-03.51.24:303][  0]LogConfig: Setting CVar [[r.TranslucencyLightingVolumeDim:64]]
[2020.08.10-03.51.24:303][  0]LogConfig: Setting CVar [[r.RefractionQuality:2]]
[2020.08.10-03.51.24:303][  0]LogConfig: Setting CVar [[r.SSR.Quality:3]]
[2020.08.10-03.51.24:303][  0]LogConfig: Setting CVar [[r.SceneColorFormat:4]]
[2020.08.10-03.51.24:303][  0]LogConfig: Setting CVar [[r.DetailMode:2]]
[2020.08.10-03.51.24:303][  0]LogConfig: Setting CVar [[r.TranslucencyVolumeBlur:1]]
[2020.08.10-03.51.24:303][  0]LogConfig: Setting CVar [[r.MaterialQualityLevel:1 ; High quality]]
[2020.08.10-03.51.24:303][  0]LogConfig: Setting CVar [[r.SSS.Scale:1]]
[2020.08.10-03.51.24:303][  0]LogConfig: Setting CVar [[r.SSS.SampleSet:2]]
[2020.08.10-03.51.24:303][  0]LogConfig: Setting CVar [[r.SSS.Quality:1]]
[2020.08.10-03.51.24:303][  0]LogConfig: Setting CVar [[r.SSS.HalfRes:1]]
[2020.08.10-03.51.24:303][  0]LogConfig: Setting CVar [[r.EmitterSpawnRateScale:1.0]]
[2020.08.10-03.51.24:303][  0]LogConfig: Setting CVar [[r.ParticleLightQuality:2]]
[2020.08.10-03.51.24:303][  0]LogConfig: Applying CVar settings from Section [FoliageQuality@3] File [C:/Users/s181462/Documents/GitHub/GhoulsAndGoblins/GhoulsAndGoodies/Saved/Config/Windows/Scalability.ini]
[2020.08.10-03.51.24:303][  0]LogConfig: Setting CVar [[foliage.DensityScale:1.0]]
[2020.08.10-03.51.24:303][  0]LogConfig: Setting CVar [[grass.DensityScale:1.0]]
[2020.08.10-03.51.24:303][  0]LogInit: Selected Device Profile: [Windows]
[2020.08.10-03.51.24:303][  0]LogInit: Applying CVar settings loaded from the selected device profile: [Windows]
[2020.08.10-03.51.24:307][  0]LogHAL: Display: Platform has ~ 16 GB [17139372032 / 17179869184 / 16], which maps to Larger [LargestMinGB=32, LargerMinGB=12, DefaultMinGB=8, SmallerMinGB=6, SmallestMinGB=0)
[2020.08.10-03.51.24:307][  0]LogInit: Going up to parent DeviceProfile []
[2020.08.10-03.51.24:307][  0]LogConfig: Applying CVar settings from Section [ViewDistanceQuality@3] File [C:/Users/s181462/Documents/GitHub/GhoulsAndGoblins/GhoulsAndGoodies/Saved/Config/Windows/Scalability.ini]
[2020.08.10-03.51.24:307][  0]LogConfig: Setting CVar [[r.SkeletalMeshLODBias:0]]
[2020.08.10-03.51.24:307][  0]LogConfig: Setting CVar [[r.ViewDistanceScale:1.0]]
[2020.08.10-03.51.24:307][  0]LogConfig: Applying CVar settings from Section [AntiAliasingQuality@3] File [C:/Users/s181462/Documents/GitHub/GhoulsAndGoblins/GhoulsAndGoodies/Saved/Config/Windows/Scalability.ini]
[2020.08.10-03.51.24:307][  0]LogConfig: Setting CVar [[r.PostProcessAAQuality:4]]
[2020.08.10-03.51.24:307][  0]LogConfig: Applying CVar settings from Section [ShadowQuality@3] File [C:/Users/s181462/Documents/GitHub/GhoulsAndGoblins/GhoulsAndGoodies/Saved/Config/Windows/Scalability.ini]
[2020.08.10-03.51.24:307][  0]LogConfig: Setting CVar [[r.LightFunctionQuality:1]]
[2020.08.10-03.51.24:307][  0]LogConfig: Setting CVar [[r.ShadowQuality:5]]
[2020.08.10-03.51.24:307][  0]LogConfig: Setting CVar [[r.Shadow.CSM.MaxCascades:10]]
[2020.08.10-03.51.24:307][  0]LogConfig: Setting CVar [[r.Shadow.MaxResolution:2048]]
[2020.08.10-03.51.24:307][  0]LogConfig: Setting CVar [[r.Shadow.MaxCSMResolution:2048]]
[2020.08.10-03.51.24:307][  0]LogConfig: Setting CVar [[r.Shadow.RadiusThreshold:0.01]]
[2020.08.10-03.51.24:307][  0]LogConfig: Setting CVar [[r.Shadow.DistanceScale:1.0]]
[2020.08.10-03.51.24:307][  0]LogConfig: Setting CVar [[r.Shadow.CSM.TransitionScale:1.0]]
[2020.08.10-03.51.24:307][  0]LogConfig: Setting CVar [[r.Shadow.PreShadowResolutionFactor:1.0]]
[2020.08.10-03.51.24:307][  0]LogConfig: Setting CVar [[r.DistanceFieldShadowing:1]]
[2020.08.10-03.51.24:307][  0]LogConfig: Setting CVar [[r.DistanceFieldAO:1]]
[2020.08.10-03.51.24:307][  0]LogConfig: Setting CVar [[r.AOQuality:2]]
[2020.08.10-03.51.24:307][  0]LogConfig: Setting CVar [[r.VolumetricFog:1]]
[2020.08.10-03.51.24:307][  0]LogConfig: Setting CVar [[r.VolumetricFog.GridPixelSize:8]]
[2020.08.10-03.51.24:307][  0]LogConfig: Setting CVar [[r.VolumetricFog.GridSizeZ:128]]
[2020.08.10-03.51.24:307][  0]LogConfig: Setting CVar [[r.VolumetricFog.HistoryMissSupersampleCount:4]]
[2020.08.10-03.51.24:307][  0]LogConfig: Setting CVar [[r.LightMaxDrawDistanceScale:1]]
[2020.08.10-03.51.24:307][  0]LogConfig: Setting CVar [[r.CapsuleShadows:1]]
[2020.08.10-03.51.24:307][  0]LogConfig: Applying CVar settings from Section [PostProcessQuality@3] File [C:/Users/s181462/Documents/GitHub/GhoulsAndGoblins/GhoulsAndGoodies/Saved/Config/Windows/Scalability.ini]
[2020.08.10-03.51.24:307][  0]LogConfig: Setting CVar [[r.MotionBlurQuality:4]]
[2020.08.10-03.51.24:307][  0]LogConfig: Setting CVar [[r.AmbientOcclusionMipLevelFactor:0.4]]
[2020.08.10-03.51.24:307][  0]LogConfig: Setting CVar [[r.AmbientOcclusionMaxQuality:100]]
[2020.08.10-03.51.24:307][  0]LogConfig: Setting CVar [[r.AmbientOcclusionLevels:-1]]
[2020.08.10-03.51.24:307][  0]LogConfig: Setting CVar [[r.AmbientOcclusionRadiusScale:1.0]]
[2020.08.10-03.51.24:307][  0]LogConfig: Setting CVar [[r.DepthOfFieldQuality:2]]
[2020.08.10-03.51.24:307][  0]LogConfig: Setting CVar [[r.RenderTargetPoolMin:400]]
[2020.08.10-03.51.24:307][  0]LogConfig: Setting CVar [[r.LensFlareQuality:2]]
[2020.08.10-03.51.24:307][  0]LogConfig: Setting CVar [[r.SceneColorFringeQuality:1]]
[2020.08.10-03.51.24:307][  0]LogConfig: Setting CVar [[r.EyeAdaptationQuality:2]]
[2020.08.10-03.51.24:307][  0]LogConfig: Setting CVar [[r.BloomQuality:5]]
[2020.08.10-03.51.24:307][  0]LogConfig: Setting CVar [[r.FastBlurThreshold:100]]
[2020.08.10-03.51.24:307][  0]LogConfig: Setting CVar [[r.Upscale.Quality:3]]
[2020.08.10-03.51.24:307][  0]LogConfig: Setting CVar [[r.Tonemapper.GrainQuantization:1]]
[2020.08.10-03.51.24:307][  0]LogConfig: Setting CVar [[r.LightShaftQuality:1]]
[2020.08.10-03.51.24:307][  0]LogConfig: Setting CVar [[r.Filter.SizeScale:1]]
[2020.08.10-03.51.24:307][  0]LogConfig: Setting CVar [[r.Tonemapper.Quality:5]]
[2020.08.10-03.51.24:307][  0]LogConfig: Setting CVar [[r.DOF.Gather.AccumulatorQuality:1        ; higher gathering accumulator quality]]
[2020.08.10-03.51.24:307][  0]LogConfig: Setting CVar [[r.DOF.Gather.PostfilterMethod:1          ; Median3x3 postfilering method]]
[2020.08.10-03.51.24:307][  0]LogConfig: Setting CVar [[r.DOF.Gather.EnableBokehSettings:0       ; no bokeh simulation when gathering]]
[2020.08.10-03.51.24:307][  0]LogConfig: Setting CVar [[r.DOF.Gather.RingCount:4                 ; medium number of samples when gathering]]
[2020.08.10-03.51.24:307][  0]LogConfig: Setting CVar [[r.DOF.Scatter.ForegroundCompositing:1    ; additive foreground scattering]]
[2020.08.10-03.51.24:307][  0]LogConfig: Setting CVar [[r.DOF.Scatter.BackgroundCompositing:2    ; additive background scattering]]
[2020.08.10-03.51.24:307][  0]LogConfig: Setting CVar [[r.DOF.Scatter.EnableBokehSettings:1      ; bokeh simulation when scattering]]
[2020.08.10-03.51.24:307][  0]LogConfig: Setting CVar [[r.DOF.Scatter.MaxSpriteRatio:0.1         ; only a maximum of 10% of scattered bokeh]]
[2020.08.10-03.51.24:307][  0]LogConfig: Setting CVar [[r.DOF.Recombine.Quality:1                ; cheap slight out of focus]]
[2020.08.10-03.51.24:307][  0]LogConfig: Setting CVar [[r.DOF.Recombine.EnableBokehSettings:0    ; no bokeh simulation on slight out of focus]]
[2020.08.10-03.51.24:307][  0]LogConfig: Setting CVar [[r.DOF.TemporalAAQuality:1                ; more stable temporal accumulation]]
[2020.08.10-03.51.24:308][  0]LogConfig: Setting CVar [[r.DOF.Kernel.MaxForegroundRadius:0.025]]
[2020.08.10-03.51.24:308][  0]LogConfig: Setting CVar [[r.DOF.Kernel.MaxBackgroundRadius:0.025]]
[2020.08.10-03.51.24:308][  0]LogConfig: Applying CVar settings from Section [TextureQuality@3] File [C:/Users/s181462/Documents/GitHub/GhoulsAndGoblins/GhoulsAndGoodies/Saved/Config/Windows/Scalability.ini]
[2020.08.10-03.51.24:308][  0]LogConfig: Setting CVar [[r.Streaming.MipBias:0]]
[2020.08.10-03.51.24:308][  0]LogConfig: Setting CVar [[r.Streaming.AmortizeCPUToGPUCopy:0]]
[2020.08.10-03.51.24:308][  0]LogConfig: Setting CVar [[r.Streaming.MaxNumTexturesToStreamPerFrame:0]]
[2020.08.10-03.51.24:308][  0]LogConfig: Setting CVar [[r.Streaming.Boost:1]]
[2020.08.10-03.51.24:308][  0]LogConfig: Setting CVar [[r.MaxAnisotropy:8]]
[2020.08.10-03.51.24:308][  0]LogConfig: Setting CVar [[r.Streaming.LimitPoolSizeToVRAM:0]]
[2020.08.10-03.51.24:308][  0]LogConfig: Setting CVar [[r.Streaming.PoolSize:1000]]
[2020.08.10-03.51.24:308][  0]LogConfig: Setting CVar [[r.Streaming.MaxEffectiveScreenSize:0]]
[2020.08.10-03.51.24:308][  0]LogConfig: Applying CVar settings from Section [EffectsQuality@3] File [C:/Users/s181462/Documents/GitHub/GhoulsAndGoblins/GhoulsAndGoodies/Saved/Config/Windows/Scalability.ini]
[2020.08.10-03.51.24:308][  0]LogConfig: Setting CVar [[r.TranslucencyLightingVolumeDim:64]]
[2020.08.10-03.51.24:308][  0]LogConfig: Setting CVar [[r.RefractionQuality:2]]
[2020.08.10-03.51.24:308][  0]LogConfig: Setting CVar [[r.SSR.Quality:3]]
[2020.08.10-03.51.24:308][  0]LogConfig: Setting CVar [[r.SceneColorFormat:4]]
[2020.08.10-03.51.24:308][  0]LogConfig: Setting CVar [[r.DetailMode:2]]
[2020.08.10-03.51.24:308][  0]LogConfig: Setting CVar [[r.TranslucencyVolumeBlur:1]]
[2020.08.10-03.51.24:308][  0]LogConfig: Setting CVar [[r.MaterialQualityLevel:1 ; High quality]]
[2020.08.10-03.51.24:308][  0]LogConfig: Setting CVar [[r.SSS.Scale:1]]
[2020.08.10-03.51.24:308][  0]LogConfig: Setting CVar [[r.SSS.SampleSet:2]]
[2020.08.10-03.51.24:308][  0]LogConfig: Setting CVar [[r.SSS.Quality:1]]
[2020.08.10-03.51.24:308][  0]LogConfig: Setting CVar [[r.SSS.HalfRes:1]]
[2020.08.10-03.51.24:308][  0]LogConfig: Setting CVar [[r.EmitterSpawnRateScale:1.0]]
[2020.08.10-03.51.24:308][  0]LogConfig: Setting CVar [[r.ParticleLightQuality:2]]
[2020.08.10-03.51.24:308][  0]LogConfig: Applying CVar settings from Section [FoliageQuality@3] File [C:/Users/s181462/Documents/GitHub/GhoulsAndGoblins/GhoulsAndGoodies/Saved/Config/Windows/Scalability.ini]
[2020.08.10-03.51.24:308][  0]LogConfig: Setting CVar [[foliage.DensityScale:1.0]]
[2020.08.10-03.51.24:308][  0]LogConfig: Setting CVar [[grass.DensityScale:1.0]]
[2020.08.10-03.51.24:308][  0]LogConfig: Applying CVar settings from Section [Startup] File [../../../Engine/Config/ConsoleVariables.ini]
[2020.08.10-03.51.24:308][  0]LogConfig: Setting CVar [[net.UseAdaptiveNetUpdateFrequency:0]]
[2020.08.10-03.51.24:308][  0]LogConfig: Setting CVar [[p.chaos.AllowCreatePhysxBodies:1]]
[2020.08.10-03.51.24:308][  0]LogConfig: Applying CVar settings from Section [ConsoleVariables] File [C:/Users/s181462/Documents/GitHub/GhoulsAndGoblins/GhoulsAndGoodies/Saved/Config/Windows/Engine.ini]
[2020.08.10-03.51.24:308][  0]LogInit: Computer: SYD-D747D5
[2020.08.10-03.51.24:308][  0]LogInit: User: s181462
[2020.08.10-03.51.24:308][  0]LogInit: CPU Page size=4096, Cores=4
[2020.08.10-03.51.24:308][  0]LogInit: High frequency timer resolution =10.000000 MHz
[2020.08.10-03.51.24:309][  0]LogMemory: Memory total: Physical=16.0GB (16GB approx)
[2020.08.10-03.51.24:309][  0]LogMemory: Platform Memory Stats for Windows
[2020.08.10-03.51.24:309][  0]LogMemory: Process Physical Memory: 104.24 MB used, 104.24 MB peak
[2020.08.10-03.51.24:309][  0]LogMemory: Process Virtual Memory: 89.07 MB used, 89.07 MB peak
[2020.08.10-03.51.24:309][  0]LogMemory: Physical Memory: 9526.34 MB used,  6819.04 MB free, 16345.38 MB total
[2020.08.10-03.51.24:309][  0]LogMemory: Virtual Memory: 4705.00 MB used,  134213024.00 MB free, 134217728.00 MB total
[2020.08.10-03.51.24:311][  0]LogWindows: WindowsPlatformFeatures enabled
[2020.08.10-03.51.24:337][  0]LogInit: Using OS detected language (en-US).
[2020.08.10-03.51.24:337][  0]LogInit: Using OS detected locale (en-AU).
[2020.08.10-03.51.24:338][  0]LogTextLocalizationManager: No specific localization for 'en-US' exists, so the 'en' localization will be used.
[2020.08.10-03.51.24:534][  0]LogInit: Setting process to per monitor DPI aware
[2020.08.10-03.51.24:580][  0]LogSlate: New Slate User Created.  User Index 0, Is Virtual User: 0
[2020.08.10-03.51.24:580][  0]LogSlate: Slate User Registered.  User Index 0, Is Virtual User: 0
[2020.08.10-03.51.24:780][  0]LogHMD: Failed to initialize OpenVR with code 110
[2020.08.10-03.51.24:780][  0]LogD3D11RHI: D3D11 adapters:
[2020.08.10-03.51.24:847][  0]LogD3D11RHI:    0. 'NVIDIA GeForce GTX 960' (Feature Level 11_0)
[2020.08.10-03.51.24:847][  0]LogD3D11RHI:       2007/0/8172 MB DedicatedVideo/DedicatedSystem/SharedSystem, Outputs:2, VendorId:0x10de
[2020.08.10-03.51.24:850][  0]LogD3D11RHI:    1. 'Microsoft Basic Render Driver' (Feature Level 11_0)
[2020.08.10-03.51.24:850][  0]LogD3D11RHI:       0/0/8172 MB DedicatedVideo/DedicatedSystem/SharedSystem, Outputs:0, VendorId:0x1414
[2020.08.10-03.51.24:850][  0]LogD3D11RHI: Chosen D3D11 Adapter: 0
[2020.08.10-03.51.24:858][  0]LogD3D11RHI: Creating new Direct3DDevice
[2020.08.10-03.51.24:858][  0]LogD3D11RHI:     GPU DeviceId: 0x1401 (for the marketing name, search the web for "GPU Device Id")
[2020.08.10-03.51.24:858][  0]LogWindows: EnumDisplayDevices:
[2020.08.10-03.51.24:858][  0]LogWindows:    0. 'NVIDIA GeForce GTX 960' (P:1 D:1)
[2020.08.10-03.51.24:858][  0]LogWindows:    1. 'NVIDIA GeForce GTX 960' (P:0 D:1)
[2020.08.10-03.51.24:859][  0]LogWindows:    2. 'NVIDIA GeForce GTX 960' (P:0 D:0)
[2020.08.10-03.51.24:859][  0]LogWindows:    3. 'NVIDIA GeForce GTX 960' (P:0 D:0)
[2020.08.10-03.51.24:859][  0]LogWindows: DebugString: FoundDriverCount:4 
[2020.08.10-03.51.24:859][  0]LogD3D11RHI:     Adapter Name: NVIDIA GeForce GTX 960
[2020.08.10-03.51.24:859][  0]LogD3D11RHI:   Driver Version: 432.00 (internal:26.21.14.3200, unified:432.00)
[2020.08.10-03.51.24:859][  0]LogD3D11RHI:      Driver Date: 7-24-2019
[2020.08.10-03.51.24:859][  0]LogRHI: Texture pool is 1405 MB (70% of 2007 MB)
[2020.08.10-03.51.24:912][  0]LogD3D11RHI: Async texture creation enabled
[2020.08.10-03.51.24:925][  0]LogD3D11RHI: GPU Timing Frequency: 1000.000000 (Debug: 2 1)
[2020.08.10-03.51.25:229][  0]LogTemp: Display: Module 'AllDesktopTargetPlatform' loaded TargetPlatform 'AllDesktop'
[2020.08.10-03.51.25:238][  0]LogTemp: Display: Module 'MacClientTargetPlatform' loaded TargetPlatform 'MacClient'
[2020.08.10-03.51.25:249][  0]LogTemp: Display: Module 'MacNoEditorTargetPlatform' loaded TargetPlatform 'MacNoEditor'
[2020.08.10-03.51.25:259][  0]LogTemp: Display: Module 'MacServerTargetPlatform' loaded TargetPlatform 'MacServer'
[2020.08.10-03.51.25:269][  0]LogTemp: Display: Module 'MacTargetPlatform' loaded TargetPlatform 'Mac'
[2020.08.10-03.51.25:278][  0]LogTemp: Display: Module 'WindowsClientTargetPlatform' loaded TargetPlatform 'WindowsClient'
[2020.08.10-03.51.25:288][  0]LogTemp: Display: Module 'WindowsNoEditorTargetPlatform' loaded TargetPlatform 'WindowsNoEditor'
[2020.08.10-03.51.25:297][  0]LogTemp: Display: Module 'WindowsServerTargetPlatform' loaded TargetPlatform 'WindowsServer'
[2020.08.10-03.51.25:302][  0]LogTemp: Display: Module 'WindowsTargetPlatform' loaded TargetPlatform 'Windows'
[2020.08.10-03.51.25:335][  0]LogTemp: Display: Module 'AndroidTargetPlatform' loaded TargetPlatform 'Android'
[2020.08.10-03.51.25:335][  0]LogTemp: Display: Module 'AndroidTargetPlatform' loaded TargetPlatform 'Android_ASTC'
[2020.08.10-03.51.25:335][  0]LogTemp: Display: Module 'AndroidTargetPlatform' loaded TargetPlatform 'Android_ATC'
[2020.08.10-03.51.25:335][  0]LogTemp: Display: Module 'AndroidTargetPlatform' loaded TargetPlatform 'Android_DXT'
[2020.08.10-03.51.25:335][  0]LogTemp: Display: Module 'AndroidTargetPlatform' loaded TargetPlatform 'Android_ETC1'
[2020.08.10-03.51.25:335][  0]LogTemp: Display: Module 'AndroidTargetPlatform' loaded TargetPlatform 'Android_ETC1a'
[2020.08.10-03.51.25:335][  0]LogTemp: Display: Module 'AndroidTargetPlatform' loaded TargetPlatform 'Android_ETC2'
[2020.08.10-03.51.25:335][  0]LogTemp: Display: Module 'AndroidTargetPlatform' loaded TargetPlatform 'Android_PVRTC'
[2020.08.10-03.51.25:335][  0]LogTemp: Display: Module 'AndroidTargetPlatform' loaded TargetPlatform 'AndroidClient'
[2020.08.10-03.51.25:336][  0]LogTemp: Display: Module 'AndroidTargetPlatform' loaded TargetPlatform 'Android_ASTCClient'
[2020.08.10-03.51.25:336][  0]LogTemp: Display: Module 'AndroidTargetPlatform' loaded TargetPlatform 'Android_ATCClient'
[2020.08.10-03.51.25:336][  0]LogTemp: Display: Module 'AndroidTargetPlatform' loaded TargetPlatform 'Android_DXTClient'
[2020.08.10-03.51.25:336][  0]LogTemp: Display: Module 'AndroidTargetPlatform' loaded TargetPlatform 'Android_ETC1Client'
[2020.08.10-03.51.25:336][  0]LogTemp: Display: Module 'AndroidTargetPlatform' loaded TargetPlatform 'Android_ETC1aClient'
[2020.08.10-03.51.25:336][  0]LogTemp: Display: Module 'AndroidTargetPlatform' loaded TargetPlatform 'Android_ETC2Client'
[2020.08.10-03.51.25:336][  0]LogTemp: Display: Module 'AndroidTargetPlatform' loaded TargetPlatform 'Android_PVRTCClient'
[2020.08.10-03.51.25:336][  0]LogTemp: Display: Module 'AndroidTargetPlatform' loaded TargetPlatform 'Android_Multi'
[2020.08.10-03.51.25:336][  0]LogTemp: Display: Module 'AndroidTargetPlatform' loaded TargetPlatform 'Android_MultiClient'
[2020.08.10-03.51.25:338][  0]LogTemp: Display: Module 'HTML5TargetPlatform' loaded TargetPlatform 'HTML5'
[2020.08.10-03.51.25:357][  0]LogTemp: Display: Module 'IOSTargetPlatform' loaded TargetPlatform 'IOSClient'
[2020.08.10-03.51.25:357][  0]LogTemp: Display: Module 'IOSTargetPlatform' loaded TargetPlatform 'IOS'
[2020.08.10-03.51.25:372][  0]LogTemp: Display: Module 'TVOSTargetPlatform' loaded TargetPlatform 'TVOSClient'
[2020.08.10-03.51.25:372][  0]LogTemp: Display: Module 'TVOSTargetPlatform' loaded TargetPlatform 'TVOS'
[2020.08.10-03.51.25:380][  0]LogTemp: Display: Module 'LinuxClientTargetPlatform' loaded TargetPlatform 'LinuxClient'
[2020.08.10-03.51.25:388][  0]LogTemp: Display: Module 'LinuxNoEditorTargetPlatform' loaded TargetPlatform 'LinuxNoEditor'
[2020.08.10-03.51.25:396][  0]LogTemp: Display: Module 'LinuxServerTargetPlatform' loaded TargetPlatform 'LinuxServer'
[2020.08.10-03.51.25:404][  0]LogTemp: Display: Module 'LinuxTargetPlatform' loaded TargetPlatform 'Linux'
[2020.08.10-03.51.25:431][  0]LogTemp: Display: Module 'LuminTargetPlatform' loaded TargetPlatform 'Lumin'
[2020.08.10-03.51.25:431][  0]LogTemp: Display: Module 'LuminTargetPlatform' loaded TargetPlatform 'LuminClient'
[2020.08.10-03.51.25:431][  0]LogTargetPlatformManager: Display: Building Assets For Windows
[2020.08.10-03.51.25:441][  0]LogAudioDebug: Display: Lib vorbis DLL was dynamically loaded.
[2020.08.10-03.51.25:503][  0]LogShaderCompilers: Guid format shader working directory is -35 characters bigger than the processId version (../../../../../../Users/s181462/Documents/GitHub/GhoulsAndGoblins/GhoulsAndGoodies/Intermediate/Shaders/WorkingDirectory/17020/).
[2020.08.10-03.51.25:504][  0]LogShaderCompilers: Cleaned the shader compiler working directory 'C:/Users/s181462/AppData/Local/Temp/UnrealShaderWorkingDir/51C94AD4429003306BB6C4B4EC59001B/'.
[2020.08.10-03.51.25:506][  0]LogXGEController: Cleaning working directory: C:/Users/s181462/AppData/Local/Temp/UnrealXGEWorkingDir/
[2020.08.10-03.51.25:506][  0]LogXGEController: Cannot use XGE Controller as Incredibuild is not installed on this machine.
[2020.08.10-03.51.25:506][  0]LogShaderCompilers: Cannot use XGE Shader Compiler as Incredibuild is not installed on this machine.
[2020.08.10-03.51.25:506][  0]LogShaderCompilers: Display: Using Local Shader Compiler.
[2020.08.10-03.51.26:162][  0]LogDerivedDataCache: Display: Max Cache Size: 512 MB
[2020.08.10-03.51.26:223][  0]LogDerivedDataCache: Loaded boot cache 0.06s 77MB C:/Users/s181462/AppData/Local/UnrealEngine/4.23/DerivedDataCache/Boot.ddc.
[2020.08.10-03.51.26:223][  0]LogDerivedDataCache: Display: Loaded Boot cache: C:/Users/s181462/AppData/Local/UnrealEngine/4.23/DerivedDataCache/Boot.ddc
[2020.08.10-03.51.26:223][  0]LogDerivedDataCache: FDerivedDataBackendGraph:  Pak pak cache file ../../../../../../Users/s181462/Documents/GitHub/GhoulsAndGoblins/GhoulsAndGoodies/DerivedDataCache/DDC.ddp not found, will not use a pak cache.
[2020.08.10-03.51.26:223][  0]LogDerivedDataCache: Unable to find inner node Pak for hierarchical cache Hierarchy.
[2020.08.10-03.51.26:223][  0]LogDerivedDataCache: FDerivedDataBackendGraph:  CompressedPak pak cache file ../../../../../../Users/s181462/Documents/GitHub/GhoulsAndGoblins/GhoulsAndGoodies/DerivedDataCache/Compressed.ddp not found, will not use a pak cache.
[2020.08.10-03.51.26:223][  0]LogDerivedDataCache: Unable to find inner node CompressedPak for hierarchical cache Hierarchy.
[2020.08.10-03.51.26:234][  0]LogDerivedDataCache: Display: Pak cache opened for reading ../../../Engine/DerivedDataCache/Compressed.ddp.
[2020.08.10-03.51.26:234][  0]LogDerivedDataCache: FDerivedDataBackendGraph:  EnterprisePak pak cache file ../../../Enterprise/DerivedDataCache/Compressed.ddp not found, will not use a pak cache.
[2020.08.10-03.51.26:234][  0]LogDerivedDataCache: Unable to find inner node EnterprisePak for hierarchical cache Hierarchy.
[2020.08.10-03.51.26:235][  0]LogDerivedDataCache: Using Local data cache path C:/Users/s181462/AppData/Local/UnrealEngine/Common/DerivedDataCache: Writable
[2020.08.10-03.51.26:235][  0]LogDerivedDataCache: Shared data cache path not found in *engine.ini, will not use an Shared cache.
[2020.08.10-03.51.26:235][  0]LogDerivedDataCache: Unable to find inner node Shared for hierarchical cache Hierarchy.
[2020.08.10-03.51.26:260][  0]LogMaterial: Verifying Global Shaders for PCD3D_SM5
[2020.08.10-03.51.26:262][  0]LogSlate: Using FreeType 2.6.0
[2020.08.10-03.51.26:263][  0]LogSlate: SlateFontServices - WITH_FREETYPE: 1, WITH_HARFBUZZ: 1
[2020.08.10-03.51.26:320][  0]LogAssetRegistry: FAssetRegistry took 0.0025 seconds to start up
[2020.08.10-03.51.26:658][  0]LogInit: Selected Device Profile: [Windows]
[2020.08.10-03.51.26:832][  0]LogMeshReduction: Using QuadricMeshReduction for automatic static mesh reduction
[2020.08.10-03.51.26:832][  0]LogMeshReduction: Using SimplygonMeshReduction for automatic skeletal mesh reduction
[2020.08.10-03.51.26:832][  0]LogMeshReduction: Using ProxyLODMeshReduction for automatic mesh merging
[2020.08.10-03.51.26:832][  0]LogMeshReduction: No distributed automatic mesh merging module available
[2020.08.10-03.51.26:832][  0]LogMeshMerging: No distributed automatic mesh merging module available
[2020.08.10-03.51.26:843][  0]LogNetVersion: GhoulsAndGoodies 1.0.0, NetCL: 8386587, EngineNetVer: 11, GameNetVer: 0 (Checksum: 1842056771)
[2020.08.10-03.51.27:323][  0]LogPackageLocalizationCache: Processed 12 localized package path(s) for 1 prioritized culture(s) in 0.063191 seconds
[2020.08.10-03.51.27:330][  0]LogUObjectArray: 43444 objects as part of root set at end of initial load.
[2020.08.10-03.51.27:330][  0]LogUObjectAllocator: 7548648 out of 0 bytes used by permanent object pool.
[2020.08.10-03.51.27:330][  0]LogUObjectArray: CloseDisregardForGC: 0/0 objects in disregard for GC pool
[2020.08.10-03.51.28:250][  0]LogTcpMessaging: Initializing TcpMessaging bridge
[2020.08.10-03.51.28:253][  0]LogUdpMessaging: Initializing bridge on interface 0.0.0.0:0 to multicast group 230.0.0.1:6666.
[2020.08.10-03.51.28:507][  0]SourceControl: Source control is disabled
[2020.08.10-03.51.28:507][  0]SourceControl: Source control is disabled
[2020.08.10-03.51.28:508][  0]SourceControl: Source control is disabled
[2020.08.10-03.51.28:509][  0]SourceControl: Source control is disabled
[2020.08.10-03.51.28:604][  0]LogAndroidPermission: UAndroidPermissionCallbackProxy::GetInstance
[2020.08.10-03.51.28:699][  0]LogOcInput: OculusInput pre-init called
[2020.08.10-03.51.28:706][  0]LogWindows: Failed to load 'OVRPlugin.dll' (GetLastError=126)
[2020.08.10-03.51.28:706][  0]LogWindows: File 'OVRPlugin.dll' does not exist
[2020.08.10-03.51.28:778][  0]LogEngine: Initializing Engine...
[2020.08.10-03.51.28:779][  0]LogHMD: Failed to initialize OpenVR with code 110
[2020.08.10-03.51.28:780][  0]LogStats: UGameplayTagsManager::InitializeManager -  0.000 s
[2020.08.10-03.51.29:041][  0]LogInit: Initializing FReadOnlyCVARCache
[2020.08.10-03.51.29:056][  0]LogAIModule: Creating AISystem for world Untitled
[2020.08.10-03.51.29:066][  0]LogInit: XAudio2 using 'Digital Audio (S/PDIF) (High Definition Audio Device)' : 2 channels at 48 kHz using 16 bits per sample (channel mask 0x3)
[2020.08.10-03.51.29:082][  0]LogInit: FAudioDevice initialized.
[2020.08.10-03.51.29:082][  0]LogNetVersion: Set ProjectVersion to 1.0.0.0. Version Checksum will be recalculated on next use.
[2020.08.10-03.51.29:313][  0]LogDerivedDataCache: Saved boot cache 0.23s 77MB C:/Users/s181462/AppData/Local/UnrealEngine/4.23/DerivedDataCache/Boot.ddc.
[2020.08.10-03.51.29:319][  0]LogInit: Texture streaming: Enabled
[2020.08.10-03.51.29:339][  0]LogEngineSessionManager: EngineSessionManager initialized
[2020.08.10-03.51.29:339][  0]LogEditorSessionSummary: Verbose: Initializing EditorSessionSummaryWriter for editor session tracking
[2020.08.10-03.51.29:339][  0]LogEditorSessionSummary: EditorSessionSummaryWriter initialized
[2020.08.10-03.51.29:413][  0]LogInit: Transaction tracking system initialized
[2020.08.10-03.51.29:445][  0]BlueprintLog: New page: Editor Load
[2020.08.10-03.51.29:525][  0]LocalizationService: Localization service is disabled
[2020.08.10-03.51.29:778][  0]LogFileCache: Scanning file cache for directory 'C:/Users/s181462/Documents/GitHub/GhoulsAndGoblins/GhoulsAndGoodies/Content/' took 0.00s
[2020.08.10-03.51.29:778][  0]LogCook: Display: Max memory allowance for cook 16384mb min free memory 0mb
[2020.08.10-03.51.29:779][  0]LogCook: Display: Mobile HDR setting 1
[2020.08.10-03.51.29:968][  0]SourceControl: Source control is disabled
[2020.08.10-03.51.29:969][  0]Cmd: MAP LOAD FILE="../../../../../../Users/s181462/Documents/GitHub/GhoulsAndGoblins/GhoulsAndGoodies/Content/TopDownCPP/Maps/TopDownExampleMap.umap" TEMPLATE=0 SHOWPROGRESS=1 FEATURELEVEL=3
[2020.08.10-03.51.29:969][  0]LightingResults: New page: Lighting Build
[2020.08.10-03.51.29:972][  0]LogWorld: UWorld::CleanupWorld for Untitled, bSessionEnded=true, bCleanupResources=true
[2020.08.10-03.51.29:972][  0]MapCheck: New page: Map Check
[2020.08.10-03.51.29:972][  0]LightingResults: New page: Lighting Build
[2020.08.10-03.51.29:995][  0]LogUObjectHash: Compacting FUObjectHashTables data took   2.43ms
[2020.08.10-03.51.30:038][  0]LogLinker: Warning: While loading '../../../../../../Users/s181462/Documents/GitHub/GhoulsAndGoblins/GhoulsAndGoodies/Content/TopDownCPP/Maps/TopDownExampleMap.umap' failed to load '/Game/TopDownCPP/Maps/TopDownExampleMap_BuiltData': Can't find file.
[2020.08.10-03.51.30:038][  0]LogLinker: Warning: While loading '../../../../../../Users/s181462/Documents/GitHub/GhoulsAndGoblins/GhoulsAndGoodies/Content/TopDownCPP/Maps/TopDownExampleMap.umap' failed to load '/Game/TopDownCPP/Maps/TopDownExampleMap_BuiltData': Can't find file.
[2020.08.10-03.51.30:041][  0]LogLinker: Warning: While loading '../../../../../../Users/s181462/Documents/GitHub/GhoulsAndGoblins/GhoulsAndGoodies/Content/TopDownCPP/Maps/TopDownExampleMap.umap' failed to load '/Game/TopDownCPP/Maps/TopDownExampleMap_BuiltData': Can't find file.
[2020.08.10-03.51.30:041][  0]LogLinker: Warning: While loading '../../../../../../Users/s181462/Documents/GitHub/GhoulsAndGoblins/GhoulsAndGoodies/Content/TopDownCPP/Maps/TopDownExampleMap.umap' failed to load '/Game/TopDownCPP/Maps/TopDownExampleMap_BuiltData': Can't find file.
[2020.08.10-03.51.30:042][  0]LogLinker: Warning: Failed to load '/Game/TopDownCPP/Maps/TopDownExampleMap_BuiltData': Can't find file.
[2020.08.10-03.51.30:042][  0]LogLinker: Warning: Failed to load '/Game/TopDownCPP/Maps/TopDownExampleMap_BuiltData': Can't find file.
[2020.08.10-03.51.30:043][  0]LogLinker: Warning: Failed to load '/Game/TopDownCPP/Maps/TopDownExampleMap_BuiltData': Can't find file.
[2020.08.10-03.51.30:043][  0]LogLinker: Warning: Failed to load '/Game/TopDownCPP/Maps/TopDownExampleMap_BuiltData': Can't find file.
[2020.08.10-03.51.30:047][  0]LogLinker: Warning: While loading '../../../../../../Users/s181462/Documents/GitHub/GhoulsAndGoblins/GhoulsAndGoodies/Content/TopDownCPP/Maps/TopDownExampleMap.umap' failed to load '/Game/TopDownCPP/Maps/TopDownExampleMap_BuiltData': Can't find file.
[2020.08.10-03.51.30:047][  0]LoadErrors: Failed to load /Game/TopDownCPP/Maps/TopDownExampleMap_BuiltData.TopDownExampleMap_BuiltData Referenced by PersistentLevel
[2020.08.10-03.51.30:047][  0]LogLinker: Warning: While loading '../../../../../../Users/s181462/Documents/GitHub/GhoulsAndGoblins/GhoulsAndGoodies/Content/TopDownCPP/Maps/TopDownExampleMap.umap' failed to load '/Game/TopDownCPP/Maps/TopDownExampleMap_BuiltData': Can't find file.
[2020.08.10-03.51.30:047][  0]LoadErrors: Failed to load /Game/TopDownCPP/Maps/TopDownExampleMap_BuiltData.TopDownExampleMap_BuiltData Referenced by PersistentLevel
[2020.08.10-03.51.30:103][  0]LogAIModule: Creating AISystem for world TopDownExampleMap
[2020.08.10-03.51.30:113][  0]LogEditorServer: Finished looking for orphan Actors (0.000 secs)
[2020.08.10-03.51.30:137][  0]LogUObjectHash: Compacting FUObjectHashTables data took   2.27ms
[2020.08.10-03.51.30:137][  0]Cmd: MAP CHECKDEP NOCLEARLOG
[2020.08.10-03.51.30:137][  0]MapCheck: Map check complete: 0 Error(s), 0 Warning(s), took 0.186ms to complete.
[2020.08.10-03.51.30:138][  0]LogFileHelpers: Loading map 'TopDownExampleMap' took 0.169
[2020.08.10-03.51.30:239][  0]LogSlate: Updating window title bar state: overlay mode, drag disabled, window buttons hidden, title bar hidden
[2020.08.10-03.51.30:248][  0]LogSlate: Updating window title bar state: overlay mode, drag disabled, window buttons hidden, title bar hidden
[2020.08.10-03.51.30:257][  0]LogSlate: Updating window title bar state: overlay mode, drag disabled, window buttons hidden, title bar hidden
[2020.08.10-03.51.30:266][  0]LogSlate: Updating window title bar state: overlay mode, drag disabled, window buttons hidden, title bar hidden
[2020.08.10-03.51.30:272][  0]LogCollectionManager: Loaded 0 collections in 0.001649 seconds
[2020.08.10-03.51.30:280][  0]LogFileCache: Scanning file cache for directory 'C:/Users/s181462/Documents/GitHub/GhoulsAndGoblins/GhoulsAndGoodies/Saved/Collections/' took 0.00s
[2020.08.10-03.51.30:280][  0]LogFileCache: Scanning file cache for directory 'C:/Users/s181462/Documents/GitHub/GhoulsAndGoblins/GhoulsAndGoodies/Content/Developers/s181462/Collections/' took 0.00s
[2020.08.10-03.51.30:280][  0]LogFileCache: Scanning file cache for directory 'C:/Users/s181462/Documents/GitHub/GhoulsAndGoblins/GhoulsAndGoodies/Content/Collections/' took 0.00s
[2020.08.10-03.51.30:280][  0]LogCollectionManager: Rebuilt the GUID cache for 0 collections in 0.000002 seconds
[2020.08.10-03.51.30:289][  0]LogContentBrowser: Native class hierarchy populated in 0.0091 seconds. Added 2866 classes and 682 folders.
[2020.08.10-03.51.30:296][  0]LogContentBrowser: Native class hierarchy updated for 'WidgetCarousel' in 0.0003 seconds. Added 0 classes and 0 folders.
[2020.08.10-03.51.30:337][  0]LogContentBrowser: Native class hierarchy updated for 'AddContentDialog' in 0.0003 seconds. Added 0 classes and 0 folders.
[2020.08.10-03.51.30:342][  0]LogContentBrowser: Native class hierarchy updated for 'SceneOutliner' in 0.0004 seconds. Added 1 classes and 2 folders.
[2020.08.10-03.51.30:361][  0]LogSlate: Took 0.000279 seconds to synchronously load lazily loaded font '../../../Engine/Content/Slate/Fonts/Roboto-Regular.ttf' (155K)
[2020.08.10-03.51.30:363][  0]LogSlate: Took 0.000219 seconds to synchronously load lazily loaded font '../../../Engine/Content/Slate/Fonts/Roboto-Bold.ttf' (160K)
[2020.08.10-03.51.30:369][  0]LogSlate: Took 0.000196 seconds to synchronously load lazily loaded font '../../../Engine/Content/Editor/Slate/Fonts/FontAwesome.ttf' (139K)
[2020.08.10-03.51.30:435][  0]LogRenderer: Reallocating scene render targets to support 1056x556 Format 10 NumSamples 1 (Frame:1).
[2020.08.10-03.51.30:533][  0]LogSlate: FSceneViewport::OnFocusLost() reason 5
[2020.08.10-03.51.30:552][  0]LogSlate: Window 'Tutorials' being destroyed
[2020.08.10-03.51.30:566][  0]LogContentBrowser: Native class hierarchy updated for 'HierarchicalLODOutliner' in 0.0004 seconds. Added 0 classes and 0 folders.
[2020.08.10-03.51.30:566][  0]LogLoad: (Engine Initialization) Total time: 75.96 seconds
[2020.08.10-03.51.30:567][  0]LogLoad: (Engine Initialization) Total Blueprint compile time: 0.00 seconds
[2020.08.10-03.51.30:620][  0]LogAssetRegistry: Asset discovery search completed in 4.3019 seconds
[2020.08.10-03.51.30:624][  0]LogCollectionManager: Rebuilt the object cache for 0 collections in 0.000004 seconds (found 0 objects)
[2020.08.10-03.51.30:624][  0]LogCollectionManager: Fixed up redirectors for 0 collections in 0.000041 seconds (updated 0 objects)
[2020.08.10-03.51.30:626][  0]LogContentStreaming: Texture pool size now 1000 MB
[2020.08.10-03.51.30:638][  0]LogSlate: FSceneViewport::OnFocusLost() reason 5
[2020.08.10-03.51.30:663][  0]LogSlate: Took 0.000187 seconds to synchronously load lazily loaded font '../../../Engine/Content/Slate/Fonts/Roboto-Light.ttf' (167K)
[2020.08.10-03.53.45:697][169]LogSlate: Window 'Message Log' being destroyed
[2020.08.10-03.53.45:703][169]LogSlate: Window 'Message Log' being destroyed
[2020.08.10-03.54.01:434][ 51]LogSlate: FSceneViewport::OnFocusLost() reason 0
[2020.08.10-03.58.31:049][ 45]LogEditorSessionSummary: EditorSessionSummary sent report. Type=Shutdown, SessionId={695DD8A7-4F08-255F-7E14-2FAB9DEA8410}
[2020.08.10-04.55.18:140][692]LogUObjectHash: Compacting FUObjectHashTables data took  10.52ms
[2020.08.10-04.55.18:198][692]LogSlate: Window 'GhoulsAndGoodies - Unreal Editor' being destroyed
[2020.08.10-04.55.18:200][692]LogWindowsTextInputMethodSystem: Display: IME system now deactivated.
[2020.08.10-04.55.18:334][693]Cmd: QUIT_EDITOR
[2020.08.10-04.55.18:378][693]LogExit: Preparing to exit.
[2020.08.10-04.55.19:177][693]LogDemo: Cleaned up 0 splitscreen connections with owner deletion
[2020.08.10-04.55.19:200][693]LogWorld: UWorld::CleanupWorld for None, bSessionEnded=true, bCleanupResources=true
[2020.08.10-04.55.19:201][693]LogExit: Editor shut down
[2020.08.10-04.55.19:202][693]LogExit: Transaction tracking system shut down
[2020.08.10-04.55.19:469][693]LogExit: Object subsystem successfully closed.
[2020.08.10-04.55.19:500][693]LogShaderCompilers: Display: Shaders left to compile 0
[2020.08.10-04.55.19:542][693]LogModuleManager: Shutting down and abandoning module HierarchicalLODOutliner (670)
[2020.08.10-04.55.19:542][693]LogModuleManager: Shutting down and abandoning module SceneOutliner (668)
[2020.08.10-04.55.19:542][693]LogModuleManager: Shutting down and abandoning module AddContentDialog (666)
[2020.08.10-04.55.19:545][693]LogModuleManager: Shutting down and abandoning module WidgetCarousel (665)
[2020.08.10-04.55.19:545][693]LogModuleManager: Shutting down and abandoning module EditorWidgets (662)
[2020.08.10-04.55.19:545][693]LogModuleManager: Shutting down and abandoning module CollectionManager (660)
[2020.08.10-04.55.19:545][693]LogModuleManager: Shutting down and abandoning module StatsViewer (658)
[2020.08.10-04.55.19:545][693]LogModuleManager: Shutting down and abandoning module VirtualTexturingEditor (656)
[2020.08.10-04.55.19:545][693]LogModuleManager: Shutting down and abandoning module FoliageEdit (654)
[2020.08.10-04.55.19:545][693]LogModuleManager: Shutting down and abandoning module LandscapeEditor (652)
[2020.08.10-04.55.19:545][693]LogModuleManager: Shutting down and abandoning module MeshPaintMode (650)
[2020.08.10-04.55.19:545][693]LogModuleManager: Shutting down and abandoning module SceneDepthPickerMode (648)
[2020.08.10-04.55.19:545][693]LogModuleManager: Shutting down and abandoning module ActorPickerMode (646)
[2020.08.10-04.55.19:545][693]LogModuleManager: Shutting down and abandoning module GeometryMode (644)
[2020.08.10-04.55.19:546][693]LogModuleManager: Shutting down and abandoning module TextureAlignMode (642)
[2020.08.10-04.55.19:546][693]LogModuleManager: Shutting down and abandoning module BspMode (640)
[2020.08.10-04.55.19:546][693]LogModuleManager: Shutting down and abandoning module PIEPreviewDeviceProfileSelector (638)
[2020.08.10-04.55.19:546][693]LogModuleManager: Shutting down and abandoning module SequenceRecorderSections (636)
[2020.08.10-04.55.19:546][693]LogModuleManager: Shutting down and abandoning module AutomationWorker (634)
[2020.08.10-04.55.19:546][693]LogModuleManager: Shutting down and abandoning module OculusMR (632)
[2020.08.10-04.55.19:546][693]LogModuleManager: Shutting down and abandoning module AudioCaptureEditor (630)
[2020.08.10-04.55.19:546][693]LogModuleManager: Shutting down and abandoning module MatineeToLevelSequence (628)
[2020.08.10-04.55.19:546][693]LogModuleManager: Shutting down and abandoning module LevelSequenceEditor (626)
[2020.08.10-04.55.19:546][693]LogModuleManager: Shutting down and abandoning module PlacementMode (625)
[2020.08.10-04.55.19:546][693]LogModuleManager: Shutting down and abandoning module MaterialEditor (624)
[2020.08.10-04.55.19:546][693]LogModuleManager: Shutting down and abandoning module ActorSequenceEditor (620)
[2020.08.10-04.55.19:546][693]LogModuleManager: Shutting down and abandoning module WmfMediaFactory (618)
[2020.08.10-04.55.19:546][693]LogModuleManager: Shutting down and abandoning module WmfMediaEditor (616)
[2020.08.10-04.55.19:546][693]LogModuleManager: Shutting down and abandoning module WebMMediaFactory (614)
[2020.08.10-04.55.19:546][693]LogModuleManager: Shutting down and abandoning module WebMMediaEditor (612)
[2020.08.10-04.55.19:546][693]LogModuleManager: Shutting down and abandoning module WebMMedia (610)
[2020.08.10-04.55.19:546][693]LogModuleManager: Shutting down and abandoning module MediaPlayerEditor (608)
[2020.08.10-04.55.19:546][693]LogModuleManager: Shutting down and abandoning module MediaCompositingEditor (606)
[2020.08.10-04.55.19:546][693]LogModuleManager: Shutting down and abandoning module SequenceRecorder (605)
[2020.08.10-04.55.19:546][693]LogModuleManager: Shutting down and abandoning module OpenExrWrapper (602)
[2020.08.10-04.55.19:546][693]LogModuleManager: Shutting down and abandoning module ImgMediaFactory (600)
[2020.08.10-04.55.19:546][693]LogModuleManager: Shutting down and abandoning module ImgMediaEditor (598)
[2020.08.10-04.55.19:546][693]LogModuleManager: Shutting down and abandoning module AvfMediaFactory (596)
[2020.08.10-04.55.19:546][693]LogModuleManager: Shutting down and abandoning module AvfMediaEditor (594)
[2020.08.10-04.55.19:546][693]LogModuleManager: Shutting down and abandoning module AndroidMediaFactory (592)
[2020.08.10-04.55.19:547][693]LogModuleManager: Shutting down and abandoning module AndroidMediaEditor (590)
[2020.08.10-04.55.19:547][693]LogModuleManager: Shutting down and abandoning module MagicLeapCameraPreviewFactory (588)
[2020.08.10-04.55.19:547][693]LogModuleManager: Shutting down and abandoning module MagicLeapMediaCodecFactory (586)
[2020.08.10-04.55.19:547][693]LogModuleManager: Shutting down and abandoning module MagicLeapMediaFactory (584)
[2020.08.10-04.55.19:547][693]LogModuleManager: Shutting down and abandoning module MagicLeapMediaEditor (582)
[2020.08.10-04.55.19:547][693]LogModuleManager: Shutting down and abandoning module CharacterAI (580)
[2020.08.10-04.55.19:547][693]LogModuleManager: Shutting down and abandoning module SmartSnapping (578)
[2020.08.10-04.55.19:547][693]LogModuleManager: Shutting down and abandoning module SessionServices (576)
[2020.08.10-04.55.19:547][693]LogModuleManager: Shutting down and abandoning module MeshPaint (574)
[2020.08.10-04.55.19:547][693]LogModuleManager: Shutting down and abandoning module ViewportSnapping (572)
[2020.08.10-04.55.19:547][693]LogModuleManager: Shutting down and abandoning module ViewportInteraction (570)
[2020.08.10-04.55.19:547][693]LogModuleManager: Shutting down and abandoning module ClothPainter (568)
[2020.08.10-04.55.19:547][693]LogModuleManager: Shutting down and abandoning module SkeletalMeshEditor (567)
[2020.08.10-04.55.19:547][693]LogModuleManager: Shutting down and abandoning module LogVisualizer (564)
[2020.08.10-04.55.19:547][693]LogModuleManager: Shutting down and abandoning module IntroTutorials (562)
[2020.08.10-04.55.19:547][693]LogModuleManager: Shutting down and abandoning module GameProjectGeneration (561)
[2020.08.10-04.55.19:547][693]LogModuleManager: Shutting down and abandoning module LuminPlatformEditor (558)
[2020.08.10-04.55.19:547][693]LogModuleManager: Shutting down and abandoning module IOSPlatformEditor (556)
[2020.08.10-04.55.19:547][693]LogModuleManager: Shutting down and abandoning module HTML5PlatformEditor (554)
[2020.08.10-04.55.19:547][693]LogModuleManager: Shutting down and abandoning module AndroidPlatformEditor (552)
[2020.08.10-04.55.19:547][693]LogModuleManager: Shutting down and abandoning module AndroidDeviceDetection (551)
[2020.08.10-04.55.20:634][693]LogModuleManager: Shutting down and abandoning module WindowsPlatformEditor (548)
[2020.08.10-04.55.20:634][693]LogModuleManager: Shutting down and abandoning module LuminRuntimeSettings (546)
[2020.08.10-04.55.20:635][693]LogModuleManager: Shutting down and abandoning module IOSRuntimeSettings (544)
[2020.08.10-04.55.20:635][693]LogModuleManager: Shutting down and abandoning module AndroidRuntimeSettings (542)
[2020.08.10-04.55.20:635][693]LogModuleManager: Shutting down and abandoning module TimeManagementEditor (540)
[2020.08.10-04.55.20:635][693]LogModuleManager: Shutting down and abandoning module InputBindingEditor (538)
[2020.08.10-04.55.20:635][693]LogModuleManager: Shutting down and abandoning module MergeActors (536)
[2020.08.10-04.55.20:635][693]LogModuleManager: Shutting down and abandoning module LocalizationDashboard (534)
[2020.08.10-04.55.20:635][693]LogModuleManager: Shutting down and abandoning module LocalizationService (533)
[2020.08.10-04.55.20:635][693]LogModuleManager: Shutting down and abandoning module HardwareTargeting (530)
[2020.08.10-04.55.20:635][693]LogModuleManager: Shutting down and abandoning module DeviceProfileEditor (528)
[2020.08.10-04.55.20:635][693]LogModuleManager: Shutting down and abandoning module UndoHistory (526)
[2020.08.10-04.55.20:635][693]LogModuleManager: Shutting down and abandoning module XmlParser (524)
[2020.08.10-04.55.20:635][693]LogModuleManager: Shutting down and abandoning module Blutility (522)
[2020.08.10-04.55.20:635][693]LogModuleManager: Shutting down and abandoning module ProjectSettingsViewer (520)
[2020.08.10-04.55.20:635][693]LogModuleManager: Shutting down and abandoning module ProjectTargetPlatformEditor (519)
[2020.08.10-04.55.20:636][693]LogModuleManager: Shutting down and abandoning module EditorSettingsViewer (516)
[2020.08.10-04.55.20:637][693]LogModuleManager: Shutting down and abandoning module SettingsEditor (514)
[2020.08.10-04.55.20:637][693]LogModuleManager: Shutting down and abandoning module ProjectLauncher (512)
[2020.08.10-04.55.20:637][693]LogModuleManager: Shutting down and abandoning module SessionFrontend (510)
[2020.08.10-04.55.20:637][693]LogModuleManager: Shutting down and abandoning module ProfilerClient (508)
[2020.08.10-04.55.20:637][693]LogModuleManager: Shutting down and abandoning module DeviceManager (506)
[2020.08.10-04.55.20:637][693]LogModuleManager: Shutting down and abandoning module TargetDeviceServices (505)
[2020.08.10-04.55.20:691][693]LogModuleManager: Shutting down and abandoning module AutomationController (502)
[2020.08.10-04.55.20:691][693]LogModuleManager: Shutting down and abandoning module AutomationWindow (500)
[2020.08.10-04.55.20:691][693]LogModuleManager: Shutting down and abandoning module Layers (498)
[2020.08.10-04.55.20:691][693]LogModuleManager: Shutting down and abandoning module ComponentVisualizers (496)
[2020.08.10-04.55.20:691][693]LogModuleManager: Shutting down and abandoning module DetailCustomizations (494)
[2020.08.10-04.55.20:691][693]LogModuleManager: Shutting down and abandoning module PackagesDialog (492)
[2020.08.10-04.55.20:691][693]LogModuleManager: Shutting down and abandoning module AnimationBlueprintEditor (490)
[2020.08.10-04.55.20:691][693]LogModuleManager: Shutting down and abandoning module Persona (488)
[2020.08.10-04.55.20:691][693]LogModuleManager: Shutting down and abandoning module AdvancedPreviewScene (487)
[2020.08.10-04.55.20:691][693]LogModuleManager: Shutting down and abandoning module AnimGraph (485)
[2020.08.10-04.55.20:691][693]LogModuleManager: Shutting down and abandoning module Kismet (482)
[2020.08.10-04.55.20:691][693]LogModuleManager: Shutting down and abandoning module KismetWidgets (481)
[2020.08.10-04.55.20:691][693]LogModuleManager: Shutting down and abandoning module GraphEditor (478)
[2020.08.10-04.55.20:692][693]LogModuleManager: Shutting down and abandoning module StructViewer (476)
[2020.08.10-04.55.20:692][693]LogModuleManager: Shutting down and abandoning module ClassViewer (474)
[2020.08.10-04.55.20:692][693]LogModuleManager: Shutting down and abandoning module Toolbox (472)
[2020.08.10-04.55.20:692][693]LogModuleManager: Shutting down and abandoning module ModuleUI (470)
[2020.08.10-04.55.20:692][693]LogModuleManager: Shutting down and abandoning module MovieSceneTools (468)
[2020.08.10-04.55.20:692][693]LogModuleManager: Shutting down and abandoning module OutputLog (466)
[2020.08.10-04.55.20:692][693]LogModuleManager: Shutting down and abandoning module GammaUI (464)
[2020.08.10-04.55.20:692][693]LogModuleManager: Shutting down and abandoning module Documentation (462)
[2020.08.10-04.55.20:692][693]LogModuleManager: Shutting down and abandoning module LiveCoding (460)
[2020.08.10-04.55.20:692][693]LogModuleManager: Shutting down and abandoning module LevelSequence (458)
[2020.08.10-04.55.20:692][693]LogModuleManager: Shutting down and abandoning module MovieSceneTracks (456)
[2020.08.10-04.55.20:692][693]LogModuleManager: Shutting down and abandoning module MovieScene (454)
[2020.08.10-04.55.20:692][693]LogModuleManager: Shutting down and abandoning module StreamingPauseRendering (452)
[2020.08.10-04.55.20:692][693]LogModuleManager: Shutting down and abandoning module LauncherPlatform (450)
[2020.08.10-04.55.20:692][693]LogModuleManager: Shutting down and abandoning module AnalyticsET (448)
[2020.08.10-04.55.20:692][693]LogModuleManager: Shutting down and abandoning module PortalServices (446)
[2020.08.10-04.55.20:692][693]LogModuleManager: Shutting down and abandoning module PortalRpc (444)
[2020.08.10-04.55.20:692][693]LogModuleManager: Shutting down and abandoning module MessagingRpc (442)
[2020.08.10-04.55.20:692][693]LogModuleManager: Shutting down and abandoning module AIModule (440)
[2020.08.10-04.55.20:693][693]LogModuleManager: Shutting down and abandoning module GameplayDebugger (439)
[2020.08.10-04.55.20:693][693]LogModuleManager: Shutting down and abandoning module AITestSuite (437)
[2020.08.10-04.55.20:693][693]LogModuleManager: Shutting down and abandoning module NavigationSystem (435)
[2020.08.10-04.55.20:693][693]LogModuleManager: Shutting down and abandoning module ImageWriteQueue (432)
[2020.08.10-04.55.20:696][693]LogModuleManager: Shutting down and abandoning module ProfilerService (430)
[2020.08.10-04.55.20:819][693]LogModuleManager: Shutting down and abandoning module TaskGraph (428)
[2020.08.10-04.55.20:819][693]LogModuleManager: Shutting down and abandoning module ScreenshotTools (426)
[2020.08.10-04.55.20:819][693]LogModuleManager: Shutting down and abandoning module SteamVRController (424)
[2020.08.10-04.55.20:820][693]LogModuleManager: Shutting down and abandoning module ProceduralMeshComponentEditor (422)
[2020.08.10-04.55.20:820][693]LogModuleManager: Shutting down and abandoning module ProceduralMeshComponent (420)
[2020.08.10-04.55.20:820][693]LogModuleManager: Shutting down and abandoning module OculusEditor (418)
[2020.08.10-04.55.20:820][693]LogModuleManager: Shutting down and abandoning module OculusInput (416)
[2020.08.10-04.55.20:820][693]LogModuleManager: Shutting down and abandoning module MobilePatchingUtils (414)
[2020.08.10-04.55.20:820][693]LogModuleManager: Shutting down and abandoning module EditableMesh (412)
[2020.08.10-04.55.20:820][693]LogModuleManager: Shutting down and abandoning module CustomMeshComponent (410)
[2020.08.10-04.55.20:820][693]LogModuleManager: Shutting down and abandoning module CableComponent (408)
[2020.08.10-04.55.20:820][693]LogModuleManager: Shutting down and abandoning module AudioCapture (406)
[2020.08.10-04.55.20:820][693]LogModuleManager: Shutting down and abandoning module ArchVisCharacter (404)
[2020.08.10-04.55.20:820][693]LogModuleManager: Shutting down and abandoning module AppleImageUtilsBlueprintSupport (402)
[2020.08.10-04.55.20:820][693]LogModuleManager: Shutting down and abandoning module AppleImageUtils (400)
[2020.08.10-04.55.20:820][693]LogModuleManager: Shutting down and abandoning module AndroidPermission (398)
[2020.08.10-04.55.20:820][693]LogModuleManager: Shutting down and abandoning module NUTUnrealEngine4 (396)
[2020.08.10-04.55.20:820][693]LogModuleManager: Shutting down and abandoning module NetcodeUnitTest (394)
[2020.08.10-04.55.20:820][693]LogModuleManager: Shutting down and abandoning module MediaCompositing (392)
[2020.08.10-04.55.20:820][693]LogModuleManager: Shutting down and abandoning module ImgMedia (390)
[2020.08.10-04.55.20:820][693]LogModuleManager: Shutting down and abandoning module MagicLeapHelperVulkan (388)
[2020.08.10-04.55.20:820][693]LogModuleManager: Shutting down and abandoning module MagicLeapHelperOpenGL (386)
[2020.08.10-04.55.20:820][693]LogModuleManager: Shutting down and abandoning module MagicLeapAudio (384)
[2020.08.10-04.55.20:820][693]LogModuleManager: Shutting down and abandoning module HTML5Networking (382)
[2020.08.10-04.55.20:820][693]LogModuleManager: Shutting down and abandoning module GeometryCacheTracks (380)
[2020.08.10-04.55.20:820][693]LogModuleManager: Shutting down and abandoning module GeometryCacheSequencer (378)
[2020.08.10-04.55.20:820][693]LogModuleManager: Shutting down and abandoning module BackChannel (376)
[2020.08.10-04.55.20:820][693]LogModuleManager: Shutting down and abandoning module AutomationUtilsEditor (374)
[2020.08.10-04.55.20:820][693]LogModuleManager: Shutting down and abandoning module AutomationUtils (372)
[2020.08.10-04.55.20:820][693]LogModuleManager: Shutting down and abandoning module AlembicImporter (370)
[2020.08.10-04.55.20:820][693]LogModuleManager: Shutting down and abandoning module AlembicLibrary (369)
[2020.08.10-04.55.20:820][693]LogModuleManager: Shutting down and abandoning module GeometryCache (368)
[2020.08.10-04.55.20:820][693]LogModuleManager: Shutting down and abandoning module GeometryCacheEd (367)
[2020.08.10-04.55.20:820][693]LogModuleManager: Shutting down and abandoning module VariantManagerContent (362)
[2020.08.10-04.55.20:820][693]LogModuleManager: Shutting down and abandoning module DatasmithContentEditor (360)
[2020.08.10-04.55.20:820][693]LogModuleManager: Shutting down and abandoning module SpeedTreeImporter (358)
[2020.08.10-04.55.20:821][693]LogModuleManager: Shutting down and abandoning module PluginBrowser (356)
[2020.08.10-04.55.20:821][693]LogModuleManager: Shutting down and abandoning module MobileLauncherProfileWizard (354)
[2020.08.10-04.55.20:821][693]LogModuleManager: Shutting down and abandoning module MaterialAnalyzer (352)
[2020.08.10-04.55.20:821][693]LogModuleManager: Shutting down and abandoning module CurveEditorTools (350)
[2020.08.10-04.55.20:821][693]LogModuleManager: Shutting down and abandoning module CurveEditor (349)
[2020.08.10-04.55.20:821][693]LogModuleManager: Shutting down and abandoning module CryptoKeysOpenSSL (346)
[2020.08.10-04.55.20:821][693]LogModuleManager: Shutting down and abandoning module CryptoKeys (344)
[2020.08.10-04.55.20:821][693]LogModuleManager: Shutting down and abandoning module VisualStudioSourceCodeAccess (342)
[2020.08.10-04.55.20:821][693]LogModuleManager: Shutting down and abandoning module VisualStudioCodeSourceCodeAccess (340)
[2020.08.10-04.55.20:821][693]LogModuleManager: Shutting down and abandoning module UObjectPlugin (338)
[2020.08.10-04.55.20:821][693]LogModuleManager: Shutting down and abandoning module SubversionSourceControl (336)
[2020.08.10-04.55.20:821][693]LogModuleManager: Shutting down and abandoning module PerforceSourceControl (334)
[2020.08.10-04.55.20:821][693]LogModuleManager: Shutting down and abandoning module GitSourceControl (332)
[2020.08.10-04.55.20:821][693]LogModuleManager: Shutting down and abandoning module SourceControl (331)
[2020.08.10-04.55.20:821][693]LogModuleManager: Shutting down and abandoning module CLionSourceCodeAccess (328)
[2020.08.10-04.55.20:821][693]LogModuleManager: Shutting down and abandoning module AnimationSharingEd (326)
[2020.08.10-04.55.20:821][693]LogModuleManager: Shutting down and abandoning module ActorLayerUtilitiesEditor (324)
[2020.08.10-04.55.20:821][693]LogModuleManager: Shutting down and abandoning module ActorLayerUtilities (322)
[2020.08.10-04.55.20:821][693]LogModuleManager: Shutting down and abandoning module LightPropagationVolumeEditor (320)
[2020.08.10-04.55.20:821][693]LogModuleManager: Shutting down and abandoning module PaperTiledImporter (318)
[2020.08.10-04.55.20:821][693]LogModuleManager: Shutting down and abandoning module PaperSpriteSheetImporter (316)
[2020.08.10-04.55.20:821][693]LogModuleManager: Shutting down and abandoning module Paper2DEditor (314)
[2020.08.10-04.55.20:821][693]LogModuleManager: Shutting down and abandoning module GhoulsAndGoodies (312)
[2020.08.10-04.55.20:821][693]LogModuleManager: Shutting down and abandoning module SignificanceManager (310)
[2020.08.10-04.55.20:821][693]LogModuleManager: Shutting down and abandoning module RuntimePhysXCooking (308)
[2020.08.10-04.55.20:821][693]LogModuleManager: Shutting down and abandoning module PhysXVehiclesEditor (306)
[2020.08.10-04.55.20:821][693]LogModuleManager: Shutting down and abandoning module LocationServicesBPLibrary (302)
[2020.08.10-04.55.20:821][693]LogModuleManager: Shutting down and abandoning module ActorSequence (300)
[2020.08.10-04.55.20:821][693]LogModuleManager: Shutting down and abandoning module UdpMessaging (298)
[2020.08.10-04.55.20:923][693]LogModuleManager: Shutting down and abandoning module TcpMessaging (296)
[2020.08.10-04.55.21:024][693]LogModuleManager: Shutting down and abandoning module MagicLeapIdentity (294)
[2020.08.10-04.55.21:024][693]LogModuleManager: Shutting down and abandoning module MagicLeapSecureStorage (292)
[2020.08.10-04.55.21:024][693]LogModuleManager: Shutting down and abandoning module MagicLeapHandTracking (290)
[2020.08.10-04.55.21:024][693]LogModuleManager: Shutting down and abandoning module MagicLeapEyeTracker (288)
[2020.08.10-04.55.21:024][693]LogModuleManager: Shutting down and abandoning module MagicLeapController (286)
[2020.08.10-04.55.21:024][693]LogSlate: Slate User Destroyed.  User Index 0, Is Virtual User: 0
[2020.08.10-04.55.21:024][693]LogModuleManager: Shutting down and abandoning module MagicLeapAR (284)
[2020.08.10-04.55.21:024][693]LogModuleManager: Shutting down and abandoning module AugmentedReality (283)
[2020.08.10-04.55.21:024][693]LogModuleManager: Shutting down and abandoning module GameplayTagsEditor (280)
[2020.08.10-04.55.21:024][693]LogModuleManager: Shutting down and abandoning module FacialAnimationEditor (278)
[2020.08.10-04.55.21:024][693]LogModuleManager: Shutting down and abandoning module FacialAnimation (276)
[2020.08.10-04.55.21:024][693]LogModuleManager: Shutting down and abandoning module DataValidation (274)
[2020.08.10-04.55.21:024][693]LogModuleManager: Shutting down and abandoning module AssetManagerEditor (272)
[2020.08.10-04.55.21:025][693]LogModuleManager: Shutting down and abandoning module LevelEditor (271)
[2020.08.10-04.55.21:026][693]LogModuleManager: Shutting down and abandoning module PixelInspectorModule (270)
[2020.08.10-04.55.21:026][693]LogModuleManager: Shutting down and abandoning module CommonMenuExtensions (268)
[2020.08.10-04.55.21:026][693]LogModuleManager: Shutting down and abandoning module MainFrame (266)
[2020.08.10-04.55.21:027][693]LogModuleManager: Shutting down and abandoning module HotReload (265)
[2020.08.10-04.55.21:027][693]LogModuleManager: Shutting down and abandoning module ContentBrowser (261)
[2020.08.10-04.55.21:030][693]LogModuleManager: Shutting down and abandoning module TreeMap (259)
[2020.08.10-04.55.21:030][693]LogModuleManager: Shutting down and abandoning module AnimationSharing (256)
[2020.08.10-04.55.21:030][693]LogModuleManager: Shutting down and abandoning module LightPropagationVolumeRuntime (254)
[2020.08.10-04.55.21:030][693]LogModuleManager: Shutting down and abandoning module Paper2D (252)
[2020.08.10-04.55.21:031][693]LogModuleManager: Shutting down and abandoning module WindowsMoviePlayer (250)
[2020.08.10-04.55.21:035][693]LogModuleManager: Shutting down and abandoning module WebMMoviePlayer (248)
[2020.08.10-04.55.21:035][693]LogModuleManager: Shutting down and abandoning module NetworkReplayStreaming (246)
[2020.08.10-04.55.21:035][693]LogModuleManager: Shutting down and abandoning module PacketHandler (244)
[2020.08.10-04.55.21:035][693]LogModuleManager: Shutting down and abandoning module ClothingSystemEditor (242)
[2020.08.10-04.55.21:035][693]LogModuleManager: Shutting down and abandoning module ClothingSystemRuntime (240)
[2020.08.10-04.55.21:035][693]LogModuleManager: Shutting down and abandoning module MediaAssets (238)
[2020.08.10-04.55.21:035][693]LogModuleManager: Shutting down and abandoning module Overlay (236)
[2020.08.10-04.55.21:035][693]LogModuleManager: Shutting down and abandoning module OverlayEditor (235)
[2020.08.10-04.55.21:035][693]LogModuleManager: Shutting down and abandoning module VREditor (232)
[2020.08.10-04.55.21:035][693]LogModuleManager: Shutting down and abandoning module StringTableEditor (230)
[2020.08.10-04.55.21:035][693]LogModuleManager: Shutting down and abandoning module GameplayTasksEditor (228)
[2020.08.10-04.55.21:036][693]LogModuleManager: Shutting down and abandoning module BehaviorTreeEditor (226)
[2020.08.10-04.55.21:036][693]LogModuleManager: Shutting down and abandoning module FunctionalTesting (224)
[2020.08.10-04.55.21:036][693]LogModuleManager: Shutting down and abandoning module CollisionAnalyzer (222)
[2020.08.10-04.55.21:036][693]LogModuleManager: Shutting down and abandoning module WorkspaceMenuStructure (221)
[2020.08.10-04.55.21:036][693]LogModuleManager: Shutting down and abandoning module UMG (218)
[2020.08.10-04.55.21:036][693]LogModuleManager: Shutting down and abandoning module UMGEditor (217)
[2020.08.10-04.55.21:036][693]LogModuleManager: Shutting down and abandoning module Sequencer (216)
[2020.08.10-04.55.21:036][693]LogModuleManager: Shutting down and abandoning module MessageLog (213)
[2020.08.10-04.55.21:036][693]LogModuleManager: Shutting down and abandoning module SlateReflector (208)
[2020.08.10-04.55.21:036][693]LogModuleManager: Shutting down and abandoning module Slate (206)
[2020.08.10-04.55.21:036][693]LogModuleManager: Shutting down and abandoning module LandscapeEditorUtilities (204)
[2020.08.10-04.55.21:036][693]LogModuleManager: Shutting down and abandoning module EditorStyle (202)
[2020.08.10-04.55.21:039][693]LogModuleManager: Shutting down and abandoning module UnrealEd (200)
[2020.08.10-04.55.21:039][693]LogModuleManager: Shutting down and abandoning module MRMesh (198)
[2020.08.10-04.55.21:039][693]LogModuleManager: Shutting down and abandoning module SourceCodeAccess (196)
[2020.08.10-04.55.21:039][693]LogModuleManager: Shutting down and abandoning module HeadMountedDisplay (194)
[2020.08.10-04.55.21:039][693]LogModuleManager: Shutting down and abandoning module XAudio2 (192)
[2020.08.10-04.55.21:039][693]LogModuleManager: Shutting down and abandoning module Networking (190)
[2020.08.10-04.55.21:039][693]LogModuleManager: Shutting down and abandoning module Core (188)
[2020.08.10-04.55.21:039][693]LogModuleManager: Shutting down and abandoning module KismetCompiler (186)
[2020.08.10-04.55.21:039][693]LogModuleManager: Shutting down and abandoning module MeshUtilities (184)
[2020.08.10-04.55.21:039][693]LogModuleManager: Shutting down and abandoning module MeshMergeUtilities (183)
[2020.08.10-04.55.21:040][693]LogModuleManager: Shutting down and abandoning module MeshReductionInterface (182)
[2020.08.10-04.55.21:040][693]LogModuleManager: Shutting down and abandoning module SkeletalMeshReduction (181)
[2020.08.10-04.55.21:040][693]LogModuleManager: Shutting down and abandoning module ProxyLODMeshReduction (179)
[2020.08.10-04.55.21:040][693]LogModuleManager: Shutting down and abandoning module QuadricMeshReduction (177)
[2020.08.10-04.55.21:040][693]LogModuleManager: Shutting down and abandoning module MaterialBaking (173)
[2020.08.10-04.55.21:040][693]LogModuleManager: Shutting down and abandoning module NullInstallBundleManager (168)
[2020.08.10-04.55.21:040][693]LogModuleManager: Shutting down and abandoning module DerivedDataCache (166)
[2020.08.10-04.55.21:040][693]LogDerivedDataCache: Shutdown
[2020.08.10-04.55.21:040][693]LogModuleManager: Shutting down and abandoning module XGEController (164)
[2020.08.10-04.55.21:040][693]LogXGEController: Cleaning working directory: C:/Users/s181462/AppData/Local/Temp/UnrealXGEWorkingDir/
[2020.08.10-04.55.21:040][693]LogModuleManager: Shutting down and abandoning module TargetPlatform (162)
[2020.08.10-04.55.21:040][693]LogModuleManager: Shutting down and abandoning module VulkanShaderFormat (161)
[2020.08.10-04.55.21:040][693]LogModuleManager: Shutting down and abandoning module ShaderFormatVectorVM (159)
[2020.08.10-04.55.21:040][693]LogModuleManager: Shutting down and abandoning module ShaderFormatOpenGL (157)
[2020.08.10-04.55.21:040][693]LogModuleManager: Shutting down and abandoning module ShaderFormatD3D (155)
[2020.08.10-04.55.21:040][693]LogModuleManager: Shutting down and abandoning module MetalShaderFormat (153)
[2020.08.10-04.55.21:040][693]LogModuleManager: Shutting down and abandoning module TextureFormatUncompressed (151)
[2020.08.10-04.55.21:040][693]LogModuleManager: Shutting down and abandoning module TextureFormatPVR (149)
[2020.08.10-04.55.21:040][693]LogModuleManager: Shutting down and abandoning module TextureFormatDXT (147)
[2020.08.10-04.55.21:040][693]LogModuleManager: Shutting down and abandoning module TextureFormatIntelISPCTexComp (145)
[2020.08.10-04.55.21:041][693]LogModuleManager: Shutting down and abandoning module TextureFormatASTC (143)
[2020.08.10-04.55.21:041][693]LogModuleManager: Shutting down and abandoning module ImageWrapper (142)
[2020.08.10-04.55.21:041][693]LogModuleManager: Shutting down and abandoning module TextureFormatAndroid (139)
[2020.08.10-04.55.21:041][693]LogModuleManager: Shutting down and abandoning module AudioFormatOpus (137)
[2020.08.10-04.55.21:041][693]LogModuleManager: Shutting down and abandoning module AudioFormatOgg (135)
[2020.08.10-04.55.21:041][693]LogModuleManager: Shutting down and abandoning module AudioFormatADPCM (133)
[2020.08.10-04.55.21:041][693]LogModuleManager: Shutting down and abandoning module LuminTargetPlatform (131)
[2020.08.10-04.55.21:050][693]LogModuleManager: Shutting down and abandoning module LinuxTargetPlatform (129)
[2020.08.10-04.55.21:050][693]LogModuleManager: Shutting down and abandoning module LinuxServerTargetPlatform (127)
[2020.08.10-04.55.21:050][693]LogModuleManager: Shutting down and abandoning module LinuxNoEditorTargetPlatform (125)
[2020.08.10-04.55.21:050][693]LogModuleManager: Shutting down and abandoning module LinuxClientTargetPlatform (123)
[2020.08.10-04.55.21:050][693]LogModuleManager: Shutting down and abandoning module TVOSTargetPlatform (121)
[2020.08.10-04.55.21:054][693]LogModuleManager: Shutting down and abandoning module Messaging (119)
[2020.08.10-04.55.21:054][693]LogModuleManager: Shutting down and abandoning module IOSTargetPlatform (117)
[2020.08.10-04.55.21:057][693]LogModuleManager: Shutting down and abandoning module HTML5TargetPlatform (115)
[2020.08.10-04.55.21:057][693]LogModuleManager: Shutting down and abandoning module AndroidTargetPlatform (113)
[2020.08.10-04.55.21:072][693]LogModuleManager: Shutting down and abandoning module WindowsTargetPlatform (111)
[2020.08.10-04.55.21:072][693]LogModuleManager: Shutting down and abandoning module WindowsServerTargetPlatform (109)
[2020.08.10-04.55.21:072][693]LogModuleManager: Shutting down and abandoning module WindowsNoEditorTargetPlatform (107)
[2020.08.10-04.55.21:072][693]LogModuleManager: Shutting down and abandoning module WindowsClientTargetPlatform (105)
[2020.08.10-04.55.21:072][693]LogModuleManager: Shutting down and abandoning module MacTargetPlatform (103)
[2020.08.10-04.55.21:072][693]LogModuleManager: Shutting down and abandoning module MacServerTargetPlatform (101)
[2020.08.10-04.55.21:072][693]LogModuleManager: Shutting down and abandoning module MacNoEditorTargetPlatform (99)
[2020.08.10-04.55.21:072][693]LogModuleManager: Shutting down and abandoning module MacClientTargetPlatform (97)
[2020.08.10-04.55.21:072][693]LogModuleManager: Shutting down and abandoning module AllDesktopTargetPlatform (95)
[2020.08.10-04.55.21:072][693]LogModuleManager: Shutting down and abandoning module InputCore (92)
[2020.08.10-04.55.21:072][693]LogModuleManager: Shutting down and abandoning module Settings (90)
[2020.08.10-04.55.21:072][693]LogModuleManager: Shutting down and abandoning module DirectoryWatcher (88)
[2020.08.10-04.55.21:073][693]LogModuleManager: Shutting down and abandoning module PhysXCooking (86)
[2020.08.10-04.55.21:073][693]LogModuleManager: Shutting down and abandoning module WindowsPlatformFeatures (84)
[2020.08.10-04.55.21:073][693]LogModuleManager: Shutting down and abandoning module GameplayMediaEncoder (83)
[2020.08.10-04.55.21:073][693]LogModuleManager: Shutting down and abandoning module SteamVR (80)
[2020.08.10-04.55.21:073][693]LogHMD: Freeing OpenVRDLLHandle.
[2020.08.10-04.55.21:073][693]LogModuleManager: Shutting down and abandoning module OculusHMD (78)
[2020.08.10-04.55.21:073][693]LogModuleManager: Shutting down and abandoning module ExampleDeviceProfileSelector (76)
[2020.08.10-04.55.21:073][693]LogModuleManager: Shutting down and abandoning module LauncherChunkInstaller (74)
[2020.08.10-04.55.21:073][693]LogModuleManager: Shutting down and abandoning module OnlineBlueprintSupport (72)
[2020.08.10-04.55.21:073][693]LogModuleManager: Shutting down and abandoning module OnlineSubsystem (68)
[2020.08.10-04.55.21:074][693]LogModuleManager: Shutting down and abandoning module XMPP (63)
[2020.08.10-04.55.21:074][693]LogModuleManager: Shutting down and abandoning module WebSockets (62)
[2020.08.10-04.55.21:104][693]LogModuleManager: Shutting down and abandoning module HTTP (59)
[2020.08.10-04.55.21:104][693]LogHttp: Display: Http module shutting down, but needs to wait on 1 outstanding Http requests:
[2020.08.10-04.55.21:104][693]LogHttp: Display: 	verb=[POST] url=[https://datarouter.ol.epicgames.com/datarouter/api/v1/public/data?SessionID=%7BB498C32A-422A-B766-B25C-C595754A326C%7D&AppID=UEEditor.Rocket.Release&AppVersion=4.23.1-9631420%2B%2B%2BUE4%2BRelease-4.23&UserID=e744e6a747e27adc78475ca90a523e72%7C%7C41432829-f335-47a4-8d15-b010d52fc298&AppEnvironment=datacollector-binary&UploadType=eteventstream] status=Processing
[2020.08.10-04.55.21:123][693]LogModuleManager: Shutting down and abandoning module SSL (58)
[2020.08.10-04.55.21:125][693]LogModuleManager: Shutting down and abandoning module WmfMedia (54)
[2020.08.10-04.55.21:126][693]LogModuleManager: Shutting down and abandoning module Media (53)
[2020.08.10-04.55.21:127][693]LogModuleManager: Shutting down and abandoning module MagicLeap (50)
[2020.08.10-04.55.21:127][693]LogModuleManager: Shutting down and abandoning module DatasmithContent (48)
[2020.08.10-04.55.21:127][693]LogModuleManager: Shutting down and abandoning module AISupportModule (46)
[2020.08.10-04.55.21:127][693]LogModuleManager: Shutting down and abandoning module DesktopPlatform (44)
[2020.08.10-04.55.21:127][693]LogModuleManager: Shutting down and abandoning module PlatformCryptoOpenSSL (42)
[2020.08.10-04.55.21:127][693]LogModuleManager: Shutting down and abandoning module PlatformCrypto (40)
[2020.08.10-04.55.21:127][693]LogModuleManager: Shutting down and abandoning module AnimationModifiers (38)
[2020.08.10-04.55.21:127][693]LogModuleManager: Shutting down and abandoning module PropertyEditor (37)
[2020.08.10-04.55.21:127][693]LogModuleManager: Shutting down and abandoning module AudioEditor (34)
[2020.08.10-04.55.21:128][693]LogModuleManager: Shutting down and abandoning module TextureCompressor (32)
[2020.08.10-04.55.21:128][693]LogModuleManager: Shutting down and abandoning module RenderCore (30)
[2020.08.10-04.55.21:128][693]LogModuleManager: Shutting down and abandoning module Landscape (28)
[2020.08.10-04.55.21:128][693]LogModuleManager: Shutting down and abandoning module SlateRHIRenderer (26)
[2020.08.10-04.55.21:130][693]LogModuleManager: Shutting down and abandoning module OpenGLDrv (24)
[2020.08.10-04.55.21:130][693]LogModuleManager: Shutting down and abandoning module D3D11RHI (22)
[2020.08.10-04.55.21:130][693]LogModuleManager: Shutting down and abandoning module AnimGraphRuntime (20)
[2020.08.10-04.55.21:130][693]LogModuleManager: Shutting down and abandoning module Renderer (18)
[2020.08.10-04.55.21:130][693]LogModuleManager: Shutting down and abandoning module Engine (16)
[2020.08.10-04.55.21:130][693]LogModuleManager: Shutting down and abandoning module CoreUObject (14)
[2020.08.10-04.55.21:130][693]LogModuleManager: Shutting down and abandoning module NetworkFile (12)
[2020.08.10-04.55.21:130][693]LogModuleManager: Shutting down and abandoning module CookedIterativeFile (10)
[2020.08.10-04.55.21:130][693]LogModuleManager: Shutting down and abandoning module StreamingFile (8)
[2020.08.10-04.55.21:130][693]LogModuleManager: Shutting down and abandoning module SandboxFile (6)
[2020.08.10-04.55.21:130][693]LogModuleManager: Shutting down and abandoning module PakFile (4)
[2020.08.10-04.55.21:130][693]LogModuleManager: Shutting down and abandoning module RSA (3)
[2020.08.10-04.55.21:132][693]LogD3D11RHI: Shutdown
[2020.08.10-04.55.21:132][693]LogD3D11RHI: CleanupD3DDevice
[2020.08.10-04.55.21:132][693]LogRendererCore: FGlobalDynamicReadBuffer::Cleanup()
[2020.08.10-04.55.21:133][693]LogRendererCore: FGlobalDynamicReadBuffer::Cleanup()
[2020.08.10-04.55.21:133][693]LogRendererCore: FGlobalDynamicReadBuffer::Cleanup()
[2020.08.10-04.55.21:201][693]LogD3D11RHI: ~FD3D11DynamicRHI
[2020.08.10-04.55.21:210][693]LogExit: Exiting.
[2020.08.10-04.55.21:233][693]Log file closed, 08/10/20 14:55:21
