Log file open, 10/07/20 09:22:55
LogWindows: Failed to load 'aqProf.dll' (GetLastError=126)
LogWindows: File 'aqProf.dll' does not exist
LogWindows: Failed to load 'VtuneApi.dll' (GetLastError=126)
LogWindows: File 'VtuneApi.dll' does not exist
LogWindows: Failed to load 'VtuneApi32e.dll' (GetLastError=126)
LogWindows: File 'VtuneApi32e.dll' does not exist
LogConsoleResponse: Display: Failed to find resolution value strings in scalability ini. Falling back to default.
LogInit: Display: Running engine for game: GhoulsAndGoodies
LogPlatformFile: Not using cached read wrapper
LogTaskGraph: Started task graph with 5 named threads and 23 total threads with 3 sets of task threads.
LogStats: Stats thread started at 0.226985
LogD3D11RHI: Loaded GFSDK_Aftermath_Lib.x64.dll
LogICUInternationalization: ICU TimeZone Detection - Raw Offset: +10:00, Platform Override: ''
LogPluginManager: Mounting plugin Paper2D
LogPluginManager: Mounting plugin AISupport
LogPluginManager: Mounting plugin LightPropagationVolume
LogPluginManager: Mounting plugin ActorLayerUtilities
LogPluginManager: Mounting plugin AnimationSharing
LogPluginManager: Mounting plugin CLionSourceCodeAccess
LogPluginManager: Mounting plugin CodeLiteSourceCodeAccess
LogPluginManager: Mounting plugin GitSourceControl
LogPluginManager: Mounting plugin KDevelopSourceCodeAccess
LogPluginManager: Mounting plugin NullSourceCodeAccess
LogPluginManager: Mounting plugin PerforceSourceControl
LogPluginManager: Mounting plugin SubversionSourceControl
LogPluginManager: Mounting plugin UObjectPlugin
LogPluginManager: Mounting plugin VisualStudioCodeSourceCodeAccess
LogPluginManager: Mounting plugin VisualStudioSourceCodeAccess
LogPluginManager: Mounting plugin XCodeSourceCodeAccess
LogPluginManager: Mounting plugin AssetManagerEditor
LogPluginManager: Mounting plugin CryptoKeys
LogPluginManager: Mounting plugin CurveEditorTools
LogPluginManager: Mounting plugin DataValidation
LogPluginManager: Mounting plugin FacialAnimation
LogPluginManager: Mounting plugin GameplayTagsEditor
LogPluginManager: Mounting plugin MacGraphicsSwitching
LogPluginManager: Mounting plugin MaterialAnalyzer
LogPluginManager: Mounting plugin MobileLauncherProfileWizard
LogPluginManager: Mounting plugin PluginBrowser
LogPluginManager: Mounting plugin SpeedTreeImporter
LogPluginManager: Mounting plugin DatasmithContent
LogPluginManager: Mounting plugin VariantManagerContent
LogPluginManager: Mounting plugin AlembicImporter
LogPluginManager: Mounting plugin AutomationUtils
LogPluginManager: Mounting plugin BackChannel
LogPluginManager: Mounting plugin CharacterAI
LogPluginManager: Mounting plugin GeometryCache
LogPluginManager: Mounting plugin HTML5Networking
LogPluginManager: Mounting plugin PlatformCrypto
LogPluginManager: Mounting plugin ProxyLODPlugin
LogPluginManager: Mounting plugin SkeletalReduction
LogPluginManager: Mounting plugin MagicLeap
LogPluginManager: Mounting plugin MagicLeapMedia
LogPluginManager: Mounting plugin AndroidMedia
LogPluginManager: Mounting plugin AvfMedia
LogPluginManager: Mounting plugin ImgMedia
LogPluginManager: Mounting plugin MediaCompositing
LogPluginManager: Mounting plugin MediaPlayerEditor
LogPluginManager: Mounting plugin WebMMedia
LogPluginManager: Mounting plugin WmfMedia
LogPluginManager: Mounting plugin TcpMessaging
LogPluginManager: Mounting plugin UdpMessaging
LogPluginManager: Mounting plugin ActorSequence
LogPluginManager: Mounting plugin LevelSequenceEditor
LogPluginManager: Mounting plugin MatineeToLevelSequence
LogPluginManager: Mounting plugin NetcodeUnitTest
LogPluginManager: Mounting plugin NUTUnrealEngine4
LogPluginManager: Mounting plugin OnlineSubsystemGooglePlay
LogPluginManager: Mounting plugin OnlineSubsystemIOS
LogPluginManager: Mounting plugin OnlineSubsystem
LogPluginManager: Mounting plugin OnlineSubsystemNull
LogPluginManager: Mounting plugin OnlineSubsystemUtils
LogPluginManager: Mounting plugin LauncherChunkInstaller
LogPluginManager: Mounting plugin AndroidDeviceProfileSelector
LogPluginManager: Mounting plugin AndroidMoviePlayer
LogPluginManager: Mounting plugin AndroidPermission
LogPluginManager: Mounting plugin AppleImageUtils
LogPluginManager: Mounting plugin AppleMoviePlayer
LogPluginManager: Mounting plugin ArchVisCharacter
LogPluginManager: Mounting plugin AudioCapture
LogPluginManager: Mounting plugin CableComponent
LogPluginManager: Mounting plugin CustomMeshComponent
LogPluginManager: Mounting plugin EditableMesh
LogPluginManager: Mounting plugin ExampleDeviceProfileSelector
LogPluginManager: Mounting plugin GoogleCloudMessaging
LogPluginManager: Mounting plugin IOSDeviceProfileSelector
LogPluginManager: Mounting plugin LinuxDeviceProfileSelector
LogPluginManager: Mounting plugin LocationServicesBPLibrary
LogPluginManager: Mounting plugin MobilePatchingUtils
LogPluginManager: Mounting plugin OculusVR
LogPluginManager: Mounting plugin PhysXVehicles
LogPluginManager: Mounting plugin ProceduralMeshComponent
LogPluginManager: Mounting plugin RuntimePhysXCooking
LogPluginManager: Mounting plugin SignificanceManager
LogPluginManager: Mounting plugin SteamVR
LogPluginManager: Mounting plugin WebMMoviePlayer
LogPluginManager: Mounting plugin WindowsMoviePlayer
LogPluginManager: Mounting plugin ScreenshotTools
LogInit: Using libcurl 7.55.1-DEV
LogInit:  - built for x86_64-pc-win32
LogInit:  - supports SSL with OpenSSL/1.1.1
LogInit:  - supports HTTP deflate (compression) using libz 1.2.8
LogInit:  - other features:
LogInit:      CURL_VERSION_SSL
LogInit:      CURL_VERSION_LIBZ
LogInit:      CURL_VERSION_IPV6
LogInit:      CURL_VERSION_ASYNCHDNS
LogInit:      CURL_VERSION_LARGEFILE
LogInit:      CURL_VERSION_IDN
LogInit:  CurlRequestOptions (configurable via config and command line):
LogInit:  - bVerifyPeer = true  - Libcurl will verify peer certificate
LogInit:  - bUseHttpProxy = false  - Libcurl will NOT use HTTP proxy
LogInit:  - bDontReuseConnections = false  - Libcurl will reuse connections
LogInit:  - MaxHostConnections = 16  - Libcurl will limit the number of connections to a host
LogInit:  - LocalHostAddr = Default
LogInit:  - BufferSize = 65536
LogOnline: OSS: Creating online subsystem instance for: NULL
LogInit: WinSock: version 1.1 (2.2), MaxSocks=32767, MaxUdp=65467
LogInit: Build: ++UE4+Release-4.23-CL-9631420
LogInit: Engine Version: 4.23.1-9631420+++UE4+Release-4.23
LogInit: Compatible Engine Version: 4.23.0-8386587+++UE4+Release-4.23
LogInit: Net CL: 8386587
LogInit: OS: Windows 10 (Release 1909) (), CPU: Intel(R) Core(TM) i7-4770 CPU @ 3.40GHz, GPU: NVIDIA GeForce GTX 770
LogInit: Compiled (64-bit): Oct 18 2019 02:07:44
LogInit: Compiled with Visual C++: 19.16.27030.01
LogInit: Build Configuration: Development
LogInit: Branch Name: ++UE4+Release-4.23
LogInit: Command Line:  -skipcompile
LogInit: Base Directory: C:/Program Files/Epic Games/UE_4.23/Engine/Binaries/Win64/
LogInit: Installed Engine Build: 1
LogDevObjectVersion: Number of dev versions registered: 23
LogDevObjectVersion:   Dev-Blueprints (B0D832E4-1F89-4F0D-ACCF-7EB736FD4AA2): 10
LogDevObjectVersion:   Dev-Build (E1C64328-A22C-4D53-A36C-8E866417BD8C): 0
LogDevObjectVersion:   Dev-Core (375EC13C-06E4-48FB-B500-84F0262A717E): 3
LogDevObjectVersion:   Dev-Editor (E4B068ED-F494-42E9-A231-DA0B2E46BB41): 34
LogDevObjectVersion:   Dev-Framework (CFFC743F-43B0-4480-9391-14DF171D2073): 35
LogDevObjectVersion:   Dev-Mobile (B02B49B5-BB20-44E9-A304-32B752E40360): 2
LogDevObjectVersion:   Dev-Networking (A4E4105C-59A1-49B5-A7C5-40C4547EDFEE): 0
LogDevObjectVersion:   Dev-Online (39C831C9-5AE6-47DC-9A44-9C173E1C8E7C): 0
LogDevObjectVersion:   Dev-Physics (78F01B33-EBEA-4F98-B9B4-84EACCB95AA2): 0
LogDevObjectVersion:   Dev-Platform (6631380F-2D4D-43E0-8009-CF276956A95A): 0
LogDevObjectVersion:   Dev-Rendering (12F88B9F-8875-4AFC-A67C-D90C383ABD29): 31
LogDevObjectVersion:   Dev-Sequencer (7B5AE74C-D270-4C10-A958-57980B212A5A): 11
LogDevObjectVersion:   Dev-VR (D7296918-1DD6-4BDD-9DE2-64A83CC13884): 2
LogDevObjectVersion:   Dev-LoadTimes (C2A15278-BFE7-4AFE-6C17-90FF531DF755): 1
LogDevObjectVersion:   Private-Geometry (6EACA3D4-40EC-4CC1-B786-8BED09428FC5): 3
LogDevObjectVersion:   Dev-AnimPhys (29E575DD-E0A3-4627-9D10-D276232CDCEA): 17
LogDevObjectVersion:   Dev-Anim (AF43A65D-7FD3-4947-9873-3E8ED9C1BB05): 2
LogDevObjectVersion:   Dev-ReflectionCapture (6B266CEC-1EC7-4B8F-A30B-E4D90942FC07): 1
LogDevObjectVersion:   Dev-Automation (0DF73D61-A23F-47EA-B727-89E90C41499A): 1
LogDevObjectVersion:   FortniteMain (601D1886-AC64-4F84-AA16-D3DE0DEAC7D6): 27
LogDevObjectVersion:   Dev-Enterprise (9DFFBCD6-494F-0158-E221-12823C92A888): 6
LogDevObjectVersion:   Dev-Niagara (F2AED0AC-9AFE-416F-8664-AA7FFA26D6FC): 1
LogDevObjectVersion:   Dev-Destruction (174F1F0B-B4C6-45A5-B13F-2EE8D0FB917D): 9
LogInit: Presizing for max 16777216 objects, including 0 objects not considered by GC, pre-allocating 0 bytes for permanent pool.
LogInit: Object subsystem initialized
LogConfig: Setting CVar [[con.DebugEarlyDefault:1]]
LogConfig: Setting CVar [[r.setres:1280x720]]
[2020.10.06-22.22.56:212][  0]LogConfig: Setting CVar [[r.VSync:0]]
[2020.10.06-22.22.56:212][  0]LogConfig: Setting CVar [[r.RHICmdBypass:0]]
[2020.10.06-22.22.56:212][  0]LogConfig: Applying CVar settings from Section [/Script/Engine.RendererSettings] File [C:/Users/s191212/Desktop/GoodiesAndGhouls/GhoulsAndGoodies/Saved/Config/Windows/Engine.ini]
[2020.10.06-22.22.56:212][  0]LogConfig: Setting CVar [[r.GPUCrashDebugging:0]]
[2020.10.06-22.22.56:212][  0]LogConfig: Setting CVar [[r.AllowStaticLighting:0]]
[2020.10.06-22.22.56:212][  0]LogConfig: Applying CVar settings from Section [/Script/Engine.RendererOverrideSettings] File [C:/Users/s191212/Desktop/GoodiesAndGhouls/GhoulsAndGoodies/Saved/Config/Windows/Engine.ini]
[2020.10.06-22.22.56:212][  0]LogConfig: Applying CVar settings from Section [/Script/Engine.StreamingSettings] File [C:/Users/s191212/Desktop/GoodiesAndGhouls/GhoulsAndGoodies/Saved/Config/Windows/Engine.ini]
[2020.10.06-22.22.56:212][  0]LogConfig: Setting CVar [[s.MinBulkDataSizeForAsyncLoading:131072]]
[2020.10.06-22.22.56:212][  0]LogConfig: Setting CVar [[s.AsyncLoadingThreadEnabled:0]]
[2020.10.06-22.22.56:212][  0]LogConfig: Setting CVar [[s.EventDrivenLoaderEnabled:1]]
[2020.10.06-22.22.56:212][  0]LogConfig: Setting CVar [[s.WarnIfTimeLimitExceeded:0]]
[2020.10.06-22.22.56:213][  0]LogConfig: Setting CVar [[s.TimeLimitExceededMultiplier:1.5]]
[2020.10.06-22.22.56:213][  0]LogConfig: Setting CVar [[s.TimeLimitExceededMinTime:0.005]]
[2020.10.06-22.22.56:213][  0]LogConfig: Setting CVar [[s.UseBackgroundLevelStreaming:1]]
[2020.10.06-22.22.56:213][  0]LogConfig: Setting CVar [[s.PriorityAsyncLoadingExtraTime:15.0]]
[2020.10.06-22.22.56:213][  0]LogConfig: Setting CVar [[s.LevelStreamingActorsUpdateTimeLimit:5.0]]
[2020.10.06-22.22.56:213][  0]LogConfig: Setting CVar [[s.PriorityLevelStreamingActorsUpdateExtraTime:5.0]]
[2020.10.06-22.22.56:213][  0]LogConfig: Setting CVar [[s.LevelStreamingComponentsRegistrationGranularity:10]]
[2020.10.06-22.22.56:213][  0]LogConfig: Setting CVar [[s.UnregisterComponentsTimeLimit:1.0]]
[2020.10.06-22.22.56:213][  0]LogConfig: Setting CVar [[s.LevelStreamingComponentsUnregistrationGranularity:5]]
[2020.10.06-22.22.56:213][  0]LogConfig: Applying CVar settings from Section [/Script/Engine.GarbageCollectionSettings] File [C:/Users/s191212/Desktop/GoodiesAndGhouls/GhoulsAndGoodies/Saved/Config/Windows/Engine.ini]
[2020.10.06-22.22.56:213][  0]LogConfig: Setting CVar [[gc.MaxObjectsNotConsideredByGC:1]]
[2020.10.06-22.22.56:213][  0]LogConfig: Setting CVar [[gc.SizeOfPermanentObjectPool:0]]
[2020.10.06-22.22.56:213][  0]LogConfig: Setting CVar [[gc.FlushStreamingOnGC:0]]
[2020.10.06-22.22.56:213][  0]LogConfig: Setting CVar [[gc.NumRetriesBeforeForcingGC:10]]
[2020.10.06-22.22.56:213][  0]LogConfig: Setting CVar [[gc.AllowParallelGC:1]]
[2020.10.06-22.22.56:213][  0]LogConfig: Setting CVar [[gc.TimeBetweenPurgingPendingKillObjects:61.1]]
[2020.10.06-22.22.56:214][  0]LogConfig: Setting CVar [[gc.MaxObjectsInEditor:16777216]]
[2020.10.06-22.22.56:214][  0]LogConfig: Setting CVar [[gc.IncrementalBeginDestroyEnabled:1]]
[2020.10.06-22.22.56:214][  0]LogConfig: Setting CVar [[gc.CreateGCClusters:1]]
[2020.10.06-22.22.56:214][  0]LogConfig: Setting CVar [[gc.MinGCClusterSize:5]]
[2020.10.06-22.22.56:214][  0]LogConfig: Setting CVar [[gc.ActorClusteringEnabled:0]]
[2020.10.06-22.22.56:214][  0]LogConfig: Setting CVar [[gc.BlueprintClusteringEnabled:0]]
[2020.10.06-22.22.56:214][  0]LogConfig: Setting CVar [[gc.UseDisregardForGCOnDedicatedServers:0]]
[2020.10.06-22.22.56:214][  0]LogConfig: Applying CVar settings from Section [/Script/Engine.NetworkSettings] File [C:/Users/s191212/Desktop/GoodiesAndGhouls/GhoulsAndGoodies/Saved/Config/Windows/Engine.ini]
[2020.10.06-22.22.56:214][  0]LogConfig: Applying CVar settings from Section [/Script/UnrealEd.CookerSettings] File [C:/Users/s191212/Desktop/GoodiesAndGhouls/GhoulsAndGoodies/Saved/Config/Windows/Engine.ini]
[2020.10.06-22.22.56:226][  0]LogConfig: Applying CVar settings from Section [ViewDistanceQuality@3] File [C:/Users/s191212/Desktop/GoodiesAndGhouls/GhoulsAndGoodies/Saved/Config/Windows/Scalability.ini]
[2020.10.06-22.22.56:226][  0]LogConfig: Setting CVar [[r.SkeletalMeshLODBias:0]]
[2020.10.06-22.22.56:226][  0]LogConfig: Setting CVar [[r.ViewDistanceScale:1.0]]
[2020.10.06-22.22.56:226][  0]LogConfig: Applying CVar settings from Section [AntiAliasingQuality@3] File [C:/Users/s191212/Desktop/GoodiesAndGhouls/GhoulsAndGoodies/Saved/Config/Windows/Scalability.ini]
[2020.10.06-22.22.56:226][  0]LogConfig: Setting CVar [[r.PostProcessAAQuality:4]]
[2020.10.06-22.22.56:226][  0]LogConfig: Applying CVar settings from Section [ShadowQuality@3] File [C:/Users/s191212/Desktop/GoodiesAndGhouls/GhoulsAndGoodies/Saved/Config/Windows/Scalability.ini]
[2020.10.06-22.22.56:226][  0]LogConfig: Setting CVar [[r.LightFunctionQuality:1]]
[2020.10.06-22.22.56:226][  0]LogConfig: Setting CVar [[r.ShadowQuality:5]]
[2020.10.06-22.22.56:226][  0]LogConfig: Setting CVar [[r.Shadow.CSM.MaxCascades:10]]
[2020.10.06-22.22.56:226][  0]LogConfig: Setting CVar [[r.Shadow.MaxResolution:2048]]
[2020.10.06-22.22.56:226][  0]LogConfig: Setting CVar [[r.Shadow.MaxCSMResolution:2048]]
[2020.10.06-22.22.56:226][  0]LogConfig: Setting CVar [[r.Shadow.RadiusThreshold:0.01]]
[2020.10.06-22.22.56:226][  0]LogConfig: Setting CVar [[r.Shadow.DistanceScale:1.0]]
[2020.10.06-22.22.56:226][  0]LogConfig: Setting CVar [[r.Shadow.CSM.TransitionScale:1.0]]
[2020.10.06-22.22.56:226][  0]LogConfig: Setting CVar [[r.Shadow.PreShadowResolutionFactor:1.0]]
[2020.10.06-22.22.56:227][  0]LogConfig: Setting CVar [[r.DistanceFieldShadowing:1]]
[2020.10.06-22.22.56:227][  0]LogConfig: Setting CVar [[r.DistanceFieldAO:1]]
[2020.10.06-22.22.56:227][  0]LogConfig: Setting CVar [[r.AOQuality:2]]
[2020.10.06-22.22.56:227][  0]LogConfig: Setting CVar [[r.VolumetricFog:1]]
[2020.10.06-22.22.56:227][  0]LogConfig: Setting CVar [[r.VolumetricFog.GridPixelSize:8]]
[2020.10.06-22.22.56:227][  0]LogConfig: Setting CVar [[r.VolumetricFog.GridSizeZ:128]]
[2020.10.06-22.22.56:227][  0]LogConfig: Setting CVar [[r.VolumetricFog.HistoryMissSupersampleCount:4]]
[2020.10.06-22.22.56:227][  0]LogConfig: Setting CVar [[r.LightMaxDrawDistanceScale:1]]
[2020.10.06-22.22.56:228][  0]LogConfig: Setting CVar [[r.CapsuleShadows:1]]
[2020.10.06-22.22.56:228][  0]LogConfig: Applying CVar settings from Section [PostProcessQuality@3] File [C:/Users/s191212/Desktop/GoodiesAndGhouls/GhoulsAndGoodies/Saved/Config/Windows/Scalability.ini]
[2020.10.06-22.22.56:228][  0]LogConfig: Setting CVar [[r.MotionBlurQuality:4]]
[2020.10.06-22.22.56:228][  0]LogConfig: Setting CVar [[r.AmbientOcclusionMipLevelFactor:0.4]]
[2020.10.06-22.22.56:228][  0]LogConfig: Setting CVar [[r.AmbientOcclusionMaxQuality:100]]
[2020.10.06-22.22.56:228][  0]LogConfig: Setting CVar [[r.AmbientOcclusionLevels:-1]]
[2020.10.06-22.22.56:228][  0]LogConfig: Setting CVar [[r.AmbientOcclusionRadiusScale:1.0]]
[2020.10.06-22.22.56:228][  0]LogConfig: Setting CVar [[r.DepthOfFieldQuality:2]]
[2020.10.06-22.22.56:228][  0]LogConfig: Setting CVar [[r.RenderTargetPoolMin:400]]
[2020.10.06-22.22.56:228][  0]LogConfig: Setting CVar [[r.LensFlareQuality:2]]
[2020.10.06-22.22.56:228][  0]LogConfig: Setting CVar [[r.SceneColorFringeQuality:1]]
[2020.10.06-22.22.56:228][  0]LogConfig: Setting CVar [[r.EyeAdaptationQuality:2]]
[2020.10.06-22.22.56:228][  0]LogConfig: Setting CVar [[r.BloomQuality:5]]
[2020.10.06-22.22.56:228][  0]LogConfig: Setting CVar [[r.FastBlurThreshold:100]]
[2020.10.06-22.22.56:228][  0]LogConfig: Setting CVar [[r.Upscale.Quality:3]]
[2020.10.06-22.22.56:228][  0]LogConfig: Setting CVar [[r.Tonemapper.GrainQuantization:1]]
[2020.10.06-22.22.56:229][  0]LogConfig: Setting CVar [[r.LightShaftQuality:1]]
[2020.10.06-22.22.56:229][  0]LogConfig: Setting CVar [[r.Filter.SizeScale:1]]
[2020.10.06-22.22.56:229][  0]LogConfig: Setting CVar [[r.Tonemapper.Quality:5]]
[2020.10.06-22.22.56:229][  0]LogConfig: Setting CVar [[r.DOF.Gather.AccumulatorQuality:1        ; higher gathering accumulator quality]]
[2020.10.06-22.22.56:229][  0]LogConfig: Setting CVar [[r.DOF.Gather.PostfilterMethod:1          ; Median3x3 postfilering method]]
[2020.10.06-22.22.56:229][  0]LogConfig: Setting CVar [[r.DOF.Gather.EnableBokehSettings:0       ; no bokeh simulation when gathering]]
[2020.10.06-22.22.56:229][  0]LogConfig: Setting CVar [[r.DOF.Gather.RingCount:4                 ; medium number of samples when gathering]]
[2020.10.06-22.22.56:229][  0]LogConfig: Setting CVar [[r.DOF.Scatter.ForegroundCompositing:1    ; additive foreground scattering]]
[2020.10.06-22.22.56:229][  0]LogConfig: Setting CVar [[r.DOF.Scatter.BackgroundCompositing:2    ; additive background scattering]]
[2020.10.06-22.22.56:229][  0]LogConfig: Setting CVar [[r.DOF.Scatter.EnableBokehSettings:1      ; bokeh simulation when scattering]]
[2020.10.06-22.22.56:229][  0]LogConfig: Setting CVar [[r.DOF.Scatter.MaxSpriteRatio:0.1         ; only a maximum of 10% of scattered bokeh]]
[2020.10.06-22.22.56:229][  0]LogConfig: Setting CVar [[r.DOF.Recombine.Quality:1                ; cheap slight out of focus]]
[2020.10.06-22.22.56:229][  0]LogConfig: Setting CVar [[r.DOF.Recombine.EnableBokehSettings:0    ; no bokeh simulation on slight out of focus]]
[2020.10.06-22.22.56:229][  0]LogConfig: Setting CVar [[r.DOF.TemporalAAQuality:1                ; more stable temporal accumulation]]
[2020.10.06-22.22.56:229][  0]LogConfig: Setting CVar [[r.DOF.Kernel.MaxForegroundRadius:0.025]]
[2020.10.06-22.22.56:230][  0]LogConfig: Setting CVar [[r.DOF.Kernel.MaxBackgroundRadius:0.025]]
[2020.10.06-22.22.56:230][  0]LogConfig: Applying CVar settings from Section [TextureQuality@3] File [C:/Users/s191212/Desktop/GoodiesAndGhouls/GhoulsAndGoodies/Saved/Config/Windows/Scalability.ini]
[2020.10.06-22.22.56:230][  0]LogConfig: Setting CVar [[r.Streaming.MipBias:0]]
[2020.10.06-22.22.56:230][  0]LogConfig: Setting CVar [[r.Streaming.AmortizeCPUToGPUCopy:0]]
[2020.10.06-22.22.56:230][  0]LogConfig: Setting CVar [[r.Streaming.MaxNumTexturesToStreamPerFrame:0]]
[2020.10.06-22.22.56:230][  0]LogConfig: Setting CVar [[r.Streaming.Boost:1]]
[2020.10.06-22.22.56:230][  0]LogConfig: Setting CVar [[r.MaxAnisotropy:8]]
[2020.10.06-22.22.56:230][  0]LogConfig: Setting CVar [[r.Streaming.LimitPoolSizeToVRAM:0]]
[2020.10.06-22.22.56:230][  0]LogConfig: Setting CVar [[r.Streaming.PoolSize:1000]]
[2020.10.06-22.22.56:230][  0]LogConfig: Setting CVar [[r.Streaming.MaxEffectiveScreenSize:0]]
[2020.10.06-22.22.56:231][  0]LogConfig: Applying CVar settings from Section [EffectsQuality@3] File [C:/Users/s191212/Desktop/GoodiesAndGhouls/GhoulsAndGoodies/Saved/Config/Windows/Scalability.ini]
[2020.10.06-22.22.56:231][  0]LogConfig: Setting CVar [[r.TranslucencyLightingVolumeDim:64]]
[2020.10.06-22.22.56:231][  0]LogConfig: Setting CVar [[r.RefractionQuality:2]]
[2020.10.06-22.22.56:231][  0]LogConfig: Setting CVar [[r.SSR.Quality:3]]
[2020.10.06-22.22.56:232][  0]LogConfig: Setting CVar [[r.SceneColorFormat:4]]
[2020.10.06-22.22.56:232][  0]LogConfig: Setting CVar [[r.DetailMode:2]]
[2020.10.06-22.22.56:232][  0]LogConfig: Setting CVar [[r.TranslucencyVolumeBlur:1]]
[2020.10.06-22.22.56:232][  0]LogConfig: Setting CVar [[r.MaterialQualityLevel:1 ; High quality]]
[2020.10.06-22.22.56:232][  0]LogConfig: Setting CVar [[r.SSS.Scale:1]]
[2020.10.06-22.22.56:232][  0]LogConfig: Setting CVar [[r.SSS.SampleSet:2]]
[2020.10.06-22.22.56:232][  0]LogConfig: Setting CVar [[r.SSS.Quality:1]]
[2020.10.06-22.22.56:232][  0]LogConfig: Setting CVar [[r.SSS.HalfRes:1]]
[2020.10.06-22.22.56:232][  0]LogConfig: Setting CVar [[r.EmitterSpawnRateScale:1.0]]
[2020.10.06-22.22.56:232][  0]LogConfig: Setting CVar [[r.ParticleLightQuality:2]]
[2020.10.06-22.22.56:232][  0]LogConfig: Applying CVar settings from Section [FoliageQuality@3] File [C:/Users/s191212/Desktop/GoodiesAndGhouls/GhoulsAndGoodies/Saved/Config/Windows/Scalability.ini]
[2020.10.06-22.22.56:232][  0]LogConfig: Setting CVar [[foliage.DensityScale:1.0]]
[2020.10.06-22.22.56:232][  0]LogConfig: Setting CVar [[grass.DensityScale:1.0]]
[2020.10.06-22.22.56:232][  0]LogInit: Selected Device Profile: [Windows]
[2020.10.06-22.22.56:233][  0]LogInit: Applying CVar settings loaded from the selected device profile: [Windows]
[2020.10.06-22.22.56:236][  0]LogHAL: Display: Platform has ~ 32 GB [34241368064 / 34359738368 / 32], which maps to Largest [LargestMinGB=32, LargerMinGB=12, DefaultMinGB=8, SmallerMinGB=6, SmallestMinGB=0)
[2020.10.06-22.22.56:237][  0]LogInit: Going up to parent DeviceProfile []
[2020.10.06-22.22.56:237][  0]LogConfig: Applying CVar settings from Section [ViewDistanceQuality@3] File [C:/Users/s191212/Desktop/GoodiesAndGhouls/GhoulsAndGoodies/Saved/Config/Windows/Scalability.ini]
[2020.10.06-22.22.56:237][  0]LogConfig: Setting CVar [[r.SkeletalMeshLODBias:0]]
[2020.10.06-22.22.56:237][  0]LogConfig: Setting CVar [[r.ViewDistanceScale:1.0]]
[2020.10.06-22.22.56:237][  0]LogConfig: Applying CVar settings from Section [AntiAliasingQuality@3] File [C:/Users/s191212/Desktop/GoodiesAndGhouls/GhoulsAndGoodies/Saved/Config/Windows/Scalability.ini]
[2020.10.06-22.22.56:237][  0]LogConfig: Setting CVar [[r.PostProcessAAQuality:4]]
[2020.10.06-22.22.56:237][  0]LogConfig: Applying CVar settings from Section [ShadowQuality@3] File [C:/Users/s191212/Desktop/GoodiesAndGhouls/GhoulsAndGoodies/Saved/Config/Windows/Scalability.ini]
[2020.10.06-22.22.56:237][  0]LogConfig: Setting CVar [[r.LightFunctionQuality:1]]
[2020.10.06-22.22.56:237][  0]LogConfig: Setting CVar [[r.ShadowQuality:5]]
[2020.10.06-22.22.56:237][  0]LogConfig: Setting CVar [[r.Shadow.CSM.MaxCascades:10]]
[2020.10.06-22.22.56:237][  0]LogConfig: Setting CVar [[r.Shadow.MaxResolution:2048]]
[2020.10.06-22.22.56:237][  0]LogConfig: Setting CVar [[r.Shadow.MaxCSMResolution:2048]]
[2020.10.06-22.22.56:237][  0]LogConfig: Setting CVar [[r.Shadow.RadiusThreshold:0.01]]
[2020.10.06-22.22.56:237][  0]LogConfig: Setting CVar [[r.Shadow.DistanceScale:1.0]]
[2020.10.06-22.22.56:237][  0]LogConfig: Setting CVar [[r.Shadow.CSM.TransitionScale:1.0]]
[2020.10.06-22.22.56:237][  0]LogConfig: Setting CVar [[r.Shadow.PreShadowResolutionFactor:1.0]]
[2020.10.06-22.22.56:238][  0]LogConfig: Setting CVar [[r.DistanceFieldShadowing:1]]
[2020.10.06-22.22.56:238][  0]LogConfig: Setting CVar [[r.DistanceFieldAO:1]]
[2020.10.06-22.22.56:238][  0]LogConfig: Setting CVar [[r.AOQuality:2]]
[2020.10.06-22.22.56:238][  0]LogConfig: Setting CVar [[r.VolumetricFog:1]]
[2020.10.06-22.22.56:238][  0]LogConfig: Setting CVar [[r.VolumetricFog.GridPixelSize:8]]
[2020.10.06-22.22.56:238][  0]LogConfig: Setting CVar [[r.VolumetricFog.GridSizeZ:128]]
[2020.10.06-22.22.56:238][  0]LogConfig: Setting CVar [[r.VolumetricFog.HistoryMissSupersampleCount:4]]
[2020.10.06-22.22.56:238][  0]LogConfig: Setting CVar [[r.LightMaxDrawDistanceScale:1]]
[2020.10.06-22.22.56:238][  0]LogConfig: Setting CVar [[r.CapsuleShadows:1]]
[2020.10.06-22.22.56:238][  0]LogConfig: Applying CVar settings from Section [PostProcessQuality@3] File [C:/Users/s191212/Desktop/GoodiesAndGhouls/GhoulsAndGoodies/Saved/Config/Windows/Scalability.ini]
[2020.10.06-22.22.56:238][  0]LogConfig: Setting CVar [[r.MotionBlurQuality:4]]
[2020.10.06-22.22.56:238][  0]LogConfig: Setting CVar [[r.AmbientOcclusionMipLevelFactor:0.4]]
[2020.10.06-22.22.56:238][  0]LogConfig: Setting CVar [[r.AmbientOcclusionMaxQuality:100]]
[2020.10.06-22.22.56:238][  0]LogConfig: Setting CVar [[r.AmbientOcclusionLevels:-1]]
[2020.10.06-22.22.56:238][  0]LogConfig: Setting CVar [[r.AmbientOcclusionRadiusScale:1.0]]
[2020.10.06-22.22.56:238][  0]LogConfig: Setting CVar [[r.DepthOfFieldQuality:2]]
[2020.10.06-22.22.56:239][  0]LogConfig: Setting CVar [[r.RenderTargetPoolMin:400]]
[2020.10.06-22.22.56:239][  0]LogConfig: Setting CVar [[r.LensFlareQuality:2]]
[2020.10.06-22.22.56:239][  0]LogConfig: Setting CVar [[r.SceneColorFringeQuality:1]]
[2020.10.06-22.22.56:239][  0]LogConfig: Setting CVar [[r.EyeAdaptationQuality:2]]
[2020.10.06-22.22.56:239][  0]LogConfig: Setting CVar [[r.BloomQuality:5]]
[2020.10.06-22.22.56:239][  0]LogConfig: Setting CVar [[r.FastBlurThreshold:100]]
[2020.10.06-22.22.56:239][  0]LogConfig: Setting CVar [[r.Upscale.Quality:3]]
[2020.10.06-22.22.56:239][  0]LogConfig: Setting CVar [[r.Tonemapper.GrainQuantization:1]]
[2020.10.06-22.22.56:239][  0]LogConfig: Setting CVar [[r.LightShaftQuality:1]]
[2020.10.06-22.22.56:239][  0]LogConfig: Setting CVar [[r.Filter.SizeScale:1]]
[2020.10.06-22.22.56:239][  0]LogConfig: Setting CVar [[r.Tonemapper.Quality:5]]
[2020.10.06-22.22.56:239][  0]LogConfig: Setting CVar [[r.DOF.Gather.AccumulatorQuality:1        ; higher gathering accumulator quality]]
[2020.10.06-22.22.56:239][  0]LogConfig: Setting CVar [[r.DOF.Gather.PostfilterMethod:1          ; Median3x3 postfilering method]]
[2020.10.06-22.22.56:239][  0]LogConfig: Setting CVar [[r.DOF.Gather.EnableBokehSettings:0       ; no bokeh simulation when gathering]]
[2020.10.06-22.22.56:239][  0]LogConfig: Setting CVar [[r.DOF.Gather.RingCount:4                 ; medium number of samples when gathering]]
[2020.10.06-22.22.56:239][  0]LogConfig: Setting CVar [[r.DOF.Scatter.ForegroundCompositing:1    ; additive foreground scattering]]
[2020.10.06-22.22.56:239][  0]LogConfig: Setting CVar [[r.DOF.Scatter.BackgroundCompositing:2    ; additive background scattering]]
[2020.10.06-22.22.56:239][  0]LogConfig: Setting CVar [[r.DOF.Scatter.EnableBokehSettings:1      ; bokeh simulation when scattering]]
[2020.10.06-22.22.56:239][  0]LogConfig: Setting CVar [[r.DOF.Scatter.MaxSpriteRatio:0.1         ; only a maximum of 10% of scattered bokeh]]
[2020.10.06-22.22.56:240][  0]LogConfig: Setting CVar [[r.DOF.Recombine.Quality:1                ; cheap slight out of focus]]
[2020.10.06-22.22.56:240][  0]LogConfig: Setting CVar [[r.DOF.Recombine.EnableBokehSettings:0    ; no bokeh simulation on slight out of focus]]
[2020.10.06-22.22.56:240][  0]LogConfig: Setting CVar [[r.DOF.TemporalAAQuality:1                ; more stable temporal accumulation]]
[2020.10.06-22.22.56:240][  0]LogConfig: Setting CVar [[r.DOF.Kernel.MaxForegroundRadius:0.025]]
[2020.10.06-22.22.56:240][  0]LogConfig: Setting CVar [[r.DOF.Kernel.MaxBackgroundRadius:0.025]]
[2020.10.06-22.22.56:240][  0]LogConfig: Applying CVar settings from Section [TextureQuality@3] File [C:/Users/s191212/Desktop/GoodiesAndGhouls/GhoulsAndGoodies/Saved/Config/Windows/Scalability.ini]
[2020.10.06-22.22.56:240][  0]LogConfig: Setting CVar [[r.Streaming.MipBias:0]]
[2020.10.06-22.22.56:240][  0]LogConfig: Setting CVar [[r.Streaming.AmortizeCPUToGPUCopy:0]]
[2020.10.06-22.22.56:240][  0]LogConfig: Setting CVar [[r.Streaming.MaxNumTexturesToStreamPerFrame:0]]
[2020.10.06-22.22.56:240][  0]LogConfig: Setting CVar [[r.Streaming.Boost:1]]
[2020.10.06-22.22.56:240][  0]LogConfig: Setting CVar [[r.MaxAnisotropy:8]]
[2020.10.06-22.22.56:240][  0]LogConfig: Setting CVar [[r.Streaming.LimitPoolSizeToVRAM:0]]
[2020.10.06-22.22.56:240][  0]LogConfig: Setting CVar [[r.Streaming.PoolSize:1000]]
[2020.10.06-22.22.56:240][  0]LogConfig: Setting CVar [[r.Streaming.MaxEffectiveScreenSize:0]]
[2020.10.06-22.22.56:240][  0]LogConfig: Applying CVar settings from Section [EffectsQuality@3] File [C:/Users/s191212/Desktop/GoodiesAndGhouls/GhoulsAndGoodies/Saved/Config/Windows/Scalability.ini]
[2020.10.06-22.22.56:240][  0]LogConfig: Setting CVar [[r.TranslucencyLightingVolumeDim:64]]
[2020.10.06-22.22.56:240][  0]LogConfig: Setting CVar [[r.RefractionQuality:2]]
[2020.10.06-22.22.56:241][  0]LogConfig: Setting CVar [[r.SSR.Quality:3]]
[2020.10.06-22.22.56:241][  0]LogConfig: Setting CVar [[r.SceneColorFormat:4]]
[2020.10.06-22.22.56:241][  0]LogConfig: Setting CVar [[r.DetailMode:2]]
[2020.10.06-22.22.56:241][  0]LogConfig: Setting CVar [[r.TranslucencyVolumeBlur:1]]
[2020.10.06-22.22.56:241][  0]LogConfig: Setting CVar [[r.MaterialQualityLevel:1 ; High quality]]
[2020.10.06-22.22.56:241][  0]LogConfig: Setting CVar [[r.SSS.Scale:1]]
[2020.10.06-22.22.56:241][  0]LogConfig: Setting CVar [[r.SSS.SampleSet:2]]
[2020.10.06-22.22.56:241][  0]LogConfig: Setting CVar [[r.SSS.Quality:1]]
[2020.10.06-22.22.56:241][  0]LogConfig: Setting CVar [[r.SSS.HalfRes:1]]
[2020.10.06-22.22.56:241][  0]LogConfig: Setting CVar [[r.EmitterSpawnRateScale:1.0]]
[2020.10.06-22.22.56:241][  0]LogConfig: Setting CVar [[r.ParticleLightQuality:2]]
[2020.10.06-22.22.56:241][  0]LogConfig: Applying CVar settings from Section [FoliageQuality@3] File [C:/Users/s191212/Desktop/GoodiesAndGhouls/GhoulsAndGoodies/Saved/Config/Windows/Scalability.ini]
[2020.10.06-22.22.56:241][  0]LogConfig: Setting CVar [[foliage.DensityScale:1.0]]
[2020.10.06-22.22.56:241][  0]LogConfig: Setting CVar [[grass.DensityScale:1.0]]
[2020.10.06-22.22.56:241][  0]LogConfig: Applying CVar settings from Section [Startup] File [../../../Engine/Config/ConsoleVariables.ini]
[2020.10.06-22.22.56:242][  0]LogConfig: Setting CVar [[net.UseAdaptiveNetUpdateFrequency:0]]
[2020.10.06-22.22.56:242][  0]LogConfig: Setting CVar [[p.chaos.AllowCreatePhysxBodies:1]]
[2020.10.06-22.22.56:242][  0]LogConfig: Applying CVar settings from Section [ConsoleVariables] File [C:/Users/s191212/Desktop/GoodiesAndGhouls/GhoulsAndGoodies/Saved/Config/Windows/Engine.ini]
[2020.10.06-22.22.56:242][  0]LogInit: Computer: SYD-1720C2
[2020.10.06-22.22.56:242][  0]LogInit: User: s191212
[2020.10.06-22.22.56:242][  0]LogInit: CPU Page size=4096, Cores=4
[2020.10.06-22.22.56:242][  0]LogInit: High frequency timer resolution =10.000000 MHz
[2020.10.06-22.22.56:243][  0]LogMemory: Memory total: Physical=31.9GB (32GB approx)
[2020.10.06-22.22.56:243][  0]LogMemory: Platform Memory Stats for Windows
[2020.10.06-22.22.56:243][  0]LogMemory: Process Physical Memory: 100.71 MB used, 100.72 MB peak
[2020.10.06-22.22.56:243][  0]LogMemory: Process Virtual Memory: 88.64 MB used, 88.64 MB peak
[2020.10.06-22.22.56:243][  0]LogMemory: Physical Memory: 6845.32 MB used,  25809.79 MB free, 32655.11 MB total
[2020.10.06-22.22.56:243][  0]LogMemory: Virtual Memory: 4656.43 MB used,  134213072.00 MB free, 134217728.00 MB total
[2020.10.06-22.22.56:250][  0]LogWindows: WindowsPlatformFeatures enabled
[2020.10.06-22.22.56:542][  0]LogInit: Using OS detected language (en-US).
[2020.10.06-22.22.56:542][  0]LogInit: Using OS detected locale (en-AU).
[2020.10.06-22.22.56:543][  0]LogTextLocalizationManager: No specific localization for 'en-US' exists, so the 'en' localization will be used.
[2020.10.06-22.22.56:780][  0]LogInit: Setting process to per monitor DPI aware
[2020.10.06-22.22.56:859][  0]LogSlate: New Slate User Created.  User Index 0, Is Virtual User: 0
[2020.10.06-22.22.56:859][  0]LogSlate: Slate User Registered.  User Index 0, Is Virtual User: 0
[2020.10.06-22.22.57:053][  0]LogHMD: Failed to initialize OpenVR with code 110
[2020.10.06-22.22.57:053][  0]LogD3D11RHI: D3D11 adapters:
[2020.10.06-22.22.57:147][  0]LogD3D11RHI:    0. 'NVIDIA GeForce GTX 770' (Feature Level 11_0)
[2020.10.06-22.22.57:147][  0]LogD3D11RHI:       2007/0/16327 MB DedicatedVideo/DedicatedSystem/SharedSystem, Outputs:2, VendorId:0x10de
[2020.10.06-22.22.57:177][  0]LogD3D11RHI:    1. 'Intel(R) HD Graphics 4600' (Feature Level 11_0)
[2020.10.06-22.22.57:177][  0]LogD3D11RHI:       112/0/2048 MB DedicatedVideo/DedicatedSystem/SharedSystem, Outputs:0, VendorId:0x8086
[2020.10.06-22.22.57:186][  0]LogD3D11RHI:    2. 'Microsoft Basic Render Driver' (Feature Level 11_0)
[2020.10.06-22.22.57:187][  0]LogD3D11RHI:       0/0/16327 MB DedicatedVideo/DedicatedSystem/SharedSystem, Outputs:0, VendorId:0x1414
[2020.10.06-22.22.57:187][  0]LogD3D11RHI: Chosen D3D11 Adapter: 0
[2020.10.06-22.22.57:197][  0]LogD3D11RHI: Creating new Direct3DDevice
[2020.10.06-22.22.57:197][  0]LogD3D11RHI:     GPU DeviceId: 0x1184 (for the marketing name, search the web for "GPU Device Id")
[2020.10.06-22.22.57:197][  0]LogWindows: EnumDisplayDevices:
[2020.10.06-22.22.57:197][  0]LogWindows:    0. 'NVIDIA GeForce GTX 770' (P:0 D:1)
[2020.10.06-22.22.57:198][  0]LogWindows:    1. 'NVIDIA GeForce GTX 770' (P:1 D:1)
[2020.10.06-22.22.57:198][  0]LogWindows:    2. 'NVIDIA GeForce GTX 770' (P:0 D:0)
[2020.10.06-22.22.57:198][  0]LogWindows:    3. 'NVIDIA GeForce GTX 770' (P:0 D:0)
[2020.10.06-22.22.57:199][  0]LogWindows:    4. 'Intel(R) HD Graphics 4600' (P:0 D:0)
[2020.10.06-22.22.57:199][  0]LogWindows:    5. 'Intel(R) HD Graphics 4600' (P:0 D:0)
[2020.10.06-22.22.57:199][  0]LogWindows:    6. 'Intel(R) HD Graphics 4600' (P:0 D:0)
[2020.10.06-22.22.57:200][  0]LogWindows: DebugString: PrimaryIsNotTheChoosenAdapter PrimaryIsNotTheChoosenAdapter PrimaryIsNotTheChoosenAdapter FoundDriverCount:4 
[2020.10.06-22.22.57:200][  0]LogD3D11RHI:     Adapter Name: NVIDIA GeForce GTX 770
[2020.10.06-22.22.57:200][  0]LogD3D11RHI:   Driver Version: 451.67 (internal:27.21.14.5167, unified:451.67)
[2020.10.06-22.22.57:200][  0]LogD3D11RHI:      Driver Date: 7-5-2020
[2020.10.06-22.22.57:200][  0]LogRHI: Texture pool is 1404 MB (70% of 2007 MB)
[2020.10.06-22.22.57:274][  0]LogD3D11RHI: Async texture creation enabled
[2020.10.06-22.22.57:291][  0]LogD3D11RHI: GPU Timing Frequency: 1000.000000 (Debug: 2 1)
[2020.10.06-22.22.57:837][  0]LogTemp: Display: Module 'AllDesktopTargetPlatform' loaded TargetPlatform 'AllDesktop'
[2020.10.06-22.22.57:854][  0]LogTemp: Display: Module 'MacClientTargetPlatform' loaded TargetPlatform 'MacClient'
[2020.10.06-22.22.57:872][  0]LogTemp: Display: Module 'MacNoEditorTargetPlatform' loaded TargetPlatform 'MacNoEditor'
[2020.10.06-22.22.57:886][  0]LogTemp: Display: Module 'MacServerTargetPlatform' loaded TargetPlatform 'MacServer'
[2020.10.06-22.22.57:899][  0]LogTemp: Display: Module 'MacTargetPlatform' loaded TargetPlatform 'Mac'
[2020.10.06-22.22.57:914][  0]LogTemp: Display: Module 'WindowsClientTargetPlatform' loaded TargetPlatform 'WindowsClient'
[2020.10.06-22.22.57:926][  0]LogTemp: Display: Module 'WindowsNoEditorTargetPlatform' loaded TargetPlatform 'WindowsNoEditor'
[2020.10.06-22.22.57:943][  0]LogTemp: Display: Module 'WindowsServerTargetPlatform' loaded TargetPlatform 'WindowsServer'
[2020.10.06-22.22.57:952][  0]LogTemp: Display: Module 'WindowsTargetPlatform' loaded TargetPlatform 'Windows'
[2020.10.06-22.22.57:996][  0]LogTemp: Display: Module 'AndroidTargetPlatform' loaded TargetPlatform 'Android'
[2020.10.06-22.22.57:996][  0]LogTemp: Display: Module 'AndroidTargetPlatform' loaded TargetPlatform 'Android_ASTC'
[2020.10.06-22.22.57:996][  0]LogTemp: Display: Module 'AndroidTargetPlatform' loaded TargetPlatform 'Android_ATC'
[2020.10.06-22.22.57:996][  0]LogTemp: Display: Module 'AndroidTargetPlatform' loaded TargetPlatform 'Android_DXT'
[2020.10.06-22.22.57:996][  0]LogTemp: Display: Module 'AndroidTargetPlatform' loaded TargetPlatform 'Android_ETC1'
[2020.10.06-22.22.57:996][  0]LogTemp: Display: Module 'AndroidTargetPlatform' loaded TargetPlatform 'Android_ETC1a'
[2020.10.06-22.22.57:996][  0]LogTemp: Display: Module 'AndroidTargetPlatform' loaded TargetPlatform 'Android_ETC2'
[2020.10.06-22.22.57:997][  0]LogTemp: Display: Module 'AndroidTargetPlatform' loaded TargetPlatform 'Android_PVRTC'
[2020.10.06-22.22.57:997][  0]LogTemp: Display: Module 'AndroidTargetPlatform' loaded TargetPlatform 'AndroidClient'
[2020.10.06-22.22.57:997][  0]LogTemp: Display: Module 'AndroidTargetPlatform' loaded TargetPlatform 'Android_ASTCClient'
[2020.10.06-22.22.57:997][  0]LogTemp: Display: Module 'AndroidTargetPlatform' loaded TargetPlatform 'Android_ATCClient'
[2020.10.06-22.22.57:997][  0]LogTemp: Display: Module 'AndroidTargetPlatform' loaded TargetPlatform 'Android_DXTClient'
[2020.10.06-22.22.57:997][  0]LogTemp: Display: Module 'AndroidTargetPlatform' loaded TargetPlatform 'Android_ETC1Client'
[2020.10.06-22.22.57:997][  0]LogTemp: Display: Module 'AndroidTargetPlatform' loaded TargetPlatform 'Android_ETC1aClient'
[2020.10.06-22.22.57:997][  0]LogTemp: Display: Module 'AndroidTargetPlatform' loaded TargetPlatform 'Android_ETC2Client'
[2020.10.06-22.22.57:997][  0]LogTemp: Display: Module 'AndroidTargetPlatform' loaded TargetPlatform 'Android_PVRTCClient'
[2020.10.06-22.22.57:997][  0]LogTemp: Display: Module 'AndroidTargetPlatform' loaded TargetPlatform 'Android_Multi'
[2020.10.06-22.22.57:997][  0]LogTemp: Display: Module 'AndroidTargetPlatform' loaded TargetPlatform 'Android_MultiClient'
[2020.10.06-22.22.58:001][  0]LogTemp: Display: Module 'HTML5TargetPlatform' loaded TargetPlatform 'HTML5'
[2020.10.06-22.22.58:032][  0]LogTemp: Display: Module 'IOSTargetPlatform' loaded TargetPlatform 'IOSClient'
[2020.10.06-22.22.58:032][  0]LogTemp: Display: Module 'IOSTargetPlatform' loaded TargetPlatform 'IOS'
[2020.10.06-22.22.58:057][  0]LogTemp: Display: Module 'TVOSTargetPlatform' loaded TargetPlatform 'TVOSClient'
[2020.10.06-22.22.58:057][  0]LogTemp: Display: Module 'TVOSTargetPlatform' loaded TargetPlatform 'TVOS'
[2020.10.06-22.22.58:069][  0]LogTemp: Display: Module 'LinuxClientTargetPlatform' loaded TargetPlatform 'LinuxClient'
[2020.10.06-22.22.58:081][  0]LogTemp: Display: Module 'LinuxNoEditorTargetPlatform' loaded TargetPlatform 'LinuxNoEditor'
[2020.10.06-22.22.58:099][  0]LogTemp: Display: Module 'LinuxServerTargetPlatform' loaded TargetPlatform 'LinuxServer'
[2020.10.06-22.22.58:112][  0]LogTemp: Display: Module 'LinuxTargetPlatform' loaded TargetPlatform 'Linux'
[2020.10.06-22.22.58:140][  0]LogTemp: Display: Module 'LuminTargetPlatform' loaded TargetPlatform 'Lumin'
[2020.10.06-22.22.58:140][  0]LogTemp: Display: Module 'LuminTargetPlatform' loaded TargetPlatform 'LuminClient'
[2020.10.06-22.22.58:140][  0]LogTargetPlatformManager: Display: Building Assets For Windows
[2020.10.06-22.22.58:157][  0]LogAudioDebug: Display: Lib vorbis DLL was dynamically loaded.
[2020.10.06-22.22.58:263][  0]LogShaderCompilers: Guid format shader working directory is -25 characters bigger than the processId version (../../../../../../Users/s191212/Desktop/GoodiesAndGhouls/GhoulsAndGoodies/Intermediate/Shaders/WorkingDirectory/8064/).
[2020.10.06-22.22.58:264][  0]LogShaderCompilers: Cleaned the shader compiler working directory 'C:/Users/s191212/AppData/Local/Temp/UnrealShaderWorkingDir/1EE46716402A6FC7A5B5829FEE922ED5/'.
[2020.10.06-22.22.58:266][  0]LogXGEController: Cleaning working directory: C:/Users/s191212/AppData/Local/Temp/UnrealXGEWorkingDir/
[2020.10.06-22.22.58:266][  0]LogXGEController: Cannot use XGE Controller as Incredibuild is not installed on this machine.
[2020.10.06-22.22.58:266][  0]LogShaderCompilers: Cannot use XGE Shader Compiler as Incredibuild is not installed on this machine.
[2020.10.06-22.22.58:266][  0]LogShaderCompilers: Display: Using Local Shader Compiler.
[2020.10.06-22.22.58:960][  0]LogDerivedDataCache: Display: Max Cache Size: 512 MB
[2020.10.06-22.22.59:035][  0]LogDerivedDataCache: Loaded boot cache 0.07s 92MB C:/Users/s191212/AppData/Local/UnrealEngine/4.23/DerivedDataCache/Boot.ddc.
[2020.10.06-22.22.59:035][  0]LogDerivedDataCache: Display: Loaded Boot cache: C:/Users/s191212/AppData/Local/UnrealEngine/4.23/DerivedDataCache/Boot.ddc
[2020.10.06-22.22.59:035][  0]LogDerivedDataCache: FDerivedDataBackendGraph:  Pak pak cache file ../../../../../../Users/s191212/Desktop/GoodiesAndGhouls/GhoulsAndGoodies/DerivedDataCache/DDC.ddp not found, will not use a pak cache.
[2020.10.06-22.22.59:036][  0]LogDerivedDataCache: Unable to find inner node Pak for hierarchical cache Hierarchy.
[2020.10.06-22.22.59:036][  0]LogDerivedDataCache: FDerivedDataBackendGraph:  CompressedPak pak cache file ../../../../../../Users/s191212/Desktop/GoodiesAndGhouls/GhoulsAndGoodies/DerivedDataCache/Compressed.ddp not found, will not use a pak cache.
[2020.10.06-22.22.59:036][  0]LogDerivedDataCache: Unable to find inner node CompressedPak for hierarchical cache Hierarchy.
[2020.10.06-22.22.59:047][  0]LogDerivedDataCache: Display: Pak cache opened for reading ../../../Engine/DerivedDataCache/Compressed.ddp.
[2020.10.06-22.22.59:047][  0]LogDerivedDataCache: FDerivedDataBackendGraph:  EnterprisePak pak cache file ../../../Enterprise/DerivedDataCache/Compressed.ddp not found, will not use a pak cache.
[2020.10.06-22.22.59:047][  0]LogDerivedDataCache: Unable to find inner node EnterprisePak for hierarchical cache Hierarchy.
[2020.10.06-22.22.59:050][  0]LogDerivedDataCache: Using Local data cache path C:/Users/s191212/AppData/Local/UnrealEngine/Common/DerivedDataCache: Writable
[2020.10.06-22.22.59:050][  0]LogDerivedDataCache: Shared data cache path not found in *engine.ini, will not use an Shared cache.
[2020.10.06-22.22.59:050][  0]LogDerivedDataCache: Unable to find inner node Shared for hierarchical cache Hierarchy.
[2020.10.06-22.22.59:079][  0]LogMaterial: Verifying Global Shaders for PCD3D_SM5
[2020.10.06-22.22.59:086][  0]LogSlate: Using FreeType 2.6.0
[2020.10.06-22.22.59:087][  0]LogSlate: SlateFontServices - WITH_FREETYPE: 1, WITH_HARFBUZZ: 1
[2020.10.06-22.22.59:155][  0]LogAssetRegistry: FAssetRegistry took 0.0051 seconds to start up
[2020.10.06-22.22.59:465][  0]LogInit: Selected Device Profile: [Windows]
[2020.10.06-22.22.59:644][  0]LogMeshReduction: Using QuadricMeshReduction for automatic static mesh reduction
[2020.10.06-22.22.59:644][  0]LogMeshReduction: Using SimplygonMeshReduction for automatic skeletal mesh reduction
[2020.10.06-22.22.59:644][  0]LogMeshReduction: Using ProxyLODMeshReduction for automatic mesh merging
[2020.10.06-22.22.59:644][  0]LogMeshReduction: No distributed automatic mesh merging module available
[2020.10.06-22.22.59:644][  0]LogMeshMerging: No distributed automatic mesh merging module available
[2020.10.06-22.22.59:655][  0]LogNetVersion: GhoulsAndGoodies 1.0.0, NetCL: 8386587, EngineNetVer: 11, GameNetVer: 0 (Checksum: 1842056771)
[2020.10.06-22.23.00:058][  0]LogPackageLocalizationCache: Processed 12 localized package path(s) for 1 prioritized culture(s) in 0.051060 seconds
[2020.10.06-22.23.00:065][  0]LogUObjectArray: 43444 objects as part of root set at end of initial load.
[2020.10.06-22.23.00:065][  0]LogUObjectAllocator: 7548648 out of 0 bytes used by permanent object pool.
[2020.10.06-22.23.00:065][  0]LogUObjectArray: CloseDisregardForGC: 0/0 objects in disregard for GC pool
[2020.10.06-22.23.01:157][  0]LogTcpMessaging: Initializing TcpMessaging bridge
[2020.10.06-22.23.01:164][  0]LogUdpMessaging: Initializing bridge on interface 0.0.0.0:0 to multicast group 230.0.0.1:6666.
[2020.10.06-22.23.01:779][  0]LogTexture: Display: Building textures: TexE_base (AutoDXT, 2048X2048)
[2020.10.06-22.23.01:781][  0]LogTexture: Display: Building textures: TexA_base (AutoDXT, 2048X2048)
[2020.10.06-22.23.01:781][  0]LogMaterial: Display: Missing cached shader map for material M_Base, compiling. 
[2020.10.06-22.23.01:833][  0]LogStaticMesh: Building static mesh SM_BASE...
[2020.10.06-22.23.02:290][  0]LogShaderCompilers: Display: Worker (1/5): shaders left to compile 25
[2020.10.06-22.23.02:290][  0]LogShaderCompilers: Display: Worker (2/5): shaders left to compile 19
[2020.10.06-22.23.02:290][  0]LogShaderCompilers: Display: Worker (3/5): shaders left to compile 13
[2020.10.06-22.23.02:290][  0]LogShaderCompilers: Display: Worker (4/5): shaders left to compile 7
[2020.10.06-22.23.02:290][  0]LogShaderCompilers: Display: Worker (5/5): shaders left to compile 1
[2020.10.06-22.23.02:290][  0]LogStaticMesh: Built static mesh [0.46s] /Game/TopDownCPP/ASSETS/SM_BASE.SM_BASE
[2020.10.06-22.23.02:562][  0]LogTexture: Display: Building textures: GARRY_BC_HEAD (AutoDXT, 1024X1024)
[2020.10.06-22.23.02:563][  0]LogTexture: Display: Building textures: GARRY_MASK_HEAD (AutoDXT, 1024X1024)
[2020.10.06-22.23.02:563][  0]LogTexture: Display: Building textures: GARRY_ORM_HEAD (AutoDXT, 1024X1024)
[2020.10.06-22.23.02:563][  0]LogTexture: Display: Building textures: GARRY_ORM (AutoDXT, 1024X1024)
[2020.10.06-22.23.02:563][  0]LogTexture: Display: Building textures: GARRY_BC (AutoDXT, 1024X1024)
[2020.10.06-22.23.02:563][  0]LogMaterial: Display: Missing cached shader map for material M_GARRY_HEAD, compiling. 
[2020.10.06-22.23.02:644][  0]LogShaderCompilers: Display: Worker (5/5): shaders left to compile 72
[2020.10.06-22.23.02:644][  0]LogMaterial: Display: Missing cached shader map for material M_GARRY_BODY, compiling. 
[2020.10.06-22.23.02:669][  0]LogMaterial: Display: Missing cached shader map for material DarkPurple, compiling. 
[2020.10.06-22.23.02:691][  0]LogSkeletalMesh: Building Skeletal Mesh GARRY_ANIM_IDLE_02...
[2020.10.06-22.23.02:707][  0]LogSkeletalMesh: Built Skeletal Mesh [0.02s] /Game/TopDownCPP/ASSETS/ANIMATION/GARRY/GARRY_ANIM_IDLE_02.GARRY_ANIM_IDLE_02
[2020.10.06-22.23.02:747][  0]LogScript: Warning: Script Msg: No world was found for object (/Script/GhoulsAndGoodies.Default__GhoulsAndGoodiesGameMode) passed in to UEngine::GetWorldFromContextObject().
[2020.10.06-22.23.02:836][  0]LogMaterial: Display: Missing cached shader map for material Brown, compiling. 
[2020.10.06-22.23.02:851][  0]LogMaterial: Display: Missing cached shader map for material LightBrown, compiling. 
[2020.10.06-22.23.03:342][  0]LogTexture: Display: Building textures: GRACE_R (BGRA8, 2048X2048)
[2020.10.06-22.23.03:342][  0]LogTexture: Display: Building textures: GRACE_BC (AutoDXT, 2048X2048)
[2020.10.06-22.23.03:342][  0]LogMaterial: Display: Missing cached shader map for material M_Grace, compiling. 
[2020.10.06-22.23.03:371][  0]LogSkeletalMesh: Building Skeletal Mesh Anim_Grace_Floating...
[2020.10.06-22.23.03:387][  0]LogSkeletalMesh: Built Skeletal Mesh [0.02s] /Game/TopDownCPP/ASSETS/ANIMATION/Grace/Anim_Grace_Floating.Anim_Grace_Floating
[2020.10.06-22.23.03:416][  0]LogAnimationCompression: Building Anim DDC data for AnimSequence /Game/TopDownCPP/ASSETS/ANIMATION/Grace/Anim_Grace_Throwing_Anim.Anim_Grace_Throwing_Anim
[2020.10.06-22.23.03:416][  0]LogAnimationCompression: Recompressing (AnimSequence /Game/TopDownCPP/ASSETS/ANIMATION/Grace/Anim_Grace_Throwing_Anim.Anim_Grace_Throwing_Anim) using current/default (AnimCompress_BitwiseCompressOnly_0) bFirstRecompressUsingCurrentOrDefault(1) bTryAlternateCompressor(0) IsCompressedDataValid(0)
[2020.10.06-22.23.03:422][  0]LogAnimationCompression: Building Anim DDC data for AnimSequence /Game/TopDownCPP/ASSETS/ANIMATION/Grace/Anim_Grace_Floating_Anim.Anim_Grace_Floating_Anim
[2020.10.06-22.23.03:422][  0]LogAnimationCompression: Recompressing (AnimSequence /Game/TopDownCPP/ASSETS/ANIMATION/Grace/Anim_Grace_Floating_Anim.Anim_Grace_Floating_Anim) using current/default (AnimCompress_BitwiseCompressOnly_0) bFirstRecompressUsingCurrentOrDefault(1) bTryAlternateCompressor(0) IsCompressedDataValid(0)
[2020.10.06-22.23.04:045][  0]LogTexture: Display: Building textures: TIFFANY_Roughness (BGRA8, 2048X2048)
[2020.10.06-22.23.04:045][  0]LogTexture: Display: Building textures: TIFFANY_BaseColor (AutoDXT, 2048X2048)
[2020.10.06-22.23.04:046][  0]LogSkeletalMesh: Building Skeletal Mesh TIFFANY_IDLE...
[2020.10.06-22.23.04:057][  0]LogSkeletalMesh: Built Skeletal Mesh [0.02s] /Game/TopDownCPP/ASSETS/ANIMATION/TIFFANY/TIFFANY_IDLE.TIFFANY_IDLE
[2020.10.06-22.23.04:406][  0]LogMaterial: Display: Missing cached shader map for material M_Tiffany, compiling. 
[2020.10.06-22.23.04:549][  0]SourceControl: Source control is disabled
[2020.10.06-22.23.04:550][  0]SourceControl: Source control is disabled
[2020.10.06-22.23.04:564][  0]SourceControl: Source control is disabled
[2020.10.06-22.23.04:571][  0]SourceControl: Source control is disabled
[2020.10.06-22.23.04:966][  0]LogShaderCompilers: Display: Worker (4/5): shaders left to compile 220
[2020.10.06-22.23.04:966][  0]LogShaderCompilers: Display: Worker (3/5): shaders left to compile 210
[2020.10.06-22.23.04:967][  0]LogAndroidPermission: UAndroidPermissionCallbackProxy::GetInstance
[2020.10.06-22.23.05:299][  0]LogShaderCompilers: Display: Worker (1/5): shaders left to compile 200
[2020.10.06-22.23.05:299][  0]LogShaderCompilers: Display: Worker (2/5): shaders left to compile 190
[2020.10.06-22.23.05:299][  0]LogOcInput: OculusInput pre-init called
[2020.10.06-22.23.05:320][  0]LogWindows: Failed to load 'OVRPlugin.dll' (GetLastError=126)
[2020.10.06-22.23.05:320][  0]LogWindows: File 'OVRPlugin.dll' does not exist
[2020.10.06-22.23.05:545][  0]LogEngine: Initializing Engine...
[2020.10.06-22.23.05:547][  0]LogHMD: Failed to initialize OpenVR with code 110
[2020.10.06-22.23.05:550][  0]LogStats: UGameplayTagsManager::InitializeManager -  0.001 s
[2020.10.06-22.23.06:347][  0]LogShaderCompilers: Display: Worker (5/5): shaders left to compile 180
[2020.10.06-22.23.06:347][  0]LogInit: Initializing FReadOnlyCVARCache
[2020.10.06-22.23.06:398][  0]LogAIModule: Creating AISystem for world Untitled
[2020.10.06-22.23.06:423][  0]LogInit: XAudio2 using 'Realtek Digital Output (Realtek High Definition Audio)' : 2 channels at 48 kHz using 16 bits per sample (channel mask 0x3)
[2020.10.06-22.23.06:546][  0]LogInit: FAudioDevice initialized.
[2020.10.06-22.23.06:547][  0]LogNetVersion: Set ProjectVersion to 1.0.0.0. Version Checksum will be recalculated on next use.
[2020.10.06-22.23.06:726][  0]LogDerivedDataCache: Saved boot cache 0.18s 158MB C:/Users/s191212/AppData/Local/UnrealEngine/4.23/DerivedDataCache/Boot.ddc.
[2020.10.06-22.23.06:739][  0]LogInit: Texture streaming: Enabled
[2020.10.06-22.23.06:802][  0]LogEngineSessionManager: EngineSessionManager initialized
[2020.10.06-22.23.06:802][  0]LogEditorSessionSummary: Verbose: Initializing EditorSessionSummaryWriter for editor session tracking
[2020.10.06-22.23.06:803][  0]LogEditorSessionSummary: EditorSessionSummaryWriter initialized
[2020.10.06-22.23.06:924][  0]LogInit: Transaction tracking system initialized
[2020.10.06-22.23.07:028][  0]BlueprintLog: New page: Editor Load
[2020.10.06-22.23.07:324][  0]LocalizationService: Localization service is disabled
[2020.10.06-22.23.08:674][  0]LogShaderCompilers: Display: Worker (5/5): shaders left to compile 170
[2020.10.06-22.23.08:674][  0]LogFileCache: Scanning file cache for directory 'C:/Users/s191212/Desktop/GoodiesAndGhouls/GhoulsAndGoodies/Content/' took 0.01s
[2020.10.06-22.23.08:674][  0]LogCook: Display: Max memory allowance for cook 16384mb min free memory 0mb
[2020.10.06-22.23.08:674][  0]LogCook: Display: Mobile HDR setting 1
[2020.10.06-22.23.09:091][  0]LogShaderCompilers: Display: Worker (3/5): shaders left to compile 160
[2020.10.06-22.23.09:188][  0]LogLinker: Warning: Failed to load '/Engine/BasicShapes/Cube': Can't find file.
[2020.10.06-22.23.09:190][  0]LogLinker: Warning: Failed to load '/Engine/BasicShapes/Cube': Can't find file.
[2020.10.06-22.23.09:190][  0]LogUObjectGlobals: Warning: Failed to find object 'StaticMesh /Engine/BasicShapes/Cube.Cube'
[2020.10.06-22.23.09:695][  0]SourceControl: Source control is disabled
[2020.10.06-22.23.09:697][  0]Cmd: MAP LOAD FILE="../../../../../../Users/s191212/Desktop/GoodiesAndGhouls/GhoulsAndGoodies/Content/TopDownCPP/Maps/TopDownExampleMap.umap" TEMPLATE=0 SHOWPROGRESS=1 FEATURELEVEL=3
[2020.10.06-22.23.09:698][  0]LightingResults: New page: Lighting Build
[2020.10.06-22.23.09:705][  0]LogWorld: UWorld::CleanupWorld for Untitled, bSessionEnded=true, bCleanupResources=true
[2020.10.06-22.23.09:707][  0]MapCheck: New page: Map Check
[2020.10.06-22.23.09:707][  0]LightingResults: New page: Lighting Build
[2020.10.06-22.23.09:743][  0]LogUObjectHash: Compacting FUObjectHashTables data took   5.87ms
[2020.10.06-22.23.10:135][  0]LogMaterial: Display: Missing cached shader map for material BasicShapeMaterial, compiling. 
[2020.10.06-22.23.10:226][  0]LogAIModule: Creating AISystem for world TopDownExampleMap
[2020.10.06-22.23.10:274][  0]LogEditorServer: Finished looking for orphan Actors (0.000 secs)
[2020.10.06-22.23.10:312][  0]LogUObjectHash: Compacting FUObjectHashTables data took   5.65ms
[2020.10.06-22.23.10:313][  0]Cmd: MAP CHECKDEP NOCLEARLOG
[2020.10.06-22.23.10:313][  0]MapCheck: Map check complete: 0 Error(s), 0 Warning(s), took 0.49ms to complete.
[2020.10.06-22.23.10:313][  0]LogFileHelpers: Loading map 'TopDownExampleMap' took 0.617
[2020.10.06-22.23.10:583][  0]LogSlate: Updating window title bar state: overlay mode, drag disabled, window buttons hidden, title bar hidden
[2020.10.06-22.23.10:598][  0]LogSlate: Updating window title bar state: overlay mode, drag disabled, window buttons hidden, title bar hidden
[2020.10.06-22.23.10:614][  0]LogSlate: Updating window title bar state: overlay mode, drag disabled, window buttons hidden, title bar hidden
[2020.10.06-22.23.10:629][  0]LogSlate: Updating window title bar state: overlay mode, drag disabled, window buttons hidden, title bar hidden
[2020.10.06-22.23.10:662][  0]LogCollectionManager: Loaded 0 collections in 0.004159 seconds
[2020.10.06-22.23.10:691][  0]LogFileCache: Scanning file cache for directory 'C:/Users/s191212/Desktop/GoodiesAndGhouls/GhoulsAndGoodies/Saved/Collections/' took 0.00s
[2020.10.06-22.23.10:692][  0]LogFileCache: Scanning file cache for directory 'C:/Users/s191212/Desktop/GoodiesAndGhouls/GhoulsAndGoodies/Content/Developers/s191212/Collections/' took 0.01s
[2020.10.06-22.23.10:692][  0]LogFileCache: Scanning file cache for directory 'C:/Users/s191212/Desktop/GoodiesAndGhouls/GhoulsAndGoodies/Content/Collections/' took 0.00s
[2020.10.06-22.23.10:692][  0]LogCollectionManager: Rebuilt the GUID cache for 0 collections in 0.000004 seconds
[2020.10.06-22.23.10:709][  0]LogContentBrowser: Native class hierarchy populated in 0.0163 seconds. Added 2886 classes and 683 folders.
[2020.10.06-22.23.10:727][  0]LogContentBrowser: Native class hierarchy updated for 'WidgetCarousel' in 0.0008 seconds. Added 0 classes and 0 folders.
[2020.10.06-22.23.11:433][  0]LogContentBrowser: Native class hierarchy updated for 'AddContentDialog' in 0.0007 seconds. Added 0 classes and 0 folders.
[2020.10.06-22.23.11:462][  0]LogContentBrowser: Native class hierarchy updated for 'SceneOutliner' in 0.0006 seconds. Added 1 classes and 2 folders.
[2020.10.06-22.23.11:528][  0]LogSlate: Took 0.000198 seconds to synchronously load lazily loaded font '../../../Engine/Content/Slate/Fonts/Roboto-Regular.ttf' (155K)
[2020.10.06-22.23.11:533][  0]LogSlate: Took 0.000195 seconds to synchronously load lazily loaded font '../../../Engine/Content/Slate/Fonts/Roboto-Bold.ttf' (160K)
[2020.10.06-22.23.11:554][  0]LogSlate: Took 0.013294 seconds to synchronously load lazily loaded font '../../../Engine/Content/Editor/Slate/Fonts/FontAwesome.ttf' (139K)
[2020.10.06-22.23.11:821][  0]LogRenderer: Reallocating scene render targets to support 1056x556 Format 10 NumSamples 1 (Frame:1).
[2020.10.06-22.23.12:092][  0]LogShaderCompilers: Display: Worker (3/5): shaders left to compile 185
[2020.10.06-22.23.12:113][  0]LogContentBrowser: Native class hierarchy updated for 'HierarchicalLODOutliner' in 0.0007 seconds. Added 0 classes and 0 folders.
[2020.10.06-22.23.12:113][  0]LogLoad: (Engine Initialization) Total time: 17.41 seconds
[2020.10.06-22.23.12:113][  0]LogLoad: (Engine Initialization) Total Blueprint compile time: 0.00 seconds
[2020.10.06-22.23.12:180][  0]LogContentStreaming: Texture pool size now 1000 MB
[2020.10.06-22.23.12:232][  0]LogSlate: Took 0.010979 seconds to synchronously load lazily loaded font '../../../Engine/Content/Slate/Fonts/Roboto-Light.ttf' (167K)
[2020.10.06-22.23.13:916][ 23]LogAssetRegistry: Asset discovery search completed in 14.7640 seconds
[2020.10.06-22.23.13:929][ 23]LogCollectionManager: Rebuilt the object cache for 0 collections in 0.000009 seconds (found 0 objects)
[2020.10.06-22.23.13:929][ 23]LogCollectionManager: Fixed up redirectors for 0 collections in 0.000283 seconds (updated 0 objects)
[2020.10.06-22.23.15:550][193]LogShaderCompilers: Display: Worker (1/5): shaders left to compile 175
[2020.10.06-22.23.16:215][267]LogShaderCompilers: Display: Worker (3/5): shaders left to compile 165
[2020.10.06-22.23.16:985][354]LogShaderCompilers: Display: Worker (2/5): shaders left to compile 155
[2020.10.06-22.23.19:136][590]LogShaderCompilers: Display: Worker (1/5): shaders left to compile 145
[2020.10.06-22.23.19:555][636]LogShaderCompilers: Display: Worker (3/5): shaders left to compile 135
[2020.10.06-22.23.21:833][882]LogShaderCompilers: Display: Worker (2/5): shaders left to compile 125
[2020.10.06-22.23.23:031][ 16]LogShaderCompilers: Display: Worker (3/5): shaders left to compile 115
[2020.10.06-22.23.23:953][118]LogShaderCompilers: Display: Worker (1/5): shaders left to compile 105
[2020.10.06-22.23.24:537][181]LogShaderCompilers: Display: Worker (4/5): shaders left to compile 95
[2020.10.06-22.23.26:007][347]LogShaderCompilers: Display: Worker (2/5): shaders left to compile 85
[2020.10.06-22.23.26:365][386]LogShaderCompilers: Display: Worker (3/5): shaders left to compile 75
[2020.10.06-22.23.28:169][588]LogShaderCompilers: Display: Worker (1/5): shaders left to compile 65
[2020.10.06-22.23.28:651][643]LogShaderCompilers: Display: Worker (4/5): shaders left to compile 55
[2020.10.06-22.23.29:424][730]LogShaderCompilers: Display: Worker (2/5): shaders left to compile 45
[2020.10.06-22.23.29:564][747]LogShaderCompilers: Display: Worker (3/5): shaders left to compile 35
[2020.10.06-22.23.31:535][978]LogShaderCompilers: Display: Worker (1/5): shaders left to compile 26
[2020.10.06-22.23.31:645][991]LogShaderCompilers: Display: Worker (4/5): shaders left to compile 19
[2020.10.06-22.23.31:998][ 33]LogShaderCompilers: Display: Worker (3/5): shaders left to compile 14
[2020.10.06-22.23.32:168][ 53]LogShaderCompilers: Display: Worker (2/5): shaders left to compile 10
[2020.10.06-22.23.32:747][121]LogShaderCompilers: Display: Worker (4/5): shaders left to compile 7
[2020.10.06-22.23.32:948][145]LogShaderCompilers: Display: Worker (2/5): shaders left to compile 5
[2020.10.06-22.23.33:253][181]LogShaderCompilers: Display: Worker (4/5): shaders left to compile 3
[2020.10.06-22.23.33:377][196]LogShaderCompilers: Display: Worker (3/5): shaders left to compile 2
[2020.10.06-22.23.33:710][234]LogShaderCompilers: Display: Worker (3/5): shaders left to compile 1
[2020.10.06-22.24.12:113][837]LogEditorSessionSummary: EditorSessionSummary sent report. Type=Shutdown, SessionId={CD72D8F3-423F-61D5-37AE-2CBBDA56D8F7}
[2020.10.06-22.24.12:113][837]LogEditorSessionSummary: EditorSessionSummary sent report. Type=Shutdown, SessionId={2BC0370E-4B09-84BE-EAA3-F8A0A0E6F90E}
[2020.10.06-22.25.08:342][583]LogSlate: FSceneViewport::OnFocusLost() reason 0
[2020.10.06-22.28.26:348][587]LogSlate: Took 0.000245 seconds to synchronously load lazily loaded font '../../../Engine/Content/Slate/Fonts/Roboto-Light.ttf' (167K)
[2020.10.06-22.28.26:364][587]LogFactory: FactoryCreateFile: StaticMesh with FbxFactory (0 0 C:\Users\s191212\Desktop\Creeps and Candy\FBX\SM_Buddy.fbx)
[2020.10.06-22.28.26:395][587]LogFbx: Loading FBX Scene from C:\Users\s191212\Desktop\Creeps and Candy\FBX\SM_Buddy.fbx
[2020.10.06-22.28.26:415][587]LogFbx: FBX Scene Loaded Succesfully
[2020.10.06-22.29.36:999][587]LogSlate: Window 'FBX Import Options' being destroyed
[2020.10.06-22.29.37:218][587]LogMaterial: Display: Missing cached shader map for material lambert1, compiling. 
[2020.10.06-22.29.37:228][587]LogFbx: Display: Triangulating static mesh SM_Neck
[2020.10.06-22.29.37:233][587]LogFbx: Display: Triangulating static mesh SM_Head
[2020.10.06-22.29.37:314][587]LogShaderCompilers: Display: Worker (1/5): shaders left to compile 13
[2020.10.06-22.29.37:314][587]LogShaderCompilers: Display: Worker (2/5): shaders left to compile 9
[2020.10.06-22.29.37:315][587]LogShaderCompilers: Display: Worker (3/5): shaders left to compile 5
[2020.10.06-22.29.37:315][587]LogShaderCompilers: Display: Worker (4/5): shaders left to compile 1
[2020.10.06-22.29.37:315][587]LogFbx: Display: Triangulating static mesh SM_Ear
[2020.10.06-22.29.37:339][587]LogFbx: Display: Triangulating static mesh SM_Nose
[2020.10.06-22.29.37:362][587]LogFbx: Display: Triangulating static mesh SM_Body
[2020.10.06-22.29.37:500][587]LogFbx: Display: Triangulating static mesh SM_Top_Claw
[2020.10.06-22.29.37:543][587]LogFbx: Display: Triangulating static mesh SM_Middle_Claw
[2020.10.06-22.29.37:578][587]LogFbx: Display: Triangulating static mesh SM_Bottom__Claw
[2020.10.06-22.29.37:611][587]LogFbx: Display: Triangulating static mesh SM_R_Palm
[2020.10.06-22.29.37:619][587]LogFbx: Display: Triangulating static mesh SM_L_Palm
[2020.10.06-22.29.37:630][587]LogFbx: Display: Triangulating static mesh SM_Tail
[2020.10.06-22.29.37:668][587]LogStaticMesh: Building static mesh SM_Buddy...
[2020.10.06-22.29.37:786][587]LogStaticMesh: Built static mesh [0.12s] /Game/TopDownCPP/ASSETS/SM_Buddy.SM_Buddy
[2020.10.06-22.29.40:334][763]LogAssetEditorManager: Opening Asset editor for StaticMesh /Game/TopDownCPP/ASSETS/SM_Buddy.SM_Buddy
[2020.10.06-22.29.40:847][763]LogRenderer: Reallocating scene render targets to support 1252x892 Format 10 NumSamples 1 (Frame:1).
[2020.10.06-22.29.40:847][763]LogSlate: Took 0.000205 seconds to synchronously load lazily loaded font '../../../Engine/Content/Slate/Fonts/Roboto-Italic.ttf' (157K)
[2020.10.06-22.29.49:330][516]LogAssetEditorManager: Opening Asset editor for Texture2D /Game/TopDownCPP/ASSETS/TEXTURES/GRACE/GRACE_BC.GRACE_BC
[2020.10.06-22.29.49:365][516]LogContentBrowser: Native class hierarchy updated for 'TextureEditor' in 0.0006 seconds. Added 1 classes and 2 folders.
[2020.10.06-22.29.53:595][911]LogStaticMesh: Building static mesh SM_Witch...
[2020.10.06-22.29.53:691][911]LogStaticMesh: Built static mesh [0.10s] /Game/TopDownCPP/ASSETS/SM_Witch.SM_Witch
[2020.10.06-22.29.53:715][911]LogAssetEditorManager: Opening Asset editor for StaticMesh /Game/TopDownCPP/ASSETS/SM_Witch.SM_Witch
[2020.10.06-22.30.57:129][566]LogFactory: FactoryCreateFile: Texture with ReimportTextureFactory (0 0 C:\Users\s191212\Downloads\SM_Buddy_ORM.tga)
[2020.10.06-22.30.57:143][566]LogTexture: Display: Building textures: SM_Buddy_ORM (AutoDXT, 1024X1024)
[2020.10.06-22.30.57:226][566]LogFactory: FactoryCreateFile: Texture with ReimportTextureFactory (0 0 C:\Users\s191212\Downloads\SM_Buddy_BC.tga)
[2020.10.06-22.30.57:240][566]LogTexture: Display: Building textures: SM_Buddy_BC (AutoDXT, 1024X1024)
[2020.10.06-22.31.58:831][933]LogUObjectHash: Compacting FUObjectHashTables data took   1.76ms
[2020.10.06-22.32.01:118][933]LogSlate: Window 'Delete Assets' being destroyed
[2020.10.06-22.32.01:919][933]LogUObjectGlobals: Force Deleting 2 Package(s):
	Asset Name: /Game/TopDownCPP/ASSETS/TEXTURES/GRACE/GRACE_R.GRACE_R
	Asset Name: /Game/TopDownCPP/ASSETS/TEXTURES/GRACE/GRACE_BC.GRACE_BC
[2020.10.06-22.32.02:423][933]LogMaterial: Display: Missing cached shader map for material M_Grace, compiling. 
[2020.10.06-22.32.02:423][933]LogMaterial: Warning: C:\Users\s191212\Desktop\GoodiesAndGhouls\GhoulsAndGoodies\Content\TopDownCPP\ASSETS\MATERIAL\M_Grace.uasset: Failed to compile Material for platform PCD3D_SM5, Default Material will be used in game.
[2020.10.06-22.32.02:423][933]LogMaterial: Display: 	(Node TextureSample) Texture Sample> Missing input texture
[2020.10.06-22.32.02:427][933]LogMaterial: Display: Missing cached shader map for material M_Grace, compiling. 
[2020.10.06-22.32.02:428][933]LogMaterial: Warning: C:\Users\s191212\Desktop\GoodiesAndGhouls\GhoulsAndGoodies\Content\TopDownCPP\ASSETS\MATERIAL\M_Grace.uasset: Failed to compile Material for platform PCD3D_SM5, Default Material will be used in game.
[2020.10.06-22.32.02:428][933]LogMaterial: Display: 	(Node TextureSample) Texture Sample> Missing input texture
[2020.10.06-22.32.02:431][933]LogMaterial: Display: Missing cached shader map for material M_Grace, compiling. 
[2020.10.06-22.32.02:432][933]LogMaterial: Warning: C:\Users\s191212\Desktop\GoodiesAndGhouls\GhoulsAndGoodies\Content\TopDownCPP\ASSETS\MATERIAL\M_Grace.uasset: Failed to compile Material for platform PCD3D_SM5, Default Material will be used in game.
[2020.10.06-22.32.02:432][933]LogMaterial: Display: 	(Node TextureSample) Texture Sample> Missing input texture
[2020.10.06-22.32.02:435][933]LogMaterial: Display: Missing cached shader map for material M_Grace, compiling. 
[2020.10.06-22.32.02:436][933]LogMaterial: Warning: C:\Users\s191212\Desktop\GoodiesAndGhouls\GhoulsAndGoodies\Content\TopDownCPP\ASSETS\MATERIAL\M_Grace.uasset: Failed to compile Material for platform PCD3D_SM5, Default Material will be used in game.
[2020.10.06-22.32.02:436][933]LogMaterial: Display: 	(Node TextureSample) Texture Sample> Missing input texture
[2020.10.06-22.32.02:666][933]LogUObjectHash: Compacting FUObjectHashTables data took   2.19ms
[2020.10.06-22.32.02:687][933]LogUObjectHash: Compacting FUObjectHashTables data took   0.68ms
[2020.10.06-22.32.02:710][933]LogUObjectHash: Compacting FUObjectHashTables data took   1.69ms
[2020.10.06-22.32.02:730][933]LogUObjectHash: Compacting FUObjectHashTables data took   0.69ms
[2020.10.06-22.32.08:549][122]LogFactory: FactoryCreateFile: Texture with ReimportTextureFactory (0 0 C:\Users\s191212\Downloads\GRACE_BC (1).tga)
[2020.10.06-22.32.08:603][122]LogTexture: Display: Building textures: GRACE_BC__1_ (AutoDXT, 2048X2048)
[2020.10.06-22.32.08:840][122]LogFactory: FactoryCreateFile: Texture with ReimportTextureFactory (0 0 C:\Users\s191212\Downloads\GRACE_E.tga)
[2020.10.06-22.32.08:855][122]LogTexture: Display: Building textures: GRACE_E (AutoDXT, 1024X1024)
[2020.10.06-22.32.08:910][122]LogFactory: FactoryCreateFile: Texture with ReimportTextureFactory (0 0 C:\Users\s191212\Downloads\GRACE_R.tga)
[2020.10.06-22.32.08:920][122]LogTexture: Display: Building textures: GRACE_R (BGRA8, 2048X2048)
[2020.10.06-22.32.09:193][122]LogFactory: FactoryCreateFile: Texture with ReimportTextureFactory (0 0 C:\Users\s191212\Downloads\POTION_BC.tga)
[2020.10.06-22.32.09:208][122]LogTexture: Display: Building textures: POTION_BC (AutoDXT, 1024X1024)
[2020.10.06-22.32.09:246][122]LogFactory: FactoryCreateFile: Texture with ReimportTextureFactory (0 0 C:\Users\s191212\Downloads\POTION_R.tga)
[2020.10.06-22.32.09:252][122]LogTexture: Display: Building textures: POTION_R (BGRA8, 1024X1024)
[2020.10.06-22.32.22:332][ 28]LogSavePackage: Moving '../../../../../../Users/s191212/Desktop/GoodiesAndGhouls/GhoulsAndGoodies/Saved/GRACE_BC1156809F4709CC22124010AF44F255F4.tmp' to '../../../../../../Users/s191212/Desktop/GoodiesAndGhouls/GhoulsAndGoodies/Content/TopDownCPP/ASSETS/TEXTURES/GRACE/GRACE_BC.uasset'
[2020.10.06-22.32.22:449][ 28]LogUObjectHash: Compacting FUObjectHashTables data took   2.29ms
[2020.10.06-22.32.22:472][ 28]LogUObjectHash: Compacting FUObjectHashTables data took   1.63ms
[2020.10.06-22.32.22:492][ 28]LogUObjectHash: Compacting FUObjectHashTables data took   0.68ms
[2020.10.06-22.32.28:058][451]LogUObjectHash: Compacting FUObjectHashTables data took   0.63ms
[2020.10.06-22.32.29:110][451]LogSlate: Window 'Save Content' being destroyed
[2020.10.06-22.32.29:154][451]Cmd: OBJ SAVEPACKAGE PACKAGE="/Game/TopDownCPP/ASSETS/lambert1" FILE="../../../../../../Users/s191212/Desktop/GoodiesAndGhouls/GhoulsAndGoodies/Content/TopDownCPP/ASSETS/lambert1.uasset" SILENT=true
[2020.10.06-22.32.29:169][451]LogSavePackage: Moving '../../../../../../Users/s191212/Desktop/GoodiesAndGhouls/GhoulsAndGoodies/Saved/lambert1ED1D97DF4865D2C12ED2A8BAF35DE040.tmp' to '../../../../../../Users/s191212/Desktop/GoodiesAndGhouls/GhoulsAndGoodies/Content/TopDownCPP/ASSETS/lambert1.uasset'
[2020.10.06-22.32.29:211][451]LogSavePackage: Moving '../../../../../../Users/s191212/Desktop/GoodiesAndGhouls/GhoulsAndGoodies/Saved/M_Grace96F9BBF24B6597302E315F9DB04628B9.tmp' to '../../../../../../Users/s191212/Desktop/GoodiesAndGhouls/GhoulsAndGoodies/Content/TopDownCPP/ASSETS/MATERIAL/M_Grace.uasset'
[2020.10.06-22.32.29:228][451]Cmd: OBJ SAVEPACKAGE PACKAGE="/Game/TopDownCPP/ASSETS/SM_Buddy" FILE="../../../../../../Users/s191212/Desktop/GoodiesAndGhouls/GhoulsAndGoodies/Content/TopDownCPP/ASSETS/SM_Buddy.uasset" SILENT=true
[2020.10.06-22.32.29:260][451]LogSavePackage: Moving '../../../../../../Users/s191212/Desktop/GoodiesAndGhouls/GhoulsAndGoodies/Saved/SM_Buddy525BAD56482D5D790DE868BAFF21CC85.tmp' to '../../../../../../Users/s191212/Desktop/GoodiesAndGhouls/GhoulsAndGoodies/Content/TopDownCPP/ASSETS/SM_Buddy.uasset'
[2020.10.06-22.32.29:328][451]LogSavePackage: Moving '../../../../../../Users/s191212/Desktop/GoodiesAndGhouls/GhoulsAndGoodies/Saved/SM_Buddy_BCBD579D6E47D7B45368FFEE839A36836D.tmp' to '../../../../../../Users/s191212/Desktop/GoodiesAndGhouls/GhoulsAndGoodies/Content/TopDownCPP/ASSETS/TEXTURES/BUDDY/SM_Buddy_BC.uasset'
[2020.10.06-22.32.29:385][451]LogSavePackage: Moving '../../../../../../Users/s191212/Desktop/GoodiesAndGhouls/GhoulsAndGoodies/Saved/SM_Buddy_ORM1A94729D437F0193220704A972CAE59C.tmp' to '../../../../../../Users/s191212/Desktop/GoodiesAndGhouls/GhoulsAndGoodies/Content/TopDownCPP/ASSETS/TEXTURES/BUDDY/SM_Buddy_ORM.uasset'
[2020.10.06-22.32.29:434][451]LogSavePackage: Moving '../../../../../../Users/s191212/Desktop/GoodiesAndGhouls/GhoulsAndGoodies/Saved/GRACE_EA4D6204D483B7012829213B9E8BC7838.tmp' to '../../../../../../Users/s191212/Desktop/GoodiesAndGhouls/GhoulsAndGoodies/Content/TopDownCPP/ASSETS/TEXTURES/GRACE/GRACE_E.uasset'
[2020.10.06-22.32.29:489][451]LogSavePackage: Moving '../../../../../../Users/s191212/Desktop/GoodiesAndGhouls/GhoulsAndGoodies/Saved/GRACE_R91184BEC48C67714065A7CAF998D4A40.tmp' to '../../../../../../Users/s191212/Desktop/GoodiesAndGhouls/GhoulsAndGoodies/Content/TopDownCPP/ASSETS/TEXTURES/GRACE/GRACE_R.uasset'
[2020.10.06-22.32.29:546][451]LogSavePackage: Moving '../../../../../../Users/s191212/Desktop/GoodiesAndGhouls/GhoulsAndGoodies/Saved/POTION_BC5ADD962F4F8CF4D9324BD5AC043DC5E3.tmp' to '../../../../../../Users/s191212/Desktop/GoodiesAndGhouls/GhoulsAndGoodies/Content/TopDownCPP/ASSETS/TEXTURES/GRACE/POTION_BC.uasset'
[2020.10.06-22.32.29:576][451]LogSavePackage: Moving '../../../../../../Users/s191212/Desktop/GoodiesAndGhouls/GhoulsAndGoodies/Saved/POTION_RC8CA23B844AB91CD0583F79CABCCD88E.tmp' to '../../../../../../Users/s191212/Desktop/GoodiesAndGhouls/GhoulsAndGoodies/Content/TopDownCPP/ASSETS/TEXTURES/GRACE/POTION_R.uasset'
[2020.10.06-22.32.30:430][510]LogUObjectHash: Compacting FUObjectHashTables data took   1.14ms
[2020.10.06-22.32.30:575][510]LogSavePackage: Moving '../../../../../../Users/s191212/Desktop/GoodiesAndGhouls/GhoulsAndGoodies/Saved/TopDownExampleMap6AAFA25D4E7B2D23ECD373A996066D61.tmp' to '../../../../../../Users/s191212/Desktop/GoodiesAndGhouls/GhoulsAndGoodies/Content/TopDownCPP/Maps/TopDownExampleMap.umap'
