Log file open, 08/11/20 10:03:49
LogWindows: Failed to load 'aqProf.dll' (GetLastError=126)
LogWindows: File 'aqProf.dll' does not exist
LogWindows: Failed to load 'VtuneApi.dll' (GetLastError=126)
LogWindows: File 'VtuneApi.dll' does not exist
LogWindows: Failed to load 'VtuneApi32e.dll' (GetLastError=126)
LogWindows: File 'VtuneApi32e.dll' does not exist
LogConsoleResponse: Display: Failed to find resolution value strings in scalability ini. Falling back to default.
LogInit: Display: Running engine for game: GhoulsAndGoodies
LogPlatformFile: Not using cached read wrapper
LogTaskGraph: Started task graph with 5 named threads and 23 total threads with 3 sets of task threads.
LogStats: Stats thread started at 0.152673
LogD3D11RHI: Loaded GFSDK_Aftermath_Lib.x64.dll
LogICUInternationalization: ICU TimeZone Detection - Raw Offset: +10:00, Platform Override: ''
LogPluginManager: Mounting plugin Paper2D
LogPluginManager: Mounting plugin AISupport
LogPluginManager: Mounting plugin LightPropagationVolume
LogPluginManager: Mounting plugin ActorLayerUtilities
LogPluginManager: Mounting plugin AnimationSharing
LogPluginManager: Mounting plugin CLionSourceCodeAccess
LogPluginManager: Mounting plugin CodeLiteSourceCodeAccess
LogPluginManager: Mounting plugin GitSourceControl
LogPluginManager: Mounting plugin KDevelopSourceCodeAccess
LogPluginManager: Mounting plugin NullSourceCodeAccess
LogPluginManager: Mounting plugin PerforceSourceControl
LogPluginManager: Mounting plugin SubversionSourceControl
LogPluginManager: Mounting plugin UObjectPlugin
LogPluginManager: Mounting plugin VisualStudioCodeSourceCodeAccess
LogPluginManager: Mounting plugin VisualStudioSourceCodeAccess
LogPluginManager: Mounting plugin XCodeSourceCodeAccess
LogPluginManager: Mounting plugin AssetManagerEditor
LogPluginManager: Mounting plugin CryptoKeys
LogPluginManager: Mounting plugin CurveEditorTools
LogPluginManager: Mounting plugin DataValidation
LogPluginManager: Mounting plugin FacialAnimation
LogPluginManager: Mounting plugin GameplayTagsEditor
LogPluginManager: Mounting plugin MacGraphicsSwitching
LogPluginManager: Mounting plugin MaterialAnalyzer
LogPluginManager: Mounting plugin MobileLauncherProfileWizard
LogPluginManager: Mounting plugin PluginBrowser
LogPluginManager: Mounting plugin SpeedTreeImporter
LogPluginManager: Mounting plugin DatasmithContent
LogPluginManager: Mounting plugin VariantManagerContent
LogPluginManager: Mounting plugin AlembicImporter
LogPluginManager: Mounting plugin AutomationUtils
LogPluginManager: Mounting plugin BackChannel
LogPluginManager: Mounting plugin CharacterAI
LogPluginManager: Mounting plugin GeometryCache
LogPluginManager: Mounting plugin HTML5Networking
LogPluginManager: Mounting plugin PlatformCrypto
LogPluginManager: Mounting plugin ProxyLODPlugin
LogPluginManager: Mounting plugin SkeletalReduction
LogPluginManager: Mounting plugin MagicLeap
LogPluginManager: Mounting plugin MagicLeapMedia
LogPluginManager: Mounting plugin AndroidMedia
LogPluginManager: Mounting plugin AvfMedia
LogPluginManager: Mounting plugin ImgMedia
LogPluginManager: Mounting plugin MediaCompositing
LogPluginManager: Mounting plugin MediaPlayerEditor
LogPluginManager: Mounting plugin WebMMedia
LogPluginManager: Mounting plugin WmfMedia
LogPluginManager: Mounting plugin TcpMessaging
LogPluginManager: Mounting plugin UdpMessaging
LogPluginManager: Mounting plugin ActorSequence
LogPluginManager: Mounting plugin LevelSequenceEditor
LogPluginManager: Mounting plugin MatineeToLevelSequence
LogPluginManager: Mounting plugin NetcodeUnitTest
LogPluginManager: Mounting plugin NUTUnrealEngine4
LogPluginManager: Mounting plugin OnlineSubsystemGooglePlay
LogPluginManager: Mounting plugin OnlineSubsystemIOS
LogPluginManager: Mounting plugin OnlineSubsystem
LogPluginManager: Mounting plugin OnlineSubsystemNull
LogPluginManager: Mounting plugin OnlineSubsystemUtils
LogPluginManager: Mounting plugin LauncherChunkInstaller
LogPluginManager: Mounting plugin AndroidDeviceProfileSelector
LogPluginManager: Mounting plugin AndroidMoviePlayer
LogPluginManager: Mounting plugin AndroidPermission
LogPluginManager: Mounting plugin AppleImageUtils
LogPluginManager: Mounting plugin AppleMoviePlayer
LogPluginManager: Mounting plugin ArchVisCharacter
LogPluginManager: Mounting plugin AudioCapture
LogPluginManager: Mounting plugin CableComponent
LogPluginManager: Mounting plugin CustomMeshComponent
LogPluginManager: Mounting plugin EditableMesh
LogPluginManager: Mounting plugin ExampleDeviceProfileSelector
LogPluginManager: Mounting plugin GoogleCloudMessaging
LogPluginManager: Mounting plugin IOSDeviceProfileSelector
LogPluginManager: Mounting plugin LinuxDeviceProfileSelector
LogPluginManager: Mounting plugin LocationServicesBPLibrary
LogPluginManager: Mounting plugin MobilePatchingUtils
LogPluginManager: Mounting plugin OculusVR
LogPluginManager: Mounting plugin PhysXVehicles
LogPluginManager: Mounting plugin ProceduralMeshComponent
LogPluginManager: Mounting plugin RuntimePhysXCooking
LogPluginManager: Mounting plugin SignificanceManager
LogPluginManager: Mounting plugin SteamVR
LogPluginManager: Mounting plugin WebMMoviePlayer
LogPluginManager: Mounting plugin WindowsMoviePlayer
LogPluginManager: Mounting plugin ScreenshotTools
LogInit: Using libcurl 7.55.1-DEV
LogInit:  - built for x86_64-pc-win32
LogInit:  - supports SSL with OpenSSL/1.1.1
LogInit:  - supports HTTP deflate (compression) using libz 1.2.8
LogInit:  - other features:
LogInit:      CURL_VERSION_SSL
LogInit:      CURL_VERSION_LIBZ
LogInit:      CURL_VERSION_IPV6
LogInit:      CURL_VERSION_ASYNCHDNS
LogInit:      CURL_VERSION_LARGEFILE
LogInit:      CURL_VERSION_IDN
LogInit:  CurlRequestOptions (configurable via config and command line):
LogInit:  - bVerifyPeer = true  - Libcurl will verify peer certificate
LogInit:  - bUseHttpProxy = false  - Libcurl will NOT use HTTP proxy
LogInit:  - bDontReuseConnections = false  - Libcurl will reuse connections
LogInit:  - MaxHostConnections = 16  - Libcurl will limit the number of connections to a host
LogInit:  - LocalHostAddr = Default
LogInit:  - BufferSize = 65536
LogOnline: OSS: Creating online subsystem instance for: NULL
LogInit: WinSock: version 1.1 (2.2), MaxSocks=32767, MaxUdp=65467
LogInit: Build: ++UE4+Release-4.23-CL-9631420
LogInit: Engine Version: 4.23.1-9631420+++UE4+Release-4.23
LogInit: Compatible Engine Version: 4.23.0-8386587+++UE4+Release-4.23
LogInit: Net CL: 8386587
LogInit: OS: Windows 10 (Release 1909) (), CPU: Intel(R) Core(TM) i7-4770 CPU @ 3.40GHz, GPU: NVIDIA GeForce GTX 770
LogInit: Compiled (64-bit): Oct 18 2019 02:07:44
LogInit: Compiled with Visual C++: 19.16.27030.01
LogInit: Build Configuration: Development
LogInit: Branch Name: ++UE4+Release-4.23
LogInit: Command Line:  -skipcompile
LogInit: Base Directory: C:/Program Files/Epic Games/UE_4.23/Engine/Binaries/Win64/
LogInit: Installed Engine Build: 1
LogDevObjectVersion: Number of dev versions registered: 23
LogDevObjectVersion:   Dev-Blueprints (B0D832E4-1F89-4F0D-ACCF-7EB736FD4AA2): 10
LogDevObjectVersion:   Dev-Build (E1C64328-A22C-4D53-A36C-8E866417BD8C): 0
LogDevObjectVersion:   Dev-Core (375EC13C-06E4-48FB-B500-84F0262A717E): 3
LogDevObjectVersion:   Dev-Editor (E4B068ED-F494-42E9-A231-DA0B2E46BB41): 34
LogDevObjectVersion:   Dev-Framework (CFFC743F-43B0-4480-9391-14DF171D2073): 35
LogDevObjectVersion:   Dev-Mobile (B02B49B5-BB20-44E9-A304-32B752E40360): 2
LogDevObjectVersion:   Dev-Networking (A4E4105C-59A1-49B5-A7C5-40C4547EDFEE): 0
LogDevObjectVersion:   Dev-Online (39C831C9-5AE6-47DC-9A44-9C173E1C8E7C): 0
LogDevObjectVersion:   Dev-Physics (78F01B33-EBEA-4F98-B9B4-84EACCB95AA2): 0
LogDevObjectVersion:   Dev-Platform (6631380F-2D4D-43E0-8009-CF276956A95A): 0
LogDevObjectVersion:   Dev-Rendering (12F88B9F-8875-4AFC-A67C-D90C383ABD29): 31
LogDevObjectVersion:   Dev-Sequencer (7B5AE74C-D270-4C10-A958-57980B212A5A): 11
LogDevObjectVersion:   Dev-VR (D7296918-1DD6-4BDD-9DE2-64A83CC13884): 2
LogDevObjectVersion:   Dev-LoadTimes (C2A15278-BFE7-4AFE-6C17-90FF531DF755): 1
LogDevObjectVersion:   Private-Geometry (6EACA3D4-40EC-4CC1-B786-8BED09428FC5): 3
LogDevObjectVersion:   Dev-AnimPhys (29E575DD-E0A3-4627-9D10-D276232CDCEA): 17
LogDevObjectVersion:   Dev-Anim (AF43A65D-7FD3-4947-9873-3E8ED9C1BB05): 2
LogDevObjectVersion:   Dev-ReflectionCapture (6B266CEC-1EC7-4B8F-A30B-E4D90942FC07): 1
LogDevObjectVersion:   Dev-Automation (0DF73D61-A23F-47EA-B727-89E90C41499A): 1
LogDevObjectVersion:   FortniteMain (601D1886-AC64-4F84-AA16-D3DE0DEAC7D6): 27
LogDevObjectVersion:   Dev-Enterprise (9DFFBCD6-494F-0158-E221-12823C92A888): 6
LogDevObjectVersion:   Dev-Niagara (F2AED0AC-9AFE-416F-8664-AA7FFA26D6FC): 1
LogDevObjectVersion:   Dev-Destruction (174F1F0B-B4C6-45A5-B13F-2EE8D0FB917D): 9
LogInit: Presizing for max 16777216 objects, including 0 objects not considered by GC, pre-allocating 0 bytes for permanent pool.
LogInit: Object subsystem initialized
LogConfig: Setting CVar [[con.DebugEarlyDefault:1]]
LogConfig: Setting CVar [[r.setres:1280x720]]
[2020.08.11-00.03.49:399][  0]LogConfig: Setting CVar [[r.VSync:0]]
[2020.08.11-00.03.49:399][  0]LogConfig: Setting CVar [[r.RHICmdBypass:0]]
[2020.08.11-00.03.49:399][  0]LogConfig: Applying CVar settings from Section [/Script/Engine.RendererSettings] File [C:/Users/s181813/Documents/GitHub/GhoulsAndGoblins/GhoulsAndGoodies/Saved/Config/Windows/Engine.ini]
[2020.08.11-00.03.49:400][  0]LogConfig: Setting CVar [[r.GPUCrashDebugging:0]]
[2020.08.11-00.03.49:400][  0]LogConfig: Applying CVar settings from Section [/Script/Engine.RendererOverrideSettings] File [C:/Users/s181813/Documents/GitHub/GhoulsAndGoblins/GhoulsAndGoodies/Saved/Config/Windows/Engine.ini]
[2020.08.11-00.03.49:400][  0]LogConfig: Applying CVar settings from Section [/Script/Engine.StreamingSettings] File [C:/Users/s181813/Documents/GitHub/GhoulsAndGoblins/GhoulsAndGoodies/Saved/Config/Windows/Engine.ini]
[2020.08.11-00.03.49:400][  0]LogConfig: Setting CVar [[s.MinBulkDataSizeForAsyncLoading:131072]]
[2020.08.11-00.03.49:400][  0]LogConfig: Setting CVar [[s.AsyncLoadingThreadEnabled:0]]
[2020.08.11-00.03.49:400][  0]LogConfig: Setting CVar [[s.EventDrivenLoaderEnabled:1]]
[2020.08.11-00.03.49:400][  0]LogConfig: Setting CVar [[s.WarnIfTimeLimitExceeded:0]]
[2020.08.11-00.03.49:400][  0]LogConfig: Setting CVar [[s.TimeLimitExceededMultiplier:1.5]]
[2020.08.11-00.03.49:400][  0]LogConfig: Setting CVar [[s.TimeLimitExceededMinTime:0.005]]
[2020.08.11-00.03.49:400][  0]LogConfig: Setting CVar [[s.UseBackgroundLevelStreaming:1]]
[2020.08.11-00.03.49:400][  0]LogConfig: Setting CVar [[s.PriorityAsyncLoadingExtraTime:15.0]]
[2020.08.11-00.03.49:400][  0]LogConfig: Setting CVar [[s.LevelStreamingActorsUpdateTimeLimit:5.0]]
[2020.08.11-00.03.49:400][  0]LogConfig: Setting CVar [[s.PriorityLevelStreamingActorsUpdateExtraTime:5.0]]
[2020.08.11-00.03.49:400][  0]LogConfig: Setting CVar [[s.LevelStreamingComponentsRegistrationGranularity:10]]
[2020.08.11-00.03.49:400][  0]LogConfig: Setting CVar [[s.UnregisterComponentsTimeLimit:1.0]]
[2020.08.11-00.03.49:400][  0]LogConfig: Setting CVar [[s.LevelStreamingComponentsUnregistrationGranularity:5]]
[2020.08.11-00.03.49:400][  0]LogConfig: Applying CVar settings from Section [/Script/Engine.GarbageCollectionSettings] File [C:/Users/s181813/Documents/GitHub/GhoulsAndGoblins/GhoulsAndGoodies/Saved/Config/Windows/Engine.ini]
[2020.08.11-00.03.49:400][  0]LogConfig: Setting CVar [[gc.MaxObjectsNotConsideredByGC:1]]
[2020.08.11-00.03.49:401][  0]LogConfig: Setting CVar [[gc.SizeOfPermanentObjectPool:0]]
[2020.08.11-00.03.49:401][  0]LogConfig: Setting CVar [[gc.FlushStreamingOnGC:0]]
[2020.08.11-00.03.49:401][  0]LogConfig: Setting CVar [[gc.NumRetriesBeforeForcingGC:10]]
[2020.08.11-00.03.49:401][  0]LogConfig: Setting CVar [[gc.AllowParallelGC:1]]
[2020.08.11-00.03.49:401][  0]LogConfig: Setting CVar [[gc.TimeBetweenPurgingPendingKillObjects:61.1]]
[2020.08.11-00.03.49:401][  0]LogConfig: Setting CVar [[gc.MaxObjectsInEditor:16777216]]
[2020.08.11-00.03.49:401][  0]LogConfig: Setting CVar [[gc.IncrementalBeginDestroyEnabled:1]]
[2020.08.11-00.03.49:401][  0]LogConfig: Setting CVar [[gc.CreateGCClusters:1]]
[2020.08.11-00.03.49:401][  0]LogConfig: Setting CVar [[gc.MinGCClusterSize:5]]
[2020.08.11-00.03.49:401][  0]LogConfig: Setting CVar [[gc.ActorClusteringEnabled:0]]
[2020.08.11-00.03.49:401][  0]LogConfig: Setting CVar [[gc.BlueprintClusteringEnabled:0]]
[2020.08.11-00.03.49:401][  0]LogConfig: Setting CVar [[gc.UseDisregardForGCOnDedicatedServers:0]]
[2020.08.11-00.03.49:401][  0]LogConfig: Applying CVar settings from Section [/Script/Engine.NetworkSettings] File [C:/Users/s181813/Documents/GitHub/GhoulsAndGoblins/GhoulsAndGoodies/Saved/Config/Windows/Engine.ini]
[2020.08.11-00.03.49:401][  0]LogConfig: Applying CVar settings from Section [/Script/UnrealEd.CookerSettings] File [C:/Users/s181813/Documents/GitHub/GhoulsAndGoblins/GhoulsAndGoodies/Saved/Config/Windows/Engine.ini]
[2020.08.11-00.03.49:410][  0]LogConfig: Applying CVar settings from Section [ViewDistanceQuality@3] File [C:/Users/s181813/Documents/GitHub/GhoulsAndGoblins/GhoulsAndGoodies/Saved/Config/Windows/Scalability.ini]
[2020.08.11-00.03.49:410][  0]LogConfig: Setting CVar [[r.SkeletalMeshLODBias:0]]
[2020.08.11-00.03.49:410][  0]LogConfig: Setting CVar [[r.ViewDistanceScale:1.0]]
[2020.08.11-00.03.49:410][  0]LogConfig: Applying CVar settings from Section [AntiAliasingQuality@3] File [C:/Users/s181813/Documents/GitHub/GhoulsAndGoblins/GhoulsAndGoodies/Saved/Config/Windows/Scalability.ini]
[2020.08.11-00.03.49:410][  0]LogConfig: Setting CVar [[r.PostProcessAAQuality:4]]
[2020.08.11-00.03.49:410][  0]LogConfig: Applying CVar settings from Section [ShadowQuality@3] File [C:/Users/s181813/Documents/GitHub/GhoulsAndGoblins/GhoulsAndGoodies/Saved/Config/Windows/Scalability.ini]
[2020.08.11-00.03.49:410][  0]LogConfig: Setting CVar [[r.LightFunctionQuality:1]]
[2020.08.11-00.03.49:410][  0]LogConfig: Setting CVar [[r.ShadowQuality:5]]
[2020.08.11-00.03.49:410][  0]LogConfig: Setting CVar [[r.Shadow.CSM.MaxCascades:10]]
[2020.08.11-00.03.49:410][  0]LogConfig: Setting CVar [[r.Shadow.MaxResolution:2048]]
[2020.08.11-00.03.49:410][  0]LogConfig: Setting CVar [[r.Shadow.MaxCSMResolution:2048]]
[2020.08.11-00.03.49:410][  0]LogConfig: Setting CVar [[r.Shadow.RadiusThreshold:0.01]]
[2020.08.11-00.03.49:410][  0]LogConfig: Setting CVar [[r.Shadow.DistanceScale:1.0]]
[2020.08.11-00.03.49:410][  0]LogConfig: Setting CVar [[r.Shadow.CSM.TransitionScale:1.0]]
[2020.08.11-00.03.49:411][  0]LogConfig: Setting CVar [[r.Shadow.PreShadowResolutionFactor:1.0]]
[2020.08.11-00.03.49:411][  0]LogConfig: Setting CVar [[r.DistanceFieldShadowing:1]]
[2020.08.11-00.03.49:411][  0]LogConfig: Setting CVar [[r.DistanceFieldAO:1]]
[2020.08.11-00.03.49:411][  0]LogConfig: Setting CVar [[r.AOQuality:2]]
[2020.08.11-00.03.49:411][  0]LogConfig: Setting CVar [[r.VolumetricFog:1]]
[2020.08.11-00.03.49:411][  0]LogConfig: Setting CVar [[r.VolumetricFog.GridPixelSize:8]]
[2020.08.11-00.03.49:411][  0]LogConfig: Setting CVar [[r.VolumetricFog.GridSizeZ:128]]
[2020.08.11-00.03.49:411][  0]LogConfig: Setting CVar [[r.VolumetricFog.HistoryMissSupersampleCount:4]]
[2020.08.11-00.03.49:411][  0]LogConfig: Setting CVar [[r.LightMaxDrawDistanceScale:1]]
[2020.08.11-00.03.49:411][  0]LogConfig: Setting CVar [[r.CapsuleShadows:1]]
[2020.08.11-00.03.49:411][  0]LogConfig: Applying CVar settings from Section [PostProcessQuality@3] File [C:/Users/s181813/Documents/GitHub/GhoulsAndGoblins/GhoulsAndGoodies/Saved/Config/Windows/Scalability.ini]
[2020.08.11-00.03.49:411][  0]LogConfig: Setting CVar [[r.MotionBlurQuality:4]]
[2020.08.11-00.03.49:411][  0]LogConfig: Setting CVar [[r.AmbientOcclusionMipLevelFactor:0.4]]
[2020.08.11-00.03.49:411][  0]LogConfig: Setting CVar [[r.AmbientOcclusionMaxQuality:100]]
[2020.08.11-00.03.49:411][  0]LogConfig: Setting CVar [[r.AmbientOcclusionLevels:-1]]
[2020.08.11-00.03.49:411][  0]LogConfig: Setting CVar [[r.AmbientOcclusionRadiusScale:1.0]]
[2020.08.11-00.03.49:411][  0]LogConfig: Setting CVar [[r.DepthOfFieldQuality:2]]
[2020.08.11-00.03.49:411][  0]LogConfig: Setting CVar [[r.RenderTargetPoolMin:400]]
[2020.08.11-00.03.49:411][  0]LogConfig: Setting CVar [[r.LensFlareQuality:2]]
[2020.08.11-00.03.49:412][  0]LogConfig: Setting CVar [[r.SceneColorFringeQuality:1]]
[2020.08.11-00.03.49:412][  0]LogConfig: Setting CVar [[r.EyeAdaptationQuality:2]]
[2020.08.11-00.03.49:412][  0]LogConfig: Setting CVar [[r.BloomQuality:5]]
[2020.08.11-00.03.49:412][  0]LogConfig: Setting CVar [[r.FastBlurThreshold:100]]
[2020.08.11-00.03.49:412][  0]LogConfig: Setting CVar [[r.Upscale.Quality:3]]
[2020.08.11-00.03.49:412][  0]LogConfig: Setting CVar [[r.Tonemapper.GrainQuantization:1]]
[2020.08.11-00.03.49:412][  0]LogConfig: Setting CVar [[r.LightShaftQuality:1]]
[2020.08.11-00.03.49:412][  0]LogConfig: Setting CVar [[r.Filter.SizeScale:1]]
[2020.08.11-00.03.49:412][  0]LogConfig: Setting CVar [[r.Tonemapper.Quality:5]]
[2020.08.11-00.03.49:412][  0]LogConfig: Setting CVar [[r.DOF.Gather.AccumulatorQuality:1        ; higher gathering accumulator quality]]
[2020.08.11-00.03.49:412][  0]LogConfig: Setting CVar [[r.DOF.Gather.PostfilterMethod:1          ; Median3x3 postfilering method]]
[2020.08.11-00.03.49:412][  0]LogConfig: Setting CVar [[r.DOF.Gather.EnableBokehSettings:0       ; no bokeh simulation when gathering]]
[2020.08.11-00.03.49:412][  0]LogConfig: Setting CVar [[r.DOF.Gather.RingCount:4                 ; medium number of samples when gathering]]
[2020.08.11-00.03.49:412][  0]LogConfig: Setting CVar [[r.DOF.Scatter.ForegroundCompositing:1    ; additive foreground scattering]]
[2020.08.11-00.03.49:412][  0]LogConfig: Setting CVar [[r.DOF.Scatter.BackgroundCompositing:2    ; additive background scattering]]
[2020.08.11-00.03.49:412][  0]LogConfig: Setting CVar [[r.DOF.Scatter.EnableBokehSettings:1      ; bokeh simulation when scattering]]
[2020.08.11-00.03.49:412][  0]LogConfig: Setting CVar [[r.DOF.Scatter.MaxSpriteRatio:0.1         ; only a maximum of 10% of scattered bokeh]]
[2020.08.11-00.03.49:412][  0]LogConfig: Setting CVar [[r.DOF.Recombine.Quality:1                ; cheap slight out of focus]]
[2020.08.11-00.03.49:412][  0]LogConfig: Setting CVar [[r.DOF.Recombine.EnableBokehSettings:0    ; no bokeh simulation on slight out of focus]]
[2020.08.11-00.03.49:413][  0]LogConfig: Setting CVar [[r.DOF.TemporalAAQuality:1                ; more stable temporal accumulation]]
[2020.08.11-00.03.49:413][  0]LogConfig: Setting CVar [[r.DOF.Kernel.MaxForegroundRadius:0.025]]
[2020.08.11-00.03.49:413][  0]LogConfig: Setting CVar [[r.DOF.Kernel.MaxBackgroundRadius:0.025]]
[2020.08.11-00.03.49:413][  0]LogConfig: Applying CVar settings from Section [TextureQuality@3] File [C:/Users/s181813/Documents/GitHub/GhoulsAndGoblins/GhoulsAndGoodies/Saved/Config/Windows/Scalability.ini]
[2020.08.11-00.03.49:413][  0]LogConfig: Setting CVar [[r.Streaming.MipBias:0]]
[2020.08.11-00.03.49:413][  0]LogConfig: Setting CVar [[r.Streaming.AmortizeCPUToGPUCopy:0]]
[2020.08.11-00.03.49:413][  0]LogConfig: Setting CVar [[r.Streaming.MaxNumTexturesToStreamPerFrame:0]]
[2020.08.11-00.03.49:413][  0]LogConfig: Setting CVar [[r.Streaming.Boost:1]]
[2020.08.11-00.03.49:413][  0]LogConfig: Setting CVar [[r.MaxAnisotropy:8]]
[2020.08.11-00.03.49:413][  0]LogConfig: Setting CVar [[r.Streaming.LimitPoolSizeToVRAM:0]]
[2020.08.11-00.03.49:413][  0]LogConfig: Setting CVar [[r.Streaming.PoolSize:1000]]
[2020.08.11-00.03.49:413][  0]LogConfig: Setting CVar [[r.Streaming.MaxEffectiveScreenSize:0]]
[2020.08.11-00.03.49:413][  0]LogConfig: Applying CVar settings from Section [EffectsQuality@3] File [C:/Users/s181813/Documents/GitHub/GhoulsAndGoblins/GhoulsAndGoodies/Saved/Config/Windows/Scalability.ini]
[2020.08.11-00.03.49:413][  0]LogConfig: Setting CVar [[r.TranslucencyLightingVolumeDim:64]]
[2020.08.11-00.03.49:413][  0]LogConfig: Setting CVar [[r.RefractionQuality:2]]
[2020.08.11-00.03.49:413][  0]LogConfig: Setting CVar [[r.SSR.Quality:3]]
[2020.08.11-00.03.49:413][  0]LogConfig: Setting CVar [[r.SceneColorFormat:4]]
[2020.08.11-00.03.49:413][  0]LogConfig: Setting CVar [[r.DetailMode:2]]
[2020.08.11-00.03.49:413][  0]LogConfig: Setting CVar [[r.TranslucencyVolumeBlur:1]]
[2020.08.11-00.03.49:414][  0]LogConfig: Setting CVar [[r.MaterialQualityLevel:1 ; High quality]]
[2020.08.11-00.03.49:414][  0]LogConfig: Setting CVar [[r.SSS.Scale:1]]
[2020.08.11-00.03.49:414][  0]LogConfig: Setting CVar [[r.SSS.SampleSet:2]]
[2020.08.11-00.03.49:414][  0]LogConfig: Setting CVar [[r.SSS.Quality:1]]
[2020.08.11-00.03.49:414][  0]LogConfig: Setting CVar [[r.SSS.HalfRes:1]]
[2020.08.11-00.03.49:414][  0]LogConfig: Setting CVar [[r.EmitterSpawnRateScale:1.0]]
[2020.08.11-00.03.49:414][  0]LogConfig: Setting CVar [[r.ParticleLightQuality:2]]
[2020.08.11-00.03.49:414][  0]LogConfig: Applying CVar settings from Section [FoliageQuality@3] File [C:/Users/s181813/Documents/GitHub/GhoulsAndGoblins/GhoulsAndGoodies/Saved/Config/Windows/Scalability.ini]
[2020.08.11-00.03.49:414][  0]LogConfig: Setting CVar [[foliage.DensityScale:1.0]]
[2020.08.11-00.03.49:414][  0]LogConfig: Setting CVar [[grass.DensityScale:1.0]]
[2020.08.11-00.03.49:414][  0]LogInit: Selected Device Profile: [Windows]
[2020.08.11-00.03.49:414][  0]LogInit: Applying CVar settings loaded from the selected device profile: [Windows]
[2020.08.11-00.03.49:417][  0]LogHAL: Display: Platform has ~ 32 GB [34241372160 / 34359738368 / 32], which maps to Largest [LargestMinGB=32, LargerMinGB=12, DefaultMinGB=8, SmallerMinGB=6, SmallestMinGB=0)
[2020.08.11-00.03.49:417][  0]LogInit: Going up to parent DeviceProfile []
[2020.08.11-00.03.49:417][  0]LogConfig: Applying CVar settings from Section [ViewDistanceQuality@3] File [C:/Users/s181813/Documents/GitHub/GhoulsAndGoblins/GhoulsAndGoodies/Saved/Config/Windows/Scalability.ini]
[2020.08.11-00.03.49:417][  0]LogConfig: Setting CVar [[r.SkeletalMeshLODBias:0]]
[2020.08.11-00.03.49:417][  0]LogConfig: Setting CVar [[r.ViewDistanceScale:1.0]]
[2020.08.11-00.03.49:417][  0]LogConfig: Applying CVar settings from Section [AntiAliasingQuality@3] File [C:/Users/s181813/Documents/GitHub/GhoulsAndGoblins/GhoulsAndGoodies/Saved/Config/Windows/Scalability.ini]
[2020.08.11-00.03.49:417][  0]LogConfig: Setting CVar [[r.PostProcessAAQuality:4]]
[2020.08.11-00.03.49:417][  0]LogConfig: Applying CVar settings from Section [ShadowQuality@3] File [C:/Users/s181813/Documents/GitHub/GhoulsAndGoblins/GhoulsAndGoodies/Saved/Config/Windows/Scalability.ini]
[2020.08.11-00.03.49:417][  0]LogConfig: Setting CVar [[r.LightFunctionQuality:1]]
[2020.08.11-00.03.49:418][  0]LogConfig: Setting CVar [[r.ShadowQuality:5]]
[2020.08.11-00.03.49:418][  0]LogConfig: Setting CVar [[r.Shadow.CSM.MaxCascades:10]]
[2020.08.11-00.03.49:418][  0]LogConfig: Setting CVar [[r.Shadow.MaxResolution:2048]]
[2020.08.11-00.03.49:418][  0]LogConfig: Setting CVar [[r.Shadow.MaxCSMResolution:2048]]
[2020.08.11-00.03.49:418][  0]LogConfig: Setting CVar [[r.Shadow.RadiusThreshold:0.01]]
[2020.08.11-00.03.49:418][  0]LogConfig: Setting CVar [[r.Shadow.DistanceScale:1.0]]
[2020.08.11-00.03.49:418][  0]LogConfig: Setting CVar [[r.Shadow.CSM.TransitionScale:1.0]]
[2020.08.11-00.03.49:418][  0]LogConfig: Setting CVar [[r.Shadow.PreShadowResolutionFactor:1.0]]
[2020.08.11-00.03.49:418][  0]LogConfig: Setting CVar [[r.DistanceFieldShadowing:1]]
[2020.08.11-00.03.49:418][  0]LogConfig: Setting CVar [[r.DistanceFieldAO:1]]
[2020.08.11-00.03.49:418][  0]LogConfig: Setting CVar [[r.AOQuality:2]]
[2020.08.11-00.03.49:418][  0]LogConfig: Setting CVar [[r.VolumetricFog:1]]
[2020.08.11-00.03.49:418][  0]LogConfig: Setting CVar [[r.VolumetricFog.GridPixelSize:8]]
[2020.08.11-00.03.49:418][  0]LogConfig: Setting CVar [[r.VolumetricFog.GridSizeZ:128]]
[2020.08.11-00.03.49:418][  0]LogConfig: Setting CVar [[r.VolumetricFog.HistoryMissSupersampleCount:4]]
[2020.08.11-00.03.49:418][  0]LogConfig: Setting CVar [[r.LightMaxDrawDistanceScale:1]]
[2020.08.11-00.03.49:418][  0]LogConfig: Setting CVar [[r.CapsuleShadows:1]]
[2020.08.11-00.03.49:418][  0]LogConfig: Applying CVar settings from Section [PostProcessQuality@3] File [C:/Users/s181813/Documents/GitHub/GhoulsAndGoblins/GhoulsAndGoodies/Saved/Config/Windows/Scalability.ini]
[2020.08.11-00.03.49:418][  0]LogConfig: Setting CVar [[r.MotionBlurQuality:4]]
[2020.08.11-00.03.49:418][  0]LogConfig: Setting CVar [[r.AmbientOcclusionMipLevelFactor:0.4]]
[2020.08.11-00.03.49:419][  0]LogConfig: Setting CVar [[r.AmbientOcclusionMaxQuality:100]]
[2020.08.11-00.03.49:419][  0]LogConfig: Setting CVar [[r.AmbientOcclusionLevels:-1]]
[2020.08.11-00.03.49:419][  0]LogConfig: Setting CVar [[r.AmbientOcclusionRadiusScale:1.0]]
[2020.08.11-00.03.49:419][  0]LogConfig: Setting CVar [[r.DepthOfFieldQuality:2]]
[2020.08.11-00.03.49:419][  0]LogConfig: Setting CVar [[r.RenderTargetPoolMin:400]]
[2020.08.11-00.03.49:419][  0]LogConfig: Setting CVar [[r.LensFlareQuality:2]]
[2020.08.11-00.03.49:419][  0]LogConfig: Setting CVar [[r.SceneColorFringeQuality:1]]
[2020.08.11-00.03.49:419][  0]LogConfig: Setting CVar [[r.EyeAdaptationQuality:2]]
[2020.08.11-00.03.49:419][  0]LogConfig: Setting CVar [[r.BloomQuality:5]]
[2020.08.11-00.03.49:419][  0]LogConfig: Setting CVar [[r.FastBlurThreshold:100]]
[2020.08.11-00.03.49:419][  0]LogConfig: Setting CVar [[r.Upscale.Quality:3]]
[2020.08.11-00.03.49:419][  0]LogConfig: Setting CVar [[r.Tonemapper.GrainQuantization:1]]
[2020.08.11-00.03.49:419][  0]LogConfig: Setting CVar [[r.LightShaftQuality:1]]
[2020.08.11-00.03.49:419][  0]LogConfig: Setting CVar [[r.Filter.SizeScale:1]]
[2020.08.11-00.03.49:419][  0]LogConfig: Setting CVar [[r.Tonemapper.Quality:5]]
[2020.08.11-00.03.49:419][  0]LogConfig: Setting CVar [[r.DOF.Gather.AccumulatorQuality:1        ; higher gathering accumulator quality]]
[2020.08.11-00.03.49:419][  0]LogConfig: Setting CVar [[r.DOF.Gather.PostfilterMethod:1          ; Median3x3 postfilering method]]
[2020.08.11-00.03.49:419][  0]LogConfig: Setting CVar [[r.DOF.Gather.EnableBokehSettings:0       ; no bokeh simulation when gathering]]
[2020.08.11-00.03.49:420][  0]LogConfig: Setting CVar [[r.DOF.Gather.RingCount:4                 ; medium number of samples when gathering]]
[2020.08.11-00.03.49:420][  0]LogConfig: Setting CVar [[r.DOF.Scatter.ForegroundCompositing:1    ; additive foreground scattering]]
[2020.08.11-00.03.49:420][  0]LogConfig: Setting CVar [[r.DOF.Scatter.BackgroundCompositing:2    ; additive background scattering]]
[2020.08.11-00.03.49:420][  0]LogConfig: Setting CVar [[r.DOF.Scatter.EnableBokehSettings:1      ; bokeh simulation when scattering]]
[2020.08.11-00.03.49:420][  0]LogConfig: Setting CVar [[r.DOF.Scatter.MaxSpriteRatio:0.1         ; only a maximum of 10% of scattered bokeh]]
[2020.08.11-00.03.49:420][  0]LogConfig: Setting CVar [[r.DOF.Recombine.Quality:1                ; cheap slight out of focus]]
[2020.08.11-00.03.49:420][  0]LogConfig: Setting CVar [[r.DOF.Recombine.EnableBokehSettings:0    ; no bokeh simulation on slight out of focus]]
[2020.08.11-00.03.49:420][  0]LogConfig: Setting CVar [[r.DOF.TemporalAAQuality:1                ; more stable temporal accumulation]]
[2020.08.11-00.03.49:420][  0]LogConfig: Setting CVar [[r.DOF.Kernel.MaxForegroundRadius:0.025]]
[2020.08.11-00.03.49:420][  0]LogConfig: Setting CVar [[r.DOF.Kernel.MaxBackgroundRadius:0.025]]
[2020.08.11-00.03.49:420][  0]LogConfig: Applying CVar settings from Section [TextureQuality@3] File [C:/Users/s181813/Documents/GitHub/GhoulsAndGoblins/GhoulsAndGoodies/Saved/Config/Windows/Scalability.ini]
[2020.08.11-00.03.49:420][  0]LogConfig: Setting CVar [[r.Streaming.MipBias:0]]
[2020.08.11-00.03.49:420][  0]LogConfig: Setting CVar [[r.Streaming.AmortizeCPUToGPUCopy:0]]
[2020.08.11-00.03.49:420][  0]LogConfig: Setting CVar [[r.Streaming.MaxNumTexturesToStreamPerFrame:0]]
[2020.08.11-00.03.49:420][  0]LogConfig: Setting CVar [[r.Streaming.Boost:1]]
[2020.08.11-00.03.49:420][  0]LogConfig: Setting CVar [[r.MaxAnisotropy:8]]
[2020.08.11-00.03.49:421][  0]LogConfig: Setting CVar [[r.Streaming.LimitPoolSizeToVRAM:0]]
[2020.08.11-00.03.49:421][  0]LogConfig: Setting CVar [[r.Streaming.PoolSize:1000]]
[2020.08.11-00.03.49:421][  0]LogConfig: Setting CVar [[r.Streaming.MaxEffectiveScreenSize:0]]
[2020.08.11-00.03.49:421][  0]LogConfig: Applying CVar settings from Section [EffectsQuality@3] File [C:/Users/s181813/Documents/GitHub/GhoulsAndGoblins/GhoulsAndGoodies/Saved/Config/Windows/Scalability.ini]
[2020.08.11-00.03.49:421][  0]LogConfig: Setting CVar [[r.TranslucencyLightingVolumeDim:64]]
[2020.08.11-00.03.49:421][  0]LogConfig: Setting CVar [[r.RefractionQuality:2]]
[2020.08.11-00.03.49:421][  0]LogConfig: Setting CVar [[r.SSR.Quality:3]]
[2020.08.11-00.03.49:421][  0]LogConfig: Setting CVar [[r.SceneColorFormat:4]]
[2020.08.11-00.03.49:421][  0]LogConfig: Setting CVar [[r.DetailMode:2]]
[2020.08.11-00.03.49:421][  0]LogConfig: Setting CVar [[r.TranslucencyVolumeBlur:1]]
[2020.08.11-00.03.49:421][  0]LogConfig: Setting CVar [[r.MaterialQualityLevel:1 ; High quality]]
[2020.08.11-00.03.49:421][  0]LogConfig: Setting CVar [[r.SSS.Scale:1]]
[2020.08.11-00.03.49:421][  0]LogConfig: Setting CVar [[r.SSS.SampleSet:2]]
[2020.08.11-00.03.49:421][  0]LogConfig: Setting CVar [[r.SSS.Quality:1]]
[2020.08.11-00.03.49:421][  0]LogConfig: Setting CVar [[r.SSS.HalfRes:1]]
[2020.08.11-00.03.49:421][  0]LogConfig: Setting CVar [[r.EmitterSpawnRateScale:1.0]]
[2020.08.11-00.03.49:421][  0]LogConfig: Setting CVar [[r.ParticleLightQuality:2]]
[2020.08.11-00.03.49:421][  0]LogConfig: Applying CVar settings from Section [FoliageQuality@3] File [C:/Users/s181813/Documents/GitHub/GhoulsAndGoblins/GhoulsAndGoodies/Saved/Config/Windows/Scalability.ini]
[2020.08.11-00.03.49:421][  0]LogConfig: Setting CVar [[foliage.DensityScale:1.0]]
[2020.08.11-00.03.49:422][  0]LogConfig: Setting CVar [[grass.DensityScale:1.0]]
[2020.08.11-00.03.49:422][  0]LogConfig: Applying CVar settings from Section [Startup] File [../../../Engine/Config/ConsoleVariables.ini]
[2020.08.11-00.03.49:422][  0]LogConfig: Setting CVar [[net.UseAdaptiveNetUpdateFrequency:0]]
[2020.08.11-00.03.49:422][  0]LogConfig: Setting CVar [[p.chaos.AllowCreatePhysxBodies:1]]
[2020.08.11-00.03.49:422][  0]LogConfig: Applying CVar settings from Section [ConsoleVariables] File [C:/Users/s181813/Documents/GitHub/GhoulsAndGoblins/GhoulsAndGoodies/Saved/Config/Windows/Engine.ini]
[2020.08.11-00.03.49:422][  0]LogInit: Computer: SYD-19EF44
[2020.08.11-00.03.49:422][  0]LogInit: User: s181813
[2020.08.11-00.03.49:422][  0]LogInit: CPU Page size=4096, Cores=4
[2020.08.11-00.03.49:422][  0]LogInit: High frequency timer resolution =10.000000 MHz
[2020.08.11-00.03.49:423][  0]LogMemory: Memory total: Physical=31.9GB (32GB approx)
[2020.08.11-00.03.49:423][  0]LogMemory: Platform Memory Stats for Windows
[2020.08.11-00.03.49:423][  0]LogMemory: Process Physical Memory: 101.00 MB used, 101.00 MB peak
[2020.08.11-00.03.49:423][  0]LogMemory: Process Virtual Memory: 100.63 MB used, 100.63 MB peak
[2020.08.11-00.03.49:423][  0]LogMemory: Physical Memory: 7655.39 MB used,  24999.73 MB free, 32655.12 MB total
[2020.08.11-00.03.49:423][  0]LogMemory: Virtual Memory: 4668.43 MB used,  134213056.00 MB free, 134217728.00 MB total
[2020.08.11-00.03.49:429][  0]LogWindows: WindowsPlatformFeatures enabled
[2020.08.11-00.03.49:609][  0]LogInit: Using OS detected language (en-US).
[2020.08.11-00.03.49:609][  0]LogInit: Using OS detected locale (en-AU).
[2020.08.11-00.03.49:610][  0]LogTextLocalizationManager: No specific localization for 'en-US' exists, so the 'en' localization will be used.
[2020.08.11-00.03.49:808][  0]LogInit: Setting process to per monitor DPI aware
[2020.08.11-00.03.49:866][  0]LogSlate: New Slate User Created.  User Index 0, Is Virtual User: 0
[2020.08.11-00.03.49:866][  0]LogSlate: Slate User Registered.  User Index 0, Is Virtual User: 0
[2020.08.11-00.03.50:033][  0]LogHMD: Failed to initialize OpenVR with code 110
[2020.08.11-00.03.50:034][  0]LogD3D11RHI: D3D11 adapters:
[2020.08.11-00.03.50:113][  0]LogD3D11RHI:    0. 'NVIDIA GeForce GTX 770' (Feature Level 11_0)
[2020.08.11-00.03.50:113][  0]LogD3D11RHI:       2007/0/16327 MB DedicatedVideo/DedicatedSystem/SharedSystem, Outputs:2, VendorId:0x10de
[2020.08.11-00.03.50:131][  0]LogD3D11RHI:    1. 'Intel(R) HD Graphics 4600' (Feature Level 11_0)
[2020.08.11-00.03.50:131][  0]LogD3D11RHI:       112/0/2048 MB DedicatedVideo/DedicatedSystem/SharedSystem, Outputs:0, VendorId:0x8086
[2020.08.11-00.03.50:138][  0]LogD3D11RHI:    2. 'Microsoft Basic Render Driver' (Feature Level 11_0)
[2020.08.11-00.03.50:138][  0]LogD3D11RHI:       0/0/16327 MB DedicatedVideo/DedicatedSystem/SharedSystem, Outputs:0, VendorId:0x1414
[2020.08.11-00.03.50:138][  0]LogD3D11RHI: Chosen D3D11 Adapter: 0
[2020.08.11-00.03.50:145][  0]LogD3D11RHI: Creating new Direct3DDevice
[2020.08.11-00.03.50:145][  0]LogD3D11RHI:     GPU DeviceId: 0x1184 (for the marketing name, search the web for "GPU Device Id")
[2020.08.11-00.03.50:145][  0]LogWindows: EnumDisplayDevices:
[2020.08.11-00.03.50:145][  0]LogWindows:    0. 'NVIDIA GeForce GTX 770' (P:1 D:1)
[2020.08.11-00.03.50:146][  0]LogWindows:    1. 'NVIDIA GeForce GTX 770' (P:0 D:1)
[2020.08.11-00.03.50:146][  0]LogWindows:    2. 'NVIDIA GeForce GTX 770' (P:0 D:0)
[2020.08.11-00.03.50:147][  0]LogWindows:    3. 'NVIDIA GeForce GTX 770' (P:0 D:0)
[2020.08.11-00.03.50:147][  0]LogWindows:    4. 'Intel(R) HD Graphics 4600' (P:0 D:0)
[2020.08.11-00.03.50:147][  0]LogWindows:    5. 'Intel(R) HD Graphics 4600' (P:0 D:0)
[2020.08.11-00.03.50:148][  0]LogWindows:    6. 'Intel(R) HD Graphics 4600' (P:0 D:0)
[2020.08.11-00.03.50:148][  0]LogWindows: DebugString: PrimaryIsNotTheChoosenAdapter PrimaryIsNotTheChoosenAdapter PrimaryIsNotTheChoosenAdapter FoundDriverCount:4 
[2020.08.11-00.03.50:148][  0]LogD3D11RHI:     Adapter Name: NVIDIA GeForce GTX 770
[2020.08.11-00.03.50:148][  0]LogD3D11RHI:   Driver Version: 432.00 (internal:26.21.14.3200, unified:432.00)
[2020.08.11-00.03.50:148][  0]LogD3D11RHI:      Driver Date: 7-24-2019
[2020.08.11-00.03.50:148][  0]LogRHI: Texture pool is 1404 MB (70% of 2007 MB)
[2020.08.11-00.03.50:197][  0]LogD3D11RHI: Async texture creation enabled
[2020.08.11-00.03.50:211][  0]LogD3D11RHI: GPU Timing Frequency: 1000.000000 (Debug: 2 1)
[2020.08.11-00.03.50:485][  0]LogTemp: Display: Module 'AllDesktopTargetPlatform' loaded TargetPlatform 'AllDesktop'
[2020.08.11-00.03.50:496][  0]LogTemp: Display: Module 'MacClientTargetPlatform' loaded TargetPlatform 'MacClient'
[2020.08.11-00.03.50:507][  0]LogTemp: Display: Module 'MacNoEditorTargetPlatform' loaded TargetPlatform 'MacNoEditor'
[2020.08.11-00.03.50:518][  0]LogTemp: Display: Module 'MacServerTargetPlatform' loaded TargetPlatform 'MacServer'
[2020.08.11-00.03.50:531][  0]LogTemp: Display: Module 'MacTargetPlatform' loaded TargetPlatform 'Mac'
[2020.08.11-00.03.50:542][  0]LogTemp: Display: Module 'WindowsClientTargetPlatform' loaded TargetPlatform 'WindowsClient'
[2020.08.11-00.03.50:553][  0]LogTemp: Display: Module 'WindowsNoEditorTargetPlatform' loaded TargetPlatform 'WindowsNoEditor'
[2020.08.11-00.03.50:564][  0]LogTemp: Display: Module 'WindowsServerTargetPlatform' loaded TargetPlatform 'WindowsServer'
[2020.08.11-00.03.50:571][  0]LogTemp: Display: Module 'WindowsTargetPlatform' loaded TargetPlatform 'Windows'
[2020.08.11-00.03.50:604][  0]LogTemp: Display: Module 'AndroidTargetPlatform' loaded TargetPlatform 'Android'
[2020.08.11-00.03.50:604][  0]LogTemp: Display: Module 'AndroidTargetPlatform' loaded TargetPlatform 'Android_ASTC'
[2020.08.11-00.03.50:604][  0]LogTemp: Display: Module 'AndroidTargetPlatform' loaded TargetPlatform 'Android_ATC'
[2020.08.11-00.03.50:604][  0]LogTemp: Display: Module 'AndroidTargetPlatform' loaded TargetPlatform 'Android_DXT'
[2020.08.11-00.03.50:604][  0]LogTemp: Display: Module 'AndroidTargetPlatform' loaded TargetPlatform 'Android_ETC1'
[2020.08.11-00.03.50:604][  0]LogTemp: Display: Module 'AndroidTargetPlatform' loaded TargetPlatform 'Android_ETC1a'
[2020.08.11-00.03.50:604][  0]LogTemp: Display: Module 'AndroidTargetPlatform' loaded TargetPlatform 'Android_ETC2'
[2020.08.11-00.03.50:604][  0]LogTemp: Display: Module 'AndroidTargetPlatform' loaded TargetPlatform 'Android_PVRTC'
[2020.08.11-00.03.50:604][  0]LogTemp: Display: Module 'AndroidTargetPlatform' loaded TargetPlatform 'AndroidClient'
[2020.08.11-00.03.50:605][  0]LogTemp: Display: Module 'AndroidTargetPlatform' loaded TargetPlatform 'Android_ASTCClient'
[2020.08.11-00.03.50:605][  0]LogTemp: Display: Module 'AndroidTargetPlatform' loaded TargetPlatform 'Android_ATCClient'
[2020.08.11-00.03.50:605][  0]LogTemp: Display: Module 'AndroidTargetPlatform' loaded TargetPlatform 'Android_DXTClient'
[2020.08.11-00.03.50:605][  0]LogTemp: Display: Module 'AndroidTargetPlatform' loaded TargetPlatform 'Android_ETC1Client'
[2020.08.11-00.03.50:605][  0]LogTemp: Display: Module 'AndroidTargetPlatform' loaded TargetPlatform 'Android_ETC1aClient'
[2020.08.11-00.03.50:605][  0]LogTemp: Display: Module 'AndroidTargetPlatform' loaded TargetPlatform 'Android_ETC2Client'
[2020.08.11-00.03.50:605][  0]LogTemp: Display: Module 'AndroidTargetPlatform' loaded TargetPlatform 'Android_PVRTCClient'
[2020.08.11-00.03.50:605][  0]LogTemp: Display: Module 'AndroidTargetPlatform' loaded TargetPlatform 'Android_Multi'
[2020.08.11-00.03.50:605][  0]LogTemp: Display: Module 'AndroidTargetPlatform' loaded TargetPlatform 'Android_MultiClient'
[2020.08.11-00.03.50:609][  0]LogTemp: Display: Module 'HTML5TargetPlatform' loaded TargetPlatform 'HTML5'
[2020.08.11-00.03.50:634][  0]LogTemp: Display: Module 'IOSTargetPlatform' loaded TargetPlatform 'IOSClient'
[2020.08.11-00.03.50:634][  0]LogTemp: Display: Module 'IOSTargetPlatform' loaded TargetPlatform 'IOS'
[2020.08.11-00.03.50:650][  0]LogTemp: Display: Module 'TVOSTargetPlatform' loaded TargetPlatform 'TVOSClient'
[2020.08.11-00.03.50:650][  0]LogTemp: Display: Module 'TVOSTargetPlatform' loaded TargetPlatform 'TVOS'
[2020.08.11-00.03.50:659][  0]LogTemp: Display: Module 'LinuxClientTargetPlatform' loaded TargetPlatform 'LinuxClient'
[2020.08.11-00.03.50:668][  0]LogTemp: Display: Module 'LinuxNoEditorTargetPlatform' loaded TargetPlatform 'LinuxNoEditor'
[2020.08.11-00.03.50:677][  0]LogTemp: Display: Module 'LinuxServerTargetPlatform' loaded TargetPlatform 'LinuxServer'
[2020.08.11-00.03.50:687][  0]LogTemp: Display: Module 'LinuxTargetPlatform' loaded TargetPlatform 'Linux'
[2020.08.11-00.03.50:715][  0]LogTemp: Display: Module 'LuminTargetPlatform' loaded TargetPlatform 'Lumin'
[2020.08.11-00.03.50:715][  0]LogTemp: Display: Module 'LuminTargetPlatform' loaded TargetPlatform 'LuminClient'
[2020.08.11-00.03.50:715][  0]LogTargetPlatformManager: Display: Building Assets For Windows
[2020.08.11-00.03.50:734][  0]LogAudioDebug: Display: Lib vorbis DLL was dynamically loaded.
[2020.08.11-00.03.50:824][  0]LogShaderCompilers: Guid format shader working directory is -35 characters bigger than the processId version (../../../../../../Users/s181813/Documents/GitHub/GhoulsAndGoblins/GhoulsAndGoodies/Intermediate/Shaders/WorkingDirectory/13996/).
[2020.08.11-00.03.50:825][  0]LogShaderCompilers: Cleaned the shader compiler working directory 'C:/Users/s181813/AppData/Local/Temp/UnrealShaderWorkingDir/395B9C30428A2C7DC8CF928A5238A1D3/'.
[2020.08.11-00.03.50:827][  0]LogXGEController: Cleaning working directory: C:/Users/s181813/AppData/Local/Temp/UnrealXGEWorkingDir/
[2020.08.11-00.03.50:828][  0]LogXGEController: Cannot use XGE Controller as Incredibuild is not installed on this machine.
[2020.08.11-00.03.50:828][  0]LogShaderCompilers: Cannot use XGE Shader Compiler as Incredibuild is not installed on this machine.
[2020.08.11-00.03.50:828][  0]LogShaderCompilers: Display: Using Local Shader Compiler.
[2020.08.11-00.03.51:444][  0]LogDerivedDataCache: Display: Max Cache Size: 512 MB
[2020.08.11-00.03.51:501][  0]LogDerivedDataCache: Loaded boot cache 0.06s 77MB C:/Users/s181813/AppData/Local/UnrealEngine/4.23/DerivedDataCache/Boot.ddc.
[2020.08.11-00.03.51:501][  0]LogDerivedDataCache: Display: Loaded Boot cache: C:/Users/s181813/AppData/Local/UnrealEngine/4.23/DerivedDataCache/Boot.ddc
[2020.08.11-00.03.51:502][  0]LogDerivedDataCache: FDerivedDataBackendGraph:  Pak pak cache file ../../../../../../Users/s181813/Documents/GitHub/GhoulsAndGoblins/GhoulsAndGoodies/DerivedDataCache/DDC.ddp not found, will not use a pak cache.
[2020.08.11-00.03.51:502][  0]LogDerivedDataCache: Unable to find inner node Pak for hierarchical cache Hierarchy.
[2020.08.11-00.03.51:502][  0]LogDerivedDataCache: FDerivedDataBackendGraph:  CompressedPak pak cache file ../../../../../../Users/s181813/Documents/GitHub/GhoulsAndGoblins/GhoulsAndGoodies/DerivedDataCache/Compressed.ddp not found, will not use a pak cache.
[2020.08.11-00.03.51:502][  0]LogDerivedDataCache: Unable to find inner node CompressedPak for hierarchical cache Hierarchy.
[2020.08.11-00.03.51:513][  0]LogDerivedDataCache: Display: Pak cache opened for reading ../../../Engine/DerivedDataCache/Compressed.ddp.
[2020.08.11-00.03.51:513][  0]LogDerivedDataCache: FDerivedDataBackendGraph:  EnterprisePak pak cache file ../../../Enterprise/DerivedDataCache/Compressed.ddp not found, will not use a pak cache.
[2020.08.11-00.03.51:513][  0]LogDerivedDataCache: Unable to find inner node EnterprisePak for hierarchical cache Hierarchy.
[2020.08.11-00.03.51:516][  0]LogDerivedDataCache: Using Local data cache path C:/Users/s181813/AppData/Local/UnrealEngine/Common/DerivedDataCache: Writable
[2020.08.11-00.03.51:516][  0]LogDerivedDataCache: Shared data cache path not found in *engine.ini, will not use an Shared cache.
[2020.08.11-00.03.51:516][  0]LogDerivedDataCache: Unable to find inner node Shared for hierarchical cache Hierarchy.
[2020.08.11-00.03.51:538][  0]LogMaterial: Verifying Global Shaders for PCD3D_SM5
[2020.08.11-00.03.51:541][  0]LogSlate: Using FreeType 2.6.0
[2020.08.11-00.03.51:542][  0]LogSlate: SlateFontServices - WITH_FREETYPE: 1, WITH_HARFBUZZ: 1
[2020.08.11-00.03.51:599][  0]LogAssetRegistry: FAssetRegistry took 0.0043 seconds to start up
[2020.08.11-00.03.51:871][  0]LogInit: Selected Device Profile: [Windows]
[2020.08.11-00.03.52:035][  0]LogMeshReduction: Using QuadricMeshReduction for automatic static mesh reduction
[2020.08.11-00.03.52:035][  0]LogMeshReduction: Using SimplygonMeshReduction for automatic skeletal mesh reduction
[2020.08.11-00.03.52:035][  0]LogMeshReduction: Using ProxyLODMeshReduction for automatic mesh merging
[2020.08.11-00.03.52:035][  0]LogMeshReduction: No distributed automatic mesh merging module available
[2020.08.11-00.03.52:035][  0]LogMeshMerging: No distributed automatic mesh merging module available
[2020.08.11-00.03.52:045][  0]LogNetVersion: GhoulsAndGoodies 1.0.0, NetCL: 8386587, EngineNetVer: 11, GameNetVer: 0 (Checksum: 1842056771)
[2020.08.11-00.03.52:452][  0]LogPackageLocalizationCache: Processed 12 localized package path(s) for 1 prioritized culture(s) in 0.057627 seconds
[2020.08.11-00.03.52:460][  0]LogUObjectArray: 43444 objects as part of root set at end of initial load.
[2020.08.11-00.03.52:460][  0]LogUObjectAllocator: 7548648 out of 0 bytes used by permanent object pool.
[2020.08.11-00.03.52:460][  0]LogUObjectArray: CloseDisregardForGC: 0/0 objects in disregard for GC pool
[2020.08.11-00.03.53:415][  0]LogTcpMessaging: Initializing TcpMessaging bridge
[2020.08.11-00.03.53:421][  0]LogUdpMessaging: Initializing bridge on interface 0.0.0.0:0 to multicast group 230.0.0.1:6666.
[2020.08.11-00.03.53:696][  0]SourceControl: Source control is disabled
[2020.08.11-00.03.53:696][  0]SourceControl: Source control is disabled
[2020.08.11-00.03.53:699][  0]SourceControl: Source control is disabled
[2020.08.11-00.03.53:702][  0]SourceControl: Source control is disabled
[2020.08.11-00.03.53:854][  0]LogAndroidPermission: UAndroidPermissionCallbackProxy::GetInstance
[2020.08.11-00.03.54:034][  0]LogOcInput: OculusInput pre-init called
[2020.08.11-00.03.54:044][  0]LogWindows: Failed to load 'OVRPlugin.dll' (GetLastError=126)
[2020.08.11-00.03.54:044][  0]LogWindows: File 'OVRPlugin.dll' does not exist
[2020.08.11-00.03.54:125][  0]LogEngine: Initializing Engine...
[2020.08.11-00.03.54:126][  0]LogHMD: Failed to initialize OpenVR with code 110
[2020.08.11-00.03.54:127][  0]LogStats: UGameplayTagsManager::InitializeManager -  0.000 s
[2020.08.11-00.03.54:368][  0]LogInit: Initializing FReadOnlyCVARCache
[2020.08.11-00.03.54:383][  0]LogAIModule: Creating AISystem for world Untitled
[2020.08.11-00.03.54:397][  0]LogInit: XAudio2 using 'Speakers (Realtek High Definition Audio)' : 2 channels at 48 kHz using 32 bits per sample (channel mask 0x3)
[2020.08.11-00.03.54:433][  0]LogInit: FAudioDevice initialized.
[2020.08.11-00.03.54:433][  0]LogNetVersion: Set ProjectVersion to 1.0.0.0. Version Checksum will be recalculated on next use.
[2020.08.11-00.03.54:523][  0]LogDerivedDataCache: Saved boot cache 0.09s 77MB C:/Users/s181813/AppData/Local/UnrealEngine/4.23/DerivedDataCache/Boot.ddc.
[2020.08.11-00.03.54:528][  0]LogInit: Texture streaming: Enabled
[2020.08.11-00.03.54:556][  0]LogEngineSessionManager: EngineSessionManager initialized
[2020.08.11-00.03.54:557][  0]LogEngineSessionManager: EngineSessionManager sent abnormal shutdown report. Type=Debugger, SessionId={70270AD8-4677-0598-6919-3784ABB9773F}
[2020.08.11-00.03.54:557][  0]LogEngineSessionManager: EngineSessionManager sent abnormal shutdown report. Type=Debugger, SessionId={AF314D6E-41A3-04A9-D2CE-E3AF103D86C8}
[2020.08.11-00.03.54:557][  0]LogEditorSessionSummary: Verbose: Initializing EditorSessionSummaryWriter for editor session tracking
[2020.08.11-00.03.54:558][  0]LogEditorSessionSummary: EditorSessionSummaryWriter initialized
[2020.08.11-00.03.54:625][  0]LogInit: Transaction tracking system initialized
[2020.08.11-00.03.54:676][  0]BlueprintLog: New page: Editor Load
[2020.08.11-00.03.54:784][  0]LocalizationService: Localization service is disabled
[2020.08.11-00.03.55:054][  0]LogFileCache: Scanning file cache for directory 'C:/Users/s181813/Documents/GitHub/GhoulsAndGoblins/GhoulsAndGoodies/Content/' took 0.01s
[2020.08.11-00.03.55:054][  0]LogCook: Display: Max memory allowance for cook 16384mb min free memory 0mb
[2020.08.11-00.03.55:054][  0]LogCook: Display: Mobile HDR setting 1
[2020.08.11-00.03.55:317][  0]SourceControl: Source control is disabled
[2020.08.11-00.03.55:317][  0]Cmd: MAP LOAD FILE="../../../../../../Users/s181813/Documents/GitHub/GhoulsAndGoblins/GhoulsAndGoodies/Content/TopDownCPP/Maps/TopDownExampleMap.umap" TEMPLATE=0 SHOWPROGRESS=1 FEATURELEVEL=3
[2020.08.11-00.03.55:318][  0]LightingResults: New page: Lighting Build
[2020.08.11-00.03.55:321][  0]LogWorld: UWorld::CleanupWorld for Untitled, bSessionEnded=true, bCleanupResources=true
[2020.08.11-00.03.55:321][  0]MapCheck: New page: Map Check
[2020.08.11-00.03.55:321][  0]LightingResults: New page: Lighting Build
[2020.08.11-00.03.55:347][  0]LogUObjectHash: Compacting FUObjectHashTables data took   2.22ms
[2020.08.11-00.03.55:416][  0]LogAIModule: Creating AISystem for world TopDownExampleMap
[2020.08.11-00.03.55:440][  0]LogEditorServer: Finished looking for orphan Actors (0.000 secs)
[2020.08.11-00.03.55:468][  0]LogUObjectHash: Compacting FUObjectHashTables data took   2.06ms
[2020.08.11-00.03.55:468][  0]Cmd: MAP CHECKDEP NOCLEARLOG
[2020.08.11-00.03.55:469][  0]MapCheck: Map check complete: 0 Error(s), 0 Warning(s), took 0.257ms to complete.
[2020.08.11-00.03.55:469][  0]LogFileHelpers: Loading map 'TopDownExampleMap' took 0.151
[2020.08.11-00.03.55:590][  0]LogSlate: Updating window title bar state: overlay mode, drag disabled, window buttons hidden, title bar hidden
[2020.08.11-00.03.55:597][  0]LogSlate: Updating window title bar state: overlay mode, drag disabled, window buttons hidden, title bar hidden
[2020.08.11-00.03.55:604][  0]LogSlate: Updating window title bar state: overlay mode, drag disabled, window buttons hidden, title bar hidden
[2020.08.11-00.03.55:611][  0]LogSlate: Updating window title bar state: overlay mode, drag disabled, window buttons hidden, title bar hidden
[2020.08.11-00.03.55:621][  0]LogCollectionManager: Loaded 0 collections in 0.002436 seconds
[2020.08.11-00.03.55:637][  0]LogFileCache: Scanning file cache for directory 'C:/Users/s181813/Documents/GitHub/GhoulsAndGoblins/GhoulsAndGoodies/Saved/Collections/' took 0.00s
[2020.08.11-00.03.55:637][  0]LogFileCache: Scanning file cache for directory 'C:/Users/s181813/Documents/GitHub/GhoulsAndGoblins/GhoulsAndGoodies/Content/Developers/s181813/Collections/' took 0.00s
[2020.08.11-00.03.55:637][  0]LogFileCache: Scanning file cache for directory 'C:/Users/s181813/Documents/GitHub/GhoulsAndGoblins/GhoulsAndGoodies/Content/Collections/' took 0.00s
[2020.08.11-00.03.55:637][  0]LogCollectionManager: Rebuilt the GUID cache for 0 collections in 0.000002 seconds
[2020.08.11-00.03.55:646][  0]LogContentBrowser: Native class hierarchy populated in 0.0086 seconds. Added 2868 classes and 682 folders.
[2020.08.11-00.03.55:653][  0]LogContentBrowser: Native class hierarchy updated for 'WidgetCarousel' in 0.0003 seconds. Added 0 classes and 0 folders.
[2020.08.11-00.03.55:689][  0]LogContentBrowser: Native class hierarchy updated for 'AddContentDialog' in 0.0003 seconds. Added 0 classes and 0 folders.
[2020.08.11-00.03.55:698][  0]LogContentBrowser: Native class hierarchy updated for 'SceneOutliner' in 0.0004 seconds. Added 1 classes and 2 folders.
[2020.08.11-00.03.56:758][  0]LogSlate: Only BGRA pngs, bmps or icos are supported in by External Image Picker
[2020.08.11-00.03.56:795][  0]LogSlate: Took 0.000255 seconds to synchronously load lazily loaded font '../../../Engine/Content/Slate/Fonts/Roboto-Regular.ttf' (155K)
[2020.08.11-00.03.56:800][  0]LogSlate: Took 0.000441 seconds to synchronously load lazily loaded font '../../../Engine/Content/Slate/Fonts/Roboto-Bold.ttf' (160K)
[2020.08.11-00.03.56:809][  0]LogSlate: Took 0.000225 seconds to synchronously load lazily loaded font '../../../Engine/Content/Editor/Slate/Fonts/FontAwesome.ttf' (139K)
[2020.08.11-00.03.56:889][  0]LogRenderer: Reallocating scene render targets to support 1056x532 Format 10 NumSamples 1 (Frame:1).
[2020.08.11-00.03.56:983][  0]LogContentBrowser: Native class hierarchy updated for 'HierarchicalLODOutliner' in 0.0003 seconds. Added 0 classes and 0 folders.
[2020.08.11-00.03.56:983][  0]LogLoad: (Engine Initialization) Total time: 8.86 seconds
[2020.08.11-00.03.56:984][  0]LogLoad: (Engine Initialization) Total Blueprint compile time: 0.00 seconds
[2020.08.11-00.03.57:079][  0]LogAssetRegistry: Asset discovery search completed in 5.4833 seconds
[2020.08.11-00.03.57:084][  0]LogCollectionManager: Rebuilt the object cache for 0 collections in 0.000007 seconds (found 0 objects)
[2020.08.11-00.03.57:084][  0]LogCollectionManager: Fixed up redirectors for 0 collections in 0.000220 seconds (updated 0 objects)
[2020.08.11-00.03.57:086][  0]LogContentStreaming: Texture pool size now 1000 MB
[2020.08.11-00.03.57:116][  0]LogSlate: Took 0.000148 seconds to synchronously load lazily loaded font '../../../Engine/Content/Slate/Fonts/Roboto-Light.ttf' (167K)
[2020.08.11-00.04.57:053][522]LogEditorSessionSummary: EditorSessionSummary sent report. Type=Debugger, SessionId={70270AD8-4677-0598-6919-3784ABB9773F}
[2020.08.11-00.05.53:073][944]LogSlate: FSceneViewport::OnFocusLost() reason 0
[2020.08.11-00.05.53:188][958]LogTemp: Repeating last play command: Selected Viewport
[2020.08.11-00.05.53:202][958]LogBlueprintUserMessages: Early PlayInEditor Detection: Level '/Game/TopDownCPP/Maps/TopDownExampleMap.TopDownExampleMap:PersistentLevel' has LevelScriptBlueprint '/Game/TopDownCPP/Maps/TopDownExampleMap.TopDownExampleMap:PersistentLevel.TopDownExampleMap' with GeneratedClass '/Game/TopDownCPP/Maps/TopDownExampleMap.TopDownExampleMap_C' with ClassGeneratedBy '/Game/TopDownCPP/Maps/TopDownExampleMap.TopDownExampleMap:PersistentLevel.TopDownExampleMap'
[2020.08.11-00.05.53:203][958]LogPlayLevel: PlayLevel: No blueprints needed recompiling
[2020.08.11-00.05.53:203][958]PIE: New page: PIE session: TopDownExampleMap (11 Aug 2020 8:05:53 pm)
[2020.08.11-00.05.53:205][958]LogOnline: OSS: Creating online subsystem instance for: NULL
[2020.08.11-00.05.53:208][958]LogPlayLevel: Creating play world package: /Game/TopDownCPP/Maps/UEDPIE_0_TopDownExampleMap
[2020.08.11-00.05.53:224][958]LogPlayLevel: PIE: StaticDuplicateObject took: (0.016304s)
[2020.08.11-00.05.53:226][958]LogAIModule: Creating AISystem for world TopDownExampleMap
[2020.08.11-00.05.53:226][958]LogPlayLevel: PIE: World Init took: (0.001526s)
[2020.08.11-00.05.53:226][958]LogPlayLevel: PIE: Created PIE world by copying editor world from /Game/TopDownCPP/Maps/TopDownExampleMap.TopDownExampleMap to /Game/TopDownCPP/Maps/UEDPIE_0_TopDownExampleMap.TopDownExampleMap (0.018585s)
[2020.08.11-00.05.53:253][958]LogUObjectHash: Compacting FUObjectHashTables data took   1.70ms
[2020.08.11-00.05.53:261][958]LogInit: XAudio2 using 'Speakers (Realtek High Definition Audio)' : 2 channels at 48 kHz using 32 bits per sample (channel mask 0x3)
[2020.08.11-00.05.53:280][958]LogInit: FAudioDevice initialized.
[2020.08.11-00.05.53:297][958]LogLoad: Game class is 'GhoulsAndGoodiesGameMode'
[2020.08.11-00.05.53:299][958]LogWorld: Bringing World /Game/TopDownCPP/Maps/UEDPIE_0_TopDownExampleMap.TopDownExampleMap up for play (max tick rate 0) at 2020.08.11-10.05.53
[2020.08.11-00.05.53:300][958]LogWorld: Bringing up level for play took: 0.002254
[2020.08.11-00.05.53:300][958]LogOnline: OSS: Creating online subsystem instance for: :Context_2
[2020.08.11-00.05.53:308][958]LogContentBrowser: Native class hierarchy updated for 'MovieSceneCapture' in 0.0004 seconds. Added 20 classes and 0 folders.
[2020.08.11-00.05.53:310][958]PIE: Play in editor start time for /Game/TopDownCPP/Maps/UEDPIE_0_TopDownExampleMap 1.095
[2020.08.11-00.05.53:310][958]LogBlueprintUserMessages: Late PlayInEditor Detection: Level '/Game/TopDownCPP/Maps/TopDownExampleMap.TopDownExampleMap:PersistentLevel' has LevelScriptBlueprint '/Game/TopDownCPP/Maps/TopDownExampleMap.TopDownExampleMap:PersistentLevel.TopDownExampleMap' with GeneratedClass '/Game/TopDownCPP/Maps/TopDownExampleMap.TopDownExampleMap_C' with ClassGeneratedBy '/Game/TopDownCPP/Maps/TopDownExampleMap.TopDownExampleMap:PersistentLevel.TopDownExampleMap'
[2020.08.11-00.06.00:474][813]LogSlate: FSceneViewport::OnFocusLost() reason 0
[2020.08.11-00.06.00:583][826]LogBlueprintUserMessages: Early EndPlayMap Detection: Level '/Game/TopDownCPP/Maps/TopDownExampleMap.TopDownExampleMap:PersistentLevel' has LevelScriptBlueprint '/Game/TopDownCPP/Maps/TopDownExampleMap.TopDownExampleMap:PersistentLevel.TopDownExampleMap' with GeneratedClass '/Game/TopDownCPP/Maps/TopDownExampleMap.TopDownExampleMap_C' with ClassGeneratedBy '/Game/TopDownCPP/Maps/TopDownExampleMap.TopDownExampleMap:PersistentLevel.TopDownExampleMap'
[2020.08.11-00.06.00:583][826]LogSlate: Updating window title bar state: overlay mode, drag disabled, window buttons hidden, title bar hidden
[2020.08.11-00.06.00:584][826]LogWorld: BeginTearingDown for /Game/TopDownCPP/Maps/UEDPIE_0_TopDownExampleMap
[2020.08.11-00.06.00:584][826]LogWorld: UWorld::CleanupWorld for TopDownExampleMap, bSessionEnded=true, bCleanupResources=true
[2020.08.11-00.06.00:600][826]LogPlayLevel: Display: Shutting down PIE online subsystems
[2020.08.11-00.06.00:600][826]LogBlueprintUserMessages: Late EndPlayMap Detection: Level '/Game/TopDownCPP/Maps/TopDownExampleMap.TopDownExampleMap:PersistentLevel' has LevelScriptBlueprint '/Game/TopDownCPP/Maps/TopDownExampleMap.TopDownExampleMap:PersistentLevel.TopDownExampleMap' with GeneratedClass '/Game/TopDownCPP/Maps/TopDownExampleMap.TopDownExampleMap_C' with ClassGeneratedBy '/Game/TopDownCPP/Maps/TopDownExampleMap.TopDownExampleMap:PersistentLevel.TopDownExampleMap'
[2020.08.11-00.06.00:629][826]LogSlate: Updating window title bar state: overlay mode, drag disabled, window buttons hidden, title bar hidden
[2020.08.11-00.06.00:633][826]LogUObjectHash: Compacting FUObjectHashTables data took   1.65ms
[2020.08.11-00.06.00:687][832]LogPlayLevel: Display: Destroying online subsystem :Context_2
[2020.08.11-00.06.03:589][176]Candidate modules for hot reload:
[2020.08.11-00.06.03:589][176]  GhoulsAndGoodies
[2020.08.11-00.06.03:590][176]Launching UnrealBuildTool... [C:/Program Files/Epic Games/UE_4.23/Engine/Binaries/DotNET/UnrealBuildTool.exe  -ModuleWithSuffix=GhoulsAndGoodies,668 Win64 Development -TargetType=Editor -Project="C:/Users/s181813/Documents/GitHub/GhoulsAndGoblins/GhoulsAndGoodies/GhoulsAndGoodies.uproject" "C:/Users/s181813/Documents/GitHub/GhoulsAndGoblins/GhoulsAndGoodies/GhoulsAndGoodies.uproject"  -IgnoreJunk]
[2020.08.11-00.06.03:592][176]Warning: Starting HotReload took  0.0s.
[2020.08.11-00.06.13:973][388]CompilerResultsLog: New page: Compilation - 11 Aug 2020 8:06:13 pm
[2020.08.11-00.06.13:973][388]CompilerResultsLog: Using 'git status' to determine working set for adaptive non-unity build (C:\Users\s181813\Documents\GitHub\GhoulsAndGoblins).
[2020.08.11-00.06.13:974][388]CompilerResultsLog: Parsing headers for GhoulsAndGoodiesEditor
[2020.08.11-00.06.13:974][388]CompilerResultsLog:   Running UnrealHeaderTool "C:\Users\s181813\Documents\GitHub\GhoulsAndGoblins\GhoulsAndGoodies\GhoulsAndGoodies.uproject" "C:\Users\s181813\Documents\GitHub\GhoulsAndGoblins\GhoulsAndGoodies\Intermediate\Build\Win64\GhoulsAndGoodiesEditor\Development\GhoulsAndGoodiesEditor.uhtmanifest" -LogCmds="loginit warning, logexit warning, logdatabase error" -Unattended -WarningsAsErrors -installed
[2020.08.11-00.06.13:974][388]CompilerResultsLog: Reflection code generated for GhoulsAndGoodiesEditor in 6.1745012 seconds
[2020.08.11-00.06.13:974][388]CompilerResultsLog: Failed to delete file 'C:\Users\s181813\Documents\GitHub\GhoulsAndGoblins\GhoulsAndGoodies\Binaries\Win64\UE4Editor-GhoulsAndGoodies.pdb'
[2020.08.11-00.06.13:974][388]CompilerResultsLog:     Exception: Access to the path 'C:\Users\s181813\Documents\GitHub\GhoulsAndGoblins\GhoulsAndGoodies\Binaries\Win64\UE4Editor-GhoulsAndGoodies.pdb' is denied.
[2020.08.11-00.06.13:974][388]CompilerResultsLog: Attempting to retry...
[2020.08.11-00.06.13:974][388]CompilerResultsLog: Failed to delete file 'C:\Users\s181813\Documents\GitHub\GhoulsAndGoblins\GhoulsAndGoodies\Binaries\Win64\UE4Editor-GhoulsAndGoodies.pdb'
[2020.08.11-00.06.13:974][388]CompilerResultsLog:     Exception: Access to the path 'C:\Users\s181813\Documents\GitHub\GhoulsAndGoblins\GhoulsAndGoodies\Binaries\Win64\UE4Editor-GhoulsAndGoodies.pdb' is denied.
[2020.08.11-00.06.13:974][388]CompilerResultsLog: Attempting to retry...
[2020.08.11-00.06.13:974][388]CompilerResultsLog: Failed to delete file 'C:\Users\s181813\Documents\GitHub\GhoulsAndGoblins\GhoulsAndGoodies\Binaries\Win64\UE4Editor-GhoulsAndGoodies.pdb'
[2020.08.11-00.06.13:974][388]CompilerResultsLog:     Exception: Access to the path 'C:\Users\s181813\Documents\GitHub\GhoulsAndGoblins\GhoulsAndGoodies\Binaries\Win64\UE4Editor-GhoulsAndGoodies.pdb' is denied.
[2020.08.11-00.06.13:975][388]CompilerResultsLog: ERROR: Exhausted all retries!
[2020.08.11-00.06.13:975][388]CompilerResultsLog: Using Visual Studio 2019 14.24.28314 toolchain (C:\Program Files (x86)\Microsoft Visual Studio\2019\Enterprise\VC\Tools\MSVC\14.24.28314) and Windows 10.0.18362.0 SDK (C:\Program Files (x86)\Windows Kits\10).
[2020.08.11-00.06.13:975][388]CompilerResultsLog: Building 3 actions with 8 processes...
[2020.08.11-00.06.13:975][388]CompilerResultsLog:   [1/3] UE4Editor-GhoulsAndGoodies-0668.lib
[2020.08.11-00.06.13:975][388]CompilerResultsLog:      Creating library C:\Users\s181813\Documents\GitHub\GhoulsAndGoblins\GhoulsAndGoodies\Intermediate\Build\Win64\UE4Editor\Development\GhoulsAndGoodies\UE4Editor-GhoulsAndGoodies-0668.lib and object C:\Users\s181813\Documents\GitHub\GhoulsAndGoblins\GhoulsAndGoodies\Intermediate\Build\Win64\UE4Editor\Development\GhoulsAndGoodies\UE4Editor-GhoulsAndGoodies-0668.exp
[2020.08.11-00.06.13:975][388]CompilerResultsLog:   [2/3] UE4Editor-GhoulsAndGoodies-0668.dll
[2020.08.11-00.06.13:975][388]CompilerResultsLog:      Creating library C:\Users\s181813\Documents\GitHub\GhoulsAndGoblins\GhoulsAndGoodies\Intermediate\Build\Win64\UE4Editor\Development\GhoulsAndGoodies\UE4Editor-GhoulsAndGoodies-0668.suppressed.lib and object C:\Users\s181813\Documents\GitHub\GhoulsAndGoblins\GhoulsAndGoodies\Intermediate\Build\Win64\UE4Editor\Development\GhoulsAndGoodies\UE4Editor-GhoulsAndGoodies-0668.suppressed.exp
[2020.08.11-00.06.13:975][388]CompilerResultsLog:   [3/3] GhoulsAndGoodiesEditor.target
[2020.08.11-00.06.13:975][388]CompilerResultsLog: Total time in Parallel executor: 0.97 seconds
[2020.08.11-00.06.13:975][388]CompilerResultsLog: Total execution time: 10.29 seconds
[2020.08.11-00.06.13:976][388]LogMainFrame: MainFrame: Module compiling took 10.389 seconds
[2020.08.11-00.06.13:996][388]LogUObjectHash: Compacting FUObjectHashTables data took   0.69ms
[2020.08.11-00.06.14:009][388]LogContentBrowser: Native class hierarchy populated in 0.0081 seconds. Added 2869 classes and 684 folders.
[2020.08.11-00.06.14:009][388]Display: HotReload took 10.4s.
[2020.08.11-00.06.22:420][365]LogSlate: Took 0.000167 seconds to synchronously load lazily loaded font '../../../Engine/Content/Slate/Fonts/Roboto-Light.ttf' (167K)
[2020.08.11-00.06.22:430][365]LogAssetEditorManager: Opening Asset editor for BlackboardData /Game/TopDownCPP/AI/EnemyBlackBoard.EnemyBlackBoard
[2020.08.11-00.06.29:400][193]LogSlate: Window 'EnemyBlackBoard' being destroyed
[2020.08.11-00.09.57:872][ 34]LogEditorSessionSummary: EditorSessionSummary sent report. Type=Debugger, SessionId={AF314D6E-41A3-04A9-D2CE-E3AF103D86C8}
[2020.08.11-00.33.53:705][824]Candidate modules for hot reload:
[2020.08.11-00.33.53:705][824]  GhoulsAndGoodies
[2020.08.11-00.33.53:705][824]Launching UnrealBuildTool... [C:/Program Files/Epic Games/UE_4.23/Engine/Binaries/DotNET/UnrealBuildTool.exe  -ModuleWithSuffix=GhoulsAndGoodies,3517 Win64 Development -TargetType=Editor -Project="C:/Users/s181813/Documents/GitHub/GhoulsAndGoblins/GhoulsAndGoodies/GhoulsAndGoodies.uproject" "C:/Users/s181813/Documents/GitHub/GhoulsAndGoblins/GhoulsAndGoodies/GhoulsAndGoodies.uproject"  -IgnoreJunk]
[2020.08.11-00.33.53:707][824]Warning: Starting HotReload took  0.0s.
[2020.08.11-00.34.06:742][168]CompilerResultsLog: New page: Compilation - 11 Aug 2020 8:34:06 pm
[2020.08.11-00.34.06:742][168]CompilerResultsLog: Using 'git status' to determine working set for adaptive non-unity build (C:\Users\s181813\Documents\GitHub\GhoulsAndGoblins).
[2020.08.11-00.34.06:742][168]CompilerResultsLog: Parsing headers for GhoulsAndGoodiesEditor
[2020.08.11-00.34.06:742][168]CompilerResultsLog:   Running UnrealHeaderTool "C:\Users\s181813\Documents\GitHub\GhoulsAndGoblins\GhoulsAndGoodies\GhoulsAndGoodies.uproject" "C:\Users\s181813\Documents\GitHub\GhoulsAndGoblins\GhoulsAndGoodies\Intermediate\Build\Win64\GhoulsAndGoodiesEditor\Development\GhoulsAndGoodiesEditor.uhtmanifest" -LogCmds="loginit warning, logexit warning, logdatabase error" -Unattended -WarningsAsErrors -installed
[2020.08.11-00.34.06:742][168]CompilerResultsLog: Reflection code generated for GhoulsAndGoodiesEditor in 6.657118 seconds
[2020.08.11-00.34.06:742][168]CompilerResultsLog: Failed to delete file 'C:\Users\s181813\Documents\GitHub\GhoulsAndGoblins\GhoulsAndGoodies\Binaries\Win64\UE4Editor-GhoulsAndGoodies.pdb'
[2020.08.11-00.34.06:742][168]CompilerResultsLog:     Exception: Access to the path 'C:\Users\s181813\Documents\GitHub\GhoulsAndGoblins\GhoulsAndGoodies\Binaries\Win64\UE4Editor-GhoulsAndGoodies.pdb' is denied.
[2020.08.11-00.34.06:743][168]CompilerResultsLog: Attempting to retry...
[2020.08.11-00.34.06:743][168]CompilerResultsLog: Failed to delete file 'C:\Users\s181813\Documents\GitHub\GhoulsAndGoblins\GhoulsAndGoodies\Binaries\Win64\UE4Editor-GhoulsAndGoodies.pdb'
[2020.08.11-00.34.06:743][168]CompilerResultsLog:     Exception: Access to the path 'C:\Users\s181813\Documents\GitHub\GhoulsAndGoblins\GhoulsAndGoodies\Binaries\Win64\UE4Editor-GhoulsAndGoodies.pdb' is denied.
[2020.08.11-00.34.06:743][168]CompilerResultsLog: Attempting to retry...
[2020.08.11-00.34.06:743][168]CompilerResultsLog: Failed to delete file 'C:\Users\s181813\Documents\GitHub\GhoulsAndGoblins\GhoulsAndGoodies\Binaries\Win64\UE4Editor-GhoulsAndGoodies.pdb'
[2020.08.11-00.34.06:743][168]CompilerResultsLog:     Exception: Access to the path 'C:\Users\s181813\Documents\GitHub\GhoulsAndGoblins\GhoulsAndGoodies\Binaries\Win64\UE4Editor-GhoulsAndGoodies.pdb' is denied.
[2020.08.11-00.34.06:743][168]CompilerResultsLog: ERROR: Exhausted all retries!
[2020.08.11-00.34.06:743][168]CompilerResultsLog: Using Visual Studio 2019 14.24.28314 toolchain (C:\Program Files (x86)\Microsoft Visual Studio\2019\Enterprise\VC\Tools\MSVC\14.24.28314) and Windows 10.0.18362.0 SDK (C:\Program Files (x86)\Windows Kits\10).
[2020.08.11-00.34.06:743][168]CompilerResultsLog: Building 5 actions with 8 processes...
[2020.08.11-00.34.06:743][168]CompilerResultsLog:   [1/5] AICharacter.cpp
[2020.08.11-00.34.06:743][168]CompilerResultsLog:   [2/5] EnemyAIController.cpp
[2020.08.11-00.34.06:744][168]CompilerResultsLog:   [3/5] UE4Editor-GhoulsAndGoodies-3517.lib
[2020.08.11-00.34.06:744][168]CompilerResultsLog:      Creating library C:\Users\s181813\Documents\GitHub\GhoulsAndGoblins\GhoulsAndGoodies\Intermediate\Build\Win64\UE4Editor\Development\GhoulsAndGoodies\UE4Editor-GhoulsAndGoodies-3517.lib and object C:\Users\s181813\Documents\GitHub\GhoulsAndGoblins\GhoulsAndGoodies\Intermediate\Build\Win64\UE4Editor\Development\GhoulsAndGoodies\UE4Editor-GhoulsAndGoodies-3517.exp
[2020.08.11-00.34.06:744][168]CompilerResultsLog:   [4/5] UE4Editor-GhoulsAndGoodies-3517.dll
[2020.08.11-00.34.06:744][168]CompilerResultsLog:      Creating library C:\Users\s181813\Documents\GitHub\GhoulsAndGoblins\GhoulsAndGoodies\Intermediate\Build\Win64\UE4Editor\Development\GhoulsAndGoodies\UE4Editor-GhoulsAndGoodies-3517.suppressed.lib and object C:\Users\s181813\Documents\GitHub\GhoulsAndGoblins\GhoulsAndGoodies\Intermediate\Build\Win64\UE4Editor\Development\GhoulsAndGoodies\UE4Editor-GhoulsAndGoodies-3517.suppressed.exp
[2020.08.11-00.34.06:744][168]CompilerResultsLog:   [5/5] GhoulsAndGoodiesEditor.target
[2020.08.11-00.34.06:744][168]CompilerResultsLog: Total time in Parallel executor: 3.10 seconds
[2020.08.11-00.34.06:744][168]CompilerResultsLog: Total execution time: 12.94 seconds
[2020.08.11-00.34.06:744][168]LogMainFrame: MainFrame: Module compiling took 13.044 seconds
[2020.08.11-00.34.06:767][168]LogUObjectHash: Compacting FUObjectHashTables data took   0.78ms
[2020.08.11-00.34.06:805][168]LogHotReload: Re-instancing AICharacter after hot-reload.
[2020.08.11-00.34.06:901][168]LogContentBrowser: Native class hierarchy updated for 'GhoulsAndGoodies' in 0.0004 seconds. Added 5 classes and 2 folders.
[2020.08.11-00.34.06:904][168]Display: HotReload successful (0 functions remapped  0 scriptstructs remapped)
[2020.08.11-00.34.06:978][168]LogUObjectHash: Compacting FUObjectHashTables data took   1.75ms
[2020.08.11-00.34.06:994][168]LogContentBrowser: Native class hierarchy populated in 0.0092 seconds. Added 2869 classes and 684 folders.
[2020.08.11-00.34.06:994][168]Display: HotReload took 13.3s.
[2020.08.11-00.34.28:401][892]Candidate modules for hot reload:
[2020.08.11-00.34.28:401][892]  GhoulsAndGoodies
[2020.08.11-00.34.28:401][892]Launching UnrealBuildTool... [C:/Program Files/Epic Games/UE_4.23/Engine/Binaries/DotNET/UnrealBuildTool.exe  -ModuleWithSuffix=GhoulsAndGoodies,7998 Win64 Development -TargetType=Editor -Project="C:/Users/s181813/Documents/GitHub/GhoulsAndGoblins/GhoulsAndGoodies/GhoulsAndGoodies.uproject" "C:/Users/s181813/Documents/GitHub/GhoulsAndGoblins/GhoulsAndGoodies/GhoulsAndGoodies.uproject"  -IgnoreJunk]
[2020.08.11-00.34.28:403][892]Warning: Starting HotReload took  0.0s.
[2020.08.11-00.34.39:432][200]CompilerResultsLog: New page: Compilation - 11 Aug 2020 8:34:39 pm
[2020.08.11-00.34.39:433][200]CompilerResultsLog: Using 'git status' to determine working set for adaptive non-unity build (C:\Users\s181813\Documents\GitHub\GhoulsAndGoblins).
[2020.08.11-00.34.39:433][200]CompilerResultsLog: Parsing headers for GhoulsAndGoodiesEditor
[2020.08.11-00.34.39:433][200]CompilerResultsLog:   Running UnrealHeaderTool "C:\Users\s181813\Documents\GitHub\GhoulsAndGoblins\GhoulsAndGoodies\GhoulsAndGoodies.uproject" "C:\Users\s181813\Documents\GitHub\GhoulsAndGoblins\GhoulsAndGoodies\Intermediate\Build\Win64\GhoulsAndGoodiesEditor\Development\GhoulsAndGoodiesEditor.uhtmanifest" -LogCmds="loginit warning, logexit warning, logdatabase error" -Unattended -WarningsAsErrors -installed
[2020.08.11-00.34.39:433][200]CompilerResultsLog: Reflection code generated for GhoulsAndGoodiesEditor in 6.7715976 seconds
[2020.08.11-00.34.39:433][200]CompilerResultsLog: Failed to delete file 'C:\Users\s181813\Documents\GitHub\GhoulsAndGoblins\GhoulsAndGoodies\Binaries\Win64\UE4Editor-GhoulsAndGoodies.pdb'
[2020.08.11-00.34.39:433][200]CompilerResultsLog:     Exception: Access to the path 'C:\Users\s181813\Documents\GitHub\GhoulsAndGoblins\GhoulsAndGoodies\Binaries\Win64\UE4Editor-GhoulsAndGoodies.pdb' is denied.
[2020.08.11-00.34.39:433][200]CompilerResultsLog: Attempting to retry...
[2020.08.11-00.34.39:433][200]CompilerResultsLog: Failed to delete file 'C:\Users\s181813\Documents\GitHub\GhoulsAndGoblins\GhoulsAndGoodies\Binaries\Win64\UE4Editor-GhoulsAndGoodies.pdb'
[2020.08.11-00.34.39:433][200]CompilerResultsLog:     Exception: Access to the path 'C:\Users\s181813\Documents\GitHub\GhoulsAndGoblins\GhoulsAndGoodies\Binaries\Win64\UE4Editor-GhoulsAndGoodies.pdb' is denied.
[2020.08.11-00.34.39:433][200]CompilerResultsLog: Attempting to retry...
[2020.08.11-00.34.39:434][200]CompilerResultsLog: Failed to delete file 'C:\Users\s181813\Documents\GitHub\GhoulsAndGoblins\GhoulsAndGoodies\Binaries\Win64\UE4Editor-GhoulsAndGoodies.pdb'
[2020.08.11-00.34.39:434][200]CompilerResultsLog:     Exception: Access to the path 'C:\Users\s181813\Documents\GitHub\GhoulsAndGoblins\GhoulsAndGoodies\Binaries\Win64\UE4Editor-GhoulsAndGoodies.pdb' is denied.
[2020.08.11-00.34.39:434][200]CompilerResultsLog: ERROR: Exhausted all retries!
[2020.08.11-00.34.39:434][200]CompilerResultsLog: Using Visual Studio 2019 14.24.28314 toolchain (C:\Program Files (x86)\Microsoft Visual Studio\2019\Enterprise\VC\Tools\MSVC\14.24.28314) and Windows 10.0.18362.0 SDK (C:\Program Files (x86)\Windows Kits\10).
[2020.08.11-00.34.39:434][200]CompilerResultsLog: Building 3 actions with 8 processes...
[2020.08.11-00.34.39:434][200]CompilerResultsLog:   [1/3] UE4Editor-GhoulsAndGoodies-7998.lib
[2020.08.11-00.34.39:434][200]CompilerResultsLog:      Creating library C:\Users\s181813\Documents\GitHub\GhoulsAndGoblins\GhoulsAndGoodies\Intermediate\Build\Win64\UE4Editor\Development\GhoulsAndGoodies\UE4Editor-GhoulsAndGoodies-7998.lib and object C:\Users\s181813\Documents\GitHub\GhoulsAndGoblins\GhoulsAndGoodies\Intermediate\Build\Win64\UE4Editor\Development\GhoulsAndGoodies\UE4Editor-GhoulsAndGoodies-7998.exp
[2020.08.11-00.34.39:434][200]CompilerResultsLog:   [2/3] UE4Editor-GhoulsAndGoodies-7998.dll
[2020.08.11-00.34.39:434][200]CompilerResultsLog:      Creating library C:\Users\s181813\Documents\GitHub\GhoulsAndGoblins\GhoulsAndGoodies\Intermediate\Build\Win64\UE4Editor\Development\GhoulsAndGoodies\UE4Editor-GhoulsAndGoodies-7998.suppressed.lib and object C:\Users\s181813\Documents\GitHub\GhoulsAndGoblins\GhoulsAndGoodies\Intermediate\Build\Win64\UE4Editor\Development\GhoulsAndGoodies\UE4Editor-GhoulsAndGoodies-7998.suppressed.exp
[2020.08.11-00.34.39:434][200]CompilerResultsLog:   [3/3] GhoulsAndGoodiesEditor.target
[2020.08.11-00.34.39:435][200]CompilerResultsLog: Total time in Parallel executor: 1.01 seconds
[2020.08.11-00.34.39:435][200]CompilerResultsLog: Total execution time: 10.94 seconds
[2020.08.11-00.34.39:435][200]LogMainFrame: MainFrame: Module compiling took 11.038 seconds
[2020.08.11-00.34.39:458][200]LogUObjectHash: Compacting FUObjectHashTables data took   1.00ms
[2020.08.11-00.34.39:498][200]LogHotReload: Re-instancing AICharacter after hot-reload.
[2020.08.11-00.34.39:600][200]LogContentBrowser: Native class hierarchy updated for 'GhoulsAndGoodies' in 0.0005 seconds. Added 5 classes and 2 folders.
[2020.08.11-00.34.39:603][200]Display: HotReload successful (0 functions remapped  0 scriptstructs remapped)
[2020.08.11-00.34.39:662][200]LogUObjectHash: Compacting FUObjectHashTables data took   1.59ms
[2020.08.11-00.34.39:682][200]LogContentBrowser: Native class hierarchy populated in 0.0096 seconds. Added 2869 classes and 684 folders.
[2020.08.11-00.34.39:682][200]Display: HotReload took 11.3s.
[2020.08.11-00.34.46:216][980]LogEditor: Attempting to add actor of class 'AICharacter' to level at -520.00,-1060.00,258.00
[2020.08.11-00.34.47:004][ 68]LogEditor: Attempting to add actor of class 'AICharacter' to level at -180.00,-950.00,258.00
[2020.08.11-00.35.06:811][359]LogSlate: FSceneViewport::OnFocusLost() reason 0
[2020.08.11-00.35.15:667][264]LogTemp: Repeating last play command: Selected Viewport
[2020.08.11-00.35.15:688][264]LogBlueprintUserMessages: Early PlayInEditor Detection: Level '/Game/TopDownCPP/Maps/TopDownExampleMap.TopDownExampleMap:PersistentLevel' has LevelScriptBlueprint '/Game/TopDownCPP/Maps/TopDownExampleMap.TopDownExampleMap:PersistentLevel.TopDownExampleMap' with GeneratedClass '/Game/TopDownCPP/Maps/TopDownExampleMap.TopDownExampleMap_C' with ClassGeneratedBy '/Game/TopDownCPP/Maps/TopDownExampleMap.TopDownExampleMap:PersistentLevel.TopDownExampleMap'
[2020.08.11-00.35.15:691][264]LogPlayLevel: PlayLevel: No blueprints needed recompiling
[2020.08.11-00.35.15:691][264]PIE: New page: PIE session: TopDownExampleMap (11 Aug 2020 8:35:15 pm)
[2020.08.11-00.35.15:691][264]LogPlayLevel: Creating play world package: /Game/TopDownCPP/Maps/UEDPIE_0_TopDownExampleMap
[2020.08.11-00.35.15:705][264]LogPlayLevel: PIE: StaticDuplicateObject took: (0.013831s)
[2020.08.11-00.35.15:707][264]LogAIModule: Creating AISystem for world TopDownExampleMap
[2020.08.11-00.35.15:707][264]LogPlayLevel: PIE: World Init took: (0.001543s)
[2020.08.11-00.35.15:707][264]LogPlayLevel: PIE: Created PIE world by copying editor world from /Game/TopDownCPP/Maps/TopDownExampleMap.TopDownExampleMap to /Game/TopDownCPP/Maps/UEDPIE_0_TopDownExampleMap.TopDownExampleMap (0.015884s)
[2020.08.11-00.35.15:739][264]LogUObjectHash: Compacting FUObjectHashTables data took   3.68ms
[2020.08.11-00.35.15:747][264]LogInit: XAudio2 using 'Speakers (Realtek High Definition Audio)' : 2 channels at 48 kHz using 32 bits per sample (channel mask 0x3)
[2020.08.11-00.35.15:768][264]LogInit: FAudioDevice initialized.
[2020.08.11-00.35.15:776][264]LogLoad: Game class is 'GhoulsAndGoodiesGameMode'
[2020.08.11-00.35.15:779][264]LogWorld: Bringing World /Game/TopDownCPP/Maps/UEDPIE_0_TopDownExampleMap.TopDownExampleMap up for play (max tick rate 0) at 2020.08.11-10.35.15
[2020.08.11-00.35.15:780][264]LogWorld: Bringing up level for play took: 0.002725
[2020.08.11-00.35.15:780][264]LogOnline: OSS: Creating online subsystem instance for: :Context_6
[2020.08.11-00.35.15:784][264]PIE: Play in editor start time for /Game/TopDownCPP/Maps/UEDPIE_0_TopDownExampleMap -0.415
[2020.08.11-00.35.15:784][264]LogBlueprintUserMessages: Late PlayInEditor Detection: Level '/Game/TopDownCPP/Maps/TopDownExampleMap.TopDownExampleMap:PersistentLevel' has LevelScriptBlueprint '/Game/TopDownCPP/Maps/TopDownExampleMap.TopDownExampleMap:PersistentLevel.TopDownExampleMap' with GeneratedClass '/Game/TopDownCPP/Maps/TopDownExampleMap.TopDownExampleMap_C' with ClassGeneratedBy '/Game/TopDownCPP/Maps/TopDownExampleMap.TopDownExampleMap:PersistentLevel.TopDownExampleMap'
[2020.08.11-00.35.19:092][656]LogBlueprintUserMessages: Early EndPlayMap Detection: Level '/Game/TopDownCPP/Maps/TopDownExampleMap.TopDownExampleMap:PersistentLevel' has LevelScriptBlueprint '/Game/TopDownCPP/Maps/TopDownExampleMap.TopDownExampleMap:PersistentLevel.TopDownExampleMap' with GeneratedClass '/Game/TopDownCPP/Maps/TopDownExampleMap.TopDownExampleMap_C' with ClassGeneratedBy '/Game/TopDownCPP/Maps/TopDownExampleMap.TopDownExampleMap:PersistentLevel.TopDownExampleMap'
[2020.08.11-00.35.19:098][656]LogSlate: Updating window title bar state: overlay mode, drag disabled, window buttons hidden, title bar hidden
[2020.08.11-00.35.19:098][656]LogWorld: BeginTearingDown for /Game/TopDownCPP/Maps/UEDPIE_0_TopDownExampleMap
[2020.08.11-00.35.19:099][656]LogWorld: UWorld::CleanupWorld for TopDownExampleMap, bSessionEnded=true, bCleanupResources=true
[2020.08.11-00.35.19:115][656]LogPlayLevel: Display: Shutting down PIE online subsystems
[2020.08.11-00.35.19:115][656]LogBlueprintUserMessages: Late EndPlayMap Detection: Level '/Game/TopDownCPP/Maps/TopDownExampleMap.TopDownExampleMap:PersistentLevel' has LevelScriptBlueprint '/Game/TopDownCPP/Maps/TopDownExampleMap.TopDownExampleMap:PersistentLevel.TopDownExampleMap' with GeneratedClass '/Game/TopDownCPP/Maps/TopDownExampleMap.TopDownExampleMap_C' with ClassGeneratedBy '/Game/TopDownCPP/Maps/TopDownExampleMap.TopDownExampleMap:PersistentLevel.TopDownExampleMap'
[2020.08.11-00.35.19:145][656]LogSlate: Updating window title bar state: overlay mode, drag disabled, window buttons hidden, title bar hidden
[2020.08.11-00.35.19:149][656]LogUObjectHash: Compacting FUObjectHashTables data took   1.89ms
[2020.08.11-00.35.19:193][660]LogPlayLevel: Display: Destroying online subsystem :Context_6
[2020.08.11-00.35.20:457][811]LogEditorViewport: Clicking on Actor (LMB): AICharacter (AICharacter18)
[2020.08.11-00.35.25:576][392]LogSlate: FSceneViewport::OnFocusLost() reason 0
[2020.08.11-00.35.25:660][402]LogTemp: Repeating last play command: Selected Viewport
[2020.08.11-00.35.25:675][402]LogBlueprintUserMessages: Early PlayInEditor Detection: Level '/Game/TopDownCPP/Maps/TopDownExampleMap.TopDownExampleMap:PersistentLevel' has LevelScriptBlueprint '/Game/TopDownCPP/Maps/TopDownExampleMap.TopDownExampleMap:PersistentLevel.TopDownExampleMap' with GeneratedClass '/Game/TopDownCPP/Maps/TopDownExampleMap.TopDownExampleMap_C' with ClassGeneratedBy '/Game/TopDownCPP/Maps/TopDownExampleMap.TopDownExampleMap:PersistentLevel.TopDownExampleMap'
[2020.08.11-00.35.25:677][402]LogPlayLevel: PlayLevel: No blueprints needed recompiling
[2020.08.11-00.35.25:678][402]PIE: New page: PIE session: TopDownExampleMap (11 Aug 2020 8:35:25 pm)
[2020.08.11-00.35.25:678][402]LogPlayLevel: Creating play world package: /Game/TopDownCPP/Maps/UEDPIE_0_TopDownExampleMap
[2020.08.11-00.35.25:690][402]LogPlayLevel: PIE: StaticDuplicateObject took: (0.012009s)
[2020.08.11-00.35.25:691][402]LogAIModule: Creating AISystem for world TopDownExampleMap
[2020.08.11-00.35.25:691][402]LogPlayLevel: PIE: World Init took: (0.001313s)
[2020.08.11-00.35.25:691][402]LogPlayLevel: PIE: Created PIE world by copying editor world from /Game/TopDownCPP/Maps/TopDownExampleMap.TopDownExampleMap to /Game/TopDownCPP/Maps/UEDPIE_0_TopDownExampleMap.TopDownExampleMap (0.013792s)
[2020.08.11-00.35.25:716][402]LogUObjectHash: Compacting FUObjectHashTables data took   1.60ms
[2020.08.11-00.35.25:724][402]LogInit: XAudio2 using 'Speakers (Realtek High Definition Audio)' : 2 channels at 48 kHz using 32 bits per sample (channel mask 0x3)
[2020.08.11-00.35.25:746][402]LogInit: FAudioDevice initialized.
[2020.08.11-00.35.25:754][402]LogLoad: Game class is 'GhoulsAndGoodiesGameMode'
[2020.08.11-00.35.25:756][402]LogWorld: Bringing World /Game/TopDownCPP/Maps/UEDPIE_0_TopDownExampleMap.TopDownExampleMap up for play (max tick rate 0) at 2020.08.11-10.35.25
[2020.08.11-00.35.25:757][402]LogWorld: Bringing up level for play took: 0.002747
[2020.08.11-00.35.25:758][402]LogOnline: OSS: Creating online subsystem instance for: :Context_7
[2020.08.11-00.35.25:762][402]PIE: Play in editor start time for /Game/TopDownCPP/Maps/UEDPIE_0_TopDownExampleMap -0.436
[2020.08.11-00.35.25:762][402]LogBlueprintUserMessages: Late PlayInEditor Detection: Level '/Game/TopDownCPP/Maps/TopDownExampleMap.TopDownExampleMap:PersistentLevel' has LevelScriptBlueprint '/Game/TopDownCPP/Maps/TopDownExampleMap.TopDownExampleMap:PersistentLevel.TopDownExampleMap' with GeneratedClass '/Game/TopDownCPP/Maps/TopDownExampleMap.TopDownExampleMap_C' with ClassGeneratedBy '/Game/TopDownCPP/Maps/TopDownExampleMap.TopDownExampleMap:PersistentLevel.TopDownExampleMap'
[2020.08.11-00.35.36:142][644]LogSlate: FSceneViewport::OnFocusLost() reason 0
[2020.08.11-00.35.36:251][657]LogBlueprintUserMessages: Early EndPlayMap Detection: Level '/Game/TopDownCPP/Maps/TopDownExampleMap.TopDownExampleMap:PersistentLevel' has LevelScriptBlueprint '/Game/TopDownCPP/Maps/TopDownExampleMap.TopDownExampleMap:PersistentLevel.TopDownExampleMap' with GeneratedClass '/Game/TopDownCPP/Maps/TopDownExampleMap.TopDownExampleMap_C' with ClassGeneratedBy '/Game/TopDownCPP/Maps/TopDownExampleMap.TopDownExampleMap:PersistentLevel.TopDownExampleMap'
[2020.08.11-00.35.36:253][657]LogSlate: Updating window title bar state: overlay mode, drag disabled, window buttons hidden, title bar hidden
[2020.08.11-00.35.36:253][657]LogWorld: BeginTearingDown for /Game/TopDownCPP/Maps/UEDPIE_0_TopDownExampleMap
[2020.08.11-00.35.36:253][657]LogWorld: UWorld::CleanupWorld for TopDownExampleMap, bSessionEnded=true, bCleanupResources=true
[2020.08.11-00.35.36:266][657]LogPlayLevel: Display: Shutting down PIE online subsystems
[2020.08.11-00.35.36:266][657]LogBlueprintUserMessages: Late EndPlayMap Detection: Level '/Game/TopDownCPP/Maps/TopDownExampleMap.TopDownExampleMap:PersistentLevel' has LevelScriptBlueprint '/Game/TopDownCPP/Maps/TopDownExampleMap.TopDownExampleMap:PersistentLevel.TopDownExampleMap' with GeneratedClass '/Game/TopDownCPP/Maps/TopDownExampleMap.TopDownExampleMap_C' with ClassGeneratedBy '/Game/TopDownCPP/Maps/TopDownExampleMap.TopDownExampleMap:PersistentLevel.TopDownExampleMap'
[2020.08.11-00.35.36:295][657]LogSlate: Updating window title bar state: overlay mode, drag disabled, window buttons hidden, title bar hidden
[2020.08.11-00.35.36:298][657]LogUObjectHash: Compacting FUObjectHashTables data took   1.61ms
[2020.08.11-00.35.36:356][663]LogPlayLevel: Display: Destroying online subsystem :Context_7
[2020.08.11-00.36.01:993][271]LogUObjectHash: Compacting FUObjectHashTables data took   0.71ms
[2020.08.11-00.36.02:193][271]LogSavePackage: Moving '../../../../../../Users/s181813/Documents/GitHub/GhoulsAndGoblins/GhoulsAndGoodies/Saved/TopDownExampleMap_Auto1DA0EF38B4FA9D15330E1B7B72712C6F6.tmp' to '../../../../../../Users/s181813/Documents/GitHub/GhoulsAndGoblins/GhoulsAndGoodies/Saved/Autosaves/Game/TopDownCPP/Maps/TopDownExampleMap_Auto1.umap'
[2020.08.11-00.36.02:206][271]LogFileHelpers: Editor autosave (incl. sublevels) for '/Game/TopDownCPP/Maps/TopDownExampleMap' took 0.236
[2020.08.11-00.36.02:206][271]LogFileHelpers: Editor autosave (incl. sublevels) for all levels took 0.236
[2020.08.11-00.36.18:714][324]Candidate modules for hot reload:
[2020.08.11-00.36.18:714][324]  GhoulsAndGoodies
[2020.08.11-00.36.18:715][324]Launching UnrealBuildTool... [C:/Program Files/Epic Games/UE_4.23/Engine/Binaries/DotNET/UnrealBuildTool.exe  -ModuleWithSuffix=GhoulsAndGoodies,3964 Win64 Development -TargetType=Editor -Project="C:/Users/s181813/Documents/GitHub/GhoulsAndGoblins/GhoulsAndGoodies/GhoulsAndGoodies.uproject" "C:/Users/s181813/Documents/GitHub/GhoulsAndGoblins/GhoulsAndGoodies/GhoulsAndGoodies.uproject"  -IgnoreJunk]
[2020.08.11-00.36.18:717][324]Warning: Starting HotReload took  0.0s.
[2020.08.11-00.36.24:555][984]LogEditorViewport: Clicking on Actor (LMB): StaticMeshActor (Floor)
[2020.08.11-00.36.25:284][ 64]LogEditorViewport: Clicking on Actor (LMB): AICharacter (AICharacter18)
[2020.08.11-00.36.26:132][152]Cmd: DELETE
[2020.08.11-00.36.26:132][152]Cmd: ACTOR DELETE
[2020.08.11-00.36.26:135][152]LogEditorActor: Deleted Actor: AICharacter
[2020.08.11-00.36.26:158][152]LogUObjectHash: Compacting FUObjectHashTables data took   1.75ms
[2020.08.11-00.36.26:159][152]LogEditorActor: Deleted 1 Actors (0.026 secs)
[2020.08.11-00.36.27:270][284]LogEditorViewport: Clicking on Actor (LMB): AICharacter (AICharacter3)
[2020.08.11-00.36.27:386][290]Cmd: DELETE
[2020.08.11-00.36.27:386][290]Cmd: ACTOR DELETE
[2020.08.11-00.36.27:388][290]LogEditorActor: Deleted Actor: AICharacter
[2020.08.11-00.36.27:411][290]LogUObjectHash: Compacting FUObjectHashTables data took   0.79ms
[2020.08.11-00.36.27:412][290]LogEditorActor: Deleted 1 Actors (0.025 secs)
[2020.08.11-00.36.31:245][749]CompilerResultsLog: New page: Compilation - 11 Aug 2020 8:36:31 pm
[2020.08.11-00.36.31:245][749]CompilerResultsLog: Using 'git status' to determine working set for adaptive non-unity build (C:\Users\s181813\Documents\GitHub\GhoulsAndGoblins).
[2020.08.11-00.36.31:245][749]CompilerResultsLog: Parsing headers for GhoulsAndGoodiesEditor
[2020.08.11-00.36.31:246][749]CompilerResultsLog:   Running UnrealHeaderTool "C:\Users\s181813\Documents\GitHub\GhoulsAndGoblins\GhoulsAndGoodies\GhoulsAndGoodies.uproject" "C:\Users\s181813\Documents\GitHub\GhoulsAndGoblins\GhoulsAndGoodies\Intermediate\Build\Win64\GhoulsAndGoodiesEditor\Development\GhoulsAndGoodiesEditor.uhtmanifest" -LogCmds="loginit warning, logexit warning, logdatabase error" -Unattended -WarningsAsErrors -installed
[2020.08.11-00.36.31:246][749]CompilerResultsLog: Reflection code generated for GhoulsAndGoodiesEditor in 6.8601984 seconds
[2020.08.11-00.36.31:246][749]CompilerResultsLog: Failed to delete file 'C:\Users\s181813\Documents\GitHub\GhoulsAndGoblins\GhoulsAndGoodies\Binaries\Win64\UE4Editor-GhoulsAndGoodies.pdb'
[2020.08.11-00.36.31:246][749]CompilerResultsLog:     Exception: Access to the path 'C:\Users\s181813\Documents\GitHub\GhoulsAndGoblins\GhoulsAndGoodies\Binaries\Win64\UE4Editor-GhoulsAndGoodies.pdb' is denied.
[2020.08.11-00.36.31:246][749]CompilerResultsLog: Attempting to retry...
[2020.08.11-00.36.31:247][749]CompilerResultsLog: Failed to delete file 'C:\Users\s181813\Documents\GitHub\GhoulsAndGoblins\GhoulsAndGoodies\Binaries\Win64\UE4Editor-GhoulsAndGoodies.pdb'
[2020.08.11-00.36.31:247][749]CompilerResultsLog:     Exception: Access to the path 'C:\Users\s181813\Documents\GitHub\GhoulsAndGoblins\GhoulsAndGoodies\Binaries\Win64\UE4Editor-GhoulsAndGoodies.pdb' is denied.
[2020.08.11-00.36.31:247][749]CompilerResultsLog: Attempting to retry...
[2020.08.11-00.36.31:248][749]CompilerResultsLog: Failed to delete file 'C:\Users\s181813\Documents\GitHub\GhoulsAndGoblins\GhoulsAndGoodies\Binaries\Win64\UE4Editor-GhoulsAndGoodies.pdb'
[2020.08.11-00.36.31:248][749]CompilerResultsLog:     Exception: Access to the path 'C:\Users\s181813\Documents\GitHub\GhoulsAndGoblins\GhoulsAndGoodies\Binaries\Win64\UE4Editor-GhoulsAndGoodies.pdb' is denied.
[2020.08.11-00.36.31:248][749]CompilerResultsLog: ERROR: Exhausted all retries!
[2020.08.11-00.36.31:248][749]CompilerResultsLog: Using Visual Studio 2019 14.24.28314 toolchain (C:\Program Files (x86)\Microsoft Visual Studio\2019\Enterprise\VC\Tools\MSVC\14.24.28314) and Windows 10.0.18362.0 SDK (C:\Program Files (x86)\Windows Kits\10).
[2020.08.11-00.36.31:248][749]CompilerResultsLog: Building 4 actions with 8 processes...
[2020.08.11-00.36.31:248][749]CompilerResultsLog:   [1/4] AICharacter.cpp
[2020.08.11-00.36.31:249][749]CompilerResultsLog:   [2/4] UE4Editor-GhoulsAndGoodies-3964.lib
[2020.08.11-00.36.31:249][749]CompilerResultsLog:      Creating library C:\Users\s181813\Documents\GitHub\GhoulsAndGoblins\GhoulsAndGoodies\Intermediate\Build\Win64\UE4Editor\Development\GhoulsAndGoodies\UE4Editor-GhoulsAndGoodies-3964.lib and object C:\Users\s181813\Documents\GitHub\GhoulsAndGoblins\GhoulsAndGoodies\Intermediate\Build\Win64\UE4Editor\Development\GhoulsAndGoodies\UE4Editor-GhoulsAndGoodies-3964.exp
[2020.08.11-00.36.31:250][749]CompilerResultsLog:   [3/4] UE4Editor-GhoulsAndGoodies-3964.dll
[2020.08.11-00.36.31:250][749]CompilerResultsLog:      Creating library C:\Users\s181813\Documents\GitHub\GhoulsAndGoblins\GhoulsAndGoodies\Intermediate\Build\Win64\UE4Editor\Development\GhoulsAndGoodies\UE4Editor-GhoulsAndGoodies-3964.suppressed.lib and object C:\Users\s181813\Documents\GitHub\GhoulsAndGoblins\GhoulsAndGoodies\Intermediate\Build\Win64\UE4Editor\Development\GhoulsAndGoodies\UE4Editor-GhoulsAndGoodies-3964.suppressed.exp
[2020.08.11-00.36.31:250][749]CompilerResultsLog:   [4/4] GhoulsAndGoodiesEditor.target
[2020.08.11-00.36.31:250][749]CompilerResultsLog: Total time in Parallel executor: 2.43 seconds
[2020.08.11-00.36.31:250][749]CompilerResultsLog: Total execution time: 12.44 seconds
[2020.08.11-00.36.31:250][749]LogMainFrame: MainFrame: Module compiling took 12.542 seconds
[2020.08.11-00.36.31:275][749]LogUObjectHash: Compacting FUObjectHashTables data took   0.71ms
[2020.08.11-00.36.31:316][749]LogHotReload: Re-instancing AICharacter after hot-reload.
[2020.08.11-00.36.31:404][749]LogContentBrowser: Native class hierarchy updated for 'GhoulsAndGoodies' in 0.0003 seconds. Added 5 classes and 2 folders.
[2020.08.11-00.36.31:407][749]Display: HotReload successful (0 functions remapped  0 scriptstructs remapped)
[2020.08.11-00.36.31:472][749]LogUObjectHash: Compacting FUObjectHashTables data took   1.34ms
[2020.08.11-00.36.31:490][749]LogContentBrowser: Native class hierarchy populated in 0.0086 seconds. Added 2869 classes and 684 folders.
[2020.08.11-00.36.31:490][749]Display: HotReload took 12.8s.
[2020.08.11-00.36.33:369][973]LogSlate: FSceneViewport::OnFocusLost() reason 0
[2020.08.11-00.36.33:771][ 20]LogEditor: Attempting to add actor of class 'AICharacter' to level at -320.00,-1420.00,258.00
[2020.08.11-00.36.34:482][101]LogEditor: Attempting to add actor of class 'AICharacter' to level at -150.00,-990.00,258.00
[2020.08.11-00.36.39:083][635]LogSlate: Took 0.000279 seconds to synchronously load lazily loaded font '../../../Engine/Content/Slate/Fonts/Roboto-Italic.ttf' (157K)
[2020.08.11-00.36.40:373][781]LogSlate: FSceneViewport::OnFocusLost() reason 0
[2020.08.11-00.36.58:452][879]Candidate modules for hot reload:
[2020.08.11-00.36.58:452][879]  GhoulsAndGoodies
[2020.08.11-00.36.58:452][879]Launching UnrealBuildTool... [C:/Program Files/Epic Games/UE_4.23/Engine/Binaries/DotNET/UnrealBuildTool.exe  -ModuleWithSuffix=GhoulsAndGoodies,113 Win64 Development -TargetType=Editor -Project="C:/Users/s181813/Documents/GitHub/GhoulsAndGoblins/GhoulsAndGoodies/GhoulsAndGoodies.uproject" "C:/Users/s181813/Documents/GitHub/GhoulsAndGoblins/GhoulsAndGoodies/GhoulsAndGoodies.uproject"  -IgnoreJunk]
[2020.08.11-00.36.58:454][879]Warning: Starting HotReload took  0.0s.
[2020.08.11-00.37.10:970][294]CompilerResultsLog: New page: Compilation - 11 Aug 2020 8:37:10 pm
[2020.08.11-00.37.10:970][294]CompilerResultsLog: Using 'git status' to determine working set for adaptive non-unity build (C:\Users\s181813\Documents\GitHub\GhoulsAndGoblins).
[2020.08.11-00.37.10:971][294]CompilerResultsLog: Parsing headers for GhoulsAndGoodiesEditor
[2020.08.11-00.37.10:971][294]CompilerResultsLog:   Running UnrealHeaderTool "C:\Users\s181813\Documents\GitHub\GhoulsAndGoblins\GhoulsAndGoodies\GhoulsAndGoodies.uproject" "C:\Users\s181813\Documents\GitHub\GhoulsAndGoblins\GhoulsAndGoodies\Intermediate\Build\Win64\GhoulsAndGoodiesEditor\Development\GhoulsAndGoodiesEditor.uhtmanifest" -LogCmds="loginit warning, logexit warning, logdatabase error" -Unattended -WarningsAsErrors -installed
[2020.08.11-00.37.10:971][294]CompilerResultsLog: Reflection code generated for GhoulsAndGoodiesEditor in 6.9228536 seconds
[2020.08.11-00.37.10:971][294]CompilerResultsLog: Failed to delete file 'C:\Users\s181813\Documents\GitHub\GhoulsAndGoblins\GhoulsAndGoodies\Binaries\Win64\UE4Editor-GhoulsAndGoodies.pdb'
[2020.08.11-00.37.10:971][294]CompilerResultsLog:     Exception: Access to the path 'C:\Users\s181813\Documents\GitHub\GhoulsAndGoblins\GhoulsAndGoodies\Binaries\Win64\UE4Editor-GhoulsAndGoodies.pdb' is denied.
[2020.08.11-00.37.10:971][294]CompilerResultsLog: Attempting to retry...
[2020.08.11-00.37.10:971][294]CompilerResultsLog: Failed to delete file 'C:\Users\s181813\Documents\GitHub\GhoulsAndGoblins\GhoulsAndGoodies\Binaries\Win64\UE4Editor-GhoulsAndGoodies.pdb'
[2020.08.11-00.37.10:972][294]CompilerResultsLog:     Exception: Access to the path 'C:\Users\s181813\Documents\GitHub\GhoulsAndGoblins\GhoulsAndGoodies\Binaries\Win64\UE4Editor-GhoulsAndGoodies.pdb' is denied.
[2020.08.11-00.37.10:972][294]CompilerResultsLog: Attempting to retry...
[2020.08.11-00.37.10:972][294]CompilerResultsLog: Failed to delete file 'C:\Users\s181813\Documents\GitHub\GhoulsAndGoblins\GhoulsAndGoodies\Binaries\Win64\UE4Editor-GhoulsAndGoodies.pdb'
[2020.08.11-00.37.10:973][294]CompilerResultsLog:     Exception: Access to the path 'C:\Users\s181813\Documents\GitHub\GhoulsAndGoblins\GhoulsAndGoodies\Binaries\Win64\UE4Editor-GhoulsAndGoodies.pdb' is denied.
[2020.08.11-00.37.10:973][294]CompilerResultsLog: ERROR: Exhausted all retries!
[2020.08.11-00.37.10:973][294]CompilerResultsLog: Using Visual Studio 2019 14.24.28314 toolchain (C:\Program Files (x86)\Microsoft Visual Studio\2019\Enterprise\VC\Tools\MSVC\14.24.28314) and Windows 10.0.18362.0 SDK (C:\Program Files (x86)\Windows Kits\10).
[2020.08.11-00.37.10:973][294]CompilerResultsLog: Building 4 actions with 8 processes...
[2020.08.11-00.37.10:973][294]CompilerResultsLog:   [1/4] AICharacter.cpp
[2020.08.11-00.37.10:973][294]CompilerResultsLog:   [2/4] UE4Editor-GhoulsAndGoodies-0113.lib
[2020.08.11-00.37.10:973][294]CompilerResultsLog:      Creating library C:\Users\s181813\Documents\GitHub\GhoulsAndGoblins\GhoulsAndGoodies\Intermediate\Build\Win64\UE4Editor\Development\GhoulsAndGoodies\UE4Editor-GhoulsAndGoodies-0113.lib and object C:\Users\s181813\Documents\GitHub\GhoulsAndGoblins\GhoulsAndGoodies\Intermediate\Build\Win64\UE4Editor\Development\GhoulsAndGoodies\UE4Editor-GhoulsAndGoodies-0113.exp
[2020.08.11-00.37.10:973][294]CompilerResultsLog:   [3/4] UE4Editor-GhoulsAndGoodies-0113.dll
[2020.08.11-00.37.10:973][294]CompilerResultsLog:      Creating library C:\Users\s181813\Documents\GitHub\GhoulsAndGoblins\GhoulsAndGoodies\Intermediate\Build\Win64\UE4Editor\Development\GhoulsAndGoodies\UE4Editor-GhoulsAndGoodies-0113.suppressed.lib and object C:\Users\s181813\Documents\GitHub\GhoulsAndGoblins\GhoulsAndGoodies\Intermediate\Build\Win64\UE4Editor\Development\GhoulsAndGoodies\UE4Editor-GhoulsAndGoodies-0113.suppressed.exp
[2020.08.11-00.37.10:974][294]CompilerResultsLog:   [4/4] GhoulsAndGoodiesEditor.target
[2020.08.11-00.37.10:974][294]CompilerResultsLog: Total time in Parallel executor: 2.40 seconds
[2020.08.11-00.37.10:974][294]CompilerResultsLog: Total execution time: 12.43 seconds
[2020.08.11-00.37.10:974][294]LogMainFrame: MainFrame: Module compiling took 12.526 seconds
[2020.08.11-00.37.10:999][294]LogUObjectHash: Compacting FUObjectHashTables data took   1.60ms
[2020.08.11-00.37.11:015][294]LogContentBrowser: Native class hierarchy populated in 0.0083 seconds. Added 2869 classes and 684 folders.
[2020.08.11-00.37.11:015][294]Display: HotReload took 12.6s.
[2020.08.11-00.37.12:547][476]Cmd: DELETE
[2020.08.11-00.37.12:548][476]Cmd: ACTOR DELETE
[2020.08.11-00.37.15:755][852]Cmd: DELETE
[2020.08.11-00.37.15:755][852]Cmd: ACTOR DELETE
[2020.08.11-00.37.15:757][852]LogEditorActor: Deleted Actor: AICharacter
[2020.08.11-00.37.15:779][852]LogUObjectHash: Compacting FUObjectHashTables data took   0.69ms
[2020.08.11-00.37.15:780][852]LogEditorActor: Deleted 1 Actors (0.024 secs)
[2020.08.11-00.37.21:737][565]LogEditor: Attempting to add actor of class 'AICharacter' to level at -310.00,-1310.00,258.00
[2020.08.11-00.37.22:158][611]LogEditor: Attempting to add actor of class 'AICharacter' to level at -180.00,-1240.00,258.00
[2020.08.11-00.37.29:538][459]LogSlate: FSceneViewport::OnFocusLost() reason 0
[2020.08.11-00.37.34:619][ 59]Cmd: DELETE
[2020.08.11-00.37.34:620][ 59]Cmd: ACTOR DELETE
[2020.08.11-00.37.36:235][245]Cmd: DELETE
[2020.08.11-00.37.36:235][245]Cmd: ACTOR DELETE
[2020.08.11-00.37.36:238][245]LogEditorActor: Deleted Actor: AICharacter
[2020.08.11-00.37.36:263][245]LogUObjectHash: Compacting FUObjectHashTables data took   1.55ms
[2020.08.11-00.37.36:264][245]LogEditorActor: Deleted 1 Actors (0.028 secs)
