Log file open, 11/29/20 21:27:04
LogWindows: Failed to load 'aqProf.dll' (GetLastError=126)
LogWindows: File 'aqProf.dll' does not exist
LogWindows: Failed to load 'VtuneApi.dll' (GetLastError=126)
LogWindows: File 'VtuneApi.dll' does not exist
LogWindows: Failed to load 'VtuneApi32e.dll' (GetLastError=126)
LogWindows: File 'VtuneApi32e.dll' does not exist
LogConsoleResponse: Display: Failed to find resolution value strings in scalability ini. Falling back to default.
LogInit: Display: Running engine for game: GhoulsAndGoodies
LogPlatformFile: Not using cached read wrapper
LogTaskGraph: Started task graph with 5 named threads and 23 total threads with 3 sets of task threads.
LogStats: Stats thread started at 0.766586
LogD3D11RHI: Loaded GFSDK_Aftermath_Lib.x64.dll
LogICUInternationalization: ICU TimeZone Detection - Raw Offset: +10:00, Platform Override: ''
LogPluginManager: Mounting plugin Paper2D
LogPluginManager: Mounting plugin AISupport
LogPluginManager: Mounting plugin LightPropagationVolume
LogPluginManager: Mounting plugin ActorLayerUtilities
LogPluginManager: Mounting plugin AnimationSharing
LogPluginManager: Mounting plugin CLionSourceCodeAccess
LogPluginManager: Mounting plugin CodeLiteSourceCodeAccess
LogPluginManager: Mounting plugin GitSourceControl
LogPluginManager: Mounting plugin KDevelopSourceCodeAccess
LogPluginManager: Mounting plugin NullSourceCodeAccess
LogPluginManager: Mounting plugin PerforceSourceControl
LogPluginManager: Mounting plugin SubversionSourceControl
LogPluginManager: Mounting plugin UObjectPlugin
LogPluginManager: Mounting plugin VisualStudioCodeSourceCodeAccess
LogPluginManager: Mounting plugin VisualStudioSourceCodeAccess
LogPluginManager: Mounting plugin XCodeSourceCodeAccess
LogPluginManager: Mounting plugin AssetManagerEditor
LogPluginManager: Mounting plugin CryptoKeys
LogPluginManager: Mounting plugin CurveEditorTools
LogPluginManager: Mounting plugin DataValidation
LogPluginManager: Mounting plugin FacialAnimation
LogPluginManager: Mounting plugin GameplayTagsEditor
LogPluginManager: Mounting plugin MacGraphicsSwitching
LogPluginManager: Mounting plugin MaterialAnalyzer
LogPluginManager: Mounting plugin MobileLauncherProfileWizard
LogPluginManager: Mounting plugin PluginBrowser
LogPluginManager: Mounting plugin SpeedTreeImporter
LogPluginManager: Mounting plugin DatasmithContent
LogPluginManager: Mounting plugin VariantManagerContent
LogPluginManager: Mounting plugin AlembicImporter
LogPluginManager: Mounting plugin AutomationUtils
LogPluginManager: Mounting plugin BackChannel
LogPluginManager: Mounting plugin CharacterAI
LogPluginManager: Mounting plugin GeometryCache
LogPluginManager: Mounting plugin HTML5Networking
LogPluginManager: Mounting plugin PlatformCrypto
LogPluginManager: Mounting plugin ProxyLODPlugin
LogPluginManager: Mounting plugin SkeletalReduction
LogPluginManager: Mounting plugin MagicLeap
LogPluginManager: Mounting plugin MagicLeapMedia
LogPluginManager: Mounting plugin AndroidMedia
LogPluginManager: Mounting plugin AvfMedia
LogPluginManager: Mounting plugin ImgMedia
LogPluginManager: Mounting plugin MediaCompositing
LogPluginManager: Mounting plugin MediaPlayerEditor
LogPluginManager: Mounting plugin WebMMedia
LogPluginManager: Mounting plugin WmfMedia
LogPluginManager: Mounting plugin TcpMessaging
LogPluginManager: Mounting plugin UdpMessaging
LogPluginManager: Mounting plugin ActorSequence
LogPluginManager: Mounting plugin LevelSequenceEditor
LogPluginManager: Mounting plugin MatineeToLevelSequence
LogPluginManager: Mounting plugin NetcodeUnitTest
LogPluginManager: Mounting plugin NUTUnrealEngine4
LogPluginManager: Mounting plugin OnlineSubsystemGooglePlay
LogPluginManager: Mounting plugin OnlineSubsystemIOS
LogPluginManager: Mounting plugin OnlineSubsystem
LogPluginManager: Mounting plugin OnlineSubsystemNull
LogPluginManager: Mounting plugin OnlineSubsystemUtils
LogPluginManager: Mounting plugin LauncherChunkInstaller
LogPluginManager: Mounting plugin AndroidDeviceProfileSelector
LogPluginManager: Mounting plugin AndroidMoviePlayer
LogPluginManager: Mounting plugin AndroidPermission
LogPluginManager: Mounting plugin AppleImageUtils
LogPluginManager: Mounting plugin AppleMoviePlayer
LogPluginManager: Mounting plugin ArchVisCharacter
LogPluginManager: Mounting plugin AudioCapture
LogPluginManager: Mounting plugin CableComponent
LogPluginManager: Mounting plugin CustomMeshComponent
LogPluginManager: Mounting plugin EditableMesh
LogPluginManager: Mounting plugin ExampleDeviceProfileSelector
LogPluginManager: Mounting plugin GoogleCloudMessaging
LogPluginManager: Mounting plugin IOSDeviceProfileSelector
LogPluginManager: Mounting plugin LinuxDeviceProfileSelector
LogPluginManager: Mounting plugin LocationServicesBPLibrary
LogPluginManager: Mounting plugin MobilePatchingUtils
LogPluginManager: Mounting plugin OculusVR
LogPluginManager: Mounting plugin PhysXVehicles
LogPluginManager: Mounting plugin ProceduralMeshComponent
LogPluginManager: Mounting plugin RuntimePhysXCooking
LogPluginManager: Mounting plugin SignificanceManager
LogPluginManager: Mounting plugin SteamVR
LogPluginManager: Mounting plugin WebMMoviePlayer
LogPluginManager: Mounting plugin WindowsMoviePlayer
LogPluginManager: Mounting plugin ScreenshotTools
LogInit: Warning: Incompatible or missing module: GhoulsAndGoodies
Running C:/Program Files/Epic Games/UE_4.23/Engine/Binaries/DotNET/UnrealBuildTool.exe Development Win64 -Project="C:/Users/User/Documents/GitHub/GoodiesAndGhouls/GhoulsAndGoodies/GhoulsAndGoodies.uproject" -TargetType=Editor -Progress -NoHotReloadFromIDE
Using 'git status' to determine working set for adaptive non-unity build (C:\Users\User\Documents\GitHub\GoodiesAndGhouls).
Creating makefile for GhoulsAndGoodiesEditor (config setting changed)
@progress push 5%
Parsing headers for GhoulsAndGoodiesEditor
  Running UnrealHeaderTool "C:\Users\User\Documents\GitHub\GoodiesAndGhouls\GhoulsAndGoodies\GhoulsAndGoodies.uproject" "C:\Users\User\Documents\GitHub\GoodiesAndGhouls\GhoulsAndGoodies\Intermediate\Build\Win64\GhoulsAndGoodiesEditor\Development\GhoulsAndGoodiesEditor.uhtmanifest" -LogCmds="loginit warning, logexit warning, logdatabase error" -Unattended -WarningsAsErrors -installed
Reflection code generated for GhoulsAndGoodiesEditor in 5.9548214 seconds
@progress pop
Using Visual Studio 2019 14.27.29110 toolchain (C:\Program Files (x86)\Microsoft Visual Studio\2019\Community\VC\Tools\MSVC\14.27.29110) and Windows 10.0.18362.0 SDK (C:\Program Files (x86)\Windows Kits\10).
Building 7 actions with 8 processes...
  @progress 'Compiling C++ source code...' 0%
  @progress 'Compiling C++ source code...' 14%
  [1/7] Default.rc2
  @progress 'Compiling C++ source code...' 29%
  [2/7] SharedPCH.Engine.cpp
  @progress 'Compiling C++ source code...' 43%
  [3/7] Module.GhoulsAndGoodies.gen.cpp
  @progress 'Compiling C++ source code...' 57%
  [4/7] Module.GhoulsAndGoodies.cpp
  @progress 'Compiling C++ source code...' 71%
  [5/7] UE4Editor-GhoulsAndGoodies.lib
     Creating library C:\Users\User\Documents\GitHub\GoodiesAndGhouls\GhoulsAndGoodies\Intermediate\Build\Win64\UE4Editor\Development\GhoulsAndGoodies\UE4Editor-GhoulsAndGoodies.lib and object C:\Users\User\Documents\GitHub\GoodiesAndGhouls\GhoulsAndGoodies\Intermediate\Build\Win64\UE4Editor\Development\GhoulsAndGoodies\UE4Editor-GhoulsAndGoodies.exp
  @progress 'Compiling C++ source code...' 86%
  [6/7] UE4Editor-GhoulsAndGoodies.dll
     Creating library C:\Users\User\Documents\GitHub\GoodiesAndGhouls\GhoulsAndGoodies\Intermediate\Build\Win64\UE4Editor\Development\GhoulsAndGoodies\UE4Editor-GhoulsAndGoodies.suppressed.lib and object C:\Users\User\Documents\GitHub\GoodiesAndGhouls\GhoulsAndGoodies\Intermediate\Build\Win64\UE4Editor\Development\GhoulsAndGoodies\UE4Editor-GhoulsAndGoodies.suppressed.exp
  @progress 'Compiling C++ source code...' 100%
  [7/7] GhoulsAndGoodiesEditor.target
Total time in Parallel executor: 34.16 seconds
Total execution time: 56.03 seconds
LogInit: Using libcurl 7.55.1-DEV
LogInit:  - built for x86_64-pc-win32
LogInit:  - supports SSL with OpenSSL/1.1.1
LogInit:  - supports HTTP deflate (compression) using libz 1.2.8
LogInit:  - other features:
LogInit:      CURL_VERSION_SSL
LogInit:      CURL_VERSION_LIBZ
LogInit:      CURL_VERSION_IPV6
LogInit:      CURL_VERSION_ASYNCHDNS
LogInit:      CURL_VERSION_LARGEFILE
LogInit:      CURL_VERSION_IDN
LogInit:  CurlRequestOptions (configurable via config and command line):
LogInit:  - bVerifyPeer = true  - Libcurl will verify peer certificate
LogInit:  - bUseHttpProxy = false  - Libcurl will NOT use HTTP proxy
LogInit:  - bDontReuseConnections = false  - Libcurl will reuse connections
LogInit:  - MaxHostConnections = 16  - Libcurl will limit the number of connections to a host
LogInit:  - LocalHostAddr = Default
LogInit:  - BufferSize = 65536
LogOnline: OSS: Creating online subsystem instance for: NULL
LogInit: WinSock: version 1.1 (2.2), MaxSocks=32767, MaxUdp=65467
LogInit: Build: ++UE4+Release-4.23-CL-9631420
LogInit: Engine Version: 4.23.1-9631420+++UE4+Release-4.23
LogInit: Compatible Engine Version: 4.23.0-8386587+++UE4+Release-4.23
LogInit: Net CL: 8386587
LogInit: OS: Windows 10 (Release 2004) (), CPU: Intel(R) Core(TM) i7-7700 CPU @ 3.60GHz, GPU: NVIDIA GeForce GTX 1060 6GB
LogInit: Compiled (64-bit): Oct 18 2019 02:07:44
LogInit: Compiled with Visual C++: 19.16.27030.01
LogInit: Build Configuration: Development
LogInit: Branch Name: ++UE4+Release-4.23
LogInit: Command Line: 
LogInit: Base Directory: C:/Program Files/Epic Games/UE_4.23/Engine/Binaries/Win64/
LogInit: Installed Engine Build: 1
LogDevObjectVersion: Number of dev versions registered: 23
LogDevObjectVersion:   Dev-Blueprints (B0D832E4-1F89-4F0D-ACCF-7EB736FD4AA2): 10
LogDevObjectVersion:   Dev-Build (E1C64328-A22C-4D53-A36C-8E866417BD8C): 0
LogDevObjectVersion:   Dev-Core (375EC13C-06E4-48FB-B500-84F0262A717E): 3
LogDevObjectVersion:   Dev-Editor (E4B068ED-F494-42E9-A231-DA0B2E46BB41): 34
LogDevObjectVersion:   Dev-Framework (CFFC743F-43B0-4480-9391-14DF171D2073): 35
LogDevObjectVersion:   Dev-Mobile (B02B49B5-BB20-44E9-A304-32B752E40360): 2
LogDevObjectVersion:   Dev-Networking (A4E4105C-59A1-49B5-A7C5-40C4547EDFEE): 0
LogDevObjectVersion:   Dev-Online (39C831C9-5AE6-47DC-9A44-9C173E1C8E7C): 0
LogDevObjectVersion:   Dev-Physics (78F01B33-EBEA-4F98-B9B4-84EACCB95AA2): 0
LogDevObjectVersion:   Dev-Platform (6631380F-2D4D-43E0-8009-CF276956A95A): 0
LogDevObjectVersion:   Dev-Rendering (12F88B9F-8875-4AFC-A67C-D90C383ABD29): 31
LogDevObjectVersion:   Dev-Sequencer (7B5AE74C-D270-4C10-A958-57980B212A5A): 11
LogDevObjectVersion:   Dev-VR (D7296918-1DD6-4BDD-9DE2-64A83CC13884): 2
LogDevObjectVersion:   Dev-LoadTimes (C2A15278-BFE7-4AFE-6C17-90FF531DF755): 1
LogDevObjectVersion:   Private-Geometry (6EACA3D4-40EC-4CC1-B786-8BED09428FC5): 3
LogDevObjectVersion:   Dev-AnimPhys (29E575DD-E0A3-4627-9D10-D276232CDCEA): 17
LogDevObjectVersion:   Dev-Anim (AF43A65D-7FD3-4947-9873-3E8ED9C1BB05): 2
LogDevObjectVersion:   Dev-ReflectionCapture (6B266CEC-1EC7-4B8F-A30B-E4D90942FC07): 1
LogDevObjectVersion:   Dev-Automation (0DF73D61-A23F-47EA-B727-89E90C41499A): 1
LogDevObjectVersion:   FortniteMain (601D1886-AC64-4F84-AA16-D3DE0DEAC7D6): 27
LogDevObjectVersion:   Dev-Enterprise (9DFFBCD6-494F-0158-E221-12823C92A888): 6
LogDevObjectVersion:   Dev-Niagara (F2AED0AC-9AFE-416F-8664-AA7FFA26D6FC): 1
LogDevObjectVersion:   Dev-Destruction (174F1F0B-B4C6-45A5-B13F-2EE8D0FB917D): 9
LogInit: Presizing for max 16777216 objects, including 0 objects not considered by GC, pre-allocating 0 bytes for permanent pool.
LogInit: Object subsystem initialized
LogConfig: Setting CVar [[con.DebugEarlyDefault:1]]
LogConfig: Setting CVar [[r.setres:1280x720]]
[2020.11.29-10.28.04:091][  0]LogConfig: Setting CVar [[r.VSync:0]]
[2020.11.29-10.28.04:092][  0]LogConfig: Setting CVar [[r.RHICmdBypass:0]]
[2020.11.29-10.28.04:093][  0]LogConfig: Applying CVar settings from Section [/Script/Engine.RendererSettings] File [C:/Users/User/Documents/GitHub/GoodiesAndGhouls/GhoulsAndGoodies/Saved/Config/Windows/Engine.ini]
[2020.11.29-10.28.04:093][  0]LogConfig: Setting CVar [[r.GPUCrashDebugging:0]]
[2020.11.29-10.28.04:093][  0]LogConfig: Setting CVar [[r.AllowStaticLighting:1]]
[2020.11.29-10.28.04:093][  0]LogConfig: Setting CVar [[r.DefaultFeature.AutoExposure:0]]
[2020.11.29-10.28.04:093][  0]LogConfig: Setting CVar [[r.CustomDepth:3]]
[2020.11.29-10.28.04:093][  0]LogConfig: Applying CVar settings from Section [/Script/Engine.RendererOverrideSettings] File [C:/Users/User/Documents/GitHub/GoodiesAndGhouls/GhoulsAndGoodies/Saved/Config/Windows/Engine.ini]
[2020.11.29-10.28.04:093][  0]LogConfig: Applying CVar settings from Section [/Script/Engine.StreamingSettings] File [C:/Users/User/Documents/GitHub/GoodiesAndGhouls/GhoulsAndGoodies/Saved/Config/Windows/Engine.ini]
[2020.11.29-10.28.04:093][  0]LogConfig: Setting CVar [[s.MinBulkDataSizeForAsyncLoading:131072]]
[2020.11.29-10.28.04:093][  0]LogConfig: Setting CVar [[s.AsyncLoadingThreadEnabled:0]]
[2020.11.29-10.28.04:093][  0]LogConfig: Setting CVar [[s.EventDrivenLoaderEnabled:1]]
[2020.11.29-10.28.04:093][  0]LogConfig: Setting CVar [[s.WarnIfTimeLimitExceeded:0]]
[2020.11.29-10.28.04:093][  0]LogConfig: Setting CVar [[s.TimeLimitExceededMultiplier:1.5]]
[2020.11.29-10.28.04:093][  0]LogConfig: Setting CVar [[s.TimeLimitExceededMinTime:0.005]]
[2020.11.29-10.28.04:093][  0]LogConfig: Setting CVar [[s.UseBackgroundLevelStreaming:1]]
[2020.11.29-10.28.04:093][  0]LogConfig: Setting CVar [[s.PriorityAsyncLoadingExtraTime:15.0]]
[2020.11.29-10.28.04:093][  0]LogConfig: Setting CVar [[s.LevelStreamingActorsUpdateTimeLimit:5.0]]
[2020.11.29-10.28.04:093][  0]LogConfig: Setting CVar [[s.PriorityLevelStreamingActorsUpdateExtraTime:5.0]]
[2020.11.29-10.28.04:093][  0]LogConfig: Setting CVar [[s.LevelStreamingComponentsRegistrationGranularity:10]]
[2020.11.29-10.28.04:093][  0]LogConfig: Setting CVar [[s.UnregisterComponentsTimeLimit:1.0]]
[2020.11.29-10.28.04:093][  0]LogConfig: Setting CVar [[s.LevelStreamingComponentsUnregistrationGranularity:5]]
[2020.11.29-10.28.04:093][  0]LogConfig: Applying CVar settings from Section [/Script/Engine.GarbageCollectionSettings] File [C:/Users/User/Documents/GitHub/GoodiesAndGhouls/GhoulsAndGoodies/Saved/Config/Windows/Engine.ini]
[2020.11.29-10.28.04:093][  0]LogConfig: Setting CVar [[gc.MaxObjectsNotConsideredByGC:1]]
[2020.11.29-10.28.04:093][  0]LogConfig: Setting CVar [[gc.SizeOfPermanentObjectPool:0]]
[2020.11.29-10.28.04:093][  0]LogConfig: Setting CVar [[gc.FlushStreamingOnGC:0]]
[2020.11.29-10.28.04:093][  0]LogConfig: Setting CVar [[gc.NumRetriesBeforeForcingGC:10]]
[2020.11.29-10.28.04:093][  0]LogConfig: Setting CVar [[gc.AllowParallelGC:1]]
[2020.11.29-10.28.04:093][  0]LogConfig: Setting CVar [[gc.TimeBetweenPurgingPendingKillObjects:61.1]]
[2020.11.29-10.28.04:093][  0]LogConfig: Setting CVar [[gc.MaxObjectsInEditor:16777216]]
[2020.11.29-10.28.04:093][  0]LogConfig: Setting CVar [[gc.IncrementalBeginDestroyEnabled:1]]
[2020.11.29-10.28.04:093][  0]LogConfig: Setting CVar [[gc.CreateGCClusters:1]]
[2020.11.29-10.28.04:093][  0]LogConfig: Setting CVar [[gc.MinGCClusterSize:5]]
[2020.11.29-10.28.04:093][  0]LogConfig: Setting CVar [[gc.ActorClusteringEnabled:0]]
[2020.11.29-10.28.04:093][  0]LogConfig: Setting CVar [[gc.BlueprintClusteringEnabled:0]]
[2020.11.29-10.28.04:093][  0]LogConfig: Setting CVar [[gc.UseDisregardForGCOnDedicatedServers:0]]
[2020.11.29-10.28.04:093][  0]LogConfig: Applying CVar settings from Section [/Script/Engine.NetworkSettings] File [C:/Users/User/Documents/GitHub/GoodiesAndGhouls/GhoulsAndGoodies/Saved/Config/Windows/Engine.ini]
[2020.11.29-10.28.04:093][  0]LogConfig: Applying CVar settings from Section [/Script/UnrealEd.CookerSettings] File [C:/Users/User/Documents/GitHub/GoodiesAndGhouls/GhoulsAndGoodies/Saved/Config/Windows/Engine.ini]
[2020.11.29-10.28.04:105][  0]LogConfig: Applying CVar settings from Section [ViewDistanceQuality@3] File [C:/Users/User/Documents/GitHub/GoodiesAndGhouls/GhoulsAndGoodies/Saved/Config/Windows/Scalability.ini]
[2020.11.29-10.28.04:105][  0]LogConfig: Setting CVar [[r.SkeletalMeshLODBias:0]]
[2020.11.29-10.28.04:105][  0]LogConfig: Setting CVar [[r.ViewDistanceScale:1.0]]
[2020.11.29-10.28.04:105][  0]LogConfig: Applying CVar settings from Section [AntiAliasingQuality@3] File [C:/Users/User/Documents/GitHub/GoodiesAndGhouls/GhoulsAndGoodies/Saved/Config/Windows/Scalability.ini]
[2020.11.29-10.28.04:105][  0]LogConfig: Setting CVar [[r.PostProcessAAQuality:4]]
[2020.11.29-10.28.04:105][  0]LogConfig: Applying CVar settings from Section [ShadowQuality@3] File [C:/Users/User/Documents/GitHub/GoodiesAndGhouls/GhoulsAndGoodies/Saved/Config/Windows/Scalability.ini]
[2020.11.29-10.28.04:105][  0]LogConfig: Setting CVar [[r.LightFunctionQuality:1]]
[2020.11.29-10.28.04:105][  0]LogConfig: Setting CVar [[r.ShadowQuality:5]]
[2020.11.29-10.28.04:105][  0]LogConfig: Setting CVar [[r.Shadow.CSM.MaxCascades:10]]
[2020.11.29-10.28.04:105][  0]LogConfig: Setting CVar [[r.Shadow.MaxResolution:2048]]
[2020.11.29-10.28.04:105][  0]LogConfig: Setting CVar [[r.Shadow.MaxCSMResolution:2048]]
[2020.11.29-10.28.04:105][  0]LogConfig: Setting CVar [[r.Shadow.RadiusThreshold:0.01]]
[2020.11.29-10.28.04:105][  0]LogConfig: Setting CVar [[r.Shadow.DistanceScale:1.0]]
[2020.11.29-10.28.04:105][  0]LogConfig: Setting CVar [[r.Shadow.CSM.TransitionScale:1.0]]
[2020.11.29-10.28.04:105][  0]LogConfig: Setting CVar [[r.Shadow.PreShadowResolutionFactor:1.0]]
[2020.11.29-10.28.04:105][  0]LogConfig: Setting CVar [[r.DistanceFieldShadowing:1]]
[2020.11.29-10.28.04:105][  0]LogConfig: Setting CVar [[r.DistanceFieldAO:1]]
[2020.11.29-10.28.04:105][  0]LogConfig: Setting CVar [[r.AOQuality:2]]
[2020.11.29-10.28.04:105][  0]LogConfig: Setting CVar [[r.VolumetricFog:1]]
[2020.11.29-10.28.04:105][  0]LogConfig: Setting CVar [[r.VolumetricFog.GridPixelSize:8]]
[2020.11.29-10.28.04:105][  0]LogConfig: Setting CVar [[r.VolumetricFog.GridSizeZ:128]]
[2020.11.29-10.28.04:105][  0]LogConfig: Setting CVar [[r.VolumetricFog.HistoryMissSupersampleCount:4]]
[2020.11.29-10.28.04:105][  0]LogConfig: Setting CVar [[r.LightMaxDrawDistanceScale:1]]
[2020.11.29-10.28.04:105][  0]LogConfig: Setting CVar [[r.CapsuleShadows:1]]
[2020.11.29-10.28.04:105][  0]LogConfig: Applying CVar settings from Section [PostProcessQuality@3] File [C:/Users/User/Documents/GitHub/GoodiesAndGhouls/GhoulsAndGoodies/Saved/Config/Windows/Scalability.ini]
[2020.11.29-10.28.04:105][  0]LogConfig: Setting CVar [[r.MotionBlurQuality:4]]
[2020.11.29-10.28.04:105][  0]LogConfig: Setting CVar [[r.AmbientOcclusionMipLevelFactor:0.4]]
[2020.11.29-10.28.04:105][  0]LogConfig: Setting CVar [[r.AmbientOcclusionMaxQuality:100]]
[2020.11.29-10.28.04:105][  0]LogConfig: Setting CVar [[r.AmbientOcclusionLevels:-1]]
[2020.11.29-10.28.04:105][  0]LogConfig: Setting CVar [[r.AmbientOcclusionRadiusScale:1.0]]
[2020.11.29-10.28.04:105][  0]LogConfig: Setting CVar [[r.DepthOfFieldQuality:2]]
[2020.11.29-10.28.04:105][  0]LogConfig: Setting CVar [[r.RenderTargetPoolMin:400]]
[2020.11.29-10.28.04:105][  0]LogConfig: Setting CVar [[r.LensFlareQuality:2]]
[2020.11.29-10.28.04:105][  0]LogConfig: Setting CVar [[r.SceneColorFringeQuality:1]]
[2020.11.29-10.28.04:105][  0]LogConfig: Setting CVar [[r.EyeAdaptationQuality:2]]
[2020.11.29-10.28.04:105][  0]LogConfig: Setting CVar [[r.BloomQuality:5]]
[2020.11.29-10.28.04:105][  0]LogConfig: Setting CVar [[r.FastBlurThreshold:100]]
[2020.11.29-10.28.04:105][  0]LogConfig: Setting CVar [[r.Upscale.Quality:3]]
[2020.11.29-10.28.04:105][  0]LogConfig: Setting CVar [[r.Tonemapper.GrainQuantization:1]]
[2020.11.29-10.28.04:105][  0]LogConfig: Setting CVar [[r.LightShaftQuality:1]]
[2020.11.29-10.28.04:105][  0]LogConfig: Setting CVar [[r.Filter.SizeScale:1]]
[2020.11.29-10.28.04:105][  0]LogConfig: Setting CVar [[r.Tonemapper.Quality:5]]
[2020.11.29-10.28.04:105][  0]LogConfig: Setting CVar [[r.DOF.Gather.AccumulatorQuality:1        ; higher gathering accumulator quality]]
[2020.11.29-10.28.04:105][  0]LogConfig: Setting CVar [[r.DOF.Gather.PostfilterMethod:1          ; Median3x3 postfilering method]]
[2020.11.29-10.28.04:105][  0]LogConfig: Setting CVar [[r.DOF.Gather.EnableBokehSettings:0       ; no bokeh simulation when gathering]]
[2020.11.29-10.28.04:105][  0]LogConfig: Setting CVar [[r.DOF.Gather.RingCount:4                 ; medium number of samples when gathering]]
[2020.11.29-10.28.04:105][  0]LogConfig: Setting CVar [[r.DOF.Scatter.ForegroundCompositing:1    ; additive foreground scattering]]
[2020.11.29-10.28.04:105][  0]LogConfig: Setting CVar [[r.DOF.Scatter.BackgroundCompositing:2    ; additive background scattering]]
[2020.11.29-10.28.04:105][  0]LogConfig: Setting CVar [[r.DOF.Scatter.EnableBokehSettings:1      ; bokeh simulation when scattering]]
[2020.11.29-10.28.04:105][  0]LogConfig: Setting CVar [[r.DOF.Scatter.MaxSpriteRatio:0.1         ; only a maximum of 10% of scattered bokeh]]
[2020.11.29-10.28.04:105][  0]LogConfig: Setting CVar [[r.DOF.Recombine.Quality:1                ; cheap slight out of focus]]
[2020.11.29-10.28.04:105][  0]LogConfig: Setting CVar [[r.DOF.Recombine.EnableBokehSettings:0    ; no bokeh simulation on slight out of focus]]
[2020.11.29-10.28.04:105][  0]LogConfig: Setting CVar [[r.DOF.TemporalAAQuality:1                ; more stable temporal accumulation]]
[2020.11.29-10.28.04:105][  0]LogConfig: Setting CVar [[r.DOF.Kernel.MaxForegroundRadius:0.025]]
[2020.11.29-10.28.04:105][  0]LogConfig: Setting CVar [[r.DOF.Kernel.MaxBackgroundRadius:0.025]]
[2020.11.29-10.28.04:105][  0]LogConfig: Applying CVar settings from Section [TextureQuality@3] File [C:/Users/User/Documents/GitHub/GoodiesAndGhouls/GhoulsAndGoodies/Saved/Config/Windows/Scalability.ini]
[2020.11.29-10.28.04:105][  0]LogConfig: Setting CVar [[r.Streaming.MipBias:0]]
[2020.11.29-10.28.04:106][  0]LogConfig: Setting CVar [[r.Streaming.AmortizeCPUToGPUCopy:0]]
[2020.11.29-10.28.04:106][  0]LogConfig: Setting CVar [[r.Streaming.MaxNumTexturesToStreamPerFrame:0]]
[2020.11.29-10.28.04:106][  0]LogConfig: Setting CVar [[r.Streaming.Boost:1]]
[2020.11.29-10.28.04:106][  0]LogConfig: Setting CVar [[r.MaxAnisotropy:8]]
[2020.11.29-10.28.04:106][  0]LogConfig: Setting CVar [[r.Streaming.LimitPoolSizeToVRAM:0]]
[2020.11.29-10.28.04:106][  0]LogConfig: Setting CVar [[r.Streaming.PoolSize:1000]]
[2020.11.29-10.28.04:106][  0]LogConfig: Setting CVar [[r.Streaming.MaxEffectiveScreenSize:0]]
[2020.11.29-10.28.04:106][  0]LogConfig: Applying CVar settings from Section [EffectsQuality@3] File [C:/Users/User/Documents/GitHub/GoodiesAndGhouls/GhoulsAndGoodies/Saved/Config/Windows/Scalability.ini]
[2020.11.29-10.28.04:106][  0]LogConfig: Setting CVar [[r.TranslucencyLightingVolumeDim:64]]
[2020.11.29-10.28.04:106][  0]LogConfig: Setting CVar [[r.RefractionQuality:2]]
[2020.11.29-10.28.04:106][  0]LogConfig: Setting CVar [[r.SSR.Quality:3]]
[2020.11.29-10.28.04:106][  0]LogConfig: Setting CVar [[r.SceneColorFormat:4]]
[2020.11.29-10.28.04:106][  0]LogConfig: Setting CVar [[r.DetailMode:2]]
[2020.11.29-10.28.04:106][  0]LogConfig: Setting CVar [[r.TranslucencyVolumeBlur:1]]
[2020.11.29-10.28.04:106][  0]LogConfig: Setting CVar [[r.MaterialQualityLevel:1 ; High quality]]
[2020.11.29-10.28.04:106][  0]LogConfig: Setting CVar [[r.SSS.Scale:1]]
[2020.11.29-10.28.04:106][  0]LogConfig: Setting CVar [[r.SSS.SampleSet:2]]
[2020.11.29-10.28.04:106][  0]LogConfig: Setting CVar [[r.SSS.Quality:1]]
[2020.11.29-10.28.04:106][  0]LogConfig: Setting CVar [[r.SSS.HalfRes:1]]
[2020.11.29-10.28.04:106][  0]LogConfig: Setting CVar [[r.EmitterSpawnRateScale:1.0]]
[2020.11.29-10.28.04:106][  0]LogConfig: Setting CVar [[r.ParticleLightQuality:2]]
[2020.11.29-10.28.04:106][  0]LogConfig: Applying CVar settings from Section [FoliageQuality@3] File [C:/Users/User/Documents/GitHub/GoodiesAndGhouls/GhoulsAndGoodies/Saved/Config/Windows/Scalability.ini]
[2020.11.29-10.28.04:106][  0]LogConfig: Setting CVar [[foliage.DensityScale:1.0]]
[2020.11.29-10.28.04:106][  0]LogConfig: Setting CVar [[grass.DensityScale:1.0]]
[2020.11.29-10.28.04:107][  0]LogInit: Selected Device Profile: [Windows]
[2020.11.29-10.28.04:108][  0]LogInit: Applying CVar settings loaded from the selected device profile: [Windows]
[2020.11.29-10.28.04:120][  0]LogHAL: Display: Platform has ~ 16 GB [17130606592 / 17179869184 / 16], which maps to Larger [LargestMinGB=32, LargerMinGB=12, DefaultMinGB=8, SmallerMinGB=6, SmallestMinGB=0)
[2020.11.29-10.28.04:120][  0]LogInit: Going up to parent DeviceProfile []
[2020.11.29-10.28.04:121][  0]LogConfig: Applying CVar settings from Section [ViewDistanceQuality@3] File [C:/Users/User/Documents/GitHub/GoodiesAndGhouls/GhoulsAndGoodies/Saved/Config/Windows/Scalability.ini]
[2020.11.29-10.28.04:121][  0]LogConfig: Setting CVar [[r.SkeletalMeshLODBias:0]]
[2020.11.29-10.28.04:121][  0]LogConfig: Setting CVar [[r.ViewDistanceScale:1.0]]
[2020.11.29-10.28.04:121][  0]LogConfig: Applying CVar settings from Section [AntiAliasingQuality@3] File [C:/Users/User/Documents/GitHub/GoodiesAndGhouls/GhoulsAndGoodies/Saved/Config/Windows/Scalability.ini]
[2020.11.29-10.28.04:121][  0]LogConfig: Setting CVar [[r.PostProcessAAQuality:4]]
[2020.11.29-10.28.04:121][  0]LogConfig: Applying CVar settings from Section [ShadowQuality@3] File [C:/Users/User/Documents/GitHub/GoodiesAndGhouls/GhoulsAndGoodies/Saved/Config/Windows/Scalability.ini]
[2020.11.29-10.28.04:121][  0]LogConfig: Setting CVar [[r.LightFunctionQuality:1]]
[2020.11.29-10.28.04:121][  0]LogConfig: Setting CVar [[r.ShadowQuality:5]]
[2020.11.29-10.28.04:121][  0]LogConfig: Setting CVar [[r.Shadow.CSM.MaxCascades:10]]
[2020.11.29-10.28.04:121][  0]LogConfig: Setting CVar [[r.Shadow.MaxResolution:2048]]
[2020.11.29-10.28.04:121][  0]LogConfig: Setting CVar [[r.Shadow.MaxCSMResolution:2048]]
[2020.11.29-10.28.04:121][  0]LogConfig: Setting CVar [[r.Shadow.RadiusThreshold:0.01]]
[2020.11.29-10.28.04:121][  0]LogConfig: Setting CVar [[r.Shadow.DistanceScale:1.0]]
[2020.11.29-10.28.04:121][  0]LogConfig: Setting CVar [[r.Shadow.CSM.TransitionScale:1.0]]
[2020.11.29-10.28.04:121][  0]LogConfig: Setting CVar [[r.Shadow.PreShadowResolutionFactor:1.0]]
[2020.11.29-10.28.04:121][  0]LogConfig: Setting CVar [[r.DistanceFieldShadowing:1]]
[2020.11.29-10.28.04:121][  0]LogConfig: Setting CVar [[r.DistanceFieldAO:1]]
[2020.11.29-10.28.04:121][  0]LogConfig: Setting CVar [[r.AOQuality:2]]
[2020.11.29-10.28.04:121][  0]LogConfig: Setting CVar [[r.VolumetricFog:1]]
[2020.11.29-10.28.04:121][  0]LogConfig: Setting CVar [[r.VolumetricFog.GridPixelSize:8]]
[2020.11.29-10.28.04:121][  0]LogConfig: Setting CVar [[r.VolumetricFog.GridSizeZ:128]]
[2020.11.29-10.28.04:121][  0]LogConfig: Setting CVar [[r.VolumetricFog.HistoryMissSupersampleCount:4]]
[2020.11.29-10.28.04:121][  0]LogConfig: Setting CVar [[r.LightMaxDrawDistanceScale:1]]
[2020.11.29-10.28.04:121][  0]LogConfig: Setting CVar [[r.CapsuleShadows:1]]
[2020.11.29-10.28.04:121][  0]LogConfig: Applying CVar settings from Section [PostProcessQuality@3] File [C:/Users/User/Documents/GitHub/GoodiesAndGhouls/GhoulsAndGoodies/Saved/Config/Windows/Scalability.ini]
[2020.11.29-10.28.04:121][  0]LogConfig: Setting CVar [[r.MotionBlurQuality:4]]
[2020.11.29-10.28.04:121][  0]LogConfig: Setting CVar [[r.AmbientOcclusionMipLevelFactor:0.4]]
[2020.11.29-10.28.04:121][  0]LogConfig: Setting CVar [[r.AmbientOcclusionMaxQuality:100]]
[2020.11.29-10.28.04:121][  0]LogConfig: Setting CVar [[r.AmbientOcclusionLevels:-1]]
[2020.11.29-10.28.04:121][  0]LogConfig: Setting CVar [[r.AmbientOcclusionRadiusScale:1.0]]
[2020.11.29-10.28.04:121][  0]LogConfig: Setting CVar [[r.DepthOfFieldQuality:2]]
[2020.11.29-10.28.04:121][  0]LogConfig: Setting CVar [[r.RenderTargetPoolMin:400]]
[2020.11.29-10.28.04:122][  0]LogConfig: Setting CVar [[r.LensFlareQuality:2]]
[2020.11.29-10.28.04:122][  0]LogConfig: Setting CVar [[r.SceneColorFringeQuality:1]]
[2020.11.29-10.28.04:122][  0]LogConfig: Setting CVar [[r.EyeAdaptationQuality:2]]
[2020.11.29-10.28.04:122][  0]LogConfig: Setting CVar [[r.BloomQuality:5]]
[2020.11.29-10.28.04:122][  0]LogConfig: Setting CVar [[r.FastBlurThreshold:100]]
[2020.11.29-10.28.04:122][  0]LogConfig: Setting CVar [[r.Upscale.Quality:3]]
[2020.11.29-10.28.04:122][  0]LogConfig: Setting CVar [[r.Tonemapper.GrainQuantization:1]]
[2020.11.29-10.28.04:122][  0]LogConfig: Setting CVar [[r.LightShaftQuality:1]]
[2020.11.29-10.28.04:122][  0]LogConfig: Setting CVar [[r.Filter.SizeScale:1]]
[2020.11.29-10.28.04:122][  0]LogConfig: Setting CVar [[r.Tonemapper.Quality:5]]
[2020.11.29-10.28.04:122][  0]LogConfig: Setting CVar [[r.DOF.Gather.AccumulatorQuality:1        ; higher gathering accumulator quality]]
[2020.11.29-10.28.04:122][  0]LogConfig: Setting CVar [[r.DOF.Gather.PostfilterMethod:1          ; Median3x3 postfilering method]]
[2020.11.29-10.28.04:122][  0]LogConfig: Setting CVar [[r.DOF.Gather.EnableBokehSettings:0       ; no bokeh simulation when gathering]]
[2020.11.29-10.28.04:122][  0]LogConfig: Setting CVar [[r.DOF.Gather.RingCount:4                 ; medium number of samples when gathering]]
[2020.11.29-10.28.04:122][  0]LogConfig: Setting CVar [[r.DOF.Scatter.ForegroundCompositing:1    ; additive foreground scattering]]
[2020.11.29-10.28.04:122][  0]LogConfig: Setting CVar [[r.DOF.Scatter.BackgroundCompositing:2    ; additive background scattering]]
[2020.11.29-10.28.04:122][  0]LogConfig: Setting CVar [[r.DOF.Scatter.EnableBokehSettings:1      ; bokeh simulation when scattering]]
[2020.11.29-10.28.04:122][  0]LogConfig: Setting CVar [[r.DOF.Scatter.MaxSpriteRatio:0.1         ; only a maximum of 10% of scattered bokeh]]
[2020.11.29-10.28.04:122][  0]LogConfig: Setting CVar [[r.DOF.Recombine.Quality:1                ; cheap slight out of focus]]
[2020.11.29-10.28.04:122][  0]LogConfig: Setting CVar [[r.DOF.Recombine.EnableBokehSettings:0    ; no bokeh simulation on slight out of focus]]
[2020.11.29-10.28.04:122][  0]LogConfig: Setting CVar [[r.DOF.TemporalAAQuality:1                ; more stable temporal accumulation]]
[2020.11.29-10.28.04:122][  0]LogConfig: Setting CVar [[r.DOF.Kernel.MaxForegroundRadius:0.025]]
[2020.11.29-10.28.04:122][  0]LogConfig: Setting CVar [[r.DOF.Kernel.MaxBackgroundRadius:0.025]]
[2020.11.29-10.28.04:122][  0]LogConfig: Applying CVar settings from Section [TextureQuality@3] File [C:/Users/User/Documents/GitHub/GoodiesAndGhouls/GhoulsAndGoodies/Saved/Config/Windows/Scalability.ini]
[2020.11.29-10.28.04:122][  0]LogConfig: Setting CVar [[r.Streaming.MipBias:0]]
[2020.11.29-10.28.04:122][  0]LogConfig: Setting CVar [[r.Streaming.AmortizeCPUToGPUCopy:0]]
[2020.11.29-10.28.04:122][  0]LogConfig: Setting CVar [[r.Streaming.MaxNumTexturesToStreamPerFrame:0]]
[2020.11.29-10.28.04:122][  0]LogConfig: Setting CVar [[r.Streaming.Boost:1]]
[2020.11.29-10.28.04:122][  0]LogConfig: Setting CVar [[r.MaxAnisotropy:8]]
[2020.11.29-10.28.04:122][  0]LogConfig: Setting CVar [[r.Streaming.LimitPoolSizeToVRAM:0]]
[2020.11.29-10.28.04:122][  0]LogConfig: Setting CVar [[r.Streaming.PoolSize:1000]]
[2020.11.29-10.28.04:122][  0]LogConfig: Setting CVar [[r.Streaming.MaxEffectiveScreenSize:0]]
[2020.11.29-10.28.04:122][  0]LogConfig: Applying CVar settings from Section [EffectsQuality@3] File [C:/Users/User/Documents/GitHub/GoodiesAndGhouls/GhoulsAndGoodies/Saved/Config/Windows/Scalability.ini]
[2020.11.29-10.28.04:122][  0]LogConfig: Setting CVar [[r.TranslucencyLightingVolumeDim:64]]
[2020.11.29-10.28.04:122][  0]LogConfig: Setting CVar [[r.RefractionQuality:2]]
[2020.11.29-10.28.04:122][  0]LogConfig: Setting CVar [[r.SSR.Quality:3]]
[2020.11.29-10.28.04:122][  0]LogConfig: Setting CVar [[r.SceneColorFormat:4]]
[2020.11.29-10.28.04:122][  0]LogConfig: Setting CVar [[r.DetailMode:2]]
[2020.11.29-10.28.04:122][  0]LogConfig: Setting CVar [[r.TranslucencyVolumeBlur:1]]
[2020.11.29-10.28.04:122][  0]LogConfig: Setting CVar [[r.MaterialQualityLevel:1 ; High quality]]
[2020.11.29-10.28.04:122][  0]LogConfig: Setting CVar [[r.SSS.Scale:1]]
[2020.11.29-10.28.04:122][  0]LogConfig: Setting CVar [[r.SSS.SampleSet:2]]
[2020.11.29-10.28.04:122][  0]LogConfig: Setting CVar [[r.SSS.Quality:1]]
[2020.11.29-10.28.04:122][  0]LogConfig: Setting CVar [[r.SSS.HalfRes:1]]
[2020.11.29-10.28.04:122][  0]LogConfig: Setting CVar [[r.EmitterSpawnRateScale:1.0]]
[2020.11.29-10.28.04:122][  0]LogConfig: Setting CVar [[r.ParticleLightQuality:2]]
[2020.11.29-10.28.04:122][  0]LogConfig: Applying CVar settings from Section [FoliageQuality@3] File [C:/Users/User/Documents/GitHub/GoodiesAndGhouls/GhoulsAndGoodies/Saved/Config/Windows/Scalability.ini]
[2020.11.29-10.28.04:122][  0]LogConfig: Setting CVar [[foliage.DensityScale:1.0]]
[2020.11.29-10.28.04:122][  0]LogConfig: Setting CVar [[grass.DensityScale:1.0]]
[2020.11.29-10.28.04:122][  0]LogConfig: Applying CVar settings from Section [Startup] File [../../../Engine/Config/ConsoleVariables.ini]
[2020.11.29-10.28.04:122][  0]LogConfig: Setting CVar [[net.UseAdaptiveNetUpdateFrequency:0]]
[2020.11.29-10.28.04:122][  0]LogConfig: Setting CVar [[p.chaos.AllowCreatePhysxBodies:1]]
[2020.11.29-10.28.04:122][  0]LogConfig: Applying CVar settings from Section [ConsoleVariables] File [C:/Users/User/Documents/GitHub/GoodiesAndGhouls/GhoulsAndGoodies/Saved/Config/Windows/Engine.ini]
[2020.11.29-10.28.04:123][  0]LogInit: Computer: DESKTOP-7TJ0C06
[2020.11.29-10.28.04:123][  0]LogInit: User: User
[2020.11.29-10.28.04:123][  0]LogInit: CPU Page size=4096, Cores=4
[2020.11.29-10.28.04:123][  0]LogInit: High frequency timer resolution =10.000000 MHz
[2020.11.29-10.28.04:124][  0]LogMemory: Memory total: Physical=16.0GB (16GB approx)
[2020.11.29-10.28.04:124][  0]LogMemory: Platform Memory Stats for Windows
[2020.11.29-10.28.04:124][  0]LogMemory: Process Physical Memory: 105.66 MB used, 105.66 MB peak
[2020.11.29-10.28.04:124][  0]LogMemory: Process Virtual Memory: 89.11 MB used, 89.11 MB peak
[2020.11.29-10.28.04:124][  0]LogMemory: Physical Memory: 7750.55 MB used,  8586.47 MB free, 16337.02 MB total
[2020.11.29-10.28.04:124][  0]LogMemory: Virtual Memory: 4705.38 MB used,  134213024.00 MB free, 134217728.00 MB total
[2020.11.29-10.28.04:128][  0]LogWindows: WindowsPlatformFeatures enabled
[2020.11.29-10.28.04:411][  0]LogInit: Using OS detected language (en-GB).
[2020.11.29-10.28.04:411][  0]LogInit: Using OS detected locale (en-AU).
[2020.11.29-10.28.04:415][  0]LogTextLocalizationManager: No specific localization for 'en-GB' exists, so the 'en' localization will be used.
[2020.11.29-10.28.04:723][  0]LogInit: Setting process to per monitor DPI aware
[2020.11.29-10.28.04:862][  0]LogSlate: New Slate User Created.  User Index 0, Is Virtual User: 0
[2020.11.29-10.28.04:862][  0]LogSlate: Slate User Registered.  User Index 0, Is Virtual User: 0
[2020.11.29-10.28.07:574][  0]LogHMD: Failed to initialize OpenVR with code 110
[2020.11.29-10.28.07:574][  0]LogD3D11RHI: D3D11 adapters:
[2020.11.29-10.28.07:715][  0]LogD3D11RHI:    0. 'NVIDIA GeForce GTX 1060 6GB' (Feature Level 11_0)
[2020.11.29-10.28.07:715][  0]LogD3D11RHI:       6052/0/8168 MB DedicatedVideo/DedicatedSystem/SharedSystem, Outputs:2, VendorId:0x10de
[2020.11.29-10.28.07:717][  0]LogD3D11RHI:    1. 'Microsoft Basic Render Driver' (Feature Level 11_0)
[2020.11.29-10.28.07:718][  0]LogD3D11RHI:       0/0/8168 MB DedicatedVideo/DedicatedSystem/SharedSystem, Outputs:0, VendorId:0x1414
[2020.11.29-10.28.07:718][  0]LogD3D11RHI: Chosen D3D11 Adapter: 0
[2020.11.29-10.28.07:727][  0]LogD3D11RHI: Creating new Direct3DDevice
[2020.11.29-10.28.07:727][  0]LogD3D11RHI:     GPU DeviceId: 0x1c03 (for the marketing name, search the web for "GPU Device Id")
[2020.11.29-10.28.07:727][  0]LogWindows: EnumDisplayDevices:
[2020.11.29-10.28.07:727][  0]LogWindows:    0. 'NVIDIA GeForce GTX 1060 6GB' (P:1 D:1)
[2020.11.29-10.28.07:727][  0]LogWindows:    1. 'NVIDIA GeForce GTX 1060 6GB' (P:0 D:1)
[2020.11.29-10.28.07:728][  0]LogWindows:    2. 'NVIDIA GeForce GTX 1060 6GB' (P:0 D:0)
[2020.11.29-10.28.07:728][  0]LogWindows:    3. 'NVIDIA GeForce GTX 1060 6GB' (P:0 D:0)
[2020.11.29-10.28.07:728][  0]LogWindows: DebugString: FoundDriverCount:4 
[2020.11.29-10.28.07:728][  0]LogD3D11RHI:     Adapter Name: NVIDIA GeForce GTX 1060 6GB
[2020.11.29-10.28.07:729][  0]LogD3D11RHI:   Driver Version: 457.30 (internal:27.21.14.5730, unified:457.30)
[2020.11.29-10.28.07:729][  0]LogD3D11RHI:      Driver Date: 11-6-2020
[2020.11.29-10.28.07:729][  0]LogRHI: Texture pool is 4236 MB (70% of 6052 MB)
[2020.11.29-10.28.07:787][  0]LogD3D11RHI: Async texture creation enabled
[2020.11.29-10.28.07:836][  0]LogD3D11RHI: GPU Timing Frequency: 1000.000000 (Debug: 2 1)
[2020.11.29-10.28.08:191][  0]LogTemp: Display: Module 'AllDesktopTargetPlatform' loaded TargetPlatform 'AllDesktop'
[2020.11.29-10.28.08:202][  0]LogTemp: Display: Module 'MacClientTargetPlatform' loaded TargetPlatform 'MacClient'
[2020.11.29-10.28.08:214][  0]LogTemp: Display: Module 'MacNoEditorTargetPlatform' loaded TargetPlatform 'MacNoEditor'
[2020.11.29-10.28.08:225][  0]LogTemp: Display: Module 'MacServerTargetPlatform' loaded TargetPlatform 'MacServer'
[2020.11.29-10.28.08:243][  0]LogTemp: Display: Module 'MacTargetPlatform' loaded TargetPlatform 'Mac'
[2020.11.29-10.28.08:255][  0]LogTemp: Display: Module 'WindowsClientTargetPlatform' loaded TargetPlatform 'WindowsClient'
[2020.11.29-10.28.08:267][  0]LogTemp: Display: Module 'WindowsNoEditorTargetPlatform' loaded TargetPlatform 'WindowsNoEditor'
[2020.11.29-10.28.08:277][  0]LogTemp: Display: Module 'WindowsServerTargetPlatform' loaded TargetPlatform 'WindowsServer'
[2020.11.29-10.28.08:285][  0]LogTemp: Display: Module 'WindowsTargetPlatform' loaded TargetPlatform 'Windows'
[2020.11.29-10.28.08:327][  0]LogTemp: Display: Module 'AndroidTargetPlatform' loaded TargetPlatform 'Android'
[2020.11.29-10.28.08:327][  0]LogTemp: Display: Module 'AndroidTargetPlatform' loaded TargetPlatform 'Android_ASTC'
[2020.11.29-10.28.08:327][  0]LogTemp: Display: Module 'AndroidTargetPlatform' loaded TargetPlatform 'Android_ATC'
[2020.11.29-10.28.08:327][  0]LogTemp: Display: Module 'AndroidTargetPlatform' loaded TargetPlatform 'Android_DXT'
[2020.11.29-10.28.08:327][  0]LogTemp: Display: Module 'AndroidTargetPlatform' loaded TargetPlatform 'Android_ETC1'
[2020.11.29-10.28.08:327][  0]LogTemp: Display: Module 'AndroidTargetPlatform' loaded TargetPlatform 'Android_ETC1a'
[2020.11.29-10.28.08:327][  0]LogTemp: Display: Module 'AndroidTargetPlatform' loaded TargetPlatform 'Android_ETC2'
[2020.11.29-10.28.08:327][  0]LogTemp: Display: Module 'AndroidTargetPlatform' loaded TargetPlatform 'Android_PVRTC'
[2020.11.29-10.28.08:327][  0]LogTemp: Display: Module 'AndroidTargetPlatform' loaded TargetPlatform 'AndroidClient'
[2020.11.29-10.28.08:327][  0]LogTemp: Display: Module 'AndroidTargetPlatform' loaded TargetPlatform 'Android_ASTCClient'
[2020.11.29-10.28.08:327][  0]LogTemp: Display: Module 'AndroidTargetPlatform' loaded TargetPlatform 'Android_ATCClient'
[2020.11.29-10.28.08:327][  0]LogTemp: Display: Module 'AndroidTargetPlatform' loaded TargetPlatform 'Android_DXTClient'
[2020.11.29-10.28.08:327][  0]LogTemp: Display: Module 'AndroidTargetPlatform' loaded TargetPlatform 'Android_ETC1Client'
[2020.11.29-10.28.08:327][  0]LogTemp: Display: Module 'AndroidTargetPlatform' loaded TargetPlatform 'Android_ETC1aClient'
[2020.11.29-10.28.08:327][  0]LogTemp: Display: Module 'AndroidTargetPlatform' loaded TargetPlatform 'Android_ETC2Client'
[2020.11.29-10.28.08:327][  0]LogTemp: Display: Module 'AndroidTargetPlatform' loaded TargetPlatform 'Android_PVRTCClient'
[2020.11.29-10.28.08:327][  0]LogTemp: Display: Module 'AndroidTargetPlatform' loaded TargetPlatform 'Android_Multi'
[2020.11.29-10.28.08:327][  0]LogTemp: Display: Module 'AndroidTargetPlatform' loaded TargetPlatform 'Android_MultiClient'
[2020.11.29-10.28.08:332][  0]LogTemp: Display: Module 'HTML5TargetPlatform' loaded TargetPlatform 'HTML5'
[2020.11.29-10.28.08:368][  0]LogTemp: Display: Module 'IOSTargetPlatform' loaded TargetPlatform 'IOSClient'
[2020.11.29-10.28.08:368][  0]LogTemp: Display: Module 'IOSTargetPlatform' loaded TargetPlatform 'IOS'
[2020.11.29-10.28.08:383][  0]LogTemp: Display: Module 'TVOSTargetPlatform' loaded TargetPlatform 'TVOSClient'
[2020.11.29-10.28.08:383][  0]LogTemp: Display: Module 'TVOSTargetPlatform' loaded TargetPlatform 'TVOS'
[2020.11.29-10.28.08:397][  0]LogTemp: Display: Module 'LinuxClientTargetPlatform' loaded TargetPlatform 'LinuxClient'
[2020.11.29-10.28.08:406][  0]LogTemp: Display: Module 'LinuxNoEditorTargetPlatform' loaded TargetPlatform 'LinuxNoEditor'
[2020.11.29-10.28.08:416][  0]LogTemp: Display: Module 'LinuxServerTargetPlatform' loaded TargetPlatform 'LinuxServer'
[2020.11.29-10.28.08:435][  0]LogTemp: Display: Module 'LinuxTargetPlatform' loaded TargetPlatform 'Linux'
[2020.11.29-10.28.08:465][  0]LogTemp: Display: Module 'LuminTargetPlatform' loaded TargetPlatform 'Lumin'
[2020.11.29-10.28.08:465][  0]LogTemp: Display: Module 'LuminTargetPlatform' loaded TargetPlatform 'LuminClient'
[2020.11.29-10.28.08:465][  0]LogTargetPlatformManager: Display: Building Assets For Windows
[2020.11.29-10.28.08:516][  0]LogAudioDebug: Display: Lib vorbis DLL was dynamically loaded.
[2020.11.29-10.28.08:684][  0]LogShaderCompilers: Guid format shader working directory is -35 characters bigger than the processId version (../../../../../../Users/User/Documents/GitHub/GoodiesAndGhouls/GhoulsAndGoodies/Intermediate/Shaders/WorkingDirectory/12576/).
[2020.11.29-10.28.08:684][  0]LogShaderCompilers: Cleaned the shader compiler working directory 'C:/Users/User/AppData/Local/Temp/UnrealShaderWorkingDir/27653297419AC60127F4AD90C17A9250/'.
[2020.11.29-10.28.08:690][  0]LogXGEController: Cleaning working directory: C:/Users/User/AppData/Local/Temp/UnrealXGEWorkingDir/
[2020.11.29-10.28.08:690][  0]LogXGEController: Cannot use XGE Controller as Incredibuild is not installed on this machine.
[2020.11.29-10.28.08:690][  0]LogShaderCompilers: Cannot use XGE Shader Compiler as Incredibuild is not installed on this machine.
[2020.11.29-10.28.08:690][  0]LogShaderCompilers: Display: Using Local Shader Compiler.
[2020.11.29-10.28.11:720][  0]LogDerivedDataCache: Display: Max Cache Size: 512 MB
[2020.11.29-10.28.11:926][  0]LogDerivedDataCache: Loaded boot cache 0.21s 81MB C:/Users/User/AppData/Local/UnrealEngine/4.23/DerivedDataCache/Boot.ddc.
[2020.11.29-10.28.11:926][  0]LogDerivedDataCache: Display: Loaded Boot cache: C:/Users/User/AppData/Local/UnrealEngine/4.23/DerivedDataCache/Boot.ddc
[2020.11.29-10.28.11:926][  0]LogDerivedDataCache: FDerivedDataBackendGraph:  Pak pak cache file ../../../../../../Users/User/Documents/GitHub/GoodiesAndGhouls/GhoulsAndGoodies/DerivedDataCache/DDC.ddp not found, will not use a pak cache.
[2020.11.29-10.28.11:926][  0]LogDerivedDataCache: Unable to find inner node Pak for hierarchical cache Hierarchy.
[2020.11.29-10.28.11:926][  0]LogDerivedDataCache: FDerivedDataBackendGraph:  CompressedPak pak cache file ../../../../../../Users/User/Documents/GitHub/GoodiesAndGhouls/GhoulsAndGoodies/DerivedDataCache/Compressed.ddp not found, will not use a pak cache.
[2020.11.29-10.28.11:926][  0]LogDerivedDataCache: Unable to find inner node CompressedPak for hierarchical cache Hierarchy.
[2020.11.29-10.28.11:947][  0]LogDerivedDataCache: Display: Pak cache opened for reading ../../../Engine/DerivedDataCache/Compressed.ddp.
[2020.11.29-10.28.11:947][  0]LogDerivedDataCache: FDerivedDataBackendGraph:  EnterprisePak pak cache file ../../../Enterprise/DerivedDataCache/Compressed.ddp not found, will not use a pak cache.
[2020.11.29-10.28.11:947][  0]LogDerivedDataCache: Unable to find inner node EnterprisePak for hierarchical cache Hierarchy.
[2020.11.29-10.28.11:949][  0]LogDerivedDataCache: Using Local data cache path C:/Users/User/AppData/Local/UnrealEngine/Common/DerivedDataCache: Writable
[2020.11.29-10.28.11:949][  0]LogDerivedDataCache: Shared data cache path not found in *engine.ini, will not use an Shared cache.
[2020.11.29-10.28.11:949][  0]LogDerivedDataCache: Unable to find inner node Shared for hierarchical cache Hierarchy.
[2020.11.29-10.28.11:973][  0]LogMaterial: Verifying Global Shaders for PCD3D_SM5
[2020.11.29-10.28.11:985][  0]LogSlate: Using FreeType 2.6.0
[2020.11.29-10.28.12:003][  0]LogSlate: SlateFontServices - WITH_FREETYPE: 1, WITH_HARFBUZZ: 1
[2020.11.29-10.28.12:181][  0]LogAssetRegistry: FAssetRegistry took 0.0062 seconds to start up
[2020.11.29-10.28.12:759][  0]LogInit: Selected Device Profile: [Windows]
[2020.11.29-10.28.13:158][  0]LogMeshReduction: Using QuadricMeshReduction for automatic static mesh reduction
[2020.11.29-10.28.13:158][  0]LogMeshReduction: Using SimplygonMeshReduction for automatic skeletal mesh reduction
[2020.11.29-10.28.13:158][  0]LogMeshReduction: Using ProxyLODMeshReduction for automatic mesh merging
[2020.11.29-10.28.13:158][  0]LogMeshReduction: No distributed automatic mesh merging module available
[2020.11.29-10.28.13:159][  0]LogMeshMerging: No distributed automatic mesh merging module available
[2020.11.29-10.28.13:227][  0]LogNetVersion: GhoulsAndGoodies 1.0.0, NetCL: 8386587, EngineNetVer: 11, GameNetVer: 0 (Checksum: 1842056771)
[2020.11.29-10.28.14:500][  0]LogPackageLocalizationCache: Processed 12 localized package path(s) for 1 prioritized culture(s) in 0.058855 seconds
[2020.11.29-10.28.14:509][  0]LogUObjectArray: 43444 objects as part of root set at end of initial load.
[2020.11.29-10.28.14:509][  0]LogUObjectAllocator: 7548648 out of 0 bytes used by permanent object pool.
[2020.11.29-10.28.14:509][  0]LogUObjectArray: CloseDisregardForGC: 0/0 objects in disregard for GC pool
[2020.11.29-10.28.16:829][  0]LogTcpMessaging: Initializing TcpMessaging bridge
[2020.11.29-10.28.16:837][  0]LogUdpMessaging: Initializing bridge on interface 0.0.0.0:0 to multicast group 230.0.0.1:6666.
[2020.11.29-10.28.17:556][  0]LogScript: Warning: Script Msg: No world was found for object (/Script/GhoulsAndGoodies.Default__GhoulsAndGoodiesGameMode) passed in to UEngine::GetWorldFromContextObject().
[2020.11.29-10.28.18:267][  0]SourceControl: Source control is disabled
[2020.11.29-10.28.18:267][  0]SourceControl: Source control is disabled
[2020.11.29-10.28.18:283][  0]SourceControl: Source control is disabled
[2020.11.29-10.28.18:288][  0]SourceControl: Source control is disabled
[2020.11.29-10.28.18:602][  0]LogAndroidPermission: UAndroidPermissionCallbackProxy::GetInstance
[2020.11.29-10.28.18:843][  0]LogOcInput: OculusInput pre-init called
[2020.11.29-10.28.18:859][  0]LogWindows: Failed to load 'OVRPlugin.dll' (GetLastError=126)
[2020.11.29-10.28.18:859][  0]LogWindows: File 'OVRPlugin.dll' does not exist
[2020.11.29-10.28.19:009][  0]LogEngine: Initializing Engine...
[2020.11.29-10.28.19:011][  0]LogHMD: Failed to initialize OpenVR with code 110
[2020.11.29-10.28.19:017][  0]LogStats: UGameplayTagsManager::InitializeManager -  0.004 s
[2020.11.29-10.28.19:267][  0]LogInit: Initializing FReadOnlyCVARCache
[2020.11.29-10.28.19:323][  0]LogAIModule: Creating AISystem for world Untitled
[2020.11.29-10.28.19:365][  0]LogInit: XAudio2 using 'Speakers (Logitech G733 Gaming Headset)' : 6 channels at 44.1 kHz using 16 bits per sample (channel mask 0x3f)
[2020.11.29-10.28.19:389][  0]LogInit: FAudioDevice initialized.
[2020.11.29-10.28.19:390][  0]LogNetVersion: Set ProjectVersion to 1.0.0.0. Version Checksum will be recalculated on next use.
[2020.11.29-10.28.19:472][  0]LogDerivedDataCache: Saved boot cache 0.08s 81MB C:/Users/User/AppData/Local/UnrealEngine/4.23/DerivedDataCache/Boot.ddc.
[2020.11.29-10.28.19:480][  0]LogInit: Texture streaming: Enabled
[2020.11.29-10.28.19:517][  0]LogEngineSessionManager: EngineSessionManager initialized
[2020.11.29-10.28.19:517][  0]LogEditorSessionSummary: Verbose: Initializing EditorSessionSummaryWriter for editor session tracking
[2020.11.29-10.28.19:518][  0]LogEditorSessionSummary: EditorSessionSummaryWriter initialized
[2020.11.29-10.28.19:756][  0]LogInit: Transaction tracking system initialized
[2020.11.29-10.28.19:848][  0]BlueprintLog: New page: Editor Load
[2020.11.29-10.28.20:092][  0]LocalizationService: Localization service is disabled
[2020.11.29-10.28.20:600][  0]LogFileCache: Scanning file cache for directory 'C:/Users/User/Documents/GitHub/GoodiesAndGhouls/GhoulsAndGoodies/Content/' took 0.01s
[2020.11.29-10.28.20:600][  0]LogCook: Display: Max memory allowance for cook 16384mb min free memory 0mb
[2020.11.29-10.28.20:600][  0]LogCook: Display: Mobile HDR setting 1
[2020.11.29-10.28.21:122][  0]SourceControl: Source control is disabled
[2020.11.29-10.28.21:127][  0]Cmd: MAP LOAD FILE="../../../../../../Users/User/Documents/GitHub/GoodiesAndGhouls/GhoulsAndGoodies/Content/TopDownCPP/Maps/MainMenu.umap" TEMPLATE=0 SHOWPROGRESS=1 FEATURELEVEL=3
[2020.11.29-10.28.21:128][  0]LightingResults: New page: Lighting Build
[2020.11.29-10.28.21:141][  0]LogWorld: UWorld::CleanupWorld for Untitled, bSessionEnded=true, bCleanupResources=true
[2020.11.29-10.28.21:145][  0]MapCheck: New page: Map Check
[2020.11.29-10.28.21:145][  0]LightingResults: New page: Lighting Build
[2020.11.29-10.28.21:176][  0]LogUObjectHash: Compacting FUObjectHashTables data took   1.96ms
[2020.11.29-10.28.22:800][  0]LogAIModule: Creating AISystem for world MainMenu
[2020.11.29-10.28.22:911][  0]LogEditorServer: Finished looking for orphan Actors (0.000 secs)
[2020.11.29-10.28.22:955][  0]LogUObjectHash: Compacting FUObjectHashTables data took   2.24ms
[2020.11.29-10.28.22:956][  0]Cmd: MAP CHECKDEP NOCLEARLOG
[2020.11.29-10.28.22:958][  0]MapCheck: Map check complete: 0 Error(s), 0 Warning(s), took 1.681ms to complete.
[2020.11.29-10.28.22:958][  0]LogFileHelpers: Loading map 'MainMenu' took 1.832
[2020.11.29-10.28.23:340][  0]LogSlate: Updating window title bar state: overlay mode, drag disabled, window buttons hidden, title bar hidden
[2020.11.29-10.28.23:363][  0]LogSlate: Updating window title bar state: overlay mode, drag disabled, window buttons hidden, title bar hidden
[2020.11.29-10.28.23:369][  0]LogSlate: Updating window title bar state: overlay mode, drag disabled, window buttons hidden, title bar hidden
[2020.11.29-10.28.23:377][  0]LogSlate: Updating window title bar state: overlay mode, drag disabled, window buttons hidden, title bar hidden
[2020.11.29-10.28.23:437][  0]LogCollectionManager: Loaded 0 collections in 0.002419 seconds
[2020.11.29-10.28.23:560][  0]LogFileCache: Scanning file cache for directory 'C:/Users/User/Documents/GitHub/GoodiesAndGhouls/GhoulsAndGoodies/Saved/Collections/' took 0.00s
[2020.11.29-10.28.23:560][  0]LogFileCache: Scanning file cache for directory 'C:/Users/User/Documents/GitHub/GoodiesAndGhouls/GhoulsAndGoodies/Content/Developers/User/Collections/' took 0.00s
[2020.11.29-10.28.23:560][  0]LogFileCache: Scanning file cache for directory 'C:/Users/User/Documents/GitHub/GoodiesAndGhouls/GhoulsAndGoodies/Content/Collections/' took 0.00s
[2020.11.29-10.28.23:560][  0]LogCollectionManager: Rebuilt the GUID cache for 0 collections in 0.000002 seconds
[2020.11.29-10.28.23:583][  0]LogContentBrowser: Native class hierarchy populated in 0.0182 seconds. Added 2895 classes and 683 folders.
[2020.11.29-10.28.23:739][  0]LogContentBrowser: Native class hierarchy updated for 'WidgetCarousel' in 0.0004 seconds. Added 0 classes and 0 folders.
[2020.11.29-10.28.24:188][  0]LogContentBrowser: Native class hierarchy updated for 'AddContentDialog' in 0.0003 seconds. Added 0 classes and 0 folders.
[2020.11.29-10.28.24:206][  0]LogContentBrowser: Native class hierarchy updated for 'SceneOutliner' in 0.0003 seconds. Added 1 classes and 2 folders.
[2020.11.29-10.28.24:372][  0]LogSlate: Took 0.010865 seconds to synchronously load lazily loaded font '../../../Engine/Content/Slate/Fonts/Roboto-Regular.ttf' (155K)
[2020.11.29-10.28.24:389][  0]LogSlate: Took 0.008896 seconds to synchronously load lazily loaded font '../../../Engine/Content/Slate/Fonts/Roboto-Bold.ttf' (160K)
[2020.11.29-10.28.24:414][  0]LogSlate: Took 0.008639 seconds to synchronously load lazily loaded font '../../../Engine/Content/Editor/Slate/Fonts/FontAwesome.ttf' (139K)
[2020.11.29-10.28.24:588][  0]LogRenderer: Reallocating scene render targets to support 1292x644 Format 10 NumSamples 1 (Frame:1).
[2020.11.29-10.28.24:881][  0]LogContentBrowser: Native class hierarchy updated for 'HierarchicalLODOutliner' in 0.0004 seconds. Added 0 classes and 0 folders.
[2020.11.29-10.28.24:882][  0]LogLoad: (Engine Initialization) Total time: 83.97 seconds
[2020.11.29-10.28.24:882][  0]LogLoad: (Engine Initialization) Total Blueprint compile time: 0.00 seconds
[2020.11.29-10.28.24:967][  0]LogContentStreaming: Texture pool size now 1000 MB
[2020.11.29-10.28.25:011][  0]LogSlate: Took 0.007379 seconds to synchronously load lazily loaded font '../../../Engine/Content/Slate/Fonts/Roboto-Light.ttf' (167K)
[2020.11.29-10.28.28:810][413]LogAssetRegistry: Asset discovery search completed in 16.6304 seconds
[2020.11.29-10.28.28:816][413]LogCollectionManager: Rebuilt the object cache for 0 collections in 0.000005 seconds (found 0 objects)
[2020.11.29-10.28.28:816][413]LogCollectionManager: Fixed up redirectors for 0 collections in 0.000074 seconds (updated 0 objects)
[2020.11.29-10.28.43:400][148]LogSlate: FSceneViewport::OnFocusLost() reason 2
[2020.11.29-10.28.47:801][649]LogUObjectHash: Compacting FUObjectHashTables data took   0.67ms
[2020.11.29-10.29.25:036][959]LogEditorSessionSummary: EditorSessionSummary sent report. Type=Shutdown, SessionId={E4B7ED9E-46FD-31B4-738C-BF906244CE63}
[2020.11.29-10.29.57:526][ 56]LogSlate: FSceneViewport::OnFocusLost() reason 2
[2020.11.29-10.30.01:800][520]LogSlate: FSceneViewport::OnFocusLost() reason 2
[2020.11.29-10.30.04:111][796]MapCheck: New page: Map Check
[2020.11.29-10.30.04:121][796]LogSlate: FSceneViewport::OnFocusLost() reason 5
[2020.11.29-10.30.04:134][796]LightingResults: New page: Lighting Build - 30 Nov 2020 8:30:04 am
[2020.11.29-10.30.04:198][796]LogSwarmInterface: [OpenConnection] Registering TCP channel ...
[2020.11.29-10.30.04:250][796]LogSwarmInterface: [OpenConnection] Connecting to agent ...
[2020.11.29-10.30.04:270][796]LogSwarmInterface: [TryOpenConnection] Testing the Agent
[2020.11.29-10.30.05:302][796]LogSwarmInterface: [TryOpenConnection] Opening Connection to Agent
[2020.11.29-10.30.05:302][796]LogSwarmInterface: [TryOpenConnection] Local Process ID is 12576
[2020.11.29-10.30.11:751][796]LogStaticLightingSystem: Warning: No importance volume found, so the scene bounding box was used.  You can optimize your scene's quality and lighting build times by adding importance volumes.
[2020.11.29-10.30.11:754][796]LogStaticLightingSystem: Running Lightmass w/ ImmediateImport mode ENABLED
[2020.11.29-10.30.11:754][796]LogStaticLightingSystem: Running Lightmass w/ ImmediateProcess mode ENABLED
[2020.11.29-10.30.11:754][796]LogStaticLightingSystem: Running Lightmass w/ Sorting mode ENABLED
[2020.11.29-10.30.11:754][796]LogStaticLightingSystem: Running Lightmass w/ Mapping paddings ENABLED
[2020.11.29-10.30.11:754][796]LogStaticLightingSystem: Running Lightmass w/ Mapping debug paddings DISABLED
[2020.11.29-10.30.11:906][796]LogEditorBuildUtils: Build time 0:07
[2020.11.29-10.30.12:025][800]LogUObjectHash: Compacting FUObjectHashTables data took   0.62ms
[2020.11.29-10.30.43:981][151]Job is a success!
[2020.11.29-10.30.44:322][152]LogSlate: Took 0.000126 seconds to synchronously load lazily loaded font '../../../Engine/Content/Slate/Fonts/Roboto-Light.ttf' (167K)
[2020.11.29-10.30.44:370][152]LogVolumetricLightmapImport: Imported Volumetric Lightmap in 0.019s
[2020.11.29-10.30.44:370][152]LogVolumetricLightmapImport:      Indirection Texture 16x16x16 = 0.0Mb
[2020.11.29-10.30.44:370][152]LogVolumetricLightmapImport:      BrickData 25x5x5 = 0.0Mb (trimmed 0.1Mb due to 0.010000 MinBrickError)
[2020.11.29-10.30.44:370][152]LogVolumetricLightmapImport:      Bricks at Level
[2020.11.29-10.30.44:370][152]LogVolumetricLightmapImport:          0: 20.0% covering 100.0% of volume
[2020.11.29-10.30.44:370][152]LogVolumetricLightmapImport:          1: 20.0% covering 1.6% of volume
[2020.11.29-10.30.44:370][152]LogVolumetricLightmapImport:          2: 60.0% covering 0.1% of volume
[2020.11.29-10.30.45:662][152]LogTexture: Display: Building textures: SkyOcclusion0_1 (AutoDXT, 1024X512)
[2020.11.29-10.30.45:662][152]LogTexture: Display: Building textures: HQ_Lightmap0_1 (AutoDXT, 1024X1024)
[2020.11.29-10.30.45:662][152]LogTexture: Display: Building textures: LQ_Lightmap_0_1 (DXT1, 1024X1024)
[2020.11.29-10.30.45:662][152]LogTexture: Display: Building textures: SkyOcclusion0_2 (AutoDXT, 512X256)
[2020.11.29-10.30.45:662][152]LogTexture: Display: Building textures: HQ_Lightmap0_2 (AutoDXT, 512X512)
[2020.11.29-10.30.45:662][152]LogTexture: Display: Building textures: LQ_Lightmap_0_2 (DXT1, 512X512)
[2020.11.29-10.30.45:662][152]LogTexture: Display: Building textures: SkyOcclusion0_3 (AutoDXT, 64X32)
[2020.11.29-10.30.45:662][152]LogTexture: Display: Building textures: HQ_Lightmap0_3 (AutoDXT, 64X64)
[2020.11.29-10.30.45:662][152]LogTexture: Display: Building textures: LQ_Lightmap_0_3 (DXT1, 64X64)
[2020.11.29-10.30.45:801][152]LogTexture: Display: Building textures: ShadowMapTexture2D_0 (G8, 1024X512)
[2020.11.29-10.30.45:833][152]Lightmass on DESKTOP-7TJ0C06: 33.0 sec total, 494 ms importing, 43 ms setup, 1.29 sec photons, 30.7 sec processing, 0 ms extra exporting [153/153 mappings]. Threads: 3:35 min total, 2:40 min processing.
[2020.11.29-10.30.45:834][152]LogStaticLightingSystem: MainMenu_BuiltData storing lightmap data for 86 meshes in 5 LightmapResourceClusters (17.2 Meshes per cluster).
[2020.11.29-10.30.45:856][152]LogUObjectHash: Compacting FUObjectHashTables data took   0.74ms
[2020.11.29-10.30.45:860][152]LogStaticLightingSystem: Illumination: 41.4 sec (1.13 sec encoding lightmaps, 137 ms encoding shadowmaps)
[2020.11.29-10.30.45:860][152]LogStaticLightingSystem: Lightmap texture memory:  3.3 MB (3.3 MB streaming, 0.0 MB non-streaming), 6 textures
[2020.11.29-10.30.45:860][152]LogStaticLightingSystem: Shadowmap texture memory: 0.7 MB (0.7 MB streaming, 0.0 MB non-streaming), 1 textures
[2020.11.29-10.30.46:780][152]DumpUnbuiltLightIteractions
[2020.11.29-10.30.46:780][152]Lights with unbuilt interactions: 0
[2020.11.29-10.30.46:780][152]
[2020.11.29-10.30.46:780][152]Primitives with unbuilt interactions: 0
[2020.11.29-10.30.46:818][153]Cmd: MAP CHECK NOTIFYRESULTS
[2020.11.29-10.30.46:818][153]MapCheck: New page: MainMenu - 30 Nov 2020 8:30:46 am
[2020.11.29-10.30.46:821][153]MapCheck: Map check complete: 0 Error(s), 0 Warning(s), took 3.286ms to complete.
[2020.11.29-10.30.51:007][166]LogSlate: FSceneViewport::OnFocusLost() reason 0
[2020.11.29-10.30.51:180][166]LogTemp: Repeating last play command: Standalone Game
[2020.11.29-10.30.51:215][166]LogUObjectHash: Compacting FUObjectHashTables data took   2.02ms
[2020.11.29-10.30.52:582][166]LogSlate: Window 'Save Content' being destroyed
[2020.11.29-10.30.52:596][166]LogSlate: FSceneViewport::OnFocusLost() reason 5
[2020.11.29-10.30.52:635][166]LogUObjectHash: Compacting FUObjectHashTables data took   0.75ms
[2020.11.29-10.30.52:945][166]LogSavePackage: Moving '../../../../../../Users/User/Documents/GitHub/GoodiesAndGhouls/GhoulsAndGoodies/Saved/MainMenuDBD0C4E4434BEABFE7C56F8EB506E8BD.tmp' to '../../../../../../Users/User/Documents/GitHub/GoodiesAndGhouls/GhoulsAndGoodies/Content/TopDownCPP/Maps/MainMenu.umap'
[2020.11.29-10.30.52:974][166]LogFileHelpers: Saving map 'MainMenu' took 0.366
[2020.11.29-10.30.53:252][166]LogSavePackage: Moving '../../../../../../Users/User/Documents/GitHub/GoodiesAndGhouls/GhoulsAndGoodies/Saved/MainMenu_BuiltData14CF63F440EA13078C898F87427CA7E2.tmp' to '../../../../../../Users/User/Documents/GitHub/GoodiesAndGhouls/GhoulsAndGoodies/Content/TopDownCPP/Maps/MainMenu_BuiltData.uasset'
[2020.11.29-10.34.04:122][921]LogSlate: FSceneViewport::OnFocusLost() reason 0
