Log file open, 09/07/20 15:24:12
LogWindows: Failed to load 'aqProf.dll' (GetLastError=126)
LogWindows: File 'aqProf.dll' does not exist
LogWindows: Failed to load 'VtuneApi.dll' (GetLastError=126)
LogWindows: File 'VtuneApi.dll' does not exist
LogWindows: Failed to load 'VtuneApi32e.dll' (GetLastError=126)
LogWindows: File 'VtuneApi32e.dll' does not exist
LogConsoleResponse: Display: Failed to find resolution value strings in scalability ini. Falling back to default.
LogInit: Display: Running engine for game: GhoulsAndGoodies
LogPlatformFile: Not using cached read wrapper
LogTaskGraph: Started task graph with 5 named threads and 23 total threads with 3 sets of task threads.
LogStats: Stats thread started at 0.215604
LogD3D11RHI: Loaded GFSDK_Aftermath_Lib.x64.dll
LogICUInternationalization: ICU TimeZone Detection - Raw Offset: +10:00, Platform Override: ''
LogPluginManager: Mounting plugin Paper2D
LogPluginManager: Mounting plugin AISupport
LogPluginManager: Mounting plugin LightPropagationVolume
LogPluginManager: Mounting plugin ActorLayerUtilities
LogPluginManager: Mounting plugin AnimationSharing
LogPluginManager: Mounting plugin CLionSourceCodeAccess
LogPluginManager: Mounting plugin CodeLiteSourceCodeAccess
LogPluginManager: Mounting plugin GitSourceControl
LogPluginManager: Mounting plugin KDevelopSourceCodeAccess
LogPluginManager: Mounting plugin NullSourceCodeAccess
LogPluginManager: Mounting plugin PerforceSourceControl
LogPluginManager: Mounting plugin SubversionSourceControl
LogPluginManager: Mounting plugin UObjectPlugin
LogPluginManager: Mounting plugin VisualStudioCodeSourceCodeAccess
LogPluginManager: Mounting plugin VisualStudioSourceCodeAccess
LogPluginManager: Mounting plugin XCodeSourceCodeAccess
LogPluginManager: Mounting plugin AssetManagerEditor
LogPluginManager: Mounting plugin CryptoKeys
LogPluginManager: Mounting plugin CurveEditorTools
LogPluginManager: Mounting plugin DataValidation
LogPluginManager: Mounting plugin FacialAnimation
LogPluginManager: Mounting plugin GameplayTagsEditor
LogPluginManager: Mounting plugin MacGraphicsSwitching
LogPluginManager: Mounting plugin MaterialAnalyzer
LogPluginManager: Mounting plugin MobileLauncherProfileWizard
LogPluginManager: Mounting plugin PluginBrowser
LogPluginManager: Mounting plugin SpeedTreeImporter
LogPluginManager: Mounting plugin DatasmithContent
LogPluginManager: Mounting plugin VariantManagerContent
LogPluginManager: Mounting plugin AlembicImporter
LogPluginManager: Mounting plugin AutomationUtils
LogPluginManager: Mounting plugin BackChannel
LogPluginManager: Mounting plugin CharacterAI
LogPluginManager: Mounting plugin GeometryCache
LogPluginManager: Mounting plugin HTML5Networking
LogPluginManager: Mounting plugin PlatformCrypto
LogPluginManager: Mounting plugin ProxyLODPlugin
LogPluginManager: Mounting plugin SkeletalReduction
LogPluginManager: Mounting plugin MagicLeap
LogPluginManager: Mounting plugin MagicLeapMedia
LogPluginManager: Mounting plugin AndroidMedia
LogPluginManager: Mounting plugin AvfMedia
LogPluginManager: Mounting plugin ImgMedia
LogPluginManager: Mounting plugin MediaCompositing
LogPluginManager: Mounting plugin MediaPlayerEditor
LogPluginManager: Mounting plugin WebMMedia
LogPluginManager: Mounting plugin WmfMedia
LogPluginManager: Mounting plugin TcpMessaging
LogPluginManager: Mounting plugin UdpMessaging
LogPluginManager: Mounting plugin ActorSequence
LogPluginManager: Mounting plugin LevelSequenceEditor
LogPluginManager: Mounting plugin MatineeToLevelSequence
LogPluginManager: Mounting plugin NetcodeUnitTest
LogPluginManager: Mounting plugin NUTUnrealEngine4
LogPluginManager: Mounting plugin OnlineSubsystemGooglePlay
LogPluginManager: Mounting plugin OnlineSubsystemIOS
LogPluginManager: Mounting plugin OnlineSubsystem
LogPluginManager: Mounting plugin OnlineSubsystemNull
LogPluginManager: Mounting plugin OnlineSubsystemUtils
LogPluginManager: Mounting plugin LauncherChunkInstaller
LogPluginManager: Mounting plugin AndroidDeviceProfileSelector
LogPluginManager: Mounting plugin AndroidMoviePlayer
LogPluginManager: Mounting plugin AndroidPermission
LogPluginManager: Mounting plugin AppleImageUtils
LogPluginManager: Mounting plugin AppleMoviePlayer
LogPluginManager: Mounting plugin ArchVisCharacter
LogPluginManager: Mounting plugin AudioCapture
LogPluginManager: Mounting plugin CableComponent
LogPluginManager: Mounting plugin CustomMeshComponent
LogPluginManager: Mounting plugin EditableMesh
LogPluginManager: Mounting plugin ExampleDeviceProfileSelector
LogPluginManager: Mounting plugin GoogleCloudMessaging
LogPluginManager: Mounting plugin IOSDeviceProfileSelector
LogPluginManager: Mounting plugin LinuxDeviceProfileSelector
LogPluginManager: Mounting plugin LocationServicesBPLibrary
LogPluginManager: Mounting plugin MobilePatchingUtils
LogPluginManager: Mounting plugin OculusVR
LogPluginManager: Mounting plugin PhysXVehicles
LogPluginManager: Mounting plugin ProceduralMeshComponent
LogPluginManager: Mounting plugin RuntimePhysXCooking
LogPluginManager: Mounting plugin SignificanceManager
LogPluginManager: Mounting plugin SteamVR
LogPluginManager: Mounting plugin WebMMoviePlayer
LogPluginManager: Mounting plugin WindowsMoviePlayer
LogPluginManager: Mounting plugin ScreenshotTools
LogInit: Using libcurl 7.55.1-DEV
LogInit:  - built for x86_64-pc-win32
LogInit:  - supports SSL with OpenSSL/1.1.1
LogInit:  - supports HTTP deflate (compression) using libz 1.2.8
LogInit:  - other features:
LogInit:      CURL_VERSION_SSL
LogInit:      CURL_VERSION_LIBZ
LogInit:      CURL_VERSION_IPV6
LogInit:      CURL_VERSION_ASYNCHDNS
LogInit:      CURL_VERSION_LARGEFILE
LogInit:      CURL_VERSION_IDN
LogInit:  CurlRequestOptions (configurable via config and command line):
LogInit:  - bVerifyPeer = true  - Libcurl will verify peer certificate
LogInit:  - bUseHttpProxy = false  - Libcurl will NOT use HTTP proxy
LogInit:  - bDontReuseConnections = false  - Libcurl will reuse connections
LogInit:  - MaxHostConnections = 16  - Libcurl will limit the number of connections to a host
LogInit:  - LocalHostAddr = Default
LogInit:  - BufferSize = 65536
LogOnline: OSS: Creating online subsystem instance for: NULL
LogInit: WinSock: version 1.1 (2.2), MaxSocks=32767, MaxUdp=65467
LogInit: Build: ++UE4+Release-4.23-CL-9631420
LogInit: Engine Version: 4.23.1-9631420+++UE4+Release-4.23
LogInit: Compatible Engine Version: 4.23.0-8386587+++UE4+Release-4.23
LogInit: Net CL: 8386587
LogInit: OS: Windows 10 (Release 1909) (), CPU: Intel(R) Core(TM) i7-4770 CPU @ 3.40GHz, GPU: NVIDIA GeForce GTX 770
LogInit: Compiled (64-bit): Oct 18 2019 02:07:44
LogInit: Compiled with Visual C++: 19.16.27030.01
LogInit: Build Configuration: Development
LogInit: Branch Name: ++UE4+Release-4.23
LogInit: Command Line:  -skipcompile
LogInit: Base Directory: C:/Program Files/Epic Games/UE_4.23/Engine/Binaries/Win64/
LogInit: Installed Engine Build: 1
LogDevObjectVersion: Number of dev versions registered: 23
LogDevObjectVersion:   Dev-Blueprints (B0D832E4-1F89-4F0D-ACCF-7EB736FD4AA2): 10
LogDevObjectVersion:   Dev-Build (E1C64328-A22C-4D53-A36C-8E866417BD8C): 0
LogDevObjectVersion:   Dev-Core (375EC13C-06E4-48FB-B500-84F0262A717E): 3
LogDevObjectVersion:   Dev-Editor (E4B068ED-F494-42E9-A231-DA0B2E46BB41): 34
LogDevObjectVersion:   Dev-Framework (CFFC743F-43B0-4480-9391-14DF171D2073): 35
LogDevObjectVersion:   Dev-Mobile (B02B49B5-BB20-44E9-A304-32B752E40360): 2
LogDevObjectVersion:   Dev-Networking (A4E4105C-59A1-49B5-A7C5-40C4547EDFEE): 0
LogDevObjectVersion:   Dev-Online (39C831C9-5AE6-47DC-9A44-9C173E1C8E7C): 0
LogDevObjectVersion:   Dev-Physics (78F01B33-EBEA-4F98-B9B4-84EACCB95AA2): 0
LogDevObjectVersion:   Dev-Platform (6631380F-2D4D-43E0-8009-CF276956A95A): 0
LogDevObjectVersion:   Dev-Rendering (12F88B9F-8875-4AFC-A67C-D90C383ABD29): 31
LogDevObjectVersion:   Dev-Sequencer (7B5AE74C-D270-4C10-A958-57980B212A5A): 11
LogDevObjectVersion:   Dev-VR (D7296918-1DD6-4BDD-9DE2-64A83CC13884): 2
LogDevObjectVersion:   Dev-LoadTimes (C2A15278-BFE7-4AFE-6C17-90FF531DF755): 1
LogDevObjectVersion:   Private-Geometry (6EACA3D4-40EC-4CC1-B786-8BED09428FC5): 3
LogDevObjectVersion:   Dev-AnimPhys (29E575DD-E0A3-4627-9D10-D276232CDCEA): 17
LogDevObjectVersion:   Dev-Anim (AF43A65D-7FD3-4947-9873-3E8ED9C1BB05): 2
LogDevObjectVersion:   Dev-ReflectionCapture (6B266CEC-1EC7-4B8F-A30B-E4D90942FC07): 1
LogDevObjectVersion:   Dev-Automation (0DF73D61-A23F-47EA-B727-89E90C41499A): 1
LogDevObjectVersion:   FortniteMain (601D1886-AC64-4F84-AA16-D3DE0DEAC7D6): 27
LogDevObjectVersion:   Dev-Enterprise (9DFFBCD6-494F-0158-E221-12823C92A888): 6
LogDevObjectVersion:   Dev-Niagara (F2AED0AC-9AFE-416F-8664-AA7FFA26D6FC): 1
LogDevObjectVersion:   Dev-Destruction (174F1F0B-B4C6-45A5-B13F-2EE8D0FB917D): 9
LogInit: Presizing for max 16777216 objects, including 0 objects not considered by GC, pre-allocating 0 bytes for permanent pool.
LogInit: Object subsystem initialized
LogConfig: Setting CVar [[con.DebugEarlyDefault:1]]
LogConfig: Setting CVar [[r.setres:1280x720]]
[2020.09.07-05.24.13:015][  0]LogConfig: Setting CVar [[r.VSync:0]]
[2020.09.07-05.24.13:015][  0]LogConfig: Setting CVar [[r.RHICmdBypass:0]]
[2020.09.07-05.24.13:015][  0]LogConfig: Applying CVar settings from Section [/Script/Engine.RendererSettings] File [C:/Users/s181813/Documents/GitHub/GhoulsAndGoblins/GhoulsAndGoodies/Saved/Config/Windows/Engine.ini]
[2020.09.07-05.24.13:015][  0]LogConfig: Setting CVar [[r.GPUCrashDebugging:0]]
[2020.09.07-05.24.13:015][  0]LogConfig: Setting CVar [[r.AllowStaticLighting:0]]
[2020.09.07-05.24.13:015][  0]LogConfig: Applying CVar settings from Section [/Script/Engine.RendererOverrideSettings] File [C:/Users/s181813/Documents/GitHub/GhoulsAndGoblins/GhoulsAndGoodies/Saved/Config/Windows/Engine.ini]
[2020.09.07-05.24.13:015][  0]LogConfig: Applying CVar settings from Section [/Script/Engine.StreamingSettings] File [C:/Users/s181813/Documents/GitHub/GhoulsAndGoblins/GhoulsAndGoodies/Saved/Config/Windows/Engine.ini]
[2020.09.07-05.24.13:015][  0]LogConfig: Setting CVar [[s.MinBulkDataSizeForAsyncLoading:131072]]
[2020.09.07-05.24.13:015][  0]LogConfig: Setting CVar [[s.AsyncLoadingThreadEnabled:0]]
[2020.09.07-05.24.13:015][  0]LogConfig: Setting CVar [[s.EventDrivenLoaderEnabled:1]]
[2020.09.07-05.24.13:016][  0]LogConfig: Setting CVar [[s.WarnIfTimeLimitExceeded:0]]
[2020.09.07-05.24.13:016][  0]LogConfig: Setting CVar [[s.TimeLimitExceededMultiplier:1.5]]
[2020.09.07-05.24.13:016][  0]LogConfig: Setting CVar [[s.TimeLimitExceededMinTime:0.005]]
[2020.09.07-05.24.13:016][  0]LogConfig: Setting CVar [[s.UseBackgroundLevelStreaming:1]]
[2020.09.07-05.24.13:016][  0]LogConfig: Setting CVar [[s.PriorityAsyncLoadingExtraTime:15.0]]
[2020.09.07-05.24.13:016][  0]LogConfig: Setting CVar [[s.LevelStreamingActorsUpdateTimeLimit:5.0]]
[2020.09.07-05.24.13:016][  0]LogConfig: Setting CVar [[s.PriorityLevelStreamingActorsUpdateExtraTime:5.0]]
[2020.09.07-05.24.13:016][  0]LogConfig: Setting CVar [[s.LevelStreamingComponentsRegistrationGranularity:10]]
[2020.09.07-05.24.13:016][  0]LogConfig: Setting CVar [[s.UnregisterComponentsTimeLimit:1.0]]
[2020.09.07-05.24.13:016][  0]LogConfig: Setting CVar [[s.LevelStreamingComponentsUnregistrationGranularity:5]]
[2020.09.07-05.24.13:016][  0]LogConfig: Applying CVar settings from Section [/Script/Engine.GarbageCollectionSettings] File [C:/Users/s181813/Documents/GitHub/GhoulsAndGoblins/GhoulsAndGoodies/Saved/Config/Windows/Engine.ini]
[2020.09.07-05.24.13:016][  0]LogConfig: Setting CVar [[gc.MaxObjectsNotConsideredByGC:1]]
[2020.09.07-05.24.13:016][  0]LogConfig: Setting CVar [[gc.SizeOfPermanentObjectPool:0]]
[2020.09.07-05.24.13:016][  0]LogConfig: Setting CVar [[gc.FlushStreamingOnGC:0]]
[2020.09.07-05.24.13:016][  0]LogConfig: Setting CVar [[gc.NumRetriesBeforeForcingGC:10]]
[2020.09.07-05.24.13:017][  0]LogConfig: Setting CVar [[gc.AllowParallelGC:1]]
[2020.09.07-05.24.13:017][  0]LogConfig: Setting CVar [[gc.TimeBetweenPurgingPendingKillObjects:61.1]]
[2020.09.07-05.24.13:017][  0]LogConfig: Setting CVar [[gc.MaxObjectsInEditor:16777216]]
[2020.09.07-05.24.13:017][  0]LogConfig: Setting CVar [[gc.IncrementalBeginDestroyEnabled:1]]
[2020.09.07-05.24.13:017][  0]LogConfig: Setting CVar [[gc.CreateGCClusters:1]]
[2020.09.07-05.24.13:017][  0]LogConfig: Setting CVar [[gc.MinGCClusterSize:5]]
[2020.09.07-05.24.13:017][  0]LogConfig: Setting CVar [[gc.ActorClusteringEnabled:0]]
[2020.09.07-05.24.13:017][  0]LogConfig: Setting CVar [[gc.BlueprintClusteringEnabled:0]]
[2020.09.07-05.24.13:018][  0]LogConfig: Setting CVar [[gc.UseDisregardForGCOnDedicatedServers:0]]
[2020.09.07-05.24.13:018][  0]LogConfig: Applying CVar settings from Section [/Script/Engine.NetworkSettings] File [C:/Users/s181813/Documents/GitHub/GhoulsAndGoblins/GhoulsAndGoodies/Saved/Config/Windows/Engine.ini]
[2020.09.07-05.24.13:018][  0]LogConfig: Applying CVar settings from Section [/Script/UnrealEd.CookerSettings] File [C:/Users/s181813/Documents/GitHub/GhoulsAndGoblins/GhoulsAndGoodies/Saved/Config/Windows/Engine.ini]
[2020.09.07-05.24.13:028][  0]LogConfig: Applying CVar settings from Section [ViewDistanceQuality@3] File [C:/Users/s181813/Documents/GitHub/GhoulsAndGoblins/GhoulsAndGoodies/Saved/Config/Windows/Scalability.ini]
[2020.09.07-05.24.13:028][  0]LogConfig: Setting CVar [[r.SkeletalMeshLODBias:0]]
[2020.09.07-05.24.13:028][  0]LogConfig: Setting CVar [[r.ViewDistanceScale:1.0]]
[2020.09.07-05.24.13:028][  0]LogConfig: Applying CVar settings from Section [AntiAliasingQuality@3] File [C:/Users/s181813/Documents/GitHub/GhoulsAndGoblins/GhoulsAndGoodies/Saved/Config/Windows/Scalability.ini]
[2020.09.07-05.24.13:029][  0]LogConfig: Setting CVar [[r.PostProcessAAQuality:4]]
[2020.09.07-05.24.13:029][  0]LogConfig: Applying CVar settings from Section [ShadowQuality@3] File [C:/Users/s181813/Documents/GitHub/GhoulsAndGoblins/GhoulsAndGoodies/Saved/Config/Windows/Scalability.ini]
[2020.09.07-05.24.13:029][  0]LogConfig: Setting CVar [[r.LightFunctionQuality:1]]
[2020.09.07-05.24.13:029][  0]LogConfig: Setting CVar [[r.ShadowQuality:5]]
[2020.09.07-05.24.13:029][  0]LogConfig: Setting CVar [[r.Shadow.CSM.MaxCascades:10]]
[2020.09.07-05.24.13:029][  0]LogConfig: Setting CVar [[r.Shadow.MaxResolution:2048]]
[2020.09.07-05.24.13:029][  0]LogConfig: Setting CVar [[r.Shadow.MaxCSMResolution:2048]]
[2020.09.07-05.24.13:029][  0]LogConfig: Setting CVar [[r.Shadow.RadiusThreshold:0.01]]
[2020.09.07-05.24.13:029][  0]LogConfig: Setting CVar [[r.Shadow.DistanceScale:1.0]]
[2020.09.07-05.24.13:029][  0]LogConfig: Setting CVar [[r.Shadow.CSM.TransitionScale:1.0]]
[2020.09.07-05.24.13:029][  0]LogConfig: Setting CVar [[r.Shadow.PreShadowResolutionFactor:1.0]]
[2020.09.07-05.24.13:029][  0]LogConfig: Setting CVar [[r.DistanceFieldShadowing:1]]
[2020.09.07-05.24.13:029][  0]LogConfig: Setting CVar [[r.DistanceFieldAO:1]]
[2020.09.07-05.24.13:029][  0]LogConfig: Setting CVar [[r.AOQuality:2]]
[2020.09.07-05.24.13:029][  0]LogConfig: Setting CVar [[r.VolumetricFog:1]]
[2020.09.07-05.24.13:029][  0]LogConfig: Setting CVar [[r.VolumetricFog.GridPixelSize:8]]
[2020.09.07-05.24.13:029][  0]LogConfig: Setting CVar [[r.VolumetricFog.GridSizeZ:128]]
[2020.09.07-05.24.13:030][  0]LogConfig: Setting CVar [[r.VolumetricFog.HistoryMissSupersampleCount:4]]
[2020.09.07-05.24.13:030][  0]LogConfig: Setting CVar [[r.LightMaxDrawDistanceScale:1]]
[2020.09.07-05.24.13:030][  0]LogConfig: Setting CVar [[r.CapsuleShadows:1]]
[2020.09.07-05.24.13:030][  0]LogConfig: Applying CVar settings from Section [PostProcessQuality@3] File [C:/Users/s181813/Documents/GitHub/GhoulsAndGoblins/GhoulsAndGoodies/Saved/Config/Windows/Scalability.ini]
[2020.09.07-05.24.13:030][  0]LogConfig: Setting CVar [[r.MotionBlurQuality:4]]
[2020.09.07-05.24.13:030][  0]LogConfig: Setting CVar [[r.AmbientOcclusionMipLevelFactor:0.4]]
[2020.09.07-05.24.13:030][  0]LogConfig: Setting CVar [[r.AmbientOcclusionMaxQuality:100]]
[2020.09.07-05.24.13:030][  0]LogConfig: Setting CVar [[r.AmbientOcclusionLevels:-1]]
[2020.09.07-05.24.13:030][  0]LogConfig: Setting CVar [[r.AmbientOcclusionRadiusScale:1.0]]
[2020.09.07-05.24.13:030][  0]LogConfig: Setting CVar [[r.DepthOfFieldQuality:2]]
[2020.09.07-05.24.13:030][  0]LogConfig: Setting CVar [[r.RenderTargetPoolMin:400]]
[2020.09.07-05.24.13:030][  0]LogConfig: Setting CVar [[r.LensFlareQuality:2]]
[2020.09.07-05.24.13:030][  0]LogConfig: Setting CVar [[r.SceneColorFringeQuality:1]]
[2020.09.07-05.24.13:030][  0]LogConfig: Setting CVar [[r.EyeAdaptationQuality:2]]
[2020.09.07-05.24.13:030][  0]LogConfig: Setting CVar [[r.BloomQuality:5]]
[2020.09.07-05.24.13:030][  0]LogConfig: Setting CVar [[r.FastBlurThreshold:100]]
[2020.09.07-05.24.13:031][  0]LogConfig: Setting CVar [[r.Upscale.Quality:3]]
[2020.09.07-05.24.13:031][  0]LogConfig: Setting CVar [[r.Tonemapper.GrainQuantization:1]]
[2020.09.07-05.24.13:031][  0]LogConfig: Setting CVar [[r.LightShaftQuality:1]]
[2020.09.07-05.24.13:031][  0]LogConfig: Setting CVar [[r.Filter.SizeScale:1]]
[2020.09.07-05.24.13:031][  0]LogConfig: Setting CVar [[r.Tonemapper.Quality:5]]
[2020.09.07-05.24.13:031][  0]LogConfig: Setting CVar [[r.DOF.Gather.AccumulatorQuality:1        ; higher gathering accumulator quality]]
[2020.09.07-05.24.13:031][  0]LogConfig: Setting CVar [[r.DOF.Gather.PostfilterMethod:1          ; Median3x3 postfilering method]]
[2020.09.07-05.24.13:031][  0]LogConfig: Setting CVar [[r.DOF.Gather.EnableBokehSettings:0       ; no bokeh simulation when gathering]]
[2020.09.07-05.24.13:031][  0]LogConfig: Setting CVar [[r.DOF.Gather.RingCount:4                 ; medium number of samples when gathering]]
[2020.09.07-05.24.13:031][  0]LogConfig: Setting CVar [[r.DOF.Scatter.ForegroundCompositing:1    ; additive foreground scattering]]
[2020.09.07-05.24.13:031][  0]LogConfig: Setting CVar [[r.DOF.Scatter.BackgroundCompositing:2    ; additive background scattering]]
[2020.09.07-05.24.13:031][  0]LogConfig: Setting CVar [[r.DOF.Scatter.EnableBokehSettings:1      ; bokeh simulation when scattering]]
[2020.09.07-05.24.13:031][  0]LogConfig: Setting CVar [[r.DOF.Scatter.MaxSpriteRatio:0.1         ; only a maximum of 10% of scattered bokeh]]
[2020.09.07-05.24.13:031][  0]LogConfig: Setting CVar [[r.DOF.Recombine.Quality:1                ; cheap slight out of focus]]
[2020.09.07-05.24.13:031][  0]LogConfig: Setting CVar [[r.DOF.Recombine.EnableBokehSettings:0    ; no bokeh simulation on slight out of focus]]
[2020.09.07-05.24.13:031][  0]LogConfig: Setting CVar [[r.DOF.TemporalAAQuality:1                ; more stable temporal accumulation]]
[2020.09.07-05.24.13:032][  0]LogConfig: Setting CVar [[r.DOF.Kernel.MaxForegroundRadius:0.025]]
[2020.09.07-05.24.13:032][  0]LogConfig: Setting CVar [[r.DOF.Kernel.MaxBackgroundRadius:0.025]]
[2020.09.07-05.24.13:032][  0]LogConfig: Applying CVar settings from Section [TextureQuality@3] File [C:/Users/s181813/Documents/GitHub/GhoulsAndGoblins/GhoulsAndGoodies/Saved/Config/Windows/Scalability.ini]
[2020.09.07-05.24.13:032][  0]LogConfig: Setting CVar [[r.Streaming.MipBias:0]]
[2020.09.07-05.24.13:032][  0]LogConfig: Setting CVar [[r.Streaming.AmortizeCPUToGPUCopy:0]]
[2020.09.07-05.24.13:032][  0]LogConfig: Setting CVar [[r.Streaming.MaxNumTexturesToStreamPerFrame:0]]
[2020.09.07-05.24.13:032][  0]LogConfig: Setting CVar [[r.Streaming.Boost:1]]
[2020.09.07-05.24.13:032][  0]LogConfig: Setting CVar [[r.MaxAnisotropy:8]]
[2020.09.07-05.24.13:032][  0]LogConfig: Setting CVar [[r.Streaming.LimitPoolSizeToVRAM:0]]
[2020.09.07-05.24.13:032][  0]LogConfig: Setting CVar [[r.Streaming.PoolSize:1000]]
[2020.09.07-05.24.13:032][  0]LogConfig: Setting CVar [[r.Streaming.MaxEffectiveScreenSize:0]]
[2020.09.07-05.24.13:032][  0]LogConfig: Applying CVar settings from Section [EffectsQuality@3] File [C:/Users/s181813/Documents/GitHub/GhoulsAndGoblins/GhoulsAndGoodies/Saved/Config/Windows/Scalability.ini]
[2020.09.07-05.24.13:032][  0]LogConfig: Setting CVar [[r.TranslucencyLightingVolumeDim:64]]
[2020.09.07-05.24.13:032][  0]LogConfig: Setting CVar [[r.RefractionQuality:2]]
[2020.09.07-05.24.13:032][  0]LogConfig: Setting CVar [[r.SSR.Quality:3]]
[2020.09.07-05.24.13:032][  0]LogConfig: Setting CVar [[r.SceneColorFormat:4]]
[2020.09.07-05.24.13:032][  0]LogConfig: Setting CVar [[r.DetailMode:2]]
[2020.09.07-05.24.13:032][  0]LogConfig: Setting CVar [[r.TranslucencyVolumeBlur:1]]
[2020.09.07-05.24.13:033][  0]LogConfig: Setting CVar [[r.MaterialQualityLevel:1 ; High quality]]
[2020.09.07-05.24.13:033][  0]LogConfig: Setting CVar [[r.SSS.Scale:1]]
[2020.09.07-05.24.13:033][  0]LogConfig: Setting CVar [[r.SSS.SampleSet:2]]
[2020.09.07-05.24.13:033][  0]LogConfig: Setting CVar [[r.SSS.Quality:1]]
[2020.09.07-05.24.13:033][  0]LogConfig: Setting CVar [[r.SSS.HalfRes:1]]
[2020.09.07-05.24.13:033][  0]LogConfig: Setting CVar [[r.EmitterSpawnRateScale:1.0]]
[2020.09.07-05.24.13:033][  0]LogConfig: Setting CVar [[r.ParticleLightQuality:2]]
[2020.09.07-05.24.13:033][  0]LogConfig: Applying CVar settings from Section [FoliageQuality@3] File [C:/Users/s181813/Documents/GitHub/GhoulsAndGoblins/GhoulsAndGoodies/Saved/Config/Windows/Scalability.ini]
[2020.09.07-05.24.13:033][  0]LogConfig: Setting CVar [[foliage.DensityScale:1.0]]
[2020.09.07-05.24.13:033][  0]LogConfig: Setting CVar [[grass.DensityScale:1.0]]
[2020.09.07-05.24.13:033][  0]LogInit: Selected Device Profile: [Windows]
[2020.09.07-05.24.13:033][  0]LogInit: Applying CVar settings loaded from the selected device profile: [Windows]
[2020.09.07-05.24.13:038][  0]LogHAL: Display: Platform has ~ 32 GB [34241372160 / 34359738368 / 32], which maps to Largest [LargestMinGB=32, LargerMinGB=12, DefaultMinGB=8, SmallerMinGB=6, SmallestMinGB=0)
[2020.09.07-05.24.13:038][  0]LogInit: Going up to parent DeviceProfile []
[2020.09.07-05.24.13:038][  0]LogConfig: Applying CVar settings from Section [ViewDistanceQuality@3] File [C:/Users/s181813/Documents/GitHub/GhoulsAndGoblins/GhoulsAndGoodies/Saved/Config/Windows/Scalability.ini]
[2020.09.07-05.24.13:038][  0]LogConfig: Setting CVar [[r.SkeletalMeshLODBias:0]]
[2020.09.07-05.24.13:038][  0]LogConfig: Setting CVar [[r.ViewDistanceScale:1.0]]
[2020.09.07-05.24.13:039][  0]LogConfig: Applying CVar settings from Section [AntiAliasingQuality@3] File [C:/Users/s181813/Documents/GitHub/GhoulsAndGoblins/GhoulsAndGoodies/Saved/Config/Windows/Scalability.ini]
[2020.09.07-05.24.13:039][  0]LogConfig: Setting CVar [[r.PostProcessAAQuality:4]]
[2020.09.07-05.24.13:039][  0]LogConfig: Applying CVar settings from Section [ShadowQuality@3] File [C:/Users/s181813/Documents/GitHub/GhoulsAndGoblins/GhoulsAndGoodies/Saved/Config/Windows/Scalability.ini]
[2020.09.07-05.24.13:039][  0]LogConfig: Setting CVar [[r.LightFunctionQuality:1]]
[2020.09.07-05.24.13:039][  0]LogConfig: Setting CVar [[r.ShadowQuality:5]]
[2020.09.07-05.24.13:039][  0]LogConfig: Setting CVar [[r.Shadow.CSM.MaxCascades:10]]
[2020.09.07-05.24.13:039][  0]LogConfig: Setting CVar [[r.Shadow.MaxResolution:2048]]
[2020.09.07-05.24.13:039][  0]LogConfig: Setting CVar [[r.Shadow.MaxCSMResolution:2048]]
[2020.09.07-05.24.13:039][  0]LogConfig: Setting CVar [[r.Shadow.RadiusThreshold:0.01]]
[2020.09.07-05.24.13:039][  0]LogConfig: Setting CVar [[r.Shadow.DistanceScale:1.0]]
[2020.09.07-05.24.13:039][  0]LogConfig: Setting CVar [[r.Shadow.CSM.TransitionScale:1.0]]
[2020.09.07-05.24.13:039][  0]LogConfig: Setting CVar [[r.Shadow.PreShadowResolutionFactor:1.0]]
[2020.09.07-05.24.13:040][  0]LogConfig: Setting CVar [[r.DistanceFieldShadowing:1]]
[2020.09.07-05.24.13:040][  0]LogConfig: Setting CVar [[r.DistanceFieldAO:1]]
[2020.09.07-05.24.13:040][  0]LogConfig: Setting CVar [[r.AOQuality:2]]
[2020.09.07-05.24.13:040][  0]LogConfig: Setting CVar [[r.VolumetricFog:1]]
[2020.09.07-05.24.13:040][  0]LogConfig: Setting CVar [[r.VolumetricFog.GridPixelSize:8]]
[2020.09.07-05.24.13:040][  0]LogConfig: Setting CVar [[r.VolumetricFog.GridSizeZ:128]]
[2020.09.07-05.24.13:040][  0]LogConfig: Setting CVar [[r.VolumetricFog.HistoryMissSupersampleCount:4]]
[2020.09.07-05.24.13:040][  0]LogConfig: Setting CVar [[r.LightMaxDrawDistanceScale:1]]
[2020.09.07-05.24.13:040][  0]LogConfig: Setting CVar [[r.CapsuleShadows:1]]
[2020.09.07-05.24.13:040][  0]LogConfig: Applying CVar settings from Section [PostProcessQuality@3] File [C:/Users/s181813/Documents/GitHub/GhoulsAndGoblins/GhoulsAndGoodies/Saved/Config/Windows/Scalability.ini]
[2020.09.07-05.24.13:040][  0]LogConfig: Setting CVar [[r.MotionBlurQuality:4]]
[2020.09.07-05.24.13:040][  0]LogConfig: Setting CVar [[r.AmbientOcclusionMipLevelFactor:0.4]]
[2020.09.07-05.24.13:040][  0]LogConfig: Setting CVar [[r.AmbientOcclusionMaxQuality:100]]
[2020.09.07-05.24.13:040][  0]LogConfig: Setting CVar [[r.AmbientOcclusionLevels:-1]]
[2020.09.07-05.24.13:040][  0]LogConfig: Setting CVar [[r.AmbientOcclusionRadiusScale:1.0]]
[2020.09.07-05.24.13:040][  0]LogConfig: Setting CVar [[r.DepthOfFieldQuality:2]]
[2020.09.07-05.24.13:040][  0]LogConfig: Setting CVar [[r.RenderTargetPoolMin:400]]
[2020.09.07-05.24.13:041][  0]LogConfig: Setting CVar [[r.LensFlareQuality:2]]
[2020.09.07-05.24.13:041][  0]LogConfig: Setting CVar [[r.SceneColorFringeQuality:1]]
[2020.09.07-05.24.13:041][  0]LogConfig: Setting CVar [[r.EyeAdaptationQuality:2]]
[2020.09.07-05.24.13:041][  0]LogConfig: Setting CVar [[r.BloomQuality:5]]
[2020.09.07-05.24.13:041][  0]LogConfig: Setting CVar [[r.FastBlurThreshold:100]]
[2020.09.07-05.24.13:041][  0]LogConfig: Setting CVar [[r.Upscale.Quality:3]]
[2020.09.07-05.24.13:041][  0]LogConfig: Setting CVar [[r.Tonemapper.GrainQuantization:1]]
[2020.09.07-05.24.13:041][  0]LogConfig: Setting CVar [[r.LightShaftQuality:1]]
[2020.09.07-05.24.13:041][  0]LogConfig: Setting CVar [[r.Filter.SizeScale:1]]
[2020.09.07-05.24.13:041][  0]LogConfig: Setting CVar [[r.Tonemapper.Quality:5]]
[2020.09.07-05.24.13:041][  0]LogConfig: Setting CVar [[r.DOF.Gather.AccumulatorQuality:1        ; higher gathering accumulator quality]]
[2020.09.07-05.24.13:041][  0]LogConfig: Setting CVar [[r.DOF.Gather.PostfilterMethod:1          ; Median3x3 postfilering method]]
[2020.09.07-05.24.13:041][  0]LogConfig: Setting CVar [[r.DOF.Gather.EnableBokehSettings:0       ; no bokeh simulation when gathering]]
[2020.09.07-05.24.13:041][  0]LogConfig: Setting CVar [[r.DOF.Gather.RingCount:4                 ; medium number of samples when gathering]]
[2020.09.07-05.24.13:041][  0]LogConfig: Setting CVar [[r.DOF.Scatter.ForegroundCompositing:1    ; additive foreground scattering]]
[2020.09.07-05.24.13:042][  0]LogConfig: Setting CVar [[r.DOF.Scatter.BackgroundCompositing:2    ; additive background scattering]]
[2020.09.07-05.24.13:042][  0]LogConfig: Setting CVar [[r.DOF.Scatter.EnableBokehSettings:1      ; bokeh simulation when scattering]]
[2020.09.07-05.24.13:042][  0]LogConfig: Setting CVar [[r.DOF.Scatter.MaxSpriteRatio:0.1         ; only a maximum of 10% of scattered bokeh]]
[2020.09.07-05.24.13:042][  0]LogConfig: Setting CVar [[r.DOF.Recombine.Quality:1                ; cheap slight out of focus]]
[2020.09.07-05.24.13:042][  0]LogConfig: Setting CVar [[r.DOF.Recombine.EnableBokehSettings:0    ; no bokeh simulation on slight out of focus]]
[2020.09.07-05.24.13:042][  0]LogConfig: Setting CVar [[r.DOF.TemporalAAQuality:1                ; more stable temporal accumulation]]
[2020.09.07-05.24.13:042][  0]LogConfig: Setting CVar [[r.DOF.Kernel.MaxForegroundRadius:0.025]]
[2020.09.07-05.24.13:042][  0]LogConfig: Setting CVar [[r.DOF.Kernel.MaxBackgroundRadius:0.025]]
[2020.09.07-05.24.13:042][  0]LogConfig: Applying CVar settings from Section [TextureQuality@3] File [C:/Users/s181813/Documents/GitHub/GhoulsAndGoblins/GhoulsAndGoodies/Saved/Config/Windows/Scalability.ini]
[2020.09.07-05.24.13:042][  0]LogConfig: Setting CVar [[r.Streaming.MipBias:0]]
[2020.09.07-05.24.13:042][  0]LogConfig: Setting CVar [[r.Streaming.AmortizeCPUToGPUCopy:0]]
[2020.09.07-05.24.13:042][  0]LogConfig: Setting CVar [[r.Streaming.MaxNumTexturesToStreamPerFrame:0]]
[2020.09.07-05.24.13:042][  0]LogConfig: Setting CVar [[r.Streaming.Boost:1]]
[2020.09.07-05.24.13:042][  0]LogConfig: Setting CVar [[r.MaxAnisotropy:8]]
[2020.09.07-05.24.13:043][  0]LogConfig: Setting CVar [[r.Streaming.LimitPoolSizeToVRAM:0]]
[2020.09.07-05.24.13:043][  0]LogConfig: Setting CVar [[r.Streaming.PoolSize:1000]]
[2020.09.07-05.24.13:043][  0]LogConfig: Setting CVar [[r.Streaming.MaxEffectiveScreenSize:0]]
[2020.09.07-05.24.13:043][  0]LogConfig: Applying CVar settings from Section [EffectsQuality@3] File [C:/Users/s181813/Documents/GitHub/GhoulsAndGoblins/GhoulsAndGoodies/Saved/Config/Windows/Scalability.ini]
[2020.09.07-05.24.13:043][  0]LogConfig: Setting CVar [[r.TranslucencyLightingVolumeDim:64]]
[2020.09.07-05.24.13:043][  0]LogConfig: Setting CVar [[r.RefractionQuality:2]]
[2020.09.07-05.24.13:043][  0]LogConfig: Setting CVar [[r.SSR.Quality:3]]
[2020.09.07-05.24.13:043][  0]LogConfig: Setting CVar [[r.SceneColorFormat:4]]
[2020.09.07-05.24.13:043][  0]LogConfig: Setting CVar [[r.DetailMode:2]]
[2020.09.07-05.24.13:043][  0]LogConfig: Setting CVar [[r.TranslucencyVolumeBlur:1]]
[2020.09.07-05.24.13:043][  0]LogConfig: Setting CVar [[r.MaterialQualityLevel:1 ; High quality]]
[2020.09.07-05.24.13:043][  0]LogConfig: Setting CVar [[r.SSS.Scale:1]]
[2020.09.07-05.24.13:043][  0]LogConfig: Setting CVar [[r.SSS.SampleSet:2]]
[2020.09.07-05.24.13:043][  0]LogConfig: Setting CVar [[r.SSS.Quality:1]]
[2020.09.07-05.24.13:043][  0]LogConfig: Setting CVar [[r.SSS.HalfRes:1]]
[2020.09.07-05.24.13:043][  0]LogConfig: Setting CVar [[r.EmitterSpawnRateScale:1.0]]
[2020.09.07-05.24.13:044][  0]LogConfig: Setting CVar [[r.ParticleLightQuality:2]]
[2020.09.07-05.24.13:044][  0]LogConfig: Applying CVar settings from Section [FoliageQuality@3] File [C:/Users/s181813/Documents/GitHub/GhoulsAndGoblins/GhoulsAndGoodies/Saved/Config/Windows/Scalability.ini]
[2020.09.07-05.24.13:044][  0]LogConfig: Setting CVar [[foliage.DensityScale:1.0]]
[2020.09.07-05.24.13:044][  0]LogConfig: Setting CVar [[grass.DensityScale:1.0]]
[2020.09.07-05.24.13:044][  0]LogConfig: Applying CVar settings from Section [Startup] File [../../../Engine/Config/ConsoleVariables.ini]
[2020.09.07-05.24.13:044][  0]LogConfig: Setting CVar [[net.UseAdaptiveNetUpdateFrequency:0]]
[2020.09.07-05.24.13:045][  0]LogConfig: Setting CVar [[p.chaos.AllowCreatePhysxBodies:1]]
[2020.09.07-05.24.13:045][  0]LogConfig: Applying CVar settings from Section [ConsoleVariables] File [C:/Users/s181813/Documents/GitHub/GhoulsAndGoblins/GhoulsAndGoodies/Saved/Config/Windows/Engine.ini]
[2020.09.07-05.24.13:045][  0]LogInit: Computer: SYD-19EF44
[2020.09.07-05.24.13:046][  0]LogInit: User: s181813
[2020.09.07-05.24.13:046][  0]LogInit: CPU Page size=4096, Cores=4
[2020.09.07-05.24.13:046][  0]LogInit: High frequency timer resolution =10.000000 MHz
[2020.09.07-05.24.13:046][  0]LogMemory: Memory total: Physical=31.9GB (32GB approx)
[2020.09.07-05.24.13:046][  0]LogMemory: Platform Memory Stats for Windows
[2020.09.07-05.24.13:046][  0]LogMemory: Process Physical Memory: 102.02 MB used, 102.02 MB peak
[2020.09.07-05.24.13:047][  0]LogMemory: Process Virtual Memory: 99.08 MB used, 99.08 MB peak
[2020.09.07-05.24.13:047][  0]LogMemory: Physical Memory: 8632.86 MB used,  24022.26 MB free, 32655.12 MB total
[2020.09.07-05.24.13:047][  0]LogMemory: Virtual Memory: 4666.87 MB used,  134213064.00 MB free, 134217728.00 MB total
[2020.09.07-05.24.13:054][  0]LogWindows: WindowsPlatformFeatures enabled
[2020.09.07-05.24.13:269][  0]LogInit: Using OS detected language (en-US).
[2020.09.07-05.24.13:269][  0]LogInit: Using OS detected locale (en-AU).
[2020.09.07-05.24.13:270][  0]LogTextLocalizationManager: No specific localization for 'en-US' exists, so the 'en' localization will be used.
[2020.09.07-05.24.13:489][  0]LogInit: Setting process to per monitor DPI aware
[2020.09.07-05.24.13:529][  0]LogSlate: New Slate User Created.  User Index 0, Is Virtual User: 0
[2020.09.07-05.24.13:529][  0]LogSlate: Slate User Registered.  User Index 0, Is Virtual User: 0
[2020.09.07-05.24.13:722][  0]LogHMD: Failed to initialize OpenVR with code 110
[2020.09.07-05.24.13:722][  0]LogD3D11RHI: D3D11 adapters:
[2020.09.07-05.24.13:808][  0]LogD3D11RHI:    0. 'NVIDIA GeForce GTX 770' (Feature Level 11_0)
[2020.09.07-05.24.13:808][  0]LogD3D11RHI:       2007/0/16327 MB DedicatedVideo/DedicatedSystem/SharedSystem, Outputs:2, VendorId:0x10de
[2020.09.07-05.24.13:833][  0]LogD3D11RHI:    1. 'Intel(R) HD Graphics 4600' (Feature Level 11_0)
[2020.09.07-05.24.13:833][  0]LogD3D11RHI:       112/0/2048 MB DedicatedVideo/DedicatedSystem/SharedSystem, Outputs:0, VendorId:0x8086
[2020.09.07-05.24.13:842][  0]LogD3D11RHI:    2. 'Microsoft Basic Render Driver' (Feature Level 11_0)
[2020.09.07-05.24.13:842][  0]LogD3D11RHI:       0/0/16327 MB DedicatedVideo/DedicatedSystem/SharedSystem, Outputs:0, VendorId:0x1414
[2020.09.07-05.24.13:842][  0]LogD3D11RHI: Chosen D3D11 Adapter: 0
[2020.09.07-05.24.13:851][  0]LogD3D11RHI: Creating new Direct3DDevice
[2020.09.07-05.24.13:851][  0]LogD3D11RHI:     GPU DeviceId: 0x1184 (for the marketing name, search the web for "GPU Device Id")
[2020.09.07-05.24.13:851][  0]LogWindows: EnumDisplayDevices:
[2020.09.07-05.24.13:851][  0]LogWindows:    0. 'NVIDIA GeForce GTX 770' (P:1 D:1)
[2020.09.07-05.24.13:852][  0]LogWindows:    1. 'NVIDIA GeForce GTX 770' (P:0 D:1)
[2020.09.07-05.24.13:852][  0]LogWindows:    2. 'NVIDIA GeForce GTX 770' (P:0 D:0)
[2020.09.07-05.24.13:852][  0]LogWindows:    3. 'NVIDIA GeForce GTX 770' (P:0 D:0)
[2020.09.07-05.24.13:853][  0]LogWindows:    4. 'Intel(R) HD Graphics 4600' (P:0 D:0)
[2020.09.07-05.24.13:853][  0]LogWindows:    5. 'Intel(R) HD Graphics 4600' (P:0 D:0)
[2020.09.07-05.24.13:853][  0]LogWindows:    6. 'Intel(R) HD Graphics 4600' (P:0 D:0)
[2020.09.07-05.24.13:854][  0]LogWindows: DebugString: PrimaryIsNotTheChoosenAdapter PrimaryIsNotTheChoosenAdapter PrimaryIsNotTheChoosenAdapter FoundDriverCount:4 
[2020.09.07-05.24.13:854][  0]LogD3D11RHI:     Adapter Name: NVIDIA GeForce GTX 770
[2020.09.07-05.24.13:854][  0]LogD3D11RHI:   Driver Version: 451.67 (internal:27.21.14.5167, unified:451.67)
[2020.09.07-05.24.13:854][  0]LogD3D11RHI:      Driver Date: 7-5-2020
[2020.09.07-05.24.13:854][  0]LogRHI: Texture pool is 1404 MB (70% of 2007 MB)
[2020.09.07-05.24.13:926][  0]LogD3D11RHI: Async texture creation enabled
[2020.09.07-05.24.13:940][  0]LogD3D11RHI: GPU Timing Frequency: 1000.000000 (Debug: 2 1)
[2020.09.07-05.24.14:257][  0]LogTemp: Display: Module 'AllDesktopTargetPlatform' loaded TargetPlatform 'AllDesktop'
[2020.09.07-05.24.14:269][  0]LogTemp: Display: Module 'MacClientTargetPlatform' loaded TargetPlatform 'MacClient'
[2020.09.07-05.24.14:282][  0]LogTemp: Display: Module 'MacNoEditorTargetPlatform' loaded TargetPlatform 'MacNoEditor'
[2020.09.07-05.24.14:295][  0]LogTemp: Display: Module 'MacServerTargetPlatform' loaded TargetPlatform 'MacServer'
[2020.09.07-05.24.14:307][  0]LogTemp: Display: Module 'MacTargetPlatform' loaded TargetPlatform 'Mac'
[2020.09.07-05.24.14:318][  0]LogTemp: Display: Module 'WindowsClientTargetPlatform' loaded TargetPlatform 'WindowsClient'
[2020.09.07-05.24.14:331][  0]LogTemp: Display: Module 'WindowsNoEditorTargetPlatform' loaded TargetPlatform 'WindowsNoEditor'
[2020.09.07-05.24.14:342][  0]LogTemp: Display: Module 'WindowsServerTargetPlatform' loaded TargetPlatform 'WindowsServer'
[2020.09.07-05.24.14:349][  0]LogTemp: Display: Module 'WindowsTargetPlatform' loaded TargetPlatform 'Windows'
[2020.09.07-05.24.14:392][  0]LogTemp: Display: Module 'AndroidTargetPlatform' loaded TargetPlatform 'Android'
[2020.09.07-05.24.14:392][  0]LogTemp: Display: Module 'AndroidTargetPlatform' loaded TargetPlatform 'Android_ASTC'
[2020.09.07-05.24.14:392][  0]LogTemp: Display: Module 'AndroidTargetPlatform' loaded TargetPlatform 'Android_ATC'
[2020.09.07-05.24.14:392][  0]LogTemp: Display: Module 'AndroidTargetPlatform' loaded TargetPlatform 'Android_DXT'
[2020.09.07-05.24.14:392][  0]LogTemp: Display: Module 'AndroidTargetPlatform' loaded TargetPlatform 'Android_ETC1'
[2020.09.07-05.24.14:392][  0]LogTemp: Display: Module 'AndroidTargetPlatform' loaded TargetPlatform 'Android_ETC1a'
[2020.09.07-05.24.14:392][  0]LogTemp: Display: Module 'AndroidTargetPlatform' loaded TargetPlatform 'Android_ETC2'
[2020.09.07-05.24.14:392][  0]LogTemp: Display: Module 'AndroidTargetPlatform' loaded TargetPlatform 'Android_PVRTC'
[2020.09.07-05.24.14:392][  0]LogTemp: Display: Module 'AndroidTargetPlatform' loaded TargetPlatform 'AndroidClient'
[2020.09.07-05.24.14:392][  0]LogTemp: Display: Module 'AndroidTargetPlatform' loaded TargetPlatform 'Android_ASTCClient'
[2020.09.07-05.24.14:392][  0]LogTemp: Display: Module 'AndroidTargetPlatform' loaded TargetPlatform 'Android_ATCClient'
[2020.09.07-05.24.14:392][  0]LogTemp: Display: Module 'AndroidTargetPlatform' loaded TargetPlatform 'Android_DXTClient'
[2020.09.07-05.24.14:393][  0]LogTemp: Display: Module 'AndroidTargetPlatform' loaded TargetPlatform 'Android_ETC1Client'
[2020.09.07-05.24.14:393][  0]LogTemp: Display: Module 'AndroidTargetPlatform' loaded TargetPlatform 'Android_ETC1aClient'
[2020.09.07-05.24.14:393][  0]LogTemp: Display: Module 'AndroidTargetPlatform' loaded TargetPlatform 'Android_ETC2Client'
[2020.09.07-05.24.14:393][  0]LogTemp: Display: Module 'AndroidTargetPlatform' loaded TargetPlatform 'Android_PVRTCClient'
[2020.09.07-05.24.14:393][  0]LogTemp: Display: Module 'AndroidTargetPlatform' loaded TargetPlatform 'Android_Multi'
[2020.09.07-05.24.14:393][  0]LogTemp: Display: Module 'AndroidTargetPlatform' loaded TargetPlatform 'Android_MultiClient'
[2020.09.07-05.24.14:397][  0]LogTemp: Display: Module 'HTML5TargetPlatform' loaded TargetPlatform 'HTML5'
[2020.09.07-05.24.14:430][  0]LogTemp: Display: Module 'IOSTargetPlatform' loaded TargetPlatform 'IOSClient'
[2020.09.07-05.24.14:430][  0]LogTemp: Display: Module 'IOSTargetPlatform' loaded TargetPlatform 'IOS'
[2020.09.07-05.24.14:450][  0]LogTemp: Display: Module 'TVOSTargetPlatform' loaded TargetPlatform 'TVOSClient'
[2020.09.07-05.24.14:450][  0]LogTemp: Display: Module 'TVOSTargetPlatform' loaded TargetPlatform 'TVOS'
[2020.09.07-05.24.14:461][  0]LogTemp: Display: Module 'LinuxClientTargetPlatform' loaded TargetPlatform 'LinuxClient'
[2020.09.07-05.24.14:472][  0]LogTemp: Display: Module 'LinuxNoEditorTargetPlatform' loaded TargetPlatform 'LinuxNoEditor'
[2020.09.07-05.24.14:485][  0]LogTemp: Display: Module 'LinuxServerTargetPlatform' loaded TargetPlatform 'LinuxServer'
[2020.09.07-05.24.14:498][  0]LogTemp: Display: Module 'LinuxTargetPlatform' loaded TargetPlatform 'Linux'
[2020.09.07-05.24.14:532][  0]LogTemp: Display: Module 'LuminTargetPlatform' loaded TargetPlatform 'Lumin'
[2020.09.07-05.24.14:532][  0]LogTemp: Display: Module 'LuminTargetPlatform' loaded TargetPlatform 'LuminClient'
[2020.09.07-05.24.14:533][  0]LogTargetPlatformManager: Display: Building Assets For Windows
[2020.09.07-05.24.14:552][  0]LogAudioDebug: Display: Lib vorbis DLL was dynamically loaded.
[2020.09.07-05.24.14:636][  0]LogShaderCompilers: Guid format shader working directory is -35 characters bigger than the processId version (../../../../../../Users/s181813/Documents/GitHub/GhoulsAndGoblins/GhoulsAndGoodies/Intermediate/Shaders/WorkingDirectory/12056/).
[2020.09.07-05.24.14:636][  0]LogShaderCompilers: Cleaned the shader compiler working directory 'C:/Users/s181813/AppData/Local/Temp/UnrealShaderWorkingDir/09134C53446D3536FEEF60B673C58134/'.
[2020.09.07-05.24.14:639][  0]LogXGEController: Cleaning working directory: C:/Users/s181813/AppData/Local/Temp/UnrealXGEWorkingDir/
[2020.09.07-05.24.14:640][  0]LogXGEController: Cannot use XGE Controller as Incredibuild is not installed on this machine.
[2020.09.07-05.24.14:640][  0]LogShaderCompilers: Cannot use XGE Shader Compiler as Incredibuild is not installed on this machine.
[2020.09.07-05.24.14:640][  0]LogShaderCompilers: Display: Using Local Shader Compiler.
[2020.09.07-05.24.15:293][  0]LogDerivedDataCache: Display: Max Cache Size: 512 MB
[2020.09.07-05.24.15:356][  0]LogDerivedDataCache: Loaded boot cache 0.06s 76MB C:/Users/s181813/AppData/Local/UnrealEngine/4.23/DerivedDataCache/Boot.ddc.
[2020.09.07-05.24.15:356][  0]LogDerivedDataCache: Display: Loaded Boot cache: C:/Users/s181813/AppData/Local/UnrealEngine/4.23/DerivedDataCache/Boot.ddc
[2020.09.07-05.24.15:357][  0]LogDerivedDataCache: FDerivedDataBackendGraph:  Pak pak cache file ../../../../../../Users/s181813/Documents/GitHub/GhoulsAndGoblins/GhoulsAndGoodies/DerivedDataCache/DDC.ddp not found, will not use a pak cache.
[2020.09.07-05.24.15:357][  0]LogDerivedDataCache: Unable to find inner node Pak for hierarchical cache Hierarchy.
[2020.09.07-05.24.15:357][  0]LogDerivedDataCache: FDerivedDataBackendGraph:  CompressedPak pak cache file ../../../../../../Users/s181813/Documents/GitHub/GhoulsAndGoblins/GhoulsAndGoodies/DerivedDataCache/Compressed.ddp not found, will not use a pak cache.
[2020.09.07-05.24.15:357][  0]LogDerivedDataCache: Unable to find inner node CompressedPak for hierarchical cache Hierarchy.
[2020.09.07-05.24.15:368][  0]LogDerivedDataCache: Display: Pak cache opened for reading ../../../Engine/DerivedDataCache/Compressed.ddp.
[2020.09.07-05.24.15:368][  0]LogDerivedDataCache: FDerivedDataBackendGraph:  EnterprisePak pak cache file ../../../Enterprise/DerivedDataCache/Compressed.ddp not found, will not use a pak cache.
[2020.09.07-05.24.15:368][  0]LogDerivedDataCache: Unable to find inner node EnterprisePak for hierarchical cache Hierarchy.
[2020.09.07-05.24.15:371][  0]LogDerivedDataCache: Using Local data cache path C:/Users/s181813/AppData/Local/UnrealEngine/Common/DerivedDataCache: Writable
[2020.09.07-05.24.15:372][  0]LogDerivedDataCache: Shared data cache path not found in *engine.ini, will not use an Shared cache.
[2020.09.07-05.24.15:372][  0]LogDerivedDataCache: Unable to find inner node Shared for hierarchical cache Hierarchy.
[2020.09.07-05.24.15:397][  0]LogMaterial: Verifying Global Shaders for PCD3D_SM5
[2020.09.07-05.24.15:399][  0]LogSlate: Using FreeType 2.6.0
[2020.09.07-05.24.15:400][  0]LogSlate: SlateFontServices - WITH_FREETYPE: 1, WITH_HARFBUZZ: 1
[2020.09.07-05.24.15:461][  0]LogAssetRegistry: FAssetRegistry took 0.0056 seconds to start up
[2020.09.07-05.24.15:730][  0]LogInit: Selected Device Profile: [Windows]
[2020.09.07-05.24.15:892][  0]LogMeshReduction: Using QuadricMeshReduction for automatic static mesh reduction
[2020.09.07-05.24.15:892][  0]LogMeshReduction: Using SimplygonMeshReduction for automatic skeletal mesh reduction
[2020.09.07-05.24.15:892][  0]LogMeshReduction: Using ProxyLODMeshReduction for automatic mesh merging
[2020.09.07-05.24.15:892][  0]LogMeshReduction: No distributed automatic mesh merging module available
[2020.09.07-05.24.15:892][  0]LogMeshMerging: No distributed automatic mesh merging module available
[2020.09.07-05.24.15:903][  0]LogNetVersion: GhoulsAndGoodies 1.0.0, NetCL: 8386587, EngineNetVer: 11, GameNetVer: 0 (Checksum: 1842056771)
[2020.09.07-05.24.16:344][  0]LogPackageLocalizationCache: Processed 12 localized package path(s) for 1 prioritized culture(s) in 0.052843 seconds
[2020.09.07-05.24.16:351][  0]LogUObjectArray: 43444 objects as part of root set at end of initial load.
[2020.09.07-05.24.16:351][  0]LogUObjectAllocator: 7548648 out of 0 bytes used by permanent object pool.
[2020.09.07-05.24.16:351][  0]LogUObjectArray: CloseDisregardForGC: 0/0 objects in disregard for GC pool
[2020.09.07-05.24.17:372][  0]LogTcpMessaging: Initializing TcpMessaging bridge
[2020.09.07-05.24.17:380][  0]LogUdpMessaging: Initializing bridge on interface 0.0.0.0:0 to multicast group 230.0.0.1:6666.
[2020.09.07-05.24.17:626][  0]LogScript: Warning: Script Msg: No world was found for object (/Script/GhoulsAndGoodies.Default__GhoulsAndGoodiesGameMode) passed in to UEngine::GetWorldFromContextObject().
[2020.09.07-05.24.17:725][  0]SourceControl: Source control is disabled
[2020.09.07-05.24.17:725][  0]SourceControl: Source control is disabled
[2020.09.07-05.24.17:728][  0]SourceControl: Source control is disabled
[2020.09.07-05.24.17:732][  0]SourceControl: Source control is disabled
[2020.09.07-05.24.17:889][  0]LogAndroidPermission: UAndroidPermissionCallbackProxy::GetInstance
[2020.09.07-05.24.18:073][  0]LogOcInput: OculusInput pre-init called
[2020.09.07-05.24.18:084][  0]LogWindows: Failed to load 'OVRPlugin.dll' (GetLastError=126)
[2020.09.07-05.24.18:085][  0]LogWindows: File 'OVRPlugin.dll' does not exist
[2020.09.07-05.24.18:174][  0]LogEngine: Initializing Engine...
[2020.09.07-05.24.18:175][  0]LogHMD: Failed to initialize OpenVR with code 110
[2020.09.07-05.24.18:176][  0]LogStats: UGameplayTagsManager::InitializeManager -  0.000 s
[2020.09.07-05.24.18:392][  0]LogInit: Initializing FReadOnlyCVARCache
[2020.09.07-05.24.18:409][  0]LogAIModule: Creating AISystem for world Untitled
[2020.09.07-05.24.18:433][  0]LogInit: XAudio2 using 'Speakers (Realtek High Definition Audio)' : 2 channels at 48 kHz using 32 bits per sample (channel mask 0x3)
[2020.09.07-05.24.18:471][  0]LogInit: FAudioDevice initialized.
[2020.09.07-05.24.18:472][  0]LogNetVersion: Set ProjectVersion to 1.0.0.0. Version Checksum will be recalculated on next use.
[2020.09.07-05.24.18:605][  0]LogDerivedDataCache: Saved boot cache 0.13s 76MB C:/Users/s181813/AppData/Local/UnrealEngine/4.23/DerivedDataCache/Boot.ddc.
[2020.09.07-05.24.18:614][  0]LogInit: Texture streaming: Enabled
[2020.09.07-05.24.18:640][  0]LogEngineSessionManager: EngineSessionManager initialized
[2020.09.07-05.24.18:641][  0]LogEngineSessionManager: EngineSessionManager sent abnormal shutdown report. Type=Debugger, SessionId={B8BFDD62-4E0C-4C2B-EBFB-10B38CBD253B}
[2020.09.07-05.24.18:641][  0]LogEditorSessionSummary: Verbose: Initializing EditorSessionSummaryWriter for editor session tracking
[2020.09.07-05.24.18:642][  0]LogEditorSessionSummary: EditorSessionSummaryWriter initialized
[2020.09.07-05.24.18:710][  0]LogInit: Transaction tracking system initialized
[2020.09.07-05.24.18:758][  0]BlueprintLog: New page: Editor Load
[2020.09.07-05.24.18:868][  0]LocalizationService: Localization service is disabled
[2020.09.07-05.24.19:156][  0]LogFileCache: Scanning file cache for directory 'C:/Users/s181813/Documents/GitHub/GhoulsAndGoblins/GhoulsAndGoodies/Content/' took 0.01s
[2020.09.07-05.24.19:156][  0]LogCook: Display: Max memory allowance for cook 16384mb min free memory 0mb
[2020.09.07-05.24.19:156][  0]LogCook: Display: Mobile HDR setting 1
[2020.09.07-05.24.19:399][  0]SourceControl: Source control is disabled
[2020.09.07-05.24.19:399][  0]Cmd: MAP LOAD FILE="../../../../../../Users/s181813/Documents/GitHub/GhoulsAndGoblins/GhoulsAndGoodies/Content/TopDownCPP/Maps/TopDownExampleMap.umap" TEMPLATE=0 SHOWPROGRESS=1 FEATURELEVEL=3
[2020.09.07-05.24.19:400][  0]LightingResults: New page: Lighting Build
[2020.09.07-05.24.19:403][  0]LogWorld: UWorld::CleanupWorld for Untitled, bSessionEnded=true, bCleanupResources=true
[2020.09.07-05.24.19:403][  0]MapCheck: New page: Map Check
[2020.09.07-05.24.19:403][  0]LightingResults: New page: Lighting Build
[2020.09.07-05.24.19:430][  0]LogUObjectHash: Compacting FUObjectHashTables data took   2.64ms
[2020.09.07-05.24.19:507][  0]LogLinker: Warning: While loading '../../../../../../Users/s181813/Documents/GitHub/GhoulsAndGoblins/GhoulsAndGoodies/Content/TopDownCPP/Maps/TopDownExampleMap.umap' failed to load '/Game/TopDownCPP/UI/UI': Can't find file.
[2020.09.07-05.24.19:508][  0]LogLinker: Warning: While loading '../../../../../../Users/s181813/Documents/GitHub/GhoulsAndGoblins/GhoulsAndGoodies/Content/TopDownCPP/Maps/TopDownExampleMap.umap' failed to load '/Game/TopDownCPP/UI/UI': Can't find file.
[2020.09.07-05.24.19:509][  0]LogLinker: Warning: While loading '../../../../../../Users/s181813/Documents/GitHub/GhoulsAndGoblins/GhoulsAndGoodies/Content/TopDownCPP/Maps/TopDownExampleMap.umap' failed to load '/Game/TopDownCPP/UI/UI': Can't find file.
[2020.09.07-05.24.19:509][  0]LogLinker: Warning: While loading '../../../../../../Users/s181813/Documents/GitHub/GhoulsAndGoblins/GhoulsAndGoodies/Content/TopDownCPP/Maps/TopDownExampleMap.umap' failed to load '/Game/TopDownCPP/UI/UI': Can't find file.
[2020.09.07-05.24.19:509][  0]LogLinker: Warning: Failed to load '/Game/TopDownCPP/UI/UI': Can't find file.
[2020.09.07-05.24.19:510][  0]LogLinker: Warning: Failed to load '/Game/TopDownCPP/UI/UI': Can't find file.
[2020.09.07-05.24.19:510][  0]LogLinker: Warning: Failed to load '/Game/TopDownCPP/UI/UI': Can't find file.
[2020.09.07-05.24.19:510][  0]LogLinker: Warning: Failed to load '/Game/TopDownCPP/UI/UI': Can't find file.
[2020.09.07-05.24.19:510][  0]LogLinker: Warning: Failed to load '/Game/TopDownCPP/UI/UI': Can't find file.
[2020.09.07-05.24.19:511][  0]LogLinker: Warning: Failed to load '/Game/TopDownCPP/UI/UI': Can't find file.
[2020.09.07-05.24.19:511][  0]LogLinker: Warning: While loading '../../../../../../Users/s181813/Documents/GitHub/GhoulsAndGoblins/GhoulsAndGoodies/Content/TopDownCPP/Maps/TopDownExampleMap.umap' failed to load '/Game/TopDownCPP/UI/UI': Can't find file.
[2020.09.07-05.24.19:511][  0]LoadErrors: Failed to load /Game/TopDownCPP/UI/UI.UI_C Referenced by TopDownExampleMap
[2020.09.07-05.24.19:511][  0]LogLinker: Warning: While loading '../../../../../../Users/s181813/Documents/GitHub/GhoulsAndGoblins/GhoulsAndGoodies/Content/TopDownCPP/Maps/TopDownExampleMap.umap' failed to load '/Game/TopDownCPP/UI/UI': Can't find file.
[2020.09.07-05.24.19:511][  0]LoadErrors: Failed to load /Game/TopDownCPP/UI/UI.UI_C Referenced by TopDownExampleMap
[2020.09.07-05.24.19:539][  0]LogAIModule: Creating AISystem for world TopDownExampleMap
[2020.09.07-05.24.19:562][  0]LogEditorServer: Finished looking for orphan Actors (0.000 secs)
[2020.09.07-05.24.19:591][  0]LogUObjectHash: Compacting FUObjectHashTables data took   2.34ms
[2020.09.07-05.24.19:591][  0]Cmd: MAP CHECKDEP NOCLEARLOG
[2020.09.07-05.24.19:592][  0]MapCheck: Map check complete: 0 Error(s), 0 Warning(s), took 0.212ms to complete.
[2020.09.07-05.24.19:592][  0]LogFileHelpers: Loading map 'TopDownExampleMap' took 0.194
[2020.09.07-05.24.20:738][  0]LogSlate: Only BGRA pngs, bmps or icos are supported in by External Image Picker
[2020.09.07-05.24.20:784][  0]LogSlate: Updating window title bar state: overlay mode, drag disabled, window buttons hidden, title bar hidden
[2020.09.07-05.24.20:791][  0]LogSlate: Updating window title bar state: overlay mode, drag disabled, window buttons hidden, title bar hidden
[2020.09.07-05.24.20:799][  0]LogSlate: Updating window title bar state: overlay mode, drag disabled, window buttons hidden, title bar hidden
[2020.09.07-05.24.20:808][  0]LogSlate: Updating window title bar state: overlay mode, drag disabled, window buttons hidden, title bar hidden
[2020.09.07-05.24.20:828][  0]LogCollectionManager: Loaded 0 collections in 0.001729 seconds
[2020.09.07-05.24.20:840][  0]LogFileCache: Scanning file cache for directory 'C:/Users/s181813/Documents/GitHub/GhoulsAndGoblins/GhoulsAndGoodies/Saved/Collections/' took 0.00s
[2020.09.07-05.24.20:840][  0]LogFileCache: Scanning file cache for directory 'C:/Users/s181813/Documents/GitHub/GhoulsAndGoblins/GhoulsAndGoodies/Content/Developers/s181813/Collections/' took 0.00s
[2020.09.07-05.24.20:841][  0]LogFileCache: Scanning file cache for directory 'C:/Users/s181813/Documents/GitHub/GhoulsAndGoblins/GhoulsAndGoodies/Content/Collections/' took 0.00s
[2020.09.07-05.24.20:841][  0]LogCollectionManager: Rebuilt the GUID cache for 0 collections in 0.000001 seconds
[2020.09.07-05.24.20:851][  0]LogContentBrowser: Native class hierarchy populated in 0.0099 seconds. Added 2880 classes and 684 folders.
[2020.09.07-05.24.20:859][  0]LogContentBrowser: Native class hierarchy updated for 'WidgetCarousel' in 0.0004 seconds. Added 0 classes and 0 folders.
[2020.09.07-05.24.20:898][  0]LogContentBrowser: Native class hierarchy updated for 'AddContentDialog' in 0.0005 seconds. Added 0 classes and 0 folders.
[2020.09.07-05.24.20:911][  0]LogSlate: Took 0.000252 seconds to synchronously load lazily loaded font '../../../Engine/Content/Slate/Fonts/Roboto-Regular.ttf' (155K)
[2020.09.07-05.24.20:923][  0]LogSlate: Took 0.000281 seconds to synchronously load lazily loaded font '../../../Engine/Content/Slate/Fonts/Roboto-Bold.ttf' (160K)
[2020.09.07-05.24.20:934][  0]LogSlate: Took 0.000303 seconds to synchronously load lazily loaded font '../../../Engine/Content/Editor/Slate/Fonts/FontAwesome.ttf' (139K)
[2020.09.07-05.24.21:026][  0]LogRenderer: Reallocating scene render targets to support 1056x612 Format 10 NumSamples 1 (Frame:1).
[2020.09.07-05.24.21:119][  0]LogContentBrowser: Native class hierarchy updated for 'HierarchicalLODOutliner' in 0.0004 seconds. Added 0 classes and 0 folders.
[2020.09.07-05.24.21:119][  0]LogLoad: (Engine Initialization) Total time: 9.62 seconds
[2020.09.07-05.24.21:119][  0]LogLoad: (Engine Initialization) Total Blueprint compile time: 0.00 seconds
[2020.09.07-05.24.21:216][  0]LogAssetRegistry: Asset discovery search completed in 5.7586 seconds
[2020.09.07-05.24.21:220][  0]LogCollectionManager: Rebuilt the object cache for 0 collections in 0.000004 seconds (found 0 objects)
[2020.09.07-05.24.21:220][  0]LogCollectionManager: Fixed up redirectors for 0 collections in 0.000209 seconds (updated 0 objects)
[2020.09.07-05.24.21:221][  0]LogContentStreaming: Texture pool size now 1000 MB
[2020.09.07-05.25.21:395][179]LogEditorSessionSummary: EditorSessionSummary sent report. Type=Crashed, SessionId={DF0544FA-42BC-C0EA-9071-8D98812210E0}
[2020.09.07-05.25.21:395][179]LogEditorSessionSummary: EditorSessionSummary sent report. Type=Crashed, SessionId={DB6DDD0E-42EF-0874-92B5-9DBDF1DA1D49}
[2020.09.07-05.25.21:395][179]LogEditorSessionSummary: EditorSessionSummary sent report. Type=Debugger, SessionId={E3CA121C-46B2-E97F-B4BA-228C470E443F}
[2020.09.07-05.29.22:350][895]LogEditorSessionSummary: EditorSessionSummary sent report. Type=Debugger, SessionId={B8BFDD62-4E0C-4C2B-EBFB-10B38CBD253B}
[2020.09.07-05.32.34:950][603]LogSlate: FSceneViewport::OnFocusLost() reason 0
[2020.09.07-05.32.35:385][652]LogSlate: Took 0.000258 seconds to synchronously load lazily loaded font '../../../Engine/Content/Slate/Fonts/Roboto-Light.ttf' (167K)
[2020.09.07-05.32.36:506][781]Candidate modules for hot reload:
[2020.09.07-05.32.36:506][781]  GhoulsAndGoodies
[2020.09.07-05.32.36:506][781]Launching UnrealBuildTool... [C:/Program Files/Epic Games/UE_4.23/Engine/Binaries/DotNET/UnrealBuildTool.exe  -ModuleWithSuffix=GhoulsAndGoodies,1315 Win64 Development -TargetType=Editor -Project="C:/Users/s181813/Documents/GitHub/GhoulsAndGoblins/GhoulsAndGoodies/GhoulsAndGoodies.uproject" "C:/Users/s181813/Documents/GitHub/GhoulsAndGoblins/GhoulsAndGoodies/GhoulsAndGoodies.uproject"  -IgnoreJunk]
[2020.09.07-05.32.36:508][781]Warning: Starting HotReload took  0.0s.
[2020.09.07-05.32.48:389][144]CompilerResultsLog: New page: Compilation - 8 Sep 2020 1:32:48 am
[2020.09.07-05.32.48:390][144]CompilerResultsLog: Using 'git status' to determine working set for adaptive non-unity build (C:\Users\s181813\Documents\GitHub\GhoulsAndGoblins).
[2020.09.07-05.32.48:390][144]CompilerResultsLog: Parsing headers for GhoulsAndGoodiesEditor
[2020.09.07-05.32.48:390][144]CompilerResultsLog:   Running UnrealHeaderTool "C:\Users\s181813\Documents\GitHub\GhoulsAndGoblins\GhoulsAndGoodies\GhoulsAndGoodies.uproject" "C:\Users\s181813\Documents\GitHub\GhoulsAndGoblins\GhoulsAndGoodies\Intermediate\Build\Win64\GhoulsAndGoodiesEditor\Development\GhoulsAndGoodiesEditor.uhtmanifest" -LogCmds="loginit warning, logexit warning, logdatabase error" -Unattended -WarningsAsErrors -installed
[2020.09.07-05.32.48:390][144]CompilerResultsLog: Reflection code generated for GhoulsAndGoodiesEditor in 6.5167598 seconds
[2020.09.07-05.32.48:390][144]CompilerResultsLog: Failed to delete file 'C:\Users\s181813\Documents\GitHub\GhoulsAndGoblins\GhoulsAndGoodies\Binaries\Win64\UE4Editor-GhoulsAndGoodies.pdb'
[2020.09.07-05.32.48:390][144]CompilerResultsLog:     Exception: Access to the path 'C:\Users\s181813\Documents\GitHub\GhoulsAndGoblins\GhoulsAndGoodies\Binaries\Win64\UE4Editor-GhoulsAndGoodies.pdb' is denied.
[2020.09.07-05.32.48:390][144]CompilerResultsLog: Attempting to retry...
[2020.09.07-05.32.48:390][144]CompilerResultsLog: Failed to delete file 'C:\Users\s181813\Documents\GitHub\GhoulsAndGoblins\GhoulsAndGoodies\Binaries\Win64\UE4Editor-GhoulsAndGoodies.pdb'
[2020.09.07-05.32.48:390][144]CompilerResultsLog:     Exception: Access to the path 'C:\Users\s181813\Documents\GitHub\GhoulsAndGoblins\GhoulsAndGoodies\Binaries\Win64\UE4Editor-GhoulsAndGoodies.pdb' is denied.
[2020.09.07-05.32.48:390][144]CompilerResultsLog: Attempting to retry...
[2020.09.07-05.32.48:391][144]CompilerResultsLog: Failed to delete file 'C:\Users\s181813\Documents\GitHub\GhoulsAndGoblins\GhoulsAndGoodies\Binaries\Win64\UE4Editor-GhoulsAndGoodies.pdb'
[2020.09.07-05.32.48:391][144]CompilerResultsLog:     Exception: Access to the path 'C:\Users\s181813\Documents\GitHub\GhoulsAndGoblins\GhoulsAndGoodies\Binaries\Win64\UE4Editor-GhoulsAndGoodies.pdb' is denied.
[2020.09.07-05.32.48:391][144]CompilerResultsLog: ERROR: Exhausted all retries!
[2020.09.07-05.32.48:391][144]CompilerResultsLog: Using Visual Studio 2019 14.24.28314 toolchain (C:\Program Files (x86)\Microsoft Visual Studio\2019\Enterprise\VC\Tools\MSVC\14.24.28314) and Windows 10.0.18362.0 SDK (C:\Program Files (x86)\Windows Kits\10).
[2020.09.07-05.32.48:391][144]CompilerResultsLog: Building 4 actions with 8 processes...
[2020.09.07-05.32.48:391][144]CompilerResultsLog:   [1/4] Tile.cpp
[2020.09.07-05.32.48:391][144]CompilerResultsLog:   [2/4] UE4Editor-GhoulsAndGoodies-1315.lib
[2020.09.07-05.32.48:391][144]CompilerResultsLog:      Creating library C:\Users\s181813\Documents\GitHub\GhoulsAndGoblins\GhoulsAndGoodies\Intermediate\Build\Win64\UE4Editor\Development\GhoulsAndGoodies\UE4Editor-GhoulsAndGoodies-1315.lib and object C:\Users\s181813\Documents\GitHub\GhoulsAndGoblins\GhoulsAndGoodies\Intermediate\Build\Win64\UE4Editor\Development\GhoulsAndGoodies\UE4Editor-GhoulsAndGoodies-1315.exp
[2020.09.07-05.32.48:392][144]CompilerResultsLog:   [3/4] UE4Editor-GhoulsAndGoodies-1315.dll
[2020.09.07-05.32.48:392][144]CompilerResultsLog:      Creating library C:\Users\s181813\Documents\GitHub\GhoulsAndGoblins\GhoulsAndGoodies\Intermediate\Build\Win64\UE4Editor\Development\GhoulsAndGoodies\UE4Editor-GhoulsAndGoodies-1315.suppressed.lib and object C:\Users\s181813\Documents\GitHub\GhoulsAndGoblins\GhoulsAndGoodies\Intermediate\Build\Win64\UE4Editor\Development\GhoulsAndGoodies\UE4Editor-GhoulsAndGoodies-1315.suppressed.exp
[2020.09.07-05.32.48:392][144]CompilerResultsLog:   [4/4] GhoulsAndGoodiesEditor.target
[2020.09.07-05.32.48:392][144]CompilerResultsLog: Total time in Parallel executor: 2.15 seconds
[2020.09.07-05.32.48:392][144]CompilerResultsLog: Total execution time: 11.78 seconds
[2020.09.07-05.32.48:392][144]LogMainFrame: MainFrame: Module compiling took 11.890 seconds
[2020.09.07-05.32.48:413][144]LogUObjectHash: Compacting FUObjectHashTables data took   0.98ms
[2020.09.07-05.32.48:466][144]LogClass: EGNGGameState HotReload.
[2020.09.07-05.32.48:466][144]LogClass: ETileDefenceType HotReload.
[2020.09.07-05.32.48:469][144]LogHotReload: Re-instancing AICharacter after hot-reload.
[2020.09.07-05.32.48:578][144]LogScript: Warning: Script Msg: No world was found for object (/Script/GhoulsAndGoodies.Default__GhoulsAndGoodiesGameMode) passed in to UEngine::GetWorldFromContextObject().
[2020.09.07-05.32.48:583][144]LogContentBrowser: Native class hierarchy updated for 'GhoulsAndGoodies' in 0.0005 seconds. Added 16 classes and 2 folders.
[2020.09.07-05.32.48:586][144]Display: HotReload successful (13 functions remapped  0 scriptstructs remapped)
[2020.09.07-05.32.48:658][144]LogUObjectHash: Compacting FUObjectHashTables data took   1.60ms
[2020.09.07-05.32.48:667][144]LogContentBrowser: Native class hierarchy populated in 0.0085 seconds. Added 2880 classes and 684 folders.
[2020.09.07-05.32.48:672][144]Display: HotReload took 12.2s.
[2020.09.07-05.32.50:791][394]LogTemp: Repeating last play command: Selected Viewport
[2020.09.07-05.32.50:812][394]LogBlueprintUserMessages: Early PlayInEditor Detection: Level '/Game/TopDownCPP/Maps/TopDownExampleMap.TopDownExampleMap:PersistentLevel' has LevelScriptBlueprint '/Game/TopDownCPP/Maps/TopDownExampleMap.TopDownExampleMap:PersistentLevel.TopDownExampleMap' with GeneratedClass '/Game/TopDownCPP/Maps/TopDownExampleMap.TopDownExampleMap_C' with ClassGeneratedBy '/Game/TopDownCPP/Maps/TopDownExampleMap.TopDownExampleMap:PersistentLevel.TopDownExampleMap'
[2020.09.07-05.32.50:812][394]LogPlayLevel: PlayLevel: No blueprints needed recompiling
[2020.09.07-05.32.50:813][394]PIE: New page: PIE session: TopDownExampleMap (8 Sep 2020 1:32:50 am)
[2020.09.07-05.32.50:815][394]LogOnline: OSS: Creating online subsystem instance for: NULL
[2020.09.07-05.32.50:818][394]LogPlayLevel: Creating play world package: /Game/TopDownCPP/Maps/UEDPIE_0_TopDownExampleMap
[2020.09.07-05.32.50:836][394]LogPlayLevel: PIE: StaticDuplicateObject took: (0.018437s)
[2020.09.07-05.32.50:838][394]LogAIModule: Creating AISystem for world TopDownExampleMap
[2020.09.07-05.32.50:838][394]LogPlayLevel: PIE: World Init took: (0.001595s)
[2020.09.07-05.32.50:838][394]LogPlayLevel: PIE: Created PIE world by copying editor world from /Game/TopDownCPP/Maps/TopDownExampleMap.TopDownExampleMap to /Game/TopDownCPP/Maps/UEDPIE_0_TopDownExampleMap.TopDownExampleMap (0.020701s)
[2020.09.07-05.32.50:871][394]LogUObjectHash: Compacting FUObjectHashTables data took   3.02ms
[2020.09.07-05.32.50:879][394]LogInit: XAudio2 using 'Speakers (Realtek High Definition Audio)' : 2 channels at 48 kHz using 32 bits per sample (channel mask 0x3)
[2020.09.07-05.32.50:901][394]LogInit: FAudioDevice initialized.
[2020.09.07-05.32.50:917][394]LogLoad: Game class is 'GhoulsAndGoodiesGameMode'
[2020.09.07-05.32.50:919][394]LogWorld: Bringing World /Game/TopDownCPP/Maps/UEDPIE_0_TopDownExampleMap.TopDownExampleMap up for play (max tick rate 0) at 2020.09.07-15.32.50
[2020.09.07-05.32.50:920][394]LogWorld: Bringing up level for play took: 0.001496
[2020.09.07-05.32.50:920][394]LogOnline: OSS: Creating online subsystem instance for: :Context_2
[2020.09.07-05.32.50:946][394]LogContentBrowser: Native class hierarchy updated for 'MovieSceneCapture' in 0.0004 seconds. Added 20 classes and 0 folders.
[2020.09.07-05.32.50:947][394]LogActor: Warning: GNGPawn /Game/TopDownCPP/Maps/UEDPIE_0_TopDownExampleMap.TopDownExampleMap:PersistentLevel.GNGPawn_0 has natively added scene component(s), but none of them were set as the actor's RootComponent - picking one arbitrarily
[2020.09.07-05.32.50:959][394]PIE: Play in editor start time for /Game/TopDownCPP/Maps/UEDPIE_0_TopDownExampleMap 0.803
[2020.09.07-05.32.50:959][394]LogBlueprintUserMessages: Late PlayInEditor Detection: Level '/Game/TopDownCPP/Maps/TopDownExampleMap.TopDownExampleMap:PersistentLevel' has LevelScriptBlueprint '/Game/TopDownCPP/Maps/TopDownExampleMap.TopDownExampleMap:PersistentLevel.TopDownExampleMap' with GeneratedClass '/Game/TopDownCPP/Maps/TopDownExampleMap.TopDownExampleMap_C' with ClassGeneratedBy '/Game/TopDownCPP/Maps/TopDownExampleMap.TopDownExampleMap:PersistentLevel.TopDownExampleMap'
[2020.09.07-05.32.53:403][665]LogSlate: FSceneViewport::OnFocusLost() reason 0
[2020.09.07-05.32.57:458][148]LogSlate: FSceneViewport::OnFocusLost() reason 0
[2020.09.07-05.33.05:825][152]LogSlate: FSceneViewport::OnFocusLost() reason 0
[2020.09.07-05.33.05:901][161]LogBlueprintUserMessages: Early EndPlayMap Detection: Level '/Game/TopDownCPP/Maps/TopDownExampleMap.TopDownExampleMap:PersistentLevel' has LevelScriptBlueprint '/Game/TopDownCPP/Maps/TopDownExampleMap.TopDownExampleMap:PersistentLevel.TopDownExampleMap' with GeneratedClass '/Game/TopDownCPP/Maps/TopDownExampleMap.TopDownExampleMap_C' with ClassGeneratedBy '/Game/TopDownCPP/Maps/TopDownExampleMap.TopDownExampleMap:PersistentLevel.TopDownExampleMap'
[2020.09.07-05.33.05:901][161]LogSlate: Updating window title bar state: overlay mode, drag disabled, window buttons hidden, title bar hidden
[2020.09.07-05.33.05:902][161]LogWorld: BeginTearingDown for /Game/TopDownCPP/Maps/UEDPIE_0_TopDownExampleMap
[2020.09.07-05.33.05:902][161]LogWorld: UWorld::CleanupWorld for TopDownExampleMap, bSessionEnded=true, bCleanupResources=true
[2020.09.07-05.33.05:917][161]LogPlayLevel: Display: Shutting down PIE online subsystems
[2020.09.07-05.33.05:918][161]LogBlueprintUserMessages: Late EndPlayMap Detection: Level '/Game/TopDownCPP/Maps/TopDownExampleMap.TopDownExampleMap:PersistentLevel' has LevelScriptBlueprint '/Game/TopDownCPP/Maps/TopDownExampleMap.TopDownExampleMap:PersistentLevel.TopDownExampleMap' with GeneratedClass '/Game/TopDownCPP/Maps/TopDownExampleMap.TopDownExampleMap_C' with ClassGeneratedBy '/Game/TopDownCPP/Maps/TopDownExampleMap.TopDownExampleMap:PersistentLevel.TopDownExampleMap'
[2020.09.07-05.33.05:943][161]LogSlate: Updating window title bar state: overlay mode, drag disabled, window buttons hidden, title bar hidden
[2020.09.07-05.33.05:947][161]LogUObjectHash: Compacting FUObjectHashTables data took   1.61ms
[2020.09.07-05.33.06:003][166]LogPlayLevel: Display: Destroying online subsystem :Context_2
[2020.09.07-05.33.55:476][694]Candidate modules for hot reload:
[2020.09.07-05.33.55:476][694]  GhoulsAndGoodies
[2020.09.07-05.33.55:476][694]Launching UnrealBuildTool... [C:/Program Files/Epic Games/UE_4.23/Engine/Binaries/DotNET/UnrealBuildTool.exe  -ModuleWithSuffix=GhoulsAndGoodies,555 Win64 Development -TargetType=Editor -Project="C:/Users/s181813/Documents/GitHub/GhoulsAndGoblins/GhoulsAndGoodies/GhoulsAndGoodies.uproject" "C:/Users/s181813/Documents/GitHub/GhoulsAndGoblins/GhoulsAndGoodies/GhoulsAndGoodies.uproject"  -IgnoreJunk]
[2020.09.07-05.33.55:479][694]Warning: Starting HotReload took  0.0s.
[2020.09.07-05.34.09:744][381]CompilerResultsLog: New page: Compilation - 8 Sep 2020 1:34:09 am
[2020.09.07-05.34.09:744][381]CompilerResultsLog: Using 'git status' to determine working set for adaptive non-unity build (C:\Users\s181813\Documents\GitHub\GhoulsAndGoblins).
[2020.09.07-05.34.09:745][381]CompilerResultsLog: Parsing headers for GhoulsAndGoodiesEditor
[2020.09.07-05.34.09:745][381]CompilerResultsLog:   Running UnrealHeaderTool "C:\Users\s181813\Documents\GitHub\GhoulsAndGoblins\GhoulsAndGoodies\GhoulsAndGoodies.uproject" "C:\Users\s181813\Documents\GitHub\GhoulsAndGoblins\GhoulsAndGoodies\Intermediate\Build\Win64\GhoulsAndGoodiesEditor\Development\GhoulsAndGoodiesEditor.uhtmanifest" -LogCmds="loginit warning, logexit warning, logdatabase error" -Unattended -WarningsAsErrors -installed
[2020.09.07-05.34.09:745][381]CompilerResultsLog: Reflection code generated for GhoulsAndGoodiesEditor in 6.3538528 seconds
[2020.09.07-05.34.09:745][381]CompilerResultsLog: Failed to delete file 'C:\Users\s181813\Documents\GitHub\GhoulsAndGoblins\GhoulsAndGoodies\Binaries\Win64\UE4Editor-GhoulsAndGoodies.pdb'
[2020.09.07-05.34.09:745][381]CompilerResultsLog:     Exception: Access to the path 'C:\Users\s181813\Documents\GitHub\GhoulsAndGoblins\GhoulsAndGoodies\Binaries\Win64\UE4Editor-GhoulsAndGoodies.pdb' is denied.
[2020.09.07-05.34.09:745][381]CompilerResultsLog: Attempting to retry...
[2020.09.07-05.34.09:745][381]CompilerResultsLog: Failed to delete file 'C:\Users\s181813\Documents\GitHub\GhoulsAndGoblins\GhoulsAndGoodies\Binaries\Win64\UE4Editor-GhoulsAndGoodies.pdb'
[2020.09.07-05.34.09:745][381]CompilerResultsLog:     Exception: Access to the path 'C:\Users\s181813\Documents\GitHub\GhoulsAndGoblins\GhoulsAndGoodies\Binaries\Win64\UE4Editor-GhoulsAndGoodies.pdb' is denied.
[2020.09.07-05.34.09:746][381]CompilerResultsLog: Attempting to retry...
[2020.09.07-05.34.09:746][381]CompilerResultsLog: Failed to delete file 'C:\Users\s181813\Documents\GitHub\GhoulsAndGoblins\GhoulsAndGoodies\Binaries\Win64\UE4Editor-GhoulsAndGoodies.pdb'
[2020.09.07-05.34.09:746][381]CompilerResultsLog:     Exception: Access to the path 'C:\Users\s181813\Documents\GitHub\GhoulsAndGoblins\GhoulsAndGoodies\Binaries\Win64\UE4Editor-GhoulsAndGoodies.pdb' is denied.
[2020.09.07-05.34.09:746][381]CompilerResultsLog: ERROR: Exhausted all retries!
[2020.09.07-05.34.09:747][381]CompilerResultsLog: Using Visual Studio 2019 14.24.28314 toolchain (C:\Program Files (x86)\Microsoft Visual Studio\2019\Enterprise\VC\Tools\MSVC\14.24.28314) and Windows 10.0.18362.0 SDK (C:\Program Files (x86)\Windows Kits\10).
[2020.09.07-05.34.09:747][381]CompilerResultsLog: Building 5 actions with 8 processes...
[2020.09.07-05.34.09:747][381]CompilerResultsLog:   [1/5] Tile.cpp
[2020.09.07-05.34.09:747][381]CompilerResultsLog:   [2/5] DefendingUnit.cpp
[2020.09.07-05.34.09:747][381]CompilerResultsLog:   [3/5] UE4Editor-GhoulsAndGoodies-0555.lib
[2020.09.07-05.34.09:747][381]CompilerResultsLog:      Creating library C:\Users\s181813\Documents\GitHub\GhoulsAndGoblins\GhoulsAndGoodies\Intermediate\Build\Win64\UE4Editor\Development\GhoulsAndGoodies\UE4Editor-GhoulsAndGoodies-0555.lib and object C:\Users\s181813\Documents\GitHub\GhoulsAndGoblins\GhoulsAndGoodies\Intermediate\Build\Win64\UE4Editor\Development\GhoulsAndGoodies\UE4Editor-GhoulsAndGoodies-0555.exp
[2020.09.07-05.34.09:748][381]CompilerResultsLog:   [4/5] UE4Editor-GhoulsAndGoodies-0555.dll
[2020.09.07-05.34.09:748][381]CompilerResultsLog:      Creating library C:\Users\s181813\Documents\GitHub\GhoulsAndGoblins\GhoulsAndGoodies\Intermediate\Build\Win64\UE4Editor\Development\GhoulsAndGoodies\UE4Editor-GhoulsAndGoodies-0555.suppressed.lib and object C:\Users\s181813\Documents\GitHub\GhoulsAndGoblins\GhoulsAndGoodies\Intermediate\Build\Win64\UE4Editor\Development\GhoulsAndGoodies\UE4Editor-GhoulsAndGoodies-0555.suppressed.exp
[2020.09.07-05.34.09:748][381]CompilerResultsLog:   [5/5] GhoulsAndGoodiesEditor.target
[2020.09.07-05.34.09:748][381]CompilerResultsLog: Total time in Parallel executor: 4.72 seconds
[2020.09.07-05.34.09:748][381]CompilerResultsLog: Total execution time: 14.18 seconds
[2020.09.07-05.34.09:748][381]LogMainFrame: MainFrame: Module compiling took 14.278 seconds
[2020.09.07-05.34.09:770][381]LogUObjectHash: Compacting FUObjectHashTables data took   1.05ms
[2020.09.07-05.34.09:778][381]LogContentBrowser: Native class hierarchy populated in 0.0084 seconds. Added 2880 classes and 684 folders.
[2020.09.07-05.34.09:783][381]Display: HotReload took 14.3s.
[2020.09.07-05.34.10:416][457]LogTemp: Repeating last play command: Selected Viewport
[2020.09.07-05.34.10:436][457]LogBlueprintUserMessages: Early PlayInEditor Detection: Level '/Game/TopDownCPP/Maps/TopDownExampleMap.TopDownExampleMap:PersistentLevel' has LevelScriptBlueprint '/Game/TopDownCPP/Maps/TopDownExampleMap.TopDownExampleMap:PersistentLevel.TopDownExampleMap' with GeneratedClass '/Game/TopDownCPP/Maps/TopDownExampleMap.TopDownExampleMap_C' with ClassGeneratedBy '/Game/TopDownCPP/Maps/TopDownExampleMap.TopDownExampleMap:PersistentLevel.TopDownExampleMap'
[2020.09.07-05.34.10:436][457]LogPlayLevel: PlayLevel: No blueprints needed recompiling
[2020.09.07-05.34.10:436][457]PIE: New page: PIE session: TopDownExampleMap (8 Sep 2020 1:34:10 am)
[2020.09.07-05.34.10:437][457]LogPlayLevel: Creating play world package: /Game/TopDownCPP/Maps/UEDPIE_0_TopDownExampleMap
[2020.09.07-05.34.10:449][457]LogPlayLevel: PIE: StaticDuplicateObject took: (0.011998s)
[2020.09.07-05.34.10:451][457]LogAIModule: Creating AISystem for world TopDownExampleMap
[2020.09.07-05.34.10:451][457]LogPlayLevel: PIE: World Init took: (0.001902s)
[2020.09.07-05.34.10:451][457]LogPlayLevel: PIE: Created PIE world by copying editor world from /Game/TopDownCPP/Maps/TopDownExampleMap.TopDownExampleMap to /Game/TopDownCPP/Maps/UEDPIE_0_TopDownExampleMap.TopDownExampleMap (0.014439s)
[2020.09.07-05.34.10:481][457]LogUObjectHash: Compacting FUObjectHashTables data took   2.11ms
[2020.09.07-05.34.10:491][457]LogInit: XAudio2 using 'Speakers (Realtek High Definition Audio)' : 2 channels at 48 kHz using 32 bits per sample (channel mask 0x3)
[2020.09.07-05.34.10:511][457]LogInit: FAudioDevice initialized.
[2020.09.07-05.34.10:520][457]LogLoad: Game class is 'GhoulsAndGoodiesGameMode'
[2020.09.07-05.34.10:522][457]LogWorld: Bringing World /Game/TopDownCPP/Maps/UEDPIE_0_TopDownExampleMap.TopDownExampleMap up for play (max tick rate 0) at 2020.09.07-15.34.10
[2020.09.07-05.34.10:522][457]LogWorld: Bringing up level for play took: 0.001432
[2020.09.07-05.34.10:523][457]LogOnline: OSS: Creating online subsystem instance for: :Context_3
[2020.09.07-05.34.10:526][457]LogActor: Warning: GNGPawn /Game/TopDownCPP/Maps/UEDPIE_0_TopDownExampleMap.TopDownExampleMap:PersistentLevel.GNGPawn_0 has natively added scene component(s), but none of them were set as the actor's RootComponent - picking one arbitrarily
[2020.09.07-05.34.10:538][457]PIE: Play in editor start time for /Game/TopDownCPP/Maps/UEDPIE_0_TopDownExampleMap 0.383
[2020.09.07-05.34.10:538][457]LogBlueprintUserMessages: Late PlayInEditor Detection: Level '/Game/TopDownCPP/Maps/TopDownExampleMap.TopDownExampleMap:PersistentLevel' has LevelScriptBlueprint '/Game/TopDownCPP/Maps/TopDownExampleMap.TopDownExampleMap:PersistentLevel.TopDownExampleMap' with GeneratedClass '/Game/TopDownCPP/Maps/TopDownExampleMap.TopDownExampleMap_C' with ClassGeneratedBy '/Game/TopDownCPP/Maps/TopDownExampleMap.TopDownExampleMap:PersistentLevel.TopDownExampleMap'
[2020.09.07-05.34.13:868][834]LogSlate: FSceneViewport::OnFocusLost() reason 0
[2020.09.07-05.34.17:977][327]LogSlate: FSceneViewport::OnFocusLost() reason 0
[2020.09.07-05.34.29:570][718]LogSlate: FSceneViewport::OnFocusLost() reason 0
[2020.09.07-05.34.29:631][725]LogNet: Browse: /Game/TopDownCPP/Maps/MainMenu
[2020.09.07-05.34.29:631][725]LogLoad: LoadMap: /Game/TopDownCPP/Maps/MainMenu
[2020.09.07-05.34.29:631][725]LogWorld: BeginTearingDown for /Game/TopDownCPP/Maps/UEDPIE_0_TopDownExampleMap
[2020.09.07-05.34.29:632][725]LogWorld: UWorld::CleanupWorld for TopDownExampleMap, bSessionEnded=true, bCleanupResources=true
[2020.09.07-05.34.29:658][725]LogUObjectHash: Compacting FUObjectHashTables data took   1.95ms
[2020.09.07-05.34.29:695][725]LogAIModule: Creating AISystem for world MainMenu
[2020.09.07-05.34.29:695][725]LogLoad: Game class is 'GhoulsAndGoodiesGameMode'
[2020.09.07-05.34.29:697][725]LogWorld: Bringing World /Game/TopDownCPP/Maps/UEDPIE_0_MainMenu.MainMenu up for play (max tick rate 0) at 2020.09.07-15.34.29
[2020.09.07-05.34.29:697][725]LogWorld: Bringing up level for play took: 0.000869
[2020.09.07-05.34.29:698][725]LogGameMode: FindPlayerStart: PATHS NOT DEFINED or NO PLAYERSTART with positive rating
[2020.09.07-05.34.29:698][725]LogActor: Warning: GNGPawn /Game/TopDownCPP/Maps/UEDPIE_0_MainMenu.MainMenu:PersistentLevel.GNGPawn_0 has natively added scene component(s), but none of them were set as the actor's RootComponent - picking one arbitrarily
[2020.09.07-05.34.29:700][725]LogLoad: Took 0.069282 seconds to LoadMap(/Game/TopDownCPP/Maps/MainMenu)
[2020.09.07-05.34.31:986][999]LogSlate: Updating window title bar state: overlay mode, drag disabled, window buttons hidden, title bar hidden
[2020.09.07-05.34.31:986][999]LogBlueprintUserMessages: Early EndPlayMap Detection: Level '/Game/TopDownCPP/Maps/TopDownExampleMap.TopDownExampleMap:PersistentLevel' has LevelScriptBlueprint '/Game/TopDownCPP/Maps/TopDownExampleMap.TopDownExampleMap:PersistentLevel.TopDownExampleMap' with GeneratedClass '/Game/TopDownCPP/Maps/TopDownExampleMap.TopDownExampleMap_C' with ClassGeneratedBy '/Game/TopDownCPP/Maps/TopDownExampleMap.TopDownExampleMap:PersistentLevel.TopDownExampleMap'
[2020.09.07-05.34.31:986][999]LogWorld: BeginTearingDown for /Game/TopDownCPP/Maps/UEDPIE_0_MainMenu
[2020.09.07-05.34.31:986][999]LogWorld: UWorld::CleanupWorld for MainMenu, bSessionEnded=true, bCleanupResources=true
[2020.09.07-05.34.32:000][999]LogPlayLevel: Display: Shutting down PIE online subsystems
[2020.09.07-05.34.32:001][999]LogBlueprintUserMessages: Late EndPlayMap Detection: Level '/Game/TopDownCPP/Maps/TopDownExampleMap.TopDownExampleMap:PersistentLevel' has LevelScriptBlueprint '/Game/TopDownCPP/Maps/TopDownExampleMap.TopDownExampleMap:PersistentLevel.TopDownExampleMap' with GeneratedClass '/Game/TopDownCPP/Maps/TopDownExampleMap.TopDownExampleMap_C' with ClassGeneratedBy '/Game/TopDownCPP/Maps/TopDownExampleMap.TopDownExampleMap:PersistentLevel.TopDownExampleMap'
[2020.09.07-05.34.32:027][999]LogSlate: Updating window title bar state: overlay mode, drag disabled, window buttons hidden, title bar hidden
[2020.09.07-05.34.32:031][999]LogUObjectHash: Compacting FUObjectHashTables data took   2.26ms
[2020.09.07-05.34.32:093][  4]LogPlayLevel: Display: Destroying online subsystem :Context_3
[2020.09.07-05.34.50:150][ 29]LogSlate: Took 0.000171 seconds to synchronously load lazily loaded font '../../../Engine/Content/Slate/Fonts/Roboto-Light.ttf' (167K)
[2020.09.07-05.35.10:693][136]Candidate modules for hot reload:
[2020.09.07-05.35.10:693][136]  GhoulsAndGoodies
[2020.09.07-05.35.10:694][136]Launching UnrealBuildTool... [C:/Program Files/Epic Games/UE_4.23/Engine/Binaries/DotNET/UnrealBuildTool.exe  -ModuleWithSuffix=GhoulsAndGoodies,7774 Win64 Development -TargetType=Editor -Project="C:/Users/s181813/Documents/GitHub/GhoulsAndGoblins/GhoulsAndGoodies/GhoulsAndGoodies.uproject" "C:/Users/s181813/Documents/GitHub/GhoulsAndGoblins/GhoulsAndGoodies/GhoulsAndGoodies.uproject"  -IgnoreJunk]
[2020.09.07-05.35.10:696][136]Warning: Starting HotReload took  0.0s.
[2020.09.07-05.35.22:310][518]CompilerResultsLog: New page: Compilation - 8 Sep 2020 1:35:22 am
[2020.09.07-05.35.22:310][518]CompilerResultsLog: Using 'git status' to determine working set for adaptive non-unity build (C:\Users\s181813\Documents\GitHub\GhoulsAndGoblins).
[2020.09.07-05.35.22:310][518]CompilerResultsLog: Parsing headers for GhoulsAndGoodiesEditor
[2020.09.07-05.35.22:311][518]CompilerResultsLog:   Running UnrealHeaderTool "C:\Users\s181813\Documents\GitHub\GhoulsAndGoblins\GhoulsAndGoodies\GhoulsAndGoodies.uproject" "C:\Users\s181813\Documents\GitHub\GhoulsAndGoblins\GhoulsAndGoodies\Intermediate\Build\Win64\GhoulsAndGoodiesEditor\Development\GhoulsAndGoodiesEditor.uhtmanifest" -LogCmds="loginit warning, logexit warning, logdatabase error" -Unattended -WarningsAsErrors -installed
[2020.09.07-05.35.22:311][518]CompilerResultsLog: Reflection code generated for GhoulsAndGoodiesEditor in 6.3233909 seconds
[2020.09.07-05.35.22:311][518]CompilerResultsLog: Failed to delete file 'C:\Users\s181813\Documents\GitHub\GhoulsAndGoblins\GhoulsAndGoodies\Binaries\Win64\UE4Editor-GhoulsAndGoodies.pdb'
[2020.09.07-05.35.22:311][518]CompilerResultsLog:     Exception: Access to the path 'C:\Users\s181813\Documents\GitHub\GhoulsAndGoblins\GhoulsAndGoodies\Binaries\Win64\UE4Editor-GhoulsAndGoodies.pdb' is denied.
[2020.09.07-05.35.22:311][518]CompilerResultsLog: Attempting to retry...
[2020.09.07-05.35.22:312][518]CompilerResultsLog: Failed to delete file 'C:\Users\s181813\Documents\GitHub\GhoulsAndGoblins\GhoulsAndGoodies\Binaries\Win64\UE4Editor-GhoulsAndGoodies.pdb'
[2020.09.07-05.35.22:312][518]CompilerResultsLog:     Exception: Access to the path 'C:\Users\s181813\Documents\GitHub\GhoulsAndGoblins\GhoulsAndGoodies\Binaries\Win64\UE4Editor-GhoulsAndGoodies.pdb' is denied.
[2020.09.07-05.35.22:312][518]CompilerResultsLog: Attempting to retry...
[2020.09.07-05.35.22:312][518]CompilerResultsLog: Failed to delete file 'C:\Users\s181813\Documents\GitHub\GhoulsAndGoblins\GhoulsAndGoodies\Binaries\Win64\UE4Editor-GhoulsAndGoodies.pdb'
[2020.09.07-05.35.22:312][518]CompilerResultsLog:     Exception: Access to the path 'C:\Users\s181813\Documents\GitHub\GhoulsAndGoblins\GhoulsAndGoodies\Binaries\Win64\UE4Editor-GhoulsAndGoodies.pdb' is denied.
[2020.09.07-05.35.22:312][518]CompilerResultsLog: ERROR: Exhausted all retries!
[2020.09.07-05.35.22:312][518]CompilerResultsLog: Using Visual Studio 2019 14.24.28314 toolchain (C:\Program Files (x86)\Microsoft Visual Studio\2019\Enterprise\VC\Tools\MSVC\14.24.28314) and Windows 10.0.18362.0 SDK (C:\Program Files (x86)\Windows Kits\10).
[2020.09.07-05.35.22:312][518]CompilerResultsLog: Building 4 actions with 8 processes...
[2020.09.07-05.35.22:312][518]CompilerResultsLog:   [1/4] Tile.cpp
[2020.09.07-05.35.22:312][518]CompilerResultsLog:   [2/4] UE4Editor-GhoulsAndGoodies-7774.lib
[2020.09.07-05.35.22:313][518]CompilerResultsLog:      Creating library C:\Users\s181813\Documents\GitHub\GhoulsAndGoblins\GhoulsAndGoodies\Intermediate\Build\Win64\UE4Editor\Development\GhoulsAndGoodies\UE4Editor-GhoulsAndGoodies-7774.lib and object C:\Users\s181813\Documents\GitHub\GhoulsAndGoblins\GhoulsAndGoodies\Intermediate\Build\Win64\UE4Editor\Development\GhoulsAndGoodies\UE4Editor-GhoulsAndGoodies-7774.exp
[2020.09.07-05.35.22:313][518]CompilerResultsLog:   [3/4] UE4Editor-GhoulsAndGoodies-7774.dll
[2020.09.07-05.35.22:313][518]CompilerResultsLog:      Creating library C:\Users\s181813\Documents\GitHub\GhoulsAndGoblins\GhoulsAndGoodies\Intermediate\Build\Win64\UE4Editor\Development\GhoulsAndGoodies\UE4Editor-GhoulsAndGoodies-7774.suppressed.lib and object C:\Users\s181813\Documents\GitHub\GhoulsAndGoblins\GhoulsAndGoodies\Intermediate\Build\Win64\UE4Editor\Development\GhoulsAndGoodies\UE4Editor-GhoulsAndGoodies-7774.suppressed.exp
[2020.09.07-05.35.22:313][518]CompilerResultsLog:   [4/4] GhoulsAndGoodiesEditor.target
[2020.09.07-05.35.22:313][518]CompilerResultsLog: Total time in Parallel executor: 2.09 seconds
[2020.09.07-05.35.22:313][518]CompilerResultsLog: Total execution time: 11.53 seconds
[2020.09.07-05.35.22:313][518]LogMainFrame: MainFrame: Module compiling took 11.623 seconds
[2020.09.07-05.35.22:333][518]LogUObjectHash: Compacting FUObjectHashTables data took   0.70ms
[2020.09.07-05.35.22:378][518]LogClass: EGNGGameState HotReload.
[2020.09.07-05.35.22:378][518]LogClass: ETileDefenceType HotReload.
[2020.09.07-05.35.22:382][518]LogHotReload: Re-instancing AICharacter after hot-reload.
[2020.09.07-05.35.22:496][518]LogHotReload: Re-instancing Garry after hot-reload.
[2020.09.07-05.35.22:597][518]LogScript: Warning: Script Msg: No world was found for object (/Script/GhoulsAndGoodies.Default__GhoulsAndGoodiesGameMode) passed in to UEngine::GetWorldFromContextObject().
[2020.09.07-05.35.22:602][518]LogContentBrowser: Native class hierarchy updated for 'GhoulsAndGoodies' in 0.0004 seconds. Added 16 classes and 2 folders.
[2020.09.07-05.35.22:605][518]Display: HotReload successful (13 functions remapped  0 scriptstructs remapped)
[2020.09.07-05.35.22:665][518]LogUObjectHash: Compacting FUObjectHashTables data took   1.61ms
[2020.09.07-05.35.22:673][518]LogContentBrowser: Native class hierarchy populated in 0.0084 seconds. Added 2880 classes and 684 folders.
[2020.09.07-05.35.22:678][518]Display: HotReload took 12.0s.
[2020.09.07-05.35.24:871][779]LogTemp: Repeating last play command: Selected Viewport
[2020.09.07-05.35.24:892][779]LogBlueprintUserMessages: Early PlayInEditor Detection: Level '/Game/TopDownCPP/Maps/TopDownExampleMap.TopDownExampleMap:PersistentLevel' has LevelScriptBlueprint '/Game/TopDownCPP/Maps/TopDownExampleMap.TopDownExampleMap:PersistentLevel.TopDownExampleMap' with GeneratedClass '/Game/TopDownCPP/Maps/TopDownExampleMap.TopDownExampleMap_C' with ClassGeneratedBy '/Game/TopDownCPP/Maps/TopDownExampleMap.TopDownExampleMap:PersistentLevel.TopDownExampleMap'
[2020.09.07-05.35.24:892][779]LogPlayLevel: PlayLevel: No blueprints needed recompiling
[2020.09.07-05.35.24:892][779]PIE: New page: PIE session: TopDownExampleMap (8 Sep 2020 1:35:24 am)
[2020.09.07-05.35.24:893][779]LogPlayLevel: Creating play world package: /Game/TopDownCPP/Maps/UEDPIE_0_TopDownExampleMap
[2020.09.07-05.35.24:905][779]LogPlayLevel: PIE: StaticDuplicateObject took: (0.012055s)
[2020.09.07-05.35.24:906][779]LogAIModule: Creating AISystem for world TopDownExampleMap
[2020.09.07-05.35.24:907][779]LogPlayLevel: PIE: World Init took: (0.001764s)
[2020.09.07-05.35.24:907][779]LogPlayLevel: PIE: Created PIE world by copying editor world from /Game/TopDownCPP/Maps/TopDownExampleMap.TopDownExampleMap to /Game/TopDownCPP/Maps/UEDPIE_0_TopDownExampleMap.TopDownExampleMap (0.014239s)
[2020.09.07-05.35.24:938][779]LogUObjectHash: Compacting FUObjectHashTables data took   3.89ms
[2020.09.07-05.35.24:952][779]LogInit: XAudio2 using 'Speakers (Realtek High Definition Audio)' : 2 channels at 48 kHz using 32 bits per sample (channel mask 0x3)
[2020.09.07-05.35.24:973][779]LogInit: FAudioDevice initialized.
[2020.09.07-05.35.24:985][779]LogLoad: Game class is 'GhoulsAndGoodiesGameMode'
[2020.09.07-05.35.24:986][779]LogWorld: Bringing World /Game/TopDownCPP/Maps/UEDPIE_0_TopDownExampleMap.TopDownExampleMap up for play (max tick rate 0) at 2020.09.07-15.35.24
[2020.09.07-05.35.24:987][779]LogWorld: Bringing up level for play took: 0.001076
[2020.09.07-05.35.24:987][779]LogOnline: OSS: Creating online subsystem instance for: :Context_4
[2020.09.07-05.35.24:990][779]LogActor: Warning: GNGPawn /Game/TopDownCPP/Maps/UEDPIE_0_TopDownExampleMap.TopDownExampleMap:PersistentLevel.GNGPawn_0 has natively added scene component(s), but none of them were set as the actor's RootComponent - picking one arbitrarily
[2020.09.07-05.35.25:002][779]PIE: Play in editor start time for /Game/TopDownCPP/Maps/UEDPIE_0_TopDownExampleMap 0.847
[2020.09.07-05.35.25:002][779]LogBlueprintUserMessages: Late PlayInEditor Detection: Level '/Game/TopDownCPP/Maps/TopDownExampleMap.TopDownExampleMap:PersistentLevel' has LevelScriptBlueprint '/Game/TopDownCPP/Maps/TopDownExampleMap.TopDownExampleMap:PersistentLevel.TopDownExampleMap' with GeneratedClass '/Game/TopDownCPP/Maps/TopDownExampleMap.TopDownExampleMap_C' with ClassGeneratedBy '/Game/TopDownCPP/Maps/TopDownExampleMap.TopDownExampleMap:PersistentLevel.TopDownExampleMap'
[2020.09.07-05.35.27:097][  6]LogSlate: FSceneViewport::OnFocusLost() reason 0
[2020.09.07-05.35.32:323][633]LogSlate: FSceneViewport::OnFocusLost() reason 0
[2020.09.07-05.35.39:506][495]LogSlate: FSceneViewport::OnFocusLost() reason 0
[2020.09.07-05.35.39:600][506]LogNet: Browse: /Game/TopDownCPP/Maps/MainMenu
[2020.09.07-05.35.39:600][506]LogLoad: LoadMap: /Game/TopDownCPP/Maps/MainMenu
[2020.09.07-05.35.39:600][506]LogWorld: BeginTearingDown for /Game/TopDownCPP/Maps/UEDPIE_0_TopDownExampleMap
[2020.09.07-05.35.39:601][506]LogWorld: UWorld::CleanupWorld for TopDownExampleMap, bSessionEnded=true, bCleanupResources=true
[2020.09.07-05.35.39:629][506]LogUObjectHash: Compacting FUObjectHashTables data took   2.09ms
[2020.09.07-05.35.39:641][506]LogAIModule: Creating AISystem for world MainMenu
[2020.09.07-05.35.39:642][506]LogLoad: Game class is 'GhoulsAndGoodiesGameMode'
[2020.09.07-05.35.39:643][506]LogWorld: Bringing World /Game/TopDownCPP/Maps/UEDPIE_0_MainMenu.MainMenu up for play (max tick rate 0) at 2020.09.07-15.35.39
[2020.09.07-05.35.39:643][506]LogWorld: Bringing up level for play took: 0.000608
[2020.09.07-05.35.39:644][506]LogGameMode: FindPlayerStart: PATHS NOT DEFINED or NO PLAYERSTART with positive rating
[2020.09.07-05.35.39:644][506]LogActor: Warning: GNGPawn /Game/TopDownCPP/Maps/UEDPIE_0_MainMenu.MainMenu:PersistentLevel.GNGPawn_0 has natively added scene component(s), but none of them were set as the actor's RootComponent - picking one arbitrarily
[2020.09.07-05.35.39:646][506]LogLoad: Took 0.045979 seconds to LoadMap(/Game/TopDownCPP/Maps/MainMenu)
[2020.09.07-05.35.42:569][856]LogNet: Browse: /Game/TopDownCPP/Maps/TopDownExampleMap
[2020.09.07-05.35.42:569][856]LogLoad: LoadMap: /Game/TopDownCPP/Maps/TopDownExampleMap
[2020.09.07-05.35.42:569][856]LogWorld: BeginTearingDown for /Game/TopDownCPP/Maps/UEDPIE_0_MainMenu
[2020.09.07-05.35.42:570][856]LogWorld: UWorld::CleanupWorld for MainMenu, bSessionEnded=true, bCleanupResources=true
[2020.09.07-05.35.42:593][856]LogUObjectHash: Compacting FUObjectHashTables data took   1.62ms
[2020.09.07-05.35.42:594][856]LogPlayLevel: Creating play world package: /Game/TopDownCPP/Maps/UEDPIE_0_TopDownExampleMap
[2020.09.07-05.35.42:606][856]LogPlayLevel: PIE: StaticDuplicateObject took: (0.012492s)
[2020.09.07-05.35.42:608][856]LogAIModule: Creating AISystem for world TopDownExampleMap
[2020.09.07-05.35.42:608][856]LogPlayLevel: PIE: World Init took: (0.001624s)
[2020.09.07-05.35.42:609][856]LogPlayLevel: PIE: Created PIE world by copying editor world from /Game/TopDownCPP/Maps/TopDownExampleMap.TopDownExampleMap to /Game/TopDownCPP/Maps/UEDPIE_0_TopDownExampleMap.TopDownExampleMap (0.014708s)
[2020.09.07-05.35.42:609][856]LogLoad: Game class is 'GhoulsAndGoodiesGameMode'
[2020.09.07-05.35.42:635][856]LogWorld: Bringing World /Game/TopDownCPP/Maps/UEDPIE_0_TopDownExampleMap.TopDownExampleMap up for play (max tick rate 0) at 2020.09.07-15.35.42
[2020.09.07-05.35.42:636][856]LogWorld: Bringing up level for play took: 0.026209
[2020.09.07-05.35.42:637][856]LogActor: Warning: GNGPawn /Game/TopDownCPP/Maps/UEDPIE_0_TopDownExampleMap.TopDownExampleMap:PersistentLevel.GNGPawn_0 has natively added scene component(s), but none of them were set as the actor's RootComponent - picking one arbitrarily
[2020.09.07-05.35.42:654][856]LogLoad: Took 0.085236 seconds to LoadMap(/Game/TopDownCPP/Maps/UEDPIE_0_TopDownExampleMap)
[2020.09.07-05.35.44:008][ 16]LogSlate: FSceneViewport::OnFocusLost() reason 0
