"../../../../../../Users/s181813/Documents/GitHub/GoodiesAndGhouls/GhoulsAndGoodies/Content/StarterContent/Textures/T_MacroVariation.uasset" 0
"../../../../../../Users/s181813/Documents/GitHub/GoodiesAndGhouls/GhoulsAndGoodies/Content/StarterContent/Textures/T_Tech_Hex_Tile_M.uasset" 1
"../../../../../../Users/s181813/Documents/GitHub/GoodiesAndGhouls/GhoulsAndGoodies/Content/StarterContent/Textures/T_Tech_Hex_Tile_N.uasset" 2
"../../../../../../Users/s181813/Documents/GitHub/GoodiesAndGhouls/GhoulsAndGoodies/Content/StarterContent/Materials/M_Tech_Hex_Tile_Pulse.uasset" 3
"../../../../../../Users/s181813/Documents/GitHub/GoodiesAndGhouls/GhoulsAndGoodies/Content/TopDownCPP/AI/EnemyBlackBoard.uasset" 4
"../../../../../../Users/s181813/Documents/GitHub/GoodiesAndGhouls/GhoulsAndGoodies/Content/TopDownCPP/AI/MoveStateCheck.uasset" 5
"../../../../../../Users/s181813/Documents/GitHub/GoodiesAndGhouls/GhoulsAndGoodies/Content/TopDownCPP/AI/EnemyBehTree.uasset" 6
"../../../../../../Users/s181813/Documents/GitHub/GoodiesAndGhouls/GhoulsAndGoodies/Content/TopDownCPP/ASSETS/TEXTURES/BASE/TexA_base.uasset" 7
"../../../../../../Users/s181813/Documents/GitHub/GoodiesAndGhouls/GhoulsAndGoodies/Content/TopDownCPP/ASSETS/TEXTURES/BASE/TexE_base.uasset" 8
"../../../../../../Users/s181813/Documents/GitHub/GoodiesAndGhouls/GhoulsAndGoodies/Content/TopDownCPP/ASSETS/MATERIAL/M_Base.uasset" 9
"../../../../../../Users/s181813/Documents/GitHub/GoodiesAndGhouls/GhoulsAndGoodies/Content/TopDownCPP/ASSETS/SM_BASE.uasset" 10
"../../../../../../Users/s181813/Documents/GitHub/GoodiesAndGhouls/GhoulsAndGoodies/Content/TopDownCPP/ASSETS/ANIMATION/Candy_Base/Candy_Base_Idle_Anim_PhysicsAsset.uasset" 11
"../../../../../../Users/s181813/Documents/GitHub/GoodiesAndGhouls/GhoulsAndGoodies/Content/TopDownCPP/ASSETS/ANIMATION/Candy_Base/Candy_Base_Idle_Anim_Skeleton.uasset" 12
"../../../../../../Users/s181813/Documents/GitHub/GoodiesAndGhouls/GhoulsAndGoodies/Content/TopDownCPP/ASSETS/ANIMATION/Candy_Base/Candy_Base_Idle_Anim.uasset" 13
"../../../../../../Users/s181813/Documents/GitHub/GoodiesAndGhouls/GhoulsAndGoodies/Content/TopDownCPP/ASSETS/TEXTURES/ESQUELETO/Esqueleto_BaseColor.uasset" 14
"../../../../../../Users/s181813/Documents/GitHub/GoodiesAndGhouls/GhoulsAndGoodies/Content/TopDownCPP/ASSETS/TEXTURES/ESQUELETO/Esqueleto_Roughness.uasset" 15
"../../../../../../Users/s181813/Documents/GitHub/GoodiesAndGhouls/GhoulsAndGoodies/Content/TopDownCPP/ASSETS/MATERIAL/M_Esqueleto.uasset" 16
"../../../../../../Users/s181813/Documents/GitHub/GoodiesAndGhouls/GhoulsAndGoodies/Content/TopDownCPP/ASSETS/ANIMATION/Esqueleto/Anim_Esqueleto_PhysicsAsset.uasset" 17
"../../../../../../Users/s181813/Documents/GitHub/GoodiesAndGhouls/GhoulsAndGoodies/Content/TopDownCPP/ASSETS/ANIMATION/Esqueleto/Anim_Esqueleto_Skeleton.uasset" 18
"../../../../../../Users/s181813/Documents/GitHub/GoodiesAndGhouls/GhoulsAndGoodies/Content/TopDownCPP/ASSETS/ANIMATION/Esqueleto/Anim_Esqueleto.uasset" 19
"../../../../../../Users/s181813/Documents/GitHub/GoodiesAndGhouls/GhoulsAndGoodies/Content/TopDownCPP/ASSETS/MATERIAL/BasicMaterials/DarkPurple.uasset" 20
"../../../../../../Users/s181813/Documents/GitHub/GoodiesAndGhouls/GhoulsAndGoodies/Content/TopDownCPP/ASSETS/TEXTURES/GARRY/GARRY_BC.uasset" 21
"../../../../../../Users/s181813/Documents/GitHub/GoodiesAndGhouls/GhoulsAndGoodies/Content/TopDownCPP/ASSETS/TEXTURES/GARRY/GARRY_ORM.uasset" 22
"../../../../../../Users/s181813/Documents/GitHub/GoodiesAndGhouls/GhoulsAndGoodies/Content/TopDownCPP/ASSETS/MATERIAL/M_GARRY_BODY.uasset" 23
"../../../../../../Users/s181813/Documents/GitHub/GoodiesAndGhouls/GhoulsAndGoodies/Content/TopDownCPP/ASSETS/TEXTURES/GARRY/GARRY_BC_HEAD.uasset" 24
"../../../../../../Users/s181813/Documents/GitHub/GoodiesAndGhouls/GhoulsAndGoodies/Content/TopDownCPP/ASSETS/TEXTURES/GARRY/GARRY_MASK_HEAD.uasset" 25
"../../../../../../Users/s181813/Documents/GitHub/GoodiesAndGhouls/GhoulsAndGoodies/Content/TopDownCPP/ASSETS/TEXTURES/GARRY/GARRY_ORM_HEAD.uasset" 26
"../../../../../../Users/s181813/Documents/GitHub/GoodiesAndGhouls/GhoulsAndGoodies/Content/TopDownCPP/ASSETS/MATERIAL/M_GARRY_HEAD.uasset" 27
"../../../../../../Users/s181813/Documents/GitHub/GoodiesAndGhouls/GhoulsAndGoodies/Content/TopDownCPP/ASSETS/ANIMATION/Garry/GARRY_ANIM_IDLE_01_Skeleton.uasset" 28
"../../../../../../Users/s181813/Documents/GitHub/GoodiesAndGhouls/GhoulsAndGoodies/Content/TopDownCPP/ASSETS/ANIMATION/GARRY/GARRY_ANIM_IDLE_02_PhysicsAsset.uasset" 29
"../../../../../../Users/s181813/Documents/GitHub/GoodiesAndGhouls/GhoulsAndGoodies/Content/TopDownCPP/ASSETS/ANIMATION/GARRY/GARRY_ANIM_IDLE_02.uasset" 30
"../../../../../../Users/s181813/Documents/GitHub/GoodiesAndGhouls/GhoulsAndGoodies/Content/TopDownCPP/ASSETS/ANIMATION/Grace/Anim_Grace_Floating_PhysicsAsset.uasset" 31
"../../../../../../Users/s181813/Documents/GitHub/GoodiesAndGhouls/GhoulsAndGoodies/Content/TopDownCPP/ASSETS/ANIMATION/Grace/Anim_Grace_Throwing_Skeleton.uasset" 32
"../../../../../../Users/s181813/Documents/GitHub/GoodiesAndGhouls/GhoulsAndGoodies/Content/TopDownCPP/ASSETS/ANIMATION/Grace/Anim_Grace_Floating.uasset" 33
"../../../../../../Users/s181813/Documents/GitHub/GoodiesAndGhouls/GhoulsAndGoodies/Content/TopDownCPP/ASSETS/TEXTURES/JIMMY/Jimmy_BC.uasset" 34
"../../../../../../Users/s181813/Documents/GitHub/GoodiesAndGhouls/GhoulsAndGoodies/Content/TopDownCPP/ASSETS/TEXTURES/JIMMY/Jimmy_ORM.uasset" 35
"../../../../../../Users/s181813/Documents/GitHub/GoodiesAndGhouls/GhoulsAndGoodies/Content/TopDownCPP/ASSETS/MATERIAL/M_JIMMY.uasset" 36
"../../../../../../Users/s181813/Documents/GitHub/GoodiesAndGhouls/GhoulsAndGoodies/Content/TopDownCPP/ASSETS/ANIMATION/JIMMY/JIMMY_ANIM_IDLE_PhysicsAsset.uasset" 37
"../../../../../../Users/s181813/Documents/GitHub/GoodiesAndGhouls/GhoulsAndGoodies/Content/TopDownCPP/ASSETS/ANIMATION/JIMMY/JIMMY_ANIM_IDLE_Skeleton.uasset" 38
"../../../../../../Users/s181813/Documents/GitHub/GoodiesAndGhouls/GhoulsAndGoodies/Content/TopDownCPP/ASSETS/ANIMATION/JIMMY/JIMMY_ANIM_IDLE.uasset" 39
"../../../../../../Users/s181813/Documents/GitHub/GoodiesAndGhouls/GhoulsAndGoodies/Content/TopDownCPP/ASSETS/ANIMATION/Marvin/Anim_Marvin_Attack_Skeleton.uasset" 40
"../../../../../../Users/s181813/Documents/GitHub/GoodiesAndGhouls/GhoulsAndGoodies/Content/TopDownCPP/ASSETS/ANIMATION/Marvin/Anim_Marvin_Attack_Anim.uasset" 41
"../../../../../../Users/s181813/Documents/GitHub/GoodiesAndGhouls/GhoulsAndGoodies/Content/TopDownCPP/ASSETS/ANIMATION/Marvin/Anim_Marvin_Walk_PhysicsAsset.uasset" 42
"../../../../../../Users/s181813/Documents/GitHub/GoodiesAndGhouls/GhoulsAndGoodies/Content/TopDownCPP/ASSETS/ANIMATION/Marvin/Anim_Marvin_Walk.uasset" 43
"../../../../../../Users/s181813/Documents/GitHub/GoodiesAndGhouls/GhoulsAndGoodies/Content/TopDownCPP/ASSETS/TEXTURES/TIFFANY/TIFFANY_BaseColor.uasset" 44
"../../../../../../Users/s181813/Documents/GitHub/GoodiesAndGhouls/GhoulsAndGoodies/Content/TopDownCPP/ASSETS/TEXTURES/TIFFANY/TIFFANY_Roughness.uasset" 45
"../../../../../../Users/s181813/Documents/GitHub/GoodiesAndGhouls/GhoulsAndGoodies/Content/TopDownCPP/ASSETS/MATERIAL/M_Tiffany.uasset" 46
"../../../../../../Users/s181813/Documents/GitHub/GoodiesAndGhouls/GhoulsAndGoodies/Content/TopDownCPP/ASSETS/ANIMATION/Tiffany/TIFFANY_IDLE_PhysicsAsset.uasset" 47
"../../../../../../Users/s181813/Documents/GitHub/GoodiesAndGhouls/GhoulsAndGoodies/Content/TopDownCPP/ASSETS/ANIMATION/TIFFANY/TIFFANY_IDLE_Skeleton.uasset" 48
"../../../../../../Users/s181813/Documents/GitHub/GoodiesAndGhouls/GhoulsAndGoodies/Content/TopDownCPP/ASSETS/ANIMATION/TIFFANY/TIFFANY_IDLE.uasset" 49
"../../../../../../Users/s181813/Documents/GitHub/GoodiesAndGhouls/GhoulsAndGoodies/Content/TopDownCPP/ASSETS/MATERIAL/BasicMaterials/Blue.uasset" 50
"../../../../../../Users/s181813/Documents/GitHub/GoodiesAndGhouls/GhoulsAndGoodies/Content/TopDownCPP/ASSETS/MATERIAL/BasicMaterials/Brown.uasset" 51
"../../../../../../Users/s181813/Documents/GitHub/GoodiesAndGhouls/GhoulsAndGoodies/Content/TopDownCPP/ASSETS/MATERIAL/BasicMaterials/Green.uasset" 52
"../../../../../../Users/s181813/Documents/GitHub/GoodiesAndGhouls/GhoulsAndGoodies/Content/TopDownCPP/ASSETS/MATERIAL/BasicMaterials/LightBrown.uasset" 53
"../../../../../../Users/s181813/Documents/GitHub/GoodiesAndGhouls/GhoulsAndGoodies/Content/TopDownCPP/ASSETS/MATERIAL/BasicMaterials/Purple.uasset" 54
"../../../../../../Users/s181813/Documents/GitHub/GoodiesAndGhouls/GhoulsAndGoodies/Content/TopDownCPP/ASSETS/MATERIAL/BasicMaterials/Red.uasset" 55
"../../../../../../Users/s181813/Documents/GitHub/GoodiesAndGhouls/GhoulsAndGoodies/Content/TopDownCPP/ASSETS/MATERIAL/BasicMaterials/Yellow.uasset" 56
"../../../../../../Users/s181813/Documents/GitHub/GoodiesAndGhouls/GhoulsAndGoodies/Content/TopDownCPP/ASSETS/ANIMATION/Candy_Base/Candy_Base_Idle_Anim_Anim.uasset" 57
"../../../../../../Users/s181813/Documents/GitHub/GoodiesAndGhouls/GhoulsAndGoodies/Content/TopDownCPP/Blueprints/Base_AnimBP.uasset" 58
"../../../../../../Users/s181813/Documents/GitHub/GoodiesAndGhouls/GhoulsAndGoodies/Content/TopDownCPP/ASSETS/ANIMATION/Esqueleto/Anim_Esqueleto_Exploding_Anim.uasset" 59
"../../../../../../Users/s181813/Documents/GitHub/GoodiesAndGhouls/GhoulsAndGoodies/Content/TopDownCPP/ASSETS/ANIMATION/Esqueleto/Anim_Esqueleto_Anim.uasset" 60
"../../../../../../Users/s181813/Documents/GitHub/GoodiesAndGhouls/GhoulsAndGoodies/Content/TopDownCPP/ASSETS/ANIMATION/Esqueleto/Esqueleto_BlendSpace.uasset" 61
"../../../../../../Users/s181813/Documents/GitHub/GoodiesAndGhouls/GhoulsAndGoodies/Content/TopDownCPP/Blueprints/Esqueleto_AnimBP.uasset" 62
"../../../../../../Users/s181813/Documents/GitHub/GoodiesAndGhouls/GhoulsAndGoodies/Content/TopDownCPP/ASSETS/ANIMATION/GARRY/GARRY_ANIM_IDLE_02_Anim.uasset" 63
"../../../../../../Users/s181813/Documents/GitHub/GoodiesAndGhouls/GhoulsAndGoodies/Content/TopDownCPP/Blueprints/Garry_AnimBP.uasset" 64
"../../../../../../Users/s181813/Documents/GitHub/GoodiesAndGhouls/GhoulsAndGoodies/Content/TopDownCPP/ASSETS/ANIMATION/Grace/Anim_Grace_Floating_Anim.uasset" 65
"../../../../../../Users/s181813/Documents/GitHub/GoodiesAndGhouls/GhoulsAndGoodies/Content/TopDownCPP/ASSETS/ANIMATION/Grace/Anim_Grace_Throwing_Anim.uasset" 66
"../../../../../../Users/s181813/Documents/GitHub/GoodiesAndGhouls/GhoulsAndGoodies/Content/TopDownCPP/Blueprints/Grace_AnimBP.uasset" 67
"../../../../../../Users/s181813/Documents/GitHub/GoodiesAndGhouls/GhoulsAndGoodies/Content/TopDownCPP/ASSETS/ANIMATION/JIMMY/JIMMY_ANIM_IDLE_Anim.uasset" 68
"../../../../../../Users/s181813/Documents/GitHub/GoodiesAndGhouls/GhoulsAndGoodies/Content/TopDownCPP/Blueprints/Jimmy_AnimBP.uasset" 69
"../../../../../../Users/s181813/Documents/GitHub/GoodiesAndGhouls/GhoulsAndGoodies/Content/TopDownCPP/ASSETS/ANIMATION/Marvin/Anim_Marvin_Walk_Anim.uasset" 70
"../../../../../../Users/s181813/Documents/GitHub/GoodiesAndGhouls/GhoulsAndGoodies/Content/TopDownCPP/Blueprints/Marvin_AnimBP.uasset" 71
"../../../Engine/Content/Functions/Engine_MaterialFunctions01/Density/ExponentialDensity.uasset" 72
"../../../Engine/Content/Functions/Engine_MaterialFunctions01/Gradient/RadialGradientExponential.uasset" 73
"../../../../../../Users/s181813/Documents/GitHub/GoodiesAndGhouls/GhoulsAndGoodies/Content/TopDownCPP/Blueprints/M_Cursor_Decal.uasset" 74
"../../../../../../Users/s181813/Documents/GitHub/GoodiesAndGhouls/GhoulsAndGoodies/Content/TopDownCPP/Blueprints/Widgets/LifeBar_WBP.uasset" 75
"../../../Engine/Content/Animation/DefaultAnimCurveCompressionSettings.uasset" 76
"../../../Engine/Content/Functions/Engine_MaterialFunctions01/Opacity/CameraDepthFade.uasset" 77
"../../../Engine/Content/EngineMaterials/T_Default_Material_Grid_M.uasset" 78
"../../../Engine/Content/EngineMaterials/T_Default_Material_Grid_N.uasset" 79
"../../../Engine/Content/EngineMaterials/WorldGridMaterial.uasset" 80
"../../../Engine/Content/ArtTools/RenderToTexture/Meshes/S_1_Unit_Plane.uasset" 81
"../../../Engine/Content/EngineMaterials/DefaultMaterial.uasset" 82
"../../../Engine/Content/BasicShapes/Cone.uasset" 83
"../../../Engine/Content/BasicShapes/Cube.uasset" 84
"../../../Engine/Content/BasicShapes/Cylinder.uasset" 85
"../../../Engine/Content/BasicShapes/Plane.uasset" 86
"../../../Engine/Content/BasicShapes/Sphere.uasset" 87
"../../../Engine/Content/EditorLandscapeResources/DataLayer.uasset" 88
"../../../Engine/Content/EditorMaterials/GizmoMaterial.uasset" 89
"../../../Engine/Content/EditorMaterials/MAT_Groups_Toggle.uasset" 90
"../../../Engine/Content/EditorMaterials/MAT_Groups_Visibility.uasset" 91
"../../../Engine/Content/EditorMaterials/PreviewShadowIndicator.uasset" 92
"../../../Engine/Content/EditorMaterials/PreviewShadowIndicatorMaterial.uasset" 93
"../../../Engine/Content/EditorMaterials/MatineeGroups/MAT_ColorTrack.uasset" 94
"../../../Engine/Content/EditorMaterials/MatineeGroups/MAT_Groups_Anim.uasset" 95
"../../../Engine/Content/EditorMaterials/MatineeGroups/MAT_Groups_AudioMaster.uasset" 96
"../../../Engine/Content/EditorMaterials/MatineeGroups/MAT_Groups_Director.uasset" 97
"../../../Engine/Content/EditorMaterials/MatineeGroups/MAT_Groups_Event.uasset" 98
"../../../Engine/Content/EditorMaterials/MatineeGroups/MAT_Groups_Fade.uasset" 99
"../../../Engine/Content/EditorMaterials/MatineeGroups/MAT_Groups_Float.uasset" 100
"../../../Engine/Content/EditorMaterials/MatineeGroups/MAT_Groups_Move.uasset" 101
"../../../Engine/Content/EditorMaterials/MatineeGroups/MAT_Groups_Slomo.uasset" 102
"../../../Engine/Content/EditorMaterials/MatineeGroups/MAT_Groups_Sound.uasset" 103
"../../../Engine/Content/EditorMaterials/MatineeGroups/MAT_Groups_Vector.uasset" 104
"../../../Engine/Content/EditorMaterials/ParticleSystems/PSysThumbnail_NoImage.uasset" 105
"../../../Engine/Content/EditorMaterials/ParticleSystems/PSysThumbnail_OOD.uasset" 106
"../../../Engine/Content/EditorMaterials/Camera/CineMat.uasset" 107
"../../../Engine/Content/EditorMaterials/Camera/MI_CineMat_Rig.uasset" 108
"../../../Engine/Content/EditorMeshes/Camera/SM_CraneRig_Arm.uasset" 109
"../../../Engine/Content/EditorMeshes/Camera/SM_CraneRig_Base.uasset" 110
"../../../Engine/Content/EditorMeshes/Camera/SM_CraneRig_Body.uasset" 111
"../../../Engine/Content/EditorMeshes/Camera/SM_CraneRig_Mount.uasset" 112
"../../../Engine/Content/EditorMeshes/Camera/SM_RailRig_Mount.uasset" 113
"../../../Engine/Content/EditorMeshes/Camera/SM_RailRig_Track.uasset" 114
"../../../Engine/Content/EditorResources/BSPVertex.uasset" 115
"../../../Engine/Content/EditorResources/EmptyActor.uasset" 116
"../../../Engine/Content/EditorResources/S_Actor.uasset" 117
"../../../Engine/Content/EditorResources/S_Note.uasset" 118
"../../../Engine/Content/EditorResources/S_Solver.uasset" 119
"../../../Engine/Content/EditorResources/S_Trigger.uasset" 120
"../../../Engine/Content/EditorResources/LightIcons/S_LightError.uasset" 121
"../../../Engine/Content/EditorResources/SequenceRecorder/Countdown.uasset" 122
"../../../Engine/Content/EditorResources/SequenceRecorder/RecordingIndicator.uasset" 123
"../../../Engine/Content/EditorSounds/Notifications/CompileFailed.uasset" 124
"../../../Engine/Content/EditorSounds/Notifications/CompileFailed_Cue.uasset" 125
"../../../Engine/Content/EditorSounds/Notifications/CompileSuccess.uasset" 126
"../../../Engine/Content/EditorSounds/Notifications/CompileStart_Cue.uasset" 127
"../../../Engine/Content/EditorSounds/Notifications/CompileSuccess_Cue.uasset" 128
"../../../Engine/Content/EngineDamageTypes/DmgTypeBP_Environmental.uasset" 129
"../../../Engine/Content/EngineDebugMaterials/HeatmapGradient.uasset" 130
"../../../Engine/Content/EngineDebugMaterials/BoneWeightMaterial.uasset" 131
"../../../Engine/Content/EngineDebugMaterials/ClothMaterial.uasset" 132
"../../../Engine/Content/EngineDebugMaterials/ClothMaterial_WF.uasset" 133
"../../../Engine/Content/EngineDebugMaterials/DebugEditorMaterial.uasset" 134
"../../../Engine/Content/EngineDebugMaterials/DebugMeshMaterial.uasset" 135
"../../../Engine/Content/EngineDebugMaterials/GeomMaterial.uasset" 136
"../../../Engine/Content/EngineDebugMaterials/M_SimpleTranslucent.uasset" 137
"../../../Engine/Content/Functions/Engine_MaterialFunctions02/Utility/CameraDirectionVector.uasset" 138
"../../../Engine/Content/EngineDebugMaterials/VolumeToRender.uasset" 139
"../../../Engine/Content/EngineDebugMaterials/M_VolumeRenderSphereTracePP.uasset" 140
"../../../Engine/Content/EngineDebugMaterials/WireframeMaterial.uasset" 141
"../../../Engine/Content/EngineFonts/Faces/RobotoBold.uasset" 142
"../../../Engine/Content/EngineFonts/Faces/RobotoBoldItalic.uasset" 143
"../../../Engine/Content/EngineFonts/Faces/RobotoItalic.uasset" 144
"../../../Engine/Content/EngineFonts/Faces/RobotoLight.uasset" 145
"../../../Engine/Content/EngineFonts/Faces/RobotoRegular.uasset" 146
"../../../Engine/Content/EngineFonts/Roboto.uasset" 147
"../../../Engine/Content/EngineMaterials/BaseFlattenDiffuseMap.uasset" 148
"../../../Engine/Content/EngineMaterials/BaseFlattenEmissiveMap.uasset" 149
"../../../Engine/Content/EngineMaterials/BaseFlattenGrayscaleMap.uasset" 150
"../../../Engine/Content/EngineMaterials/BaseFlattenNormalMap.uasset" 151
"../../../Engine/Content/EngineMaterials/BaseFlattenMaterial.uasset" 152
"../../../Engine/Content/EngineMaterials/BlueNoise.uasset" 153
"../../../Engine/Content/EngineMaterials/DefaultBloomKernel.uasset" 154
"../../../Engine/Content/EngineMaterials/DefaultBokeh.uasset" 155
"../../../Engine/Content/EngineMaterials/DefaultDiffuse.uasset" 156
"../../../Engine/Content/EngineMaterials/DefaultDeferredDecalMaterial.uasset" 157
"../../../Engine/Content/EngineMaterials/DefaultLightFunctionMaterial.uasset" 158
"../../../Engine/Content/EngineMaterials/DefaultPhysicalMaterial.uasset" 159
"../../../Engine/Content/Functions/Engine_MaterialFunctions02/Utility/BreakOutFloat2Components.uasset" 160
"../../../Engine/Content/EngineMaterials/DefaultPostProcessMaterial.uasset" 161
"../../../Engine/Content/EngineFonts/RobotoDistanceField.uasset" 162
"../../../Engine/Content/EngineMaterials/DefaultTextMaterialOpaque.uasset" 163
"../../../Engine/Content/EngineMaterials/DefaultVirtualTextureMaterial.uasset" 164
"../../../Engine/Content/EngineMaterials/DefaultWhiteGrid.uasset" 165
"../../../Engine/Content/EngineMaterials/EditorBrushMaterial.uasset" 166
"../../../Engine/Content/EngineMaterials/DefaultWhiteGrid_Low.uasset" 167
"../../../Engine/Content/EngineMaterials/EmissiveMeshMaterial.uasset" 168
"../../../Engine/Content/EngineMaterials/Good64x64TilingNoiseHighFreq.uasset" 169
"../../../Engine/Content/EngineMaterials/MiniFont.uasset" 170
"../../../Engine/Content/EngineMaterials/InvalidLightmapSettings.uasset" 171
"../../../Engine/Content/EngineMaterials/M_InvalidLightmapSettings.uasset" 172
"../../../Engine/Content/Functions/Engine_MaterialFunctions02/WorldPositionOffset/CameraOffset.uasset" 173
"../../../Engine/Content/EngineMaterials/PhAT_JointLimitMaterial.uasset" 174
"../../../Engine/Content/EngineMaterials/PreintegratedSkinBRDF.uasset" 175
"../../../Engine/Content/EngineMaterials/RemoveSurfaceMaterial.uasset" 176
"../../../Engine/Content/EngineMaterials/WeightMapPlaceholderTexture.uasset" 177
"../../../Engine/Content/EngineResources/WhiteSquareTexture.uasset" 178
"../../../Engine/Content/EngineMaterials/Widget3DPassThrough.uasset" 179
"../../../Engine/Content/EngineMaterials/Widget3DPassThrough_Masked.uasset" 180
"../../../Engine/Content/EngineMaterials/Widget3DPassThrough_Opaque.uasset" 181
"../../../Engine/Content/EngineMaterials/Widget3DPassThrough_Masked_OneSided.uasset" 182
"../../../Engine/Content/EngineMaterials/Widget3DPassThrough_Opaque_OneSided.uasset" 183
"../../../Engine/Content/EngineMaterials/Widget3DPassThrough_Translucent.uasset" 184
"../../../Engine/Content/EngineMaterials/Widget3DPassThrough_Translucent_OneSided.uasset" 185
"../../../Engine/Content/EngineMeshes/Cylinder.uasset" 186
"../../../Engine/Content/EngineMeshes/Sphere.uasset" 187
"../../../Engine/Content/EngineResources/Black.uasset" 188
"../../../Engine/Content/EngineResources/DefaultTexture.uasset" 189
"../../../Engine/Content/EngineResources/DefaultTextureCube.uasset" 190
"../../../Engine/Content/EngineResources/DefaultVolumeTexture2D.uasset" 191
"../../../Engine/Content/EngineResources/DefaultVolumeTexture.uasset" 192
"../../../Engine/Content/EngineResources/GradientTexture0.uasset" 193
"../../../Engine/Content/EngineSounds/Master.uasset" 194
"../../../Engine/Content/Functions/Engine_MaterialFunctions01/Shading/ConvertFromDiffSpec.uasset" 195
"../../../Engine/Content/Functions/Engine_MaterialFunctions01/Shading/PowerToRoughness.uasset" 196
"../../../Engine/Content/Maps/Templates/Thumbnails/Default.uasset" 197
"../../../Engine/Content/Maps/Templates/Thumbnails/VR-Basic.uasset" 198
"../../../Engine/Content/MobileResources/T_MobileControls_texture.uasset" 199
"../../../Engine/Content/MobileResources/T_MobileMenu2.uasset" 200
"../../../Engine/Content/MobileResources/HUD/AnalogHat.uasset" 201
"../../../Engine/Content/MobileResources/HUD/VirtualJoystick_Background.uasset" 202
"../../../Engine/Content/MobileResources/HUD/VirtualJoystick_Thumb.uasset" 203
"../../../Engine/Content/MobileResources/HUD/DefaultVirtualJoysticks.uasset" 204
"../../../Engine/Content/MobileResources/HUD/LeftVirtualJoystickOnly.uasset" 205
"../../../Engine/Content/MobileResources/HUD/MobileHUDButton1_off.uasset" 206
"../../../Engine/Content/MobileResources/HUD/MobileHUDButton1_on.uasset" 207
"../../../Engine/Content/MobileResources/HUD/MobileHUDButton2_off.uasset" 208
"../../../Engine/Content/MobileResources/HUD/MobileHUDButton2_on.uasset" 209
"../../../Engine/Content/MobileResources/HUD/MobileHUDButton3.uasset" 210
"../../../Engine/Content/MobileResources/HUD/MobileHUDButtonFire.uasset" 211
"../../../Engine/Content/MobileResources/HUD/MobileHUDDirectionPad.uasset" 212
"../../../Engine/Content/MobileResources/HUD/MobileHUDDirectionPad2.uasset" 213
"../../../Engine/Content/MobileResources/HUD/MobileHUDDirectionPad3.uasset" 214
"../../../Engine/Content/MobileResources/HUD/MobileHUDDirectionStick.uasset" 215
"../../../Engine/Content/MobileResources/HUD/T_Castle_ThumbstickInner.uasset" 216
"../../../Engine/Content/MobileResources/HUD/T_Castle_ThumbstickOutter.uasset" 217
"../../../Engine/Content/Tutorial/ContentIntroCurve.uasset" 218
"../../../Engine/Content/Tutorial/Basics/LevelEditorAttract.uasset" 219
"../../../Engine/Content/VREditor/LaserPointer/VR_LaserPower_01.uasset" 220
"../../../Engine/Content/VREditor/TransformGizmo/TransformGizmoMaterial.uasset" 221
"../../../Engine/Content/VREditor/TransformGizmo/TranslucentTransformGizmoMaterial.uasset" 222
"../../../Engine/Content/VREditor/TransformGizmo/BoundingBoxCorner.uasset" 223
"../../../Engine/Content/VREditor/TransformGizmo/BoundingBoxEdge.uasset" 224
"../../../Engine/Content/VREditor/TransformGizmo/PlaneTranslationHandle.uasset" 225
"../../../Engine/Content/VREditor/TransformGizmo/Main.uasset" 226
"../../../Engine/Content/VREditor/TransformGizmo/Xray.uasset" 227
"../../../Engine/Content/VREditor/TransformGizmo/SM_Sequencer_Key.uasset" 228
"../../../Engine/Content/VREditor/TransformGizmo/SM_Sequencer_Node.uasset" 229
"../../Plugins/2D/Paper2D/Content/PlaceholderTextures/DummySpriteTexture.uasset" 230
"../../Plugins/2D/Paper2D/Content/DummySprite.uasset" 231
"../../Plugins/2D/Paper2D/Content/DefaultPaperTerrainMaterial.uasset" 232
"../../Plugins/2D/Paper2D/Content/DummySpriteTexture.uasset" 233
"../../Plugins/2D/Paper2D/Content/DefaultSpriteMaterial.uasset" 234
"../../Plugins/2D/Paper2D/Content/MaskedUnlitSpriteMaterial.uasset" 235
"../../Plugins/2D/Paper2D/Content/OpaqueUnlitSpriteMaterial.uasset" 236
"../../Plugins/Runtime/Oculus/OculusVR/Content/OculusMR_RenderTarget.uasset" 237
"../../../Engine/Content/Functions/Engine_MaterialFunctions02/Utility/BreakOutFloat4Components.uasset" 238
"../../../Engine/Content/Functions/Engine_MaterialFunctions02/Utility/MakeFloat2.uasset" 239
"../../../Engine/Content/Functions/Engine_MaterialFunctions02/Utility/MakeFloat3.uasset" 240
"../../Plugins/Runtime/Oculus/OculusVR/Content/Materials/OculusMR_ChromaKey.uasset" 241
"../../Plugins/Runtime/Oculus/OculusVR/Content/Materials/OculusMR_ChromaKey_Lit.uasset" 242
"../../Plugins/Runtime/Oculus/OculusVR/Content/Materials/OculusMR_OpaqueColoredMaterial.uasset" 243
"../../Plugins/Runtime/Oculus/OculusVR/Content/Materials/OculusMR_WhiteMaterial.uasset" 244
"../../../Engine/Content/EditorBlueprintResources/StandardMacros.uasset" 245
"../../../../../../Users/s181813/Documents/GitHub/GoodiesAndGhouls/GhoulsAndGoodies/Content/TopDownCPP/ASSETS/FONTS/helsinki.uasset" 246
"../../../../../../Users/s181813/Documents/GitHub/GoodiesAndGhouls/GhoulsAndGoodies/Content/TopDownCPP/ASSETS/FONTS/helsinki_Font.uasset" 247
"../../../../../../Users/s181813/Documents/GitHub/GoodiesAndGhouls/GhoulsAndGoodies/Content/TopDownCPP/Blueprints/Widgets/Settings_WBP.uasset" 248
"../../../../../../Users/s181813/Documents/GitHub/GoodiesAndGhouls/GhoulsAndGoodies/Content/TopDownCPP/Blueprints/Widgets/MainMenu_WBP.uasset" 249
"../../../../../../Users/s181813/Documents/GitHub/GoodiesAndGhouls/GhoulsAndGoodies/Content/TopDownCPP/Maps/MainMenu.umap" 250
"../../../Engine/Content/EngineSky/C_Sky_Cloud_Color.uasset" 251
"../../../Engine/Content/EngineSky/C_Sky_Horizon_Color.uasset" 252
"../../../Engine/Content/EngineSky/C_Sky_Zenith_Color.uasset" 253
"../../../Engine/Content/EngineSky/T_Sky_Blue.uasset" 254
"../../../Engine/Content/EngineSky/T_Sky_Clouds_M.uasset" 255
"../../../Engine/Content/EngineSky/T_Sky_Stars.uasset" 256
"../../../Engine/Content/EngineSky/M_Sky_Panning_Clouds2.uasset" 257
"../../../../../../Users/s181813/Documents/GitHub/GoodiesAndGhouls/GhoulsAndGoodies/Content/TopDownCPP/ASSETS/TEXTURES/SKYSPHERE/cloud1.uasset" 258
"../../../../../../Users/s181813/Documents/GitHub/GoodiesAndGhouls/GhoulsAndGoodies/Content/TopDownCPP/ASSETS/TEXTURES/SKYSPHERE/cloud2.uasset" 259
"../../../../../../Users/s181813/Documents/GitHub/GoodiesAndGhouls/GhoulsAndGoodies/Content/TopDownCPP/ASSETS/TEXTURES/SKYSPHERE/skybox.uasset" 260
"../../../../../../Users/s181813/Documents/GitHub/GoodiesAndGhouls/GhoulsAndGoodies/Content/TopDownCPP/Blueprints/skySphere/M_Sky_Panning_Clouds2.uasset" 261
"../../../Engine/Content/EngineSky/SM_SkySphere.uasset" 262
"../../../../../../Users/s181813/Documents/GitHub/GoodiesAndGhouls/GhoulsAndGoodies/Content/TopDownCPP/Blueprints/skySphere/BP_Sky_SphereCUSTOM.uasset" 263
"../../../../../../Users/s181813/Documents/GitHub/GoodiesAndGhouls/GhoulsAndGoodies/Content/TopDownCPP/ASSETS/MATERIAL/PP_CelShader.uasset" 264
"../../../../../../Users/s181813/Documents/GitHub/GoodiesAndGhouls/GhoulsAndGoodies/Content/TopDownCPP/ASSETS/TEXTURES/FOLIAGE/TexA_grassBase.uasset" 265
"../../../../../../Users/s181813/Documents/GitHub/GoodiesAndGhouls/GhoulsAndGoodies/Content/TopDownCPP/ASSETS/MATERIAL/M_ground.uasset" 266
"../../../../../../Users/s181813/Documents/GitHub/GoodiesAndGhouls/GhoulsAndGoodies/Content/TopDownCPP/ASSETS/MATERIAL/M_groundRect1.uasset" 267
"../../../../../../Users/s181813/Documents/GitHub/GoodiesAndGhouls/GhoulsAndGoodies/Content/TopDownCPP/ASSETS/MATERIAL/M_groundRect2.uasset" 268
"../../../../../../Users/s181813/Documents/GitHub/GoodiesAndGhouls/GhoulsAndGoodies/Content/Geometry/Meshes/CubeMaterial.uasset" 269
"../../../../../../Users/s181813/Documents/GitHub/GoodiesAndGhouls/GhoulsAndGoodies/Content/Geometry/Meshes/1M_Cube.uasset" 270
"../../../Engine/Content/Functions/Engine_MaterialFunctions01/Gradient/LinearGradient.uasset" 271
"../../../Engine/Content/Functions/Engine_MaterialFunctions01/WorldPositionOffset/SimpleGrassWind.uasset" 272
"../../../../../../Users/s181813/Documents/GitHub/GoodiesAndGhouls/GhoulsAndGoodies/Content/TopDownCPP/ASSETS/TEXTURES/FOLIAGE/TexA_foliage.uasset" 273
"../../../../../../Users/s181813/Documents/GitHub/GoodiesAndGhouls/GhoulsAndGoodies/Content/TopDownCPP/ASSETS/TEXTURES/FOLIAGE/TexO_foliage.uasset" 274
"../../../../../../Users/s181813/Documents/GitHub/GoodiesAndGhouls/GhoulsAndGoodies/Content/TopDownCPP/ASSETS/TEXTURES/FOLIAGE/windLines.uasset" 275
"../../../../../../Users/s181813/Documents/GitHub/GoodiesAndGhouls/GhoulsAndGoodies/Content/TopDownCPP/ASSETS/MATERIAL/MASTER_FOLIAGE.uasset" 276
"../../../../../../Users/s181813/Documents/GitHub/GoodiesAndGhouls/GhoulsAndGoodies/Content/TopDownCPP/ASSETS/MATERIAL/M_largeFoliage_orange.uasset" 277
"../../../../../../Users/s181813/Documents/GitHub/GoodiesAndGhouls/GhoulsAndGoodies/Content/TopDownCPP/ASSETS/FM_fairyFloss.uasset" 278
"../../../../../../Users/s181813/Documents/GitHub/GoodiesAndGhouls/GhoulsAndGoodies/Content/TopDownCPP/ASSETS/MATERIAL/M_noMovement.uasset" 279
"../../../../../../Users/s181813/Documents/GitHub/GoodiesAndGhouls/GhoulsAndGoodies/Content/TopDownCPP/ASSETS/FM_mushroomPurple.uasset" 280
"../../../../../../Users/s181813/Documents/GitHub/GoodiesAndGhouls/GhoulsAndGoodies/Content/TopDownCPP/ASSETS/FM_mushroomRed.uasset" 281
"../../../../../../Users/s181813/Documents/GitHub/GoodiesAndGhouls/GhoulsAndGoodies/Content/TopDownCPP/ASSETS/FM_pineTree_orange.uasset" 282
"../../../../../../Users/s181813/Documents/GitHub/GoodiesAndGhouls/GhoulsAndGoodies/Content/TopDownCPP/ASSETS/MATERIAL/M_largeFoliage_red.uasset" 283
"../../../../../../Users/s181813/Documents/GitHub/GoodiesAndGhouls/GhoulsAndGoodies/Content/TopDownCPP/ASSETS/FM_pineTree_red.uasset" 284
"../../../../../../Users/s181813/Documents/GitHub/GoodiesAndGhouls/GhoulsAndGoodies/Content/TopDownCPP/ASSETS/MATERIAL/M_largeFoliage_yellow.uasset" 285
"../../../../../../Users/s181813/Documents/GitHub/GoodiesAndGhouls/GhoulsAndGoodies/Content/TopDownCPP/ASSETS/FM_pineTree_yellow.uasset" 286
"../../../../../../Users/s181813/Documents/GitHub/GoodiesAndGhouls/GhoulsAndGoodies/Content/TopDownCPP/ASSETS/TEXTURES/FOLIAGE/Floss_Assets_BaseColor.uasset" 287
"../../../../../../Users/s181813/Documents/GitHub/GoodiesAndGhouls/GhoulsAndGoodies/Content/TopDownCPP/ASSETS/TEXTURES/FOLIAGE/Floss_Assets_OcclusionRoughnessMetallic.uasset" 288
"../../../../../../Users/s181813/Documents/GitHub/GoodiesAndGhouls/GhoulsAndGoodies/Content/TopDownCPP/ASSETS/MATERIAL/M_environment2.uasset" 289
"../../../../../../Users/s181813/Documents/GitHub/GoodiesAndGhouls/GhoulsAndGoodies/Content/TopDownCPP/ASSETS/SM_candyApple.uasset" 290
"../../../../../../Users/s181813/Documents/GitHub/GoodiesAndGhouls/GhoulsAndGoodies/Content/TopDownCPP/ASSETS/SM_gravestone.uasset" 291
"../../../../../../Users/s181813/Documents/GitHub/GoodiesAndGhouls/GhoulsAndGoodies/Content/TopDownCPP/ASSETS/MATERIAL/M_groundBig.uasset" 292
"../../../../../../Users/s181813/Documents/GitHub/GoodiesAndGhouls/GhoulsAndGoodies/Content/TopDownCPP/ASSETS/SM_GROUND.uasset" 293
"../../../../../../Users/s181813/Documents/GitHub/GoodiesAndGhouls/GhoulsAndGoodies/Content/TopDownCPP/ASSETS/TEXTURES/UI/Base_Health.uasset" 294
"../../../../../../Users/s181813/Documents/GitHub/GoodiesAndGhouls/GhoulsAndGoodies/Content/TopDownCPP/ASSETS/TEXTURES/UI/Base_Health_Base_Empty.uasset" 295
"../../../../../../Users/s181813/Documents/GitHub/GoodiesAndGhouls/GhoulsAndGoodies/Content/TopDownCPP/ASSETS/TEXTURES/UI/Base_Sprite.uasset" 296
"../../../../../../Users/s181813/Documents/GitHub/GoodiesAndGhouls/GhoulsAndGoodies/Content/TopDownCPP/ASSETS/TEXTURES/UI/Buddy_Sprite.uasset" 297
"../../../../../../Users/s181813/Documents/GitHub/GoodiesAndGhouls/GhoulsAndGoodies/Content/TopDownCPP/ASSETS/TEXTURES/UI/character_panel__1_.uasset" 298
"../../../../../../Users/s181813/Documents/GitHub/GoodiesAndGhouls/GhoulsAndGoodies/Content/TopDownCPP/ASSETS/TEXTURES/UI/Esqueleto_Sprite.uasset" 299
"../../../../../../Users/s181813/Documents/GitHub/GoodiesAndGhouls/GhoulsAndGoodies/Content/TopDownCPP/ASSETS/TEXTURES/UI/Garry_Icon.uasset" 300
"../../../../../../Users/s181813/Documents/GitHub/GoodiesAndGhouls/GhoulsAndGoodies/Content/TopDownCPP/ASSETS/TEXTURES/UI/Grace_Sprite.uasset" 301
"../../../../../../Users/s181813/Documents/GitHub/GoodiesAndGhouls/GhoulsAndGoodies/Content/TopDownCPP/ASSETS/TEXTURES/UI/Jimmy_Icon.uasset" 302
"../../../../../../Users/s181813/Documents/GitHub/GoodiesAndGhouls/GhoulsAndGoodies/Content/TopDownCPP/ASSETS/TEXTURES/UI/Marvin_Sprite.uasset" 303
"../../../../../../Users/s181813/Documents/GitHub/GoodiesAndGhouls/GhoulsAndGoodies/Content/TopDownCPP/ASSETS/TEXTURES/UI/Money_Box.uasset" 304
"../../../../../../Users/s181813/Documents/GitHub/GoodiesAndGhouls/GhoulsAndGoodies/Content/TopDownCPP/ASSETS/TEXTURES/UI/price_tags.uasset" 305
"../../../../../../Users/s181813/Documents/GitHub/GoodiesAndGhouls/GhoulsAndGoodies/Content/TopDownCPP/ASSETS/TEXTURES/UI/Smidge_Icon.uasset" 306
"../../../../../../Users/s181813/Documents/GitHub/GoodiesAndGhouls/GhoulsAndGoodies/Content/TopDownCPP/ASSETS/TEXTURES/UI/Tiffany_Icon.uasset" 307
"../../../../../../Users/s181813/Documents/GitHub/GoodiesAndGhouls/GhoulsAndGoodies/Content/TopDownCPP/ASSETS/TEXTURES/UI/Wave_bar.uasset" 308
"../../../../../../Users/s181813/Documents/GitHub/GoodiesAndGhouls/GhoulsAndGoodies/Content/TopDownCPP/Blueprints/Widgets/GNGHUD_WBP.uasset" 309
"../../../../../../Users/s181813/Documents/GitHub/GoodiesAndGhouls/GhoulsAndGoodies/Content/TopDownCPP/Maps/TopDownExampleMap.umap" 310
"../../../Engine/Content/Maps/Entry_BuiltData.uasset" 311
"../../../Engine/Content/Maps/Entry.umap" 312
